   0.000039726182404
   0.000327854170730
   0.000073235076110
   0.000092984424067
   0.000134811992642
   0.000112822859222
   0.000089856650347
   0.000067083594019
   0.000105606794904
   0.000083139730164
   0.000119497373171
   0.000089496230770
   0.000086961764215
   0.000083330671113
   0.000091162547673
   0.000098810003946
   0.000083296232679
   0.000085515717457
   0.000098597101563
   0.000084999512273
   0.000082475450995
   0.000080334573250
   0.000080143699949
   0.000075341643591
   0.000062187276004
   0.000071714935229
   0.000071542145660
   0.000067891920162
   0.000064477691160
   0.000061103468588
   0.000058781014940
   0.000054202030312
   0.000046880550246
   0.000048368761059
   0.000047887503711
   0.000045400407359
   0.000043018924516
   0.000041427466897
   0.000039479197641
   0.000037183005547
   0.000033971843382
   0.000034467075539
   0.000032833057759
   0.000030635563693
   0.000029478534065
   0.000030613862340
   0.000028079582400
   0.000028059826700
   0.000027881895278
   0.000027305315188
   0.000022136262275
   0.000026326402781
   0.000025351342580
   0.000024612326980
   0.000024164749740
   0.000024912824792
   0.000024380744692
   0.000023833741246
   0.000022477538501
   0.000022066418130
   0.000022113901609
   0.000022531560888
   0.000022359224123
   0.000022138730157
   0.000021583323156
   0.000021186489146
   0.000021236767664
   0.000021419881956
   0.000021300110049
   0.000021584946055
   0.000021894267512
   0.000021954217835
   0.000021513446762
   0.000021350211238
   0.000021466616690
   0.000021630916713
   0.000021672008951
   0.000021646060636
   0.000021819480252
   0.000022032179145
   0.000022213307295
   0.000022310605788
   0.000022408888348
   0.000022672843795
   0.000022723000855
   0.000022823054586
   0.000022969732031
   0.000023198511418
   0.000023064078649
   0.000023152778606
   0.000023274121439
   0.000023787760613
   0.000023787034671
   0.000023901128829
   0.000023992447471
   0.000024091310965
   0.000023797462715
   0.000023910637382
   0.000023982510792
   0.000024076068486
   0.000024175944412
   0.000024361344710
   0.000024410438394
   0.000024508932176
   0.000024631832431
   0.000024734805796
   0.000024786124361
   0.000024921940785
   0.000025101708512
   0.000025275913808
   0.000025429849417
   0.000025649363677
   0.000025960587006
   0.000026219754239
   0.000026451866575
   0.000026905660678
   0.000027468002857
   0.000027802630516
   0.000028273889219
   0.000029336546604
   0.000030177172038
   0.000030483075100
   0.000032036880833
   0.000034272211583
   0.000034302181596
   0.000036004132439
   0.000041155273451
   0.000040957467484
   0.000042171590122
   0.000052325300825
   0.000052073589050
   0.000052098078534
   0.000070925166742
   0.000070417598523
   0.000070300174721
   0.000070441179336
   0.000069639847448
   0.000068705758486
   0.000068617247881
   0.000067783052896
   0.000066590076152
   0.000066921129038
   0.000065987627705
   0.000064818960761
   0.000065167080947
   0.000064296476450
   0.000063247093649
   0.000063914327852
   0.000062851663197
   0.000061719109976
   0.000062214654621
   0.000061027558386
   0.000059782462271
   0.000059706075813
   0.000058353403096
   0.000057056279199
   0.000055668468388
   0.000054359097274
   0.000052952709040
   0.000051548011373
   0.000050126604577
   0.000048673320940
   0.000047206048515
   0.000045743106139
   0.000044243858571
   0.000042759824079
   0.000041286594939
   0.000039780636002
   0.000038315999042
   0.000036861187102
   0.000035385755768
   0.000033983912645
   0.000032581150701
   0.000031216758410
   0.000029906020708
   0.000028606821375
   0.000027339474764
   0.000026101078043
   0.000024881007988
   0.000023683421589
   0.000022539589207
   0.000021366690481
   0.000020277999929
   0.000019253019016
   0.000018259661800
   0.000017338015059
   0.000016431081576
   0.000015538208732
   0.000014662252136
   0.000013812053109
   0.000012989423890
   0.000012189663676
   0.000011428029145
   0.000010690210818
   0.000009981701118
   0.000009312694944
   0.000008664385913
   0.000008053877513
   0.000007476238078
   0.000006930516709
   0.000006415302480
   0.000005929173479
   0.000005472618570
   0.000005043112860
   0.000004639456772
   0.000004262682189
   0.000003910151508
   0.000003585183313
   0.000003278776393
   0.000002995069611
   0.000002739065229
   0.000002501445279
   0.000002285862659
   0.000002085379537
   0.000001898094843
   0.000001722518804
   0.000001558964098
   0.000001407723781
   0.000001268139559
   0.000001139534015
   0.000001021758225
   0.000000913798568
   0.000000816269491
   0.000000725741148
   0.000000647474395
   0.000000578159490
   0.000000513107113
   0.000000457643630
   0.000000404189492
   0.000000355845311
   0.000000312673540
   0.000000274058221
   0.000000239717353
   0.000000209479159
   0.000000182744561
   0.000000159057116
   0.000000138132011
   0.000000119669103
   0.000000103387130
   0.000000089109889
   0.000000076573686
   0.000000065640318
   0.000000056082979
   0.000000047814160
   0.000000040598482
   0.000000034430632
   0.000000029053938
   0.000000024525842
   0.000000020627620
   0.000000017382361
   0.000000014652671
   0.000000012287475
   0.000000010264046
   0.000000008515325
   0.000000007012538
   0.000000005758886
   0.000000004704559
   0.000000003835244
   0.000000003106854
   0.000000002515203
   0.000000002021616
   0.000000001627920
   0.000000001301778
   0.000000001044303
   0.000000000830857
   0.000000000661513
   0.000000000522100
   0.000000000411742
   0.000000000322321
   0.000000000251947
   0.000000000195920
   0.000000000151742
   0.000000000116727
   0.000000000089345
   0.000000000067849
   0.000000000051176
   0.000000000038346
   0.000000000028550
   0.000000000021104
   0.000000000015494
   0.000000000011281
   0.000000000008156
   0.000000000005839
   0.000000000004151
   0.000000000002914
   0.000000000002033
   0.000000000001392
   0.000000000000951
   0.000000000000634
   0.000000000000426
   0.000000000000274
   0.000000000000181
   0.000000000000111
   0.000000000000073
   0.000000000000041
   0.000000000000027
   0.000000000000013
   0.000000000000007
   0.000000000000002
   0.000000000000000
   0.000025556886468
   0.000136843655046
   0.000047335872787
   0.000051245042741
   0.000113789109319
   0.000128305433148
   0.000091822387955
   0.000058859542180
   0.000115188463708
   0.000101105595932
   0.000095664643449
   0.000098153692007
   0.000135424811720
   0.000106110268576
   0.000138792632431
   0.000131660243967
   0.000117968681907
   0.000128794565604
   0.000156869437295
   0.000133746965198
   0.000129827733443
   0.000130207706927
   0.000153782075910
   0.000156388312007
   0.000137402416933
   0.000150923364456
   0.000148761081380
   0.000142499647380
   0.000136103944010
   0.000128604364359
   0.000128437916213
   0.000117037345212
   0.000108661938699
   0.000106078327915
   0.000106732844878
   0.000103817810730
   0.000099897524208
   0.000096886827786
   0.000093924677460
   0.000088988665967
   0.000075380339056
   0.000079244627739
   0.000072466301105
   0.000067705353140
   0.000060942994251
   0.000061436606828
   0.000058880335202
   0.000056640471032
   0.000055271404969
   0.000052847618914
   0.000030528878189
   0.000055486673817
   0.000048147996048
   0.000050421800861
   0.000047662891515
   0.000046506355778
   0.000044686815313
   0.000043827305964
   0.000041696428650
   0.000041163675130
   0.000040049920470
   0.000038506752777
   0.000037991728314
   0.000037310760535
   0.000036238652122
   0.000034769958259
   0.000034397367965
   0.000035537162467
   0.000034939830251
   0.000033282051819
   0.000032982418453
   0.000032461409183
   0.000031670089336
   0.000031813402699
   0.000031747114136
   0.000031977664099
   0.000031924130315
   0.000031827798229
   0.000031956327636
   0.000032584813007
   0.000033321838143
   0.000033383362763
   0.000033217110848
   0.000032667363937
   0.000032825215271
   0.000032995229506
   0.000033175410502
   0.000033288972437
   0.000033380415950
   0.000033615487607
   0.000033820333082
   0.000034112587815
   0.000034209980810
   0.000034406737327
   0.000034589203787
   0.000034781945223
   0.000034893230087
   0.000035272867481
   0.000035392040722
   0.000035610002144
   0.000035810270503
   0.000036641296841
   0.000036655540299
   0.000036875466532
   0.000037113381974
   0.000037161648819
   0.000036914523295
   0.000037185290098
   0.000037482214266
   0.000037736863643
   0.000038067609886
   0.000038445558756
   0.000038852371974
   0.000039188073495
   0.000039565342811
   0.000040164054472
   0.000040738902433
   0.000041122723142
   0.000041819415507
   0.000042891851088
   0.000043474370337
   0.000043929029218
   0.000045301030813
   0.000046623659757
   0.000046754523094
   0.000047979989144
   0.000050458614357
   0.000050427870363
   0.000050927959680
   0.000053954995296
   0.000053808581575
   0.000053991564249
   0.000054399846752
   0.000054140277468
   0.000054202105607
   0.000055011678649
   0.000054691511178
   0.000054357085063
   0.000055858022708
   0.000055531681390
   0.000054969350785
   0.000057526877357
   0.000057247119821
   0.000056499036309
   0.000059828861550
   0.000059227824128
   0.000058454882074
   0.000063579813877
   0.000062945731574
   0.000061979545940
   0.000069837195290
   0.000069195596765
   0.000067990648610
   0.000081467375510
   0.000080909329358
   0.000079343506277
   0.000102986645261
   0.000101074205891
   0.000098789952230
   0.000096581026840
   0.000094301259826
   0.000091935829099
   0.000089525077163
   0.000087111717975
   0.000084610726634
   0.000082067817590
   0.000079552848084
   0.000076880099750
   0.000074354640724
   0.000071796527690
   0.000069003488526
   0.000066631771644
   0.000064082642958
   0.000061716010537
   0.000059564027893
   0.000057248187452
   0.000055086915393
   0.000052854299852
   0.000050693188314
   0.000048536927770
   0.000046448488234
   0.000044388930270
   0.000042388268392
   0.000040433227112
   0.000038540187288
   0.000036706053859
   0.000034930248080
   0.000033213070606
   0.000031534060726
   0.000029929776330
   0.000028366456449
   0.000026841033647
   0.000025412590092
   0.000023981418379
   0.000022586390188
   0.000021369665285
   0.000019910113991
   0.000018829343851
   0.000017507974067
   0.000016317049496
   0.000015195349097
   0.000014128582665
   0.000013116727064
   0.000012160828583
   0.000011254186742
   0.000010418157857
   0.000009612483316
   0.000008868381479
   0.000008146519910
   0.000007492595862
   0.000006896415031
   0.000006336401468
   0.000005834964267
   0.000005360295879
   0.000004908545082
   0.000004482865001
   0.000004085841449
   0.000003716194731
   0.000003371663397
   0.000003052965600
   0.000002759501984
   0.000002488467070
   0.000002240046978
   0.000002012204678
   0.000001804220981
   0.000001615598790
   0.000001443120132
   0.000001286985339
   0.000001145291576
   0.000001015259558
   0.000000899673399
   0.000000793754516
   0.000000700077883
   0.000000617208250
   0.000000543063725
   0.000000476770197
   0.000000417903189
   0.000000365307519
   0.000000318533549
   0.000000277213219
   0.000000240505023
   0.000000208184916
   0.000000179706490
   0.000000154738053
   0.000000132761821
   0.000000113761175
   0.000000096909865
   0.000000082669409
   0.000000069897359
   0.000000059314512
   0.000000050457808
   0.000000042689293
   0.000000036139956
   0.000000030382592
   0.000000025329084
   0.000000021055404
   0.000000017417889
   0.000000014376439
   0.000000011790926
   0.000000009663594
   0.000000007850187
   0.000000006395576
   0.000000005149722
   0.000000004191042
   0.000000003365605
   0.000000002730798
   0.000000002178747
   0.000000001750174
   0.000000001386955
   0.000000001102650
   0.000000000867340
   0.000000000682084
   0.000000000531786
   0.000000000413460
   0.000000000319110
   0.000000000245198
   0.000000000187163
   0.000000000142086
   0.000000000107150
   0.000000000080303
   0.000000000059754
   0.000000000044165
   0.000000000032381
   0.000000000023574
   0.000000000016999
   0.000000000012172
   0.000000000008609
   0.000000000006053
   0.000000000004186
   0.000000000002891
   0.000000000001943
   0.000000000001321
   0.000000000000853
   0.000000000000576
   0.000000000000349
   0.000000000000242
   0.000000000000129
   0.000000000000097
   0.000000000000036
   0.000000000000026
   0.000003725216644
   0.000014454255308
   0.000010852923337
   0.000005920636353
   0.000022626605589
   0.000023680631411
   0.000020554726868
   0.000013154512269
   0.000022426165499
   0.000022098000053
   0.000020384968825
   0.000019226032900
   0.000032735857344
   0.000026151884716
   0.000032171563514
   0.000035377465856
   0.000032949489493
   0.000032529940775
   0.000042617377110
   0.000037096434626
   0.000033430937106
   0.000041863508155
   0.000048449597078
   0.000041949489163
   0.000046890831851
   0.000045782859213
   0.000051572513125
   0.000054502104269
   0.000049623560492
   0.000049188203192
   0.000052633455555
   0.000051438742634
   0.000048926318184
   0.000050524375472
   0.000050417447685
   0.000051548892944
   0.000051681344694
   0.000049729266476
   0.000048776042420
   0.000046511221763
   0.000042471554829
   0.000047840249352
   0.000045301385670
   0.000040527081502
   0.000037522895159
   0.000035607035986
   0.000034646450964
   0.000032652064973
   0.000031576236204
   0.000028963247608
   0.000022389496144
   0.000031150933391
   0.000011389414174
   0.000027610634682
   0.000027282898193
   0.000025414633740
   0.000023988866822
   0.000023777156367
   0.000022817765765
   0.000022510141693
   0.000021219868109
   0.000017624218688
   0.000018194395337
   0.000018301671802
   0.000017478641932
   0.000016636103522
   0.000016452548971
   0.000015836481405
   0.000014795535835
   0.000013887671305
   0.000013614492074
   0.000013210379951
   0.000012841101438
   0.000012701504186
   0.000012506883781
   0.000012720200088
   0.000012555156884
   0.000012033052197
   0.000012235371938
   0.000012328656552
   0.000012442910344
   0.000012382808737
   0.000012325819805
   0.000012241074776
   0.000012289680696
   0.000012320365937
   0.000012344174175
   0.000012274536629
   0.000012390205402
   0.000012650945989
   0.000012669189737
   0.000012783427506
   0.000012631912212
   0.000012679310703
   0.000012755809910
   0.000012839050600
   0.000012919031019
   0.000013007201197
   0.000013072298053
   0.000013162152425
   0.000013239780162
   0.000013408776702
   0.000013472359458
   0.000013578311712
   0.000013677528416
   0.000013762653757
   0.000013850925669
   0.000013953368489
   0.000014060643157
   0.000014168328263
   0.000014481490975
   0.000014604544875
   0.000014720801906
   0.000014852025111
   0.000014908491860
   0.000014932858035
   0.000015077409491
   0.000015227578366
   0.000015428775801
   0.000015681535940
   0.000015801374609
   0.000015943062764
   0.000016175371889
   0.000016350233811
   0.000016437116734
   0.000016611949376
   0.000016814727438
   0.000016889888133
   0.000017002784919
   0.000017083297338
   0.000017127001201
   0.000017273221938
   0.000017422330524
   0.000017430341172
   0.000017581634653
   0.000017867626609
   0.000017866335399
   0.000018014502738
   0.000018537396583
   0.000018516559793
   0.000018615773975
   0.000019486281745
   0.000019411275698
   0.000019420685400
   0.000020701933647
   0.000020580729697
   0.000020511873497
   0.000022323109132
   0.000022172798302
   0.000021985867676
   0.000024184250971
   0.000024005939546
   0.000023600574192
   0.000025313504164
   0.000025040077315
   0.000024498542333
   0.000024059991590
   0.000023621856875
   0.000022958715654
   0.000022461306283
   0.000021974334621
   0.000021462380610
   0.000020947163330
   0.000020428414701
   0.000019881016629
   0.000019333070257
   0.000018788899644
   0.000018229949940
   0.000017686525156
   0.000017140627261
   0.000016598219083
   0.000016070273858
   0.000015543170713
   0.000015020692123
   0.000014508933127
   0.000014002686580
   0.000013492408113
   0.000012988740014
   0.000012496712847
   0.000012020114755
   0.000011555051547
   0.000011098960383
   0.000010656204977
   0.000010234672196
   0.000009834090411
   0.000009445509649
   0.000009083904025
   0.000008745077259
   0.000008423087795
   0.000008156608997
   0.000007896949416
   0.000007665343194
   0.000007546323487
   0.000007360914585
   0.000007294919129
   0.000007415936381
   0.000007207430097
   0.000007604554942
   0.000007962285493
   0.000007456425447
   0.000009466579709
   0.000008862960824
   0.000008263296486
   0.000007712525858
   0.000007198629798
   0.000006760572162
   0.000006267176979
   0.000005818322395
   0.000005402576635
   0.000005031214006
   0.000004645264002
   0.000004289392782
   0.000003965514313
   0.000003662386017
   0.000003362503189
   0.000003087727216
   0.000002835832123
   0.000002596256103
   0.000002369521635
   0.000002162484178
   0.000001970262863
   0.000001789394871
   0.000001622762576
   0.000001469929461
   0.000001327657141
   0.000001196701277
   0.000001076981549
   0.000000966493343
   0.000000865919024
   0.000000772377455
   0.000000690402199
   0.000000610771545
   0.000000544476374
   0.000000485221612
   0.000000430543581
   0.000000381407116
   0.000000337587558
   0.000000297580992
   0.000000261898926
   0.000000230140907
   0.000000201472692
   0.000000176098084
   0.000000153542617
   0.000000133474997
   0.000000115755879
   0.000000100167995
   0.000000086360462
   0.000000074351664
   0.000000063771795
   0.000000054583522
   0.000000046608382
   0.000000039650355
   0.000000033657990
   0.000000028463015
   0.000000023987337
   0.000000020153096
   0.000000016857337
   0.000000014063725
   0.000000011663896
   0.000000009661328
   0.000000007928136
   0.000000006525800
   0.000000005279110
   0.000000004347991
   0.000000003510077
   0.000000002898544
   0.000000002327144
   0.000000001901110
   0.000000001518214
   0.000000001226069
   0.000000000973354
   0.000000000776850
   0.000000000612396
   0.000000000483065
   0.000000000377595
   0.000000000294395
   0.000000000227852
   0.000000000175551
   0.000000000134356
   0.000000000102241
   0.000000000077279
   0.000000000058033
   0.000000000043265
   0.000000000032028
   0.000000000023515
   0.000000000017138
   0.000000000012368
   0.000000000008860
   0.000000000006268
   0.000000000004408
   0.000000000003045
   0.000000000002103
   0.000000000001407
   0.000000000000959
   0.000000000000608
   0.000000000000418
   0.000000000000234
   0.000000000000190
   0.000000000000076
   0.000000000000092
