   0.000039771979230
   0.000328413589100
   0.000073242932302
   0.000093496250156
   0.000135441350043
   0.000112902019603
   0.000089854290623
   0.000067657826770
   0.000106081836920
   0.000083121903694
   0.000119860935716
   0.000090355514308
   0.000087460925509
   0.000082595241162
   0.000091616699249
   0.000100774062610
   0.000082347222254
   0.000086172779584
   0.000098785115176
   0.000085329123413
   0.000082754046723
   0.000080615260333
   0.000080540735663
   0.000080664775377
   0.000057553660075
   0.000072276406690
   0.000071629198753
   0.000068070817369
   0.000064874394819
   0.000061566047631
   0.000059082688914
   0.000054387867319
   0.000047174591796
   0.000048353626884
   0.000048029040824
   0.000045561779002
   0.000043256862070
   0.000041566508061
   0.000039440012728
   0.000037089413286
   0.000033820825344
   0.000034364760032
   0.000033257900487
   0.000030565621638
   0.000030053807558
   0.000029474311202
   0.000028026192914
   0.000027738251944
   0.000027762254487
   0.000027197196891
   0.000022787958780
   0.000025395569016
   0.000025196549652
   0.000024449882787
   0.000024128722185
   0.000024763941283
   0.000024197117618
   0.000023492889773
   0.000022375317652
   0.000021845809915
   0.000022047796434
   0.000022316447465
   0.000022149011184
   0.000021943412167
   0.000021303472789
   0.000020976779926
   0.000021000561632
   0.000021122988877
   0.000021010562686
   0.000021485934621
   0.000021680967906
   0.000021661624079
   0.000021079131028
   0.000021083609660
   0.000021223752649
   0.000021359896701
   0.000021361089811
   0.000021369796639
   0.000021551990280
   0.000021791897388
   0.000021945261803
   0.000022052525263
   0.000022197497544
   0.000022424590094
   0.000022464360147
   0.000022594535935
   0.000022763090195
   0.000022947907199
   0.000022810091081
   0.000022945724415
   0.000023138297757
   0.000023628383262
   0.000023574502552
   0.000023699817549
   0.000023797423143
   0.000023795649580
   0.000023574494213
   0.000023706873124
   0.000023790616349
   0.000023883532900
   0.000024016569907
   0.000024154575981
   0.000024227430918
   0.000024330808087
   0.000024455439719
   0.000024532530126
   0.000024621304220
   0.000024758039723
   0.000024937271651
   0.000025118774731
   0.000025273862583
   0.000025487533302
   0.000025801685369
   0.000026069963469
   0.000026298381752
   0.000026742414013
   0.000027315634285
   0.000027656105095
   0.000028110933348
   0.000029165896887
   0.000030036342579
   0.000030320364967
   0.000031831792910
   0.000034125735138
   0.000034161629963
   0.000035762055263
   0.000040977356232
   0.000040837169253
   0.000041901690411
   0.000052068743005
   0.000051955895182
   0.000051884660323
   0.000070522950110
   0.000070280127034
   0.000069993414226
   0.000070061915072
   0.000069200866173
   0.000068244843772
   0.000068283199518
   0.000067364321716
   0.000066098245609
   0.000066628708772
   0.000065540831569
   0.000064278183177
   0.000064867025550
   0.000064050692385
   0.000062970309775
   0.000063641368765
   0.000062643608277
   0.000061479726682
   0.000061992924415
   0.000060859348599
   0.000059622681416
   0.000059553604231
   0.000058230519334
   0.000056918630339
   0.000055582643461
   0.000054261255838
   0.000052870654510
   0.000051473521476
   0.000050060969022
   0.000048613282687
   0.000047156639991
   0.000045699327370
   0.000044208849503
   0.000042730752844
   0.000041264642675
   0.000039765010519
   0.000038306205928
   0.000036858040649
   0.000035387655854
   0.000033991653767
   0.000032593785119
   0.000031233773120
   0.000029928902387
   0.000028633028918
   0.000027370551073
   0.000026135953091
   0.000024919808491
   0.000023726547197
   0.000022584361814
   0.000021415729558
   0.000020329899949
   0.000019309528268
   0.000018315791627
   0.000017396922608
   0.000016491048588
   0.000015593229994
   0.000014717708727
   0.000013865907884
   0.000013034332454
   0.000012239963798
   0.000011468185292
   0.000010725511677
   0.000010022536617
   0.000009339014977
   0.000008694866788
   0.000008083255878
   0.000007504900751
   0.000006957710636
   0.000006440703819
   0.000005953069768
   0.000005495014919
   0.000005063808823
   0.000004658424180
   0.000004280245694
   0.000003926292329
   0.000003600119891
   0.000003292100900
   0.000003007447000
   0.000002750679526
   0.000002512062279
   0.000002295651254
   0.000002094244978
   0.000001905903921
   0.000001729406838
   0.000001565023097
   0.000001413076888
   0.000001272771030
   0.000001143670016
   0.000001025155130
   0.000000917103653
   0.000000818613184
   0.000000728278396
   0.000000649773639
   0.000000580056085
   0.000000514913197
   0.000000459055397
   0.000000405291363
   0.000000356781348
   0.000000313448320
   0.000000274708603
   0.000000240272695
   0.000000209950032
   0.000000183130312
   0.000000159374920
   0.000000138386860
   0.000000119875552
   0.000000103545981
   0.000000089235682
   0.000000076664705
   0.000000065711144
   0.000000056127913
   0.000000047850843
   0.000000040613477
   0.000000034446131
   0.000000029052599
   0.000000024531061
   0.000000020625364
   0.000000017386085
   0.000000014658680
   0.000000012281970
   0.000000010260924
   0.000000008503047
   0.000000007001642
   0.000000005747301
   0.000000004694802
   0.000000003825070
   0.000000003098883
   0.000000002506959
   0.000000002015638
   0.000000001621915
   0.000000001297591
   0.000000001040099
   0.000000000827704
   0.000000000658469
   0.000000000519697
   0.000000000409613
   0.000000000320586
   0.000000000250536
   0.000000000194761
   0.000000000150769
   0.000000000115919
   0.000000000088686
   0.000000000067294
   0.000000000050730
   0.000000000037990
   0.000000000028270
   0.000000000020883
   0.000000000015323
   0.000000000011149
   0.000000000008055
   0.000000000005762
   0.000000000004094
   0.000000000002870
   0.000000000002002
   0.000000000001369
   0.000000000000935
   0.000000000000622
   0.000000000000418
   0.000000000000268
   0.000000000000178
   0.000000000000108
   0.000000000000071
   0.000000000000040
   0.000000000000026
   0.000000000000012
   0.000000000000007
   0.000000000000002
   0.000000000000000
   0.000025578182525
   0.000137150804808
   0.000047217963317
   0.000051646080156
   0.000116178004190
   0.000126667628037
   0.000091933626880
   0.000059120389490
   0.000115881840441
   0.000100829203854
   0.000095706878214
   0.000099320971813
   0.000135462302632
   0.000105755292286
   0.000139303395928
   0.000132855959134
   0.000117712829711
   0.000129548663504
   0.000157963944253
   0.000133875914930
   0.000130673610986
   0.000130497670061
   0.000153689173102
   0.000158220580411
   0.000136535097161
   0.000151648117006
   0.000148907174935
   0.000142952955006
   0.000137225419412
   0.000129642131502
   0.000129580459418
   0.000117154365907
   0.000109066716827
   0.000106944044452
   0.000107055015779
   0.000104062164949
   0.000100428778789
   0.000097667515863
   0.000094414896556
   0.000089370991879
   0.000076162488789
   0.000079011791007
   0.000073424174585
   0.000066806542111
   0.000063760788001
   0.000059273583117
   0.000058739059131
   0.000056185174234
   0.000055171327025
   0.000052965213084
   0.000031331711715
   0.000055420760431
   0.000047793169935
   0.000050366003577
   0.000047354610502
   0.000046437079654
   0.000044529256984
   0.000043667777842
   0.000042039000443
   0.000040714770889
   0.000039824384897
   0.000038232008388
   0.000037678923467
   0.000037040740616
   0.000035898918529
   0.000034464073172
   0.000034076843281
   0.000035198284462
   0.000034336753813
   0.000032984169082
   0.000032610808655
   0.000031840448183
   0.000031114109068
   0.000031368944731
   0.000031319966013
   0.000031518018229
   0.000031388234512
   0.000031264463811
   0.000031439877426
   0.000032300816483
   0.000032845560488
   0.000032917945942
   0.000032567217779
   0.000032232913454
   0.000032389471589
   0.000032580782230
   0.000032761796589
   0.000032870356403
   0.000032994183242
   0.000033225105786
   0.000033449015348
   0.000033708635190
   0.000033873095979
   0.000034078798965
   0.000034255310796
   0.000034429577349
   0.000034601706567
   0.000034887156106
   0.000035008503234
   0.000035208263917
   0.000035621480602
   0.000036169470852
   0.000036255733296
   0.000036477034123
   0.000036716227088
   0.000036542444487
   0.000036532712156
   0.000036805279719
   0.000037099144149
   0.000037373336760
   0.000037700265237
   0.000038067265669
   0.000038483172637
   0.000038825593969
   0.000039200387754
   0.000039794572470
   0.000040384447754
   0.000040780181748
   0.000041501023844
   0.000042529068230
   0.000043139729236
   0.000043565376933
   0.000044933715252
   0.000046299720211
   0.000046415539870
   0.000047610757879
   0.000050132132823
   0.000050118610590
   0.000050583083397
   0.000053612207537
   0.000053524264172
   0.000053675684320
   0.000054108805082
   0.000053885436464
   0.000053888410134
   0.000054776990232
   0.000054357734206
   0.000054005470135
   0.000055690881312
   0.000055211065425
   0.000054651923630
   0.000057464175098
   0.000056942987724
   0.000056088307078
   0.000059484930619
   0.000058983577792
   0.000058064404673
   0.000063193239128
   0.000062691707340
   0.000061480040185
   0.000069363850447
   0.000068930851377
   0.000067786502322
   0.000081054597674
   0.000080627665182
   0.000079103979510
   0.000102616118427
   0.000100683338967
   0.000098443846577
   0.000096271167374
   0.000094006821658
   0.000091661243003
   0.000089278601133
   0.000086877587976
   0.000084399546391
   0.000081875703964
   0.000079381761708
   0.000076729873809
   0.000074218151989
   0.000071684406452
   0.000068905112879
   0.000066552803029
   0.000064023041932
   0.000061667238087
   0.000059533647856
   0.000057226663920
   0.000055080303503
   0.000052865564765
   0.000050720727918
   0.000048581188475
   0.000046509876214
   0.000044464386417
   0.000042479951170
   0.000040543888883
   0.000038660455083
   0.000036842636924
   0.000035088721854
   0.000033363755310
   0.000031718633190
   0.000030105890345
   0.000028533367421
   0.000027055277500
   0.000025574816630
   0.000024120159546
   0.000022861277679
   0.000021327157331
   0.000020209066563
   0.000018807661710
   0.000017567934154
   0.000016374515731
   0.000015248365392
   0.000014180571122
   0.000013163375731
   0.000012204135619
   0.000011294631881
   0.000010456181703
   0.000009646539016
   0.000008900670302
   0.000008175154774
   0.000007520635658
   0.000006922528251
   0.000006360848403
   0.000005858216950
   0.000005381139937
   0.000004926861727
   0.000004499225436
   0.000004100580331
   0.000003729217511
   0.000003383129328
   0.000003063250501
   0.000002768456263
   0.000002496496452
   0.000002246912061
   0.000002018339421
   0.000001809634006
   0.000001620232633
   0.000001447160684
   0.000001290464800
   0.000001148089321
   0.000001017766483
   0.000000901625628
   0.000000795487483
   0.000000701570384
   0.000000618482566
   0.000000544107356
   0.000000477648621
   0.000000418607987
   0.000000365883849
   0.000000318985694
   0.000000277572008
   0.000000240770689
   0.000000208392973
   0.000000179841223
   0.000000154847109
   0.000000132805231
   0.000000113808570
   0.000000096890299
   0.000000082689009
   0.000000069838366
   0.000000059315382
   0.000000050470916
   0.000000042662443
   0.000000036146519
   0.000000030341404
   0.000000025293239
   0.000000021016024
   0.000000017384342
   0.000000014340164
   0.000000011762885
   0.000000009631638
   0.000000007828772
   0.000000006369132
   0.000000005135515
   0.000000004172868
   0.000000003355744
   0.000000002717712
   0.000000002170554
   0.000000001740986
   0.000000001380540
   0.000000001096299
   0.000000000862545
   0.000000000677713
   0.000000000528331
   0.000000000410486
   0.000000000316714
   0.000000000243217
   0.000000000185568
   0.000000000140798
   0.000000000106120
   0.000000000079487
   0.000000000059109
   0.000000000043662
   0.000000000031989
   0.000000000023274
   0.000000000016768
   0.000000000011999
   0.000000000008479
   0.000000000005957
   0.000000000004114
   0.000000000002840
   0.000000000001906
   0.000000000001295
   0.000000000000835
   0.000000000000564
   0.000000000000341
   0.000000000000237
   0.000000000000126
   0.000000000000095
   0.000000000000035
   0.000000000000025
   0.000003727455854
   0.000014497309642
   0.000010832019499
   0.000006009636573
   0.000022900562791
   0.000023532338746
   0.000020683258101
   0.000013032324542
   0.000022656991311
   0.000021931841804
   0.000020282011476
   0.000019661003405
   0.000032892955734
   0.000026015199380
   0.000032205468400
   0.000035572356934
   0.000032969059680
   0.000032666444071
   0.000043245617994
   0.000037027004091
   0.000033559990030
   0.000041821470737
   0.000048570233233
   0.000042128803003
   0.000046872905601
   0.000046159375639
   0.000051895392573
   0.000054902188442
   0.000049909314991
   0.000049350063253
   0.000052728850371
   0.000051469335492
   0.000049129882771
   0.000050800771504
   0.000050652119113
   0.000051946540772
   0.000051941958022
   0.000049917897324
   0.000048965730237
   0.000046861765841
   0.000043034996723
   0.000048118257600
   0.000045494798246
   0.000040705973095
   0.000038252764739
   0.000035420286664
   0.000034996099329
   0.000032846254118
   0.000031458886025
   0.000029115286916
   0.000022822284408
   0.000031137399208
   0.000011202452238
   0.000027783768282
   0.000027307523077
   0.000025394391430
   0.000024073024828
   0.000023943596056
   0.000022926271346
   0.000022545206521
   0.000021114043877
   0.000017572376437
   0.000018029573627
   0.000018249507242
   0.000017396263067
   0.000016658189723
   0.000016337676994
   0.000015628841023
   0.000014640729552
   0.000013745643901
   0.000013447479370
   0.000012999680401
   0.000012637693603
   0.000012500963592
   0.000012294358711
   0.000012582515627
   0.000012378048815
   0.000011760532365
   0.000012013638149
   0.000012119005095
   0.000012209880168
   0.000012154860322
   0.000012072999484
   0.000012025629575
   0.000012062444832
   0.000012091489100
   0.000012108791503
   0.000012075434654
   0.000012255110040
   0.000012433901368
   0.000012453699492
   0.000012471235582
   0.000012428472805
   0.000012495076340
   0.000012567633448
   0.000012648362210
   0.000012718344888
   0.000012830618994
   0.000012894784529
   0.000012975672779
   0.000013098878731
   0.000013202445053
   0.000013281402235
   0.000013370331929
   0.000013473825806
   0.000013534788707
   0.000013644193586
   0.000013750804146
   0.000013858069197
   0.000014004215136
   0.000014287662678
   0.000014391118619
   0.000014520405404
   0.000014637047713
   0.000014640192065
   0.000014722779256
   0.000014877486691
   0.000015017709939
   0.000015239509163
   0.000015476541443
   0.000015607597866
   0.000015739764202
   0.000015990397979
   0.000016172260623
   0.000016257287597
   0.000016435837450
   0.000016646566644
   0.000016723919295
   0.000016840741990
   0.000016925741348
   0.000016976141984
   0.000017125150045
   0.000017284567004
   0.000017297057463
   0.000017451699344
   0.000017762484387
   0.000017735569252
   0.000017874466718
   0.000018436127682
   0.000018376304032
   0.000018456459281
   0.000019360523147
   0.000019270716459
   0.000019269332471
   0.000020538412241
   0.000020454950356
   0.000020399339921
   0.000022152181330
   0.000022023455684
   0.000021960276792
   0.000024018346560
   0.000023848731731
   0.000023485759989
   0.000025177512236
   0.000024867898086
   0.000024389384381
   0.000023968089929
   0.000023430449683
   0.000022859912575
   0.000022388649408
   0.000021905239805
   0.000021401459978
   0.000020892888492
   0.000020376326792
   0.000019835471221
   0.000019292586897
   0.000018755577450
   0.000018202351798
   0.000017662646972
   0.000017124163440
   0.000016586636518
   0.000016065339846
   0.000015545316545
   0.000015028445208
   0.000014527022745
   0.000014024986672
   0.000013521046584
   0.000013026560970
   0.000012542679941
   0.000012077002751
   0.000011622198755
   0.000011174182416
   0.000010745954560
   0.000010339272610
   0.000009948228114
   0.000009584107241
   0.000009239386104
   0.000008910595360
   0.000008641596601
   0.000008378682828
   0.000008144326062
   0.000008025797491
   0.000007838377888
   0.000007776936432
   0.000007913244272
   0.000007696520248
   0.000008130274659
   0.000008507418074
   0.000007992843412
   0.000010117598231
   0.000009494224648
   0.000008893699455
   0.000008282286397
   0.000007733645929
   0.000007222084150
   0.000006782915181
   0.000006283293672
   0.000005835761184
   0.000005420967517
   0.000005048321688
   0.000004659042178
   0.000004303804214
   0.000003980160633
   0.000003674924630
   0.000003373230730
   0.000003098245877
   0.000002845560132
   0.000002604525847
   0.000002376989090
   0.000002169510000
   0.000001976404417
   0.000001794753411
   0.000001627646897
   0.000001474316740
   0.000001331405229
   0.000001199983034
   0.000001079805836
   0.000000968912092
   0.000000867824278
   0.000000774250993
   0.000000691564997
   0.000000612116007
   0.000000545621055
   0.000000486165620
   0.000000431308487
   0.000000382057006
   0.000000338111437
   0.000000298013629
   0.000000262243781
   0.000000230417937
   0.000000201683594
   0.000000176262381
   0.000000153657303
   0.000000133561806
   0.000000115805008
   0.000000100204112
   0.000000086365681
   0.000000074356210
   0.000000063755749
   0.000000054565368
   0.000000046587286
   0.000000039618190
   0.000000033631473
   0.000000028427412
   0.000000023956171
   0.000000020118366
   0.000000016827072
   0.000000014030664
   0.000000011637977
   0.000000009629979
   0.000000007908772
   0.000000006495855
   0.000000005266853
   0.000000004326997
   0.000000003503141
   0.000000002883478
   0.000000002320457
   0.000000001890649
   0.000000001512354
   0.000000001218886
   0.000000000968601
   0.000000000771950
   0.000000000608781
   0.000000000479737
   0.000000000374983
   0.000000000292151
   0.000000000226047
   0.000000000174059
   0.000000000133151
   0.000000000101268
   0.000000000076501
   0.000000000057416
   0.000000000042777
   0.000000000031647
   0.000000000023219
   0.000000000016910
   0.000000000012194
   0.000000000008729
   0.000000000006169
   0.000000000004335
   0.000000000002991
   0.000000000002064
   0.000000000001379
   0.000000000000939
   0.000000000000594
   0.000000000000408
   0.000000000000228
   0.000000000000185
   0.000000000000074
   0.000000000000090
