                   R	                   W	                   T	                   K	                   L	                   E	                   U
   0.063061849964508	   1.170592388706345	   0.010357332191365	   4.623603751091869	   0.864128822930808	   0.092730887089963	   0.045275981312375	
   0.063063425134314	   1.170583960644642	   0.010357332386097	   4.622034789160421	   0.863847563351390	   0.092982835907994	   0.045276499865152	
   0.063051147688453	   1.170649656502933	   0.010357332580829	   4.622026053229152	   0.863711275414132	   0.093100343901563	   0.045280625205538	
   0.063039844296541	   1.170710149314827	   0.010357332775562	   4.622121437458694	   0.863605131758392	   0.093189430064896	   0.045283933716348	
   0.063030466197827	   1.170760345050278	   0.010357332970294	   4.622188989972064	   0.863514904092388	   0.093265398078570	   0.045286065628874	
   0.063022382862543	   1.170803615436727	   0.010357333165026	   4.622243663866952	   0.863436471063129	   0.093332638002420	   0.045287188936283	
   0.063015068116934	   1.170842775364160	   0.010357333359758	   4.622304374188115	   0.863367595221847	   0.093393278177641	   0.045287562999332	
   0.063008191740219	   1.170879591775681	   0.010357333554491	   4.622380641994964	   0.863306432737890	   0.093448682379212	   0.045287425277436	
   0.063001539903901	   1.170915209048679	   0.010357333749223	   4.622477215407994	   0.863251524515606	   0.093499777059376	   0.045286957070599	
   0.062994989667527	   1.170950285245775	   0.010357333943955	   4.622595246972834	   0.863201736589768	   0.093547196014995	   0.045286302682454	
   0.062988471053402	   1.170985195005146	   0.010357334138687	   4.622733976904543	   0.863156158708635	   0.093591442446997	   0.045285559889993	
   0.062981951562308	   1.171020112352875	   0.010357334333419	   4.622891569630797	   0.863114090817591	   0.093632899484409	   0.045284796818761	
   0.062975416220560	   1.171055117497139	   0.010357334528152	   4.623066036793725	   0.863074996635064	   0.093671871958907	   0.045284061671469	
   0.062968864394595	   1.171090213853454	   0.010357334722884	   4.623255227792943	   0.863038466964956	   0.093708600920497	   0.045283385612990	
   0.062962300245956	   1.171125379149236	   0.010357334917616	   4.623457185112389	   0.863004181366416	   0.093743288541410	   0.045282787256419	
   0.062955729069096	   1.171160585034534	   0.010357335112348	   4.623670265618510	   0.862971890621536	   0.093776099197392	   0.045282278102398	
   0.062949157416334	   1.171195796409942	   0.010357335307081	   4.623893013883703	   0.862941394442658	   0.093807175414493	   0.045281862333711	
   0.062942592735434	   1.171230973365869	   0.010357335501813	   4.624124122756103	   0.862912530127849	   0.093836639337624	   0.045281540884059	
   0.062936038240421	   1.171266098668798	   0.010357335696545	   4.624362686716177	   0.862885163574410	   0.093864597210102	   0.045281312542200	
   0.062929499724984	   1.171301141253450	   0.010357335891277	   4.624607770870986	   0.862859183551718	   0.093891142192581	   0.045281174065251	
   0.062922982963835	   1.171336070145973	   0.010357336086009	   4.624858516886309	   0.862834492969420	   0.093916358790008	   0.045281121639641	
   0.062916489520693	   1.171370876935434	   0.010357336280742	   4.625114402838357	   0.862811011369255	   0.093940319346535	   0.045281151031013	
   0.062910025792157	   1.171405527299369	   0.010357336475474	   4.625374676904854	   0.862788668453026	   0.093963090147150	   0.045281257673467	
   0.062903595571538	   1.171440000861446	   0.010357336670206	   4.625638762437808	   0.862767398097028	   0.093984734047311	   0.045281436447944	
   0.062897200500219	   1.171474288777166	   0.010357336864938	   4.625906285174498	   0.862747148360655	   0.094005305851220	   0.045281680519473	
   0.062890844255330	   1.171508371283174	   0.010357337059671	   4.626176772472279	   0.862727871313784	   0.094024850139792	   0.045281989350479	
   0.062884529376567	   1.171542234709746	   0.010357337254403	   4.626449813074997	   0.862709518031220	   0.094043416027733	   0.045282358341112	
   0.062878257742503	   1.171575868928779	   0.010357337449135	   4.626725079925023	   0.862692048064681	   0.094061046564231	   0.045282783151953	
   0.062872031049882	   1.171609264784576	   0.010357337643867	   4.627002283695044	   0.862675426029410	   0.094077779206539	   0.045283260020426	
   0.062865850906066	   1.171642413598366	   0.010357337838600	   4.627281128295405	   0.862659614320425	   0.094093653323281	   0.045283785688619	
   0.062859753116096	   1.171675123239490	   0.010357338033332	   4.627559867028035	   0.862644680118625	   0.094108687609672	   0.045284264386330	
   0.062853696498099	   1.171707614537947	   0.010357338228064	   4.627839967255648	   0.862630445216367	   0.094122933498863	   0.045284829481833	
   0.062847690095718	   1.171739838921971	   0.010357338422796	   4.628120816057891	   0.862616894583515	   0.094136425050351	   0.045285464989072	
   0.062841738018628	   1.171771774279184	   0.010357338617528	   4.628402175241153	   0.862604028942051	   0.094149186215794	   0.045286145538854	
   0.062835843831779	   1.171803401414091	   0.010357338812261	   4.628683716055351	   0.862591826181467	   0.094161246619076	   0.045286860082611	
   0.062830010072771	   1.171834706639304	   0.010357339006993	   4.628965167535299	   0.862580263710637	   0.094172631993372	   0.045287604950612	
   0.062824238132007	   1.171865682420871	   0.010357339201725	   4.629246323815880	   0.862569318499574	   0.094183367190296	   0.045288377727067	
   0.062818530711514	   1.171896314183672	   0.010357339396457	   4.629526902639459	   0.862558967691849	   0.094193477389328	   0.045289175793597	
   0.062812888149478	   1.171926600037300	   0.010357339591190	   4.629806759976697	   0.862549188262486	   0.094202986873513	   0.045289996179437	
   0.062807314964159	   1.171956515653159	   0.010357339785922	   4.630085519194536	   0.862539959736129	   0.094211918901596	   0.045290837016730	
   0.062801811106812	   1.171986061213962	   0.010357339980654	   4.630363081663827	   0.862531263328488	   0.094220294381548	   0.045291696227244	
   0.062796377522006	   1.172015231570637	   0.010357340175386	   4.630639302117439	   0.862523082474570	   0.094228132576261	   0.045292571483951	
   0.062791016501624	   1.172044014339856	   0.010357340370118	   4.630913929621026	   0.862515395724351	   0.094235454157797	   0.045293461446697	
   0.062785729696245	   1.172072400579422	   0.010357340564851	   4.631186751399166	   0.862508181711139	   0.094242282746700	   0.045294363768383	
   0.062780516916593	   1.172100391225489	   0.010357340759583	   4.631457687585049	   0.862501423637015	   0.094248636849367	   0.045295276276943	
   0.062775381046171	   1.172127970714314	   0.010357340954315	   4.631726473692710	   0.862495104056253	   0.094254535146997	   0.045296197981534	
   0.062770322585768	   1.172155136275620	   0.010357341149047	   4.631992990516646	   0.862489206435751	   0.094259996167477	   0.045297127100406	
   0.062765341737835	   1.172181886741969	   0.010357341343780	   4.632257131576089	   0.862483713341602	   0.094265037624258	   0.045298062139696	
   0.062760439892306	   1.172208214568691	   0.010357341538512	   4.632518727155391	   0.862478608606294	   0.094269677933929	   0.045299001519651	
   0.062755618552130	   1.172234111603444	   0.010357341733244	   4.632777610502663	   0.862473877862852	   0.094273932838971	   0.045299943666252	
   0.062750877647124	   1.172259578143785	   0.010357341927976	   4.633033696384742	   0.862469504656846	   0.094277819078042	   0.045300887589254	
   0.062746217361286	   1.172284613123173	   0.010357342122708	   4.633286901145219	   0.862465475619472	   0.094281351896747	   0.045301832054085	
   0.062741638343384	   1.172309212979198	   0.010357342317441	   4.633537104772020	   0.862461775719301	   0.094284547581205	   0.045302775553230	
   0.062737141452431	   1.172333373020381	   0.010357342512173	   4.633784176361414	   0.862458390209770	   0.094287421349962	   0.045303717262902	
   0.062732726030020	   1.172357096708725	   0.010357342706905	   4.634028068985427	   0.862455303316563	   0.094289989267092	   0.045304656083106	
   0.062728391377229	   1.172380387726101	   0.010357342901637	   4.634268782168141	   0.862452507463685	   0.094292262138189	   0.045305591139529	
   0.062724138239171	   1.172403241996789	   0.010357343096370	   4.634506164101316	   0.862449982765895	   0.094294259476379	   0.045306521795868	
   0.062719966045381	   1.172425662515387	   0.010357343291102	   4.634740283566088	   0.862447735944060	   0.094295979269124	   0.045307447059764	
   0.062715962451520	   1.172447178132358	   0.010357343485834	   4.634983428194537	   0.862449016152633	   0.094294398431352	   0.045308366354721	
   0.062712034359884	   1.172468289060702	   0.010357343680566	   4.635220518467534	   0.862449995193142	   0.094292989989844	   0.045309335908217	
   0.062708185396171	   1.172488975752422	   0.010357343875298	   4.635450703950679	   0.862450554906640	   0.094291945663357	   0.045310307613617	
   0.062704420547266	   1.172509211340544	   0.010357344070031	   4.635674550281474	   0.862450855568050	   0.094291138914391	   0.045311262140482	
   0.062700741969472	   1.172528984169450	   0.010357344264763	   4.635892637487364	   0.862451029022029	   0.094290446519905	   0.045312196064286	
   0.062697150568752	   1.172548289304032	   0.010357344459495	   4.636105424727670	   0.862451170872300	   0.094289775985292	   0.045313110223338	
   0.062693645311429	   1.172567132236843	   0.010357344654227	   4.636313276709108	   0.862451337828676	   0.094289072826541	   0.045314007108939	
   0.062690227623972	   1.172585505237276	   0.010357344848960	   4.636516302552098	   0.862451566061418	   0.094288302971135	   0.045314887914403	
   0.062686893539118	   1.172603429572711	   0.010357345043692	   4.636714877788078	   0.862451882043668	   0.094287443810940	   0.045315753465806	
   0.062683643433965	   1.172620903158506	   0.010357345238424	   4.636909057995355	   0.862452300436344	   0.094286483734112	   0.045316604313559	
   0.062680476319370	   1.172637931256907	   0.010357345433156	   4.637098931069566	   0.862452826898187	   0.094285418369764	   0.045317440765923	
   0.062677389821382	   1.172654526578355	   0.010357345627889	   4.637284654425923	   0.862453464797610	   0.094284245674986	   0.045318263129683	
   0.062674384104864	   1.172670688185285	   0.010357345822621	   4.637466191802880	   0.862454209361799	   0.094282970661341	   0.045319071152441	
   0.062671457963392	   1.172686422515098	   0.010357346017353	   4.637643623102385	   0.862455062354033	   0.094281592974005	   0.045319864797142	
   0.062668609593173	   1.172701739219802	   0.010357346212085	   4.637817032145209	   0.862456019696607	   0.094280117084697	   0.045320643759429	
   0.062665839971414	   1.172716632998844	   0.010357346406817	   4.637986324349614	   0.862457074680841	   0.094278549600941	   0.045321408128592	
   0.062663148150275	   1.172731108904737	   0.010357346601550	   4.638151540420419	   0.862458224605500	   0.094276894106533	   0.045322157608511	
   0.062660531656999	   1.172745180192982	   0.010357346796282	   4.638312796650247	   0.862459464065472	   0.094275155615438	   0.045322892239325	
   0.062657990429879	   1.172758847154972	   0.010357346991014	   4.638470069477761	   0.862460788132083	   0.094273339723525	   0.045323611974478	
   0.062655523774057	   1.172772113488604	   0.010357347185746	   4.638623370674676	   0.862462191486939	   0.094271451634284	   0.045324316792098	
   0.062653130496981	   1.172784985570254	   0.010357347380479	   4.638772737925752	   0.862463668156983	   0.094269497259188	   0.045325006556745	
   0.062650810040611	   1.172797466365348	   0.010357347575211	   4.638918193227230	   0.862465216218676	   0.094267479072814	   0.045325681335380	
   0.062648560010895	   1.172809568716366	   0.010357347769943	   4.639059848164757	   0.862466830226897	   0.094265403643763	   0.045326341070061	
   0.062646381887133	   1.172821284633624	   0.010357347964675	   4.639197577104989	   0.862468503187174	   0.094263276722414	   0.045326985665214	
   0.062644271925141	   1.172832634225356	   0.010357348159407	   4.639331586693252	   0.862470232482258	   0.094261101730128	   0.045327615269350	
   0.062642230358749	   1.172843616204176	   0.010357348354140	   4.639461825851773	   0.862472011285132	   0.094258884791570	   0.045328229840353	
   0.062640255498309	   1.172854239630677	   0.010357348548872	   4.639588377355189	   0.862473836513577	   0.094256629400348	   0.045328829318070	
   0.062638348010112	   1.172864500893442	   0.010357348743604	   4.639711181098837	   0.862475704408168	   0.094254340117362	   0.045329413964944	
   0.062636505179988	   1.172874414567359	   0.010357348938336	   4.639830361829675	   0.862477608422388	   0.094252022289576	   0.045329983605871	
   0.062634726021712	   1.172883985933602	   0.010357349133069	   4.639945966207020	   0.862479546475982	   0.094249679168886	   0.045330538475869	
   0.062633009018127	   1.172893223131023	   0.010357349327801	   4.640058066501865	   0.862481515410682	   0.094247313625295	   0.045331078775855	
   0.062631354048975	   1.172902126784661	   0.010357349522533	   4.640166645455730	   0.862483510773119	   0.094244929594268	   0.045331604747197	
   0.062629759775621	   1.172910704075433	   0.010357349717265	   4.640271768846334	   0.862485530152328	   0.094242530363090	   0.045332116210586	
   0.062628223972683	   1.172918966956496	   0.010357349911997	   4.640373541927581	   0.862487568725192	   0.094240120147888	   0.045332613474026	
   0.062626746088760	   1.172926918376094	   0.010357350106730	   4.640471975798659	   0.862489622560141	   0.094237702966702	   0.045333096430383	
   0.062625325149536	   1.172934563558853	   0.010357350301462	   4.640567119842904	   0.862491690190489	   0.094235280598190	   0.045333565565583	
   0.062623964133653	   1.172941886461524	   0.010357350496194	   4.640658866704137	   0.862493784458413	   0.094232848159121	   0.045334018918688	
   0.062622656719428	   1.172948921081783	   0.010357350690926	   4.640747507900763	   0.862495890126353	   0.094230412901680	   0.045334459185429	
   0.062621402480964	   1.172955669696854	   0.010357350885659	   4.640833029321575	   0.862497999942965	   0.094227979705082	   0.045334886676511	
   0.062620199422089	   1.172962143033949	   0.010357351080391	   4.640915518785466	   0.862500108340271	   0.094225554128886	   0.045335301511761	
   0.062619047524706	   1.172968341177800	   0.010357351275123	   4.640994974737834	   0.862502214877025	   0.094223137234052	   0.045335703441071	
   0.062617945794894	   1.172974269464488	   0.010357351469855	   4.641071440822246	   0.862504316784910	   0.094220732433283	   0.045336092463035	
   0.062616891559967	   1.172979942264368	   0.010357351664587	   4.641145073542785	   0.862506413815655	   0.094218340547642	   0.045336468588952	
   0.062615885745026	   1.172985354589117	   0.010357351859320	   4.641215807434953	   0.862508504009808	   0.094215963235191	   0.045336832425614	
   0.062614924852190	   1.172990525251267	   0.010357352054052	   4.641283837659660	   0.862510585227151	   0.094213603463205	   0.045337183709571	
   0.062614009591393	   1.172995450421660	   0.010357352248784	   4.641349106161904	   0.862512654515830	   0.094211263485243	   0.045337522740886	
   0.062613137917678	   1.173000141096125	   0.010357352443516	   4.641411724538467	   0.862514710169978	   0.094208944149595	   0.045337849847654	
   0.062612308954416	   1.173004601984275	   0.010357352638249	   4.641471737973882	   0.862516750980798	   0.094206647968068	   0.045338165097703	
   0.062611521530440	   1.173008839381302	   0.010357352832981	   4.641529212499208	   0.862518776373919	   0.094204374832305	   0.045338469040136	
   0.062610774066560	   1.173012861778753	   0.010357353027713	   4.641584221023735	   0.862520782566079	   0.094202128018779	   0.045338761637565	
   0.062610066786544	   1.173016667966290	   0.010357353222445	   4.641636756287111	   0.862522770691916	   0.094199906975739	   0.045339043258843	
   0.062609396438129	   1.173020275440149	   0.010357353417177	   4.641686992057624	   0.862524737316289	   0.094197714452540	   0.045339313911503	
   0.062608762135016	   1.173023688964917	   0.010357353611910	   4.641734978008448	   0.862526681947760	   0.094195551242474	   0.045339574030470	
   0.062608164096761	   1.173026907354317	   0.010357353806642	   4.641780698730510	   0.862528604155368	   0.094193417824514	   0.045339823785020	
   0.062607601235529	   1.173029936458226	   0.010357354001374	   4.641824213116964	   0.862530502943090	   0.094191314790525	   0.045340063508214	
   0.062607071140296	   1.173032789247905	   0.010357354196106	   4.641865660615464	   0.862532377737052	   0.094189242770481	   0.045340293151678	
   0.062606573453798	   1.173035467642472	   0.010357354390839	   4.641905057686460	   0.862534227683550	   0.094187202711094	   0.045340513119030	
   0.062606107621250	   1.173037974624313	   0.010357354585571	   4.641942422073708	   0.862536049995187	   0.094185197416855	   0.045340723574551	
   0.062605671951705	   1.173040319290662	   0.010357354780303	   4.641977857747597	   0.862537845416543	   0.094183225149774	   0.045340924819485	
   0.062605265363697	   1.173042507459045	   0.010357354975035	   4.642011423241558	   0.862539612947542	   0.094181287354829	   0.045341117048560	
   0.062604886990702	   1.173044543790506	   0.010357355169768	   4.642043164106155	   0.862541351537346	   0.094179384446212	   0.045341300498473	
   0.062604537224968	   1.173046426171826	   0.010357355364500	   4.642073068899751	   0.862543063381411	   0.094177515318678	   0.045341475426215	
   0.062604214030754	   1.173048165557039	   0.010357355559232	   4.642101241288553	   0.862544745373107	   0.094175681606696	   0.045341642096222	
   0.062603914669014	   1.173049776685620	   0.010357355753964	   4.642127834184778	   0.862546395823719	   0.094173885025928	   0.045341800529206	
   0.062603640559792	   1.173051251913550	   0.010357355948696	   4.642152775399710	   0.862548016936779	   0.094172124094121	   0.045341951088357	
   0.062603389179270	   1.173052604822409	   0.010357356143429	   4.642176214640153	   0.862549608792110	   0.094170398414342	   0.045342094058459	
   0.062603161196855	   1.173053831808310	   0.010357356338161	   4.642198100854975	   0.862551169268256	   0.094168709491022	   0.045342229654778	
   0.062602954848081	   1.173054942366427	   0.010357356532893	   4.642218544950537	   0.862552699581387	   0.094167056204274	   0.045342358098378	
   0.062602770251104	   1.173055935859936	   0.010357356727625	   4.642237527722923	   0.862554197466734	   0.094165440346779	   0.045342479530153	
   0.062602605554847	   1.173056822250465	   0.010357356922358	   4.642255163120689	   0.862555663752310	   0.094163861300887	   0.045342594184882	
   0.062602459727266	   1.173057607091787	   0.010357357117090	   4.642271519857465	   0.862557099863959	   0.094162317865728	   0.045342702258242	
   0.062602333258741	   1.173058287744112	   0.010357357311822	   4.642286566683039	   0.862558505389014	   0.094160810312271	   0.045342803972948	
   0.062602224871996	   1.173058871081244	   0.010357357506554	   4.642300372296647	   0.862559879054043	   0.094159339164315	   0.045342899507309	
   0.062602133053932	   1.173059365246295	   0.010357357701286	   4.642313027653141	   0.862561221127936	   0.094157904337265	   0.045342989026369	
   0.062602057486026	   1.173059771953242	   0.010357357896019	   4.642324550915421	   0.862562531485954	   0.094156504966118	   0.045343072795919	
   0.062601997259220	   1.173060096094408	   0.010357358090751	   4.642334985749156	   0.862563808249870	   0.094155142877387	   0.045343150964421	
   0.062601952762701	   1.173060335574985	   0.010357358285483	   4.642344329603434	   0.862565055225501	   0.094153815836508	   0.045343223788093	
   0.062601921552208	   1.173060503549909	   0.010357358480215	   4.642352713733207	   0.862566269932068	   0.094152525217697	   0.045343291281642	
   0.062601903667234	   1.173060599806534	   0.010357358674948	   4.642360142357849	   0.862567453588654	   0.094151269646141	   0.045343353692537	
   0.062601898842123	   1.173060625774585	   0.010357358869680	   4.642366631528278	   0.862568606257994	   0.094150048675427	   0.045343411354952	
   0.062601906469157	   1.173060584724809	   0.010357359064412	   4.642372228408278	   0.862569730023246	   0.094148861320988	   0.045343464359419	
   0.062601926515389	   1.173060476834534	   0.010357359259144	   4.642376929452332	   0.862570823863937	   0.094147707396303	   0.045343512888143	
   0.062601956296108	   1.173060316553003	   0.010357359453876	   4.642380884999294	   0.862571886200743	   0.094146587673212	   0.045343557055784	
   0.062601997355275	   1.173060095570629	   0.010357359648609	   4.642384011796013	   0.862572918537947	   0.094145501499374	   0.045343597024928	
   0.062602048181550	   1.173059822021579	   0.010357359843341	   4.642386404392281	   0.862573921829070	   0.094144447776501	   0.045343632972092	
   0.062602107824665	   1.173059501020308	   0.010357360038073	   4.642388130724445	   0.862574898250584	   0.094143425189273	   0.045343665046384	
   0.062602175688938	   1.173059135772884	   0.010357360232805	   4.642389210868661	   0.862575844984262	   0.094142434939849	   0.045343693530233	
   0.062602252536471	   1.173058722177787	   0.010357360427538	   4.642389607726492	   0.862576763514733	   0.094141475544862	   0.045343718472640	
   0.062602337081601	   1.173058267154599	   0.010357360622270	   4.642389395621191	   0.862577653517947	   0.094140547466172	   0.045343740042838	
   0.062602428890423	   1.173057773038724	   0.010357360817002	   4.642388602516564	   0.862578515419489	   0.094139650366691	   0.045343758457164	
   0.062602527182333	   1.173057244031503	   0.010357361011734	   4.642387283567424	   0.862579350885822	   0.094138782833114	   0.045343773676582	
   0.062602631662237	   1.173056681721250	   0.010357361206466	   4.642385452016395	   0.862580159133181	   0.094137944899729	   0.045343785950491	
   0.062602742669627	   1.173056084280969	   0.010357361401199	   4.642383095103046	   0.862580941522303	   0.094137135475036	   0.045343795298001	
   0.062602859429925	   1.173055455879547	   0.010357361595931	   4.642380250503980	   0.862581696538317	   0.094136355589547	   0.045343801867901	
   0.062602981348747	   1.173054799716086	   0.010357361790663	   4.642376958838434	   0.862582425193966	   0.094135604012014	   0.045343805785930	
   0.062603106663427	   1.173054125277271	   0.010357361985395	   4.642373327568110	   0.862583128078806	   0.094134880144587	   0.045343807102085	
   0.062603236480191	   1.173053426609563	   0.010357362180128	   4.642369293636947	   0.862583805637081	   0.094134183481935	   0.045343806109355	
   0.062603369589639	   1.173052710221978	   0.010357362374860	   4.642364931375214	   0.862584458384453	   0.094133513969308	   0.045343802846262	
   0.062603507066550	   1.173051970330246	   0.010357362569592	   4.642360184778378	   0.862585087729622	   0.094132870043783	   0.045343797718012	
   0.062603647521340	   1.173051214413086	   0.010357362764324	   4.642355128024326	   0.862585692179219	   0.094132252343328	   0.045343790674615	
   0.062603790585184	   1.173050444455581	   0.010357362959057	   4.642349782283473	   0.862586271611972	   0.094131661121623	   0.045343781473449	
   0.062603935757529	   1.173049663151715	   0.010357363153789	   4.642344186226530	   0.862586827710310	   0.094131095028144	   0.045343770356223	
   0.062604082852175	   1.173048871503657	   0.010357363348521	   4.642338346025873	   0.862587359573846	   0.094130554991405	   0.045343757367813	
   0.062604231118615	   1.173048073550597	   0.010357363543253	   4.642332304105253	   0.862587866834724	   0.094130040149745	   0.045343742650033	
   0.062604379403907	   1.173047275497530	   0.010357363737985	   4.642326131651838	   0.862588350045557	   0.094129550369908	   0.045343726268696	
   0.062604528184417	   1.173046474780739	   0.010357363932718	   4.642319797237865	   0.862588808603399	   0.094129086022284	   0.045343708257997	
   0.062604679067609	   1.173045662749130	   0.010357364127450	   4.642313204552919	   0.862589242283462	   0.094128646921257	   0.045343688911065	
   0.062604829287214	   1.173044854290348	   0.010357364322182	   4.642306521486226	   0.862589651871412	   0.094128232566774	   0.045343668062930	
   0.062604978324428	   1.173044052196482	   0.010357364516914	   4.642299761374630	   0.862590034142079	   0.094127845316350	   0.045343645953841	
   0.062605126392710	   1.173043255318703	   0.010357364711647	   4.642292909756978	   0.862590388754908	   0.094127485810160	   0.045343622407067	
   0.062605272917519	   1.173042466749045	   0.010357364906379	   4.642285990633284	   0.862590713853377	   0.094127155429586	   0.045343597279282	
   0.062605418159556	   1.173041685084415	   0.010357365101111	   4.642278991583290	   0.862591009995525	   0.094126853472187	   0.045343570806186	
   0.062605559573735	   1.173040924021874	   0.010357365295843	   4.642272045459461	   0.862591273888837	   0.094126582436874	   0.045343542987003	
   0.062605696216081	   1.173040188641545	   0.010357365490575	   4.642265180810541	   0.862591500461144	   0.094126346209541	   0.045343513511213	
   0.062605828594722	   1.173039476208636	   0.010357365685308	   4.642258359645049	   0.862591688239157	   0.094126146405429	   0.045343482674386	
   0.062605955149112	   1.173038795121560	   0.010357365880040	   4.642251643370751	   0.862591831478407	   0.094125987663804	   0.045343450093822	
   0.062606075783390	   1.173038145896049	   0.010357366074772	   4.642245019181691	   0.862591926745871	   0.094125873254010	   0.045343415610565	
   0.062606187765631	   1.173037543234442	   0.010357366269504	   4.642238614008093	   0.862591967595353	   0.094125808364157	   0.045343379271868	
   0.062606289837694	   1.173036993907511	   0.010357366464237	   4.642232452298071	   0.862591944739427	   0.094125800599443	   0.045343340733283	
   0.062606378417459	   1.173036517193001	   0.010357366658969	   4.642226692243276	   0.862591848194948	   0.094125858420693	   0.045343299592074	
   0.062606452261863	   1.173036119780479	   0.010357366853701	   4.642221331373988	   0.862591663838761	   0.094125993885401	   0.045343255734970	
   0.062606508963809	   1.173035814624017	   0.010357367048433	   4.642216447740614	   0.862591379713437	   0.094126218211963	   0.045343208268372	
   0.062606544183045	   1.173035625081381	   0.010357367243165	   4.642212187500961	   0.862590975266026	   0.094126548511291	   0.045343156669029	
   0.062606554464247	   1.173035569747929	   0.010357367437898	   4.642208665629658	   0.862590433877226	   0.094127000341901	   0.045343100274587	
   0.062606532490078	   1.173035688003395	   0.010357367632630	   4.642206159610831	   0.862589726669906	   0.094127599245131	   0.045343038217441	
   0.062606472174963	   1.173036012598734	   0.010357367827362	   4.642204875289517	   0.862588824995747	   0.094128370288003	   0.045342969485873	
   0.062606361506931	   1.173036608179474	   0.010357368022094	   4.642205228238900	   0.862587674028557	   0.094129356900981	   0.045342894641250	
   0.062606194044552	   1.173037509412795	   0.010357368216827	   4.642207438303497	   0.862586243808299	   0.094130593568736	   0.045342810430560	
   0.062605956295282	   1.173038788914106	   0.010357368411559	   4.642212047969030	   0.862584486812918	   0.094132127418454	   0.045342714342950	
   0.062605631332523	   1.173040537781882	   0.010357368606291	   4.642219750057884	   0.862582345702173	   0.094134013374402	   0.045342604743779	
   0.062605200794785	   1.173042854839779	   0.010357368801023	   4.642231234783194	   0.862579746872889	   0.094136322592691	   0.045342480120419	
   0.062604638102343	   1.173045883144893	   0.010357368995755	   4.642247637505728	   0.862576609086075	   0.094139138367128	   0.045342338357681	
   0.062603914621519	   1.173049776815707	   0.010357369190488	   4.642270073694684	   0.862572824815059	   0.094142570933367	   0.045342177369839	
   0.062602996078604	   1.173054720335504	   0.010357369385220	   4.642299909626455	   0.862568271116056	   0.094146751057526	   0.045341995204906	
   0.062601837485335	   1.173060955869242	   0.010357369579952	   4.642338815774279	   0.862562763753335	   0.094151867972816	   0.045341792443661	
   0.062600296286272	   1.173069250726145	   0.010357369774684	   4.642376057195266	   0.862552740968642	   0.094161246953743	   0.045341573587509	
   0.062598411964388	   1.173079392519642	   0.010357369969417	   4.642429372395407	   0.862541932534719	   0.094171496693886	   0.045341292786706	
   0.062596099817168	   1.173091837287311	   0.010357370164149	   4.642501460460370	   0.862529908530144	   0.094182897679849	   0.045341024637247	
   0.062593257445735	   1.173107136406408	   0.010357370358881	   4.642594006401874	   0.862515855942382	   0.094196103637899	   0.045340838519386	
   0.062589746036931	   1.173126037398082	   0.010357370553613	   4.642709309016683	   0.862498675295694	   0.094211972134206	   0.045340869801289	
   0.062585352611751	   1.173149687244417	   0.010357370748345	   4.642850639491602	   0.862476632155558	   0.094231640308293	   0.045341520982069	
   0.062580775068280	   1.173174329351695	   0.011069088744264	   4.642979422097905	   0.862455532041242	   0.094248622016018	   0.045354594747052	
