 -45.932582865464234
 -35.015602173755958
 -32.952520880373044
 -31.385075232463294
 -30.377222119294721
 -29.725528823542831
 -29.200174770909914
 -28.734097095470990
 -28.295205735288011
 -27.930052380389515
 -27.591517250516308
 -27.304199719855482
 -27.035337720285835
 -26.782770646951100
 -26.545383354547234
 -26.313408065471304
 -26.097643639034303
 -25.888801578483029
 -25.686809797427991
 -25.496116818219800
 -25.312121777984750
 -25.133654401395596
 -24.959818090616970
 -24.788988341425522
 -24.623128321689769
 -24.460577537891091
 -24.300537018785072
 -24.144059708866568
 -23.990632056631121
 -23.839538576441978
 -23.690602181845410
 -23.543489707623689
 -23.398192370327674
 -23.250824517521615
 -23.104381353862831
 -22.959533748859183
 -22.816143607704031
 -22.674021303330104
 -22.533086202369027
 -22.393287556039507
 -22.254349969353033
 -22.115260696593072
 -21.977008160656393
 -21.839698443150986
 -21.703187446922204
 -21.567426693814564
 -21.432423060200595
 -21.298082123819128
 -21.164036633573570
 -21.030430261303962
 -20.897266400960657
 -20.764440504558937
 -20.631858934055629
 -20.499185297883731
 -20.365983536646898
 -20.232656210350527
 -20.099663224553449
 -19.966578160727071
 -19.832985543890565
 -19.699487560411686
 -19.565911739035112
 -19.432347445741534
 -19.298960815112700
 -19.165637101598985
 -19.032192580842416
 -18.898550861278615
 -18.764711116044541
 -18.630857149738922
 -18.497074964710510
 -18.363342401967582
 -18.229615812648909
 -18.095810115952613
 -17.961949227195433
 -17.828169265229665
 -17.694519099563905
 -17.561029641609991
 -17.427753309225086
 -17.294664346288364
 -17.161760940195165
 -17.029104127179821
 -16.896715037266418
 -16.764616719263199
 -16.632814938899418
 -16.501325105007741
 -16.370185165177030
 -16.239422216195297
 -16.109052983530454
 -15.979089739373300
 -15.849554267867209
 -15.720475347350309
 -15.591878177597113
 -15.463778041271889
 -15.336184854945962
 -15.209114330382841
 -15.082585208061392
 -14.956618504282337
 -14.831230660442319
 -14.706453126072100
 -14.582295952280285
 -14.458774296196580
 -14.335885565205009
 -14.213627503993642
 -14.092007629788462
 -13.971036975905365
 -13.850717286236433
 -13.731049919349331
 -13.612040723549011
 -13.493696762688211
 -13.376021083507824
 -13.259017112897991
 -13.142691732742481
 -13.027051116490348
 -12.912097986450279
 -12.797834705461234
 -12.684264352308622
 -12.571390297547268
 -12.459214609618732
 -12.347738890505790
 -12.236965129600142
 -12.126895339513938
 -12.017530883961035
 -11.908872937308063
 -11.800922934910581
 -11.693682170906417
 -11.587151443456236
 -11.481331446486536
 -11.376222971067909
 -11.271826401752389
 -11.168141862256146
 -11.065169364718733
 -10.962908730107012
 -10.861358973576518
 -10.760519908659001
 -10.660388991342097
 -10.560964652179321
 -10.462251808771894
 -10.364249065200489
 -10.266955145763390
 -10.170372502312958
 -10.074502302401532
  -9.979348062694202
  -9.884909998503472
  -9.791187079928477
  -9.698180331612384
  -9.605888465726927
  -9.514309319363690
  -9.423440914323441
  -9.333277802472455
  -9.243817626325228
  -9.155059080576624
  -9.066998119845367
  -8.979632346732068
  -8.892960078602176
  -8.806977871037605
  -8.721683024273391
  -8.637073226197927
  -8.553144854332961
  -8.469894373518832
  -8.387318812370593
  -8.305416888718520
  -8.224184962284758
  -8.143620339749113
  -8.063719763047246
  -7.984480066356179
  -7.905899730948250
  -7.827975397149205
  -7.750704248473729
  -7.674084093022722
  -7.598111662850767
  -7.522784234494020
  -7.448099220523495
  -7.374053479165338
  -7.300644037619691
  -7.227867907950330
  -7.155721782949939
  -7.084202395066563
  -7.013306419572605
  -6.943030394141865
  -6.873370893671447
  -6.804324446988779
  -6.735887555067740
  -6.668056785150249
  -6.600828795079812
  -6.534200248008331
  -6.468167643290752
  -6.402727373041407
  -6.337875725776660
  -6.273608804985596
  -6.209922600112195
  -6.146813166027774
  -6.084276598467836
  -6.022308972756429
  -5.960906396641860
  -5.900064992489003
  -5.839780890154580
  -5.780050219503458
  -5.720869107166794
  -5.662233703733360
  -5.604140184625475
  -5.546584703427376
  -5.489563397103268
  -5.433072443417307
  -5.377108099992074
  -5.321666580640110
  -5.266744089990343
  -5.212336900394750
  -5.158441265723297
  -5.105053483140137
  -5.052169898317647
  -4.999786882625193
  -4.947900841521114
  -4.896508147441047
  -4.845605163006791
  -4.795188217463296
  -4.745253589810941
  -4.695797553732902
  -4.646816393547031
  -4.598306392157764
  -4.550263844952651
  -4.502685056403958
  -4.455566343197285
  -4.408904035870346
  -4.362694480019493
  -4.316934039352085
  -4.271619107222148
  -4.226746265345619
  -4.182312049425702
  -4.138312986337587
  -4.094745592416281
  -4.051606377987648
  -4.008891730271590
  -3.966598005875454
  -3.924721636537810
  -3.883259057853615
  -3.842206743392636
  -3.801561186753514
  -3.761318906619608
  -3.721476444085154
  -3.682030361468183
  -3.642977242468647
  -3.604313691339859
  -3.566036333034313
  -3.528141812966037
  -3.490626797052292
  -3.453487971710202
  -3.416722043928481
  -3.380325741277446
  -3.344295812016752
  -3.308629025290192
  -3.273322171063678
  -3.238372075364512
  -3.203775617788919
  -3.169529688298972
  -3.135631214640466
  -3.102077124096877
  -3.068864363606694
  -3.035989851132779
  -3.003450537146859
  -2.971243360106380
  -2.939365300114880
  -2.907813338223256
  -2.876584493001156
  -2.845675793564622
  -2.815084301241496
  -2.784807092501365
  -2.754841270338532
  -2.725183953298718
  -2.695832283205277
  -2.666783417517193
  -2.638034536630641
  -2.609582837867560
  -2.581425545645770
  -2.553559925960624
  -2.525983261088431
  -2.498692856568819
  -2.471686031146480
  -2.444960122372531
  -2.418512475267978
  -2.392340433241715
  -2.366441362715325
  -2.340812644449312
  -2.315451684445313
  -2.290355907113514
  -2.265522761168145
  -2.240949714863306
  -2.216634259538427
  -2.192573906345063
  -2.168766188551590
  -2.145209334235777
  -2.121901071795848
  -2.098838849374093
  -2.076020218537757
  -2.053442592457453
  -2.031103516711406
  -2.009000482262423
  -1.987131090017288
  -1.965492928473898
  -1.944083676502597
  -1.922901024467925
  -1.901942743561222
 -42.193804433522402
 -31.276823741814127
 -29.213742448431208
 -27.970053464515946
 -26.962200357771980
 -26.310507079497736
 -25.840411482172740
 -25.451487950629666
 -25.097545833915149
 -24.805574639350475
 -24.526424787662044
 -24.265947160552631
 -24.037443919970947
 -23.834246090218464
 -23.642727094057058
 -23.470995916206682
 -23.307309146484329
 -23.151886625409020
 -23.001520749689508
 -22.860941896647113
 -22.724106825505867
 -22.590210988030702
 -22.460092611692616
 -22.335355387206427
 -22.215481108410579
 -22.098293193489088
 -21.984108313156941
 -21.872754762101419
 -21.763477879126448
 -21.655968438604415
 -21.549888672858479
 -21.445987722528411
 -21.342899787092577
 -21.240562509546919
 -21.139322765730622
 -21.039332355006287
 -20.939906123166267
 -20.840973198161063
 -20.742757327837982
 -20.645125627762546
 -20.547865066380254
 -20.450967079096586
 -20.354609770403563
 -20.258363743937881
 -20.162133316216700
 -20.066052042983838
 -19.970001022023048
 -19.873853615532454
 -19.777694344898006
 -19.681627143361204
 -19.585531075810703
 -19.489293653666813
 -19.392947191006478
 -19.296325269519677
 -19.199406888001462
 -19.102083282399200
 -19.004410485605540
 -18.906106938342649
 -18.807433179095121
 -18.705864277985818
 -18.601428409528083
 -18.495844381997205
 -18.389566742598888
 -18.282573080974920
 -18.174845217720808
 -18.066425845862369
 -17.956665247701963
 -17.845567998775614
 -17.733611454226772
 -17.620903158656432
 -17.507610440692275
 -17.393810616541970
 -17.279339349213217
 -17.164155750278592
 -17.048620161374693
 -16.932748811712230
 -16.816503724311197
 -16.699957946588576
 -16.583088714442361
 -16.465974056162661
 -16.348721426972254
 -16.231336213445058
 -16.113842544575242
 -15.996266278230788
 -15.878649439467191
 -15.761062686228858
 -15.643607728509854
 -15.526313621900405
 -15.409143953565978
 -15.292103088859683
 -15.175236169085348
 -15.058589895170378
 -14.942180746486015
 -14.826006816252692
 -14.710084540729817
 -14.594451541413180
 -14.479131728249330
 -14.364126594651093
 -14.249446889085830
 -14.135117722190214
 -14.021161476307308
 -13.907586886839649
 -13.794401202111523
 -13.681620542268943
 -13.569261739834744
 -13.457334648071120
 -13.345862026529504
 -13.234873745190006
 -13.124379663949179
 -13.014385797330570
 -12.904884337260309
 -12.795883901263363
 -12.687392958644370
 -12.579417533611931
 -12.471959221010218
 -12.365025709498608
 -12.258624073990024
 -12.152759821087287
 -12.047437794928044
 -11.942665464964492
 -11.838449531674074
 -11.734794897778215
 -11.631706246877052
 -11.529188943937099
 -11.427248075879616
 -11.325887934936137
 -11.225112997914307
 -11.124927577968602
 -11.025335573534036
 -10.926340672477812
 -10.827945941865604
 -10.730154516915746
 -10.632969463669287
 -10.536392553365010
 -10.440426287454597
 -10.345073853269046
 -10.250336990786071
 -10.156217603105226
 -10.062717770446815
  -9.969838411242529
  -9.877582036265169
  -9.785950516342963
  -9.694944626759334
  -9.604566289360424
  -9.514816792368514
  -9.425697902896490
  -9.337215903600093
  -9.249371483512158
  -9.162164698870576
  -9.075598148643904
  -8.989671345861941
  -8.904383366708139
  -8.819734750435371
  -8.735722570027326
  -8.652341912392743
  -8.569592369282987
  -8.487472696731627
  -8.405976838305437
  -8.325105973467599
  -8.244861463729679
  -8.165239615363225
  -8.086240180103443
  -8.007860567694514
  -7.930098424426292
  -7.852955056465146
  -7.776427996209881
  -7.700515663184640
  -7.625217530673718
  -7.550531849542267
  -7.476456425540599
  -7.402990250130641
  -7.330131569405189
  -7.257877978162654
  -7.186227591401743
  -7.115177899305938
  -7.044726096099375
  -6.974869465234891
  -6.905605080599669
  -6.836930078028352
  -6.768841609457109
  -6.701336747878245
  -6.634412581130188
  -6.568066191476555
  -6.502294611053666
  -6.437094831833073
  -6.372463810101894
  -6.308398459555358
  -6.244895645871223
  -6.181952186175073
  -6.119564869587572
  -6.057730470596828
  -5.996445754501533
  -5.935707446088840
  -5.875512229290110
  -5.815856761481862
  -5.756737763874365
  -5.698151897405644
  -5.640095754382822
  -5.582565852821454
  -5.525558929291210
  -5.469071616761701
  -5.413100391785005
  -5.357642176131205
  -5.302693723527761
  -5.248251270914229
  -5.194311583644119
  -5.140871418394662
  -5.087927399824058
  -5.035476359940849
  -4.983515109489252
  -4.932040517079718
  -4.881049346827339
  -4.830538267097015
  -4.780503876418423
  -4.730942627915278
  -4.681850941805521
  -4.633225293270483
  -4.585062162709836
  -4.537358047140404
  -4.490109457965811
  -4.443312917671714
  -4.396964962059678
  -4.351062139314537
  -4.305601015645710
  -4.260578181665876
  -4.215990262513685
  -4.171833884752862
  -4.128105693320873
  -4.084802329873154
  -4.041920441572413
  -3.999456673817835
  -3.957407657858893
  -3.915770041280512
  -3.874540465452928
  -3.833715559255183
  -3.793291969933915
  -3.753266351005903
  -3.713635371436595
  -3.674395714483004
  -3.635544079496381
  -3.597077182723544
  -3.558991757718387
  -3.521284556030249
  -3.483952347333275
  -3.446991919788641
  -3.410400080517280
  -3.374173655448140
  -3.338309489694040
  -3.302804448831556
  -3.267655417355072
  -3.232859344542956
  -3.198413287747346
  -3.164314236908379
  -3.130559224714082
  -3.097145257807429
  -3.064069339347980
  -3.031328368585501
  -2.998919350642998
  -2.966839267628926
  -2.935085163873846
  -2.903654087919436
  -2.872543128492072
  -2.841749397257042
  -2.811270030565979
  -2.781102176204864
  -2.751243002678917
  -2.721689680328018
  -2.692439402366317
  -2.663489373601006
  -2.634836823309501
  -2.606478996712830
  -2.578413163515108
  -2.550636617025877
  -2.523146673590955
  -2.495940671151655
  -2.469015967498661
  -2.442369940223865
  -2.415999983942499
  -2.389903507517008
  -2.364077937239855
  -2.338520715589625
  -2.313229304660526
  -2.288201184313896
  -2.263433854736270
  -2.238924834640581
  -2.214671663213774
  -2.190671898710250
  -2.166923120136363
  -2.143423055505820
  -2.120169410427344
  -2.097159890612403
  -2.074392160812322
  -2.051863875683053
  -2.029572695630622
  -2.007516284811948
  -1.985692344759715
  -1.964098618779349
  -1.942732920949833
  -1.921593138401695
  -1.900677296918481
 -39.856065163249554
 -28.939084471541275
 -26.876003178158360
 -25.815351905875989
 -24.807498799127426
 -24.155805531562766
 -23.685709928377825
 -23.323604407311343
 -23.002844977149795
 -22.717431764091902
 -22.480037313981509
 -22.266058409575571
 -22.052735696423827
 -21.857790467915361
 -21.688478152613840
 -21.525428324714813
 -21.378685127896336
 -21.242190720718686
 -21.113345166439181
 -20.993296092936319
 -20.878025562774368
 -20.765636414627977
 -20.658169930520195
 -20.556648184159460
 -20.457505268199426
 -20.360950528228500
 -20.265249465830486
 -20.172607915340251
 -20.084018281018686
 -19.996844482786926
 -19.911729073750443
 -19.828537400014845
 -19.746978223557019
 -19.666674519486691
 -19.588074788465235
 -19.510183894966168
 -19.432707757123300
 -19.356133738185505
 -19.280516516899620
 -19.205284277190362
 -19.130134249353780
 -19.055338441152280
 -18.981268744038800
 -18.907364540542865
 -18.833742926712620
 -18.760334078985302
 -18.686974399723795
 -18.613631217072854
 -18.540179530423071
 -18.466506704667928
 -18.392835407908592
 -18.318953928180715
 -18.244642509462725
 -18.169889438684187
 -18.094972969537896
 -18.019733406168474
 -17.943951771908569
 -17.867415835368817
 -17.790129258200469
 -17.712153416207052
 -17.633240319115426
 -17.552382792676152
 -17.466477216259182
 -17.378045300308774
 -17.288908021595468
 -17.198829675375791
 -17.107781847077298
 -17.015700340733758
 -16.922509406496168
 -16.828083234974237
 -16.731569312914885
 -16.634007907509737
 -16.535728201097474
 -16.436681270668799
 -16.337015552044836
 -16.236732192322012
 -16.135675148275066
 -16.033802226694515
 -15.931389518530098
 -15.828486565020397
 -15.725169187743255
 -15.621483693896245
 -15.517460692853481
 -15.413187087693707
 -15.308638825143227
 -15.203845852042887
 -15.098884770988798
 -14.993808704987945
 -14.888615580618614
 -14.783323392909734
 -14.677952682273768
 -14.572543491358022
 -14.467134481075041
 -14.361739403247382
 -14.256376051282354
 -14.151122185739125
 -14.046027495017833
 -13.941066046194731
 -13.836219079947329
 -13.731512990015744
 -13.626998339428974
 -13.522697907584202
 -13.418602789056418
 -13.314715503487635
 -13.211057367457711
 -13.107650131403824
 -13.004502766715245
 -12.901621249416056
 -12.799018760535429
 -12.696711136296098
 -12.594711318641334
 -12.493030679348138
 -12.391680873808847
 -12.290674166152725
 -12.190020334934731
 -12.089742322785616
 -11.989870322301224
 -11.890412731367542
 -11.791375018685452
 -11.692750718145726
 -11.594549179369182
 -11.496778339240430
 -11.399444254958748
 -11.302550465456751
 -11.206106075464952
 -11.110118382271134
 -11.014593776540991
 -10.919537990940483
 -10.824957881805831
 -10.730859057667805
 -10.637246652450266
 -10.544125869183508
 -10.451502028591253
 -10.359379651085160
 -10.267763191516883
 -10.176657518299923
 -10.086066930956175
  -9.995995474515626
  -9.906447349308213
  -9.817426151792411
  -9.728935128591775
  -9.640978479609290
  -9.553559405341614
  -9.466681136414993
  -9.380347190687756
  -9.294559929198750
  -9.209321095685256
  -9.124633311987488
  -9.040497766144922
  -8.956917242501307
  -8.873894204046419
  -8.791429675939757
  -8.709525892413632
  -8.628185619269157
  -8.547412471221378
  -8.467210077931988
  -8.387579907670601
  -8.308522359690796
  -8.230039498741384
  -8.152132176841501
  -8.074799373809295
  -7.998039257587666
  -7.921849480104241
  -7.846230680151138
  -7.771181106782509
  -7.696699172666238
  -7.622784373189680
  -7.549436904852097
  -7.476661391195447
  -7.404451076612021
  -7.332806012619506
  -7.261725677514086
  -7.191207021220077
  -7.121249180097846
  -7.051850767436768
  -6.983009021615826
  -6.914721873013485
  -6.846987442596418
  -6.779803444727822
  -6.713167835151334
  -6.647078530840647
  -6.581533350819663
  -6.516530251431292
  -6.452067097304322
  -6.388141626042761
  -6.324751553733408
  -6.261894649946533
  -6.199568732948846
  -6.137771477921006
  -6.076500331010349
  -6.015752737833090
  -5.955526468363051
  -5.895819238875965
  -5.836628271969277
  -5.777950418616945
  -5.719783329310538
  -5.662125068389158
  -5.604972752846862
  -5.548322142000939
  -5.492170806777432
  -5.436517631466987
  -5.381359551828214
  -5.326694553985475
  -5.272520218199344
  -5.218831698332735
  -5.165626342358696
  -5.112902337940961
  -5.060656374494010
  -5.008885964186954
  -4.957588338371752
  -4.906760626101679
  -4.856400030968779
  -4.806503626313043
  -4.757068478338157
  -4.708091580212817
  -4.659569876884317
  -4.611500306177546
  -4.563879777430161
  -4.516705186869781
  -4.469973419004373
  -4.423681353615553
  -4.377825869221049
  -4.332403833165002
  -4.287412117221343
  -4.242847613919386
  -4.198707198210180
  -4.154987742421744
  -4.111686185708670
  -4.068799429437386
  -4.026324350602406
  -3.984257983575043
  -3.942597275615171
  -3.901339123222559
  -3.860480426099231
  -3.820017897620589
  -3.779948288935898
  -3.740268388441530
  -3.700975004505996
  -3.662064972064224
  -3.623535145915569
  -3.585382401607751
  -3.547603633283388
  -3.510195754048865
  -3.473155694924233
  -3.436480404396925
  -3.400166850144894
  -3.364212017286516
  -3.328612908562300
  -3.293366550788710
  -3.258469985433960
  -3.223920276381360
  -3.189714529730440
  -3.155849838458987
  -3.122323325744767
  -3.089132103072936
  -3.056273308167664
  -3.023744049264935
  -2.991541484065086
  -2.959662765308510
  -2.928105080898030
  -2.896865645028265
  -2.865941686907560
  -2.835330506279011
  -2.805029383722891
  -2.775035566320024
  -2.745346312335271
  -2.715958817225372
  -2.686870317429657
  -2.658078072679695
  -2.629579374759934
  -2.601371537167415
  -2.573451900559711
  -2.545817826609096
  -2.518466701202775
  -2.491395930628826
  -2.464602942795067
  -2.438085185063672
  -2.411840124475942
  -2.385865246468539
  -2.360158054715539
  -2.334716070597639
  -2.309536833680385
  -2.284617901206771
  -2.259956848973185
  -2.235551270996330
  -2.211398780866360
  -2.187497012095939
  -2.163843620634267
  -2.140436287187424
  -2.117272723637534
  -2.094350669486670
  -2.071667863996649
  -2.049222077581952
  -2.027011096345821
  -2.005032759981947
  -1.983284983717068
  -1.961765845543922
  -1.940473634271775
  -1.919406970716308
  -1.898565105696468
