   0.000000169898672
   0.000000126193650
   0.000000083809144
   0.000000092573432
   0.000000057045637
   0.000000068923245
   0.000000068066155
   0.000000072700271
   0.000000076429648
   0.000000096543229
   0.000000103903857
   0.000000100237834
   0.000000102746085
   0.000000136859474
   0.000000143654868
   0.000000278468752
   0.000000311925095
   0.000000494488235
   0.000000866012685
   0.000000845579857
   0.000000692550715
   0.000000662105711
   0.000001426651335
   0.000001431899516
   0.000001705863960
   0.000001529560228
   0.000002557031337
   0.000002415067946
   0.000002422027991
   0.000002635419173
   0.000002756519579
   0.000002838642918
   0.000002858256372
   0.000002870108378
   0.000002875327500
   0.000003542666495
   0.000003447328122
   0.000003341308946
   0.000003245787977
   0.000002493771754
   0.000002420224689
   0.000002292379413
   0.000002204035868
   0.000002013713315
   0.000001832024860
   0.000001896288986
   0.000001788091478
   0.000001690931812
   0.000001273115306
   0.000001947327204
   0.000001737840380
   0.000002219096215
   0.000002033020446
   0.000002417619398
   0.000002410277051
   0.000002806392285
   0.000002793220016
   0.000003064351089
   0.000003125064613
   0.000003325422506
   0.000003421764574
   0.000003599754452
   0.000003750407337
   0.000003895656152
   0.000004028002932
   0.000004110570778
   0.000004220218779
   0.000004321811076
   0.000004401457719
   0.000004453567658
   0.000004532883695
   0.000004579938818
   0.000004605934671
   0.000004628491197
   0.000004650997473
   0.000004658982354
   0.000004673245413
   0.000004681465714
   0.000004690666523
   0.000004689923630
   0.000004683402239
   0.000004674796775
   0.000004670513970
   0.000004664276193
   0.000004644074520
   0.000004626787108
   0.000004606239359
   0.000004577050395
   0.000004543193751
   0.000004513901091
   0.000004486825704
   0.000004451823014
   0.000004416481806
   0.000004377490724
   0.000004339396783
   0.000004299062601
   0.000004258038538
   0.000004213625914
   0.000004169695971
   0.000004123026422
   0.000004073800504
   0.000004024141920
   0.000003972787295
   0.000003919408506
   0.000003865018841
   0.000003810590916
   0.000003753890273
   0.000003695586136
   0.000003636979596
   0.000003577613168
   0.000003516659710
   0.000003454805212
   0.000003393794997
   0.000003330578399
   0.000003266447881
   0.000003203160288
   0.000003138468736
   0.000003072151393
   0.000003007568590
   0.000002941664814
   0.000002871615827
   0.000002806682395
   0.000002739086090
   0.000002657632732
   0.000002593886047
   0.000002524250258
   0.000002391818727
   0.000002331830206
   0.000002266073068
   0.000001953297782
   0.000001895464704
   0.000001845765584
   0.000001784286556
   0.000001738758248
   0.000001677171177
   0.000001628357114
   0.000001570216582
   0.000001518049073
   0.000001440183243
   0.000001387932964
   0.000001320578497
   0.000001269504012
   0.000001210482960
   0.000001174887131
   0.000001126138611
   0.000001084749123
   0.000001038137569
   0.000000993663187
   0.000000947528653
   0.000000905963368
   0.000000856085900
   0.000000812553823
   0.000000773505544
   0.000000700282299
   0.000000657333797
   0.000000624288527
   0.000000591539780
   0.000000561240605
   0.000000530295714
   0.000000501229829
   0.000000472829889
   0.000000445694134
   0.000000419474758
   0.000000394196212
   0.000000369989524
   0.000000346745577
   0.000000324670271
   0.000000303491657
   0.000000283337267
   0.000000263866019
   0.000000243513896
   0.000000225601890
   0.000000207719677
   0.000000191783442
   0.000000177853070
   0.000000164272722
   0.000000152038129
   0.000000140278504
   0.000000129602513
   0.000000119442427
   0.000000109718228
   0.000000099078294
   0.000000089992125
   0.000000081965777
   0.000000074738605
   0.000000069072325
   0.000000063640359
   0.000000058373343
   0.000000053352526
   0.000000048609442
   0.000000044169388
   0.000000040052767
   0.000000036254664
   0.000000032752377
   0.000000029533885
   0.000000026588176
   0.000000023897130
   0.000000021449160
   0.000000019233176
   0.000000017210791
   0.000000015375899
   0.000000013721838
   0.000000012230094
   0.000000010857583
   0.000000009609282
   0.000000008501155
   0.000000007539657
   0.000000006664459
   0.000000005786386
   0.000000005018173
   0.000000004372188
   0.000000003812413
   0.000000003381724
   0.000000003006432
   0.000000002664940
   0.000000002347165
   0.000000002059045
   0.000000001802259
   0.000000001571540
   0.000000001365335
   0.000000001184186
   0.000000001024916
   0.000000000872353
   0.000000000733539
   0.000000000631749
   0.000000000543596
   0.000000000468148
   0.000000000414949
   0.000000000354703
   0.000000000302132
   0.000000000256155
   0.000000000215229
   0.000000000180321
   0.000000000151665
   0.000000000127519
   0.000000000107077
   0.000000000089832
   0.000000000075145
   0.000000000062711
   0.000000000052238
   0.000000000043364
   0.000000000035916
   0.000000000029670
   0.000000000024425
   0.000000000020050
   0.000000000016392
   0.000000000013323
   0.000000000010734
   0.000000000008411
   0.000000000006840
   0.000000000005606
   0.000000000004604
   0.000000000003832
   0.000000000003103
   0.000000000002475
   0.000000000001967
   0.000000000001558
   0.000000000001228
   0.000000000000963
   0.000000000000751
   0.000000000000582
   0.000000000000447
   0.000000000000343
   0.000000000000264
   0.000000000000203
   0.000000000000157
   0.000000000000119
   0.000000000000091
   0.000000000000069
   0.000000000000052
   0.000000000000039
   0.000000000000030
   0.000000000000022
   0.000000000000017
   0.000000000000012
   0.000000000000009
   0.000000000000006
   0.000000000000005
   0.000000000000003
   0.000000000000002
   0.000000000000002
   0.000000000000001
   0.000000000000001
   0.000000000000001
   0.000000000000000
   0.000000000000000
   0.000000000000000
   0.000000000000000
   0.000000000000000
   0.000000000000000
   0.000000000000000
   0.000000000000000
   0.000000000000000
   0.000000000000000
   0.000000000000000
   0.000000000000000
   0.000000000000000
   0.000000000000000
   0.000000000000000
   0.000000000000000
   0.000000095197151
   0.000000116267140
   0.000000125644279
   0.000000080848305
   0.000000106669005
   0.000000049466972
   0.000000099963109
   0.000000069598717
   0.000000092452146
   0.000000093880533
   0.000000113247715
   0.000000117811174
   0.000000122745646
   0.000000139192160
   0.000000127178630
   0.000000189230113
   0.000000222530861
   0.000000259311233
   0.000000362213015
   0.000000403314959
   0.000000402596248
   0.000000253310207
   0.000000587167550
   0.000000589814923
   0.000000649885392
   0.000000630072898
   0.000000987955786
   0.000000851524179
   0.000000855689270
   0.000000951018589
   0.000001052564673
   0.000001097041416
   0.000001055098941
   0.000001045237827
   0.000001070446301
   0.000001307643856
   0.000001256538650
   0.000001188248608
   0.000001154971919
   0.000000949262197
   0.000000964638672
   0.000000933061926
   0.000001200109366
   0.000001185180110
   0.000001127315597
   0.000001224532702
   0.000001168800214
   0.000001150618685
   0.000001127490106
   0.000001612920841
   0.000001592692634
   0.000001780655605
   0.000001728634502
   0.000002564953823
   0.000003162307084
   0.000003834257712
   0.000004200986570
   0.000004732729584
   0.000005382212697
   0.000005920087613
   0.000006412651488
   0.000007102088503
   0.000007594627510
   0.000008035940818
   0.000008579820144
   0.000008944490074
   0.000009378567535
   0.000009731548844
   0.000009967892881
   0.000010006091805
   0.000010275989059
   0.000010498224279
   0.000010540942821
   0.000010521569721
   0.000010578556893
   0.000010574813331
   0.000010604490000
   0.000010607983501
   0.000010606472202
   0.000010593173413
   0.000010588154270
   0.000010548923354
   0.000010507826654
   0.000010468902997
   0.000010438667545
   0.000010405189602
   0.000010365444961
   0.000010306046463
   0.000010305378194
   0.000010232877700
   0.000010166774419
   0.000010084844180
   0.000009999865037
   0.000009895724020
   0.000009795368247
   0.000009728340858
   0.000009633409112
   0.000009530559011
   0.000009436447650
   0.000009336962368
   0.000009226374367
   0.000009113676034
   0.000009026756360
   0.000008908296581
   0.000008787880182
   0.000008674996396
   0.000008564311734
   0.000008444509560
   0.000008317577800
   0.000008206963920
   0.000008075681640
   0.000007941015787
   0.000007813792785
   0.000007685261468
   0.000007545401187
   0.000007410372916
   0.000007281446057
   0.000007139453481
   0.000006999256255
   0.000006863202999
   0.000006718551928
   0.000006575469665
   0.000006435055506
   0.000006278662687
   0.000006133673314
   0.000005974959973
   0.000005743083932
   0.000005602420126
   0.000005458688337
   0.000005223677257
   0.000005087183096
   0.000004960283322
   0.000004863667924
   0.000004744468404
   0.000004606236608
   0.000004494121545
   0.000004367152519
   0.000004231582836
   0.000004105779066
   0.000003976787355
   0.000003835074816
   0.000003708579227
   0.000003577477006
   0.000003450941954
   0.000003320295170
   0.000003196925645
   0.000003076579709
   0.000002954999042
   0.000002832538271
   0.000002719046012
   0.000002550985084
   0.000002419684571
   0.000002318644357
   0.000001977758804
   0.000001836178056
   0.000001756956910
   0.000001667898573
   0.000001598789604
   0.000001519264389
   0.000001447315713
   0.000001373499888
   0.000001302102926
   0.000001233348359
   0.000001166994724
   0.000001104611029
   0.000001041479181
   0.000000982037175
   0.000000924048670
   0.000000869388276
   0.000000815497003
   0.000000750599681
   0.000000702398884
   0.000000648992327
   0.000000604608348
   0.000000570035359
   0.000000530780779
   0.000000499157018
   0.000000464922788
   0.000000433621887
   0.000000402762967
   0.000000374339658
   0.000000347304413
   0.000000321623090
   0.000000296802161
   0.000000273816188
   0.000000252629622
   0.000000233171369
   0.000000214661786
   0.000000197418368
   0.000000181138928
   0.000000166218133
   0.000000151834367
   0.000000138800307
   0.000000125606361
   0.000000114423457
   0.000000101737840
   0.000000092294133
   0.000000078166347
   0.000000070806968
   0.000000063820826
   0.000000057665732
   0.000000051916842
   0.000000046292347
   0.000000041270375
   0.000000036944068
   0.000000033277920
   0.000000029620082
   0.000000026328876
   0.000000023040155
   0.000000020334987
   0.000000017866939
   0.000000015748003
   0.000000014186273
   0.000000012716663
   0.000000011290791
   0.000000010004710
   0.000000008860712
   0.000000007811745
   0.000000006857312
   0.000000006017878
   0.000000005271039
   0.000000004599497
   0.000000004003127
   0.000000003474154
   0.000000003008949
   0.000000002603427
   0.000000002251645
   0.000000001948816
   0.000000001681055
   0.000000001446192
   0.000000001237352
   0.000000001041733
   0.000000000884519
   0.000000000753747
   0.000000000639802
   0.000000000543346
   0.000000000461419
   0.000000000389864
   0.000000000329150
   0.000000000277527
   0.000000000232902
   0.000000000195272
   0.000000000163323
   0.000000000136082
   0.000000000113209
   0.000000000093880
   0.000000000077578
   0.000000000063933
   0.000000000050812
   0.000000000041656
   0.000000000034295
   0.000000000028174
   0.000000000023630
   0.000000000019370
   0.000000000015678
   0.000000000012642
   0.000000000010159
   0.000000000008134
   0.000000000006487
   0.000000000005153
   0.000000000004067
   0.000000000003171
   0.000000000002446
   0.000000000001908
   0.000000000001483
   0.000000000001168
   0.000000000000902
   0.000000000000704
   0.000000000000540
   0.000000000000418
   0.000000000000319
   0.000000000000244
   0.000000000000184
   0.000000000000139
   0.000000000000105
   0.000000000000078
   0.000000000000058
   0.000000000000043
   0.000000000000031
   0.000000000000023
   0.000000000000017
   0.000000000000012
   0.000000000000009
   0.000000000000006
   0.000000000000004
   0.000000000000003
   0.000000000000002
   0.000000000000001
   0.000000000000001
   0.000000000000001
   0.000000000000000
   0.000000000000000
   0.000000000000000
   0.000000000000000
   0.000000000000000
   0.000000000000000
   0.000000000000000
   0.000000000000000
   0.000000000000000
   0.000000000000000
   0.000000012772820
   0.000000023209846
   0.000000025968073
   0.000000020574988
   0.000000021857161
   0.000000009073807
   0.000000025822912
   0.000000014899397
   0.000000014284617
   0.000000023932535
   0.000000023060884
   0.000000024475957
   0.000000022387091
   0.000000022009421
   0.000000028094508
   0.000000030557777
   0.000000026669426
   0.000000033533886
   0.000000033288267
   0.000000034427241
   0.000000049727538
   0.000000024289245
   0.000000036965596
   0.000000053670188
   0.000000041478746
   0.000000039437734
   0.000000064810175
   0.000000043734130
   0.000000046385320
   0.000000062491685
   0.000000075137048
   0.000000077000342
   0.000000074647968
   0.000000067783452
   0.000000094076389
   0.000000089321333
   0.000000074847240
   0.000000076167622
   0.000000110843569
   0.000000084622046
   0.000000085513093
   0.000000100705951
   0.000000289766595
   0.000000293250938
   0.000000308202419
   0.000000409556181
   0.000000514156686
   0.000000398082294
   0.000000428468806
   0.000000615734314
   0.000000648486384
   0.000000573990953
   0.000000585806158
   0.000000933168524
   0.000000920829391
   0.000000950659962
   0.000001036164431
   0.000001221097389
   0.000001990889770
   0.000002231251116
   0.000002551119134
   0.000002848036071
   0.000003170815564
   0.000003490377476
   0.000003958662599
   0.000004221214033
   0.000004547808392
   0.000004809511371
   0.000005015775373
   0.000005188365146
   0.000005383433407
   0.000005658628100
   0.000005867502235
   0.000005937605257
   0.000005998119306
   0.000006046801839
   0.000006065625789
   0.000006057556610
   0.000006109892500
   0.000006138259015
   0.000006189901377
   0.000006196224345
   0.000006141549169
   0.000006119097938
   0.000006051777048
   0.000006023725372
   0.000005968742286
   0.000005841050590
   0.000005948594917
   0.000005882096488
   0.000005823811919
   0.000005746509026
   0.000005697992349
   0.000005652960086
   0.000005549160455
   0.000005579850218
   0.000005506278026
   0.000005435206760
   0.000005353003962
   0.000005282356654
   0.000005214366153
   0.000005134549973
   0.000005148514413
   0.000005071694254
   0.000004998191881
   0.000004921213917
   0.000004883926382
   0.000004839101803
   0.000004763737887
   0.000004737920371
   0.000004658865172
   0.000004581321932
   0.000004503347848
   0.000004446194138
   0.000004367086055
   0.000004291887759
   0.000004238525196
   0.000004159634633
   0.000004081431797
   0.000004007146027
   0.000003938039767
   0.000003862018099
   0.000003787993780
   0.000003714321814
   0.000003631041014
   0.000003549806155
   0.000003466001211
   0.000003392511690
   0.000003317938412
   0.000003241906779
   0.000003165371966
   0.000003086920745
   0.000003013314259
   0.000002939188171
   0.000002863941790
   0.000002790686944
   0.000002715660266
   0.000002638756499
   0.000002565790538
   0.000002492757191
   0.000002417614320
   0.000002344131822
   0.000002267884509
   0.000002182058222
   0.000002078522389
   0.000002012933155
   0.000001946271486
   0.000001906712199
   0.000001846914883
   0.000001768131781
   0.000001677444765
   0.000001606012678
   0.000001545744585
   0.000001466482988
   0.000001403757350
   0.000001339911840
   0.000001279291589
   0.000001229255371
   0.000001182543219
   0.000001138578321
   0.000001086404432
   0.000001033932966
   0.000000986555910
   0.000000943428732
   0.000000905672790
   0.000000859581620
   0.000000815746453
   0.000000773667204
   0.000000735315011
   0.000000699653645
   0.000000660651775
   0.000000622925973
   0.000000586249849
   0.000000546556679
   0.000000514688106
   0.000000485425558
   0.000000463890547
   0.000000439138214
   0.000000409778685
   0.000000384471009
   0.000000361548332
   0.000000342438063
   0.000000321462632
   0.000000299286877
   0.000000279649518
   0.000000261860344
   0.000000245703115
   0.000000228496433
   0.000000212334194
   0.000000196816497
   0.000000183190458
   0.000000168378289
   0.000000155549182
   0.000000139749889
   0.000000128724499
   0.000000110001379
   0.000000100621804
   0.000000072569861
   0.000000066506210
   0.000000060321032
   0.000000055433271
   0.000000050348908
   0.000000044308857
   0.000000039641043
   0.000000036255815
   0.000000033720351
   0.000000029685786
   0.000000026491364
   0.000000024023368
   0.000000021919031
   0.000000019270296
   0.000000017153034
   0.000000015483232
   0.000000013886644
   0.000000012219488
   0.000000010875420
   0.000000009730277
   0.000000008608818
   0.000000007579553
   0.000000006720793
   0.000000005938326
   0.000000005209568
   0.000000004578261
   0.000000004022792
   0.000000003514716
   0.000000003067486
   0.000000002677433
   0.000000002327953
   0.000000002019571
   0.000000001751208
   0.000000001506146
   0.000000001259589
   0.000000001088202
   0.000000000941069
   0.000000000804810
   0.000000000690845
   0.000000000593166
   0.000000000504879
   0.000000000430566
   0.000000000366678
   0.000000000310266
   0.000000000262765
   0.000000000221893
   0.000000000186583
   0.000000000156797
   0.000000000131309
   0.000000000109634
   0.000000000091353
   0.000000000075624
   0.000000000062628
   0.000000000051642
   0.000000000042469
   0.000000000034931
   0.000000000028581
   0.000000000023350
   0.000000000019003
   0.000000000015415
   0.000000000012461
   0.000000000010035
   0.000000000008053
   0.000000000006434
   0.000000000005068
   0.000000000003926
   0.000000000003090
   0.000000000002409
   0.000000000001928
   0.000000000001496
   0.000000000001186
   0.000000000000915
   0.000000000000717
   0.000000000000551
   0.000000000000426
   0.000000000000325
   0.000000000000249
   0.000000000000188
   0.000000000000142
   0.000000000000107
   0.000000000000080
   0.000000000000059
   0.000000000000044
   0.000000000000032
   0.000000000000023
   0.000000000000017
   0.000000000000012
   0.000000000000009
   0.000000000000006
   0.000000000000004
   0.000000000000003
   0.000000000000002
   0.000000000000001
   0.000000000000001
   0.000000000000001
   0.000000000000000
   0.000000000000000
   0.000000000000000
   0.000000000000000
   0.000000000000000
   0.000000000000000
   0.000000000000000
   0.000000000000000
