-1000.000000000000000
-1000.000000000000000
 -31.232521357466407
 -29.964151040507630
 -29.090305693146981
 -28.179357030790726
 -28.060038905551757
 -27.312452284752556
 -27.411816769355347
 -26.763695346686625
 -26.950639035992012
 -26.217134505117873
 -26.598238899824885
 -25.867507601589416
 -26.180182420055697
 -25.573546960585777
 -25.909137340020859
 -25.318390978961929
 -25.671306375964630
 -25.085277065176506
 -25.453210154272501
 -24.870341116489023
 -25.252670793585761
 -24.665618761544064
 -25.069572087260823
 -24.473083718413069
 -24.894068056289321
 -24.290086150424269
 -24.726235883005877
 -24.113404764977542
 -24.564650136922030
 -23.942420876085620
 -24.405117906716875
 -23.777847432981673
 -24.253852088399302
 -23.618307692039309
 -24.104539725527331
 -23.461860170116442
 -23.959543133813213
 -23.308242404835791
 -23.818683942667843
 -23.157874059141520
 -23.681036319406680
 -23.010783926129253
 -23.545047100151493
 -22.866117994113409
 -23.410998110877230
 -22.723354098550594
 -23.278761468222189
 -22.566615748633303
 -23.148484784229254
 -22.409727437519436
 -23.020178075583207
 -22.246139459953987
 -22.892858259796800
 -22.080536486296719
 -22.766774813620319
 -21.913995724143888
 -22.641880712739603
 -21.748161260543593
 -22.518212989010788
 -21.584096082758460
 -22.395506286233712
 -21.422359163082412
 -22.273580209709326
 -21.263209645605631
 -22.152429372290189
 -21.106740224767609
 -22.032016286455121
 -20.952859754304367
 -21.912302988347211
 -20.801375765853528
 -21.793404146070973
 -20.652146316804195
 -21.675189220946329
 -20.505200200210798
 -21.557436889604908
 -20.360399429467172
 -21.439901494014627
 -20.217532466553010
 -21.322670005672766
 -20.076254827893028
 -21.205794243066507
 -19.936328192643987
 -21.089205372485043
 -19.797311380533628
 -20.972779269581491
 -19.658422169806339
 -20.856416060346827
 -19.518413912254214
 -20.740120997169274
 -19.375590265155218
 -20.623994912868007
 -19.228347350785960
 -20.508152215108190
 -19.073857134764527
 -20.392542236257093
 -18.919678977370271
 -20.276994121287213
 -18.767168260491111
 -20.161455571072366
 -18.616244157913862
 -20.045957018704669
 -18.466832396677422
 -19.930531173413236
 -18.318864741675345
 -19.815180139791302
 -18.172247440963908
 -19.699870049258038
 -18.026870942693364
 -19.584527509988689
 -17.882648991803993
 -19.469103627620495
 -17.739570689269282
 -19.353553464605131
 -17.597602682870729
 -19.237865783198561
 -17.456699687105139
 -19.121942927932029
 -17.316795990780079
 -19.005835116676806
 -17.177870010812995
 -18.889385817056976
 -17.039933278009165
 -18.772265216164524
 -16.902977994574908
 -18.654585932520575
 -16.766978757979533
 -18.536559143561696
 -16.631900776722077
 -18.418260689067825
 -16.497734094306292
 -18.299507853438243
 -16.364483108158648
 -18.180153031851216
 -16.232142897251382
 -18.060388194016650
 -16.100706443804309
 -17.940450973194270
 -15.970153455897133
 -17.820626965157871
 -15.840468113218478
 -17.701078718139165
 -15.711645467125336
 -17.581100464612778
 -15.583678197454596
 -17.460827378564847
 -15.456560779620704
 -17.340335742304710
 -15.330289253016193
 -17.219657247565362
 -15.204860210926300
 -17.098794056750702
 -15.080266656775372
 -16.977753150510715
 -14.956501338936139
 -16.856586743124211
 -14.833562398747944
 -16.735315432404306
 -14.711448106472050
 -16.613968270871723
 -14.590152438465992
 -16.492591304374315
 -14.469669443682998
 -16.371220759318440
 -14.349997501247646
 -16.249874226715662
 -14.231131648021281
 -16.128579167017598
 -14.113066321856722
 -16.007385900920003
 -13.995801371629973
 -15.886329133541182
 -13.879331168186932
 -15.765430611903369
 -13.763647300207142
 -15.644732998346567
 -13.648751605031462
 -15.524283927022202
 -13.534635752204384
 -15.404098817900211
 -13.421291936860584
 -15.284196021823394
 -13.308714694956977
 -15.164581348995222
 -13.196901363469630
 -15.045272981308091
 -13.085846871818278
 -14.926288005550811
 -12.975546550932080
 -14.807672325540405
 -12.865996430682612
 -14.689410227177509
 -12.757193165654668
 -14.571518063864506
 -12.649132638991281
 -14.454011473558158
 -12.541810951836569
 -14.336910775248796
 -12.435224321926226
 -14.220221891386778
 -12.329368772800125
 -14.103958692238816
 -12.224240435634224
 -13.988134476960413
 -12.119835843015590
 -13.872762064453550
 -12.016151567250061
 -13.757851559599906
 -11.913184070407283
 -13.643414317533779
 -11.810929983222392
 -13.529460759006518
 -11.709386115318388
 -13.416000531506310
 -11.608549203886543
 -13.303043013857270
 -11.508415864053896
 -13.190597417831604
 -11.408982733617432
 -13.078672230322587
 -11.310246619668092
 -12.967275604799893
 -11.212204434669101
 -12.856415549909618
 -11.114853015216163
 -12.746099596140086
 -11.018189178473614
 -12.636334718752037
 -10.922209910774107
 -12.527127639062593
 -10.826912213109871
 -12.418484927306924
 -10.732292923600538
 -12.310412774758994
 -10.638349010595787
 -12.202916970521803
 -10.545077442466678
 -12.096003058270485
 -10.452474835117750
 -11.989676379485296
 -10.360537926704712
 -11.883941951531211
 -10.269263345366081
 -11.778804488759119
 -10.178646827965029
 -11.674268475534941
 -10.088684022614590
 -11.570338189061662
  -9.999369921941826
 -11.467017700766290
  -9.910698827726927
 -11.364310857370290
  -9.822663227147101
 -11.262221243744309
  -9.735258525381179
 -11.160752319490342
  -9.648468502826235
 -11.059907345448126
  -9.562292758690369
 -10.959689191936537
  -9.476700658453186
 -10.860101162352240
  -9.391680674302773
 -10.761150531463102
  -9.307303625723344
 -10.662840187213693
  -9.223568104216454
 -10.565171647982973
  -9.140473308288396
 -10.468004456826847
  -9.058018842493636
 -10.371207234270400
  -8.976207003834245
 -10.275063203317796
  -8.895038401803392
 -10.179575222308813
  -8.814509879418486
 -10.084739642315911
  -8.734616863657404
  -9.990558473816366
  -8.655354545119339
  -9.897033232291273
  -8.576716231275956
  -9.804164269162655
  -8.498695649055080
  -9.711955719301704
  -8.421282139650659
  -9.620408270225509
  -8.344471885354565
  -9.529521609686283
  -8.268261006334242
  -9.439296700322588
  -8.192645799503689
  -9.349732930800426
  -8.117621895419846
  -9.260829510213169
  -8.043185545979341
  -9.172585929889641
  -7.969332195127053
  -9.085000588640204
  -7.896057036291619
  -8.998072578904148
  -7.823355808801060
  -8.911801112891656
  -7.751224357585212
  -8.826184681062768
  -7.679652980603597
  -8.741222158165014
  -7.608651490215705
  -8.656912393686842
  -7.538192766295589
  -8.573253728654517
  -7.468303027524845
  -8.490244625363959
  -7.398983225420077
  -8.407883448326590
  -7.330230273315435
  -8.326105185824904
  -7.262041263833259
  -8.244909373210350
  -7.194413217768367
  -8.164358398212389
  -7.127343324344566
  -8.084451189173720
  -7.060828710297759
  -8.005185553559095
  -6.994866311171568
  -7.926559514914203
  -6.929453360777299
  -7.848570764615442
  -6.864587232020236
  -7.771217688384128
  -6.800265325352436
  -7.694498827698798
  -6.736484836674315
  -7.618411933189126
  -6.673242339186600
  -7.542955230029389
  -6.610533800575334
  -7.468126801955807
  -6.548354996526848
  -7.393924396618830
  -6.486701769740294
  -7.320345981242272
  -6.425569903086263
  -7.247389404395858
  -6.364955573836048
  -7.175052268285195
  -6.304855705628168
  -7.103332164200126
  -6.245267337165001
  -7.032226525867554
  -6.186187726599527
  -6.961732611604496
  -6.127614574444071
  -6.891847613756259
  -6.069546404293297
  -6.822568619248229
  -6.011983524269806
  -6.753892660821626
  -5.954929999665831
  -6.685816744507596
  -5.898385847010734
  -6.618337828681873
  -5.842346385454452
  -6.551452866943731
  -5.786806057755463
  -6.485158844563341
  -5.731757714318183
  -6.419452758922560
  -5.677191236697930
  -6.354331530157138
  -5.623096980935227
  -6.289791967513477
  -5.569471404182995
  -6.225830788655678
  -5.516311081678425
  -6.162444588083309
  -5.463612623513873
  -6.099629839990029
  -5.411372780340364
  -6.037382989301645
  -5.359588281763109
  -5.975700494960437
  -5.308255687830923
  -5.914578803248244
  -5.257371523569297
  -5.854014350998938
  -5.206932558049322
  -5.794003571499253
  -5.156935845407669
  -5.734542888282674
  -5.107378015867949
  -5.675628722312080
  -5.058255515936432
  -5.617257480001046
  -5.009565101307698
  -5.559425556493380
  -4.961304680861577
  -5.502129340509401
  -4.913471647094939
  -5.445365230711031
  -4.866062833559113
  -5.389129604443930
  -4.819075217818016
  -5.333418821575705
  -4.772505922613611
  -5.278229325027512
  -4.726352283087978
  -5.223557553391707
  -4.680611946265489
  -5.169399852962373
  -4.635282939253774
  -5.115752628501752
  -4.590363319096469
  -5.062612309266507
  -4.545850375242597
  -5.009975320561599
  -4.501740536254173
  -4.957838133702404
  -4.458029920183559
  -4.906197244909320
  -4.414714222494575
  -4.855049175584258
  -4.371788981860833
  -4.804390422992596
  -4.329250432352945
  -4.754217451396564
  -4.287095570978068
  -4.704526687856077
  -4.245321408276281
  -4.655314500464534
  -4.203924973185420
  -4.606577228852313
  -4.162903314564293
  -4.558311217631253
  -4.122253504562921
  -4.510512811960484
  -4.081972642674375
  -4.463178362672105
  -4.042057878243027
  -4.416304227475836
  -4.002506446507940
  -4.369886771686838
  -3.963316165002616
  -4.323922370020123
  -3.924493487980643
  -4.278407407690342
  -3.886038777724496
  -4.233338283208591
  -3.847948997010692
  -4.188711416203559
  -3.810221052478309
  -4.144523333075458
  -3.772851824356567
  -4.100770565984542
  -3.735831762785491
  -4.057449639559747
  -3.699151273541918
  -4.014557071733718
  -3.662807524072796
  -3.972089375998006
  -3.626797619821887
  -3.930042999385690
  -3.591118673741081
  -3.888414353448089
  -3.555767905436277
  -3.847199886866109
  -3.520742613387571
  -3.806396059395998
  -3.486040125658307
  -3.765999350726980
  -3.451657789900795
  -3.726006259561895
  -3.417592972719500
  -3.686413303441797
  -3.383843059379005
  -3.647217019243592
  -3.350405453786935
  -3.608413962483870
  -3.317277578767869
  -3.570000707683513
  -3.284456875873699
  -3.531973848241324
  -3.251940805403444
  -3.494329996655468
  -3.219726847424099
  -3.457065784658301
  -3.187812501354595
  -3.420177863383960
  -3.156195285652097
  -3.383662903554155
  -3.124872741720957
  -3.347517595718299
  -3.093842433287144
  -3.311738650367601
  -3.063102203193872
  -3.276322798160588
  -3.032650675375145
  -3.241266790356691
  -3.002486579151847
  -3.206567398679096
  -2.972607955660715
  -3.172221431654475
  -2.943012560756436
  -3.138225754457596
  -2.913697918501701
  -3.104577238020076
  -2.884660916887946
  -3.071272785853705
  -2.855897974144636
  -3.038309303892219
  -2.827406172939105
  -3.005683711995343
  -2.799182966651637
  -2.973392900115720
  -2.771225983066194
  -2.941433793967474
  -2.743532944359010
  -2.909803315179905
  -2.716101626744358
  -2.878498423258170
  -2.688929866555844
  -2.847516086300760
  -2.662015508385382
  -2.816853305844163
  -2.635356352520228
  -2.786507100406669
  -2.608950177006288
  -2.756474517189016
  -2.582794726080006
  -2.726752620711188
  -2.556887743173303
  -2.697338500142373
  -2.531227013143405
  -2.668229260048235
  -2.505810368434732
  -2.639422027905225
  -2.480636088524695
  -2.610913948068045
  -2.455704666957949
  -2.582702188071061
  -2.431015753200116
  -2.554783933950921
  -2.406568174573803
  -2.527156397677641
  -2.382360316699694
  -2.499816826484990
  -2.358390323660883
  -2.472762487986380
  -2.334655518455895
  -2.445990673188079
  -2.311151114765689
  -2.419498689982460
  -2.287873510745424
  -2.393283866175671
  -2.264819889618194
  -2.367343542046437
  -2.241987830651826
  -2.341675063707916
  -2.219375130988606
  -2.316275798549007
  -2.196979713931499
  -2.291143130432385
  -2.174799581609358
  -2.266274467082566
  -2.152832788219677
  -2.241667235798356
  -2.131077425877313
  -2.217318887489708
  -2.109531616371373
  -2.193226893473576
  -2.088280049850691
  -2.169388747953485
  -2.067341107637716
  -2.145801965740091
  -2.046638141690322
  -2.122464083934784
  -2.026149093230352
  -2.099373113935087
  -2.005854304413275
  -2.076526767139408
  -1.985743320107712
  -2.053922574962662
  -1.965808719008417
  -2.031558118947126
  -1.946045798683017
  -2.009430891772309
  -1.926451311438025
  -1.987538473094620
  -1.907023221249140
  -1.965878412511021
  -1.887760398669724
  -1.944448340903705
  -1.868662394911842
  -1.923245893678057
  -1.849729360837032
  -1.902268782244458
  -1.830962218258796
-1000.000000000000000
-1000.000000000000000
 -27.872152505432403
 -26.541154635618550
 -25.759667901999983
 -24.801498025785676
 -24.742859007304954
 -23.955437393701057
 -24.102781256855796
 -23.419455045273860
 -23.647230894796728
 -23.036222172423134
 -23.299030269987242
 -22.621841962678186
 -23.020118435764253
 -22.355478819576454
 -22.789174444369127
 -22.138109126498978
 -22.479354778006634
 -21.955254472197847
 -22.289918884480812
 -21.784414848023751
 -22.125507222359513
 -21.636737259651035
 -21.978258576815957
 -21.499964946882837
 -21.837349346172218
 -21.375943640083648
 -21.711523481667705
 -21.258239084238848
 -21.594933291472984
 -21.144737227053703
 -21.484059543764790
 -21.036682063800193
 -21.380575778451608
 -20.933898299769243
 -21.281769172285379
 -20.834259834237546
 -21.186299157272934
 -20.736839768789409
 -21.094586420381493
 -20.642193118663489
 -21.005369329828490
 -20.549510466341800
 -20.918487604529435
 -20.458480350196574
 -20.829072525183282
 -20.368405288559376
 -20.744653143781811
 -20.279079700463281
 -20.661897688042679
 -20.190956107993344
 -20.580258626528931
 -20.103352223753056
 -20.499138266274311
 -20.016005927525729
 -20.419037931258618
 -19.926220721175817
 -20.339433738362413
 -19.836567354046167
 -20.260225462826643
 -19.745890624265488
 -20.181402809854699
 -19.654724029138677
 -20.102691146778515
 -19.563461155268364
 -20.024194197872255
 -19.471781814326640
 -19.945935607007801
 -19.379941005895919
 -19.867539175945730
 -19.288371884872738
 -19.788933582223098
 -19.196995427883195
 -19.710282376371737
 -19.105724236254595
 -19.631704661727380
 -19.014440101478062
 -19.553035312364916
 -18.923366442411684
 -19.474082736648633
 -18.832325522922812
 -19.394744477093226
 -18.741153652562204
 -19.315055253615476
 -18.649813136929978
 -19.235235981974068
 -18.558363685575724
 -19.155186241909806
 -18.466899784120077
 -19.074714953855530
 -18.375000297130047
 -18.993760600774294
 -18.282335757524720
 -18.912452232206615
 -18.181049532962319
 -18.830797009443373
 -18.040852624653365
 -18.748663560843326
 -17.902009683400511
 -18.666062281078140
 -17.764415729037111
 -18.583013821550718
 -17.627951152567544
 -18.499592798109624
 -17.492565437199570
 -18.415818435230968
 -17.358200093677429
 -18.331506496900346
 -17.224821304254686
 -18.246641217232291
 -17.092390618170413
 -18.161198661217338
 -16.960885772971732
 -18.075150696399060
 -16.830278148907531
 -17.988605515094743
 -16.700525596301471
 -17.901406399862481
 -16.571627344366117
 -17.813192502951708
 -16.443583445355099
 -17.723655196295869
 -16.316377357906934
 -17.632807439048275
 -16.190024634030749
 -17.540843272802991
 -16.064507870873740
 -17.447632596383116
 -15.939795950189408
 -17.353277441451706
 -15.815879373402268
 -17.257857111482902
 -15.692746030323629
 -17.161398346467582
 -15.570371462573480
 -17.064037997432177
 -15.448749948726089
 -16.965924216001394
 -15.327873064213129
 -16.867009291744690
 -15.207733359788715
 -16.767352251313511
 -15.088328445835369
 -16.666989434882158
 -14.969654251093296
 -16.565980530655615
 -14.851703889367734
 -16.464405185724623
 -14.734475721504745
 -16.362320562754359
 -14.617964008458227
 -16.259772887657551
 -14.502160638107666
 -16.156883667301404
 -14.387064048870442
 -16.053671081095139
 -14.272673500154433
 -15.950101595046835
 -14.158982415449266
 -15.846211767280417
 -14.045987355447181
 -15.742040402148717
 -13.933686701340038
 -15.637628304004423
 -13.822074764716023
 -15.533000113921455
 -13.711146262515145
 -15.428184054062504
 -13.600904227501552
 -15.323227803530886
 -13.491344384445743
 -15.218166718186563
 -13.382454163716442
 -15.113028934917971
 -13.274240488433556
 -15.007839682831387
 -13.166709987214110
 -14.902626970526569
 -13.059838406337782
 -14.797408175545254
 -12.953620313648525
 -14.692989351454139
 -12.848053701031693
 -14.588595094590616
 -12.743137395570589
 -14.484193257802527
 -12.638866059271182
 -14.379808626782093
 -12.535236380446760
 -14.275561924232905
 -12.432245361585682
 -14.171372483612554
 -12.329890479618811
 -14.067245269903884
 -12.228168907393956
 -13.963189506474935
 -12.127078321518884
 -13.859240268861512
 -12.026616220798335
 -13.755404117427203
 -11.926780251170275
 -13.651696803394634
 -11.827568416477529
 -13.548133631733272
 -11.728978876528142
 -13.444731736464517
 -11.631009736504641
 -13.341504911765741
 -11.533659343319107
 -13.238468049789777
 -11.436926138027243
 -13.135635495336553
 -11.340808438666247
 -13.033021427266167
 -11.245304509051198
 -12.930639751040298
 -11.150412439946237
 -12.828504265660357
 -11.056130581042996
 -12.726628403399051
 -10.962457529672983
 -12.625025446183567
 -10.869391784961563
 -12.523708374021655
 -10.776931634709003
 -12.422689717111945
 -10.685075873517299
 -12.321981630481595
 -10.593823384684415
 -12.221595971549572
 -10.503172395055360
 -12.121544327745109
 -10.413121831737611
 -12.021837894490883
 -10.323671107843753
 -11.922487433655215
 -10.234818073812304
 -11.823503423659979
 -10.146561999515177
 -11.724896035168294
 -10.058903656567617
 -11.626675087769806
  -9.971840070333949
 -11.528850235173426
  -9.885371054863693
 -11.431431105867226
  -9.799500196138885
 -11.334426882684753
  -9.714223373072947
 -11.237846665598205
  -9.629540414223060
 -11.141699092729599
  -9.545450351491359
 -11.045992439804598
  -9.461944654716222
 -10.950734521392567
  -9.379025440621700
 -10.855932743221970
  -9.296691308772470
 -10.761594085972927
  -9.214931337822721
 -10.667725208293231
  -9.133751502049021
 -10.574332393236848
  -9.053149616205889
 -10.481421576684584
  -8.973122863725948
 -10.388998557926319
  -8.893671464934226
 -10.297051339274864
  -8.814794334590211
 -10.205572865031051
  -8.736488816651606
 -10.114604611175778
  -8.658753052725265
 -10.024147963549273
  -8.581585012582964
  -9.934204520108683
  -8.504981810466063
  -9.844785962362756
  -8.428940180837593
  -9.755895495697022
  -8.353457835172650
  -9.667536240220354
  -8.278531777855681
  -9.579714020684483
  -8.204159453056864
  -9.492428944658510
  -8.130339047279847
  -9.405682830905032
  -8.057067780563377
  -9.319479676055588
  -7.984341833868704
  -9.233821590833790
  -7.912159227701394
  -9.148710945710331
  -7.840515235489744
  -9.064150505743143
  -7.769403564092016
  -8.980142258861315
  -7.698824840402156
  -8.896688270121668
  -7.628768986573656
  -8.813790545017884
  -7.559225147408924
  -8.731450663591662
  -7.490207669071484
  -8.649670160753788
  -7.421660763534106
  -8.568450426636076
  -7.353607966699929
  -8.487792440916397
  -7.286092655198408
  -8.407697090064877
  -7.219113344330858
  -8.328165198323413
  -7.152668508029993
  -8.249024796316204
  -7.086755070146435
  -8.170244214514671
  -7.021370826884978
  -8.092034330081239
  -6.956514547625633
  -8.014396074244338
  -6.892183772251233
  -7.937330791381575
  -6.828380513644138
  -7.860838634816879
  -6.765098768294298
  -7.784919464146347
  -6.702337111035579
  -7.709573761605374
  -6.640094088399298
  -7.634808889751474
  -6.578369258786601
  -7.560632091204400
  -6.517165369903354
  -7.487032481104459
  -6.456482369592553
  -7.414008845517515
  -6.396315347409944
  -7.341557761025271
  -6.336657476270728
  -7.269678358803844
  -6.277502811647961
  -7.198369382527940
  -6.218842933720176
  -7.127629822679626
  -6.160669362099231
  -7.057458443629557
  -6.102979404535305
  -6.987854035270170
  -6.045770493614404
  -6.918815088998846
  -5.989040104066679
  -6.850339985283621
  -5.932785763389256
  -6.782426950409994
  -5.877004641411797
  -6.715074154895092
  -5.821693497424779
  -6.648279723119511
  -5.766849007686650
  -6.582041720460858
  -5.712467902365703
  -6.516358163347930
  -5.658546798365636
  -6.451227037201421
  -5.605082182752880
  -6.386646278808185
  -5.552070729584964
  -6.322613754975505
  -5.499509444874210
  -6.259127257825569
  -5.447395709610771
  -6.196184512526129
  -5.395726580953892
  -6.133783169256510
  -5.344498700771553
  -6.071920801701639
  -5.293708451075482
  -6.010594925464999
  -5.243353352517564
  -5.949803008815538
  -5.193431188782291
  -5.889542476115216
  -5.143938433975646
  -5.829810709576691
  -5.094870589895744
  -5.770605039350655
  -5.046224314944737
  -5.711922738138947
  -4.997999827226926
  -5.653761090601473
  -4.950193154717958
  -5.596117347652452
  -4.902799090739595
  -5.538988696574697
  -4.855811597857592
  -5.482372214428109
  -4.809237584124097
  -5.426265072983487
  -4.763073608024206
  -5.370632183377833
  -4.717316600590538
  -5.315483832049766
  -4.671964079130378
  -5.260838140811072
  -4.627013963473489
  -5.206692320061625
  -4.582464846967885
  -5.153043139171660
  -4.538316628435993
  -5.099887556744823
  -4.494572051109379
  -5.047222706252527
  -4.451232907242097
  -4.995045596130356
  -4.408295059666562
  -4.943353302907458
  -4.365753437811263
  -4.892142920658753
  -4.323601459196504
  -4.841411549019820
  -4.281829772130087
  -4.791156233892747
  -4.240431016794279
  -4.741373935253874
  -4.199402368252493
  -4.692061540825756
  -4.158741022589417
  -4.643215831617298
  -4.118444198438360
  -4.594833524876488
  -4.078509153669623
  -4.546911341919277
  -4.038933179237604
  -4.499446001422030
  -3.999713610310981
  -4.452434219527463
  -3.960847910415886
  -4.405872711397975
  -3.922333780323374
  -4.359758190538529
  -3.884169274300567
  -4.314087370312826
  -3.846352160805127
  -4.268856963817836
  -3.808879963506174
  -4.224063688231605
  -3.771750001438561
  -4.179704271744472
  -3.734959441326040
  -4.135775469543767
  -3.698505369981504
  -4.092274035932890
  -3.662384641940723
  -4.049196731799643
  -3.626594156656858
  -4.006540309944940
  -3.591130986725731
  -3.964301516304245
  -3.555991963947375
  -3.922477092562866
  -3.521173877215110
  -3.881063758583180
  -3.486673937170773
  -3.840058235386715
  -3.452489567902988
  -3.799457238413965
  -3.418618211133170
  -3.759257459878744
  -3.385057325073101
  -3.719455597889664
  -3.351804386653706
  -3.680048357478708
  -3.318856891259028
  -3.641032453775357
  -3.286212353339262
  -3.602404613218411
  -3.253868308634747
  -3.564161574293984
  -3.221822312324297
  -3.526300088346036
  -3.190071940567550
  -3.488816920051732
  -3.158614797851056
  -3.451708848126154
  -3.127448508285431
  -3.414972665679536
  -3.096570719257413
  -3.378605180662904
  -3.065979135424560
  -3.342603216574915
  -3.035671477073078
  -3.306963612565330
  -3.005648154670920
  -3.271683223888511
  -2.975914433858169
  -3.236758923437710
  -2.946468294669994
  -3.202187600539653
  -2.917307246308420
  -3.167966189095176
  -2.888428698408208
  -3.134091700316009
  -2.859828186579466
  -3.100561118528812
  -2.831495370579251
  -3.067371454692052
  -2.803427141391724
  -3.034519708467264
  -2.775621279959125
  -3.002002880414438
  -2.748075623639726
  -2.969817906577893
  -2.720788181255285
  -2.937961784331869
  -2.693756914245034
  -2.906431505346759
  -2.666980077602930
  -2.875224105238790
  -2.640455786453487
  -2.844336631452637
  -2.614181741963638
  -2.813766162986408
  -2.588155597638643
  -2.783509804911769
  -2.562374782726133
  -2.753564683179263
  -2.536836771719187
  -2.723927933542719
  -2.511539307622250
  -2.694596710618671
  -2.486480287456351
  -2.665568170191588
  -2.461657659517997
  -2.636839489818219
  -2.437069425341434
  -2.608407861733230
  -2.412713757111290
  -2.580270501732607
  -2.388588924242157
  -2.552424643394014
  -2.364693155865796
  -2.524867544252742
  -2.341024620115674
  -2.497596486507937
  -2.317581442707013
  -2.470608774945061
  -2.294361697081078
  -2.443901736205772
  -2.271363325066439
  -2.417472716856280
  -2.248584167875737
  -2.391319083528647
  -2.226022125053636
  -2.365438220226263
  -2.203675179626166
  -2.339827525520372
  -2.181541382928800
  -2.314484416449866
  -2.159618837672258
  -2.289406327171436
  -2.137905686858387
  -2.264590712119905
  -2.116400107996553
  -2.240035044385938
  -2.095100312542656
  -2.215736817891306
  -2.074004549961677
  -2.191693545906254
  -2.053112290740999
  -2.167902762672168
  -2.032428198673943
  -2.144362022315189
  -2.011954163362897
  -2.121068900315350
  -1.991685054892578
  -2.098021135335872
  -1.971616092581689
  -2.075216420681695
  -1.951742905719209
  -2.052652431542738
  -1.932062046804944
  -2.030326826878359
  -1.912570945567861
  -2.008237250962567
  -1.893269656932960
  -1.986381367266699
  -1.874159698253442
  -1.964756844746851
  -1.855243646946292
  -1.943361396734629
  -1.836526303541614
  -1.922192781500159
  -1.818017225851308
  -1.901248835563374
  -1.799735360197070
-1000.000000000000000
-1000.000000000000000
 -25.581494995426720
 -24.040699940489329
 -23.581089143546517
 -22.463048456948041
 -22.615241134597934
 -21.692099164175477
 -22.006089633958851
 -21.202270987011055
 -21.571951536752660
 -20.851293270937248
 -21.239756127730960
 -20.451398736598165
 -20.973424756908660
 -20.211500042521191
 -20.752727638146450
 -20.014877372895175
 -20.461839390748562
 -19.849224997809603
 -20.282307061036498
 -19.700126170501921
 -20.126221198044419
 -19.567094049392601
 -19.988559546018404
 -19.449903777358685
 -19.865709558252753
 -19.341249953428481
 -19.747359195368308
 -19.242129450658489
 -19.639809435832337
 -19.149509642261140
 -19.541897051516287
 -19.063593057106306
 -19.451280147916872
 -18.977619353951784
 -19.363724864117128
 -18.898877720712559
 -19.282882661945859
 -18.823358333317504
 -19.205486730805340
 -18.749853806465939
 -19.132084591337023
 -18.678823890568221
 -19.061436824144423
 -18.609709476454650
 -18.994066614375029
 -18.542268856736037
 -18.928295530704375
 -18.475675055578559
 -18.864635560325617
 -18.409927578296323
 -18.799333175579527
 -18.344726526760031
 -18.737203290779782
 -18.279961373757789
 -18.676746888244292
 -18.215487722428445
 -18.617356504256417
 -18.151127904138473
 -18.558727792561740
 -18.086721016376760
 -18.500367092727505
 -18.022242745167436
 -18.442443063817674
 -17.957499299843260
 -18.384958508543509
 -17.892625232237148
 -18.327688758115858
 -17.827261278281561
 -18.270359362765749
 -17.761519052424578
 -18.213086853565404
 -17.695229690771075
 -18.155779623804591
 -17.628653952441997
 -18.098094535289153
 -17.561389437868886
 -18.040327883745519
 -17.493701682129835
 -17.982126489297681
 -17.425344606766899
 -17.923575695870696
 -17.356448717457102
 -17.864837105906982
 -17.286837600907759
 -17.805521218710414
 -17.216495977277777
 -17.745740869317551
 -17.145466193989019
 -17.685553891488045
 -17.069118876413516
 -17.624773380388621
 -16.929604522647811
 -17.563499141120143
 -16.799716606860724
 -17.501592983136156
 -16.671047400665646
 -17.439020215034759
 -16.543527673001105
 -17.375906753370089
 -16.417122923412602
 -17.312020590748968
 -16.291874263790426
 -17.247393919704884
 -16.167749381203798
 -17.182120856500529
 -16.044674793003576
 -17.115920725875142
 -15.922554332045584
 -17.048788544459267
 -15.801356073540273
 -16.980631369016205
 -15.681043914078742
 -16.911254540796804
 -15.561611548601915
 -16.840416458602277
 -15.443048230398741
 -16.768093370203548
 -15.325334312926751
 -16.694259932501843
 -15.208450615846754
 -16.619036936589200
 -15.092382341000032
 -16.542449159000171
 -14.977114934395781
 -16.464568231049661
 -14.862636943138467
 -16.385459694821279
 -14.748932572458191
 -16.305330985752917
 -14.635983445850799
 -16.224122917533812
 -14.523777164403613
 -16.141884169126296
 -14.412314414389513
 -16.058644126096258
 -14.301581003180107
 -15.974515143545858
 -14.191559270822937
 -15.889675716903319
 -14.082244426797631
 -15.804033016160798
 -13.973623686692507
 -15.717638585829487
 -13.865683995086945
 -15.630562388506904
 -13.758422097776474
 -15.542897305780150
 -13.651849789768701
 -15.454652719948333
 -13.545945238841766
 -15.365848514815077
 -13.440695618628368
 -15.276617687897765
 -13.336100849838232
 -15.186891088526854
 -13.232147690475623
 -15.096679475493463
 -13.128824891729550
 -15.006016637419414
 -13.026129372920165
 -14.914936914330749
 -12.924060129087785
 -14.823460564839971
 -12.822607532404238
 -14.731632372226215
 -12.721762862648477
 -14.639576339513839
 -12.621529293513911
 -14.547286695958077
 -12.521893816455011
 -14.454730168707719
 -12.422850715877741
 -14.361949615533591
 -12.324397221485112
 -14.269018998970974
 -12.226533949708575
 -14.175936884750961
 -12.129258565281939
 -14.082678375348436
 -12.032566011359327
 -13.989265348425885
 -11.936451436202107
 -13.895715326640010
 -11.840911127058456
 -13.802051871127563
 -11.745940642802317
 -13.708307893997343
 -11.651536996342891
 -13.614483534009405
 -11.557697469458653
 -13.520601660826237
 -11.464419469267751
 -13.426700381004087
 -11.371701070765566
 -13.332818479164077
 -11.279540711713556
 -13.238969613612406
 -11.187936758524154
 -13.145155420350310
 -11.096885338378174
 -13.051382485086764
 -11.006384018914966
 -12.957660677491061
 -10.916431199054887
 -12.864001682643238
 -10.827025328773319
 -12.770418242087558
 -10.738164987932581
 -12.676923640415749
 -10.649848745225048
 -12.583531599514972
 -10.562075304252350
 -12.490256104900700
 -10.474843214917572
 -12.397111009281451
 -10.388151223626499
 -12.304109993738644
 -10.301998374612811
 -12.211269169479435
 -10.216383457090345
 -12.118610154292897
 -10.131305163394382
 -12.026145539182611
 -10.046762587934648
 -11.933887842528076
  -9.962754808430182
 -11.841848149765216
  -9.879280601070178
 -11.750037453824310
  -9.796339267576940
 -11.658465152223473
  -9.713929905359645
 -11.567137128353206
  -9.632050935651487
 -11.476063868347319
  -9.550701388552680
 -11.385255656062249
  -9.469880673989264
 -11.294723121089993
  -9.389587178516230
 -11.204478325069699
  -9.309819675454156
 -11.114534602901305
  -9.230577361107930
 -11.024902786159156
  -9.151857956519708
 -10.935594274732999
  -9.073659524552927
 -10.846618311543599
  -8.995982390341224
 -10.757984104996336
  -8.918826472573954
 -10.669698046271941
  -8.842190593743645
 -10.581766574674822
  -8.766074609651891
 -10.494196235490195
  -8.690477170227936
 -10.406993492205588
  -8.615395300637694
 -10.320164966988790
  -8.540827693734627
 -10.233717191203741
  -8.466777857034860
 -10.147656602431327
  -8.393243358827077
 -10.061989383331904
  -8.320224992892708
  -9.976721743191947
  -8.247722737385953
  -9.891859537664317
  -8.175732178639478
  -9.807407612108596
  -8.104247242806727
  -9.723371533146063
  -8.033279310926847
  -9.639758290692503
  -7.962823555197391
  -9.556572930635166
  -7.892882950794263
  -9.473820813088450
  -7.823459380209541
  -9.391507396238257
  -7.754545206196045
  -9.309637393976889
  -7.686127144588141
  -9.228215611251697
  -7.618205339610651
  -9.147246567637561
  -7.550765031970913
  -9.066734168179728
  -7.483812530725704
  -8.986682166877996
  -7.417351634435029
  -8.907094187289891
  -7.351378825206513
  -8.827973445644943
  -7.285894278743703
  -8.749323252283437
  -7.220899854126287
  -8.671146708719466
  -7.156367203641945
  -8.593446719436828
  -7.092316936806339
  -8.516226080337070
  -7.028752764203001
  -8.439487321716342
  -6.965681206270447
  -8.363232497248612
  -6.903099349878891
  -8.287463956119746
  -6.841000039297755
  -8.212183874167307
  -6.779380094817436
  -8.137348575435997
  -6.718237084743209
  -8.062938038181539
  -6.657583533894297
  -7.989010057220550
  -6.597431013305888
  -7.915563482875670
  -6.537755432805830
  -7.842612273269407
  -6.478552474925583
  -7.770157497411823
  -6.419813678084493
  -7.698203296052867
  -6.361542158632634
  -7.627219826961197
  -6.303734341102359
  -7.556797103951744
  -6.246387405930860
  -7.486946873060940
  -6.189496142077721
  -7.417564647187286
  -6.133054057530647
  -7.348656741523052
  -6.077070639848930
  -7.280195791329118
  -6.021545640151008
  -7.212185499806462
  -5.966476687594922
  -7.144619690251385
  -5.911857256290952
  -7.077500980871188
  -5.857671426831905
  -7.010829530966356
  -5.803916230853642
  -6.944608726075651
  -5.750589827529764
  -6.878839488080645
  -5.697689697407390
  -6.813523527342016
  -5.645212514587708
  -6.748661670222453
  -5.593155421496698
  -6.684254958281972
  -5.541517029093423
  -6.620304117155796
  -5.490296028670657
  -6.556809853145307
  -5.439489562322411
  -6.493772705617410
  -5.389092980662840
  -6.431193177138711
  -5.339103105428435
  -6.369071658950017
  -5.289520419453300
  -6.307408437794397
  -5.240344590704943
  -6.246203697260914
  -5.191570831107991
  -6.185457507575951
  -5.143190491423532
  -6.125169873699547
  -5.095202165940305
  -6.065340710081149
  -5.047613283729056
  -6.005969740904054
  -5.000421016643572
  -5.947056324990381
  -4.953612942944200
  -5.888600042217614
  -4.907169021974495
  -5.830600411792155
  -4.861118872082699
  -5.773056916775749
  -4.815460562908206
  -5.715968870491106
  -4.770188627171216
  -5.659335415835983
  -4.725228711459834
  -5.603155921982094
  -4.680660680036402
  -5.547429524338795
  -4.636483050185461
  -5.492155322621256
  -4.592699854396883
  -5.437331784559521
  -4.549308776572663
  -5.382958198793499
  -4.506307148568788
  -5.328712511995928
  -4.463684218588829
  -5.274908430657067
  -4.421430738227302
  -5.221563214020292
  -4.379544553593068
  -5.168675576340315
  -4.338022725894040
  -5.116242567799859
  -4.296862413558062
  -5.064262867993898
  -4.256060689185083
  -5.012735275158926
  -4.215614286661738
  -4.961657871517397
  -4.175520076502953
  -4.911029144658225
  -4.135775447626609
  -4.860847336703650
  -4.096377976710370
  -4.811110647030818
  -4.057325234106619
  -4.761817218436757
  -4.018614782219747
  -4.712965072322483
  -3.980244251613785
  -4.664552168012635
  -3.942211345556345
  -4.616576355519386
  -3.904513714215782
  -4.569035404215735
  -3.867149001179453
  -4.521927044897728
  -3.830115095047034
  -4.475248956025178
  -3.793409942909636
  -4.428998776431245
  -3.757031133031058
  -4.383174105831342
  -3.720976547141658
  -4.337772511323124
  -3.685244762587069
  -4.292791529976190
  -3.649833322458185
  -4.248228664304966
  -3.614739753415637
  -4.204081393819088
  -3.579964290634182
  -4.160347187173380
  -3.545504685645008
  -4.117023482278945
  -3.511357605494942
  -4.074107690118637
  -3.477526796007387
  -4.031597241260216
  -3.444010409756406
  -3.989489520040173
  -3.410804066060433
  -3.947781873849220
  -3.377904990578302
  -3.906471723705475
  -3.345303445297160
  -3.865556416907498
  -3.312993708272175
  -3.825033251548886
  -3.280973508520401
  -3.784899503510677
  -3.249240597475519
  -3.745152311286963
  -3.217792744126089
  -3.705788815446465
  -3.186627749640712
  -3.666806161316502
  -3.155743440569569
  -3.628201494095054
  -3.125137662875821
  -3.589971964496791
  -3.094808316374022
  -3.552114725024792
  -3.064753335018861
  -3.514626930974016
  -3.034970673745732
  -3.477505739826274
  -3.005458406677471
  -3.440748312239346
  -2.976214639956028
  -3.404351812081908
  -2.947237503619766
  -3.368313406848902
  -2.918525476141768
  -3.332630269420332
  -2.890076887184739
  -3.297299577630823
  -2.861889487876480
  -3.262318515000952
  -2.833960923348356
  -3.227684275550065
  -2.806288813770067
  -3.193394058461689
  -2.778870667826865
  -3.159445081248705
  -2.751703778744685
  -3.125834600907321
  -2.724786242461459
  -3.092559850536751
  -2.698116404060418
  -3.059618083037333
  -2.671692600174449
  -3.027006534148131
  -2.645513652093270
  -2.994722449533624
  -2.619578086485607
  -2.962763033191899
  -2.593885674409614
  -2.931125532125285
  -2.568435272805284
  -2.899807183199888
  -2.543228499945149
  -2.868805252954920
  -2.518264620995455
  -2.838117022964814
  -2.493539053890995
  -2.807739789546821
  -2.469048227543063
  -2.777670895624963
  -2.444785684687149
  -2.747907676385349
  -2.420746963249046
  -2.718447445934408
  -2.396930224893400
  -2.689287525973628
  -2.373333653751949
  -2.660425196892907
  -2.349955462043757
  -2.631857765835528
  -2.326793880743963
  -2.603582555899548
  -2.303847142412137
  -2.575596914924922
  -2.281113477321342
  -2.547898207791536
  -2.258591113992718
  -2.520483821452228
  -2.236278280271502
  -2.493351161113149
  -2.214173201481991
  -2.466497652303103
  -2.192274105599972
  -2.439920738376347
  -2.170579239982770
  -2.413617881059221
  -2.149086881697283
  -2.387586559187706
  -2.127795339604351
  -2.361824268442375
  -2.106702956538895
  -2.336328520131250
  -2.085808115197987
  -2.311096841731786
  -2.065109250201698
  -2.286126776428312
  -2.044604869635980
  -2.261415884167531
  -2.024293592467742
  -2.236961741121012
  -2.004174211499779
  -2.212761940830593
  -1.984245805217138
  -2.188814093772626
  -1.964507589669461
  -2.165115828692926
  -1.944958176381793
  -2.141664792677265
  -1.925595708352050
  -2.118458653194023
  -1.906418812405035
  -2.095495123194959
  -1.887426930735431
  -2.072771934536799
  -1.868620961017908
  -2.050286840428335
  -1.850004424268391
  -2.028037588349919
  -1.831585959414896
  -2.006021945889625
  -1.813384686646196
  -1.984237693670012
  -1.795433584584456
  -1.962682650106686
  -1.777786573400005
  -1.941354692431822
  -1.760543620202812
  -1.920251815277216
  -1.743918973734695
  -1.899372168851958
  -1.728458849592246
