 -48.136136499856953
 -47.005793828609605
 -45.944443930218448
 -45.064830951559877
 -44.303796670630128
 -43.626459127365507
 -43.030787500458295
 -42.463296508691997
 -41.902631528414105
 -41.369822164888063
 -40.872425779983615
 -40.385662903686459
 -39.942827519298085
 -39.516786488951055
 -39.104916969266071
 -38.705864732139460
 -38.316291781656837
 -37.935271710016032
 -37.568440929398790
 -37.207583674581237
 -36.852890628159606
 -36.514203217806497
 -36.183247133408379
 -35.857933102270849
 -35.537909494935342
 -35.222161871427929
 -34.913184714057046
 -34.609639764156860
 -34.309977140794700
 -34.014946828996919
 -33.724975695119795
 -33.439131948228898
 -33.156831194041899
 -32.878195720268025
 -32.603326921849231
 -32.329118829840183
 -32.051565534732511
 -31.775889763986779
 -31.503242854436852
 -31.233340964621231
 -30.966136888159713
 -30.701571426141008
 -30.439218008037532
 -30.177836447113577
 -29.916680319960381
 -29.657642257649542
 -29.400777701394873
 -29.145795576969984
 -28.892671894367449
 -28.641361173634593
 -28.391454859748933
 -28.142734004585190
 -27.895684497476331
 -27.650335755825026
 -27.406716155049846
 -27.164657085958837
 -26.922937125224689
 -26.680843431663675
 -26.440488714013110
 -26.203097803512325
 -25.966928747367525
 -25.730264865735883
 -25.492205370469627
 -25.253941993873799
 -25.017690233104204
 -24.783293800048092
 -24.549534695088575
 -24.315956980293937
 -24.082341510910769
 -23.848920219313381
 -23.616168620110670
 -23.384071995024446
 -23.152683717204837
 -22.921887886493664
 -22.691321912034265
 -22.461130590871083
 -22.231858883163202
 -22.003720304205530
 -21.776755096678237
 -21.550695039709190
 -21.325446414116644
 -21.101339239715479
 -20.878466709788849
 -20.656708978857026
 -20.436012325462709
 -20.216413927286801
 -19.998035950781702
 -19.780974024795540
 -19.565352545796255
 -19.351168050152722
 -19.138397478543176
 -18.927106736647026
 -18.717410363755718
 -18.509355984596279
 -18.302929131457006
 -18.098133147965775
 -17.895035968077323
 -17.693714719648714
 -17.494264275449964
 -17.296722129915530
 -17.101104320059612
 -16.907452499748000
 -16.715725841022486
 -16.525900794749099
 -16.337982696915109
 -16.151995765310033
 -15.967923564550929
 -15.785756862083206
 -15.605525698628227
 -15.427247091545429
 -15.250910149984858
 -15.076503361089692
 -14.904020289364107
 -14.733462597010332
 -14.564819221401125
 -14.398075492700222
 -14.233218932238533
 -14.070242977348661
 -13.909134910661971
 -13.749879593714621
 -13.592464995485487
 -13.436881405717230
 -13.283114850027458
 -13.131150298696507
 -12.980974102439372
 -12.832572268417691
 -12.685929402151229
 -12.541029322142805
 -12.397857157470062
 -12.256397512008647
 -12.116633854043455
 -11.978549963583825
 -11.842129356869661
 -11.707354440626977
 -11.574202252843214
 -11.442641467951859
 -11.312655838264414
 -11.184231302510391
 -11.057344682612280
 -10.931981967340821
 -10.808147760204751
 -10.685825881671530
 -10.565003849977710
 -10.445674964672451
 -10.327827093041430
 -10.211449596659882
 -10.096529149247953
  -9.983053323140362
  -9.870994673976298
  -9.760331897417235
  -9.651051485102524
  -9.543130534944346
  -9.436549340978729
  -9.331292617868419
  -9.227339831884636
  -9.124668797714142
  -9.023261783274759
  -8.923098691254932
  -8.824161531471059
  -8.726427029024297
  -8.629880156801251
  -8.534506191268711
  -8.440283240261689
  -8.347198327789371
  -8.255232380684792
  -8.164368529002406
  -8.074594344584254
  -7.985891792293633
  -7.898246171426042
  -7.811643685147859
  -7.726068478894923
  -7.641506356630167
  -7.557943517574147
  -7.475365749283077
  -7.393759153145481
  -7.313110284973957
  -7.233405541879939
  -7.154631478940781
  -7.076774991285167
  -6.999823007552187
  -6.923762742688762
  -6.848581675270151
  -6.774267455363134
  -6.700808033144276
  -6.628191677835234
  -6.556406872117466
  -6.485442195725574
  -6.415286356003657
  -6.345928175615183
  -6.277356537315779
  -6.209560436637292
  -6.142529108579120
  -6.076252021667744
  -6.010718835392409
  -5.945919418884543
  -5.881843835813433
  -5.818482340766861
  -5.755825377277318
  -5.693863558550079
  -5.632587671844057
  -5.571988684464596
  -5.512057744889585
  -5.452786127564735
  -5.394165313862099
  -5.336187033906216
  -5.278843090237280
  -5.222125353205310
  -5.166025973316337
  -5.110537255497301
  -5.055651593884249
  -5.001361630010655
  -4.947660125140692
  -4.894540005662300
  -4.841994282302549
  -4.790016044085880
  -4.738598460225221
  -4.687734740487533
  -4.637418190320203
  -4.587642233287563
  -4.538400397988426
  -4.489686323648900
  -4.441493755741177
  -4.393816544539437
  -4.346648643737477
  -4.299984108624749
  -4.253817096595159
  -4.208141877646657
  -4.162952936600764
  -4.118244806743565
  -4.074012098310088
  -4.030249480651827
  -3.986951691526598
  -3.944113441562236
  -3.901729500086084
  -3.859794737541633
  -3.818304100214732
  -3.777252614617527
  -3.736635386179928
  -3.696447595337023
  -3.656684496643221
  -3.617341415602689
  -3.578413747150576
  -3.539896953724280
  -3.501786563507705
  -3.464078168967364
  -3.426767425167891
  -3.389850048449055
  -3.353321814977412
  -3.317178559373610
  -3.281416173469728
  -3.246030605294633
  -3.211017857440604
  -3.176374009302220
  -3.142095224812992
  -3.108177702727934
  -3.074617701520083
  -3.041411509473879
  -3.008555450119013
  -2.976045843627158
  -2.943879072881539
  -2.912051540736476
  -2.880559712028752
  -2.849400081633025
  -2.818569199641522
  -2.788063653105496
  -2.757880077005478
  -2.728015141785376
  -2.698465560183659
  -2.669228076713423
  -2.640299475544201
  -2.611676572702029
  -2.583356222992894
  -2.555335313265524
  -2.527610772473650
  -2.500179577319460
  -2.473038736533787
  -2.446185293501415
  -2.419616319545066
  -2.393328916583065
  -2.367320207115731
  -2.341587330503191
  -2.316127457340921
  -2.290937784453912
  -2.266015541373501
  -2.241357985714879
  -2.216962406697880
  -2.192826121573671
  -2.168946477757935
  -2.145320850173194
  -2.121946642664255
  -2.098821751161601
  -2.075943755053760
  -2.053310059568170
  -2.030918130529664
  -2.008765354592697
  -1.986849211893089
  -1.965167158407741
  -1.943716737217463
  -1.922495500721597
  -1.901501081755985
 -37.635983990998987
 -37.388583059185066
 -37.149183693625140
 -36.913167350397494
 -36.677263985892871
 -36.441655558117489
 -36.219410621731548
 -35.998639048474935
 -35.783408842296446
 -35.574483176209100
 -35.367475915195818
 -35.164095871438775
 -34.966150817623884
 -34.769518844884445
 -34.573152866915734
 -34.376810075976408
 -34.187842462109785
 -33.998877718168380
 -33.809530404076995
 -33.619952053514510
 -33.430858032375703
 -33.245759940620751
 -33.062831460955906
 -32.880398952161933
 -32.698357235328594
 -32.516882032477817
 -32.337050141190353
 -32.158947758429896
 -31.981095374203818
 -31.803438371298345
 -31.626448219084040
 -31.450061487188339
 -31.273371700612344
 -31.095909131815141
 -30.918771443994455
 -30.742657607185691
 -30.566531090943961
 -30.390211052303297
 -30.214061707464907
 -30.037998538726590
 -29.861810283036487
 -29.685359689701624
 -29.508850476178491
 -29.332396628996662
 -29.155599316726232
 -28.978488606121328
 -28.801248425175356
 -28.623757918551213
 -28.445885692102710
 -28.267792994625822
 -28.089852659427038
 -27.911974982925660
 -27.734011770155639
 -27.555961299888203
 -27.378583347853734
 -27.201562159044474
 -27.024921286041149
 -26.848872809879985
 -26.672935573587267
 -26.497161649966873
 -26.318587568133776
 -26.134149539062385
 -25.946775278708721
 -25.757445208041556
 -25.566643678222061
 -25.374804157596177
 -25.181935111886201
 -24.986777490171129
 -24.788735423134955
 -24.588975488964650
 -24.387682605894160
 -24.184849471206849
 -23.980945796524658
 -23.775690616520656
 -23.568854262966738
 -23.361433966616431
 -23.153334508513485
 -22.944426919615928
 -22.734817468258509
 -22.524506917412971
 -22.313702352936044
 -22.102664746513117
 -21.891296719921566
 -21.679676903679869
 -21.467843721181165
 -21.255896703669261
 -21.044048257760323
 -20.832634007825853
 -20.621702980158808
 -20.411119947584218
 -20.200926484338609
 -19.991275649195693
 -19.782310131867504
 -19.574063913816037
 -19.366497881536588
 -19.159693546611948
 -18.953787214460068
 -18.748852587998389
 -18.544864974722596
 -18.341856696859402
 -18.139926788734485
 -17.939159693613657
 -17.739573568352618
 -17.541179536319980
 -17.344033195028501
 -17.148190291917658
 -16.953685405112690
 -16.760628136529643
 -16.569087129420478
 -16.379095925186732
 -16.190660177892159
 -16.003759091357200
 -15.818420379538411
 -15.634667778749819
 -15.452511389684989
 -15.271953934593281
 -15.093026138008973
 -14.915751686346232
 -14.740140799244248
 -14.566200871326190
 -14.393943036191786
 -14.223376939802590
 -14.054508940947995
 -13.887342065558189
 -13.721881020003533
 -13.558131887410408
 -13.396098322493689
 -13.235785175899707
 -13.077196639801056
 -12.920336494507668
 -12.765207115644259
 -12.611808810895864
 -12.460141336363895
 -12.310203982063692
 -12.161991514927196
 -12.015498458471047
 -11.870722055466727
 -11.727656196074809
 -11.586293890156279
 -11.446630666076883
 -11.308658791492167
 -11.172370220447783
 -11.037759209864346
 -10.904816913492606
 -10.773534030258917
 -10.643903071800311
 -10.515924063757904
 -10.389599263643513
 -10.264920749051290
 -10.141878574286606
 -10.020464245089169
  -9.900664602971775
  -9.782464911194086
  -9.665849502152115
  -9.550795645167806
  -9.437277659830336
  -9.325275312502379
  -9.214771638072946
  -9.105745401708152
  -8.998168001500847
  -8.892031656772945
  -8.787317360276340
  -8.683999857752898
  -8.582065893019848
  -8.481490124417695
  -8.382255122609006
  -8.284345775465058
  -8.187739243812789
  -8.092418838479691
  -7.998366628918618
  -7.905566016686588
  -7.813996643318786
  -7.723642123348869
  -7.634485544137100
  -7.546507777031133
  -7.459692274299111
  -7.374021572397112
  -7.289477540087312
  -7.206042985847299
  -7.123700508379099
  -7.042432891260164
  -6.962223344363363
  -6.883055183447895
  -6.804911960076371
  -6.727777552018471
  -6.651636030589104
  -6.576471630111850
  -6.502268830739554
  -6.429012330604799
  -6.356687758280771
  -6.285280670606919
  -6.214776228775025
  -6.145159863665883
  -6.076417298196598
  -6.008534494214215
  -5.941497578563994
  -5.875292906489055
  -5.809907232822697
  -5.745327563250029
  -5.681540948476437
  -5.618534590821729
  -5.556296306663427
  -5.494814140579876
  -5.434076053142116
  -5.374070908204633
  -5.314787277828417
  -5.256213642773392
  -5.198339106598755
  -5.141153444328126
  -5.084645782601654
  -5.028806096488147
  -4.973624499360445
  -4.919091391233160
  -4.865197333751646
  -4.811932935154165
  -4.759288985477854
  -4.707256312627364
  -4.655825904073859
  -4.604988968905232
  -4.554736892940053
  -4.505061246229813
  -4.455953779005954
  -4.407406413330690
  -4.359411243226647
  -4.311960527543023
  -4.265046692220093
  -4.218662334664413
  -4.172800238546108
  -4.127453320976296
  -4.082614653616380
  -4.038277433163825
  -3.994434982009577
  -3.951080745547312
  -3.908208275294272
  -3.865811244808452
  -3.823883443784565
  -3.782418745114320
  -3.741411146426154
  -3.700854760842631
  -3.660743814294360
  -3.621072646469365
  -3.581835704476183
  -3.543027543140769
  -3.504642820117206
  -3.466676294746732
  -3.429122824288140
  -3.391977361972888
  -3.355234954321973
  -3.318890738475167
  -3.282939939955447
  -3.247377871431024
  -3.212199928320645
  -3.177401628923206
  -3.142978623333677
  -3.108926586205569
  -3.075241276116809
  -3.041918493710713
  -3.008954082751860
  -2.976343875079159
  -2.944083821361497
  -2.912169911223079
  -2.880598224511675
  -2.849364895934936
  -2.818466132314573
  -2.787898207984735
  -2.757657452421629
  -2.727740240980674
  -2.698143002242645
  -2.668862196734702
  -2.639894341705692
  -2.611235997738274
  -2.582883779919941
  -2.554834347465182
  -2.527084412008490
  -2.499630734490436
  -2.472470123096580
  -2.445599430293429
  -2.419015550783358
  -2.392715420081859
  -2.366696010626322
  -2.340954328699282
  -2.315487417662818
  -2.290292355836575
  -2.265366258783290
  -2.240706276883014
  -2.216309596757263
  -2.192173439041060
  -2.168295059359024
  -2.144671746547401
  -2.121300823552581
  -2.098179793927165
  -2.075306119229562
  -2.052677252852969
  -2.030290642007057
  -2.008143732104356
  -1.986233997458879
  -1.964558928896461
  -1.943116071442233
  -1.921903026498023
  -1.900917479869062
 -33.229309607983687
 -33.109419407649227
 -32.986462655466575
 -32.865856503819415
 -32.743020499302304
 -32.624940103405692
 -32.505252051863089
 -32.387143505514707
 -32.269555005775018
 -32.150319846377315
 -32.035077741760048
 -31.918051419661552
 -31.800971793952495
 -31.683840792228512
 -31.565388270325052
 -31.446758122742914
 -31.330777775893129
 -31.213576924725370
 -31.095927941451293
 -30.978928780104237
 -30.860465071015874
 -30.740776169898329
 -30.621510012363004
 -30.503987704957208
 -30.385516402988863
 -30.266093630701469
 -30.147156767069973
 -30.028661399122726
 -29.909505855332643
 -29.789726349332899
 -29.669447324186404
 -29.550046332195837
 -29.429976525644523
 -29.308997915734675
 -29.187214512476920
 -29.064881869764626
 -28.942617602585948
 -28.820030659762480
 -28.696439399350908
 -28.572104490715205
 -28.447333030335400
 -28.322183710427936
 -28.196278210042628
 -28.069882623885654
 -27.943296232955252
 -27.816142789396132
 -27.688341651176941
 -27.559886513105017
 -27.430806970411400
 -27.301323509779579
 -27.171632301894931
 -27.041588684290414
 -26.910979241289958
 -26.780029249708612
 -26.649275123058239
 -26.518192996677495
 -26.386532712764264
 -26.253929975652078
 -26.120451074237245
 -25.985466318248111
 -25.848240259019789
 -25.708018794293032
 -25.560310537530665
 -25.407093082740200
 -25.252533696636029
 -25.096259567598370
 -24.937928683137770
 -24.777335190376956
 -24.614543028272937
 -24.449277180211709
 -24.279890777986889
 -24.108230088161637
 -23.934904983344563
 -23.759765770952423
 -23.583287198159496
 -23.405335816812268
 -23.225611594177600
 -23.044024730668283
 -22.861049873853521
 -22.676837808343208
 -22.491524474099496
 -22.304921558237510
 -22.117254313267974
 -21.928724257515587
 -21.739316456192501
 -21.549126131794733
 -21.358357753008310
 -21.167149697019884
 -20.975498560425461
 -20.783414817535117
 -20.590964603494726
 -20.398257442534526
 -20.205389180960708
 -20.012407094778677
 -19.819359872904698
 -19.626361570144589
 -19.433491806867554
 -19.240733582698461
 -19.048093293658670
 -18.855656072930483
 -18.663563176219089
 -18.471921966822528
 -18.280752926733868
 -18.090064664371049
 -17.899911122531933
 -17.710364449390845
 -17.521483521622354
 -17.333311412378286
 -17.145889666219013
 -16.959266711014131
 -16.773484577359898
 -16.588579126665607
 -16.404590689039928
 -16.221559111597067
 -16.039520478544031
 -15.858531235631386
 -15.678692775482281
 -15.500065812779480
 -15.322674210654347
 -15.146521445580566
 -14.971599279342986
 -14.797922017938481
 -14.625507911746336
 -14.454361996046055
 -14.284498983790247
 -14.115945910976983
 -13.948731199970421
 -13.782890363207635
 -13.618447067000037
 -13.455430939374976
 -13.293861381966043
 -13.133756296218664
 -12.975133517389166
 -12.818010768082164
 -12.662400308453586
 -12.508321631607707
 -12.355791193824235
 -12.204817638916941
 -12.055409886625105
 -11.907577412344635
 -11.761325997709994
 -11.616658941023209
 -11.473577908467410
 -11.332080152634290
 -11.192169171031070
 -11.053850857181471
 -10.917131489596159
 -10.782012964792797
 -10.648497976498474
 -10.516585020219624
 -10.386274574272628
 -10.257566725974000
 -10.130455609384011
 -10.004938352097783
  -9.881023796431986
  -9.758709758601727
  -9.637992364128266
  -9.518873236204563
  -9.401334125090086
  -9.285370140190230
  -9.170976412786581
  -9.058132776188152
  -8.946815627969741
  -8.837004270442954
  -8.728684057032746
  -8.621837212858106
  -8.516444461107865
  -8.412490040999836
  -8.309951009817857
  -8.208822187490043
  -8.109087909202406
  -8.010724439417039
  -7.913720543472126
  -7.818058459139830
  -7.723718949689640
  -7.630687316977649
  -7.538946205898875
  -7.448476941521448
  -7.359262291261635
  -7.271284752884028
  -7.184526318402626
  -7.098969544507002
  -7.014596947249112
  -6.931390963622925
  -6.849334379376360
  -6.768409938029989
  -6.688600341031424
  -6.609888498491966
  -6.532257503346377
  -6.455690604714557
  -6.380171073316950
  -6.305682130855241
  -6.232207276594396
  -6.159730457666695
  -6.088235721060568
  -6.017706817555008
  -5.948127513372844
  -5.879482539008005
  -5.811757065767045
  -5.744935577671399
  -5.679001769894689
  -5.613941310169425
  -5.549741010953384
  -5.486385752068267
  -5.423862599332899
  -5.362157611775151
  -5.301256020240277
  -5.241143901071490
  -5.181809747572493
  -5.123239477204177
  -5.065421079786629
  -5.008342099272477
  -4.951990265834260
  -4.896353763943119
  -4.841420959495031
  -4.787180863335990
  -4.733621949930833
  -4.680732855721343
  -4.628502473348229
  -4.576919910483906
  -4.525974482844248
  -4.475655744047733
  -4.425953449954891
  -4.376857612006740
  -4.328358406948237
  -4.280446273800450
  -4.233111844584483
  -4.186345986366580
  -4.140139729463828
  -4.094484363649745
  -4.049371360738310
  -4.004792331588344
  -3.960739190994842
  -3.917203984960370
  -3.874178875735186
  -3.831656205612038
  -3.789628343855978
  -3.748087834701396
  -3.707027419887948
  -3.666439938012083
  -3.626318462937269
  -3.586656240937119
  -3.547446677125548
  -3.508683323324642
  -3.470359878225870
  -3.432470180374528
  -3.395008205565612
  -3.357968063234874
  -3.321343991887096
  -3.285130355928351
  -3.249321645964167
  -3.213912468504225
  -3.178897562196903
  -3.144271803929003
  -3.110030146964915
  -3.076167655714908
  -3.042679473773608
  -3.009560834736988
  -2.976807022258494
  -2.944413442574178
  -2.912375576865626
  -2.880689007257405
  -2.849349410207941
  -2.818352542540346
  -2.787694281987296
  -2.757370554541566
  -2.727377326498994
  -2.697710632269058
  -2.668366515807143
  -2.639341111614718
  -2.610630619591078
  -2.582231317880369
  -2.554139548418112
  -2.526351722964521
  -2.498864315242678
  -2.471673862382785
  -2.444776959557510
  -2.418170259455915
  -2.391850468811605
  -2.365814346753931
  -2.340058701902010
  -2.314580391566632
  -2.289376319884429
  -2.264443437467229
  -2.239778739590232
  -2.215379266008406
  -2.191242099363719
  -2.167364365300921
  -2.143743231473815
  -2.120375908483329
  -2.097259674479892
  -2.074391846665502
  -2.051769782438039
  -2.029390851598381
  -2.007252462905150
  -1.985352055403943
  -1.963687124053324
  -1.942255240025030
  -1.921054111999238
  -1.900081614434527
