   0.000000000000000
   0.000000000000000
   0.000000079487581
   0.000000215396513
   0.000000386711806
   0.000001440429579
   0.000000596330987
   0.000002401252252
   0.000000439413165
   0.000001661094061
   0.000000595615045
   0.000002346736746
   0.000000677602935
   0.000002638681171
   0.000000540021209
   0.000001863775055
   0.000000584480865
   0.000002027233666
   0.000000739082876
   0.000002421420948
   0.000000810206583
   0.000002706275312
   0.000000650005340
   0.000001996209676
   0.000000691123383
   0.000002065245426
   0.000000850045975
   0.000002374976788
   0.000000861881340
   0.000002383066241
   0.000001481841506
   0.000002539858362
   0.000001628426783
   0.000002373099719
   0.000001967393649
   0.000003330092636
   0.000002666243978
   0.000005378202191
   0.000002703174581
   0.000004890581973
   0.000002634582439
   0.000003748095589
   0.000002826366882
   0.000015208468383
   0.000003958498756
   0.000043235605005
   0.000003967556965
   0.000039984855399
   0.000011696652446
   0.000086782926482
   0.000013720655894
   0.000086250012998
   0.000016984075782
   0.000132626436911
   0.000019236881357
   0.000135005506809
   0.000020923814163
   0.000142177663876
   0.000022712891146
   0.000156637540217
   0.000023696494387
   0.000167718756105
   0.000024795049499
   0.000176297321172
   0.000024684477011
   0.000176660480200
   0.000024977584881
   0.000178605499421
   0.000025299416266
   0.000180631548329
   0.000026477242366
   0.000204520233369
   0.000026132814101
   0.000202537851183
   0.000025759621250
   0.000198693006338
   0.000025071775257
   0.000190341840861
   0.000023194157310
   0.000160203213477
   0.000022720218403
   0.000153891501251
   0.000022010834246
   0.000148607905187
   0.000021504710098
   0.000139534369025
   0.000020660531185
   0.000130438619436
   0.000019274623087
   0.000117228221106
   0.000019339334775
   0.000118693344230
   0.000018983186005
   0.000110509735944
   0.000019559115592
   0.000111838837840
   0.000018648865538
   0.000091675342773
   0.000020850958685
   0.000120908895294
   0.000018797725965
   0.000104200083898
   0.000021827419696
   0.000130010735559
   0.000021500453465
   0.000121639800853
   0.000023994974096
   0.000147158598677
   0.000024218844306
   0.000146594563777
   0.000025771887236
   0.000165136051777
   0.000025413492094
   0.000163831803337
   0.000026482765819
   0.000175878440828
   0.000026961001001
   0.000178895609942
   0.000027701562474
   0.000187853839184
   0.000027778630221
   0.000191390322319
   0.000028512277315
   0.000198333037331
   0.000029348121049
   0.000204028490100
   0.000029931012118
   0.000210189070160
   0.000030292789270
   0.000215584073771
   0.000030273213858
   0.000219828475889
   0.000030654356268
   0.000224763315467
   0.000031127921253
   0.000229389386865
   0.000031436405853
   0.000233020081869
   0.000031609012614
   0.000234928567935
   0.000031972121794
   0.000237993181501
   0.000032385733344
   0.000240392521578
   0.000032626271865
   0.000241627622732
   0.000032679648184
   0.000243071710551
   0.000032850644759
   0.000244181409688
   0.000033235830448
   0.000245587722661
   0.000033592779093
   0.000247009280215
   0.000033648727325
   0.000247141377561
   0.000033817197943
   0.000247544960375
   0.000034074711536
   0.000248086582594
   0.000034258548941
   0.000248173962657
   0.000034197362978
   0.000247165521120
   0.000034419627521
   0.000247232633353
   0.000034765452995
   0.000246862397495
   0.000034843901043
   0.000246217961186
   0.000034958561689
   0.000245875927281
   0.000035086925333
   0.000245272858287
   0.000035151038706
   0.000244555178345
   0.000035104971932
   0.000243771929377
   0.000035168356087
   0.000242862863235
   0.000035267390898
   0.000241997227936
   0.000035324264475
   0.000240879868829
   0.000035369876331
   0.000239779357866
   0.000035374505912
   0.000238564904782
   0.000035411839985
   0.000237195823624
   0.000035428705025
   0.000235751084761
   0.000035424401455
   0.000234169336171
   0.000035424990349
   0.000232513583655
   0.000035424925147
   0.000230873838626
   0.000035405073844
   0.000229089419645
   0.000035373775667
   0.000227188494889
   0.000035343020794
   0.000225278064431
   0.000035293086915
   0.000223242572607
   0.000035230467235
   0.000221113717768
   0.000035161388696
   0.000218934681733
   0.000035087767451
   0.000216733133849
   0.000034994850221
   0.000214408156163
   0.000034889601170
   0.000212004848188
   0.000034783306438
   0.000209590176329
   0.000034667711371
   0.000207114507500
   0.000034528031321
   0.000204523605462
   0.000034382501772
   0.000201904418080
   0.000034244620573
   0.000199311039364
   0.000034076495701
   0.000196574290892
   0.000033883411849
   0.000193754454672
   0.000033718826524
   0.000191027633216
   0.000033527582082
   0.000188197620439
   0.000033275334263
   0.000185182976066
   0.000033075249816
   0.000182328130622
   0.000032862265935
   0.000179463388462
   0.000032517489019
   0.000176250145245
   0.000032278235299
   0.000173291830685
   0.000032028683429
   0.000170392432590
   0.000031468115076
   0.000167119844866
   0.000031191273807
   0.000164063349119
   0.000030904090999
   0.000160893641196
   0.000029524283504
   0.000157532803794
   0.000029217202059
   0.000154252909871
   0.000028983201780
   0.000151063956737
   0.000024221599005
   0.000149017246942
   0.000023857882758
   0.000145771357728
   0.000023597849396
   0.000143250772611
   0.000004549667866
   0.000139907526159
   0.000004388172951
   0.000137759909727
   0.000004243000279
   0.000134465396410
   0.000004114511296
   0.000132158685322
   0.000003957681338
   0.000128898422351
   0.000003793503476
   0.000126095449971
   0.000003679434490
   0.000121182730268
   0.000003525920215
   0.000118211288145
   0.000003370685638
   0.000113927699020
   0.000003268367857
   0.000111108405482
   0.000003131660001
   0.000107272252441
   0.000002991067725
   0.000105540509170
   0.000002893625795
   0.000102609790157
   0.000002759639770
   0.000100238885509
   0.000002640329339
   0.000097260496371
   0.000002556460050
   0.000094720308453
   0.000002432589035
   0.000091687373064
   0.000002325405931
   0.000088987716598
   0.000002252968539
   0.000086214479575
   0.000002145465439
   0.000083396041751
   0.000002051843357
   0.000080665507378
   0.000002019243793
   0.000078124276619
   0.000001934960271
   0.000075478419510
   0.000001848330513
   0.000073110883542
   0.000001763838124
   0.000070416378321
   0.000001681867905
   0.000068217522671
   0.000001601638920
   0.000065723742811
   0.000001523657611
   0.000063438502688
   0.000001448451612
   0.000061091817206
   0.000001374888666
   0.000058821780922
   0.000001303733535
   0.000056559067066
   0.000001235374711
   0.000054326795244
   0.000001168574271
   0.000052126598326
   0.000001104614030
   0.000049961122424
   0.000001043356532
   0.000047849987340
   0.000000983457953
   0.000045765599494
   0.000000927003344
   0.000043731369400
   0.000000872965363
   0.000041712155617
   0.000000821348458
   0.000039507457638
   0.000000772798059
   0.000037502093974
   0.000000726277465
   0.000035431039298
   0.000000681812799
   0.000033533666236
   0.000000639373491
   0.000031850709933
   0.000000598804500
   0.000030185473544
   0.000000560011398
   0.000028644234629
   0.000000523289489
   0.000027130314193
   0.000000488034403
   0.000025715412953
   0.000000454605253
   0.000024336283168
   0.000000423480312
   0.000022982574065
   0.000000394215270
   0.000021310513626
   0.000000366823958
   0.000019878430763
   0.000000341095518
   0.000018606713716
   0.000000316633605
   0.000017445249851
   0.000000293377209
   0.000016590602689
   0.000000271369653
   0.000015745966417
   0.000000250650624
   0.000014872545150
   0.000000231114271
   0.000013997691409
   0.000000212832571
   0.000013134847099
   0.000000195758275
   0.000012294943745
   0.000000179689509
   0.000011485666816
   0.000000164886836
   0.000010712313997
   0.000000151013336
   0.000009973947721
   0.000000138081709
   0.000009270679210
   0.000000126342906
   0.000008604562431
   0.000000115195928
   0.000007975282870
   0.000000105106052
   0.000007382576792
   0.000000095771287
   0.000006826205334
   0.000000087148311
   0.000006305328885
   0.000000079189695
   0.000005817081351
   0.000000071848675
   0.000005361405734
   0.000000065104047
   0.000004936142180
   0.000000058916439
   0.000004531362749
   0.000000053244263
   0.000004147769524
   0.000000048057995
   0.000003793240781
   0.000000043286485
   0.000003476627593
   0.000000038987675
   0.000003180025643
   0.000000035120865
   0.000002866977819
   0.000000031616905
   0.000002574666238
   0.000000028464505
   0.000002321151516
   0.000000025575864
   0.000002094957084
   0.000000022920526
   0.000001919803700
   0.000000020486592
   0.000001765835156
   0.000000018267349
   0.000001621248857
   0.000000016252880
   0.000001479918099
   0.000000014426497
   0.000001345364021
   0.000000012777109
   0.000001220310237
   0.000000011292345
   0.000001103180607
   0.000000009958338
   0.000000993696168
   0.000000008765108
   0.000000893541585
   0.000000007694919
   0.000000801925951
   0.000000006765012
   0.000000709912650
   0.000000005941213
   0.000000614811162
   0.000000005201435
   0.000000549702704
   0.000000004555883
   0.000000491189935
   0.000000003965448
   0.000000438353387
   0.000000003441037
   0.000000405899900
   0.000000002980617
   0.000000360754944
   0.000000002574751
   0.000000319001433
   0.000000002221016
   0.000000280910310
   0.000000001914010
   0.000000245153107
   0.000000001646342
   0.000000213311306
   0.000000001412940
   0.000000186335230
   0.000000001210110
   0.000000162754012
   0.000000001033720
   0.000000141976865
   0.000000000880789
   0.000000123758120
   0.000000000748681
   0.000000107574839
   0.000000000634563
   0.000000093299208
   0.000000000536464
   0.000000080770442
   0.000000000452194
   0.000000069701775
   0.000000000380193
   0.000000060013727
   0.000000000318546
   0.000000051539980
   0.000000000266390
   0.000000044117059
   0.000000000221808
   0.000000037654518
   0.000000000184625
   0.000000032007918
   0.000000000153018
   0.000000027047178
   0.000000000127082
   0.000000022646013
   0.000000000105573
   0.000000018592725
   0.000000000087286
   0.000000015666793
   0.000000000071948
   0.000000013364559
   0.000000000058909
   0.000000011427224
   0.000000000047877
   0.000000009851482
   0.000000000038794
   0.000000008322061
   0.000000000031280
   0.000000006906995
   0.000000000025159
   0.000000005712481
   0.000000000020117
   0.000000004705802
   0.000000000016065
   0.000000003860367
   0.000000000012739
   0.000000003151137
   0.000000000010115
   0.000000002557871
   0.000000000007969
   0.000000002061472
   0.000000000006310
   0.000000001650010
   0.000000000004950
   0.000000001318104
   0.000000000003896
   0.000000001057343
   0.000000000003033
   0.000000000847612
   0.000000000002364
   0.000000000679029
   0.000000000001826
   0.000000000539531
   0.000000000001411
   0.000000000427394
   0.000000000001082
   0.000000000335426
   0.000000000000827
   0.000000000263848
   0.000000000000628
   0.000000000207844
   0.000000000000475
   0.000000000163146
   0.000000000000356
   0.000000000127444
   0.000000000000266
   0.000000000099281
   0.000000000000197
   0.000000000076416
   0.000000000000145
   0.000000000058241
   0.000000000000106
   0.000000000044123
   0.000000000000077
   0.000000000033223
   0.000000000000056
   0.000000000024854
   0.000000000000040
   0.000000000018468
   0.000000000000028
   0.000000000013626
   0.000000000000020
   0.000000000009980
   0.000000000000014
   0.000000000007253
   0.000000000000010
   0.000000000005230
   0.000000000000007
   0.000000000003741
   0.000000000000004
   0.000000000002650
   0.000000000000003
   0.000000000001846
   0.000000000000002
   0.000000000001269
   0.000000000000001
   0.000000000000866
   0.000000000000001
   0.000000000000584
   0.000000000000001
   0.000000000000390
   0.000000000000000
   0.000000000000256
   0.000000000000000
   0.000000000000166
   0.000000000000000
   0.000000000000106
   0.000000000000000
   0.000000000000068
   0.000000000000000
   0.000000000000044
   0.000000000000000
   0.000000000000028
   0.000000000000000
   0.000000000000017
   0.000000000000000
   0.000000000000010
   0.000000000000000
   0.000000000000000
   0.000000000000000
   0.000000000000000
   0.000000065535723
   0.000000122858513
   0.000000092146969
   0.000000139205266
   0.000000088632600
   0.000000115926276
   0.000000141374273
   0.000000217101695
   0.000000238661927
   0.000000761275602
   0.000000290089056
   0.000000938870915
   0.000000240718241
   0.000000661526978
   0.000000288764074
   0.000000981505357
   0.000000547969767
   0.000001567836307
   0.000000437403388
   0.000001228982860
   0.000000406924153
   0.000001056356848
   0.000000483132287
   0.000001185530311
   0.000000541417091
   0.000001305769921
   0.000000691707113
   0.000001915866210
   0.000000786177369
   0.000001699548520
   0.000000850868873
   0.000001651697897
   0.000000993611203
   0.000002148217945
   0.000001282453515
   0.000003031252177
   0.000001303780878
   0.000002715972281
   0.000001343707386
   0.000002608677263
   0.000001380120787
   0.000002829549062
   0.000001738994308
   0.000004423257782
   0.000001831632563
   0.000004468969974
   0.000002083231863
   0.000005389835791
   0.000002177118028
   0.000005501456758
   0.000002882138389
   0.000008439334814
   0.000002908147679
   0.000008452220365
   0.000003048294149
   0.000009024632941
   0.000003300737932
   0.000010095992828
   0.000003553583814
   0.000011186309215
   0.000003849513780
   0.000011959538970
   0.000003702630821
   0.000011685200841
   0.000003787940620
   0.000012178461282
   0.000003897406257
   0.000012509075437
   0.000004324931514
   0.000014408094431
   0.000004431683838
   0.000014267117482
   0.000004368373574
   0.000013995315093
   0.000004307641869
   0.000013749223324
   0.000003989382345
   0.000011968043995
   0.000004044469751
   0.000011846496803
   0.000004008528637
   0.000011774414319
   0.000005789980280
   0.000010924615231
   0.000005827132270
   0.000010268212402
   0.000005775562323
   0.000009440438749
   0.000006293504221
   0.000009780188606
   0.000006468429371
   0.000008337073611
   0.000006677556005
   0.000008388808720
   0.000006886930003
   0.000014025339941
   0.000008989688081
   0.000026384954345
   0.000008704742587
   0.000025781910538
   0.000026944080844
   0.000114521550950
   0.000028252840288
   0.000120286292148
   0.000036196037257
   0.000176994716546
   0.000040801394835
   0.000210948724050
   0.000046001634346
   0.000243148536578
   0.000048854811435
   0.000279141819819
   0.000052355908270
   0.000308703227190
   0.000056022428587
   0.000341060481050
   0.000058633935351
   0.000371994859650
   0.000060579284367
   0.000394494709849
   0.000063527369250
   0.000417649927230
   0.000065158704601
   0.000439430022055
   0.000065788697533
   0.000462288655982
   0.000066971312741
   0.000483543579196
   0.000067384334688
   0.000499679433386
   0.000067952516380
   0.000514607806207
   0.000068381471079
   0.000527325498488
   0.000068338324712
   0.000535522074521
   0.000067623367178
   0.000532488495983
   0.000067587707442
   0.000537115101722
   0.000068030513719
   0.000541304469249
   0.000067556422721
   0.000539352480708
   0.000066582993404
   0.000541054239156
   0.000066304688549
   0.000541829378370
   0.000066222890758
   0.000540490307127
   0.000066007231815
   0.000539118952792
   0.000066187107920
   0.000538782394074
   0.000065860699015
   0.000535934439748
   0.000066274819591
   0.000536131188757
   0.000066265300411
   0.000534494723099
   0.000067036488062
   0.000535939310515
   0.000067600896621
   0.000536231871836
   0.000067936399506
   0.000534714526825
   0.000068121626433
   0.000533301830804
   0.000068273871506
   0.000532335257144
   0.000068451884294
   0.000531048933184
   0.000068514713389
   0.000527604126073
   0.000068947304515
   0.000527366555795
   0.000068948491185
   0.000524969781231
   0.000069019339439
   0.000522391572072
   0.000068994964994
   0.000518907483904
   0.000069017513713
   0.000516453514332
   0.000068727183948
   0.000513403749498
   0.000068782175199
   0.000509625760344
   0.000068958043618
   0.000507841829720
   0.000068915484036
   0.000504220884156
   0.000068849647112
   0.000500115028594
   0.000068827272532
   0.000496448343270
   0.000068782668179
   0.000492628025644
   0.000068691206092
   0.000488214062048
   0.000068615137609
   0.000483832804715
   0.000068598540327
   0.000480504370430
   0.000068470289044
   0.000475782025371
   0.000068325043764
   0.000470861134036
   0.000068219455759
   0.000466416874895
   0.000068089437537
   0.000461993097709
   0.000067934534792
   0.000456751205407
   0.000067753560583
   0.000451615635105
   0.000067618593751
   0.000447220939357
   0.000067379930290
   0.000441763433007
   0.000067116584402
   0.000436152892829
   0.000066901826895
   0.000431017532602
   0.000066648240370
   0.000425654099419
   0.000066317203776
   0.000419759119572
   0.000066013868859
   0.000414099924929
   0.000065780711497
   0.000408813596785
   0.000065385206546
   0.000402550374122
   0.000065064612631
   0.000396613848442
   0.000064776111366
   0.000391078489622
   0.000064338616676
   0.000384831394401
   0.000063915605347
   0.000378563144325
   0.000063544149326
   0.000372957931607
   0.000062884065888
   0.000366542625594
   0.000062386847404
   0.000359950213686
   0.000061753751396
   0.000352253353158
   0.000060456473083
   0.000343216959103
   0.000059932731825
   0.000336625719797
   0.000059367194798
   0.000329471426411
   0.000057539640342
   0.000321910398109
   0.000056986303230
   0.000315318177404
   0.000056444467482
   0.000308566543024
   0.000056470960619
   0.000305222691308
   0.000055960479152
   0.000299390397723
   0.000055311197937
   0.000292690778948
   0.000054976117552
   0.000288241662615
   0.000054343185884
   0.000281930773011
   0.000053644808972
   0.000275423564492
   0.000053064612740
   0.000269636825648
   0.000052340499994
   0.000263182517692
   0.000051503305947
   0.000256295205767
   0.000050743872485
   0.000250520911245
   0.000049892947187
   0.000243635277169
   0.000049086488046
   0.000237009684145
   0.000048333482596
   0.000230583827088
   0.000047445518824
   0.000223980212912
   0.000046576836193
   0.000217415709860
   0.000045680253700
   0.000212384257191
   0.000044572738408
   0.000205867854331
   0.000043667712674
   0.000199623410234
   0.000041636291767
   0.000194199566347
   0.000040142791921
   0.000187793628108
   0.000039275697051
   0.000182173467649
   0.000032833715802
   0.000178295466283
   0.000030767206871
   0.000172792183905
   0.000030111438430
   0.000167896971671
   0.000003978650489
   0.000161808621934
   0.000003799541284
   0.000157618142747
   0.000003621708113
   0.000152279616708
   0.000003450567975
   0.000147596471629
   0.000003285401212
   0.000142538448750
   0.000003123696394
   0.000137542537106
   0.000002966378756
   0.000132607956863
   0.000002814527471
   0.000127780609858
   0.000002666098890
   0.000123149000843
   0.000002523765678
   0.000118362809626
   0.000002387541910
   0.000113726707505
   0.000002252604008
   0.000109055624511
   0.000002126977653
   0.000104617195348
   0.000002006521491
   0.000100119737405
   0.000001891890923
   0.000094051459363
   0.000001785381152
   0.000089866898574
   0.000001682636950
   0.000084754578631
   0.000001584143130
   0.000080647430790
   0.000001489582046
   0.000077588359569
   0.000001398866433
   0.000073785584883
   0.000001312045985
   0.000070854606456
   0.000001229375912
   0.000067427744093
   0.000001150438660
   0.000064265801702
   0.000001075292199
   0.000060997233618
   0.000001004046553
   0.000057948764283
   0.000000936520951
   0.000054942224133
   0.000000872648705
   0.000052011533393
   0.000000812229057
   0.000049092767321
   0.000000755070102
   0.000046319559669
   0.000000700870837
   0.000043749635726
   0.000000649730323
   0.000041334965532
   0.000000601536526
   0.000038978869926
   0.000000555919815
   0.000036701627145
   0.000000513399028
   0.000034527428818
   0.000000473470575
   0.000032464222116
   0.000000435562884
   0.000030473825658
   0.000000401519698
   0.000028567698289
   0.000000368625941
   0.000026735255366
   0.000000338341716
   0.000025003215102
   0.000000313097705
   0.000023347682127
   0.000000285405360
   0.000021789686102
   0.000000266035638
   0.000020316637021
   0.000000247998523
   0.000018938684975
   0.000000226700663
   0.000017587602789
   0.000000206927681
   0.000016371075268
   0.000000188664183
   0.000015205351265
   0.000000171974233
   0.000014037546227
   0.000000156564937
   0.000012931648863
   0.000000142162213
   0.000011938392404
   0.000000128941512
   0.000011088490352
   0.000000116764787
   0.000010222131785
   0.000000105785061
   0.000009397621531
   0.000000095746729
   0.000008505634630
   0.000000086635150
   0.000007746014850
   0.000000078434014
   0.000007048840892
   0.000000070833452
   0.000006424414303
   0.000000063776329
   0.000005984478258
   0.000000057312890
   0.000005557044110
   0.000000051409400
   0.000005118382389
   0.000000046009647
   0.000004698093813
   0.000000041085157
   0.000004308670565
   0.000000036627250
   0.000003937952325
   0.000000032590663
   0.000003584397900
   0.000000028934636
   0.000003259320905
   0.000000025644518
   0.000002959576420
   0.000000022684161
   0.000002678792518
   0.000000020034083
   0.000002417747930
   0.000000017665816
   0.000002174059446
   0.000000015542950
   0.000001953768017
   0.000000013652202
   0.000001754218509
   0.000000011958237
   0.000001574312286
   0.000000010443153
   0.000001416260455
   0.000000009109089
   0.000001268828188
   0.000000007914552
   0.000001133454603
   0.000000006881892
   0.000001008610061
   0.000000005978725
   0.000000883414368
   0.000000005182085
   0.000000778427124
   0.000000004482818
   0.000000688789768
   0.000000003871140
   0.000000607794393
   0.000000003333419
   0.000000536240511
   0.000000002864146
   0.000000473214198
   0.000000002455647
   0.000000415692087
   0.000000002099196
   0.000000364807994
   0.000000001790431
   0.000000319780191
   0.000000001523013
   0.000000279108276
   0.000000001292044
   0.000000243341940
   0.000000001092828
   0.000000211686104
   0.000000000922365
   0.000000183480420
   0.000000000775175
   0.000000158783173
   0.000000000651041
   0.000000136990903
   0.000000000543621
   0.000000117769251
   0.000000000454733
   0.000000100971717
   0.000000000380526
   0.000000083718968
   0.000000000317068
   0.000000071027833
   0.000000000263844
   0.000000060944176
   0.000000000218241
   0.000000052175113
   0.000000000179289
   0.000000045534598
   0.000000000146839
   0.000000039108066
   0.000000000119713
   0.000000032944997
   0.000000000097339
   0.000000027666056
   0.000000000078693
   0.000000023150046
   0.000000000063518
   0.000000019305544
   0.000000000050869
   0.000000016033948
   0.000000000040799
   0.000000013265254
   0.000000000032371
   0.000000010906868
   0.000000000025939
   0.000000008872514
   0.000000000020524
   0.000000007125551
   0.000000000016412
   0.000000005798364
   0.000000000012899
   0.000000004684749
   0.000000000010214
   0.000000003855847
   0.000000000007972
   0.000000003096966
   0.000000000006248
   0.000000002522670
   0.000000000004842
   0.000000002014326
   0.000000000003754
   0.000000001623870
   0.000000000002883
   0.000000001289919
   0.000000000002210
   0.000000001028751
   0.000000000001681
   0.000000000811223
   0.000000000001274
   0.000000000639629
   0.000000000000958
   0.000000000499761
   0.000000000000717
   0.000000000389251
   0.000000000000533
   0.000000000301048
   0.000000000000394
   0.000000000231749
   0.000000000000289
   0.000000000177247
   0.000000000000211
   0.000000000134781
   0.000000000000152
   0.000000000101813
   0.000000000000110
   0.000000000076406
   0.000000000000078
   0.000000000056937
   0.000000000000055
   0.000000000042123
   0.000000000000038
   0.000000000030928
   0.000000000000027
   0.000000000022529
   0.000000000000018
   0.000000000016254
   0.000000000000012
   0.000000000011609
   0.000000000000008
   0.000000000008214
   0.000000000000006
   0.000000000005753
   0.000000000000004
   0.000000000003987
   0.000000000000002
   0.000000000002730
   0.000000000000001
   0.000000000001843
   0.000000000000001
   0.000000000001227
   0.000000000000001
   0.000000000000812
   0.000000000000000
   0.000000000000523
   0.000000000000000
   0.000000000000342
   0.000000000000000
   0.000000000000233
   0.000000000000000
   0.000000000000159
   0.000000000000000
   0.000000000000114
   0.000000000000000
   0.000000000000000
   0.000000014287970
   0.000000018409410
   0.000000019659793
   0.000000027384068
   0.000000021248646
   0.000000019719905
   0.000000028787346
   0.000000040067655
   0.000000018740041
   0.000000028625953
   0.000000033577783
   0.000000059082472
   0.000000025022913
   0.000000042997479
   0.000000022312140
   0.000000077970437
   0.000000076894251
   0.000000161454853
   0.000000050705053
   0.000000104896996
   0.000000052014457
   0.000000106845282
   0.000000064342164
   0.000000136483283
   0.000000062166928
   0.000000129458267
   0.000000100058285
   0.000000241635087
   0.000000090487268
   0.000000218142338
   0.000000090620290
   0.000000200944940
   0.000000095929843
   0.000000259260049
   0.000000119256179
   0.000000328672790
   0.000000122117389
   0.000000269080984
   0.000000140270061
   0.000000345372942
   0.000000135504575
   0.000000403137493
   0.000000137699148
   0.000000411082256
   0.000000177242627
   0.000000460813344
   0.000000179481499
   0.000000510687297
   0.000000179965133
   0.000000531472932
   0.000000236483239
   0.000000713224349
   0.000000236385784
   0.000000719315133
   0.000000269974148
   0.000000788326278
   0.000000292368789
   0.000000897152393
   0.000000376594157
   0.000000967830018
   0.000000410167341
   0.000001062720604
   0.000000375926306
   0.000001041263820
   0.000000399127802
   0.000001076383285
   0.000000515849235
   0.000001118893349
   0.000000455979999
   0.000001233538863
   0.000000460545380
   0.000001210513201
   0.000000482940682
   0.000001147316218
   0.000000613245574
   0.000001230081921
   0.000000529707619
   0.000001198339569
   0.000000534342713
   0.000001230502504
   0.000000594340342
   0.000001285598117
   0.000001583666734
   0.000001237187324
   0.000001644450336
   0.000001166833129
   0.000001718447942
   0.000001123174701
   0.000002241415351
   0.000001078317350
   0.000002793327660
   0.000000934547457
   0.000002291463465
   0.000000919696225
   0.000002485303547
   0.000000908870019
   0.000003418190337
   0.000001464094354
   0.000003626698789
   0.000002109322351
   0.000003261516773
   0.000003562817007
   0.000011885056339
   0.000040982712019
   0.000020280206340
   0.000074225738526
   0.000023758099791
   0.000093565622776
   0.000026544433038
   0.000108013830653
   0.000030958904724
   0.000130375977893
   0.000033337336985
   0.000140668576100
   0.000038030700891
   0.000176594426550
   0.000039736327265
   0.000203724326980
   0.000041761862059
   0.000221315267894
   0.000043240911571
   0.000234611109801
   0.000044242300843
   0.000248972960585
   0.000045940917240
   0.000261820423702
   0.000046715976979
   0.000276907649008
   0.000046618287371
   0.000294213519135
   0.000046701637261
   0.000304946032544
   0.000046482840782
   0.000311539328473
   0.000045976631776
   0.000315927736445
   0.000045280093396
   0.000318449157022
   0.000043569780230
   0.000317271951033
   0.000043294228764
   0.000321039414569
   0.000042656952842
   0.000323977293745
   0.000041410696575
   0.000324786495675
   0.000040295213495
   0.000323364471311
   0.000039526493973
   0.000321139843849
   0.000038696983510
   0.000318506105445
   0.000038117011609
   0.000314811305894
   0.000037843330853
   0.000314026612868
   0.000037903766551
   0.000314774340314
   0.000036050432809
   0.000306328906510
   0.000038237810274
   0.000316630691077
   0.000038169710932
   0.000314601796460
   0.000038313984337
   0.000311891248166
   0.000038140567232
   0.000308293926830
   0.000038069948664
   0.000306409846480
   0.000037768437834
   0.000305439295564
   0.000037269498241
   0.000298911536104
   0.000037702248172
   0.000303981248998
   0.000037546485931
   0.000301361841704
   0.000037349573259
   0.000298190016288
   0.000037092019703
   0.000294291206241
   0.000036922628127
   0.000291316353841
   0.000036667971537
   0.000288559554506
   0.000036792166421
   0.000285040380581
   0.000037435454076
   0.000288643012014
   0.000037301785636
   0.000285707564168
   0.000037160570370
   0.000282436181876
   0.000037009479377
   0.000278863917279
   0.000036913509412
   0.000275855586046
   0.000036851907251
   0.000272913754353
   0.000036726239670
   0.000269540026512
   0.000036952452024
   0.000270528388178
   0.000036859668285
   0.000267463631948
   0.000036767081721
   0.000264186564007
   0.000036709766889
   0.000261326248794
   0.000036775747534
   0.000260173623112
   0.000036834004928
   0.000257096090153
   0.000036753486563
   0.000253902388241
   0.000036828076133
   0.000253150565403
   0.000036709563584
   0.000249995537066
   0.000036552280285
   0.000246596223951
   0.000036439970850
   0.000243718688317
   0.000036339596160
   0.000241382719623
   0.000036147893552
   0.000238187550836
   0.000035897678543
   0.000234849115726
   0.000035924894327
   0.000232957163795
   0.000035668840131
   0.000229082824074
   0.000035598701062
   0.000225947262809
   0.000035517658203
   0.000223085593684
   0.000035506726365
   0.000220487197323
   0.000035364576281
   0.000217176930326
   0.000035335725461
   0.000214620117508
   0.000035179685589
   0.000211602682600
   0.000034961735230
   0.000207943312722
   0.000034771842580
   0.000204495159935
   0.000034543456412
   0.000201016018368
   0.000034372797250
   0.000197803728400
   0.000034185825170
   0.000194491129598
   0.000033998549733
   0.000191134221265
   0.000033789849356
   0.000187641120724
   0.000033556361329
   0.000184009811063
   0.000033398832608
   0.000180925886053
   0.000033169169732
   0.000177541828946
   0.000032917653572
   0.000174102048375
   0.000032689485267
   0.000170899884204
   0.000032413780384
   0.000167372147753
   0.000032113537275
   0.000163796466504
   0.000031855701553
   0.000160623795647
   0.000031542188989
   0.000157179690709
   0.000031194637319
   0.000153673833710
   0.000030847835998
   0.000150437602949
   0.000030423432053
   0.000146809324957
   0.000029902331076
   0.000142080692287
   0.000029311596223
   0.000136734728718
   0.000028992062789
   0.000133306411493
   0.000028607062428
   0.000129863645084
   0.000028532121282
   0.000129309569977
   0.000028089483322
   0.000126501958814
   0.000027466184569
   0.000122211279281
   0.000026726848317
   0.000117946472147
   0.000026061576078
   0.000114591581815
   0.000025585962195
   0.000111682886325
   0.000024539196999
   0.000110145728148
   0.000023910324107
   0.000107094360095
   0.000023424789351
   0.000103410949329
   0.000022868432846
   0.000099602996508
   0.000022569417113
   0.000096872191206
   0.000022216623863
   0.000094384885200
   0.000021884891712
   0.000092133658446
   0.000021419366654
   0.000088996572745
   0.000020929845543
   0.000085675655893
   0.000020500211619
   0.000082699855476
   0.000020108641103
   0.000080167366558
   0.000019771006309
   0.000077996019154
   0.000019186664647
   0.000075163424654
   0.000018639144890
   0.000072241815283
   0.000018086442259
   0.000069404914034
   0.000017570924570
   0.000066959475720
   0.000017075814063
   0.000064731308052
   0.000016487694742
   0.000061983979402
   0.000015897830798
   0.000059389815182
   0.000015303530520
   0.000056700975795
   0.000014658028833
   0.000053560970991
   0.000014175912779
   0.000051020177354
   0.000013700766315
   0.000048743174548
   0.000013355551467
   0.000047519620750
   0.000012934267522
   0.000045712393895
   0.000012391150987
   0.000043199519431
   0.000011930411949
   0.000041044080744
   0.000011492177320
   0.000039183917882
   0.000011121689555
   0.000037830864564
   0.000010692256529
   0.000036081404854
   0.000010221440234
   0.000034060117008
   0.000009794692801
   0.000032284165950
   0.000009401428312
   0.000030768651006
   0.000009022072608
   0.000029390516396
   0.000008622230119
   0.000027806395534
   0.000008208175829
   0.000026219139890
   0.000007823568477
   0.000024810079507
   0.000007431384789
   0.000023542958438
   0.000007061260309
   0.000022251778458
   0.000006621408970
   0.000020965702953
   0.000006258172059
   0.000019732800196
   0.000005737358454
   0.000018622678317
   0.000005395015989
   0.000017522381586
   0.000004632899054
   0.000016505520776
   0.000004324747276
   0.000015541398643
   0.000002994623102
   0.000014661510866
   0.000002795577324
   0.000013643507931
   0.000000143329742
   0.000012881249011
   0.000000131367194
   0.000012063920526
   0.000000120703165
   0.000011039697453
   0.000000110696032
   0.000010180116350
   0.000000100934951
   0.000009572781431
   0.000000092081811
   0.000009199592666
   0.000000084066391
   0.000008410469648
   0.000000076666121
   0.000007744077976
   0.000000069619372
   0.000007234401054
   0.000000063240122
   0.000006824067844
   0.000000057472809
   0.000006224427941
   0.000000052094825
   0.000005722534621
   0.000000047055610
   0.000005339861104
   0.000000042495902
   0.000004965323691
   0.000000038338316
   0.000004532056428
   0.000000034487259
   0.000004172694755
   0.000000030959734
   0.000003866463382
   0.000000027772904
   0.000003549096398
   0.000000024864443
   0.000003239261111
   0.000000022204349
   0.000002975785580
   0.000000019801731
   0.000002727884595
   0.000000017630090
   0.000002483336113
   0.000000015657784
   0.000002263420747
   0.000000013881302
   0.000002063997156
   0.000000012282938
   0.000001872384423
   0.000000010843038
   0.000001696307002
   0.000000009549654
   0.000001537501311
   0.000000008387758
   0.000001388920583
   0.000000007359603
   0.000001251862818
   0.000000006421812
   0.000001127844532
   0.000000005630905
   0.000001011038924
   0.000000004931335
   0.000000878727810
   0.000000004303954
   0.000000788925763
   0.000000003750747
   0.000000709562342
   0.000000003263538
   0.000000631711441
   0.000000002829974
   0.000000563811388
   0.000000002449978
   0.000000503512932
   0.000000002116766
   0.000000445898544
   0.000000001822944
   0.000000395617214
   0.000000001567104
   0.000000350601187
   0.000000001343731
   0.000000308784412
   0.000000001148929
   0.000000272196182
   0.000000000980002
   0.000000239312959
   0.000000000833909
   0.000000209528630
   0.000000000707174
   0.000000183360695
   0.000000000598718
   0.000000159933650
   0.000000000504957
   0.000000139090892
   0.000000000425205
   0.000000120740722
   0.000000000357277
   0.000000104108350
   0.000000000299134
   0.000000089785997
   0.000000000249872
   0.000000077202880
   0.000000000207892
   0.000000066187804
   0.000000000172285
   0.000000056774604
   0.000000000142324
   0.000000048476280
   0.000000000117069
   0.000000041280183
   0.000000000096017
   0.000000035041293
   0.000000000078319
   0.000000029642132
   0.000000000063754
   0.000000024995196
   0.000000000051481
   0.000000020996249
   0.000000000041615
   0.000000017580055
   0.000000000033189
   0.000000014652881
   0.000000000026833
   0.000000012085531
   0.000000000021358
   0.000000009748358
   0.000000000017292
   0.000000008028973
   0.000000000013677
   0.000000006498150
   0.000000000010961
   0.000000005460791
   0.000000000008617
   0.000000004398926
   0.000000000006831
   0.000000003654581
   0.000000000005335
   0.000000002932919
   0.000000000004182
   0.000000002405828
   0.000000000003241
   0.000000001923254
   0.000000000002511
   0.000000001557171
   0.000000000001929
   0.000000001238465
   0.000000000001478
   0.000000000990080
   0.000000000001124
   0.000000000782015
   0.000000000000851
   0.000000000617563
   0.000000000000639
   0.000000000483526
   0.000000000000478
   0.000000000377292
   0.000000000000355
   0.000000000292345
   0.000000000000262
   0.000000000225353
   0.000000000000192
   0.000000000172567
   0.000000000000139
   0.000000000131324
   0.000000000000100
   0.000000000099255
   0.000000000000072
   0.000000000074495
   0.000000000000051
   0.000000000055500
   0.000000000000036
   0.000000000041031
   0.000000000000025
   0.000000000030087
   0.000000000000017
   0.000000000021867
   0.000000000000012
   0.000000000015744
   0.000000000000008
   0.000000000011224
   0.000000000000005
   0.000000000007919
   0.000000000000003
   0.000000000005527
   0.000000000000002
   0.000000000003813
   0.000000000000001
   0.000000000002599
   0.000000000000001
   0.000000000001751
   0.000000000000001
   0.000000000001119
   0.000000000000000
   0.000000000000713
   0.000000000000000
   0.000000000000481
   0.000000000000000
   0.000000000000333
   0.000000000000000
   0.000000000000403
