   0.000000000000000
   0.000000000000000
   0.028895879248794
   0.028895883809177
   0.058626720831761
   0.089216652777835
   0.111327558252823
   0.120690614698576
   0.153073875656451
   0.186392934523271
   0.216702820550631
   0.254617095667377
   0.277477676397675
   0.314310898654061
   0.340339099874952
   0.375248698119918
   0.411238323252895
   0.449234301705206
   0.491902684586351
   0.533103402338837
   0.577403615025957
   0.622984268758705
   0.669881652922596
   0.718134167015715
   0.767781248699847
   0.818862940201614
   0.871420402805910
   0.925496968744747
   0.980863925717715
   1.038382128754415
   1.097283334349789
   1.157886142718825
   1.220153812505794
   1.284395442950939
   1.350405465021195
   1.418322132892350
   1.488202985740057
   1.563384200590967
   1.638755985266158
   1.716772387706915
   1.797196922890463
   1.879911995898563
   1.965422336058723
   2.054748125786209
   2.150344583242422
   2.244168518009995
   2.340389733837657
   2.440151791511580
   2.542859368521194
   2.648491281166487
   2.757679202521838
   2.871478583151852
   2.987155789816363
   3.106053104650624
   3.228651397004116
   3.354233682853875
   3.485213187576254
   3.625140521665061
   3.765432781798551
   3.901730704328022
   4.047136996957700
   4.201075060399591
   4.363293436511916
   4.524406655120946
   4.684040354450898
   4.848284864852365
   5.018072371831154
   5.201413615016862
   5.390743448923329
   5.583984749931205
   5.781840316592736
   5.985929513013430
   6.195636902543408
   6.412451456889166
   6.636884289899060
   6.866913970847804
   7.101698502410127
   7.342946704828092
   7.591165819448601
   7.847477126829797
   8.111722126930339
   8.382467182453533
   8.660790954795125
   8.947774559969005
   9.243364802184626
   9.547522011872758
   9.859980947147607
  10.181233721923730
  10.511021587371243
  10.850327580996870
  11.199639022034866
  11.558914060807860
  11.927884692508018
  12.307189108476910
  12.697522106406950
  13.099240857590763
  13.512150813734561
  13.936443168628090
  14.372524907916006
  14.820498763314006
  15.281238325929330
  15.754760546606548
  16.242028122427833
  16.743653365178243
  17.259644877918920
  17.790111894776526
  18.335839200238009
  18.897392552597115
  19.474784677485193
  20.068281952144172
  20.678774789271973
  21.306813388512801
  21.952890053407113
  22.617197888935113
  23.299635204947911
  24.001801169423430
  24.724243835815230
  25.467567780790830
  26.232374891910645
  27.019278111723285
  27.828920316854163
  28.661960901988905
  29.519059098204742
  30.400930200886723
  31.308288658037558
  32.241869481932724
  33.202055627483354
  34.188840836940493
  35.203932989862153
  36.248115387312254
  37.322287189174574
  38.427266508076976
  39.563963144323736
  40.733302552604705
  41.936210612565375
  43.174088172456869
  44.447835117101938
  45.757935563436277
  47.105879697425756
  48.492750353399245
  49.919110972420576
  51.385735892114930
  52.894420187164236
  54.446268796147422
  56.042328693726112
  57.683821836469541
  59.372243517191592
  61.108975737598207
  62.895267887528249
  64.733669174021827
  66.624986125706997
  68.570305774984718
  70.572062378936977
  72.631478702360894
  74.749898836891617
  76.929772828440619
  79.172830863221165
  81.480417826312788
  83.854685567373778
  86.298148099241388
  88.811912176681432
  91.397984181595334
  94.059350491744325
  96.797267417864049
  99.614444512236474
 102.513311299434264
 105.495452357520847
 108.564073055586931
 111.721409275630336
 114.969823738325204
 118.312232382064423
 121.751382316432981
 125.289761916216762
 128.930500475076343
 132.676637158904157
 136.531017689256799
 140.496925777540440
 144.577673598782752
 148.776452892393195
 153.096814756680203
 157.542219359194490
 162.116371870511585
 166.822975757118598
 171.665839132063496
 176.648826954804349
 181.776139589079662
 187.051857266868012
 192.480447832971208
 198.066264921936067
 203.813923117266597
 209.728175553601147
 215.813818028059899
 222.075916899139969
 228.519436097092154
 235.149734546493335
 241.972244091254368
 248.992461540558566
 256.216168921328574
 263.649305484999275
 271.297772742976008
 279.168121490872750
 287.266462183695239
 295.599523672600242
 304.174310736864754
 312.997360236523718
 322.076260273176558
 331.418373615941732
 341.031222128570448
 350.922535705173914
 361.100664400416008
 371.573580249564202
 382.349975210837158
 393.438454274597404
 404.848368866417502
 416.588705793333816
 428.669402636898155
 441.100015223975674
 453.891095269995276
 467.052700929606260
 480.595825953242183
 494.531362798492580
 508.870813698929112
 523.625978565832838
 538.808525572420194
 554.430843201738753
 570.506107398844392
 587.047032521025471
 604.067117848252224
 621.579877012888232
 639.600051008571882
 658.142014303598671
 677.221388081060923
 696.853506119128269
 717.054393970720298
 737.840371151530348
 759.228567770495829
 781.236556655461754
 803.881898552815414
 827.183366656565340
 851.159788723910992
 875.830396337629281
 901.215834626143533
 927.336616630275785
 954.213695399642916
 981.869195934250797
1010.325814170631020
1039.606377872642952
1069.734743774186882
1100.735459366482019
1132.633782891344254
1165.456140586012907
1199.228413822730317
1233.978543376971629
1269.734366686569501
1306.525162303056732
1344.380686840975841
1383.332257077591521
1423.410744498411304
1464.649614675302246
1507.082463708217801
1550.742920809372208
1595.667810157525082
1641.892386254930898
1689.455243902826396
1738.394075420112131
1788.749740096373898
1840.562567618813091
1893.874975232736006
1948.729343306231840
2005.171728837016190
2063.247627007373922
2123.003996268208084
2184.487611224013563
2247.752403901774414
2312.846347877338758
2379.823703899896827
2448.738374011545147
2519.646351870705075
2592.606218198196075
2667.676569315897723
2744.918564289864662
2824.394180767865237
2906.170121693693545
2990.310465975358966
3076.885637338301422
3165.964617596238440
3257.619762974732566
3351.927547298018908
3448.961365207174822
3548.801243945706574
3651.521962832867302
3757.210615382754895
3865.957500779780275
3977.848706266281624
4092.977553309975974
4211.437724875969252
4333.326615849333393
4458.740823382073359
4587.781660679482229
4720.556491378275496
   0.000000000000000
   0.000000000000000
   0.028895873956533
   0.028895883809177
   0.028895878630597
   0.058626731501434
   0.089216661206288
   0.116442365930318
   0.120690586740244
   0.153073863816638
   0.168970664242191
   0.188158251843427
   0.222542060370779
   0.255947363035906
   0.292238965378621
   0.329579322305793
   0.367998608186221
   0.402359931564240
   0.432549445304135
   0.471067880340755
   0.504595594074162
   0.545737212615243
   0.588976836833252
   0.636913310594905
   0.677160204404948
   0.728164547816298
   0.782045092952877
   0.835276073248125
   0.886176071747340
   0.938826829569934
   0.997325710565139
   1.057018158195008
   1.117119063009629
   1.179987905052340
   1.246358170044597
   1.314905866479861
   1.382778825845501
   1.456952265742846
   1.535406706483350
   1.612828593022989
   1.691641895528776
   1.775445898602504
   1.861391570266744
   1.948696377406151
   2.037285143192648
   2.125051159984576
   2.215352709782783
   2.312197219066780
   2.415728113352531
   2.521459920128141
   2.630929512540187
   2.744194019662728
   2.860394594953202
   2.979010654982363
   3.101230842367776
   3.227850307970223
   3.357673297251389
   3.488122067374656
   3.624539457410315
   3.764397308125073
   3.907843733955262
   4.058329111223419
   4.211710473720728
   4.393894816130348
   4.566836048589206
   4.745322946534080
   4.925963012624909
   5.110722314096593
   5.301208882992535
   5.504693374464363
   5.713123409353686
   5.923902701889775
   6.138853945048496
   6.345138126440969
   6.571921591844389
   6.808002479080751
   7.047095452332186
   7.293514336875743
   7.548023002955049
   7.809627315781077
   8.079095641230019
   8.355531050373871
   8.639000561870469
   8.931349322960790
   9.232044564679985
   9.541466181247317
   9.859531056025700
  10.186067547658531
  10.520397366023616
  10.864173553085807
  11.218769807084813
  11.583807785154599
  11.958790329949933
  12.343919276000769
  12.740065314455778
  13.143036036224204
  13.551715974178689
  13.972202695137211
  14.404837057871033
  14.849974597768520
  15.317435164807328
  15.798067124898706
  16.292535281810913
  16.801356756548564
  17.324578922324669
  17.862519385138711
  18.415835669624151
  18.984490296606396
  19.568601301589958
  20.169275728350780
  20.787118220542226
  21.423203411935607
  22.077357758978152
  22.750125149356258
  23.442122864288205
  24.154123236255582
  24.886271301929167
  25.639096526555612
  26.413439180440811
  27.209926551143347
  28.029174228941002
  28.871742313451019
  29.738349083136860
  30.629761569346318
  31.546608698785317
  32.489550029757311
  33.459351332005404
  34.456753536050577
  35.482533341348137
  36.537486135565992
  37.622455339749436
  38.738301304937409
  39.885915657951998
  41.066131471460942
  42.280071632141770
  43.528619217413954
  44.812605250478441
  46.133233784229425
  47.491508821407137
  48.888394045012937
  50.325067002516050
  51.802607236900251
  53.322135870355957
  54.884980299755703
  56.492196563393421
  58.145081559714434
  59.844842763133158
  61.591833132453147
  63.388486979274013
  65.236321089017849
  67.136061511584629
  69.089927795285334
  71.099604862377916
  73.166174036074239
  75.292007897057218
  77.479585692582049
  79.729352528894808
  82.043005087547272
  84.424454148810838
  86.873289857274472
  89.391498061987960
  91.982910410274243
  94.647794251041262
  97.389428508392427
 100.210154940241381
 103.110827105121203
 106.095245451981981
 109.165312082080035
 112.323267479117320
 115.571456871113512
 118.913461061516514
 122.350996479628549
 125.887106758348068
 129.525125382717249
 133.267433091506149
 137.120210980557573
 141.111246119706607
 145.217654604739835
 149.442806170669456
 153.789913945125079
 158.262743174439350
 162.864748944249271
 167.599744879084085
 172.471612858688559
 177.484243035784004
 182.641658294457415
 187.948151010642079
 193.407958053027045
 199.025535236498172
 204.805411002466116
 210.752429615001404
 216.871183695098182
 223.166743039859711
 229.644268070236876
 236.308929979440478
 243.141086989767331
 250.161689493919368
 257.385439881217053
 264.817832856463724
 272.465350749691652
 280.334128486847021
 288.430802788659264
 296.761297652868450
 305.333284790151083
 314.152890778017422
 323.227879134602347
 332.565733607261279
 342.174112242865931
 352.060075842780861
 362.232731075050197
 372.699576145537605
 383.469579932586328
 394.551032446618365
 405.953461502662208
 417.686015582795108
 429.758330794102619
 442.180619880693030
 454.962700921795715
 468.115079940363842
 481.648599677563141
 495.574354749505801
 509.903573179348086
 524.647991246562469
 539.819687959048110
 555.430966542091255
 571.494610736396112
 588.024049634510789
 605.031974397809449
 622.532880860467685
 640.540779775298233
 659.070592026897202
 678.136890631910887
 697.756189582086336
 717.943721929960248
 738.715986171063946
 760.090421654421334
 782.084248315367859
 804.715464537883122
 828.002401448049000
 851.964104947458281
 876.619847143471588
 901.990317345697804
 928.096076575859115
 954.958129931392250
 982.598431301538199
1011.039573111054779
1040.304174538822735
1070.416755365532254
1101.401680960373824
1133.284790297486325
1166.090496150879062
1199.846962073845589
1234.580587141304704
1270.319860724615182
1307.094042483360909
1344.933013085725179
1383.867754598114971
1423.929373636344053
1465.151387958212354
1507.567450072878501
1551.211608931896308
1596.118851872148070
1642.327208108082914
1689.872921654921583
1738.795360177217390
1789.134004290023313
1840.929180494185857
1894.224180036035023
1949.062015160478495
2005.486619812912977
2063.545157565201407
2123.283693883829073
2184.752164295078273
2247.998822164457124
2313.076162301426848
2380.036638986609887
2448.935660412845209
2519.827489483625868
2592.771078431549086
2667.825057684637159
2745.050865723062543
2824.510695406970626
2906.270498137896084
2990.394365131026916
3076.952462335770633
3166.015227086543746
3257.655134931762859
3351.944730381889258
3448.963452017767850
3548.788674443873333
3651.497462571461710
3757.177183052452165
3865.910856362573213
3977.790520296468912
4092.905667418050143
4211.351395754175428
4333.221446447630115
4458.618918711815240
4587.641335934933522
4720.390710719571871
   0.000000000000000
   0.000000000000000
   0.000000000000000
   0.028895883809177
   0.028895878630597
   0.058626697034092
   0.058626732327047
   0.086575884427425
   0.120690494704600
   0.120690563321533
   0.153073873808661
   0.166752817525358
   0.186393005500061
   0.220674841244783
   0.255947279424115
   0.284589454269061
   0.301957978349730
   0.333559859831007
   0.382007943591289
   0.413672273262389
   0.448200257541182
   0.490047158087898
   0.533103186928144
   0.577403509158568
   0.621863079439102
   0.667248834181910
   0.706869201279049
   0.758311529340453
   0.815454747593897
   0.867780078135472
   0.915817958957560
   0.974568266266071
   1.035652162314776
   1.097283153680633
   1.157886213894855
   1.220240263609392
   1.284395702637745
   1.350405801727118
   1.418322759996189
   1.488283443418259
   1.563458694373022
   1.645031338703069
   1.731216518256543
   1.817018844004080
   1.904214461897551
   1.997157832971237
   2.094787971744029
   2.193212737037044
   2.291334148435122
   2.396697627166290
   2.502215149260315
   2.603414981111666
   2.707563403141811
   2.825445271966338
   2.947008743106557
   3.068124183837894
   3.195049987814870
   3.327524899833111
   3.463103488613245
   3.600416249614880
   3.743750846520349
   3.893750634052648
   4.050665312446735
   4.211764284176255
   4.375147380016595
   4.562788079262670
   4.786658279502590
   4.986347805544799
   5.176936809223475
   5.370047984326365
   5.567937615035433
   5.780780276826625
   6.002145301146638
   6.238678618434458
   6.470450414739545
   6.706725491546431
   6.950787158958994
   7.199471892044902
   7.455889397916313
   7.714218023946443
   7.971808614446600
   8.250235561642439
   8.536306364533347
   8.832020684635687
   9.135070439088494
   9.445639390150149
   9.765766974502323
  10.094858882869538
  10.432258281300827
  10.778920995979840
  11.136169396217758
  11.503813863907331
  11.881920943414746
  12.270430007968059
  12.669827443270700
  13.080861713037855
  13.503907648839157
  13.938498883622900
  14.385263655792530
  14.845364454899094
  15.307967457028264
  15.779201382900741
  16.264059641107963
  16.765800590146196
  17.293752617533102
  17.836567018349104
  18.394691286387186
  18.968803961140491
  19.559372180930186
  20.166790096104339
  20.791486688104509
  21.434167960988201
  22.095226091009405
  22.775167838189716
  23.474506892037802
  24.193923718003180
  24.933322860249564
  25.692829673470943
  26.473982815046654
  27.277562903209457
  28.104991983119053
  28.956265388802819
  29.831915822794905
  30.732833717968767
  31.659716601867263
  32.613024139722562
  33.593246849885780
  34.601239653869108
  35.637915712389947
  36.703966231909504
  37.800359548435054
  38.927950629865272
  40.087627934185655
  41.280241466309462
  42.506840611906121
  43.768356385864223
  45.065700122528426
  46.399981823106778
  47.772209459460733
  49.183413867208266
  50.634745080835017
  52.127452699058843
  53.662437331172150
  55.241122158444377
  56.864667053701339
  58.534183090240013
  60.251086940145541
  62.016527389220471
  63.831906904413877
  65.698994482684938
  67.618780458858794
  69.592868525901395
  71.623153221926685
  73.710814737422623
  75.857159686167606
  78.064255412724933
  80.333067886242361
  82.665837461980175
  85.065490746930905
  87.532338946400230
  90.068863964929918
  92.678086524461378
  95.361549507593921
  98.122520541474458
 100.961892654409979
 103.882195726624985
 106.886330219465549
 109.976017503643504
 113.154879403453890
 116.421333098352534
 119.783547495863601
 123.240878041180949
 126.796120721650254
 130.453938966470190
 134.215579281344020
 138.084529731712024
 142.064287758990019
 146.157765940128371
 150.368242930507080
 154.699208735805684
 159.154111199250053
 163.736496813965687
 168.450177528089654
 173.298686783358306
 178.286185386936751
 183.416638593100174
 188.694106854602069
 194.122997481675043
 199.707591822994516
 205.452412039762180
 211.362174813264289
 217.441680371739693
 223.695955358601282
 230.129766965424920
 236.748622456513885
 243.557846008370007
 250.563354624308346
 257.769849542043914
 265.184127655958491
 272.811559274229808
 280.660448266300989
 288.733262699550153
 297.047685081646534
 305.659867787704115
 314.521142752530238
 323.638328735585219
 333.019136429354603
 342.670807911122097
 352.601551943694687
 362.819170449353464
 373.331999849018246
 384.148744377373475
 395.277862239528076
 406.728613294864886
 418.510292787991432
 430.632365156524713
 443.104866678316569
 455.937655018038072
 469.141199593548549
 482.726320359478393
 496.703859102329261
 511.085527667006090
 525.882623156254340
 541.101799215116785
 556.703841852992923
 572.758024748282651
 589.276470685370100
 606.273626046101981
 623.763220944067371
 641.759220067030014
 660.275963950136884
 679.329665101082810
 698.934788415802927
 719.108001786652608
 739.865473576589011
 761.224490782176531
 783.202103502890168
 805.817096919482537
 829.087632812640322
 853.032217926506632
 877.671192646219424
 903.023915041110740
 929.111706434352413
 955.955538539023678
 983.577500384648147
1011.999163870448911
1041.245251614002200
1071.338493930502636
1102.303921798368719
1134.166320712066181
1166.952355983754387
1200.688174355337196
1235.401480338247893
1271.119800946987198
1307.873204149312642
1345.691154687690414
1384.604562919275850
1424.645238899605374
1465.845709117107390
1508.239859938379368
1551.861779881405255
1596.747097164635761
1642.933090689803066
1690.455888007008525
1739.354631509885166
1789.669476077079935
1841.441238538421658
1894.712169776794326
1949.526755834928281
2005.927573459703808
2063.962581900424993
2123.677939888597393
2185.122865589565208
2248.346489956613823
2313.400020416357620
2380.337901794547633
2449.212750841563320
2520.082168858943078
2593.002048439017472
2668.033111875321993
2745.236782261659755
2824.673020584040387
2906.409886797581748
2990.511856594300298
3077.045962986147515
3166.087083518218151
3257.702046562477335
3351.970505007449901
3448.964741737635450
3548.766189435146316
3651.453401948826922
3757.112591430867269
3865.826922477935113
3977.686180024219084
4092.780395770826090
4211.203468604682712
4333.051278780540997
4458.421672810418386
4587.414285729085350
4720.129507820245635
