 -30.835884756581184
 -30.098765904140276
 -29.576711167941706
 -29.098655364873256
 -28.683601444886079
 -28.286675022508003
 -27.952732876290991
 -27.636276538865474
 -27.369699787844553
 -27.112390018563488
 -26.876785227238191
 -26.654055888554019
 -26.435979786121035
 -26.223238204515990
 -26.025124816901943
 -25.832240079448134
 -25.647877888241556
 -25.469811418678262
 -25.296983447784974
 -25.129100651443995
 -24.965349717511504
 -24.803965148147768
 -24.646643213644072
 -24.492179586303042
 -24.339814875599700
 -24.189936968677088
 -24.043102997137268
 -23.898257212555713
 -23.755237625571709
 -23.613917729250097
 -23.473932591048026
 -23.334167689301633
 -23.193312314379600
 -23.053281111434526
 -22.914518760486015
 -22.776880394187845
 -22.640216746556554
 -22.504466991201269
 -22.369582097407676
 -22.235037738839459
 -22.100505628557944
 -21.966687173125148
 -21.833623531244026
 -21.701198378619790
 -21.569382630140190
 -21.438182159800590
 -21.307498720553472
 -21.177016899006468
 -21.046852446504406
 -20.917023880588207
 -20.787373041902512
 -20.657734594276693
 -20.527996839979654
 -20.397755575208691
 -20.267269436280351
 -20.137037212385010
 -20.006939414713511
 -19.875992393543914
 -19.745125624617756
 -19.614154708627712
 -19.483090955354843
 -19.352048777255792
 -19.220920140496762
 -19.089603613914925
 -18.958038100836575
 -18.826201181883174
 -18.694246286092895
 -18.562358901571727
 -18.430565927116525
 -18.298805565694284
 -18.166972387614802
 -18.034988782676592
 -17.902973205322361
 -17.771028409238411
 -17.639171154012239
 -17.507394040129672
 -17.375678503974331
 -17.244056560099448
 -17.112604998130742
 -16.981366925951757
 -16.850366971834305
 -16.719621135195052
 -16.589133996701378
 -16.458937542182209
 -16.329064744582368
 -16.199539774035163
 -16.070376091082768
 -15.941587711834277
 -15.813217954957759
 -15.685312037371192
 -15.557890357895324
 -15.430963745382300
 -15.304531171808167
 -15.178592917974049
 -15.053168089801540
 -14.928276120269320
 -14.803921577052066
 -14.680114679696121
 -14.556869446394183
 -14.434203104824936
 -14.312128712186786
 -14.190660992867029
 -14.069809418605811
 -13.949583406110824
 -13.829985055083528
 -13.711017337672969
 -13.592687327779711
 -13.475001728294355
 -13.357963935164808
 -13.241578715590625
 -13.125853782334307
 -13.010794929299133
 -12.896405338628036
 -12.782687871890342
 -12.669646461813850
 -12.557284674261357
 -12.445604978368372
 -12.334609423608953
 -12.224300623820703
 -12.114680931448946
 -12.005752088615223
 -11.897515719586858
 -11.789973738293396
 -11.683127787119332
 -11.576979010443923
 -11.471528515696649
 -11.366777471285729
 -11.262726569122281
 -11.159376313444191
 -11.056726965305367
 -10.954778826674612
 -10.853530827690154
 -10.752983818348717
 -10.653136531398134
 -10.553993410485271
 -10.455559024910539
 -10.357830848935544
 -10.260808453800392
 -10.164490938004338
 -10.068875774055400
  -9.973966678965528
  -9.879763411591144
  -9.786263091867134
  -9.693465845744834
  -9.601370553767122
  -9.509976136786706
  -9.419282152737123
  -9.329286889052065
  -9.239988805509286
  -9.151386699333138
  -9.063476625030880
  -8.976256489789819
  -8.889724717899336
  -8.803877984178108
  -8.718713815541872
  -8.634230008543859
  -8.550423128107319
  -8.467289675011550
  -8.384827111558405
  -8.303034239228330
  -8.221907367258105
  -8.141444071240127
  -8.061641074920850
  -7.982495626093532
  -7.904006146506335
  -7.826169338585433
  -7.748982668767966
  -7.672443920105130
  -7.596549931238767
  -7.521298156913423
  -7.446686032129273
  -7.372710517334279
  -7.299368761927469
  -7.226657826979012
  -7.154574499152749
  -7.083115601949796
  -7.012277873297054
  -6.942057933728059
  -6.872452433306930
  -6.803457966402268
  -6.735071106280598
  -6.667288486522033
  -6.600106828694228
  -6.533522857192445
  -6.467533131276224
  -6.402134100366233
  -6.337322109238557
  -6.273093316284687
  -6.209443763076454
  -6.146369557654229
  -6.083866844342864
  -6.021931746385739
  -5.960560418090275
  -5.899749026468457
  -5.839493744470702
  -5.779790743418730
  -5.720636190145210
  -5.662026274597641
  -5.603957209927052
  -5.546425185310396
  -5.489426372867091
  -5.432956984895184
  -5.377013312954557
  -5.321591600765326
  -5.266688084177469
  -5.212299065455414
  -5.158420826157792
  -5.105049691476059
  -5.052182033262109
  -4.999814248137560
  -4.947942767045395
  -4.896563985915857
  -4.845674291056675
  -4.795270034487680
  -4.745347517211837
  -4.695903033599309
  -4.646932888624779
  -4.598433384596868
  -4.550400835912674
  -4.502831565291467
  -4.455721907016795
  -4.409068208645282
  -4.362866832133238
  -4.317114156958372
  -4.271806590579145
  -4.226940727989247
  -4.182513120820546
  -4.138520309322636
  -4.094958823197425
  -4.051825186047932
  -4.009115801217657
  -3.966827034247903
  -3.924955329970037
  -3.883497134180009
  -3.842448931496802
  -3.801807225635087
  -3.761568545313865
  -3.721729441172462
  -3.682286484848724
  -3.643236268961304
  -3.604575406431461
  -3.566300530533893
  -3.528408294744226
  -3.490895372733790
  -3.453758458418751
  -3.416994266008797
  -3.380599530048090
  -3.344571005512758
  -3.308905468032382
  -3.273599713828184
  -3.238650574209271
  -3.204054934778225
  -3.169809690656769
  -3.135911775335430
  -3.102358121143345
  -3.069145680868735
  -3.036271377275264
  -3.003732165999487
  -2.971524989892180
  -2.939646833593154
  -2.908094682286879
  -2.876865558632530
  -2.845956495607528
  -2.815364558296827
  -2.785086826779434
  -2.755120407552049
  -2.725462422547415
  -2.696110016839150
  -2.667060351065157
  -2.638310608601292
  -2.609857989745735
  -2.581699721284401
  -2.553833071768800
  -2.526255326112732
  -2.498963792331110
  -2.471955791729786
  -2.445228664259733
  -2.418779757721736
  -2.392606417781892
  -2.366706013032078
  -2.341075926207647
  -2.315713565230254
  -2.290616356324585
  -2.265781749960559
  -2.241207216077429
  -2.216890247638578
  -2.192828357363539
  -2.169019080026991
  -2.145460649678598
  -2.122150797743929
  -2.099086972298481
  -2.076266726549682
  -2.053687473441938
  -2.031346759450750
  -2.009242075589396
  -1.987371023394469
  -1.965731191581725
  -1.944320259599799
  -1.923135918183422
  -1.902175939203258
 -23.922315662088884
 -23.779566650199893
 -23.647561121243246
 -23.525626164116041
 -23.402728376559718
 -23.288628049495525
 -23.174416466619515
 -23.064008530706836
 -22.954234830280264
 -22.851218349169674
 -22.748159866893143
 -22.645502425564143
 -22.545994135357450
 -22.447102917249040
 -22.350664435609986
 -22.257111114565355
 -22.163897454226316
 -22.072353199744025
 -21.982978255848387
 -21.893983772687054
 -21.805807657537191
 -21.718867544715593
 -21.632276643536390
 -21.546328910721222
 -21.461053472623679
 -21.375907054728476
 -21.290872890852032
 -21.206238213385671
 -21.122206938597053
 -21.038511775296840
 -20.954648127522354
 -20.870794198335624
 -20.787047174528375
 -20.703446742456972
 -20.619880851691299
 -20.536221931158014
 -20.452428825197945
 -20.368693325097919
 -20.284748571148260
 -20.200511836223399
 -20.116109994689435
 -20.031579438923778
 -19.946720713099555
 -19.861546563362758
 -19.776122117026148
 -19.690408369542848
 -19.604339139956299
 -19.517915161162353
 -19.431240645330607
 -19.344150509179823
 -19.256603419431691
 -19.168587196153723
 -19.079996999620242
 -18.990688221919928
 -18.900658360713443
 -18.810124382126141
 -18.716599964366331
 -18.620344346598866
 -18.522897138466160
 -18.424718729685612
 -18.325726204280159
 -18.225963604114661
 -18.125378315844848
 -18.023758120891085
 -17.920540878013433
 -17.816138605159399
 -17.710829510825643
 -17.604744359143410
 -17.498009858037307
 -17.390673583848390
 -17.282542139515822
 -17.173633742335806
 -17.064134901958820
 -16.954135818207952
 -16.843676674646105
 -16.732841825498301
 -16.621576813877752
 -16.509908508989504
 -16.397979603936076
 -16.285802757671764
 -16.173384512431831
 -16.060760948523072
 -15.947956785262249
 -15.835023996788307
 -15.722012128640822
 -15.608945495764308
 -15.495846880248346
 -15.382744125234732
 -15.269670382381650
 -15.156670987472403
 -15.043785602086261
 -14.931026314425942
 -14.818396783374000
 -14.705917098980514
 -14.593625897221202
 -14.481545107935444
 -14.369678948483855
 -14.258040222238421
 -14.146654272904678
 -14.035545049790517
 -13.924724009595671
 -13.814200240481991
 -13.703990071102613
 -13.594111857807322
 -13.484578397242046
 -13.375398893215834
 -13.266585383991396
 -13.158151689329973
 -13.050109401189115
 -12.942473358639605
 -12.835261880194103
 -12.728486979387913
 -12.622157585578144
 -12.516277109375904
 -12.410853842032097
 -12.305896778472611
 -12.201413782007643
 -12.097410530444053
 -11.993895598336055
 -11.890877919813830
 -11.788364300415511
 -11.686360729193659
 -11.584873843558132
 -11.483913577642909
 -11.383486457220137
 -11.283597987642127
 -11.184253914481614
 -11.085459453359078
 -10.987219526724722
 -10.889538735898888
 -10.792421006245299
 -10.695870717352351
 -10.599891653477236
 -10.504485850800240
 -10.409654960165271
 -10.315402649099665
 -10.221731272806544
 -10.128644053306340
 -10.036143697809672
  -9.944232291608808
  -9.852913410186144
  -9.762189391555291
  -9.672062144503405
  -9.582534427952986
  -9.493608047622708
  -9.405284375386071
  -9.317565217058487
  -9.230451880771195
  -9.143946121107398
  -9.058051288128237
  -8.972767957110200
  -8.888096578760493
  -8.804038561183608
  -8.720593802570630
  -8.637761388715354
  -8.555541652946927
  -8.473932832946087
  -8.392930588112661
  -8.312537648844813
  -8.232754290284163
  -8.153577950008026
  -8.075008739285988
  -7.997044181213140
  -7.919683669028093
  -7.842928039918958
  -7.766775286164608
  -7.691224684984483
  -7.616275861122805
  -7.541927285112469
  -7.468177480153748
  -7.395025696258248
  -7.322470385115644
  -7.250509667489362
  -7.179141908300382
  -7.108364882951686
  -7.038176168396418
  -6.968573328216412
  -6.899553756078356
  -6.831114907329230
  -6.763254211446363
  -6.695969028601739
  -6.629256726087303
  -6.563114646340659
  -6.497540076715822
  -6.432530257014156
  -6.368082381536706
  -6.304193595394731
  -6.240860987062971
  -6.178081589509405
  -6.115852403610439
  -6.054170407570195
  -5.993032565280144
  -5.932435787013863
  -5.872376943102160
  -5.812852865853731
  -5.753860462399117
  -5.695396541661805
  -5.637457867470516
  -5.580041097768274
  -5.523143158263744
  -5.466760786002158
  -5.410890615802171
  -5.355529735036802
  -5.300674990799729
  -5.246322730794852
  -5.192469899233718
  -5.139113331189784
  -5.086249781453679
  -5.033876195941034
  -4.981989485025526
  -4.930586628032318
  -4.879664478343885
  -4.829219801457400
  -4.779249286516127
  -4.729749472858387
  -4.680716867926338
  -4.632148033459020
  -4.584039530002780
  -4.536387933921426
  -4.489189832262890
  -4.442441820720844
  -4.396140505762386
  -4.350282503667043
  -4.304864446464992
  -4.259882988249447
  -4.215334815756529
  -4.171216614194415
  -4.127525085659011
  -4.084256926441336
  -4.041408836786362
  -3.998977513472417
  -3.956959636412822
  -3.915351901401961
  -3.874150995466682
  -3.833353591745603
  -3.792956380465705
  -3.752956056539213
  -3.713349328818011
  -3.674132919158358
  -3.635303564020511
  -3.596858015530405
  -3.558793041776034
  -3.521105427643862
  -3.483791974927784
  -3.446849502762856
  -3.410274848129122
  -3.374064865747972
  -3.338216428453456
  -3.302726428591582
  -3.267591776459914
  -3.232809444426281
  -3.198376515995752
  -3.164290002449790
  -3.130546959988003
  -3.097144415930589
  -3.064079396296064
  -3.031348818320663
  -2.998949707765053
  -2.966879064372997
  -2.935133950907821
  -2.903711432738213
  -2.872608615374224
  -2.841822626265455
  -2.811350617336680
  -2.781189751143652
  -2.751337210581476
  -2.721790179888368
  -2.692545865434410
  -2.663601485008559
  -2.634954280053878
  -2.606601507840534
  -2.578540449290235
  -2.550768408824498
  -2.523282713265576
  -2.496080710843385
  -2.469159769132996
  -2.442517275274486
  -2.416150633081395
  -2.390057260283290
  -2.364234591696299
  -2.338680077988965
  -2.313391189138207
  -2.288365412584693
  -2.263600255815054
  -2.239093244566652
  -2.214841924792626
  -2.190843861267282
  -2.167096639276738
  -2.143597994247030
  -2.120345638063158
  -2.097337282303040
  -2.074570597171797
  -2.052043242243009
  -2.029752882908538
  -2.007697187739402
  -1.985873862763877
  -1.964280655104933
  -1.942915383384063
  -1.921775938741376
  -1.900860351775816
 -20.903396197983557
 -20.837629847905543
 -20.773803550812616
 -20.710976104656950
 -20.647645763259316
 -20.587024494470931
 -20.525857715115357
 -20.465929914159073
 -20.405729023680188
 -20.345588580599586
 -20.284825366766963
 -20.225654075756999
 -20.165988042851435
 -20.108484100999021
 -20.050329625814317
 -19.992617254203754
 -19.935408730374405
 -19.878480020479351
 -19.822348340404126
 -19.765785776642698
 -19.709634384760726
 -19.654040950477814
 -19.598188382533323
 -19.542388368015558
 -19.486460198425483
 -19.430466984855101
 -19.374270212540797
 -19.318342443580068
 -19.262402411909875
 -19.206270417956180
 -19.149710121998357
 -19.092876493811165
 -19.035885512277488
 -18.979016989509596
 -18.921823107927910
 -18.864437948568387
 -18.806838494956651
 -18.748956810899859
 -18.690740516397177
 -18.632219005155108
 -18.573351985681786
 -18.514013322613831
 -18.454199126889232
 -18.393991421246529
 -18.333356916884412
 -18.272181428235726
 -18.210422301239507
 -18.148154825934199
 -18.085403041693461
 -18.022053228136091
 -17.958058237788801
 -17.893313537033979
 -17.827743438988520
 -17.761310403621703
 -17.693999069286775
 -17.625695684820329
 -17.555398485866707
 -17.480571148392258
 -17.403607083108920
 -17.325698112867506
 -17.246824280904406
 -17.166951740201135
 -17.086128020711715
 -17.004222328893071
 -16.921234186612761
 -16.836838184857555
 -16.750448776004855
 -16.662951856662332
 -16.574658874684133
 -16.485533394581520
 -16.395556572739221
 -16.304756915762255
 -16.213153972174400
 -16.120639115616221
 -16.027310702052432
 -15.933342769615813
 -15.838763144638545
 -15.743636847962927
 -15.648003348697227
 -15.551840874281902
 -15.455150408150756
 -15.358003716427739
 -15.260449113032450
 -15.162542146222323
 -15.064355611501393
 -14.965892276238334
 -14.867169729514412
 -14.768202883824628
 -14.669016139114690
 -14.569649659450889
 -14.470136687631625
 -14.370489912850767
 -14.270725785640256
 -14.170864622820519
 -14.070938918444465
 -13.970970261809546
 -13.870973926361955
 -13.770971499892298
 -13.671011768572727
 -13.571129144410840
 -13.471320096005984
 -13.371583541087908
 -13.271937177176639
 -13.172407934870849
 -13.073012929051139
 -12.973758273536593
 -12.874654959337780
 -12.775720836439232
 -12.676973853283267
 -12.578427780211026
 -12.480095903887852
 -12.381992001232945
 -12.284130198143140
 -12.186522000639673
 -12.089180002918381
 -11.992116608099003
 -11.895343994788091
 -11.798872704909511
 -11.702718936395579
 -11.606901557074140
 -11.511430596196845
 -11.416314812702870
 -11.321559044794096
 -11.227174334434515
 -11.133169986469046
 -11.039553904946400
 -10.946332400154978
 -10.853514427433220
 -10.761107375881167
 -10.669118336934877
 -10.577553889286307
 -10.486421323577346
 -10.395726982950928
 -10.305476792262313
 -10.215677026387668
 -10.126333998054452
 -10.037453061467426
  -9.949039949250441
  -9.861100094217955
  -9.773638200812185
  -9.686659092100209
  -9.600168352132709
  -9.514170059937301
  -9.428669018746691
  -9.343669693832984
  -9.259175297747857
  -9.175189009252762
  -9.091714358218374
  -9.008753790510644
  -8.926311468563451
  -8.844390458511146
  -8.762992974798447
  -8.682122437287237
  -8.601780804566497
  -8.521968603888631
  -8.442689990602599
  -8.363947331071632
  -8.285742730823099
  -8.208079720655899
  -8.130959591439247
  -8.054382779101678
  -7.978350943785699
  -7.902865461188122
  -7.827927050388816
  -7.753534909220513
  -7.679688361903199
  -7.606387656536888
  -7.533635454060978
  -7.461433386444235
  -7.389777384467435
  -7.318668111633841
  -7.248104813678040
  -7.178085678422789
  -7.108610376620240
  -7.039677675076947
  -6.971285544337188
  -6.903432533205760
  -6.836117151934893
  -6.769337685287468
  -6.703092575581134
  -6.637380170297403
  -6.572198784838466
  -6.507546803462575
  -6.443422490513225
  -6.379823991685146
  -6.316749425818455
  -6.254196968297926
  -6.192164798962136
  -6.130650921046836
  -6.069653106561245
  -6.009169185797662
  -5.949197299493585
  -5.889735402897310
  -5.830780990023273
  -5.772331163128401
  -5.714384138898275
  -5.656938024202529
  -5.599990249621746
  -5.543536489414109
  -5.487575347680642
  -5.432105405688950
  -5.377123982542411
  -5.322629348397977
  -5.268619174008336
  -5.215088542955360
  -5.162035636874571
  -5.109458434979470
  -5.057353924831081
  -5.005719842480589
  -4.954553528391351
  -4.903852325968349
  -4.853613588043343
  -4.803834548576306
  -4.754512432998838
  -4.705644379030371
  -4.657227479553972
  -4.609258814437732
  -4.561735428793277
  -4.514654352244435
  -4.468012597041986
  -4.421807167357824
  -4.376035061600128
  -4.330693262398411
  -4.285778753934617
  -4.241288537658374
  -4.197219591533077
  -4.153568888805749
  -4.110333468853329
  -4.067510324014219
  -4.025096421251083
  -3.983088889056003
  -3.941484753318155
  -3.900280991181596
  -3.859474582391342
  -3.819062309001390
  -3.779040999559566
  -3.739407513892369
  -3.700158729264172
  -3.661291547456376
  -3.622802887236988
  -3.584689686053739
  -3.546948897562002
  -3.509577492315697
  -3.472572456685735
  -3.435930792486063
  -3.399649518865702
  -3.363725670564733
  -3.328156298002882
  -3.292938474256327
  -3.258069285239137
  -3.223545837140453
  -3.189365278471441
  -3.155524740760836
  -3.122021386606162
  -3.088852363422974
  -3.056014845832329
  -3.023505975025153
  -2.991322943158046
  -2.959462934050378
  -2.927923167067604
  -2.896700885830823
  -2.865793348182534
  -2.835197881669523
  -2.804911793673916
  -2.774932356659517
  -2.745256853706012
  -2.715882504419224
  -2.686806567438458
  -2.658026325500127
  -2.629539091238589
  -2.601342199157822
  -2.573433009454442
  -2.545808903118250
  -2.518467284256332
  -2.491405576998710
  -2.464621226210895
  -2.438111695768932
  -2.411874468487893
  -2.385907045107914
  -2.360206943969764
  -2.334771700639341
  -2.309598868309041
  -2.284686017379739
  -2.260030736307489
  -2.235630631327624
  -2.211483327803988
  -2.187586470621841
  -2.163937726718190
  -2.140534787455158
  -2.117375375077948
  -2.094457239086019
  -2.071778128075318
  -2.049335821659967
  -2.027128114663528
  -2.005152855292949
  -1.983407967028935
  -1.961891535950515
  -1.940601860979066
  -1.919537572607335
  -1.898697934746410
