   0.000000169898659
   0.000000126193651
   0.000000083809165
   0.000000092573388
   0.000000057045659
   0.000000068923231
   0.000000068066140
   0.000000072700282
   0.000000076429630
   0.000000096543249
   0.000000103903792
   0.000000100237839
   0.000000102746115
   0.000000136859466
   0.000000143654904
   0.000000278468711
   0.000000311925080
   0.000000494487937
   0.000000866012678
   0.000000845579200
   0.000000692551247
   0.000000662106086
   0.000001426650985
   0.000001431899653
   0.000001705863732
   0.000001529559417
   0.000002557027058
   0.000002415070200
   0.000002422031861
   0.000002635420660
   0.000002756518943
   0.000002838643914
   0.000002858256062
   0.000002870103108
   0.000002875307868
   0.000003542696757
   0.000003447325351
   0.000003341308778
   0.000003245785362
   0.000002493772942
   0.000002420224886
   0.000002292379457
   0.000002204035855
   0.000002013713250
   0.000001832024801
   0.000001896288925
   0.000001788091380
   0.000001690931763
   0.000001273115233
   0.000001947327172
   0.000001737840377
   0.000002219096131
   0.000002033020371
   0.000002417619234
   0.000002410276943
   0.000002806392173
   0.000002793219975
   0.000003064351119
   0.000003125064416
   0.000003325422339
   0.000003421764411
   0.000003599754284
   0.000003750407157
   0.000003895656033
   0.000004028002851
   0.000004110570435
   0.000004220218782
   0.000004321810756
   0.000004401457462
   0.000004453567515
   0.000004532883692
   0.000004579938540
   0.000004605934610
   0.000004628490824
   0.000004650997521
   0.000004658982165
   0.000004673245295
   0.000004681465290
   0.000004690666695
   0.000004689923523
   0.000004683402216
   0.000004674796240
   0.000004670514275
   0.000004664276333
   0.000004644074805
   0.000004626785828
   0.000004606240960
   0.000004577049805
   0.000004543193913
   0.000004513897865
   0.000004486829483
   0.000004451823591
   0.000004416480879
   0.000004377455962
   0.000004339433819
   0.000004299055978
   0.000004258030169
   0.000004213640815
   0.000004169692085
   0.000004123025720
   0.000004073806020
   0.000004024140651
   0.000003972788238
   0.000003919410516
   0.000003865018894
   0.000003810591901
   0.000003753891152
   0.000003695586632
   0.000003636980349
   0.000003577613745
   0.000003516660253
   0.000003454805800
   0.000003393795493
   0.000003330578880
   0.000003266448370
   0.000003203160730
   0.000003138469159
   0.000003072151811
   0.000003007568993
   0.000002941665191
   0.000002871616191
   0.000002806682758
   0.000002739086428
   0.000002657633055
   0.000002593886370
   0.000002524250565
   0.000002391819007
   0.000002331830488
   0.000002266073342
   0.000001953298003
   0.000001895464930
   0.000001845765803
   0.000001784286755
   0.000001738758452
   0.000001677171374
   0.000001628357292
   0.000001570216769
   0.000001518049248
   0.000001440183400
   0.000001387933129
   0.000001320578649
   0.000001269504148
   0.000001210483107
   0.000001174887267
   0.000001126138730
   0.000001084749257
   0.000001038137695
   0.000000993663292
   0.000000947528773
   0.000000905963492
   0.000000856085990
   0.000000812553931
   0.000000773505666
   0.000000700282397
   0.000000657333885
   0.000000624297300
   0.000000591533116
   0.000000561242695
   0.000000530293663
   0.000000501230077
   0.000000472829251
   0.000000445694033
   0.000000419474522
   0.000000394196104
   0.000000369989415
   0.000000346745508
   0.000000324670214
   0.000000303491617
   0.000000283337236
   0.000000263865997
   0.000000243513879
   0.000000225601879
   0.000000207719669
   0.000000191783437
   0.000000177853067
   0.000000164272721
   0.000000152038129
   0.000000140278505
   0.000000129602514
   0.000000119442429
   0.000000109718230
   0.000000099078296
   0.000000089992127
   0.000000081965779
   0.000000074738607
   0.000000069072328
   0.000000063640361
   0.000000058373345
   0.000000053352528
   0.000000048609443
   0.000000044169389
   0.000000040052769
   0.000000036254665
   0.000000032752378
   0.000000029533887
   0.000000026588177
   0.000000023897131
   0.000000021449160
   0.000000019233177
   0.000000017210792
   0.000000015375899
   0.000000013721838
   0.000000012230095
   0.000000010857584
   0.000000009609283
   0.000000008501156
   0.000000007539657
   0.000000006664459
   0.000000005786386
   0.000000005018174
   0.000000004372188
   0.000000003812413
   0.000000003381724
   0.000000003006432
   0.000000002664940
   0.000000002347165
   0.000000002059045
   0.000000001802259
   0.000000001571540
   0.000000001365335
   0.000000001184186
   0.000000001024916
   0.000000000872353
   0.000000000733539
   0.000000000631749
   0.000000000543596
   0.000000000468148
   0.000000000414949
   0.000000000354703
   0.000000000302132
   0.000000000256155
   0.000000000215229
   0.000000000180321
   0.000000000151665
   0.000000000127519
   0.000000000107077
   0.000000000089832
   0.000000000075145
   0.000000000062711
   0.000000000052238
   0.000000000043364
   0.000000000035916
   0.000000000029670
   0.000000000024425
   0.000000000020050
   0.000000000016392
   0.000000000013323
   0.000000000010734
   0.000000000008411
   0.000000000006840
   0.000000000005606
   0.000000000004604
   0.000000000003832
   0.000000000003103
   0.000000000002475
   0.000000000001967
   0.000000000001558
   0.000000000001228
   0.000000000000963
   0.000000000000751
   0.000000000000582
   0.000000000000447
   0.000000000000343
   0.000000000000264
   0.000000000000203
   0.000000000000157
   0.000000000000119
   0.000000000000091
   0.000000000000069
   0.000000000000052
   0.000000000000039
   0.000000000000030
   0.000000000000022
   0.000000000000017
   0.000000000000012
   0.000000000000009
   0.000000000000006
   0.000000000000005
   0.000000000000003
   0.000000000000002
   0.000000000000002
   0.000000000000001
   0.000000000000001
   0.000000000000001
   0.000000000000000
   0.000000000000000
   0.000000000000000
   0.000000000000000
   0.000000000000000
   0.000000000000000
   0.000000000000000
   0.000000000000000
   0.000000000000000
   0.000000000000000
   0.000000000000000
   0.000000000000000
   0.000000000000000
   0.000000000000000
   0.000000000000000
   0.000000000000000
   0.000000095197150
   0.000000116267134
   0.000000125644278
   0.000000080848268
   0.000000106669038
   0.000000049466954
   0.000000099963101
   0.000000069598784
   0.000000092452072
   0.000000093880564
   0.000000113247687
   0.000000117811161
   0.000000122745523
   0.000000139192263
   0.000000127178644
   0.000000189230141
   0.000000222530838
   0.000000259311122
   0.000000362213048
   0.000000403314801
   0.000000402596244
   0.000000253310176
   0.000000587167563
   0.000000589815288
   0.000000649885261
   0.000000630072541
   0.000000987954704
   0.000000851524915
   0.000000855690348
   0.000000951018753
   0.000001052563672
   0.000001097042915
   0.000001055098974
   0.000001045236218
   0.000001070440748
   0.000001307652141
   0.000001256538027
   0.000001188248553
   0.000001154971164
   0.000000949262534
   0.000000964638697
   0.000000933061901
   0.000001200109391
   0.000001185180034
   0.000001127315682
   0.000001224532763
   0.000001168800243
   0.000001150618712
   0.000001127489768
   0.000001612920824
   0.000001592692533
   0.000001780655512
   0.000001728634427
   0.000002564953790
   0.000003162307028
   0.000003834257507
   0.000004200986726
   0.000004732729681
   0.000005382212699
   0.000005920086576
   0.000006412651719
   0.000007102088049
   0.000007594626993
   0.000008035940759
   0.000008579820152
   0.000008944489004
   0.000009378567255
   0.000009731548634
   0.000009967891620
   0.000010006091825
   0.000010275989188
   0.000010498223068
   0.000010540943297
   0.000010521568273
   0.000010578557245
   0.000010574812032
   0.000010604490293
   0.000010607981833
   0.000010606472689
   0.000010593172347
   0.000010588154369
   0.000010548921879
   0.000010507826062
   0.000010468903886
   0.000010438668567
   0.000010405186888
   0.000010365446996
   0.000010306043427
   0.000010305380172
   0.000010232871169
   0.000010166779336
   0.000010084848685
   0.000009999863291
   0.000009895714687
   0.000009795381713
   0.000009728339972
   0.000009633402365
   0.000009530566764
   0.000009436449377
   0.000009336959595
   0.000009226377590
   0.000009113678418
   0.000009026756288
   0.000008908297743
   0.000008787882209
   0.000008674997263
   0.000008564312644
   0.000008444510868
   0.000008317579108
   0.000008206964891
   0.000008075682512
   0.000007941017077
   0.000007813793719
   0.000007685262305
   0.000007545402210
   0.000007410373921
   0.000007281446874
   0.000007139454303
   0.000006999257212
   0.000006863203766
   0.000006718552677
   0.000006575470509
   0.000006435056271
   0.000006278663369
   0.000006133674053
   0.000005974960689
   0.000005743084548
   0.000005602420775
   0.000005458689000
   0.000005223677815
   0.000005087183674
   0.000004960283918
   0.000004863668437
   0.000004744468933
   0.000004606237164
   0.000004494122016
   0.000004367153008
   0.000004231583339
   0.000004105779493
   0.000003976787795
   0.000003835075278
   0.000003708579607
   0.000003577477403
   0.000003450942373
   0.000003320295505
   0.000003196926003
   0.000003076580100
   0.000002954999343
   0.000002832538593
   0.000002719046432
   0.000002550985369
   0.000002419684853
   0.000002318645052
   0.000001977759102
   0.000001836178255
   0.000001756959523
   0.000001667896828
   0.000001598791496
   0.000001519263593
   0.000001447316211
   0.000001373499657
   0.000001302103000
   0.000001233348263
   0.000001166994714
   0.000001104610966
   0.000001041479159
   0.000000982037135
   0.000000924048658
   0.000000869388257
   0.000000815496998
   0.000000750599674
   0.000000702398885
   0.000000648992331
   0.000000604608355
   0.000000570035367
   0.000000530780789
   0.000000499157028
   0.000000464922800
   0.000000433621899
   0.000000402762979
   0.000000374339669
   0.000000347304424
   0.000000321623102
   0.000000296802172
   0.000000273816198
   0.000000252629632
   0.000000233171378
   0.000000214661795
   0.000000197418376
   0.000000181138936
   0.000000166218140
   0.000000151834374
   0.000000138800313
   0.000000125606366
   0.000000114423462
   0.000000101737844
   0.000000092294137
   0.000000078166350
   0.000000070806971
   0.000000063820829
   0.000000057665735
   0.000000051916844
   0.000000046292349
   0.000000041270376
   0.000000036944069
   0.000000033277922
   0.000000029620083
   0.000000026328877
   0.000000023040156
   0.000000020334988
   0.000000017866940
   0.000000015748003
   0.000000014186274
   0.000000012716664
   0.000000011290792
   0.000000010004710
   0.000000008860712
   0.000000007811745
   0.000000006857312
   0.000000006017878
   0.000000005271039
   0.000000004599498
   0.000000004003127
   0.000000003474154
   0.000000003008950
   0.000000002603427
   0.000000002251646
   0.000000001948816
   0.000000001681055
   0.000000001446192
   0.000000001237352
   0.000000001041733
   0.000000000884519
   0.000000000753747
   0.000000000639802
   0.000000000543346
   0.000000000461419
   0.000000000389864
   0.000000000329150
   0.000000000277527
   0.000000000232902
   0.000000000195272
   0.000000000163323
   0.000000000136082
   0.000000000113209
   0.000000000093880
   0.000000000077578
   0.000000000063933
   0.000000000050812
   0.000000000041656
   0.000000000034295
   0.000000000028174
   0.000000000023630
   0.000000000019370
   0.000000000015678
   0.000000000012642
   0.000000000010159
   0.000000000008134
   0.000000000006487
   0.000000000005153
   0.000000000004067
   0.000000000003171
   0.000000000002446
   0.000000000001908
   0.000000000001483
   0.000000000001168
   0.000000000000902
   0.000000000000704
   0.000000000000540
   0.000000000000418
   0.000000000000319
   0.000000000000244
   0.000000000000184
   0.000000000000139
   0.000000000000105
   0.000000000000078
   0.000000000000058
   0.000000000000043
   0.000000000000031
   0.000000000000023
   0.000000000000017
   0.000000000000012
   0.000000000000009
   0.000000000000006
   0.000000000000004
   0.000000000000003
   0.000000000000002
   0.000000000000001
   0.000000000000001
   0.000000000000001
   0.000000000000000
   0.000000000000000
   0.000000000000000
   0.000000000000000
   0.000000000000000
   0.000000000000000
   0.000000000000000
   0.000000000000000
   0.000000000000000
   0.000000000000000
   0.000000012772820
   0.000000023209844
   0.000000025968072
   0.000000020574987
   0.000000021857160
   0.000000009073801
   0.000000025822917
   0.000000014899410
   0.000000014284613
   0.000000023932530
   0.000000023060869
   0.000000024475967
   0.000000022387049
   0.000000022009455
   0.000000028094515
   0.000000030557784
   0.000000026669423
   0.000000033533880
   0.000000033288276
   0.000000034427245
   0.000000049727510
   0.000000024289223
   0.000000036965611
   0.000000053670228
   0.000000041478749
   0.000000039437722
   0.000000064810189
   0.000000043734147
   0.000000046385313
   0.000000062491644
   0.000000075136928
   0.000000077000523
   0.000000074647992
   0.000000067783434
   0.000000094076389
   0.000000089321293
   0.000000074847272
   0.000000076167626
   0.000000110843542
   0.000000084622057
   0.000000085513088
   0.000000100705926
   0.000000289766591
   0.000000293250938
   0.000000308202440
   0.000000409556192
   0.000000514156710
   0.000000398082270
   0.000000428468733
   0.000000615734316
   0.000000648486341
   0.000000573990933
   0.000000585806145
   0.000000933168501
   0.000000920829398
   0.000000950659914
   0.000001036164421
   0.000001221097386
   0.000001990889714
   0.000002231250976
   0.000002551119153
   0.000002848036060
   0.000003170815352
   0.000003490377409
   0.000003958662532
   0.000004221213771
   0.000004547808261
   0.000004809511317
   0.000005015775106
   0.000005188364935
   0.000005383433252
   0.000005658627733
   0.000005867502101
   0.000005937605009
   0.000005998119140
   0.000006046801556
   0.000006065625457
   0.000006057556197
   0.000006109892474
   0.000006138258488
   0.000006189901542
   0.000006196223463
   0.000006141548980
   0.000006119097790
   0.000006051777800
   0.000006023724571
   0.000005968742993
   0.000005841048019
   0.000005948596829
   0.000005882094009
   0.000005823813903
   0.000005746508282
   0.000005697992808
   0.000005652959308
   0.000005549162091
   0.000005579851620
   0.000005506276094
   0.000005435208423
   0.000005353004031
   0.000005282356678
   0.000005214366032
   0.000005134551381
   0.000005148515262
   0.000005071693293
   0.000004998193208
   0.000004921214136
   0.000004883926627
   0.000004839101954
   0.000004763738909
   0.000004737920996
   0.000004658864906
   0.000004581322873
   0.000004503348164
   0.000004446194448
   0.000004367086419
   0.000004291888500
   0.000004238525619
   0.000004159634803
   0.000004081432433
   0.000004007146365
   0.000003938040108
   0.000003862018544
   0.000003787994296
   0.000003714322143
   0.000003631041365
   0.000003549806589
   0.000003466001534
   0.000003392512045
   0.000003317938819
   0.000003241907134
   0.000003165372280
   0.000003086921094
   0.000003013314576
   0.000002939188476
   0.000002863942123
   0.000002790687253
   0.000002715660549
   0.000002638756793
   0.000002565790810
   0.000002492757453
   0.000002417614598
   0.000002344132077
   0.000002267884748
   0.000002182058468
   0.000002078522607
   0.000002012933367
   0.000001946271713
   0.000001906712402
   0.000001846915083
   0.000001768131995
   0.000001677444951
   0.000001606012855
   0.000001545744818
   0.000001466483152
   0.000001403757495
   0.000001339911996
   0.000001279291707
   0.000001229255668
   0.000001182543281
   0.000001138578472
   0.000001086404515
   0.000001033933060
   0.000000986556036
   0.000000943428826
   0.000000905672856
   0.000000859581681
   0.000000815746503
   0.000000773667272
   0.000000735315067
   0.000000699653686
   0.000000660651812
   0.000000622926004
   0.000000586249889
   0.000000546556713
   0.000000514688132
   0.000000485425581
   0.000000463890567
   0.000000439138240
   0.000000409778707
   0.000000384471027
   0.000000361548347
   0.000000342438079
   0.000000321462649
   0.000000299286892
   0.000000279649531
   0.000000261860356
   0.000000245703126
   0.000000228496444
   0.000000212334203
   0.000000196816506
   0.000000183190466
   0.000000168378297
   0.000000155549190
   0.000000139749895
   0.000000128724505
   0.000000110001384
   0.000000100621808
   0.000000072569864
   0.000000066506213
   0.000000060321035
   0.000000055433273
   0.000000050348910
   0.000000044308859
   0.000000039641045
   0.000000036255816
   0.000000033720353
   0.000000029685787
   0.000000026491365
   0.000000024023369
   0.000000021919032
   0.000000019270297
   0.000000017153035
   0.000000015483232
   0.000000013886645
   0.000000012219488
   0.000000010875420
   0.000000009730278
   0.000000008608819
   0.000000007579554
   0.000000006720793
   0.000000005938326
   0.000000005209568
   0.000000004578261
   0.000000004022792
   0.000000003514716
   0.000000003067486
   0.000000002677433
   0.000000002327953
   0.000000002019572
   0.000000001751208
   0.000000001506146
   0.000000001259589
   0.000000001088202
   0.000000000941069
   0.000000000804810
   0.000000000690845
   0.000000000593166
   0.000000000504879
   0.000000000430566
   0.000000000366678
   0.000000000310266
   0.000000000262765
   0.000000000221893
   0.000000000186583
   0.000000000156797
   0.000000000131309
   0.000000000109634
   0.000000000091353
   0.000000000075624
   0.000000000062628
   0.000000000051642
   0.000000000042469
   0.000000000034931
   0.000000000028581
   0.000000000023350
   0.000000000019003
   0.000000000015415
   0.000000000012461
   0.000000000010035
   0.000000000008053
   0.000000000006434
   0.000000000005068
   0.000000000003926
   0.000000000003090
   0.000000000002409
   0.000000000001928
   0.000000000001496
   0.000000000001186
   0.000000000000915
   0.000000000000717
   0.000000000000551
   0.000000000000426
   0.000000000000325
   0.000000000000249
   0.000000000000188
   0.000000000000142
   0.000000000000107
   0.000000000000080
   0.000000000000059
   0.000000000000044
   0.000000000000032
   0.000000000000023
   0.000000000000017
   0.000000000000012
   0.000000000000009
   0.000000000000006
   0.000000000000004
   0.000000000000003
   0.000000000000002
   0.000000000000001
   0.000000000000001
   0.000000000000001
   0.000000000000000
   0.000000000000000
   0.000000000000000
   0.000000000000000
   0.000000000000000
   0.000000000000000
   0.000000000000000
   0.000000000000000
