   0.000000000000000
   0.000000000000000
   0.000000836255628
   0.000003617598376
   0.000000652193140
   0.000002821353624
   0.000000920467933
   0.000003981896430
   0.000000492466858
   0.000002130386028
   0.000000644946704
   0.000002790005915
   0.000000694717289
   0.000003005310880
   0.000000435432938
   0.000001883660255
   0.000000455550001
   0.000001970685624
   0.000000550534361
   0.000002381583030
   0.000000578303633
   0.000002501711457
   0.000000395943757
   0.000001712832112
   0.000000399952873
   0.000001730175340
   0.000000455348692
   0.000001969814770
   0.000000440218581
   0.000001904362696
   0.000000453965524
   0.000001963831258
   0.000000408912736
   0.000001768935242
   0.000000386465230
   0.000001671828497
   0.000000388280628
   0.000001679681815
   0.000000371195665
   0.000001605773151
   0.000000366520489
   0.000001585548585
   0.000000356452773
   0.000001541996166
   0.000000327018707
   0.000001414665927
   0.000000320768043
   0.000001387625882
   0.000000419953834
   0.000001816698455
   0.000000581110768
   0.000002513854974
   0.000000688009051
   0.000002976291393
   0.000000816028498
   0.000003530096866
   0.000000912209244
   0.000003946169773
   0.000000996270636
   0.000004309814984
   0.000001051757514
   0.000004549848334
   0.000001096052504
   0.000004741466156
   0.000001072481498
   0.000004639499211
   0.000001093729341
   0.000004731416278
   0.000001108046007
   0.000004793349428
   0.000001106506433
   0.000004786689311
   0.000001081155142
   0.000004677020945
   0.000001052934587
   0.000004554940289
   0.000001010397039
   0.000004370925068
   0.000000959313404
   0.000004149939918
   0.000000919204910
   0.000003976432658
   0.000000903129414
   0.000003906890901
   0.000000875974635
   0.000003789420736
   0.000000835637494
   0.000003614924363
   0.000000774492240
   0.000003350413172
   0.000000744373272
   0.000003220120082
   0.000000728184450
   0.000003150088078
   0.000000752213052
   0.000003254034561
   0.000000766451325
   0.000003315628590
   0.000000753770444
   0.000003260771760
   0.000000677153042
   0.000002929328860
   0.000000712261167
   0.000003081204783
   0.000000739962426
   0.000003201038992
   0.000000795753776
   0.000003442389473
   0.000000800465558
   0.000003462772395
   0.000000798763970
   0.000003455411414
   0.000000766334855
   0.000003315124747
   0.000000767741165
   0.000003321208370
   0.000000768087500
   0.000003322706600
   0.000000761120012
   0.000003292565609
   0.000000751218843
   0.000003249733665
   0.000000745089478
   0.000003223218349
   0.000000743690620
   0.000003217166966
   0.000000734467094
   0.000003177266472
   0.000000712567286
   0.000003082529038
   0.000000695462526
   0.000003008534736
   0.000000687488375
   0.000002974038975
   0.000000684659393
   0.000002961800944
   0.000000673222628
   0.000002912326095
   0.000000659839097
   0.000002854429633
   0.000000651169117
   0.000002816923753
   0.000000650037582
   0.000002812028788
   0.000000641299521
   0.000002774228391
   0.000000630838398
   0.000002728974116
   0.000000621016125
   0.000002686483477
   0.000000628078484
   0.000002717034872
   0.000000621347670
   0.000002687917723
   0.000000608348303
   0.000002631683136
   0.000000601451879
   0.000002601849564
   0.000000597022405
   0.000002582687890
   0.000000587026846
   0.000002539447621
   0.000000570444420
   0.000002467712907
   0.000000565086000
   0.000002444532664
   0.000000560773330
   0.000002425876277
   0.000000552698978
   0.000002390947048
   0.000000544412814
   0.000002355101534
   0.000000536556634
   0.000002321116106
   0.000000527760276
   0.000002283063521
   0.000000517817451
   0.000002240051376
   0.000000509771974
   0.000002205247061
   0.000000501855281
   0.000002170999860
   0.000000493433039
   0.000002134565675
   0.000000485358375
   0.000002099635101
   0.000000477181594
   0.000002064262770
   0.000000468835418
   0.000002028157648
   0.000000460295598
   0.000001991214831
   0.000000451748732
   0.000001954241530
   0.000000443181061
   0.000001917178233
   0.000000434612071
   0.000001880109229
   0.000000425930960
   0.000001842555193
   0.000000417229785
   0.000001804914362
   0.000000408536292
   0.000001767306762
   0.000000399850221
   0.000001729731271
   0.000000391075825
   0.000001691773690
   0.000000382294147
   0.000001653784609
   0.000000373605730
   0.000001616198966
   0.000000364875998
   0.000001578434599
   0.000000356000384
   0.000001540039157
   0.000000347233832
   0.000001502115507
   0.000000338619690
   0.000001464851179
   0.000000329696817
   0.000001426251294
   0.000000320742483
   0.000001387515307
   0.000000312314306
   0.000001351055452
   0.000000303425579
   0.000001312603281
   0.000000293994823
   0.000001271806323
   0.000000285782884
   0.000001236281900
   0.000000277081719
   0.000001198641112
   0.000000266678750
   0.000001153638410
   0.000000258781393
   0.000001119474855
   0.000000250501123
   0.000001083654837
   0.000000238354414
   0.000001031108804
   0.000000230627299
   0.000000997681707
   0.000000223236526
   0.000000965709607
   0.000000208999050
   0.000000904119027
   0.000000201634131
   0.000000872258770
   0.000000195507997
   0.000000845757430
   0.000000181133033
   0.000000783572087
   0.000000173958764
   0.000000752536571
   0.000000168854740
   0.000000730456830
   0.000000162471320
   0.000000702842483
   0.000000155357186
   0.000000672067111
   0.000000148594565
   0.000000642812363
   0.000000142202271
   0.000000615159633
   0.000000135223138
   0.000000584968267
   0.000000128879346
   0.000000557525353
   0.000000122834242
   0.000000531374546
   0.000000116068739
   0.000000502107332
   0.000000110248234
   0.000000476928129
   0.000000104649705
   0.000000452709186
   0.000000098057662
   0.000000424192350
   0.000000092970572
   0.000000402185863
   0.000000087868644
   0.000000380115185
   0.000000082704393
   0.000000357774904
   0.000000078050648
   0.000000337643044
   0.000000073155856
   0.000000316468428
   0.000000068329078
   0.000000295588041
   0.000000064266854
   0.000000278015070
   0.000000059621213
   0.000000257918269
   0.000000055354421
   0.000000239460347
   0.000000051972656
   0.000000224831009
   0.000000047934530
   0.000000207362283
   0.000000044548446
   0.000000192714260
   0.000000041830879
   0.000000180958207
   0.000000039298517
   0.000000170003342
   0.000000036905613
   0.000000159651763
   0.000000034605884
   0.000000149703255
   0.000000032406834
   0.000000140190278
   0.000000030316036
   0.000000131145596
   0.000000028318123
   0.000000122502729
   0.000000026424637
   0.000000114311605
   0.000000024627638
   0.000000106537883
   0.000000022920575
   0.000000099153218
   0.000000021305501
   0.000000092166491
   0.000000019782573
   0.000000085578382
   0.000000018340015
   0.000000079337951
   0.000000016982241
   0.000000073464292
   0.000000015710091
   0.000000067961037
   0.000000014506085
   0.000000062752570
   0.000000013383401
   0.000000057895896
   0.000000012334682
   0.000000053359195
   0.000000011351232
   0.000000049104840
   0.000000010437410
   0.000000045151695
   0.000000009582090
   0.000000041451622
   0.000000008781431
   0.000000037988014
   0.000000008034070
   0.000000034754970
   0.000000007335983
   0.000000031735082
   0.000000006685099
   0.000000028919391
   0.000000006080686
   0.000000026304732
   0.000000005517014
   0.000000023866317
   0.000000004994664
   0.000000021606658
   0.000000004514881
   0.000000019531140
   0.000000004072468
   0.000000017617283
   0.000000003665870
   0.000000015858364
   0.000000003292650
   0.000000014243835
   0.000000002948738
   0.000000012756089
   0.000000002632660
   0.000000011388750
   0.000000002344338
   0.000000010141482
   0.000000002081616
   0.000000009004964
   0.000000001843602
   0.000000007975325
   0.000000001630453
   0.000000007053253
   0.000000001437973
   0.000000006220596
   0.000000001268110
   0.000000005485779
   0.000000001117958
   0.000000004836230
   0.000000000983300
   0.000000004253703
   0.000000000870162
   0.000000003764277
   0.000000000765813
   0.000000003312869
   0.000000000678028
   0.000000002933112
   0.000000000599261
   0.000000002592372
   0.000000000528831
   0.000000002287696
   0.000000000465948
   0.000000002015669
   0.000000000409883
   0.000000001773131
   0.000000000359971
   0.000000001557216
   0.000000000315630
   0.000000001365397
   0.000000000276367
   0.000000001195548
   0.000000000241588
   0.000000001045097
   0.000000000210917
   0.000000000912414
   0.000000000183725
   0.000000000794784
   0.000000000159971
   0.000000000692028
   0.000000000139209
   0.000000000602210
   0.000000000120974
   0.000000000523326
   0.000000000105052
   0.000000000454448
   0.000000000091019
   0.000000000393744
   0.000000000078655
   0.000000000340257
   0.000000000067793
   0.000000000293268
   0.000000000058291
   0.000000000252163
   0.000000000050006
   0.000000000216325
   0.000000000042798
   0.000000000185143
   0.000000000036544
   0.000000000158089
   0.000000000031136
   0.000000000134692
   0.000000000026471
   0.000000000114511
   0.000000000022452
   0.000000000097127
   0.000000000019005
   0.000000000082213
   0.000000000016083
   0.000000000069574
   0.000000000013587
   0.000000000058779
   0.000000000011448
   0.000000000049524
   0.000000000009637
   0.000000000041689
   0.000000000008075
   0.000000000034930
   0.000000000006746
   0.000000000029184
   0.000000000005626
   0.000000000024339
   0.000000000004680
   0.000000000020246
   0.000000000003886
   0.000000000016811
   0.000000000003222
   0.000000000013938
   0.000000000002665
   0.000000000011531
   0.000000000002200
   0.000000000009516
   0.000000000001811
   0.000000000007835
   0.000000000001487
   0.000000000006434
   0.000000000001218
   0.000000000005269
   0.000000000000995
   0.000000000004304
   0.000000000000810
   0.000000000003505
   0.000000000000658
   0.000000000002847
   0.000000000000533
   0.000000000002305
   0.000000000000430
   0.000000000001862
   0.000000000000346
   0.000000000001498
   0.000000000000278
   0.000000000001204
   0.000000000000223
   0.000000000000963
   0.000000000000178
   0.000000000000770
   0.000000000000142
   0.000000000000612
   0.000000000000113
   0.000000000000488
   0.000000000000090
   0.000000000000388
   0.000000000000071
   0.000000000000307
   0.000000000000056
   0.000000000000242
   0.000000000000044
   0.000000000000190
   0.000000000000034
   0.000000000000148
   0.000000000000027
   0.000000000000115
   0.000000000000021
   0.000000000000089
   0.000000000000016
   0.000000000000069
   0.000000000000012
   0.000000000000053
   0.000000000000009
   0.000000000000040
   0.000000000000007
   0.000000000000031
   0.000000000000005
   0.000000000000023
   0.000000000000004
   0.000000000000018
   0.000000000000003
   0.000000000000013
   0.000000000000002
   0.000000000000010
   0.000000000000002
   0.000000000000008
   0.000000000000001
   0.000000000000006
   0.000000000000001
   0.000000000000004
   0.000000000000001
   0.000000000000003
   0.000000000000001
   0.000000000000002
   0.000000000000000
   0.000000000000002
   0.000000000000000
   0.000000000000001
   0.000000000000000
   0.000000000000001
   0.000000000000000
   0.000000000000001
   0.000000000000000
   0.000000000000000
   0.000000000000000
   0.000000000000000
   0.000000000000000
   0.000000000000000
   0.000000000000000
   0.000000000000000
   0.000000000000000
   0.000000000000000
   0.000000000000000
   0.000000000000000
   0.000000000000000
   0.000000000000000
   0.000000000000000
   0.000000000000000
   0.000000000000000
   0.000000000000000
   0.000000000000000
   0.000000000000000
   0.000000000000000
   0.000000000000000
   0.000000000000000
   0.000000000000000
   0.000000000000000
   0.000000000000000
   0.000000000000000
   0.000000000000000
   0.000000000000000
   0.000000000000000
   0.000000000000000
   0.000000000000000
   0.000000000000000
   0.000000000000000
   0.000000000000000
   0.000000000000000
   0.000000000000000
   0.000000000000000
   0.000000000000000
   0.000000000000000
   0.000000000000000
   0.000000000000000
   0.000000000000000
   0.000000000000000
   0.000000000000000
   0.000000000000000
   0.000000000000000
   0.000000000000000
   0.000000000000000
   0.000000000000000
   0.000000000000000
   0.000000000000000
   0.000000000000000
   0.000000000000000
   0.000000000000000
   0.000000000000000
   0.000000000000000
   0.000000000000000
   0.000000235866972
   0.000001020348260
   0.000000183951911
   0.000000795766407
   0.000000259619161
   0.000001123098993
   0.000000138900909
   0.000000600878110
   0.000000181908045
   0.000000786924745
   0.000000195945902
   0.000000847651787
   0.000000122814418
   0.000000531288790
   0.000000231502910
   0.000001001469555
   0.000000420991211
   0.000001821186093
   0.000000250752577
   0.000001084742613
   0.000000189963725
   0.000000821773200
   0.000000189474389
   0.000000819656359
   0.000000221984544
   0.000000960293596
   0.000000386379463
   0.000001671457474
   0.000000284561173
   0.000001230996842
   0.000000241729147
   0.000001045707723
   0.000000293860529
   0.000001271225373
   0.000000359461098
   0.000001555010025
   0.000000282434853
   0.000001221798492
   0.000000345604816
   0.000001495068468
   0.000000350653337
   0.000001516908110
   0.000000346723343
   0.000001499907157
   0.000000363889839
   0.000001574168529
   0.000000386584177
   0.000001672343056
   0.000000469980197
   0.000002033109902
   0.000000538012855
   0.000002327415645
   0.000000639479022
   0.000002766353006
   0.000000722601041
   0.000003125934540
   0.000000794304875
   0.000003436121599
   0.000000843161460
   0.000003647472649
   0.000000936795396
   0.000004052528185
   0.000000874339737
   0.000003782348252
   0.000000930920990
   0.000004027115812
   0.000000921384603
   0.000003985861897
   0.000000917783819
   0.000003970285092
   0.000000904850289
   0.000003914335316
   0.000000886028779
   0.000003832914442
   0.000000864596458
   0.000003740199336
   0.000000835943421
   0.000003616247784
   0.000000842299832
   0.000003643745290
   0.000000830801713
   0.000003594005024
   0.000000795069168
   0.000003439427891
   0.000000755908088
   0.000003270019096
   0.000000712047256
   0.000003080279418
   0.000000668559999
   0.000002892155802
   0.000000633037695
   0.000002738488161
   0.000000603563786
   0.000002610985562
   0.000000579106914
   0.000002505186409
   0.000000538560078
   0.000002329782905
   0.000000640348993
   0.000002770116456
   0.000000794855816
   0.000003438504943
   0.000000910378823
   0.000003938251467
   0.000001105141460
   0.000004780784509
   0.000001193353092
   0.000005162383445
   0.000001292266502
   0.000005590277714
   0.000001360596424
   0.000005885869406
   0.000001433992198
   0.000006203375707
   0.000001468758414
   0.000006353772549
   0.000001498038234
   0.000006480435530
   0.000001522510291
   0.000006586300378
   0.000001517227070
   0.000006563445436
   0.000001518021887
   0.000006566883774
   0.000001507696420
   0.000006522216340
   0.000001475893257
   0.000006384637510
   0.000001438644952
   0.000006223503281
   0.000001398618256
   0.000006050349871
   0.000001374632411
   0.000005946588356
   0.000001331876819
   0.000005761629888
   0.000001288204623
   0.000005572706237
   0.000001242145804
   0.000005373458182
   0.000001201371538
   0.000005197070825
   0.000001158932767
   0.000005013482909
   0.000001131173184
   0.000004893396393
   0.000001096708522
   0.000004744304059
   0.000001077803127
   0.000004662520301
   0.000001048301925
   0.000004534899634
   0.000001032568715
   0.000004466838587
   0.000001010102120
   0.000004369649264
   0.000001002524878
   0.000004336870508
   0.000000981479495
   0.000004245829278
   0.000000983766209
   0.000004255721483
   0.000000976071927
   0.000004222436420
   0.000000971338591
   0.000004201960252
   0.000000955831579
   0.000004134877724
   0.000000939527518
   0.000004064347204
   0.000000923991615
   0.000003997139696
   0.000000907101507
   0.000003924073967
   0.000000890734580
   0.000003853271493
   0.000000874550026
   0.000003783257954
   0.000000859543025
   0.000003718338446
   0.000000844003073
   0.000003651113423
   0.000000830882942
   0.000003594356416
   0.000000816078108
   0.000003530311475
   0.000000802477581
   0.000003471476301
   0.000000790019477
   0.000003417583190
   0.000000774485488
   0.000003350383962
   0.000000759057933
   0.000003283645159
   0.000000743878738
   0.000003217980753
   0.000000728672092
   0.000003152197591
   0.000000713433713
   0.000003086277159
   0.000000698212445
   0.000003020430742
   0.000000683167899
   0.000002955348819
   0.000000667941393
   0.000002889479746
   0.000000652759268
   0.000002823802662
   0.000000637651368
   0.000002758446672
   0.000000622476172
   0.000002692799561
   0.000000607248690
   0.000002626926267
   0.000000592005360
   0.000002560984416
   0.000000576862392
   0.000002495476722
   0.000000561770231
   0.000002430188816
   0.000000546663550
   0.000002364838103
   0.000000531704558
   0.000002300126278
   0.000000516976011
   0.000002236411352
   0.000000501969366
   0.000002171493386
   0.000000487263906
   0.000002107878329
   0.000000473326293
   0.000002047584938
   0.000000458561872
   0.000001983714821
   0.000000444959320
   0.000001924870888
   0.000000431926280
   0.000001868490637
   0.000000416788376
   0.000001803004848
   0.000000402845843
   0.000001742690175
   0.000000390373588
   0.000001688735849
   0.000000374539961
   0.000001620240404
   0.000000361011177
   0.000001561715588
   0.000000349155409
   0.000001510428152
   0.000000334438543
   0.000001446763753
   0.000000322038101
   0.000001393120084
   0.000000310829404
   0.000001344631845
   0.000000299406296
   0.000001295216071
   0.000000287738285
   0.000001244740865
   0.000000276276291
   0.000001195156873
   0.000000265271680
   0.000001147551499
   0.000000254184897
   0.000001099590651
   0.000000243187294
   0.000001052015591
   0.000000232705799
   0.000001006673191
   0.000000222098368
   0.000000960785994
   0.000000211679809
   0.000000915715852
   0.000000201785170
   0.000000872912158
   0.000000191704297
   0.000000829302822
   0.000000182062604
   0.000000787593361
   0.000000172760787
   0.000000747354185
   0.000000163363715
   0.000000706702939
   0.000000154307378
   0.000000667525696
   0.000000145325781
   0.000000628671776
   0.000000136133863
   0.000000588908013
   0.000000127828155
   0.000000552977954
   0.000000119008844
   0.000000514826071
   0.000000110140060
   0.000000476460174
   0.000000103108614
   0.000000446042505
   0.000000094879000
   0.000000410441621
   0.000000087324849
   0.000000377762757
   0.000000082028207
   0.000000354849759
   0.000000077326762
   0.000000334511554
   0.000000072894881
   0.000000315339465
   0.000000068629951
   0.000000296889602
   0.000000064519854
   0.000000279109537
   0.000000060604205
   0.000000262170639
   0.000000056838602
   0.000000245880839
   0.000000053266023
   0.000000230426045
   0.000000049852549
   0.000000215659537
   0.000000046604657
   0.000000201609324
   0.000000043509290
   0.000000188218929
   0.000000040565033
   0.000000175482223
   0.000000037781796
   0.000000163442084
   0.000000035137774
   0.000000152004183
   0.000000032658408
   0.000000141278576
   0.000000030298832
   0.000000131071171
   0.000000028086807
   0.000000121502065
   0.000000026027763
   0.000000112594750
   0.000000024088946
   0.000000104207527
   0.000000022289236
   0.000000096422078
   0.000000020603404
   0.000000089129257
   0.000000019008790
   0.000000082231037
   0.000000017512646
   0.000000075758797
   0.000000016104094
   0.000000069665474
   0.000000014782484
   0.000000063948256
   0.000000013545641
   0.000000058597739
   0.000000012385931
   0.000000053580893
   0.000000011300841
   0.000000048886851
   0.000000010288144
   0.000000044505977
   0.000000009343283
   0.000000040418558
   0.000000008462715
   0.000000036609266
   0.000000007642717
   0.000000033061995
   0.000000006879330
   0.000000029759624
   0.000000006168446
   0.000000026684376
   0.000000005510061
   0.000000023836236
   0.000000004899025
   0.000000021192927
   0.000000004333754
   0.000000018747594
   0.000000003817322
   0.000000016513536
   0.000000003339955
   0.000000014448470
   0.000000002910180
   0.000000012589289
   0.000000002527317
   0.000000010933041
   0.000000002170001
   0.000000009387311
   0.000000001896963
   0.000000008206161
   0.000000001613239
   0.000000006978789
   0.000000001434652
   0.000000006206228
   0.000000001273191
   0.000000005507756
   0.000000001128501
   0.000000004881837
   0.000000000998572
   0.000000004319772
   0.000000000881908
   0.000000003815086
   0.000000000778086
   0.000000003365959
   0.000000000685686
   0.000000002966240
   0.000000000603661
   0.000000002611406
   0.000000000529877
   0.000000002292220
   0.000000000464687
   0.000000002010214
   0.000000000406643
   0.000000001759117
   0.000000000355880
   0.000000001539518
   0.000000000310978
   0.000000001345277
   0.000000000271481
   0.000000001174411
   0.000000000236918
   0.000000001024896
   0.000000000206250
   0.000000000892226
   0.000000000179018
   0.000000000774421
   0.000000000155066
   0.000000000670807
   0.000000000134052
   0.000000000579904
   0.000000000115613
   0.000000000500138
   0.000000000099480
   0.000000000430344
   0.000000000085437
   0.000000000369595
   0.000000000073223
   0.000000000316761
   0.000000000062612
   0.000000000270856
   0.000000000053429
   0.000000000231133
   0.000000000045502
   0.000000000196838
   0.000000000038675
   0.000000000167308
   0.000000000032809
   0.000000000141931
   0.000000000027773
   0.000000000120146
   0.000000000023459
   0.000000000101484
   0.000000000019769
   0.000000000085519
   0.000000000016608
   0.000000000071846
   0.000000000013937
   0.000000000060290
   0.000000000011654
   0.000000000050414
   0.000000000009744
   0.000000000042153
   0.000000000008137
   0.000000000035199
   0.000000000006778
   0.000000000029320
   0.000000000005633
   0.000000000024369
   0.000000000004673
   0.000000000020213
   0.000000000003865
   0.000000000016719
   0.000000000003189
   0.000000000013794
   0.000000000002625
   0.000000000011355
   0.000000000002154
   0.000000000009318
   0.000000000001764
   0.000000000007629
   0.000000000001440
   0.000000000006228
   0.000000000001172
   0.000000000005071
   0.000000000000951
   0.000000000004115
   0.000000000000770
   0.000000000003333
   0.000000000000621
   0.000000000002687
   0.000000000000500
   0.000000000002165
   0.000000000000401
   0.000000000001734
   0.000000000000321
   0.000000000001391
   0.000000000000258
   0.000000000001114
   0.000000000000205
   0.000000000000888
   0.000000000000164
   0.000000000000707
   0.000000000000129
   0.000000000000560
   0.000000000000102
   0.000000000000440
   0.000000000000080
   0.000000000000345
   0.000000000000062
   0.000000000000270
   0.000000000000049
   0.000000000000210
   0.000000000000038
   0.000000000000163
   0.000000000000029
   0.000000000000126
   0.000000000000022
   0.000000000000096
   0.000000000000017
   0.000000000000074
   0.000000000000013
   0.000000000000056
   0.000000000000010
   0.000000000000043
   0.000000000000008
   0.000000000000033
   0.000000000000006
   0.000000000000025
   0.000000000000004
   0.000000000000019
   0.000000000000003
   0.000000000000014
   0.000000000000002
   0.000000000000011
   0.000000000000002
   0.000000000000008
   0.000000000000001
   0.000000000000006
   0.000000000000001
   0.000000000000004
   0.000000000000001
   0.000000000000003
   0.000000000000001
   0.000000000000002
   0.000000000000000
   0.000000000000002
   0.000000000000000
   0.000000000000001
   0.000000000000000
   0.000000000000001
   0.000000000000000
   0.000000000000001
   0.000000000000000
   0.000000000000000
   0.000000000000000
   0.000000000000000
   0.000000000000000
   0.000000000000000
   0.000000000000000
   0.000000000000000
   0.000000000000000
   0.000000000000000
   0.000000000000000
   0.000000000000000
   0.000000000000000
   0.000000000000000
   0.000000000000000
   0.000000000000000
   0.000000000000000
   0.000000000000000
   0.000000000000000
   0.000000000000000
   0.000000000000000
   0.000000000000000
   0.000000000000000
   0.000000000000000
   0.000000000000000
   0.000000000000000
   0.000000000000000
   0.000000000000000
   0.000000000000000
   0.000000000000000
   0.000000000000000
   0.000000000000000
   0.000000000000000
   0.000000000000000
   0.000000000000000
   0.000000000000000
   0.000000000000000
   0.000000000000000
   0.000000000000000
   0.000000000000000
   0.000000000000000
   0.000000000000000
   0.000000000000000
   0.000000000000000
   0.000000000000000
   0.000000000000000
   0.000000000000000
   0.000000000000000
   0.000000000000000
   0.000000000000000
   0.000000000000000
   0.000000000000000
   0.000000000000000
   0.000000000000000
   0.000000000000000
   0.000000000000000
   0.000000000000000
   0.000000000000000
   0.000000000000000
   0.000000000000000
   0.000000000000000
   0.000000000000000
   0.000000000000000
   0.000000000000000
   0.000000015129476
   0.000000065449325
   0.000000039024502
   0.000000168817969
   0.000000012871659
   0.000000055682128
   0.000000011497858
   0.000000049739136
   0.000000011259916
   0.000000048709812
   0.000000013739876
   0.000000059437989
   0.000000038510901
   0.000000166596155
   0.000000023226467
   0.000000100476487
   0.000000020458367
   0.000000088501831
   0.000000028370422
   0.000000122728973
   0.000000038648718
   0.000000167192346
   0.000000027803744
   0.000000120277551
   0.000000043638519
   0.000000188777965
   0.000000047546809
   0.000000205685024
   0.000000043758629
   0.000000189297554
   0.000000046956895
   0.000000203133087
   0.000000058440066
   0.000000252808687
   0.000000062314268
   0.000000269568282
   0.000000074154148
   0.000000320786988
   0.000000085195622
   0.000000368551831
   0.000000103805963
   0.000000449059200
   0.000000111105225
   0.000000480635427
   0.000000119669683
   0.000000517684829
   0.000000138172965
   0.000000597729066
   0.000000130432681
   0.000000564244999
   0.000000145535042
   0.000000629577025
   0.000000148628396
   0.000000642958717
   0.000000149476437
   0.000000646627298
   0.000000159245438
   0.000000688887486
   0.000000154163070
   0.000000666901427
   0.000000158373341
   0.000000685114842
   0.000000157192384
   0.000000680006082
   0.000000169937153
   0.000000735139289
   0.000000164299890
   0.000000710752782
   0.000000163662555
   0.000000707995707
   0.000000163251105
   0.000000706215792
   0.000000157694327
   0.000000682177463
   0.000000155503539
   0.000000672700229
   0.000000152592129
   0.000000660105617
   0.000000147148537
   0.000000636556923
   0.000000145899917
   0.000000631155458
   0.000000135439553
   0.000000585904466
   0.000000134623219
   0.000000582373050
   0.000000157068878
   0.000000679471803
   0.000000264311472
   0.000001143397688
   0.000000486854161
   0.000002106105795
   0.000000600375118
   0.000002597191552
   0.000000695570231
   0.000003009000662
   0.000000800785681
   0.000003464157228
   0.000000866305518
   0.000003747592638
   0.000000926501494
   0.000004007997302
   0.000000969723244
   0.000004194972347
   0.000000986724972
   0.000004268520938
   0.000000976208125
   0.000004223025605
   0.000000994222069
   0.000004300952988
   0.000001014816106
   0.000004390041723
   0.000000992989627
   0.000004295621511
   0.000000974655546
   0.000004216309228
   0.000000940970823
   0.000004070590867
   0.000000907841550
   0.000003927275354
   0.000000871064118
   0.000003768178095
   0.000000829805849
   0.000003589696966
   0.000000772729811
   0.000003342788996
   0.000000731595215
   0.000003164842869
   0.000000689288878
   0.000002981827858
   0.000000652802278
   0.000002823988719
   0.000000616353767
   0.000002666314359
   0.000000584827036
   0.000002529931359
   0.000000554814380
   0.000002400098170
   0.000000527614088
   0.000002282431119
   0.000000520145440
   0.000002250122136
   0.000000509284882
   0.000002203139926
   0.000000459944151
   0.000001989694489
   0.000000496079481
   0.000002146014048
   0.000000485401467
   0.000002099821515
   0.000000478224279
   0.000002068773371
   0.000000467618853
   0.000002022894852
   0.000000456694662
   0.000001975637368
   0.000000445937085
   0.000001929100649
   0.000000435897090
   0.000001885668154
   0.000000425702624
   0.000001841567423
   0.000000414855989
   0.000001794645444
   0.000000403923217
   0.000001747350840
   0.000000395185033
   0.000001709549909
   0.000000387039313
   0.000001674311951
   0.000000374405311
   0.000001619657915
   0.000000371874224
   0.000001608708561
   0.000000374269118
   0.000001619068751
   0.000000365661670
   0.000001581833376
   0.000000357401987
   0.000001546102415
   0.000000349631023
   0.000001512485632
   0.000000342044723
   0.000001479667694
   0.000000334555944
   0.000001447271624
   0.000000327230567
   0.000001415582422
   0.000000320320389
   0.000001385689353
   0.000000312998517
   0.000001354015316
   0.000000305724467
   0.000001322548152
   0.000000298566693
   0.000001291583994
   0.000000291262147
   0.000001259984907
   0.000000283902707
   0.000001228148353
   0.000000276505956
   0.000001196150394
   0.000000269086276
   0.000001164053242
   0.000000261671167
   0.000001131975866
   0.000000254353510
   0.000001100320063
   0.000000246961924
   0.000001068344448
   0.000000239605524
   0.000001036521040
   0.000000232380635
   0.000001005266548
   0.000000224916491
   0.000000972977048
   0.000000218149323
   0.000000943702633
   0.000000210970738
   0.000000912648445
   0.000000204113614
   0.000000882984886
   0.000000199065758
   0.000000861148122
   0.000000194138027
   0.000000839831014
   0.000000188610115
   0.000000815917554
   0.000000184180356
   0.000000796754646
   0.000000179174294
   0.000000775098683
   0.000000173157069
   0.000000749068482
   0.000000167456761
   0.000000724409245
   0.000000161794069
   0.000000699912731
   0.000000156221398
   0.000000675805646
   0.000000150781307
   0.000000652272097
   0.000000145413406
   0.000000629050836
   0.000000140105502
   0.000000606089117
   0.000000134846606
   0.000000583339409
   0.000000129686985
   0.000000561019156
   0.000000124622726
   0.000000539111436
   0.000000119574491
   0.000000517273033
   0.000000114632554
   0.000000495894469
   0.000000109809338
   0.000000475029488
   0.000000104989050
   0.000000454177174
   0.000000100279829
   0.000000433805328
   0.000000095703876
   0.000000414009991
   0.000000091133447
   0.000000394238553
   0.000000086709117
   0.000000375099134
   0.000000082385948
   0.000000356397330
   0.000000078151677
   0.000000338080092
   0.000000074001818
   0.000000320128018
   0.000000069922209
   0.000000302479842
   0.000000065913169
   0.000000285136943
   0.000000062015960
   0.000000268277820
   0.000000058152934
   0.000000251566571
   0.000000054716269
   0.000000236699735
   0.000000051391470
   0.000000222316830
   0.000000048152071
   0.000000208303357
   0.000000045526317
   0.000000196944483
   0.000000043111615
   0.000000186498604
   0.000000040812698
   0.000000176553608
   0.000000038616593
   0.000000167053375
   0.000000036487389
   0.000000157842549
   0.000000034444702
   0.000000149005991
   0.000000032471300
   0.000000140469156
   0.000000030592006
   0.000000132339426
   0.000000028784828
   0.000000124521669
   0.000000027060994
   0.000000117064455
   0.000000025405327
   0.000000109902126
   0.000000023796675
   0.000000102943180
   0.000000022291656
   0.000000096432547
   0.000000020841436
   0.000000090158970
   0.000000019477872
   0.000000084260261
   0.000000018179582
   0.000000078643929
   0.000000016948315
   0.000000073317528
   0.000000015792792
   0.000000068318795
   0.000000014706629
   0.000000063620111
   0.000000013688524
   0.000000059215841
   0.000000012743950
   0.000000055129666
   0.000000011843915
   0.000000051236161
   0.000000010994106
   0.000000047559932
   0.000000010186829
   0.000000044067694
   0.000000009421789
   0.000000040758170
   0.000000008705275
   0.000000037658569
   0.000000008026660
   0.000000034722916
   0.000000007386650
   0.000000031954262
   0.000000006781259
   0.000000029335375
   0.000000006210161
   0.000000026864832
   0.000000005673118
   0.000000024541613
   0.000000005165695
   0.000000022346526
   0.000000004686779
   0.000000020274760
   0.000000004232353
   0.000000018308938
   0.000000003804516
   0.000000016458140
   0.000000003397675
   0.000000014698164
   0.000000003012178
   0.000000013030527
   0.000000002648409
   0.000000011456878
   0.000000002303350
   0.000000009964173
   0.000000001978537
   0.000000008559047
   0.000000001685785
   0.000000007292616
   0.000000001390261
   0.000000006014195
   0.000000001184578
   0.000000005124425
   0.000000000928972
   0.000000004018683
   0.000000000830101
   0.000000003590973
   0.000000000739824
   0.000000003200438
   0.000000000658895
   0.000000002850345
   0.000000000585490
   0.000000002532797
   0.000000000518816
   0.000000002244370
   0.000000000460108
   0.000000001990404
   0.000000000408052
   0.000000001765210
   0.000000000361741
   0.000000001564873
   0.000000000318702
   0.000000001378688
   0.000000000280974
   0.000000001215479
   0.000000000247534
   0.000000001070819
   0.000000000217939
   0.000000000942794
   0.000000000191005
   0.000000000826279
   0.000000000167391
   0.000000000724125
   0.000000000146625
   0.000000000634292
   0.000000000128134
   0.000000000554302
   0.000000000111575
   0.000000000482670
   0.000000000097101
   0.000000000420052
   0.000000000084386
   0.000000000365050
   0.000000000073132
   0.000000000316363
   0.000000000063231
   0.000000000273535
   0.000000000054613
   0.000000000236254
   0.000000000047067
   0.000000000203611
   0.000000000040459
   0.000000000175022
   0.000000000034718
   0.000000000150190
   0.000000000029737
   0.000000000128642
   0.000000000025406
   0.000000000109906
   0.000000000021660
   0.000000000093699
   0.000000000018431
   0.000000000079732
   0.000000000015641
   0.000000000067662
   0.000000000013247
   0.000000000057308
   0.000000000011185
   0.000000000048385
   0.000000000009438
   0.000000000040827
   0.000000000007923
   0.000000000034274
   0.000000000006673
   0.000000000028867
   0.000000000005612
   0.000000000024278
   0.000000000004704
   0.000000000020349
   0.000000000003936
   0.000000000017027
   0.000000000003288
   0.000000000014222
   0.000000000002737
   0.000000000011839
   0.000000000002274
   0.000000000009836
   0.000000000001885
   0.000000000008155
   0.000000000001558
   0.000000000006738
   0.000000000001284
   0.000000000005556
   0.000000000001056
   0.000000000004570
   0.000000000000866
   0.000000000003747
   0.000000000000708
   0.000000000003065
   0.000000000000578
   0.000000000002500
   0.000000000000470
   0.000000000002033
   0.000000000000381
   0.000000000001649
   0.000000000000308
   0.000000000001333
   0.000000000000249
   0.000000000001075
   0.000000000000200
   0.000000000000865
   0.000000000000160
   0.000000000000694
   0.000000000000128
   0.000000000000555
   0.000000000000102
   0.000000000000442
   0.000000000000081
   0.000000000000350
   0.000000000000064
   0.000000000000277
   0.000000000000050
   0.000000000000218
   0.000000000000040
   0.000000000000171
   0.000000000000031
   0.000000000000134
   0.000000000000024
   0.000000000000104
   0.000000000000019
   0.000000000000080
   0.000000000000014
   0.000000000000062
   0.000000000000011
   0.000000000000048
   0.000000000000009
   0.000000000000037
   0.000000000000006
   0.000000000000028
   0.000000000000005
   0.000000000000022
   0.000000000000004
   0.000000000000016
   0.000000000000003
   0.000000000000013
   0.000000000000002
   0.000000000000009
   0.000000000000002
   0.000000000000007
   0.000000000000001
   0.000000000000005
   0.000000000000001
   0.000000000000004
   0.000000000000001
   0.000000000000003
   0.000000000000001
   0.000000000000002
   0.000000000000000
   0.000000000000002
   0.000000000000000
   0.000000000000001
   0.000000000000000
   0.000000000000001
   0.000000000000000
   0.000000000000001
   0.000000000000000
   0.000000000000000
   0.000000000000000
   0.000000000000000
   0.000000000000000
   0.000000000000000
   0.000000000000000
   0.000000000000000
   0.000000000000000
   0.000000000000000
   0.000000000000000
   0.000000000000000
   0.000000000000000
   0.000000000000000
   0.000000000000000
   0.000000000000000
   0.000000000000000
   0.000000000000000
   0.000000000000000
   0.000000000000000
   0.000000000000000
   0.000000000000000
   0.000000000000000
   0.000000000000000
   0.000000000000000
   0.000000000000000
   0.000000000000000
   0.000000000000000
   0.000000000000000
   0.000000000000000
   0.000000000000000
   0.000000000000000
   0.000000000000000
   0.000000000000000
   0.000000000000000
   0.000000000000000
   0.000000000000000
   0.000000000000000
   0.000000000000000
   0.000000000000000
   0.000000000000000
   0.000000000000000
   0.000000000000000
   0.000000000000000
   0.000000000000000
   0.000000000000000
   0.000000000000000
   0.000000000000000
