   0.026440378808982
   0.008152949513613
   0.003810959775915
   0.005477982924391
   0.003233486783450
   0.004185544960524
   0.004547592340339
   0.002965152478585
   0.003414919302827
   0.004345610547852
   0.004294941699153
   0.003036291621129
   0.003103226874833
   0.003571417656465
   0.003892553235431
   0.003826450956180
   0.003441492461578
   0.003467895301923
   0.003705112054694
   0.003419784093213
   0.003566520285745
   0.003527118408822
   0.003354983346039
   0.003390852507163
   0.003274638859014
   0.003358836245667
   0.003165722008679
   0.003153849986564
   0.003083919211061
   0.003017364040585
   0.002894301478795
   0.002872969422617
   0.002551208688011
   0.002477706920846
   0.002336976366568
   0.002225711601673
   0.002089799892396
   0.001967550078748
   0.001843476256310
   0.001708819442639
   0.001634326087888
   0.001563572038509
   0.001466914812333
   0.001363394585911
   0.001248560627480
   0.001145461541661
   0.001065124498118
   0.001017844794001
   0.000970857245393
   0.000904510073946
   0.000800967601443
   0.000765184051383
   0.000748115586985
   0.000773697812787
   0.000745465537164
   0.000724223766741
   0.000677084330993
   0.000662740576446
   0.000647335938269
   0.000628504009126
   0.000601850622663
   0.000581462042966
   0.000569506037513
   0.000552910159564
   0.000534405641243
   0.000514456434163
   0.000500268825745
   0.000489358483898
   0.000475232666247
   0.000461328869912
   0.000450635253651
   0.000445390088954
   0.000436359561270
   0.000426432229333
   0.000417879359109
   0.000419695851323
   0.000414018950542
   0.000405704985895
   0.000399244182386
   0.000396000882690
   0.000390013536177
   0.000380535151150
   0.000377438753890
   0.000374737576562
   0.000369983007992
   0.000365279252037
   0.000361066089490
   0.000356360424669
   0.000351703714896
   0.000347296699911
   0.000343220735103
   0.000338887441845
   0.000334788935424
   0.000330657999497
   0.000326463710319
   0.000322134311071
   0.000317803355888
   0.000313547265688
   0.000309293838194
   0.000304974948408
   0.000300649513484
   0.000296321044489
   0.000291950588156
   0.000287521487431
   0.000283074846711
   0.000278633163769
   0.000274139684680
   0.000269545861401
   0.000264987431414
   0.000260482110668
   0.000255748378419
   0.000250958407898
   0.000246451548869
   0.000241627722817
   0.000236413569733
   0.000231890338816
   0.000227073295242
   0.000221103857607
   0.000216530912953
   0.000211829187992
   0.000204550018504
   0.000199869639072
   0.000195474595366
   0.000186231511336
   0.000181551007012
   0.000177736966470
   0.000166073825771
   0.000161464893260
   0.000158189493725
   0.000145439910363
   0.000140699027830
   0.000136173087696
   0.000131774077499
   0.000126942284067
   0.000122352210940
   0.000118023698445
   0.000112992925701
   0.000108548003409
   0.000104269085872
   0.000099147053779
   0.000094939928862
   0.000090997755653
   0.000086724936275
   0.000082901334324
   0.000078948272370
   0.000074847950853
   0.000071263432124
   0.000067267906636
   0.000063335740689
   0.000060195470250
   0.000056199680094
   0.000052764742186
   0.000050126496302
   0.000046540707550
   0.000043921181535
   0.000041664649994
   0.000039461992233
   0.000037362869711
   0.000035306602772
   0.000033335597068
   0.000031434949469
   0.000029604508795
   0.000027846173409
   0.000026163850435
   0.000024547055333
   0.000023003174469
   0.000021537519876
   0.000020126073779
   0.000018793025422
   0.000017529556745
   0.000016314625217
   0.000015183679394
   0.000014103764287
   0.000013085129693
   0.000012129227210
   0.000011219662801
   0.000010363459753
   0.000009554602450
   0.000008791133015
   0.000008071504185
   0.000007399434262
   0.000006759104678
   0.000006168211879
   0.000005620904785
   0.000005109991309
   0.000004640129712
   0.000004202683217
   0.000003795101962
   0.000003417998129
   0.000003073014123
   0.000002754836566
   0.000002468437942
   0.000002209805716
   0.000001973274174
   0.000001771073725
   0.000001580263935
   0.000001419233700
   0.000001272483046
   0.000001139329105
   0.000001018462815
   0.000000908978232
   0.000000810015426
   0.000000720778177
   0.000000640349013
   0.000000567838204
   0.000000502927928
   0.000000444646756
   0.000000392895098
   0.000000346268129
   0.000000304846680
   0.000000268475816
   0.000000236007150
   0.000000207403004
   0.000000181904429
   0.000000159163705
   0.000000138883715
   0.000000120882072
   0.000000104981107
   0.000000090959622
   0.000000078626588
   0.000000067810744
   0.000000058363730
   0.000000050123770
   0.000000042922550
   0.000000036787023
   0.000000031506994
   0.000000026875435
   0.000000022955937
   0.000000019485779
   0.000000016493331
   0.000000013933824
   0.000000011744370
   0.000000009877079
   0.000000008294725
   0.000000006952170
   0.000000005812775
   0.000000004848392
   0.000000004034194
   0.000000003346905
   0.000000002770242
   0.000000002285674
   0.000000001881541
   0.000000001543349
   0.000000001263662
   0.000000001030060
   0.000000000839009
   0.000000000679715
   0.000000000550959
   0.000000000444635
   0.000000000359070
   0.000000000289837
   0.000000000232565
   0.000000000186055
   0.000000000147865
   0.000000000116789
   0.000000000092000
   0.000000000072090
   0.000000000056389
   0.000000000043832
   0.000000000034060
   0.000000000026280
   0.000000000020312
   0.000000000015587
   0.000000000011989
   0.000000000009146
   0.000000000006979
   0.000000000005280
   0.000000000003990
   0.000000000002993
   0.000000000002241
   0.000000000001667
   0.000000000001235
   0.000000000000909
   0.000000000000666
   0.000000000000484
   0.000000000000349
   0.000000000000251
   0.000000000000179
   0.000000000000126
   0.000000000000089
   0.000000000000062
   0.000000000000043
   0.000000000000029
   0.000000000000020
   0.000000000000013
   0.000000000000009
   0.000000000000006
   0.000000000000004
   0.000000000000002
   0.000000000000002
   0.000000000000001
   0.000000000000001
   0.000000000000000
   0.000000000000000
   0.000000000000000
   0.000000000000000
   0.000000000000000
   0.000000000000000
   0.000000000000000
   0.000000000000000
   0.007607812685332
   0.002564360289872
   0.001211659525816
   0.001660773923578
   0.001220966876327
   0.001529273957620
   0.001514873059351
   0.000969841246761
   0.003284249685589
   0.006771502141306
   0.003184662215789
   0.002691871496031
   0.002792284450513
   0.003251546846652
   0.007147453976850
   0.004843846804052
   0.004090043938341
   0.005529887080073
   0.007236813515034
   0.005467487435202
   0.007228231511064
   0.007502590853848
   0.007664929017539
   0.008275818888278
   0.008659937687972
   0.009283485177271
   0.009638758621744
   0.010025002507588
   0.010490520121947
   0.010633412277624
   0.010570436067400
   0.011212521641720
   0.009704955963878
   0.010036323693011
   0.009572124763905
   0.009200927590242
   0.008950952538146
   0.008477880562245
   0.008180614018435
   0.007776891263367
   0.007842246288567
   0.007545837291528
   0.007171845937980
   0.006792533095336
   0.006353180652155
   0.005957423772555
   0.005534744119364
   0.005075268436695
   0.004708627421456
   0.004210069589756
   0.003841254358435
   0.003396281356288
   0.003121430424376
   0.003241768458668
   0.003064550786630
   0.002940219141265
   0.002860520721848
   0.002762105155194
   0.002679501914957
   0.002577395573002
   0.002465610817632
   0.002354596904412
   0.002236632188675
   0.002130284540852
   0.002018375402421
   0.001913309145938
   0.001810961903113
   0.001715652435060
   0.001618255906608
   0.001528793133246
   0.001437115848896
   0.001366405937599
   0.001298542186746
   0.001238193834932
   0.001183053323105
   0.001142423232072
   0.001096742284438
   0.001067173779389
   0.001024689459850
   0.001007209136262
   0.000972022111832
   0.000980463789086
   0.000968559547733
   0.000961278490290
   0.000942736624917
   0.000923894243277
   0.000906819101559
   0.000889736305697
   0.000874497826347
   0.000857713045518
   0.000842658591096
   0.000826772452137
   0.000812979069425
   0.000798326083661
   0.000787163894181
   0.000778283095525
   0.000765008945169
   0.000751991071590
   0.000739407707865
   0.000726989844587
   0.000714788455180
   0.000702722034289
   0.000690767219590
   0.000678740856334
   0.000666865209846
   0.000655003896939
   0.000643170362243
   0.000631509059901
   0.000619646910954
   0.000607962318925
   0.000596172293293
   0.000584344172977
   0.000572629525062
   0.000561059235952
   0.000549208781589
   0.000537476147518
   0.000526397890712
   0.000514422803630
   0.000502826862100
   0.000492531088101
   0.000480679603251
   0.000469202927194
   0.000459088255870
   0.000445928069096
   0.000434088774329
   0.000423716582829
   0.000409598025453
   0.000398534471710
   0.000388560094906
   0.000376036518161
   0.000365707289535
   0.000355516026806
   0.000345721651630
   0.000335315694429
   0.000324612114299
   0.000314679152334
   0.000304190567484
   0.000293447100944
   0.000283661015937
   0.000273163142596
   0.000262485296580
   0.000252884197390
   0.000242511664530
   0.000232303546867
   0.000222656899461
   0.000212028976484
   0.000202120422636
   0.000191907971071
   0.000180735249965
   0.000171758060290
   0.000159850495952
   0.000148893895827
   0.000141751079013
   0.000127528764935
   0.000119613700869
   0.000114009263986
   0.000108402437370
   0.000103188001460
   0.000097948836079
   0.000092943429473
   0.000088065767650
   0.000083358686598
   0.000078811153570
   0.000074412612928
   0.000070205364016
   0.000066100483879
   0.000062220945474
   0.000058451792944
   0.000054874692710
   0.000051483478242
   0.000048147841643
   0.000045110925706
   0.000042179251013
   0.000039415907966
   0.000036860172536
   0.000034360119704
   0.000032009267375
   0.000029751445294
   0.000027612959962
   0.000025577339953
   0.000023647299125
   0.000021811787990
   0.000020077237149
   0.000018433498749
   0.000016882871131
   0.000015413289151
   0.000014033159046
   0.000012725176107
   0.000011500114851
   0.000010347871527
   0.000009267861685
   0.000008257440840
   0.000007349344265
   0.000006443327236
   0.000005757475162
   0.000004935316915
   0.000004465842400
   0.000003823054234
   0.000003440750102
   0.000003089797799
   0.000002770805063
   0.000002481637035
   0.000002217923220
   0.000001980631450
   0.000001764791313
   0.000001572919446
   0.000001396911761
   0.000001240603488
   0.000001097529921
   0.000000971780494
   0.000000859973912
   0.000000759749511
   0.000000671669845
   0.000000592462024
   0.000000521005114
   0.000000457090839
   0.000000400222579
   0.000000349677084
   0.000000304777186
   0.000000265122728
   0.000000230183230
   0.000000199398324
   0.000000172377674
   0.000000148718805
   0.000000128048265
   0.000000110041007
   0.000000094379646
   0.000000080760009
   0.000000068994356
   0.000000058729331
   0.000000049967015
   0.000000042348556
   0.000000035872228
   0.000000030356878
   0.000000025631787
   0.000000021592937
   0.000000018156407
   0.000000015225759
   0.000000012734373
   0.000000010629140
   0.000000008843570
   0.000000007341757
   0.000000006076162
   0.000000005017675
   0.000000004127279
   0.000000003391354
   0.000000002770466
   0.000000002265664
   0.000000001838021
   0.000000001494948
   0.000000001216439
   0.000000000984037
   0.000000000796289
   0.000000000639677
   0.000000000510719
   0.000000000406557
   0.000000000322054
   0.000000000254572
   0.000000000199973
   0.000000000156984
   0.000000000122232
   0.000000000095402
   0.000000000073712
   0.000000000057409
   0.000000000044198
   0.000000000034268
   0.000000000026200
   0.000000000020116
   0.000000000015266
   0.000000000011601
   0.000000000008733
   0.000000000006565
   0.000000000004896
   0.000000000003639
   0.000000000002686
   0.000000000001973
   0.000000000001440
   0.000000000001045
   0.000000000000753
   0.000000000000539
   0.000000000000383
   0.000000000000271
   0.000000000000190
   0.000000000000132
   0.000000000000091
   0.000000000000062
   0.000000000000042
   0.000000000000028
   0.000000000000019
   0.000000000000012
   0.000000000000008
   0.000000000000005
   0.000000000000003
   0.000000000000002
   0.000000000000001
   0.000000000000001
   0.000000000000000
   0.000000000000000
   0.000000000000000
   0.000000000000000
   0.000042376878482
   0.000095622662338
   0.000061965722923
   0.000029741906133
   0.000100895340481
   0.000094453074801
   0.000080516746363
   0.000048281974335
   0.000379564419758
   0.000853383357733
   0.000329752269248
   0.000299743557795
   0.000336398277998
   0.000373879463926
   0.000936765116708
   0.000626323840371
   0.000616960753876
   0.000785187870289
   0.001085029569270
   0.000814472507519
   0.001427185721224
   0.001653137453672
   0.001437975927927
   0.001537880588962
   0.002126543098426
   0.001970349027492
   0.002321563483935
   0.002389516021374
   0.003021384542426
   0.003001965223271
   0.003186414006884
   0.003662182197796
   0.003525601865030
   0.003988021097601
   0.004201348852110
   0.004232026075332
   0.004852021354779
   0.004585568447092
   0.004908152590136
   0.004929724601860
   0.005559573348366
   0.005232950783917
   0.005390342238420
   0.005563768335419
   0.005426407963984
   0.005499388830214
   0.005361146498583
   0.005126669922000
   0.005084853643729
   0.004628356732280
   0.004403477544582
   0.004319291004027
   0.003399050683040
   0.003654137265371
   0.003360983659095
   0.003052270396455
   0.003055963465618
   0.002833652902494
   0.002743293789037
   0.002614902547430
   0.002499764244882
   0.002365111591877
   0.002199179979273
   0.002111029350917
   0.001972189522266
   0.001859059204486
   0.001737296241891
   0.001622788225517
   0.001509763424090
   0.001402646370528
   0.001251957036079
   0.001153105732414
   0.001063092105921
   0.000979501099916
   0.000903638956083
   0.000839688225378
   0.000783027106292
   0.000736968496595
   0.000697387590449
   0.000673378665827
   0.000583183062083
   0.000642954386882
   0.000623470647453
   0.000611597657371
   0.000593570343538
   0.000576084759363
   0.000558339962962
   0.000543112099748
   0.000530395399704
   0.000515898849662
   0.000501571489018
   0.000486703134349
   0.000471483919136
   0.000454688753264
   0.000452782733333
   0.000459113354817
   0.000448710723666
   0.000438920487904
   0.000429754931973
   0.000421134441979
   0.000412984549599
   0.000404930851647
   0.000397536533230
   0.000389765731450
   0.000382276899304
   0.000375050838228
   0.000367885415828
   0.000361159123976
   0.000353680990809
   0.000346510761796
   0.000339043585792
   0.000331621856832
   0.000324145630659
   0.000316764612671
   0.000309328843746
   0.000301653576719
   0.000294611466019
   0.000286699173520
   0.000279272663316
   0.000274251134063
   0.000269887068712
   0.000264905056034
   0.000261058327964
   0.000256409155916
   0.000250092514283
   0.000244081454321
   0.000237991885155
   0.000232075816402
   0.000226283861301
   0.000220520302534
   0.000214757468016
   0.000208996524105
   0.000203276040950
   0.000197541390601
   0.000191774210508
   0.000186089540294
   0.000180394746818
   0.000174628681502
   0.000169020866789
   0.000163369384435
   0.000157581389925
   0.000152073657970
   0.000146364178154
   0.000140745416001
   0.000135290963013
   0.000129961115015
   0.000124468199077
   0.000119443893038
   0.000113847352680
   0.000108615831377
   0.000103508501861
   0.000098201344197
   0.000094011402099
   0.000089163689309
   0.000085205788209
   0.000081646874094
   0.000078119510830
   0.000074836524761
   0.000071541448278
   0.000068368151214
   0.000065220259297
   0.000062169960110
   0.000059239331874
   0.000056341617892
   0.000053623953849
   0.000050794178278
   0.000048154228634
   0.000045594579348
   0.000043126721707
   0.000040769166790
   0.000038484067582
   0.000036279288577
   0.000034223987826
   0.000032213226523
   0.000030394392327
   0.000028619100972
   0.000026915305871
   0.000025285507782
   0.000023682372108
   0.000022184257048
   0.000020732815507
   0.000019343931192
   0.000018009188849
   0.000016716372874
   0.000015493598722
   0.000014304632546
   0.000013176323275
   0.000012065180583
   0.000011017236392
   0.000009976817728
   0.000008996966342
   0.000007994196449
   0.000007120306561
   0.000006086946804
   0.000005424627313
   0.000004278013885
   0.000003919518596
   0.000002837220227
   0.000002569418534
   0.000002318581686
   0.000002091445634
   0.000001884374722
   0.000001688615237
   0.000001517346314
   0.000001361356371
   0.000001226748458
   0.000001093349513
   0.000000976489089
   0.000000871281345
   0.000000778734097
   0.000000690736927
   0.000000612962669
   0.000000543872625
   0.000000481898632
   0.000000424863817
   0.000000374580078
   0.000000330046633
   0.000000289936910
   0.000000253991366
   0.000000222388203
   0.000000194342984
   0.000000169328118
   0.000000147297150
   0.000000127936775
   0.000000110820510
   0.000000095775362
   0.000000082650940
   0.000000071099785
   0.000000061085392
   0.000000052259062
   0.000000044766069
   0.000000038046191
   0.000000032505223
   0.000000027748284
   0.000000023592749
   0.000000020026655
   0.000000016978513
   0.000000014340743
   0.000000012089177
   0.000000010173780
   0.000000008530757
   0.000000007140266
   0.000000005960698
   0.000000004961959
   0.000000004119373
   0.000000003412505
   0.000000002816432
   0.000000002320530
   0.000000001904938
   0.000000001559893
   0.000000001273898
   0.000000001036389
   0.000000000841199
   0.000000000680114
   0.000000000548085
   0.000000000440261
   0.000000000352057
   0.000000000280799
   0.000000000222639
   0.000000000176291
   0.000000000138414
   0.000000000108884
   0.000000000084509
   0.000000000066454
   0.000000000051469
   0.000000000040459
   0.000000000031147
   0.000000000024244
   0.000000000018546
   0.000000000014279
   0.000000000010847
   0.000000000008258
   0.000000000006224
   0.000000000004685
   0.000000000003499
   0.000000000002603
   0.000000000001924
   0.000000000001415
   0.000000000001033
   0.000000000000750
   0.000000000000541
   0.000000000000388
   0.000000000000276
   0.000000000000195
   0.000000000000136
   0.000000000000095
   0.000000000000065
   0.000000000000044
   0.000000000000030
   0.000000000000020
   0.000000000000013
   0.000000000000009
   0.000000000000005
   0.000000000000004
   0.000000000000002
   0.000000000000001
   0.000000000000001
   0.000000000000001
   0.000000000000000
   0.000000000000000
