   0.000000002897250
   0.000000006416830
   0.000000003136484
   0.000000005367173
   0.000000002465166
   0.000000004045671
   0.000000003549965
   0.000000003761809
   0.000000003633596
   0.000000004546390
   0.000000005118241
   0.000000004802529
   0.000000003990901
   0.000000003848376
   0.000000003934245
   0.000000004383964
   0.000000005741404
   0.000000006057402
   0.000000005308432
   0.000000005464154
   0.000000004935354
   0.000000003892563
   0.000000007914936
   0.000000009937287
   0.000000010116413
   0.000000009002521
   0.000000016581603
   0.000000016329719
   0.000000016463927
   0.000000018191689
   0.000000019490506
   0.000000020042824
   0.000000020209261
   0.000000020795734
   0.000000021365665
   0.000000023799526
   0.000000023559677
   0.000000023044399
   0.000000022759787
   0.000000020447582
   0.000000020362673
   0.000000020104319
   0.000000019068838
   0.000000017939636
   0.000000016769583
   0.000000018056870
   0.000000016019421
   0.000000015605820
   0.000000011639163
   0.000000021011716
   0.000000021677664
   0.000000022475116
   0.000000021129681
   0.000000022314906
   0.000000023500297
   0.000000025414137
   0.000000025342973
   0.000000025580544
   0.000000025320151
   0.000000025622483
   0.000000025914150
   0.000000026068187
   0.000000026362059
   0.000000026766736
   0.000000026963813
   0.000000026812931
   0.000000026490186
   0.000000026135412
   0.000000025909126
   0.000000025692330
   0.000000025688061
   0.000000025426409
   0.000000025196986
   0.000000025102510
   0.000000025072737
   0.000000024892287
   0.000000024703900
   0.000000024672499
   0.000000024886254
   0.000000024766009
   0.000000024589517
   0.000000024542430
   0.000000024551035
   0.000000024413794
   0.000000024179424
   0.000000024204460
   0.000000024219029
   0.000000024089240
   0.000000023902676
   0.000000023773595
   0.000000023631635
   0.000000023427423
   0.000000023282306
   0.000000023133939
   0.000000022977674
   0.000000022818938
   0.000000022653302
   0.000000022476091
   0.000000022293894
   0.000000022095604
   0.000000021886531
   0.000000021669886
   0.000000021443099
   0.000000021208609
   0.000000020966872
   0.000000020717414
   0.000000020457686
   0.000000020190315
   0.000000019917080
   0.000000019632766
   0.000000019335658
   0.000000019035715
   0.000000018728225
   0.000000018400322
   0.000000018071028
   0.000000017743558
   0.000000017379403
   0.000000017011164
   0.000000016665906
   0.000000016255986
   0.000000015841871
   0.000000015491958
   0.000000015014314
   0.000000014548871
   0.000000014199923
   0.000000013615390
   0.000000013129905
   0.000000012819643
   0.000000012206410
   0.000000011736950
   0.000000011451234
   0.000000011137725
   0.000000010744796
   0.000000010445525
   0.000000010094323
   0.000000009703102
   0.000000009332224
   0.000000008981318
   0.000000008439997
   0.000000008098384
   0.000000007766276
   0.000000007373142
   0.000000007052880
   0.000000006818578
   0.000000006506258
   0.000000006182940
   0.000000005848991
   0.000000005511570
   0.000000005208438
   0.000000004881736
   0.000000004577792
   0.000000004311542
   0.000000004023114
   0.000000003765306
   0.000000003556917
   0.000000003363127
   0.000000003179676
   0.000000003011894
   0.000000002841885
   0.000000002677810
   0.000000002519411
   0.000000002367235
   0.000000002221227
   0.000000002080924
   0.000000001946994
   0.000000001818586
   0.000000001696325
   0.000000001580171
   0.000000001469751
   0.000000001364150
   0.000000001258714
   0.000000001166411
   0.000000001079430
   0.000000000997685
   0.000000000925572
   0.000000000851907
   0.000000000782467
   0.000000000717152
   0.000000000655963
   0.000000000598548
   0.000000000543498
   0.000000000485816
   0.000000000441039
   0.000000000399409
   0.000000000360797
   0.000000000329603
   0.000000000295910
   0.000000000264199
   0.000000000235094
   0.000000000208547
   0.000000000184511
   0.000000000162757
   0.000000000143375
   0.000000000126094
   0.000000000110750
   0.000000000097596
   0.000000000085672
   0.000000000075674
   0.000000000066968
   0.000000000059159
   0.000000000052186
   0.000000000045938
   0.000000000040370
   0.000000000035421
   0.000000000031031
   0.000000000027137
   0.000000000023692
   0.000000000020651
   0.000000000017882
   0.000000000015557
   0.000000000013525
   0.000000000011742
   0.000000000010221
   0.000000000008817
   0.000000000007586
   0.000000000006512
   0.000000000005576
   0.000000000004763
   0.000000000004059
   0.000000000003451
   0.000000000002927
   0.000000000002478
   0.000000000002083
   0.000000000001742
   0.000000000001470
   0.000000000001239
   0.000000000001041
   0.000000000000883
   0.000000000000735
   0.000000000000611
   0.000000000000507
   0.000000000000420
   0.000000000000347
   0.000000000000286
   0.000000000000235
   0.000000000000193
   0.000000000000158
   0.000000000000129
   0.000000000000105
   0.000000000000085
   0.000000000000068
   0.000000000000055
   0.000000000000044
   0.000000000000036
   0.000000000000028
   0.000000000000023
   0.000000000000018
   0.000000000000014
   0.000000000000011
   0.000000000000009
   0.000000000000007
   0.000000000000005
   0.000000000000004
   0.000000000000003
   0.000000000000003
   0.000000000000002
   0.000000000000001
   0.000000000000001
   0.000000000000001
   0.000000000000001
   0.000000000000000
   0.000000000000000
   0.000000000000000
   0.000000000000000
   0.000000000000000
   0.000000000000000
   0.000000000000000
   0.000000000000000
   0.000000000000000
   0.000000000000000
   0.000000000000000
   0.000000000000000
   0.000000000000000
   0.000000000000000
   0.000000000000000
   0.000000000000000
   0.000000000000000
   0.000000000000000
   0.000000000000000
   0.000000000000000
   0.000000000000000
   0.000000000000000
   0.000000000000000
   0.000000000000000
   0.000000000000000
   0.000000000000000
   0.000000000000000
   0.000000000000000
   0.000000000000000
   0.000000000000000
   0.000000000000000
   0.000000000000000
   0.000000000000000
   0.000000000000000
   0.000000000000000
   0.000000000000000
   0.000000000000000
   0.000000000000000
   0.000000000000000
   0.000000000000000
   0.000000000817173
   0.000000001909012
   0.000000003882790
   0.000000003634346
   0.000000003910346
   0.000000002605517
   0.000000003636450
   0.000000003933995
   0.000000003439613
   0.000000003769083
   0.000000005107435
   0.000000003767040
   0.000000003937240
   0.000000004181079
   0.000000004284836
   0.000000004359108
   0.000000005305993
   0.000000005508528
   0.000000004677116
   0.000000005656553
   0.000000008123685
   0.000000003433874
   0.000000009169034
   0.000000010095348
   0.000000008816496
   0.000000009354048
   0.000000015490175
   0.000000011790821
   0.000000011875739
   0.000000014168218
   0.000000016948455
   0.000000015730918
   0.000000014945901
   0.000000014746520
   0.000000015593378
   0.000000018894187
   0.000000017588698
   0.000000015637612
   0.000000016053212
   0.000000015279029
   0.000000017330339
   0.000000017920598
   0.000000014957109
   0.000000014071614
   0.000000013900603
   0.000000015624974
   0.000000007816051
   0.000000007293291
   0.000000006311728
   0.000000018487955
   0.000000020031468
   0.000000020221630
   0.000000021316456
   0.000000024175301
   0.000000027474255
   0.000000030929566
   0.000000033359397
   0.000000035477033
   0.000000037919406
   0.000000040562663
   0.000000042653645
   0.000000044089694
   0.000000045541929
   0.000000047921646
   0.000000049114308
   0.000000049521415
   0.000000049345900
   0.000000048744561
   0.000000048053813
   0.000000046443479
   0.000000046326289
   0.000000045613817
   0.000000044848742
   0.000000043958442
   0.000000043176834
   0.000000042313499
   0.000000041652802
   0.000000040926573
   0.000000040567832
   0.000000039993964
   0.000000039610071
   0.000000039214457
   0.000000039008151
   0.000000038777895
   0.000000038705358
   0.000000038832952
   0.000000038895485
   0.000000038497264
   0.000000038484849
   0.000000038230493
   0.000000038059206
   0.000000037709248
   0.000000037424340
   0.000000037151753
   0.000000036885147
   0.000000036628751
   0.000000036357314
   0.000000036078900
   0.000000035845425
   0.000000035556338
   0.000000035188345
   0.000000034897656
   0.000000034639529
   0.000000034276401
   0.000000033904534
   0.000000033527914
   0.000000033179895
   0.000000032789341
   0.000000032379207
   0.000000031956390
   0.000000031511935
   0.000000031054898
   0.000000030588233
   0.000000030105934
   0.000000029604395
   0.000000029102445
   0.000000028586288
   0.000000028044832
   0.000000027510873
   0.000000026974835
   0.000000026388874
   0.000000025854951
   0.000000025302583
   0.000000024654942
   0.000000024075658
   0.000000023399264
   0.000000022507002
   0.000000021954423
   0.000000021391226
   0.000000020736458
   0.000000020195186
   0.000000019680529
   0.000000019362869
   0.000000018855085
   0.000000018276120
   0.000000017696988
   0.000000017108953
   0.000000016518736
   0.000000015877240
   0.000000015290625
   0.000000014708520
   0.000000014114984
   0.000000013528497
   0.000000012967255
   0.000000012363936
   0.000000011784782
   0.000000011214794
   0.000000010656480
   0.000000010091724
   0.000000009529468
   0.000000008948326
   0.000000008421412
   0.000000007904991
   0.000000007356470
   0.000000006931660
   0.000000006571193
   0.000000006198344
   0.000000005923340
   0.000000005618762
   0.000000005324425
   0.000000005037112
   0.000000004759993
   0.000000004492444
   0.000000004234044
   0.000000003987700
   0.000000003743840
   0.000000003513024
   0.000000003290931
   0.000000003080119
   0.000000002872212
   0.000000002633542
   0.000000002459150
   0.000000002292783
   0.000000002130342
   0.000000002015062
   0.000000001869712
   0.000000001737915
   0.000000001609782
   0.000000001485156
   0.000000001367421
   0.000000001255627
   0.000000001148385
   0.000000001050066
   0.000000000957573
   0.000000000870658
   0.000000000790301
   0.000000000713604
   0.000000000641675
   0.000000000574539
   0.000000000511867
   0.000000000453790
   0.000000000400186
   0.000000000351275
   0.000000000306679
   0.000000000266477
   0.000000000231966
   0.000000000200363
   0.000000000174171
   0.000000000153388
   0.000000000133489
   0.000000000118369
   0.000000000104767
   0.000000000092154
   0.000000000081298
   0.000000000071723
   0.000000000063431
   0.000000000055724
   0.000000000048858
   0.000000000042038
   0.000000000036794
   0.000000000032221
   0.000000000028204
   0.000000000025004
   0.000000000021706
   0.000000000018804
   0.000000000016251
   0.000000000014009
   0.000000000012051
   0.000000000010343
   0.000000000008857
   0.000000000007567
   0.000000000006451
   0.000000000005485
   0.000000000004652
   0.000000000003941
   0.000000000003331
   0.000000000002809
   0.000000000002365
   0.000000000001984
   0.000000000001660
   0.000000000001384
   0.000000000001148
   0.000000000000956
   0.000000000000796
   0.000000000000663
   0.000000000000548
   0.000000000000452
   0.000000000000372
   0.000000000000305
   0.000000000000249
   0.000000000000203
   0.000000000000165
   0.000000000000134
   0.000000000000108
   0.000000000000087
   0.000000000000070
   0.000000000000056
   0.000000000000045
   0.000000000000035
   0.000000000000028
   0.000000000000022
   0.000000000000018
   0.000000000000014
   0.000000000000011
   0.000000000000009
   0.000000000000007
   0.000000000000005
   0.000000000000004
   0.000000000000003
   0.000000000000002
   0.000000000000002
   0.000000000000001
   0.000000000000001
   0.000000000000001
   0.000000000000001
   0.000000000000000
   0.000000000000000
   0.000000000000000
   0.000000000000000
   0.000000000000000
   0.000000000000000
   0.000000000000000
   0.000000000000000
   0.000000000000000
   0.000000000000000
   0.000000000000000
   0.000000000000000
   0.000000000000000
   0.000000000000000
   0.000000000000000
   0.000000000000000
   0.000000000000000
   0.000000000000000
   0.000000000000000
   0.000000000000000
   0.000000000000000
   0.000000000000000
   0.000000000000000
   0.000000000000000
   0.000000000000000
   0.000000000000000
   0.000000000000000
   0.000000000000000
   0.000000000000000
   0.000000000000000
   0.000000000000000
   0.000000000000000
   0.000000000000000
   0.000000000000000
   0.000000000000000
   0.000000000000000
   0.000000000014560
   0.000000000440329
   0.000000000311437
   0.000000000472185
   0.000000000319446
   0.000000000731360
   0.000000000570481
   0.000000000619129
   0.000000000651251
   0.000000000902767
   0.000000000605811
   0.000000000848367
   0.000000000891083
   0.000000000884374
   0.000000000920700
   0.000000001047711
   0.000000001182552
   0.000000001158510
   0.000000000902606
   0.000000001846071
   0.000000001182484
   0.000000001428565
   0.000000002200461
   0.000000001838884
   0.000000001636455
   0.000000002943790
   0.000000002009330
   0.000000001904444
   0.000000002909180
   0.000000002517822
   0.000000002541728
   0.000000003159178
   0.000000002281998
   0.000000002473450
   0.000000003681394
   0.000000002827406
   0.000000002395112
   0.000000003553020
   0.000000002946396
   0.000000002892963
   0.000000003587086
   0.000000003420077
   0.000000002607865
   0.000000002792447
   0.000000002067328
   0.000000003356973
   0.000000001816142
   0.000000001608774
   0.000000003080862
   0.000000003411827
   0.000000004585533
   0.000000006816408
   0.000000006857264
   0.000000007336372
   0.000000007789193
   0.000000008297997
   0.000000009104881
   0.000000011598108
   0.000000015749543
   0.000000018041360
   0.000000019767046
   0.000000021696843
   0.000000023445300
   0.000000024807394
   0.000000025843594
   0.000000026476744
   0.000000026618560
   0.000000026624830
   0.000000026864370
   0.000000027142899
   0.000000026969279
   0.000000026676202
   0.000000025972060
   0.000000025325162
   0.000000024652357
   0.000000023836148
   0.000000022780062
   0.000000022087181
   0.000000021292729
   0.000000020726732
   0.000000020171121
   0.000000019539628
   0.000000019022024
   0.000000018524033
   0.000000018476620
   0.000000018262680
   0.000000017099110
   0.000000018106744
   0.000000017931941
   0.000000017846903
   0.000000017660963
   0.000000017490805
   0.000000017309620
   0.000000017131913
   0.000000016947494
   0.000000016738476
   0.000000016522057
   0.000000016368584
   0.000000016221009
   0.000000015933576
   0.000000015936123
   0.000000016085091
   0.000000015903139
   0.000000015725459
   0.000000015557194
   0.000000015536059
   0.000000015408118
   0.000000015243223
   0.000000015078358
   0.000000014893368
   0.000000014703143
   0.000000014510005
   0.000000014304083
   0.000000014075762
   0.000000013851631
   0.000000013626293
   0.000000013400392
   0.000000013171636
   0.000000012935406
   0.000000012692537
   0.000000012447440
   0.000000012196533
   0.000000011936909
   0.000000011672127
   0.000000011433981
   0.000000011198476
   0.000000010993406
   0.000000010803214
   0.000000010599033
   0.000000010365624
   0.000000010121977
   0.000000009910336
   0.000000009665348
   0.000000009411677
   0.000000009157189
   0.000000008898532
   0.000000008639011
   0.000000008375573
   0.000000008113095
   0.000000007846804
   0.000000007578614
   0.000000007308764
   0.000000006988558
   0.000000006608118
   0.000000006351052
   0.000000006091253
   0.000000005940018
   0.000000005715615
   0.000000005449777
   0.000000005179779
   0.000000004924125
   0.000000004669721
   0.000000004407215
   0.000000004169078
   0.000000003945944
   0.000000003735352
   0.000000003547008
   0.000000003379806
   0.000000003221074
   0.000000003063962
   0.000000002912473
   0.000000002764724
   0.000000002622734
   0.000000002490333
   0.000000002347598
   0.000000002215826
   0.000000002086771
   0.000000001963720
   0.000000001844501
   0.000000001724231
   0.000000001616879
   0.000000001513048
   0.000000001391672
   0.000000001292027
   0.000000001208631
   0.000000001150369
   0.000000001083970
   0.000000001008722
   0.000000000937158
   0.000000000868770
   0.000000000803713
   0.000000000742302
   0.000000000683895
   0.000000000628429
   0.000000000575637
   0.000000000525650
   0.000000000478451
   0.000000000433774
   0.000000000391090
   0.000000000350679
   0.000000000312408
   0.000000000277028
   0.000000000242759
   0.000000000211642
   0.000000000182924
   0.000000000156927
   0.000000000131568
   0.000000000112116
   0.000000000090463
   0.000000000080317
   0.000000000071542
   0.000000000062081
   0.000000000055021
   0.000000000049022
   0.000000000044679
   0.000000000039561
   0.000000000034984
   0.000000000030685
   0.000000000027009
   0.000000000023755
   0.000000000020861
   0.000000000018312
   0.000000000016004
   0.000000000013967
   0.000000000012154
   0.000000000010548
   0.000000000009142
   0.000000000007906
   0.000000000006818
   0.000000000005868
   0.000000000005041
   0.000000000004319
   0.000000000003692
   0.000000000003149
   0.000000000002679
   0.000000000002274
   0.000000000001926
   0.000000000001626
   0.000000000001370
   0.000000000001146
   0.000000000000938
   0.000000000000788
   0.000000000000668
   0.000000000000571
   0.000000000000475
   0.000000000000395
   0.000000000000328
   0.000000000000271
   0.000000000000224
   0.000000000000184
   0.000000000000151
   0.000000000000124
   0.000000000000101
   0.000000000000082
   0.000000000000067
   0.000000000000054
   0.000000000000043
   0.000000000000035
   0.000000000000028
   0.000000000000022
   0.000000000000018
   0.000000000000014
   0.000000000000011
   0.000000000000009
   0.000000000000007
   0.000000000000005
   0.000000000000004
   0.000000000000003
   0.000000000000002
   0.000000000000002
   0.000000000000001
   0.000000000000001
   0.000000000000001
   0.000000000000001
   0.000000000000000
   0.000000000000000
   0.000000000000000
   0.000000000000000
   0.000000000000000
   0.000000000000000
   0.000000000000000
   0.000000000000000
   0.000000000000000
   0.000000000000000
   0.000000000000000
   0.000000000000000
   0.000000000000000
   0.000000000000000
   0.000000000000000
   0.000000000000000
   0.000000000000000
   0.000000000000000
   0.000000000000000
   0.000000000000000
   0.000000000000000
   0.000000000000000
   0.000000000000000
   0.000000000000000
   0.000000000000000
   0.000000000000000
   0.000000000000000
   0.000000000000000
   0.000000000000000
   0.000000000000000
   0.000000000000000
   0.000000000000000
   0.000000000000000
   0.000000000000000
   0.000000000000000
