   0.000039743735007
   0.000326839279609
   0.000073957391298
   0.000093243378103
   0.000134987370528
   0.000112726185471
   0.000090230284074
   0.000067051491872
   0.000106155704034
   0.000083055856306
   0.000119995665641
   0.000090025549838
   0.000087363636203
   0.000082602501320
   0.000091595575095
   0.000100883797896
   0.000082155708599
   0.000086053179347
   0.000098859609931
   0.000085248125743
   0.000082784958398
   0.000080606588882
   0.000080417739371
   0.000080697185095
   0.000057529699272
   0.000072280698980
   0.000071694469884
   0.000068051118566
   0.000064806921902
   0.000061543937139
   0.000059059158298
   0.000054413081959
   0.000047209309375
   0.000048333528408
   0.000048026807328
   0.000045556360421
   0.000043248328177
   0.000041573868182
   0.000039452093930
   0.000037100608747
   0.000033830323344
   0.000034372764904
   0.000033263831734
   0.000030582057497
   0.000030062357236
   0.000029496072520
   0.000028036309390
   0.000027763845743
   0.000027781908675
   0.000027220391883
   0.000022808360276
   0.000025415330416
   0.000025217916793
   0.000024469904371
   0.000024144368415
   0.000024786285033
   0.000024218287824
   0.000023516014473
   0.000022396746194
   0.000021863184278
   0.000022063515102
   0.000022335577364
   0.000022168218356
   0.000021962268749
   0.000021324409917
   0.000020995690726
   0.000021017819851
   0.000021142766891
   0.000021029724396
   0.000021502046371
   0.000021699182997
   0.000021681811485
   0.000021100451581
   0.000021102160055
   0.000021241335316
   0.000021378678860
   0.000021380685728
   0.000021387526998
   0.000021570153128
   0.000021809122449
   0.000021962853626
   0.000022070064189
   0.000022214184578
   0.000022442213627
   0.000022481863457
   0.000022611856578
   0.000022779371232
   0.000022966910489
   0.000022826918277
   0.000022962870999
   0.000023153003304
   0.000023646722262
   0.000023591354862
   0.000023717213722
   0.000023814182053
   0.000023814658981
   0.000023590859699
   0.000023724010175
   0.000023807080909
   0.000023899857037
   0.000024033101795
   0.000024171353355
   0.000024243812484
   0.000024346965596
   0.000024471949860
   0.000024549135115
   0.000024637287145
   0.000024774271834
   0.000024953346915
   0.000025135050674
   0.000025289728979
   0.000025503887204
   0.000025817934076
   0.000026086100840
   0.000026314601372
   0.000026758898559
   0.000027332480002
   0.000027672454692
   0.000028127963611
   0.000029183651418
   0.000030053864483
   0.000030338047716
   0.000031851255098
   0.000034145275912
   0.000034180853620
   0.000035783759326
   0.000041001163568
   0.000040859663387
   0.000041926682042
   0.000052099266475
   0.000051984356566
   0.000051915007812
   0.000070565062771
   0.000070318580366
   0.000070035300250
   0.000070102533425
   0.000069241165705
   0.000068284694913
   0.000068321898241
   0.000067403166957
   0.000066136652253
   0.000066665129721
   0.000065579531351
   0.000064314255220
   0.000064901942759
   0.000064085052545
   0.000063005090992
   0.000063675162511
   0.000062676686935
   0.000061512094269
   0.000062025763126
   0.000060890819935
   0.000059653462784
   0.000059583667561
   0.000058260167498
   0.000056947943969
   0.000055609417867
   0.000054288308690
   0.000052896714644
   0.000051498628111
   0.000050084925905
   0.000048637290335
   0.000047178704965
   0.000045721177912
   0.000044229659951
   0.000042750776036
   0.000041283837130
   0.000039783304657
   0.000038324093492
   0.000036874998947
   0.000035403310343
   0.000034007087793
   0.000032608309170
   0.000031247800931
   0.000029942236525
   0.000028645359417
   0.000027382509751
   0.000026147293665
   0.000024930628161
   0.000023736626997
   0.000022594072641
   0.000021424756173
   0.000020338579300
   0.000019317463488
   0.000018323456236
   0.000017403968226
   0.000016497713178
   0.000015599660651
   0.000014723524353
   0.000013871561470
   0.000013039427394
   0.000012244799493
   0.000011472678267
   0.000010729790261
   0.000010026379656
   0.000009342521704
   0.000008698215130
   0.000008086228222
   0.000007507710834
   0.000006960316960
   0.000006443126653
   0.000005955256138
   0.000005497026914
   0.000005065652990
   0.000004660146839
   0.000004281742744
   0.000003927710220
   0.000003601379661
   0.000003293263610
   0.000003008496709
   0.000002751634769
   0.000002512924806
   0.000002296438620
   0.000002094948712
   0.000001906550850
   0.000001729984130
   0.000001565543675
   0.000001413543947
   0.000001273191312
   0.000001144034414
   0.000001025497406
   0.000000917394990
   0.000000818883513
   0.000000728504304
   0.000000649976908
   0.000000580241131
   0.000000515064428
   0.000000459202469
   0.000000405415281
   0.000000356888881
   0.000000313542610
   0.000000274790361
   0.000000240342673
   0.000000210011428
   0.000000183185487
   0.000000159420155
   0.000000138427727
   0.000000119909323
   0.000000103574921
   0.000000089260282
   0.000000076685924
   0.000000065729236
   0.000000056143251
   0.000000047863494
   0.000000040624199
   0.000000034454984
   0.000000029060169
   0.000000024537136
   0.000000020630930
   0.000000017390376
   0.000000014662285
   0.000000012284995
   0.000000010263419
   0.000000008505104
   0.000000007003379
   0.000000005748672
   0.000000004695938
   0.000000003825943
   0.000000003099612
   0.000000002507494
   0.000000002016098
   0.000000001622254
   0.000000001297875
   0.000000001040313
   0.000000000827884
   0.000000000658604
   0.000000000519804
   0.000000000409697
   0.000000000320646
   0.000000000250587
   0.000000000194797
   0.000000000150798
   0.000000000115939
   0.000000000088703
   0.000000000067306
   0.000000000050739
   0.000000000037997
   0.000000000028275
   0.000000000020887
   0.000000000015325
   0.000000000011150
   0.000000000008057
   0.000000000005763
   0.000000000004094
   0.000000000002871
   0.000000000002002
   0.000000000001369
   0.000000000000935
   0.000000000000622
   0.000000000000418
   0.000000000000268
   0.000000000000178
   0.000000000000108
   0.000000000000071
   0.000000000000040
   0.000000000000026
   0.000000000000012
   0.000000000000007
   0.000000000000002
   0.000000000000000
   0.000025534942315
   0.000136622447077
   0.000047365046435
   0.000051588031121
   0.000116138998698
   0.000126063456980
   0.000091895335842
   0.000058917278729
   0.000116025602775
   0.000100690930764
   0.000095573056234
   0.000099211850247
   0.000135560661492
   0.000105453809025
   0.000139525639539
   0.000132916318922
   0.000117841691226
   0.000129237008994
   0.000157977948695
   0.000133779334151
   0.000130596853416
   0.000130417669883
   0.000153731777102
   0.000158212375553
   0.000136465763666
   0.000151610071314
   0.000149078813675
   0.000143024186383
   0.000137060468500
   0.000129562322927
   0.000129510125622
   0.000117189141767
   0.000109091877586
   0.000106920814924
   0.000107081786657
   0.000104047495469
   0.000100410210375
   0.000097658185024
   0.000094425603038
   0.000089375460450
   0.000076163972791
   0.000079045933781
   0.000073429326283
   0.000066816132864
   0.000063764149269
   0.000059271769343
   0.000058747729118
   0.000056212240520
   0.000055199772658
   0.000052997969153
   0.000031342349196
   0.000055444994050
   0.000047833520618
   0.000050400816097
   0.000047394176174
   0.000046473674086
   0.000044562067028
   0.000043702338487
   0.000042075833638
   0.000040744371344
   0.000039857318760
   0.000038265969885
   0.000037710541812
   0.000037072141813
   0.000035931936316
   0.000034497791273
   0.000034102172917
   0.000035226917075
   0.000034370247475
   0.000033012315187
   0.000032639673377
   0.000031875154091
   0.000031144167162
   0.000031398286461
   0.000031347234544
   0.000031547537376
   0.000031419335825
   0.000031294552025
   0.000031469644199
   0.000032326343746
   0.000032873633473
   0.000032945545267
   0.000032597369732
   0.000032259128440
   0.000032415805421
   0.000032606860559
   0.000032788038315
   0.000032896951875
   0.000033020134282
   0.000033251153806
   0.000033474395365
   0.000033735556321
   0.000033898395420
   0.000034105028110
   0.000034280540172
   0.000034455756066
   0.000034626521090
   0.000034914066805
   0.000035034178601
   0.000035234010848
   0.000035645309730
   0.000036196886725
   0.000036281806517
   0.000036503119091
   0.000036742957169
   0.000036570284497
   0.000036558290190
   0.000036830996383
   0.000037124758924
   0.000037398625216
   0.000037725735347
   0.000038093263785
   0.000038508984961
   0.000038850862564
   0.000039226450071
   0.000039820534847
   0.000040410233386
   0.000040805920735
   0.000041527200219
   0.000042556068387
   0.000043166463033
   0.000043592268911
   0.000044961502235
   0.000046327716248
   0.000046443290423
   0.000047639232824
   0.000050162052406
   0.000050147697158
   0.000050612663290
   0.000053643414211
   0.000053554624530
   0.000053706087302
   0.000054139447387
   0.000053914899490
   0.000053918748011
   0.000054807476167
   0.000054386993106
   0.000054035200112
   0.000055720995302
   0.000055239920731
   0.000054680491811
   0.000057494652036
   0.000056972407041
   0.000056118885425
   0.000059516463719
   0.000059013059165
   0.000058095988204
   0.000063226546323
   0.000062722101492
   0.000061513532541
   0.000069401056762
   0.000068964958824
   0.000067820285450
   0.000081096784059
   0.000080668507775
   0.000079144301662
   0.000102668966191
   0.000100735966164
   0.000098495038799
   0.000096319171638
   0.000094054923708
   0.000091707775218
   0.000089321912196
   0.000086921509265
   0.000084441112433
   0.000081914877574
   0.000079421105425
   0.000076766895450
   0.000074253873447
   0.000071718139637
   0.000068937737303
   0.000066584211284
   0.000064052691179
   0.000061695911967
   0.000059561155715
   0.000057252348946
   0.000055105409649
   0.000052889380696
   0.000050743774042
   0.000048602288559
   0.000046530726332
   0.000044483913612
   0.000042498623649
   0.000040561929735
   0.000038676771064
   0.000036858752579
   0.000035103280240
   0.000033377878029
   0.000031732162201
   0.000030118476380
   0.000028545035363
   0.000027066485623
   0.000025585371227
   0.000024129899644
   0.000022870729117
   0.000021335460701
   0.000020217149733
   0.000018815124231
   0.000017574856482
   0.000016380930544
   0.000015254275675
   0.000014186054607
   0.000013168433962
   0.000012208879290
   0.000011298880535
   0.000010460082941
   0.000009650251189
   0.000008903899030
   0.000008178202447
   0.000007523388865
   0.000006925072192
   0.000006363152873
   0.000005860337057
   0.000005383061885
   0.000004928613267
   0.000004500823481
   0.000004102006145
   0.000003730536404
   0.000003384295558
   0.000003064296676
   0.000002769412181
   0.000002497354577
   0.000002247678179
   0.000002019014619
   0.000001810241698
   0.000001620770824
   0.000001447637807
   0.000001290882086
   0.000001148466637
   0.000001018088528
   0.000000901920537
   0.000000795740248
   0.000000701788860
   0.000000618674277
   0.000000544281368
   0.000000477792355
   0.000000418739995
   0.000000365994089
   0.000000319081871
   0.000000277654349
   0.000000240841842
   0.000000208454745
   0.000000179894132
   0.000000154891543
   0.000000132843038
   0.000000113840625
   0.000000096917580
   0.000000082711276
   0.000000069858464
   0.000000059331195
   0.000000050484564
   0.000000042673898
   0.000000036156035
   0.000000030349501
   0.000000025299894
   0.000000021021453
   0.000000017388926
   0.000000014343822
   0.000000011765931
   0.000000009633874
   0.000000007830796
   0.000000006370610
   0.000000005136752
   0.000000004173800
   0.000000003356539
   0.000000002718327
   0.000000002171048
   0.000000001741375
   0.000000001380842
   0.000000001096541
   0.000000000862725
   0.000000000677861
   0.000000000528433
   0.000000000410575
   0.000000000316779
   0.000000000243264
   0.000000000185604
   0.000000000140825
   0.000000000106140
   0.000000000079502
   0.000000000059120
   0.000000000043670
   0.000000000031995
   0.000000000023278
   0.000000000016771
   0.000000000012001
   0.000000000008480
   0.000000000005958
   0.000000000004115
   0.000000000002841
   0.000000000001907
   0.000000000001296
   0.000000000000835
   0.000000000000564
   0.000000000000341
   0.000000000000237
   0.000000000000126
   0.000000000000095
   0.000000000000035
   0.000000000000025
   0.000003720089714
   0.000014476591685
   0.000010822414900
   0.000006015004781
   0.000022915115057
   0.000023452676191
   0.000020656119759
   0.000013029722744
   0.000022668469210
   0.000021919074100
   0.000020268935108
   0.000019690571609
   0.000032860043424
   0.000025982150464
   0.000032268367902
   0.000035526831478
   0.000033043848739
   0.000032596478433
   0.000043274804165
   0.000037011664239
   0.000033555730606
   0.000041813938558
   0.000048564018279
   0.000042137915993
   0.000046896140775
   0.000046133712115
   0.000051915877190
   0.000054926673784
   0.000049897022526
   0.000049345849566
   0.000052722135324
   0.000051488188225
   0.000049142104229
   0.000050799257187
   0.000050653731405
   0.000051956160158
   0.000051941496776
   0.000049920379540
   0.000048976815006
   0.000046861677647
   0.000043030441161
   0.000048123561738
   0.000045500007042
   0.000040700345127
   0.000038249081772
   0.000035420954744
   0.000034986369927
   0.000032847109270
   0.000031468467063
   0.000029122718211
   0.000022826389162
   0.000031153083551
   0.000011212959625
   0.000027794267912
   0.000027323073747
   0.000025409735560
   0.000024085187190
   0.000023949811762
   0.000022944328076
   0.000022556251653
   0.000021134924910
   0.000017589790174
   0.000018040764509
   0.000018264420808
   0.000017411417762
   0.000016671333590
   0.000016350716627
   0.000015642632206
   0.000014653598563
   0.000013757270825
   0.000013458813961
   0.000013012676832
   0.000012650244918
   0.000012513330532
   0.000012305953296
   0.000012595198657
   0.000012391225646
   0.000011774138540
   0.000012025876655
   0.000012131231112
   0.000012221767433
   0.000012166172654
   0.000012084682698
   0.000012036361107
   0.000012073229532
   0.000012102319252
   0.000012119615445
   0.000012085613889
   0.000012264751112
   0.000012444497231
   0.000012464293589
   0.000012483146826
   0.000012438922562
   0.000012505420834
   0.000012577910531
   0.000012658650533
   0.000012728450905
   0.000012840979197
   0.000012904955501
   0.000012985794354
   0.000013108713551
   0.000013212682834
   0.000013291829881
   0.000013380765818
   0.000013484301265
   0.000013545143949
   0.000013654627316
   0.000013761169522
   0.000013868418474
   0.000014013660656
   0.000014298412744
   0.000014401739099
   0.000014530795036
   0.000014647511669
   0.000014651026771
   0.000014733261059
   0.000014887858009
   0.000015028146679
   0.000015249725458
   0.000015487125503
   0.000015618107446
   0.000015750113492
   0.000016000920846
   0.000016182563328
   0.000016267635596
   0.000016446104566
   0.000016657026192
   0.000016734224644
   0.000016850866022
   0.000016935936679
   0.000016986467236
   0.000017135245201
   0.000017294496184
   0.000017307128301
   0.000017461824170
   0.000017772551838
   0.000017745344924
   0.000017884624761
   0.000018446315446
   0.000018386088501
   0.000018466918591
   0.000019370921315
   0.000019280927629
   0.000019279994323
   0.000020549519390
   0.000020465360685
   0.000020410158334
   0.000022164269008
   0.000022034131982
   0.000021971475492
   0.000024031117087
   0.000023860822027
   0.000023497655394
   0.000025190502081
   0.000024880837888
   0.000024401642502
   0.000023979927891
   0.000023442803205
   0.000022871084296
   0.000022399322655
   0.000021915942025
   0.000021411704568
   0.000020902553004
   0.000020386048544
   0.000019844744961
   0.000019301498411
   0.000018764080418
   0.000018210673036
   0.000017670837758
   0.000017131550125
   0.000016594138865
   0.000016072633719
   0.000015552018709
   0.000015034923372
   0.000014533537033
   0.000014030903995
   0.000013526846550
   0.000013032145293
   0.000012547893077
   0.000012082141325
   0.000011627117780
   0.000011178710724
   0.000010750400325
   0.000010343578584
   0.000009952130079
   0.000009588081294
   0.000009243043686
   0.000008914188351
   0.000008645025732
   0.000008382105130
   0.000008147461372
   0.000008029003698
   0.000007841420221
   0.000007779986911
   0.000007916429319
   0.000007699558673
   0.000008133490520
   0.000008510921318
   0.000007995990107
   0.000010121709302
   0.000009498101698
   0.000008897289784
   0.000008285663001
   0.000007736747802
   0.000007225017759
   0.000006785608076
   0.000006285811987
   0.000005838024271
   0.000005423136833
   0.000005050255949
   0.000004660867021
   0.000004305442329
   0.000003981705007
   0.000003676303306
   0.000003374507582
   0.000003099401369
   0.000002846623808
   0.000002605494028
   0.000002377880084
   0.000002170277342
   0.000001977135657
   0.000001795406544
   0.000001628222140
   0.000001474848541
   0.000001331881081
   0.000001200404014
   0.000001080186856
   0.000000969244913
   0.000000868129578
   0.000000774512613
   0.000000691803776
   0.000000612322743
   0.000000545801436
   0.000000486329561
   0.000000431450362
   0.000000382180316
   0.000000338225295
   0.000000298107382
   0.000000262328925
   0.000000230491616
   0.000000201747112
   0.000000176317506
   0.000000153705897
   0.000000133602899
   0.000000115840232
   0.000000100234963
   0.000000086391024
   0.000000074378884
   0.000000063774078
   0.000000054581599
   0.000000046600987
   0.000000039629540
   0.000000033641285
   0.000000028435321
   0.000000023963039
   0.000000020123886
   0.000000016831814
   0.000000014034588
   0.000000011641211
   0.000000009632483
   0.000000007910921
   0.000000006497500
   0.000000005268239
   0.000000004328050
   0.000000003504025
   0.000000002884174
   0.000000002321035
   0.000000001891093
   0.000000001512724
   0.000000001219174
   0.000000000968822
   0.000000000772136
   0.000000000608913
   0.000000000479847
   0.000000000375065
   0.000000000292214
   0.000000000226096
   0.000000000174095
   0.000000000133179
   0.000000000101289
   0.000000000076516
   0.000000000057427
   0.000000000042785
   0.000000000031653
   0.000000000023223
   0.000000000016913
   0.000000000012196
   0.000000000008730
   0.000000000006170
   0.000000000004336
   0.000000000002991
   0.000000000002064
   0.000000000001379
   0.000000000000939
   0.000000000000594
   0.000000000000409
   0.000000000000228
   0.000000000000185
   0.000000000000074
   0.000000000000090
