   R	                   W	                   T	                   K	                   L	                   E	                   U	
   0.057688258463640	   1.200363390425356	   0.010446298367941	   5.036197604700030	   0.877810214404596	   0.074337548852433	   0.052458167206997	
   0.057612203227976	   1.200799957102127	   0.012975715948405	   5.034031237198160	   0.876546785221019	   0.074182973379530	   0.053840620822344	
   0.057613203316297	   1.200794213608146	   0.013597889549103	   5.030242426576422	   0.875898698888990	   0.074103381914892	   0.054510230784887	
   0.057654272625414	   1.200558418943702	   0.013758236672503	   5.026445062715505	   0.875715061202759	   0.074028304978058	   0.054736696049600	
   0.057703109036881	   1.200278197699822	   0.013805362468003	   5.023148787702996	   0.875708434323625	   0.073952742424600	   0.054802479027597	
   0.057748591228081	   1.200017386160459	   0.013821740391211	   5.020385239942140	   0.875755147811440	   0.073876274240927	   0.054822139487295	
   0.057789017346964	   1.199785700091865	   0.013827994612637	   5.018054273648545	   0.875818157364890	   0.073799425766940	   0.054828749638703	
   0.057824863969873	   1.199580363471984	   0.013830290306361	   5.016063360202572	   0.875887010777919	   0.073722873262540	   0.054831039263197	
   0.057843571288322	   1.199473242972332	   0.013830878498805	   5.015225980349382	   0.875958055408417	   0.073641875637569	   0.054836930690686	
   0.057868756494367	   1.199329071215734	   0.013830824424784	   5.013948241214232	   0.876027340370732	   0.073565118683402	   0.054840423600289	
   0.057894817128571	   1.199179938767524	   0.013830522126427	   5.012607357418386	   0.876095639966203	   0.073491002756748	   0.054842963288747	
   0.057919396455068	   1.199039330322257	   0.013830136101511	   5.011361258441828	   0.876163189810611	   0.073418918391608	   0.054845109662302	
   0.057941775017012	   1.198911351388670	   0.013829739895390	   5.010257089530051	   0.876229906303276	   0.073348690583702	   0.054847078629477	
   0.057962020515957	   1.198795603740967	   0.013829367066659	   5.009288923277349	   0.876295569130030	   0.073280353036786	   0.054848919472702	
   0.057980448108712	   1.198690276414998	   0.013829032347532	   5.008434203555112	   0.876359915606044	   0.073214009616070	   0.054850626269079	
   0.057997343533807	   1.198593729146566	   0.013828740462219	   5.007672316332544	   0.876422673839219	   0.073149769273641	   0.054852194220819	
   0.058012991866089	   1.198504327534759	   0.013828490495339	   5.006982863143827	   0.876483595966941	   0.073087747007768	   0.054853608042132	
   0.058027623642125	   1.198420750438899	   0.013828279681403	   5.006349529902190	   0.876542511395858	   0.073028012908461	   0.054854864879676	
   0.058041422239507	   1.198341947313080	   0.013828101680766	   5.005759662909188	   0.876599339762116	   0.072970583074899	   0.054855951475483	
   0.058054540801644	   1.198267041181693	   0.013827951656681	   5.005202869926319	   0.876654043463532	   0.072915450267258	   0.054856863634874	
   0.058067084102443	   1.198195431916970	   0.013827825534671	   5.004672184995040	   0.876706622010619	   0.072862575430113	   0.054857610742270	
   0.058079165667918	   1.198126469920475	   0.013827719373506	   5.004160256879171	   0.876757107737100	   0.072811909993345	   0.054858189786895	
   0.058090863412252	   1.198059709293231	   0.013827629785273	   5.003662233910064	   0.876805556669058	   0.072763384808044	   0.054858605605669	
   0.058102234492275	   1.197994822887591	   0.013827553797470	   5.003174697816764	   0.876852034503468	   0.072716925602261	   0.054858862910226	
   0.058113331101882	   1.197931512093497	   0.013827488936350	   5.002694631327447	   0.876896619143135	   0.072672449674605	   0.054858966445153	
   0.058124194556923	   1.197869540545918	   0.013827433182777	   5.002219743017484	   0.876939389120541	   0.072629876429679	   0.054858921020659	
   0.058134860747400	   1.197808702975165	   0.013827384890226	   5.001748105326417	   0.876980423506098	   0.072589125433563	   0.054858731266916	
   0.058145357632312	   1.197748839464489	   0.013827342668349	   5.001278313213914	   0.877019800741632	   0.072550118551878	   0.054858402097063	
   0.058155708466210	   1.197689817016982	   0.013827305465237	   5.000809256349473	   0.877057596198394	   0.072512779937027	   0.054857938172152	
   0.058165932055705	   1.197631528071732	   0.013827272328356	   5.000340111138295	   0.877093883803905	   0.072477036292188	   0.054857344290239	
   0.058176046019737	   1.197573871900051	   0.013827242594583	   4.999870090548304	   0.877128730011380	   0.072442821343529	   0.054856624382274	
   0.058186062242976	   1.197516780512668	   0.013827215670960	   4.999398789307830	   0.877162201648699	   0.072410068519398	   0.054855782737660	
   0.058195989705320	   1.197460202512280	   0.013827191106573	   4.998925960101355	   0.877194359517233	   0.072378714289850	   0.054854825820085	
   0.058205841038921	   1.197404065719801	   0.013827168559582	   4.998451086820829	   0.877225259556226	   0.072348704823952	   0.054853755714019	
   0.058215623034011	   1.197348331278271	   0.013827147781238	   4.997974013867910	   0.877254953173099	   0.072319985605363	   0.054852577013128	
   0.058225341568481	   1.197292965549190	   0.013827128528968	   4.997494658216232	   0.877283493910289	   0.072292502509976	   0.054851294285554	
   0.058234963651772	   1.197238156300389	   0.013827120185146	   4.997013881162750	   0.877310650449250	   0.072266367206376	   0.054849921191913	
   0.058244530567149	   1.197183668207941	   0.013827110926743	   4.996530596206201	   0.877336710691791	   0.072241410175036	   0.054848457733150	
   0.058254045996170	   1.197129480187001	   0.013827097287868	   4.996045228565698	   0.877361791919791	   0.072217546662217	   0.054846895634744	
   0.058263508644265	   1.197075599496439	   0.013827083409602	   4.995558057712809	   0.877385928164353	   0.072194726670097	   0.054845245371718	
   0.058272919618203	   1.197022019721346	   0.013827069257707	   4.995069187135805	   0.877409150408716	   0.072172912747347	   0.054843508723145	
   0.058282278953015	   1.196968740551216	   0.013827055459002	   4.994578746414007	   0.877431481805475	   0.072152072139071	   0.054841693040778	
   0.058291550725056	   1.196915966337751	   0.013827086196682	   4.994073527191864	   0.877450185300360	   0.072134927983435	   0.054839806178321	
   0.058300767854022	   1.196863509554370	   0.013827074636181	   4.993570944387461	   0.877468701776318	   0.072118065295375	   0.054837809025748	
   0.058309924293238	   1.196811404492974	   0.013827054322444	   4.993070900847198	   0.877486944361153	   0.072101537790053	   0.054835741697048	
   0.058319015561460	   1.196759676523101	   0.013827035253762	   4.992572911043925	   0.877504776067985	   0.072085469898721	   0.054833622548280	
   0.058328038410348	   1.196708343989230	   0.013827019197525	   4.992076652155931	   0.877522102766599	   0.072069957049906	   0.054831456711982	
   0.058336991150870	   1.196657416358501	   0.013827005958161	   4.991581914032618	   0.877538868182852	   0.072055059069598	   0.054829246603977	
   0.058345872913573	   1.196606898433334	   0.013826995009014	   4.991088582627563	   0.877555042422086	   0.072040804109230	   0.054826995168569	
   0.058354683529731	   1.196556791030064	   0.013826985921723	   4.990596602177817	   0.877570613949190	   0.072027200323849	   0.054824704768723	
   0.058363423887525	   1.196507088956032	   0.013826978382854	   4.990105916260533	   0.877585583352534	   0.072014242373769	   0.054822378848193	
   0.058372092734195	   1.196457799194445	   0.013826972265153	   4.989616646161912	   0.877599957668427	   0.072001916987756	   0.054820020539652	
   0.058380690819181	   1.196408917344191	   0.013826967368536	   4.989128829308567	   0.877613752387021	   0.071990202754204	   0.054817632936463	
   0.058389215380232	   1.196360458968557	   0.013826963674948	   4.988642726708601	   0.877626981656941	   0.071979073537938	   0.054815225683939	
   0.058397629927846	   1.196312631317488	   0.013826961293370	   4.988160804930134	   0.877639657072651	   0.071968468170168	   0.054812850327358	
   0.058406001444101	   1.196265053523611	   0.013826960484989	   4.987678598599636	   0.877651769109745	   0.071958466731113	   0.054810435830756	
   0.058414303929837	   1.196217873241460	   0.013826960298208	   4.987198142288936	   0.877663374791404	   0.071949002897291	   0.054807992060727	
   0.058422534485486	   1.196171106815766	   0.013826960850559	   4.986719768757466	   0.877674499342734	   0.071940046495920	   0.054805525254816	
   0.058430693889304	   1.196124749691091	   0.013826962247655	   4.986243522401492	   0.877685159850595	   0.071931577281139	   0.054803038779011	
   0.058438790636774	   1.196078753477206	   0.013826964136208	   4.985768948776208	   0.877695374943442	   0.071923578591252	   0.054800531573993	
   0.058446840500814	   1.196033028470265	   0.013826964801295	   4.985295100059852	   0.877705160589357	   0.071916047241872	   0.054797993445842	
   0.058453082419964	   1.195997576396222	   0.013827825568325	   4.984625205048157	   0.877659482352039	   0.071940459256040	   0.054795403292027	
   0.058459587597838	   1.195960632082616	   0.013828212819913	   4.983916172681032	   0.877609941836730	   0.071969482349075	   0.054792412168990	
   0.058466940767687	   1.195918875711880	   0.013828063177305	   4.983283469677658	   0.877583639644805	   0.071986848993389	   0.054789270260848	
   0.058474395512438	   1.195876546667974	   0.013827896297636	   4.982712194801400	   0.877569313360328	   0.071997512003934	   0.054786244609774	
   0.058481700064803	   1.195835074474445	   0.013827771530740	   4.982190215834142	   0.877561915165353	   0.072003942907031	   0.054783360356851	
   0.058488769723722	   1.195794939712870	   0.013827686362663	   4.981706231754019	   0.877558476989699	   0.072007797604794	   0.054780593912326	
   0.058495592118410	   1.195756212229405	   0.013827630421344	   4.981250966626706	   0.877557223911154	   0.072010175947164	   0.054777917043386	
   0.058502181313126	   1.195718811818806	   0.013827594517547	   4.980817607503070	   0.877557120183465	   0.072011776906600	   0.054775307618546	
   0.058508558067168	   1.195682620320159	   0.013827572005809	   4.980401427327391	   0.877557574538782	   0.072013029335561	   0.054772750566767	
   0.058514740874685	   1.195647532477530	   0.013827558652808	   4.979999257291801	   0.877558243709259	   0.072014191802159	   0.054770237599574	
   0.058520742912091	   1.195613473253273	   0.013827551433466	   4.979609160501090	   0.877558939744663	   0.072015405976929	   0.054767765770849	
   0.058526574048287	   1.195580386407821	   0.013827548558462	   4.979229862899060	   0.877559553086692	   0.072016750790518	   0.054765334951215	
   0.058532241737583	   1.195548229424994	   0.013827548824882	   4.978860562343209	   0.877560029310157	   0.072018259976252	   0.054762946802125	
   0.058537750412822	   1.195516976948615	   0.013827551559542	   4.978500786126313	   0.877560337030348	   0.072019946557847	   0.054760604429167	
   0.058543106096424	   1.195486594618406	   0.013827556302036	   4.978150066271256	   0.877560464032535	   0.072021810704444	   0.054758310014928	
   0.058548313083094	   1.195457057889327	   0.013827562747826	   4.977808092014183	   0.877560405782210	   0.072023847359707	   0.054756064477553	
   0.058553375493084	   1.195428343217616	   0.013827570570502	   4.977474593991092	   0.877560162987578	   0.072026048140575	   0.054753868005773	
   0.058558297733174	   1.195400425445533	   0.013827579558175	   4.977149314489177	   0.877559741690531	   0.072028402612118	   0.054751720229010	
   0.058563083115715	   1.195373285633122	   0.013827589559638	   4.976832068437202	   0.877559148050928	   0.072030900051147	   0.054749621065555	
   0.058567733331152	   1.195346914047014	   0.013827600407010	   4.976522786844424	   0.877558389914934	   0.072033529937789	   0.054747570147170	
   0.058572251151283	   1.195321294828544	   0.013827612012894	   4.976221322569442	   0.877557473833346	   0.072036283103296	   0.054745566988149	
   0.058576638625337	   1.195296416223964	   0.013827624217252	   4.975927595052931	   0.877556409721178	   0.072039148653067	   0.054743611354577	
   0.058580898616668	   1.195272261869993	   0.013827636961092	   4.975641452408957	   0.877555204309259	   0.072042118824491	   0.054741702325427	
   0.058585030976268	   1.195248832489648	   0.013827650126004	   4.975362947666812	   0.877553865617795	   0.072045184100300	   0.054739840226827	
   0.058589039793826	   1.195226104778940	   0.013827663666317	   4.975091845578887	   0.877552399819373	   0.072048338389966	   0.054738023556362	
   0.058592926170962	   1.195204072381765	   0.013827677487048	   4.974828123088958	   0.877550815942607	   0.072051572945221	   0.054736252049614	
   0.058596691993022	   1.195182724503872	   0.013827691541922	   4.974571692431381	   0.877549120649444	   0.072054880724695	   0.054734525470747	
   0.058600340593688	   1.195162042146710	   0.013827705782017	   4.974322371771374	   0.877547320735019	   0.072058255078027	   0.054732843084878	
   0.058603872145509	   1.195142024236273	   0.013827720170035	   4.974080182352496	   0.877545422256366	   0.072061689470861	   0.054731204709521	
   0.058607288980508	   1.195122657462268	   0.013827734669133	   4.973845002188801	   0.877543430955483	   0.072065177842443	   0.054729610164345	
   0.058610593502820	   1.195103928110834	   0.013827749241723	   4.973616708898698	   0.877541353322832	   0.072068714807396	   0.054728058572599	
   0.058613788235641	   1.195085821798970	   0.013827763847342	   4.973395172378713	   0.877539195845350	   0.072072293846097	   0.054726549718105	
   0.058616873944946	   1.195068334106991	   0.013827778474295	   4.973180369081755	   0.877536963485039	   0.072075910023345	   0.054725083131287	
   0.058619852924971	   1.195051451958088	   0.013827793094218	   4.972972181808882	   0.877534662333297	   0.072079558053525	   0.054723658186155	
   0.058622727232725	   1.195035163624459	   0.013827807684689	   4.972770503840842	   0.877532297574165	   0.072083232813748	   0.054722274459298	
   0.058625498010965	   1.195019462563222	   0.013827822224372	   4.972575286062357	   0.877529873976873	   0.072086929637005	   0.054720931430714	
   0.058628167947786	   1.195004333478332	   0.013827836687673	   4.972386382056364	   0.877527396990138	   0.072090643999723	   0.054719628501904	
   0.058630738473472	   1.194989768205005	   0.013827851060597	   4.972203724919740	   0.877524871544459	   0.072094371246865	   0.054718365118730	
   0.058633212313940	   1.194975751241491	   0.013827865337101	   4.972027159881260	   0.877522302024405	   0.072098107696488	   0.054717140773877	
   0.058635590803833	   1.194962274971821	   0.013827879492699	   4.971856624054580	   0.877519692942137	   0.072101848934323	   0.054715955053643	
   0.058637875316850	   1.194949331562906	   0.013827893518933	   4.971692048001525	   0.877517048092131	   0.072105591475432	   0.054714807241954	
   0.058640068186849	   1.194936907744094	   0.013827907378935	   4.971533303455999	   0.877514371974786	   0.072109331504623	   0.054713696830921	
   0.058642171396339	   1.194924992238816	   0.013827921090011	   4.971380281493020	   0.877511668432428	   0.072113065446331	   0.054712623299837	
   0.058644186773687	   1.194913574646775	   0.013827934647825	   4.971232886911977	   0.877508941938686	   0.072116789364833	   0.054711586007720	
   0.058646115559169	   1.194902647901269	   0.013827948024069	   4.971091056719279	   0.877506195849552	   0.072120500680755	   0.054710584359682	
   0.058647959646895	   1.194892201236527	   0.013827961238773	   4.970954682503120	   0.877503433044377	   0.072124196575363	   0.054709617872855	
   0.058649721862293	   1.194882218611862	   0.013827974263304	   4.970823600460372	   0.877500657383245	   0.072127873970023	   0.054708685771095	
   0.058651403334269	   1.194872693599846	   0.013827987108614	   4.970697752984033	   0.877497871858544	   0.072131530047410	   0.054707787581117	
   0.058653005518493	   1.194863617924494	   0.013827999769729	   4.970577063304138	   0.877495079848518	   0.072135162037565	   0.054706922901045	
   0.058654531352555	   1.194854974917839	   0.013828012217038	   4.970461357308592	   0.877492284662755	   0.072138767462197	   0.054706090769681	
   0.058655982566357	   1.194846754754823	   0.013828024464817	   4.970350537505426	   0.877489489175098	   0.072142344219701	   0.054705290454676	
   0.058657359831353	   1.194838953608016	   0.013828036526839	   4.970244572321378	   0.877486695659108	   0.072145889919886	   0.054704521498998	
   0.058658666439495	   1.194831552808684	   0.013828048385784	   4.970143259493010	   0.877483906527274	   0.072149403104006	   0.054703783075037	
   0.058659903701225	   1.194824544914116	   0.013828060027354	   4.970046531583812	   0.877481125091216	   0.072152880938643	   0.054703074838941	
   0.058661072887838	   1.194817922704512	   0.013828071440922	   4.969954314898248	   0.877478353101109	   0.072156322148161	   0.054702396009506	
   0.058662165207835	   1.194811735955513	   0.013828082728704	   4.969867197541604	   0.877475592880635	   0.072159698453754	   0.054701773376353	
   0.058663202989007	   1.194805858188609	   0.013828093895663	   4.969783691264485	   0.877472839713961	   0.072163060633315	   0.054701169644452	
   0.058664179379270	   1.194800328200666	   0.013828104731811	   4.969704293264697	   0.877470102264038	   0.072166384351104	   0.054700586914952	
   0.058665095449933	   1.194795139909649	   0.013828115273089	   4.969628958706445	   0.877467385047673	   0.072169664226551	   0.054700026683456	
   0.058665952847410	   1.194790283979462	   0.013828125567362	   4.969557588963026	   0.877464689718881	   0.072172898745510	   0.054699490101000	
   0.058666752985684	   1.194785752390429	   0.013828135657793	   4.969490094902289	   0.877462016922002	   0.072176087558582	   0.054698977497232	
   0.058667497384287	   1.194781536526423	   0.013828145537656	   4.969426386545139	   0.877459368366686	   0.072179229298780	   0.054698489013924	
   0.058668184831915	   1.194777643238266	   0.013828155215220	   4.969366549848309	   0.877456745273318	   0.072182320163697	   0.054698027637668	
   0.058668821707427	   1.194774036391505	   0.013828164700904	   4.969310164018832	   0.877454147073991	   0.072185364740682	   0.054697589042149	
   0.058669408179338	   1.194770715025214	   0.013828173979781	   4.969257233363522	   0.877451576504108	   0.072188360395045	   0.054697173035477	
   0.058669946512092	   1.194767666307745	   0.013828183045701	   4.969207616565842	   0.877449034802647	   0.072191306498482	   0.054696779118944	
   0.058670437667697	   1.194764884783768	   0.013828191878176	   4.969161259741668	   0.877446523598260	   0.072194201568944	   0.054696406919493	
   0.058670882555720	   1.194762365300405	   0.013828200499358	   4.969118109875888	   0.877444044050202	   0.072197045037174	   0.054696055929644	
   0.058671282916868	   1.194760097994322	   0.013828208910468	   4.969078058373063	   0.877441597116087	   0.072199836587144	   0.054695725683982	
   0.058671640947771	   1.194758070421297	   0.013828217109191	   4.969040966053770	   0.877439183616400	   0.072202575764378	   0.054695415490052	
   0.058671957941220	   1.194756275256696	   0.013828225092428	   4.969006750867291	   0.877436804013871	   0.072205262250131	   0.054695124961102	
   0.058672235061215	   1.194754705905666	   0.013828232877693	   4.968975341885772	   0.877434459245681	   0.072207895697751	   0.054694853654491	
   0.058672474258193	   1.194753351320341	   0.013828240474428	   4.968946611835863	   0.877432149382546	   0.072210476541409	   0.054694600966155	
   0.058672676855676	   1.194752204003532	   0.013828247849716	   4.968920482692013	   0.877429875947212	   0.072213003906629	   0.054694366182514	
   0.058672843962179	   1.194751257676084	   0.013828255007584	   4.968896884268806	   0.877427639361250	   0.072215477783326	   0.054694148738580	
   0.058672977002723	   1.194750504266417	   0.013828261970359	   4.968875727366916	   0.877425440343201	   0.072217898113080	   0.054693948218218	
   0.058673077646556	   1.194749934320458	   0.013828268731540	   4.968856904502427	   0.877423279206414	   0.072220264866734	   0.054693764018283	
   0.058673146400383	   1.194749544967290	   0.013828275295394	   4.968840384161390	   0.877421156246992	   0.072222578262936	   0.054693595715496	
   0.058673185261913	   1.194749324895570	   0.013828281649609	   4.968826041309269	   0.877419072461228	   0.072224838120843	   0.054693442531886	
   0.058673195273265	   1.194749268203472	   0.013828287814341	   4.968813808039146	   0.877417027900700	   0.072227044410308	   0.054693304131053	
   0.058673178075386	   1.194749365597250	   0.013828293782868	   4.968803578038140	   0.877415022754719	   0.072229197879431	   0.054693179863814	
   0.058673134689974	   1.194749611291049	   0.013828299576698	   4.968795283067267	   0.877413056778356	   0.072231298569424	   0.054693069432988	
   0.058673065667305	   1.194750002168865	   0.013828305167932	   4.968788889164703	   0.877411130332661	   0.072233346865196	   0.054692972268972	
   0.058672972899442	   1.194750527516302	   0.013828310582516	   4.968784276614234	   0.877409244135915	   0.072235342657334	   0.054692887948079	
   0.058672857519518	   1.194751180916915	   0.013828315822173	   4.968781371351013	   0.877407398199650	   0.072237286282090	   0.054692815965895	
   0.058672720447168	   1.194751957163451	   0.013828320896864	   4.968780109678238	   0.877405591899217	   0.072239178567379	   0.054692755826525	
   0.058672562635947	   1.194752850856475	   0.013828325787467	   4.968780433231578	   0.877403825943523	   0.072241019661890	   0.054692707053575	
   0.058672385134325	   1.194753856059106	   0.013828330506049	   4.968782271157377	   0.877402099932201	   0.072242809949678	   0.054692669177529	
   0.058672189185108	   1.194754965734277	   0.013828335062590	   4.968785540250940	   0.877400413527701	   0.072244550209852	   0.054692641841330	
   0.058671975571672	   1.194756175446369	   0.013828339445163	   4.968790187165318	   0.877398766358243	   0.072246241299941	   0.054692624622553	
   0.058671744943094	   1.194757481520395	   0.013828343657813	   4.968796171817732	   0.877397158842402	   0.072247883213089	   0.054692617127193	
   0.058671498788159	   1.194758875526070	   0.013828347719007	   4.968803395244853	   0.877395590701797	   0.072249476495592	   0.054692618916261	
   0.058671238030142	   1.194760352235623	   0.013828351615750	   4.968811798826536	   0.877394062248883	   0.072251021487462	   0.054692629510116	
   0.058670963393497	   1.194761907547179	   0.013828355353315	   4.968821333996260	   0.877392573274647	   0.072252518774038	   0.054692648473468	
   0.058670675900525	   1.194763535672126	   0.013828358956082	   4.968831930366498	   0.877391123157562	   0.072253969234957	   0.054692675463603	
   0.058670376282322	   1.194765232470931	   0.013828362413220	   4.968843536890743	   0.877389711327337	   0.072255373705043	   0.054692710076853	
   0.058670065063576	   1.194766994972861	   0.013828365718944	   4.968856120386548	   0.877388337983943	   0.072256732231782	   0.054692751958974	
   0.058669743464992	   1.194768816265821	   0.013828368886949	   4.968869597712493	   0.877387002545226	   0.072258045950589	   0.054692800841551	
   0.058669412101118	   1.194770692870095	   0.013828371912374	   4.968883926151243	   0.877385704565714	   0.072259315602650	   0.054692856219457	
   0.058669071934012	   1.194772619337890	   0.013828374803459	   4.968899041972318	   0.877384443904124	   0.072260541822334	   0.054692917696218	
   0.058668723220654	   1.194774594214552	   0.013828377569800	   4.968914926079293	   0.877383220154819	   0.072261725035935	   0.054692985146798	
   0.058668366977269	   1.194776611745537	   0.013828380201905	   4.968931511058098	   0.877382033151709	   0.072262865798880	   0.054693058198002	
   0.058668003944766	   1.194778667735337	   0.013828382711732	   4.968948744514586	   0.877380882200713	   0.072263965050743	   0.054693136518012	
   0.058667634466615	   1.194780760239329	   0.013828385111089	   4.968966601238233	   0.877379766816130	   0.072265023414836	   0.054693219930004	
   0.058667261013573	   1.194782875264035	   0.013828387383936	   4.968984918341233	   0.877378686781162	   0.072266043457051	   0.054693306074177	
   0.058666882910571	   1.194785016634682	   0.013828389525053	   4.969003745421352	   0.877377643048073	   0.072267023460036	   0.054693395899450	
   0.058666499806875	   1.194787186337768	   0.013828391551712	   4.969023099284231	   0.877376634531344	   0.072267963279356	   0.054693490611906	
   0.058666112955966	   1.194789377274292	   0.013828393490124	   4.969042890658709	   0.877375659948809	   0.072268864629896	   0.054693589742872	
   0.058665722501271	   1.194791588632172	   0.013828395325165	   4.969063105671853	   0.877374718506772	   0.072269728834593	   0.054693692867156	
   0.058665328943142	   1.194793817577725	   0.013828397051302	   4.969083712823108	   0.877373810422859	   0.072270556036071	   0.054693799569786	
   0.058664932785893	   1.194796061255402	   0.013828398669720	   4.969104676621543	   0.877372935254134	   0.072271346774360	   0.054693909618580	
   0.058664534985501	   1.194798314250963	   0.013828400190411	   4.969125934676724	   0.877372093028036	   0.072272101554770	   0.054694022725066	
   0.058664136620523	   1.194800570455913	   0.013828401618993	   4.969147413305909	   0.877371283194307	   0.072272821162527	   0.054694138515097	
   0.058663737877642	   1.194802828812936	   0.013828402969099	   4.969169100813480	   0.877370505844130	   0.072273505941436	   0.054694256706377	
   0.058663338964756	   1.194805088144633	   0.013828404224927	   4.969190982972182	   0.877369760866536	   0.072274156251991	   0.054694377108088	
   0.058662940598254	   1.194807344393610	   0.013828405411116	   4.969213009098214	   0.877369047588325	   0.072274772919227	   0.054694499590554	
   0.058662543129052	   1.194809595572236	   0.013828406504025	   4.969235159350487	   0.877368366560279	   0.072275355829160	   0.054694623935189	
   0.058662146980243	   1.194811839284111	   0.013828407537493	   4.969257404596447	   0.877367717526441	   0.072275905152246	   0.054694750060745	
   0.058661752408003	   1.194814074078242	   0.013828408522565	   4.969279727955509	   0.877367100465611	   0.072276421452942	   0.054694877583980	
   0.058661366403248	   1.194816260359202	   0.013828409385523	   4.969301676650955	   0.877366516200805	   0.072276919299793	   0.054694990881482	
   0.058660982789956	   1.194818433105268	   0.013828410119866	   4.969323680726705	   0.877365969314005	   0.072277379014801	   0.054695099556014	
   0.058660597949892	   1.194820612810981	   0.013828410834523	   4.969345975449488	   0.877365459537446	   0.072277791599823	   0.054695217159214	
   0.058660216664479	   1.194822772394344	   0.013828411613446	   4.969368226007596	   0.877364982998381	   0.072278168447331	   0.054695341181728	
   0.058659840379059	   1.194824903667668	   0.013828412414848	   4.969390337772990	   0.877364539686555	   0.072278510878550	   0.054695469588001	
   0.058659469819185	   1.194827002522483	   0.013828413215850	   4.969412272974059	   0.877364131318893	   0.072278817396623	   0.054695600994101	
   0.058659106334302	   1.194829061314535	   0.013828414008475	   4.969433956351415	   0.877363760199677	   0.072279086225063	   0.054695734463433	
   0.058658751277839	   1.194831072377148	   0.013828414827484	   4.969455308694493	   0.877363427981911	   0.072279315466831	   0.054695869378957	
   0.058658406002250	   1.194833028049110	   0.013828415714571	   4.969476254448708	   0.877363136953188	   0.072279502667642	   0.054696005424758	
   0.058658071739959	   1.194834921348975	   0.013828416707696	   4.969496725844739	   0.877362889389225	   0.072279645036826	   0.054696142339683	
   0.058657749865355	   1.194836744491237	   0.013828417851485	   4.969516649633352	   0.877362688238345	   0.072279738281705	   0.054696280112463	
   0.058657442863835	   1.194838483396901	   0.013828419248387	   4.969535882014468	   0.877362536830698	   0.072279777545464	   0.054696418653788	
   0.058657154050657	   1.194840119285351	   0.013828420984364	   4.969554223977442	   0.877362438340150	   0.072279757999787	   0.054696557403603	
   0.058656887719485	   1.194841627838606	   0.013828423093302	   4.969571419170717	   0.877362397107106	   0.072279673939104	   0.054696695394368	
   0.058656649649477	   1.194842976319131	   0.013828425586001	   4.969587112730146	   0.877362417259424	   0.072279523582394	   0.054696830206346	
   0.058656447438270	   1.194844121691993	   0.013828428298012	   4.969600833107351	   0.877362503325283	   0.072279307741180	   0.054696956609400	
   0.058656296146529	   1.194844978643909	   0.013828430717532	   4.969611624677919	   0.877362660612726	   0.072279035120049	   0.054697063110861	
   0.058656226250086	   1.194845374551235	   0.013828430108745	   4.969617518439049	   0.877362893603197	   0.072278734511730	   0.054697121699197	
   0.058656314387242	   1.194844875313085	   0.013828415861142	   4.969613374229310	   0.877363180260279	   0.072278507896900	   0.054697064034052	
   0.058646812876920	   1.194898697133556	   0.013829000505719	   4.970246215459379	   0.877365121270160	   0.072272941200313	   0.054700934356242	
