 -64.949725336779110
 -54.024991710573410
 -50.671677057249347
 -48.723929720020529
 -47.452945640934701
 -46.279980763817932
 -45.285022819266182
 -44.394941921307826
 -43.656867782955985
 -43.005216093331960
 -42.389477285520371
 -41.780486334731748
 -41.223801277295507
 -40.692132682539182
 -40.188265393015300
 -39.718076418830563
 -39.267571147440435
 -38.834909352285244
 -38.417447032496661
 -38.007464088128849
 -37.616664604738936
 -37.233388000548743
 -36.857647617279923
 -36.499108615955237
 -36.149391080129270
 -35.806580063951643
 -35.470265331221903
 -35.138987387276778
 -34.816928255325912
 -34.500094385490634
 -34.187634944681825
 -33.881716969753967
 -33.581168733732802
 -33.284903579661993
 -32.992911068061453
 -32.705509429893112
 -32.422156614314794
 -32.133904950266569
 -31.847154875745115
 -31.564099067994789
 -31.284301629308995
 -31.007628812104116
 -30.734088619969864
 -30.463206254650789
 -30.193831989365243
 -29.924757126333887
 -29.658130847709124
 -29.394013646310977
 -29.132074631047548
 -28.872284567587350
 -28.614576615874469
 -28.358437714082235
 -28.103828757166912
 -27.851148758933721
 -27.600396940201719
 -27.351647367452948
 -27.104515291600684
 -26.857337601024145
 -26.610204104879180
 -26.366085396461042
 -26.124844939785206
 -25.883984357064175
 -25.642579429682112
 -25.399417389525702
 -25.157452606634475
 -24.918322102130222
 -24.680759810376514
 -24.443524319445586
 -24.206533832652969
 -23.969562193201735
 -23.733111022919267
 -23.497518430514891
 -23.262674387809131
 -23.028613119456747
 -22.795070182177110
 -22.561868577226690
 -22.329406863418487
 -22.098100552841160
 -21.868055607668101
 -21.639137404254488
 -21.411151968015975
 -21.184248366377307
 -20.958622654844639
 -20.734229624807259
 -20.510981509263821
 -20.288881662186750
 -20.068030795406173
 -19.848537744643593
 -19.630526107096465
 -19.414028699024740
 -19.199024150992457
 -18.985556363803283
 -18.773733541615819
 -18.563617509817927
 -18.355200982636735
 -18.148478790704900
 -17.943509208443938
 -17.740367082551280
 -17.539148846473953
 -17.339898264144942
 -17.142629125047769
 -16.947386524978619
 -16.754130675110527
 -16.562832536313788
 -16.373492730522742
 -16.186136668149377
 -16.000746858448938
 -15.817308924905834
 -15.635851954554500
 -15.456394091462666
 -15.278923334401888
 -15.103426234479688
 -14.929894071188658
 -14.758327819355328
 -14.588715130980486
 -14.421039742883925
 -14.255287433223394
 -14.091450631563564
 -13.929515446196632
 -13.769465362059144
 -13.611287067904588
 -13.454969890673954
 -13.300498773698905
 -13.147857593062982
 -12.997031681521088
 -12.848006094076975
 -12.700764490404501
 -12.555289747806665
 -12.411565501336279
 -12.269575173331441
 -12.129301393601823
 -11.990727163498283
 -11.853835190574243
 -11.718606985610641
 -11.585018964502586
 -11.453039180178816
 -11.322650530490085
 -11.193838365960200
 -11.066579051304128
 -10.940857659389808
 -10.816677976926348
 -10.694023540373419
 -10.572881245489727
 -10.453243608191075
 -10.335098186347844
 -10.218433676805057
 -10.103236419033751
  -9.989493489456120
  -9.877177766441498
  -9.766267379817837
  -9.656748167417476
  -9.548598182756445
  -9.441797380182297
  -9.336329794649535
  -9.232174839032014
  -9.129310131028422
  -9.027717291714426
  -8.927376057184562
  -8.828268047902041
  -8.730369936712803
  -8.633665981801375
  -8.538141237974893
  -8.443773878316525
  -8.350550245315528
  -8.258451364609302
  -8.167459984344484
  -8.077563298993455
  -7.988743332567509
  -7.900985008436327
  -7.814274333430117
  -7.728595359968667
  -7.643933637438410
  -7.560275201324168
  -7.477605697773791
  -7.395911059575364
  -7.315177687655382
  -7.235391845793600
  -7.156539948685815
  -7.078608755210865
  -7.001585070449424
  -6.925455983210496
  -6.850208853303347
  -6.775831218374392
  -6.702310917689699
  -6.629636114060288
  -6.557795190846545
  -6.486776635471238
  -6.416569064988951
  -6.347161216005942
  -6.278541890190788
  -6.210700003195221
  -6.143624711050882
  -6.077305407185760
  -6.011731679789589
  -5.946893329217406
  -5.882780353530442
  -5.819382944447901
  -5.756691485243215
  -5.694696531750900
  -5.633388815929528
  -5.572759252091276
  -5.512798937746179
  -5.453499099674961
  -5.394851171458674
  -5.336846837454614
  -5.279477859210531
  -5.222736067020590
  -5.166613569877264
  -5.111102635450522
  -5.056195622395493
  -5.001885136221936
  -4.948163905525254
  -4.895024824500113
  -4.842460874126186
  -4.790465114755728
  -4.739030687993926
  -4.688150777504749
  -4.637818662962119
  -4.588027743058587
  -4.538771522671157
  -4.490043618160329
  -4.441837753101233
  -4.394147756738032
  -4.346967562584192
  -4.300291206561345
  -4.254112827454693
  -4.208426677263966
  -4.163227222878644
  -4.118508981522714
  -4.074266547838020
  -4.030494576411161
  -3.987187790539350
  -3.944340887703316
  -3.901948623796262
  -3.860005856255233
  -3.818507519013111
  -3.777448626682415
  -3.736824273260915
  -3.696629628230795
  -3.656859935616184
  -3.617510510821932
  -3.578576739082469
  -3.540054073520287
  -3.501938033373342
  -3.464224202516937
  -3.426908227763437
  -3.389985817524553
  -3.353452740353778
  -3.317304823554170
  -3.281537951931667
  -3.246148066758695
  -3.211131164144057
  -3.176483317112080
  -3.142200683534770
  -3.108279456514361
  -3.074715888896854
  -3.041506263824342
  -3.008646899703720
  -2.976134112007462
  -2.943964278784570
  -2.912133798462171
  -2.880639131424604
  -2.849476768408389
  -2.818643255417915
  -2.788135175648076
  -2.757949160327915
  -2.728081876330215
  -2.698530032943897
  -2.669290371381244
  -2.640359672628865
  -2.611734749653664
  -2.583412454319853
  -2.555389670644440
  -2.527663324842268
  -2.500230390963447
  -2.473087875249345
  -2.446232818621448
  -2.419662290128474
  -2.393373389437710
  -2.367363236941726
  -2.341628969939467
  -2.316167757046744
  -2.290976793166089
  -2.266053305990378
  -2.241394551354941
  -2.216997816777638
  -2.192860417865053
  -2.168979700458078
  -2.145353037957860
  -2.121977832752434
  -2.098851978913618
  -2.075973054971906
  -2.053338465050165
  -2.030945673685122
  -2.008792066403524
  -1.986875122095217
  -1.965192295643769
  -1.943741128978111
  -1.922519173465560
  -1.901524060883879
 -58.679400408634372
 -47.754666782428671
 -45.318987561499014
 -43.371240222195809
 -42.363474376237072
 -41.506472569462765
 -40.824125765545446
 -40.173889751248147
 -39.577692053539579
 -39.078941755589042
 -38.646596077709049
 -38.239760464358959
 -37.860702230127437
 -37.490323694640537
 -37.152621941598682
 -36.819003343743752
 -36.495132421051935
 -36.187379839102071
 -35.893181946638187
 -35.608642643249553
 -35.333804014023023
 -35.068784272484237
 -34.810174710874989
 -34.556490211816971
 -34.307356336624153
 -34.065972731052952
 -33.826813153251074
 -33.589595658212744
 -33.355996029336794
 -33.127419980987497
 -32.903022675447168
 -32.681051643536044
 -32.461870042239298
 -32.245691317041597
 -32.031824536199728
 -31.819665863015793
 -31.609722260700114
 -31.401669370547314
 -31.193942592669753
 -30.987038704924604
 -30.781779870464867
 -30.577500845057660
 -30.373914899649037
 -30.171498214250548
 -29.970075523068783
 -29.769336190542077
 -29.569179830236223
 -29.370176354918730
 -29.171465452370473
 -28.973039488318324
 -28.775094967857175
 -28.577429853923174
 -28.379963761453435
 -28.182953996093143
 -27.986547973105907
 -27.790598201402059
 -27.595058830192432
 -27.400585232148842
 -27.207169636600831
 -27.014710311663496
 -26.823450747179184
 -26.632686113046656
 -26.442651165411707
 -26.248160552375396
 -26.047949682196634
 -25.845778404967170
 -25.642008771696176
 -25.437227491923597
 -25.231662497842926
 -25.024328913482414
 -24.814202761151279
 -24.602233942721501
 -24.388859639981291
 -24.174296271304673
 -23.958969085119517
 -23.742412617017862
 -23.524605151449684
 -23.306430790078082
 -23.087761929227376
 -22.868530125391338
 -22.648806786646528
 -22.428688416667551
 -22.208437379765140
 -21.988134266257212
 -21.767773324468873
 -21.547409849604168
 -21.327125011539430
 -21.107111503660278
 -20.887700102591619
 -20.669014509985189
 -20.450941137005277
 -20.233483472268812
 -20.016785098735468
 -19.800996702156400
 -19.586158602564357
 -19.372244212736156
 -19.159355230823355
 -18.947620464541359
 -18.737105860990585
 -18.527775731014536
 -18.319635639211004
 -18.112779404004037
 -17.907285931401333
 -17.703169751823747
 -17.500443697419222
 -17.299161058094469
 -17.099372411728677
 -16.901119563720407
 -16.704508211461540
 -16.509598069197402
 -16.316412102895590
 -16.124943742349139
 -15.935173993946018
 -15.747129522021027
 -15.560826109566177
 -15.376266191792883
 -15.193454427132801
 -15.012419570015423
 -14.833176576040755
 -14.655729197265842
 -14.480081751852715
 -14.306241676750437
 -14.134213436937218
 -13.963998018271816
 -13.795594745812874
 -13.629005694888491
 -13.464232791013462
 -13.301276182569644
 -13.140137690448588
 -12.980817874001824
 -12.823316903650749
 -12.667632945603119
 -12.513762699895526
 -12.361702851419420
 -12.211447835745115
 -12.062988131904214
 -11.916317276227845
 -11.771429036504864
 -11.628312808230012
 -11.486960801725168
 -11.347365307932238
 -11.209514364056485
 -11.073399805173990
 -10.939012491004167
 -10.806339641427590
 -10.675371842155883
 -10.546103057097906
 -10.418536680670725
 -10.292665759940734
 -10.168476789175324
 -10.045960687114283
  -9.925103631222807
  -9.805888856783138
  -9.688300030420010
  -9.572315038309224
  -9.457904737866679
  -9.345047059397304
  -9.233721973202373
  -9.123912413518488
  -9.015581587204311
  -8.908722023907396
  -8.803316942735339
  -8.699335509754071
  -8.596766689588661
  -8.495582634196499
  -8.395763647323381
  -8.297295630010444
  -8.200153446015561
  -8.104319771237819
  -8.009775374530623
  -7.916503602931996
  -7.824482560284093
  -7.733695104795766
  -7.644123964110279
  -7.555748861987549
  -7.468552675266563
  -7.382517364158602
  -7.297624511970862
  -7.213857068127493
  -7.131196914115912
  -7.049626107361832
  -6.969127204122111
  -6.889682877631861
  -6.811276041575406
  -6.733889995980994
  -6.657508251957445
  -6.582114494408588
  -6.507692691018456
  -6.434227012955170
  -6.361701892197561
  -6.290101952177724
  -6.219412051361049
  -6.149617351052198
  -6.080703301498113
  -6.012655592845698
  -5.945460111280267
  -5.879102965007175
  -5.813570517895144
  -5.748849338698932
  -5.684926330475024
  -5.621788527901302
  -5.559423577458523
  -5.497819390153574
  -5.436963777960029
  -5.376845435993256
  -5.317452819310788
  -5.258774283326798
  -5.200798780136826
  -5.143515939450575
  -5.086914910646553
  -5.030985644048334
  -4.975718104739676
  -4.921102536092145
  -4.867129355557937
  -4.813789037491927
  -4.761072238137388
  -4.708969662635551
  -4.657472175903924
  -4.606570867451094
  -4.556257010313543
  -4.506522066198541
  -4.457357681738372
  -4.408755680031038
  -4.360708060287369
  -4.313206990759580
  -4.266244810510485
  -4.219814033586919
  -4.173907363419540
  -4.128517641713213
  -4.083637867273693
  -4.039261167787739
  -3.995380799355231
  -3.951990143913616
  -3.909082692483343
  -3.866652060222445
  -3.824691980985303
  -3.783196274807357
  -3.742158887623474
  -3.701573883253468
  -3.661435440370755
  -3.621737853321944
  -3.582475525843937
  -3.543642971147588
  -3.505234807050142
  -3.467245754690922
  -3.429670634737758
  -3.392504365338745
  -3.355741959389830
  -3.319378521802170
  -3.283409247194025
  -3.247829418589139
  -3.212634403017965
  -3.177819690860268
  -3.143380905507129
  -3.109313697466101
  -3.075613801005423
  -3.042276994361519
  -3.009299099410440
  -2.976675927769942
  -2.944403408949360
  -2.912477513368442
  -2.880894301733262
  -2.849649890826899
  -2.818740470031522
  -2.788162296986861
  -2.757911685281633
  -2.727984995044455
  -2.698378640204400
  -2.669089067343412
  -2.640112780119797
  -2.611446326138628
  -2.583086307951704
  -2.555029372784300
  -2.527272220700421
  -2.499811601527843
  -2.472644312810526
  -2.445767196776146
  -2.419177138333525
  -2.392871063565064
  -2.366845935888102
  -2.341098752908590
  -2.315626549641235
  -2.290426396375917
  -2.265495400953385
  -2.240830706331354
  -2.216429491996021
  -2.192288971724756
  -2.168406394549258
  -2.144779042969751
  -2.121404233840177
  -2.098279464202694
  -2.075402190414583
  -2.052769860652575
  -2.030379917099645
  -2.008229800286194
  -1.986316979709501
  -1.964638941599516
  -1.943193226420594
  -1.921977431190502
  -1.900989237408218
 -54.828896156897706
 -43.904162530692005
 -41.840902202082091
 -39.967888382367171
 -38.960122544692894
 -38.270722001810562
 -37.638220508598650
 -37.161642705089164
 -36.660935339653022
 -36.224882832861645
 -35.836837644217738
 -35.502928253362178
 -35.184613070523497
 -34.900367887333090
 -34.625998410340941
 -34.365258156047190
 -34.116355565608238
 -33.878637584793843
 -33.646812143764784
 -33.416071340476414
 -33.193120377463899
 -32.982645572853578
 -32.775211993125097
 -32.576422782421254
 -32.382989265773617
 -32.193196662863208
 -32.008990162864407
 -31.827500189292586
 -31.646847213264572
 -31.468705958142507
 -31.294894173667256
 -31.123053701492612
 -30.952516077836897
 -30.782015303369555
 -30.613742971968112
 -30.448801246504381
 -30.284595296112286
 -30.121932494964508
 -29.960974884492583
 -29.801148461676863
 -29.642156761013013
 -29.484567045714329
 -29.327288987355995
 -29.170130864830085
 -29.013697744885214
 -28.857817427628152
 -28.701801160043676
 -28.545779014384088
 -28.390485827613475
 -28.235337878743636
 -28.080373953733773
 -27.925752261083339
 -27.771325194259955
 -27.616997476563000
 -27.462662418332258
 -27.308516433392239
 -27.154960088045865
 -27.001648660426639
 -26.848417135756673
 -26.695617774872314
 -26.543226959328329
 -26.390858710713374
 -26.237967610483803
 -26.084563809713668
 -25.929672704973306
 -25.772164363309159
 -25.608550481632605
 -25.436981657169309
 -25.263170567727187
 -25.087861861703534
 -24.910818864176079
 -24.731555281611993
 -24.550028289851980
 -24.365225725951444
 -24.176967541527670
 -23.986892046856568
 -23.795189898550213
 -23.602218450884095
 -23.408003969251308
 -23.212229303515542
 -23.014988604055102
 -22.816648893715239
 -22.617338758737567
 -22.417138217179112
 -22.215928898613150
 -22.014009173465709
 -21.811508786667272
 -21.608448645290235
 -21.405023534676808
 -21.201434277056691
 -20.997716231849999
 -20.793859732350260
 -20.589926707391331
 -20.386036776638232
 -20.182295827317994
 -19.978746928194017
 -19.775441151439704
 -19.572520812962665
 -19.370044083272116
 -19.167948936062778
 -18.966308742674489
 -18.765265634451467
 -18.564981509617024
 -18.365501702096484
 -18.166766021637152
 -17.968801791580191
 -17.771685567973194
 -17.575482271237078
 -17.380235628001437
 -17.185979655937480
 -16.992760426098716
 -16.800619316574945
 -16.609586739280925
 -16.419699175353475
 -16.230993048511269
 -16.043500639141364
 -15.857274530212690
 -15.672417849368122
 -15.488987674329131
 -15.307001090754170
 -15.126452229946903
 -14.947328787782935
 -14.769641104585777
 -14.593398948050178
 -14.418603480876113
 -14.245268136193863
 -14.073416160481528
 -13.903075269519135
 -13.734273285631051
 -13.567032597695439
 -13.401375385029089
 -13.237316492492880
 -13.074869883788789
 -12.914049578683878
 -12.754866880131711
 -12.597329651021999
 -12.441446708586655
 -12.287225796491578
 -12.134672170737641
 -11.983791566652418
 -11.834588355767147
 -11.687063824581461
 -11.541220287741279
 -11.397059604382029
 -11.254580963949806
 -11.113785778330472
 -10.974677078479536
 -10.837255973409230
 -10.701521652474085
 -10.567471790218102
 -10.435102725922153
 -10.304412139864821
 -10.175394247320858
 -10.048041487371314
  -9.922355054020599
  -9.798336764696758
  -9.675979668941721
  -9.555280709224879
  -9.436229158881972
  -9.318808419983373
  -9.203014630384033
  -9.088831238605605
  -8.976231339994431
  -8.865190917629704
  -8.755690928044089
  -8.647714178836370
  -8.541238601552660
  -8.436245448845128
  -8.332713851818808
  -8.230626228965939
  -8.129978240167439
  -8.030737743154997
  -7.932892036250698
  -7.836424917583104
  -7.741313376358455
  -7.647541703468399
  -7.555092123675743
  -7.463944220770673
  -7.374079445258453
  -7.285479399286129
  -7.198124788358122
  -7.111997061208838
  -7.027077771751700
  -6.943348271302276
  -6.860790392844393
  -6.779385993068200
  -6.699116861073128
  -6.619965038876708
  -6.541912786460343
  -6.464942572345557
  -6.389036946090136
  -6.314178391077650
  -6.240349657657753
  -6.167534018174746
  -6.095714939938982
  -6.024875599438873
  -5.954999067850148
  -5.886069454506812
  -5.818071486216331
  -5.750989270034132
  -5.684805810169869
  -5.619506141500277
  -5.555076903230081
  -5.491502305734961
  -5.428769591489597
  -5.366864948679160
  -5.305773054518492
  -5.245479356133388
  -5.185972116699446
  -5.127236705922527
  -5.069260769610999
  -5.012031461323593
  -4.955536141015820
  -4.899762663893946
  -4.844698805155871
  -4.790332708086040
  -4.736652634345634
  -4.683647026727766
  -4.631304611214566
  -4.579614311296114
  -4.528565290621768
  -4.478146934803365
  -4.428348860236391
  -4.379160911201067
  -4.330573149293389
  -4.282575856565304
  -4.235159475864982
  -4.188314651236479
  -4.142032330530511
  -4.096303710856940
  -4.051120168441742
  -4.006473232941911
  -3.962354729659843
  -3.918756625249772
  -3.875670993256523
  -3.833090102265985
  -3.791006247341319
  -3.749411895555065
  -3.708299718895373
  -3.667662543051627
  -3.627493375172977
  -3.587785377740495
  -3.548531875391560
  -3.509726343267004
  -3.471362406625493
  -3.433433833890879
  -3.395934533767457
  -3.358858551524287
  -3.322200064318519
  -3.285953377856635
  -3.250112926489317
  -3.214673263094804
  -3.179629074460945
  -3.144975187739233
  -3.110706509982658
  -3.076818060311608
  -3.043304939820180
  -3.010162340891690
  -2.977385508573197
  -2.944969810478060
  -2.912910691789345
  -2.881203699544071
  -2.849844476685231
  -2.818828748167818
  -2.788152360368414
  -2.757811210601288
  -2.727801237549322
  -2.698118448812977
  -2.668758863362878
  -2.639718590507667
  -2.610993806324938
  -2.582580765945124
  -2.554475789387503
  -2.526675267312052
  -2.499175653269219
  -2.471973465018156
  -2.445065279180757
  -2.418447730651952
  -2.392117509102216
  -2.366071357301068
  -2.340306068172940
  -2.314818483966598
  -2.289605494360017
  -2.264664036079892
  -2.239991091073754
  -2.215583686295142
  -2.191438892094919
  -2.167553822310193
  -2.143925633251563
  -2.120551524616850
  -2.097428763881477
  -2.074554658236575
  -2.051926555438698
  -2.029541816231515
  -2.007397840450384
  -1.985492058634737
  -1.963821957379929
  -1.942385099700761
  -1.921179186059062
  -1.900202082929442
