 -25.689493586255637
 -25.529531192347246
 -25.380289782434033
 -25.234495482799527
 -25.097164479544212
 -24.961447698435098
 -24.827304744951672
 -24.699153227837840
 -24.572025294164149
 -24.446268106529850
 -24.321904199043907
 -24.201024897236003
 -24.082006775827562
 -23.963619773756484
 -23.846027650785079
 -23.729436242224779
 -23.614717492450193
 -23.501121397504086
 -23.387899279381035
 -23.275371308410445
 -23.163337745778804
 -23.052149915051135
 -22.941759011677526
 -22.831867899923505
 -22.722248047793119
 -22.612982425169463
 -22.503993201960995
 -22.395430528468545
 -22.287364548937433
 -22.179561874578440
 -22.071860349986654
 -21.964332674151610
 -21.856973668529708
 -21.749841219580791
 -21.642959689131423
 -21.536174262731020
 -21.429328405875399
 -21.322242127140150
 -21.214973232633294
 -21.107684872027317
 -21.000368468343424
 -20.892941465406690
 -20.785327592566677
 -20.677438677377282
 -20.569322333084088
 -20.461077491566783
 -20.352697047475885
 -20.244165967444108
 -20.135441627058988
 -20.026490742008288
 -19.917363418115801
 -19.808096247433291
 -19.698673010795389
 -19.589061044735072
 -19.479215160469380
 -19.369094255810804
 -19.258652873696850
 -19.147787691860891
 -19.036341407538590
 -18.924406566514037
 -18.812041426495046
 -18.698884308169717
 -18.584758771202829
 -18.470087739895728
 -18.354984278375223
 -18.239441667282293
 -18.123245638152401
 -18.006382622224695
 -17.889068235921396
 -17.771372199759497
 -17.653257734864948
 -17.534689844595405
 -17.415764019580642
 -17.296571581413275
 -17.177120727048045
 -17.057400948127288
 -16.937469225091267
 -16.817399330224692
 -16.697218737159758
 -16.576936753858995
 -16.456588583533971
 -16.336234166109065
 -16.215924406155427
 -16.095676163501782
 -15.975522586791202
 -15.855506315692558
 -15.735636838903758
 -15.615936030880713
 -15.496430715876668
 -15.377148099302135
 -15.258104476315921
 -15.139320100212505
 -15.020817436346560
 -14.902617994341107
 -14.784737376915174
 -14.667192805067872
 -14.550002420506745
 -14.433183258617792
 -14.316749691465894
 -14.200716219272508
 -14.085096024103660
 -13.969903052803740
 -13.855150288248407
 -13.740849548355742
 -13.627011953288815
 -13.513648635537752
 -13.400769960395676
 -13.288385391364303
 -13.176504075141441
 -13.065134964298895
 -12.954286433728209
 -12.843966350350476
 -12.734182434755548
 -12.624942124229461
 -12.516252352247770
 -12.408119704527792
 -12.300550493137413
 -12.193550731982240
 -12.087126110862467
 -11.981282015390669
 -11.876023560029468
 -11.771355623610122
 -11.667282806454315
 -11.563809440320675
 -11.460939633814112
 -11.358677347345836
 -11.257026324189452
 -11.155990000702891
 -11.055571682720268
 -10.955776993386106
 -10.856611255908872
 -10.758076759004831
 -10.660175342912002
 -10.562908864409060
 -10.466278056219192
 -10.370286240498576
 -10.274933892243103
 -10.180223420991791
 -10.086158472569132
  -9.992736397366444
  -9.899958487808167
  -9.807825153698845
  -9.716336966098646
  -9.625497155954355
  -9.535305530857315
  -9.445760771594138
  -9.356863560581505
  -9.268613280237549
  -9.181008740285909
  -9.094049680521968
  -9.007735210180234
  -8.922064175685096
  -8.837035791009200
  -8.752648855431362
  -8.668902015467237
  -8.585794028481562
  -8.503323335880115
  -8.421488222613522
  -8.340287029427767
  -8.259717676505577
  -8.179778081790229
  -8.100467414575563
  -8.021784375431325
  -7.943726927536568
  -7.866292967368461
  -7.789480353386213
  -7.713287924851605
  -7.637713821792789
  -7.562756066120367
  -7.488412990426118
  -7.414682535032017
  -7.341562647311526
  -7.269051326303603
  -7.197146395150097
  -7.125845586757340
  -7.055146521285610
  -6.985046659967294
  -6.915543356779263
  -6.846633846354418
  -6.778315276075248
  -6.710584762729434
  -6.643439373987214
  -6.576876144892498
  -6.510892109466056
  -6.445484327041165
  -6.380649875774131
  -6.316385755612055
  -6.252688856515036
  -6.189555982198327
  -6.126983816434791
  -6.064968928701415
  -6.003507863540496
  -5.942597183490705
  -5.882233442073925
  -5.822413186054676
  -5.763132960513873
  -5.704389304824288
  -5.646178753057504
  -5.588497829199827
  -5.531343049503525
  -5.474710932666711
  -5.418597999185191
  -5.363000739903755
  -5.307915688051608
  -5.253339422132495
  -5.199268496278148
  -5.145699386141904
  -5.092628652787319
  -5.040052868856441
  -4.987968607367103
  -4.936372483258347
  -4.885261140512806
  -4.834631246682899
  -4.784479442437045
  -4.734802339730484
  -4.685596511579725
  -4.636858475044964
  -4.588584724313587
  -4.540771759461561
  -4.493416083550416
  -4.446514206009617
  -4.400062643560449
  -4.354057921290505
  -4.308496573915492
  -4.263375147121820
  -4.218690200216682
  -4.174438316762705
  -4.130616186698196
  -4.087220499596460
  -4.044247937500367
  -4.001695174823148
  -3.959558881873323
  -3.917835653927801
  -3.876522065547565
  -3.835614722500999
  -3.795110244256073
  -3.755005267574062
  -3.715296447866296
  -3.675980457500003
  -3.637053987390662
  -3.598513745107559
  -3.560356456165312
  -3.522578863050684
  -3.485177726018861
  -3.448149822704425
  -3.411491948576468
  -3.375200916840354
  -3.339273558792381
  -3.303706723753456
  -3.268497279390272
  -3.233642111975259
  -3.199138126232951
  -3.164982266126322
  -3.131171524486101
  -3.097702900302491
  -3.064573419246870
  -3.031780109612532
  -2.999320006406786
  -2.967190117800823
  -2.935387483852982
  -2.903909141710030
  -2.872752162769653
  -2.841913626149935
  -2.811390641424379
  -2.781180333582898
  -2.751279853403360
  -2.721686367064225
  -2.692397062826283
  -2.663409142238192
  -2.634719827818981
  -2.606326356671135
  -2.578225987466006
  -2.550415994818972
  -2.522893679277283
  -2.495656373229220
  -2.468701427490823
  -2.442026213198712
  -2.415628116850887
  -2.389504542411697
  -2.363652903088528
  -2.338070617423054
  -2.312755123567093
  -2.287703875075757
  -2.262914347488573
  -2.238384034404424
  -2.214110451189419
  -2.190091131991314
  -2.166323632102160
  -2.142805525791720
  -2.119534407973203
  -2.096508334619982
  -2.073725066190690
  -2.051182181297103
  -2.028877309866873
  -2.006807999556286
  -1.984971880665212
  -1.963366556003503
  -1.941989705677842
  -1.920839015301378
  -1.899912242343288
 -20.470227790388744
 -20.433883742856679
 -20.397090591053917
 -20.359887220564651
 -20.322078700174810
 -20.283952682061635
 -20.245114326453209
 -20.205695402256676
 -20.165958666448617
 -20.125517473365111
 -20.084539356279617
 -20.043112301010407
 -20.001006902215511
 -19.958348007599891
 -19.915313322257489
 -19.871584263531179
 -19.827162223511145
 -19.782208298778553
 -19.736753162991054
 -19.690639134914679
 -19.643872372337370
 -19.596508169812495
 -19.548592096738023
 -19.499989421536743
 -19.450717669236870
 -19.400801707417283
 -19.350372261490048
 -19.299345295926518
 -19.247605566403514
 -19.195138535156474
 -19.141929297229726
 -19.087968432149761
 -19.033366697059936
 -18.978291490037048
 -18.922503603679576
 -18.865986013184376
 -18.808728949333041
 -18.750725830258290
 -18.691972618652116
 -18.632466326543447
 -18.572227893657637
 -18.511315679116795
 -18.449741120294988
 -18.387458908120401
 -18.324445650325590
 -18.260688401226894
 -18.196180130797778
 -18.130915483458637
 -18.064884094723006
 -17.998069748136949
 -17.930455867076034
 -17.862020441605885
 -17.792727510614903
 -17.722562324143706
 -17.651431157964964
 -17.578839827460481
 -17.504946101988377
 -17.429636872363048
 -17.352930585211748
 -17.274828609294101
 -17.195446112496363
 -17.114874146065535
 -17.033189294419028
 -16.950431925731007
 -16.866641666948528
 -16.781873873148211
 -16.696169769096848
 -16.609569904203980
 -16.522104703797794
 -16.433816116415201
 -16.344751952080767
 -16.254954464466092
 -16.164457655801389
 -16.073285293654720
 -15.981472296666208
 -15.889051158467401
 -15.796052361064682
 -15.702511681134945
 -15.608459127454100
 -15.513925530200106
 -15.418940816993274
 -15.323532115864881
 -15.227729129090754
 -15.131577687329564
 -15.035097148285933
 -14.938319357612817
 -14.841267162538601
 -14.743967850047442
 -14.646438060756049
 -14.548700247789924
 -14.450774075066116
 -14.352682479836430
 -14.254446723274761
 -14.156087771672809
 -14.057626229675465
 -13.959086914241398
 -13.860489489288158
 -13.761856031855613
 -13.663208440136952
 -13.564566142354009
 -13.465946734574095
 -13.367367184875302
 -13.268844042302458
 -13.170393620697737
 -13.072032127418650
 -12.973775512886421
 -12.875639438222949
 -12.777639283045149
 -12.679790178369998
 -12.582106988116657
 -12.484604270455280
 -12.387296355456456
 -12.290197310425748
 -12.193320820775236
 -12.096680214769743
 -12.000288456300684
 -11.904158175822605
 -11.808301701619413
 -11.712731007043182
 -11.617457722069986
 -11.522493181788859
 -11.427848474352123
 -11.333534693967307
 -11.239562699980130
 -11.145942897014470
 -11.052685530794175
 -10.959800339105763
 -10.867296669189155
 -10.775183301862365
 -10.683468559900362
 -10.592160509303307
 -10.501266742480768
 -10.410794524168820
 -10.320750845187991
 -10.231142427747180
 -10.141975637146883
 -10.053256762988120
  -9.964992380242968
  -9.877188593643279
  -9.789851044082868
  -9.702985148397980
  -9.616595994289133
  -9.530688945222444
  -9.445269105129039
  -9.360340850330005
  -9.275908576880164
  -9.191976438026634
  -9.108548014489578
  -9.025626754059751
  -8.943215897679590
  -8.861318339385322
  -8.779936899073908
  -8.699074193725931
  -8.618732498981771
  -8.538913981917849
  -8.459620555893395
  -8.380853679905027
  -8.302614967479842
  -8.224905592011577
  -8.147725940905413
  -8.071077861283618
  -7.994963517345604
  -7.919383900470965
  -7.844339695920763
  -7.769831075383964
  -7.695858970183926
  -7.622424617093678
  -7.549528533471766
  -7.477171294369481
  -7.405353634347220
  -7.334075952125295
  -7.263338264007944
  -7.193140566232063
  -7.123482705648122
  -7.054364296625183
  -6.985784748066123
  -6.917743231846699
  -6.850238687829806
  -6.783269840047216
  -6.716835326501659
  -6.650933745288182
  -6.585563621456918
  -6.520723426063959
  -6.456411582204764
  -6.392626464266328
  -6.329366388304414
  -6.266629586605856
  -6.204414214719756
  -6.142718358399845
  -6.081540017307239
  -6.020877099611280
  -5.960727450727783
  -5.901088883512734
  -5.841959176265329
  -5.783336041556932
  -5.725217106392396
  -5.667599972013780
  -5.610482259158502
  -5.553861536309861
  -5.497735218097273
  -5.442100690866885
  -5.386955482021762
  -5.332297018890730
  -5.278122775667408
  -5.224430294526593
  -5.171216946128045
  -5.118479799175108
  -5.066216251665210
  -5.014423691327785
  -4.963099447775477
  -4.912240891547533
  -4.861845405291058
  -4.811910384410497
  -4.762433144042659
  -4.713410927126924
  -4.664840895882405
  -4.616720104153014
  -4.569045556235331
  -4.521814261442317
  -4.475023225700753
  -4.428669452179975
  -4.382749940951843
  -4.337261689790197
  -4.292201694682347
  -4.247566950128017
  -4.203354453887955
  -4.159561214288744
  -4.116184264771361
  -4.073220633171249
  -4.030667353655167
  -3.988521447111746
  -3.946779928124764
  -3.905439802998272
  -3.864498055531018
  -3.823951670360973
  -3.783797622642380
  -3.744032861593664
  -3.704654343683401
  -3.665659027934683
  -3.627043883207852
  -3.588805885256718
  -3.550942020042562
  -3.513449282730628
  -3.476324679268489
  -3.439565226240618
  -3.403167951624685
  -3.367129894913106
  -3.331448107927601
  -3.296119654648930
  -3.261141611986186
  -3.226511070901031
  -3.192225135048494
  -3.158280957975277
  -3.124675755646901
  -3.091406715574613
  -3.058471045443084
  -3.025865939899578
  -2.993588583549684
  -2.961636101153976
  -2.930005675948312
  -2.898694483092621
  -2.867699737929536
  -2.837018663847880
  -2.806648512053758
  -2.776586556634967
  -2.746830086930539
  -2.717376398741301
  -2.688222803019920
  -2.659366607226262
  -2.630805139766553
  -2.602535738502245
  -2.574555763468703
  -2.546862587303860
  -2.519453605308550
  -2.492326232569446
  -2.465477904439430
  -2.438906073574110
  -2.412608210088863
  -2.386581800191268
  -2.360824344318156
  -2.335333354324063
  -2.310106357892589
  -2.285140896974569
  -2.260434531110934
  -2.235984835644158
  -2.211789404056185
  -2.187845846383809
  -2.164151791005512
  -2.140704883481750
  -2.117502788175603
  -2.094543327237598
  -2.071824274686475
  -2.049343382786949
  -2.027098386615818
  -2.005087007499769
  -1.983306983584967
  -1.961756058509329
  -1.940432017940493
  -1.919332692846784
  -1.898455986739734
 -18.060522965040228
 -18.042602718639955
 -18.024350338190679
 -18.005651520865054
 -17.986590153806542
 -17.967080527244253
 -17.947094835369839
 -17.926734527604360
 -17.905861958497553
 -17.884611070735819
 -17.862861003970988
 -17.840599710957196
 -17.817899558411373
 -17.794664519960115
 -17.770940734196682
 -17.746766462274817
 -17.722033149252603
 -17.696802269194883
 -17.671088327772438
 -17.644799789938020
 -17.617989330633581
 -17.590648711769202
 -17.562695106719932
 -17.534120278293621
 -17.505007054913516
 -17.475335698868939
 -17.445052786214461
 -17.414176440680425
 -17.382736316899653
 -17.350637166087253
 -17.317869915733731
 -17.284431881392052
 -17.250435391523684
 -17.215756379655925
 -17.180375377735029
 -17.144283543438913
 -17.107480897146708
 -17.070020987316958
 -17.031819226712994
 -16.992867265257203
 -16.953140235893539
 -16.912598915191985
 -16.871210776612159
 -16.829005184855596
 -16.785871157603538
 -16.741742343012042
 -16.696606137340222
 -16.650308774644422
 -16.602762700907512
 -16.554006212547762
 -16.504013471126548
 -16.452764308803598
 -16.400294407689003
 -16.346610516280290
 -16.291745370637543
 -16.235701134122088
 -16.178523570857568
 -16.120305330964310
 -16.061084046918687
 -16.000867842580718
 -15.939647979733918
 -15.877433926931934
 -15.814239407393016
 -15.750080319941015
 -15.684973954041535
 -15.618938117344282
 -15.552001255495078
 -15.484244571662570
 -15.415737489662959
 -15.346457875256638
 -15.276383352801163
 -15.205506740489531
 -15.133838068058386
 -15.061395497324922
 -14.988198648590613
 -14.914267274999936
 -14.839620252774411
 -14.764277021266485
 -14.688282414209299
 -14.611709702823109
 -14.534557078411201
 -14.456911735787727
 -14.378735035028985
 -14.300006198015565
 -14.220735302072269
 -14.140942794094721
 -14.060647089045863
 -13.979865845138251
 -13.898618251581373
 -13.816923746724378
 -13.734802685003677
 -13.652274757177807
 -13.569359731559624
 -13.486101764993187
 -13.402544374564371
 -13.318707391286686
 -13.234603928570726
 -13.150260657723180
 -13.065684310025754
 -12.980877968255278
 -12.895851837446019
 -12.810619943998978
 -12.725197964890668
 -12.639602457032762
 -12.553850517098439
 -12.467959477284438
 -12.381946658658306
 -12.295829322525440
 -12.209624690823258
 -12.123349889252561
 -12.037021887575694
 -11.950657469625673
 -11.864273202660934
 -11.777885464077874
 -11.691510426006978
 -11.605163996985969
 -11.518861810032204
 -11.432619226799178
 -11.346451305522038
 -11.260372824883088
 -11.174399476276767
 -11.088552898106560
 -11.002853022398515
 -10.917313522586483
 -10.831949427400211
 -10.746772990369260
 -10.661797092505250
 -10.577029624815889
 -10.492474884079323
 -10.408143595091905
 -10.324045398001431
 -10.240190719566531
 -10.156589531946652
 -10.073251869139170
  -9.990187317018719
  -9.907405437631647
  -9.824915737735633
  -9.742727401490642
  -9.660849475460140
  -9.579290721661113
  -9.498059480971810
  -9.417163871351645
  -9.336612131728948
  -9.256412011713275
  -9.176571190027646
  -9.097097133688495
  -9.017996721766623
  -8.939276347253323
  -8.860942193994530
  -8.782999914994468
  -8.705455185292470
  -8.628313661424469
  -8.551580527566927
  -8.475260846012301
  -8.399359505226863
  -8.323880527505414
  -8.248828123348838
  -8.174206832593695
  -8.100020249701112
  -8.026272109468845
  -7.952966576780524
  -7.880107145232244
  -7.807696852751827
  -7.735738513297268
  -7.664235251173770
  -7.593190128807750
  -7.522605684989957
  -7.452484281178842
  -7.382828226661645
  -7.313641461122575
  -7.244926353864111
  -7.176684037697945
  -7.108915767507901
  -7.041622592785367
  -6.974805522633342
  -6.908465378767333
  -6.842602733982143
  -6.777217789976389
  -6.712310566254877
  -6.647881088412150
  -6.583929297436029
  -6.520455049706770
  -6.457458143615156
  -6.394938314596761
  -6.332895224333244
  -6.271328425265950
  -6.210237357132399
  -6.149621393712437
  -6.089479867637176
  -6.029812022133546
  -5.970616940032639
  -5.911893581666047
  -5.853640917779836
  -5.795857940359443
  -5.738543464611169
  -5.681696011195987
  -5.625314120158134
  -5.569396601294621
  -5.513942166918222
  -5.458948844823768
  -5.404414599234529
  -5.350338220662102
  -5.296718353535680
  -5.243553585095844
  -5.190842480754487
  -5.138583022756994
  -5.086772574668522
  -5.035409463281267
  -4.984491928398731
  -4.934018051471564
  -4.883985931720364
  -4.834393596993478
  -4.785239049898925
  -4.736520208054951
  -4.688234927123432
  -4.640380990905541
  -4.592956093564493
  -4.545957872345485
  -4.499383933934167
  -4.453231853208298
  -4.407499177731219
  -4.362183429437968
  -4.317282111203118
  -4.272792707752540
  -4.228712681996051
  -4.185039485368065
  -4.141770568782333
  -4.098903362769867
  -4.056435283236583
  -4.014363772421044
  -3.972686235027372
  -3.931400053263530
  -3.890502684287984
  -3.849991519193362
  -3.809863916467092
  -3.770117207402312
  -3.730748601794518
  -3.691755316501200
  -3.653134573761402
  -3.614883608523258
  -3.576999661487062
  -3.539479981779452
  -3.502321824353440
  -3.465522450995287
  -3.429079129802219
  -3.392989135455996
  -3.357249749147541
  -3.321858260042883
  -3.286811964278043
  -3.252108166293786
  -3.217744182165147
  -3.183717334220915
  -3.150024968460170
  -3.116664463555659
  -3.083633181598028
  -3.050928499019103
  -3.018547779826052
  -2.986488392167360
  -2.954747670034729
  -2.923322984964052
  -2.892211702569720
  -2.861411215166706
  -2.830918931052683
  -2.800732271587669
  -2.770848704972667
  -2.741265686246341
  -2.711980650145741
  -2.682991037113683
  -2.654294242703579
  -2.625887694547480
  -2.597768829514841
  -2.569935112302515
  -2.542384019299574
  -2.515113050047848
  -2.488119718223015
  -2.461401557707335
  -2.434956116735727
  -2.408780961111311
  -2.382873670748918
  -2.357231841089169
  -2.331853080595499
  -2.306735012361177
  -2.281875272891781
  -2.257271513737226
  -2.232921400490923
  -2.208822614278052
  -2.184972851036231
  -2.161369823066214
  -2.138011258907426
  -2.114894905517212
  -2.092018552169698
  -2.069380005638997
  -2.046977091109557
  -2.024807627032003
  -2.002869450515723
  -1.981160410395901
  -1.959678392541488
  -1.938421340359856
  -1.917387315147916
  -1.896574524731860
