 -64.950541623686433
 -54.025772175691287
 -50.672402724572912
 -48.724656686815166
 -47.453648483092351
 -46.280805195117821
 -45.285745635759390
 -44.395625285824039
 -43.657640781677991
 -43.006024902723020
 -42.390397616600140
 -41.781629173810167
 -41.224881518125777
 -40.693147923776458
 -40.189285862431362
 -39.719148290405634
 -39.268656232696053
 -38.836065260213815
 -38.418533754860889
 -38.008593995481533
 -37.617806453533248
 -37.234510763047858
 -36.858779935239916
 -36.500131376132707
 -36.150398494046335
 -35.807623394524633
 -35.471303307106908
 -35.140046625612150
 -34.817915458663656
 -34.501033677091229
 -34.188559159247554
 -33.882632794884465
 -33.582086672362834
 -33.285804138709253
 -32.993768628807118
 -32.706328426948154
 -32.422938843429868
 -32.134617474579805
 -31.847857628218858
 -31.564764571730993
 -31.284922278659042
 -31.008214439026837
 -30.734641777318554
 -30.463747450377891
 -30.194351546307228
 -29.925236590608424
 -29.658577374599886
 -29.394427931949043
 -29.132467200835428
 -28.872665099039267
 -28.614939074289392
 -28.358771619852877
 -28.104134808246538
 -27.851434141375712
 -27.600669392621956
 -27.351907058035241
 -27.104752088123739
 -26.857543152365597
 -26.610385140627585
 -26.366255286363163
 -26.124995325108678
 -25.884114617554076
 -25.642679031225168
 -25.399494488400581
 -25.157520035797646
 -24.918379072109925
 -24.680802205407531
 -24.443552027777539
 -24.206547472346301
 -23.969565378954453
 -23.733105453972946
 -23.497504512502431
 -23.262653701408297
 -23.028587023658027
 -22.795038066788585
 -22.561831091859982
 -22.329366260524250
 -22.098058504339292
 -21.868012232196030
 -21.639091783353724
 -21.411104314862495
 -21.184199787724086
 -20.958573092018000
 -20.734178478061441
 -20.510928669142647
 -20.288827554295743
 -20.067975642294584
 -19.848482031177564
 -19.630470034553518
 -19.413972278778548
 -19.198967159346928
 -18.985499091960452
 -18.773676214379631
 -18.563560150095569
 -18.355143419273148
 -18.148420849382699
 -17.943450755842225
 -17.740307625304137
 -17.539088811451329
 -17.339837603178523
 -17.142567710498660
 -16.947324154658592
 -16.754067161714541
 -16.562767883450153
 -16.373426966905622
 -16.186069831466533
 -16.000678947588778
 -15.817240058835051
 -15.635782360591833
 -15.456323876295913
 -15.278852589235022
 -15.103355026893745
 -14.929822540292363
 -14.758256074101045
 -14.588643250469843
 -14.420967806437465
 -14.255215524732931
 -14.091378849770688
 -13.929443864102970
 -13.769394043280782
 -13.611216098723327
 -13.454899318115062
 -13.300428664824588
 -13.147788003331954
 -12.996962667513166
 -12.847937701572270
 -12.700696764088772
 -12.555222717965318
 -12.411499208772074
 -12.269509648237310
 -12.129236656177113
 -11.990663239812539
 -11.853772096166015
 -11.718544733386807
 -11.584957469620619
 -11.452978400165723
 -11.322590517111284
 -11.193779114313507
 -11.066520487804869
 -10.940799922192271
 -10.816621077612092
 -10.693967520735445
 -10.572826131701852
 -10.453189470073058
 -10.335045011512346
 -10.218381547010956
 -10.103185325977870
  -9.989443414752992
  -9.877128692113317
  -9.766219271452641
  -9.656701022507765
  -9.548552015805353
  -9.441752127026199
  -9.336285463972196
  -9.232131430856994
  -9.129267574278552
  -9.027675592401666
  -8.927335197929038
  -8.828227986238366
  -8.730330645636418
  -8.633627461014331
  -8.538103458212030
  -8.443736814231285
  -8.350513892193435
  -8.258415679524928
  -8.167424964161702
  -8.077528933732705
  -7.988709590926836
  -7.900951885014113
  -7.814241813297609
  -7.728563421348126
  -7.643902271783792
  -7.560244393240683
  -7.477575431149649
  -7.395881323174133
  -7.315148466834104
  -7.235363127194311
  -7.156511720009776
  -7.078581002839814
  -7.001557781985506
  -6.925429146432696
  -6.850182455887361
  -6.775805248746286
  -6.702285364396499
  -6.629610966041613
  -6.557770437501793
  -6.486752266144682
  -6.416545069482193
  -6.347137584392532
  -6.278518612415635
  -6.210677069693425
  -6.143602112541555
  -6.077283134650709
  -6.011709724572018
  -5.946871682923158
  -5.882759008079001
  -5.819361892027695
  -5.756670718321822
  -5.694676042982632
  -5.633368598293938
  -5.572739298757914
  -5.512779242221080
  -5.453479655434605
  -5.394831972603730
  -5.336827878300050
  -5.279459134018135
  -5.222717570258053
  -5.166595296425071
  -5.111084580289509
  -5.056177780765705
  -5.001867503526798
  -4.948146477394251
  -4.895007596745761
  -4.842443842673170
  -4.790448275597983
  -4.739014037248129
  -4.688134311384904
  -4.637802377815925
  -4.588011635364682
  -4.538755589025704
  -4.490027855280698
  -4.441822157817568
  -4.394132325993501
  -4.346952293429812
  -4.300276096153088
  -4.254097873051506
  -4.208411876271675
  -4.163212572750742
  -4.118494479974120
  -4.074252192571811
  -4.030480365081108
  -3.987173720925972
  -3.944326957582439
  -3.901934831068709
  -3.859992198867373
  -3.818493994994085
  -3.777435234120600
  -3.736811010313627
  -3.696616493111318
  -3.656846926598203
  -3.617497626232830
  -3.578563977302945
  -3.540041432980584
  -3.501925512553803
  -3.464211799942279
  -3.426895942003706
  -3.389973647192636
  -3.353440684101150
  -3.317292880073286
  -3.281526119950512
  -3.246136345042992
  -3.211119551490368
  -3.176471812403378
  -3.142189285662389
  -3.108268164374514
  -3.074704701481421
  -3.041495180052751
  -3.008635918573269
  -2.976123232475078
  -2.943953499876093
  -2.912123119186175
  -2.880628550840990
  -2.849466285576483
  -2.818632869432939
  -2.788124885616366
  -2.757938965377972
  -2.728071775608471
  -2.698520025608004
  -2.669280456607808
  -2.640349849602623
  -2.611725017580581
  -2.583402812410824
  -2.555380118130833
  -2.527653860970324
  -2.500221015002933
  -2.473078586460485
  -2.446223616317376
  -2.419653173589165
  -2.393364357969477
  -2.367354289833460
  -2.341620106499870
  -2.316158976579291
  -2.290968094993151
  -2.266044689433748
  -2.241386015753015
  -2.216989361469761
  -2.192852042202718
  -2.168971403796262
  -2.145344819662052
  -2.121969692191674
  -2.098843915404949
  -2.075965067770851
  -2.053330553433749
  -2.030937836927408
  -2.008784303809840
  -1.986867432986872
  -1.965184679369324
  -1.943733584907227
  -1.922511700985809
  -1.901516659403111
 -58.680333365088124
 -47.755563917092978
 -45.319825110021277
 -43.372079135648285
 -42.364313779475957
 -41.507279315110722
 -40.824950350386224
 -40.174667310140670
 -39.578463577187371
 -39.079722567362282
 -38.647381351319048
 -38.240547942240823
 -37.861470917324482
 -37.491104363397760
 -37.153423947573856
 -36.819809420134177
 -36.495900682323558
 -36.188142282059751
 -35.893947423228880
 -35.609406128783874
 -35.334566732592421
 -35.069550542529733
 -34.810930155937740
 -34.557227602375242
 -34.308091735452734
 -34.066699778719908
 -33.827538158043161
 -33.590310236401059
 -33.356690010642872
 -33.128105139057105
 -32.903694649820828
 -32.681713788667011
 -32.462526183323952
 -32.246335556157973
 -32.032450157246352
 -31.820275780451517
 -31.610319206130917
 -31.402250989582608
 -31.194504189000348
 -30.987583206059835
 -30.782312086259683
 -30.578017012605965
 -30.374417533383390
 -30.171986892295084
 -29.970548858027563
 -29.769798140957629
 -29.569632274254058
 -29.370619461083695
 -29.171895046112930
 -28.973452867794471
 -28.775495026668477
 -28.577817425946868
 -28.380339815370029
 -28.183318864622599
 -27.986900229044060
 -27.790937531093096
 -27.595385984638089
 -27.400897715861689
 -27.207464179426331
 -27.014986603248790
 -26.823710143058761
 -26.632929032988944
 -26.442879436022057
 -26.248354435630173
 -26.048128559530976
 -25.845945070868776
 -25.642165145020876
 -25.437376111809687
 -25.231804166929084
 -25.024460056528984
 -24.814325871480158
 -24.602351654584140
 -24.388972592925164
 -24.174405602378414
 -23.959074446053421
 -23.742511943408452
 -23.524700307019703
 -23.306522317172885
 -23.087848369812626
 -22.868610968298928
 -22.648881724633700
 -22.428757753350801
 -22.208501665762867
 -21.988193608084881
 -21.767827789505773
 -21.547459540549351
 -21.327170226655138
 -21.107152972003668
 -20.887738085925122
 -20.669048779499061
 -20.450971061143004
 -20.233509235266293
 -20.016807094054094
 -19.801015163300363
 -19.586173381943347
 -19.372254647813424
 -19.159361404716780
 -18.947622332096195
 -18.737103316857546
 -18.527768588777754
 -18.319623950360537
 -18.112763361115071
 -17.907265653226940
 -17.703145346827711
 -17.500415372972434
 -17.299129067660676
 -17.099336970811692
 -16.901081030340816
 -16.704467104195860
 -16.509554603784849
 -16.316366446827018
 -16.124895876434991
 -15.935124109765878
 -15.747077802041145
 -15.560772693211511
 -15.376211166653668
 -15.193397976425008
 -15.012361874663386
 -14.833117758768006
 -14.655669363212329
 -14.480021027488036
 -14.306180197030297
 -14.134151312518263
 -13.963935348181431
 -13.795531639803860
 -13.628942247593020
 -13.464169087270946
 -13.301212301642803
 -13.140073700577195
 -12.980753842324805
 -12.823252899049324
 -12.667569025451176
 -12.513698919064129
 -12.361639265887446
 -12.211384475616434
 -12.062925033718807
 -11.916254501218248
 -11.771366625759359
 -11.628250802620819
 -11.486899270588413
 -11.347304275493135
 -11.209453879861833
 -11.073339920977373
 -10.938953226695494
 -10.806281039464771
 -10.675313944464238
 -10.546045905817669
 -10.418480377687843
 -10.292610339591066
 -10.168422202691108
 -10.045907022728858
  -9.925050957687072
  -9.805837063132257
  -9.688249190394941
  -9.572265149239369
  -9.457855694859070
  -9.344998905086273
  -9.233674698499449
  -9.123865986261247
  -9.015535962198406
  -8.908677246661554
  -8.803272984676523
  -8.699292336959822
  -8.596724323598187
  -8.495541007267427
  -8.395722782191125
  -8.297255523637281
  -8.200114055990808
  -8.104281109177011
  -8.009737427077456
  -7.916466344820887
  -7.824445993006039
  -7.733659213499690
  -7.644088732812167
  -7.555714283962653
  -7.468518735827896
  -7.382484050476767
  -7.297591810467931
  -7.213824964069277
  -7.131165384900238
  -7.049595155729866
  -6.969096806515185
  -6.889653023070246
  -6.811246726847786
  -6.733861211217142
  -6.657479968317811
  -6.582086705578603
  -6.507665379776869
  -6.434200182947758
  -6.361675526360522
  -6.290076032654802
  -6.219386568682568
  -6.149592293407709
  -6.080678661189572
  -6.012631361694537
  -5.945436274414607
  -5.879079513145522
  -5.813547443869849
  -5.748826632604735
  -5.684903982956894
  -5.621766528467522
  -5.559401918954070
  -5.497798062452279
  -5.436942773152096
  -5.376824746748231
  -5.317432436681786
  -5.258754198835420
  -5.200778987431483
  -5.143496430724661
  -5.086895679267977
  -5.030966683357740
  -4.975699408217194
  -4.921084097669805
  -4.867111169116620
  -4.813771097039455
  -4.761054537767007
  -4.708952196591003
  -4.657454938607107
  -4.606553853523127
  -4.556240214540743
  -4.506505483544150
  -4.457341307328207
  -4.408739509154048
  -4.360692088392763
  -4.313191213450095
  -4.266229223540919
  -4.219798632873744
  -4.173892145012983
  -4.128502601850081
  -4.083623002283620
  -4.039246474097199
  -3.995366273529538
  -3.951975782614586
  -3.909068492509936
  -3.866638018464316
  -3.824678094417593
  -3.783182540503419
  -3.742145302759277
  -3.701560445099862
  -3.661422146292470
  -3.621724700773830
  -3.582462512369302
  -3.543630094373384
  -3.505222064687207
  -3.467233144527095
  -3.429658154636485
  -3.392492013237460
  -3.355729733296376
  -3.319366419790312
  -3.283397267405245
  -3.247817559227516
  -3.212622662343005
  -3.177808067285599
  -3.143369397450029
  -3.109302303326645
  -3.075602519385092
  -3.042265823704339
  -3.009288038303089
  -2.976664974761082
  -2.944392562691769
  -2.912466772518201
  -2.880883665013665
  -2.849639356988293
  -2.818730037866141
  -2.788151965333335
  -2.757901452992064
  -2.727974861023414
  -2.698368603350241
  -2.669079126603348
  -2.640102934446267
  -2.611436574528015
  -2.583076649409894
  -2.555019806353750
  -2.527262745438178
  -2.499802216525825
  -2.472635017168283
  -2.445757989632561
  -2.419168018828138
  -2.392862030865897
  -2.366836989165508
  -2.341089891356092
  -2.315617772456950
  -2.290417702780099
  -2.265486790173586
  -2.240822177613045
  -2.216421044593556
  -2.192280604907397
  -2.168398107594921
  -2.144770835170567
  -2.121396104494906
  -2.098271412603564
  -2.075394215835575
  -2.052761962372909
  -2.030372094394346
  -2.008222052447353
  -1.986309306036074
  -1.964631341409622
  -1.943185699048793
  -1.921969975985883
  -1.900981853733311
 -54.829502968414289
 -43.904733520419143
 -41.841472507110069
 -39.968435189544472
 -38.960669870261775
 -38.271255137595844
 -37.638754269149750
 -37.162165170980863
 -36.661443422858056
 -36.225391537773859
 -35.837339446392157
 -35.503427735335272
 -35.185109253091525
 -34.900856401495609
 -34.626480024579735
 -34.365743635489146
 -34.116842155448488
 -33.879122451960342
 -33.647283943707841
 -33.416538766932206
 -33.193586983641787
 -32.983110866270174
 -32.775675374211943
 -32.576885889424162
 -32.383443923235056
 -32.193650651603093
 -32.009441047797125
 -31.827948150000378
 -31.647293049684706
 -31.469146116102731
 -31.295331427711336
 -31.123488179289836
 -30.952942965407352
 -30.782438531946916
 -30.614162078730612
 -30.449214538014033
 -30.285003017687728
 -30.122337877697387
 -29.961375965004351
 -29.801542732641916
 -29.642545642997923
 -29.484949479561958
 -29.327665691361787
 -29.170502148065932
 -29.014064326049166
 -28.858178225115335
 -28.702155276024246
 -28.546127779220562
 -28.390829927507550
 -28.235676552993258
 -28.080707056790448
 -27.926079360968853
 -27.771645430919055
 -27.617310274931526
 -27.462967782912418
 -27.308814064826567
 -27.155247864183362
 -27.001926618486550
 -26.848685768776502
 -26.695878150423500
 -26.543479436746239
 -26.391103825761689
 -26.238205865301840
 -26.084797225365566
 -25.929898998644038
 -25.772388174438127
 -25.608763638091897
 -25.437188419069049
 -25.263375546831686
 -25.088065025596528
 -24.911018858088291
 -24.731752317739328
 -24.550223059177760
 -24.365416188263101
 -24.177154160225029
 -23.987074169053333
 -23.795365823271784
 -23.602388229895485
 -23.408166280757715
 -23.212382929130083
 -23.015134121555537
 -22.816786777646406
 -22.617469695071907
 -22.417263154834366
 -22.216047900101788
 -22.014122009972311
 -21.811615255590734
 -21.608549034879136
 -21.405118017387696
 -21.201522830726052
 -20.997798943029743
 -20.793936655692498
 -20.589998025704212
 -20.386102685662145
 -20.182356306379003
 -19.978801821777605
 -19.775490873021010
 -19.572566015629413
 -19.370084682300917
 -19.167984314047850
 -18.966339214302597
 -18.765291411657387
 -18.565002772311718
 -18.365518336792647
 -18.166778077316359
 -17.968809527635969
 -17.771689223847918
 -17.575482053134373
 -17.380231763187595
 -17.185972340008306
 -16.992749851819326
 -16.800605614966820
 -16.609570089004546
 -16.419679744530917
 -16.230970984527509
 -16.043476078352160
 -15.857247750905689
 -15.672389176341031
 -15.488957236728755
 -15.306968940885213
 -15.126418400738437
 -14.947293443977824
 -14.769604390077250
 -14.593360949917857
 -14.418564305719178
 -14.245227872044522
 -14.073374874633709
 -13.903032983441641
 -13.734230029070076
 -13.566988431993362
 -13.401330372879316
 -13.237270693789437
 -13.074823365237089
 -12.914002408965318
 -12.754819118131866
 -12.597281364925344
 -12.441397965969857
 -12.287176657824125
 -12.134622703848164
 -11.983741833990795
 -11.834538410514639
 -11.687013731852687
 -11.541170099327788
 -11.397009365691341
 -11.254530731653361
 -11.113735595462007
 -10.974626998164862
 -10.837206060079586
 -10.701471937444516
 -10.567422304713519
 -10.435053545585296
 -10.304363294354875
 -10.175345748504494
 -10.047993400787677
  -9.922307434236791
  -9.798289655946924
  -9.675933127783042
  -9.555234772800965
  -9.436183838470736
  -9.318763731252027
  -9.202970615486189
  -9.088787878404165
  -8.976188601981658
  -8.865148786048220
  -8.755649387206041
  -8.647673233326586
  -8.541198241462682
  -8.436205661453981
  -8.332674646080426
  -8.230587599026542
  -8.129940176769093
  -8.030700252757143
  -7.932855114593571
  -7.836388559026415
  -7.741277582387834
  -7.647506470169722
  -7.555057444525496
  -7.463910093131432
  -7.374045863267625
  -7.285446357212892
  -7.198092281193265
  -7.111965082110025
  -7.027046314720595
  -6.943317329861530
  -6.860759960233473
  -6.779356062227210
  -6.699087424412756
  -6.619936088737110
  -6.541884315701301
  -6.464914573152893
  -6.389009410525035
  -6.314151310140403
  -6.240323023471835
  -6.167507823583938
  -6.095689176386862
  -6.024850257909843
  -5.954974137864379
  -5.886044931992020
  -5.818047360836566
  -5.750965535056626
  -5.684782448491333
  -5.619483156082015
  -5.555054280859666
  -5.491480040137833
  -5.428747674916393
  -5.366843365890774
  -5.305751795672106
  -5.245458427931164
  -5.185951501384490
  -5.127216407074301
  -5.069240768292261
  -5.012011751427161
  -4.955516729118843
  -4.899743528544842
  -4.844679948435224
  -4.790314131527449
  -4.736634317076410
  -4.683628971267622
  -4.631286805278537
  -4.579596759043385
  -4.528547977357142
  -4.478129856098817
  -4.428332013060985
  -4.379144290182039
  -4.330556748939811
  -4.282559672853872
  -4.235143505142076
  -4.188298888869981
  -4.142016771933817
  -4.096288351557648
  -4.051105004114655
  -4.006458259398356
  -3.962339942849693
  -3.918742021262901
  -3.875656568284164
  -3.833075852494866
  -3.790992169052298
  -3.749397985175229
  -3.708285972953519
  -3.667648958198474
  -3.627479948164479
  -3.587772105441715
  -3.548518754769892
  -3.509713371393099
  -3.471349580666150
  -3.433421151109140
  -3.395921991517731
  -3.358846147250583
  -3.322187795551596
  -3.285941242213104
  -3.250100921670701
  -3.214661386869196
  -3.179617324725014
  -3.144963562439298
  -3.110695007085612
  -3.076806677943957
  -3.043293676051821
  -3.010151193918277
  -2.977374476596732
  -2.944958891793291
  -2.912899884729522
  -2.881193002501814
  -2.849833888121046
  -2.818818266570744
  -2.788141984335018
  -2.757800938692027
  -2.727791068432979
  -2.698108381093590
  -2.668748895732631
  -2.639708721664713
  -2.610984035036094
  -2.582571090992794
  -2.554466209607308
  -2.526665781560872
  -2.499166260447360
  -2.471964164048214
  -2.445056069023891
  -2.418438610288688
  -2.392108477546318
  -2.366062413583983
  -2.340297211354127
  -2.314809713122889
  -2.289596808591939
  -2.264655434505784
  -2.239982572833701
  -2.215575250544145
  -2.191430538008005
  -2.167545549075462
  -2.143917440074840
  -2.120543410714983
  -2.097420728483494
  -2.074546700575087
  -2.051918674755269
  -2.029534011771703
  -2.007390111473820
  -1.985484404408350
  -1.963814377188812
  -1.942377592844947
  -1.921171751864762
  -1.900194720709336
