 -30.842316823561816
 -30.104231055160888
 -29.581666868025255
 -29.103358425839982
 -28.687559466564775
 -28.290262049984744
 -27.956251614861245
 -27.639672012178071
 -27.372910183938206
 -27.115473633659885
 -26.879595661701511
 -26.656760972051270
 -26.438536310031406
 -26.225687988954931
 -26.027455587020061
 -25.834486811297744
 -25.650092152345053
 -25.471968699015726
 -25.299068084866072
 -25.131052132307449
 -24.967200728579826
 -24.805706509215803
 -24.648348763489320
 -24.493822149330303
 -24.341382263419959
 -24.191451909354488
 -24.044545851469586
 -23.899626151283666
 -23.756530907777183
 -23.615138425136838
 -23.475071247928412
 -23.335707548421357
 -23.194787249768019
 -23.054723195477575
 -22.915913394900333
 -22.778209658605942
 -22.641473260143037
 -22.505653641866136
 -22.370719785988818
 -22.236175242748203
 -22.101612627286620
 -21.967737193158371
 -21.834620469407824
 -21.702138679166758
 -21.570259297553807
 -21.438990567760094
 -21.308253657253996
 -21.177718201849245
 -21.047495578431477
 -20.917612832355257
 -20.787919324456848
 -20.658258546348282
 -20.528516867591243
 -20.398360855338719
 -20.267815432644127
 -20.137524115232708
 -20.007461050116124
 -19.876519091042535
 -19.745616977770307
 -19.614621498539172
 -19.483521012289764
 -19.352442928456952
 -19.221310691979596
 -19.089964594783567
 -18.958407836178534
 -18.826552634185195
 -18.694569868170579
 -18.562668518811126
 -18.430869717226507
 -18.299072190497036
 -18.167218777082784
 -18.035218239280987
 -17.903166598541965
 -17.771184578991633
 -17.639286177480269
 -17.507468150071951
 -17.375711907613059
 -17.244044423931058
 -17.112543537350479
 -16.981256668955819
 -16.850209544457833
 -16.719411745104193
 -16.588867032884345
 -16.458610820030721
 -16.328678402368148
 -16.199092825390796
 -16.069865094037826
 -15.941011833492329
 -15.812586035271364
 -15.684623917643060
 -15.557145485233733
 -15.430159498116607
 -15.303656972718938
 -15.177648254117015
 -15.052153540429094
 -14.927190953118599
 -14.802764757587285
 -14.678885969013704
 -14.555569606975720
 -14.432833738156134
 -14.310693530444766
 -14.189160289944004
 -14.068243802750420
 -13.947952407261763
 -13.828287650065407
 -13.709254076956235
 -13.590859010581378
 -13.473108618248615
 -13.356006375853024
 -13.239558441108858
 -13.123772447635051
 -13.008653273938920
 -12.894204081841112
 -12.780428163036039
 -12.667329509768578
 -12.554911484536596
 -12.443176500081352
 -12.332126798574802
 -12.221765064921593
 -12.112093570301576
 -12.003114040602414
 -11.894828249056822
 -11.787238158687709
 -11.680345305738772
 -11.574150858498129
 -11.468655993922246
 -11.363861836250587
 -11.259769060317232
 -11.156378216042320
 -11.053689476967223
 -10.951703280972200
 -10.850418273724493
 -10.749836745671852
 -10.649958894419917
 -10.550787151933438
 -10.452325483612155
 -10.354570851051385
 -10.257523502975923
 -10.161181841080502
 -10.065544067860305
  -9.970613969156236
  -9.876390749860620
  -9.782870473125874
  -9.690054703487400
  -9.597942978209717
  -9.506533342510728
  -9.415825307181038
  -9.325817568429839
  -9.236508301506552
  -9.147894632415170
  -9.059974099006782
  -8.972744756079235
  -8.886203974763186
  -8.800349225491271
  -8.715178118062509
  -8.630687583812977
  -8.546874651052521
  -8.463735749819088
  -8.381268620782942
  -8.299471759659021
  -8.218341524630981
  -8.137875571782866
  -8.058070235810369
  -7.978923490751963
  -7.900433309762336
  -7.822596287489573
  -7.745410281888704
  -7.668872726483996
  -7.592980509866639
  -7.517731227750707
  -7.443122107148525
  -7.369150180597927
  -7.295812615222404
  -7.223106370880863
  -7.151028278916590
  -7.079575140685810
  -7.008743650801541
  -6.938530448626915
  -6.868932158812266
  -6.799945358997944
  -6.731566625208575
  -6.663792576253215
  -6.596619933910336
  -6.530045408226739
  -6.464065533270634
  -6.398676747003235
  -6.333875371810773
  -6.269657541587665
  -6.206019289595996
  -6.142956716331154
  -6.080465950249991
  -6.018543106451766
  -5.957184332890465
  -5.896385786110040
  -5.836143624353296
  -5.776454005369467
  -5.717313093856622
  -5.658717078671943
  -5.600662151269781
  -5.543144483243865
  -5.486160243007610
  -5.429705679558739
  -5.373777049314932
  -5.318370598059468
  -5.263482535440239
  -5.209109179850373
  -5.155246799239516
  -5.101891716648735
  -5.049040303294508
  -4.996688951270783
  -4.944834085075119
  -4.893472091862014
  -4.842599350635320
  -4.792212201183302
  -4.742306933750204
  -4.692879837416741
  -4.643927207758671
  -4.595445340252291
  -4.547430541948271
  -4.499879128277560
  -4.452787426853239
  -4.406151778421375
  -4.359968538721287
  -4.314234081387768
  -4.268944815941342
  -4.224097345336113
  -4.179688201892394
  -4.135713922743893
  -4.092171027592379
  -4.049056032598091
  -4.006365308110543
  -3.964095232679416
  -3.922242239093582
  -3.880802772978981
  -3.839773313430081
  -3.799150361089138
  -3.758930440371709
  -3.719110098465408
  -3.679685902964167
  -3.640654443051452
  -3.602012327882471
  -3.563756187377602
  -3.525882671531532
  -3.488388450801482
  -3.451270215884432
  -3.414524677952540
  -3.378148568560481
  -3.342138639863474
  -3.306491664720550
  -3.271204436667545
  -3.236273789586816
  -3.201696605499905
  -3.167469779836278
  -3.133590241709219
  -3.100054922070077
  -3.066860766189047
  -3.034004694643575
  -3.001483658046199
  -2.969294597873555
  -2.937434495855511
  -2.905900335704620
  -2.874689138134047
  -2.843797934712788
  -2.813223788933314
  -2.782963779466455
  -2.753015011205524
  -2.723374604571703
  -2.694039703150963
  -2.665007465981062
  -2.636275075307096
  -2.607839729806329
  -2.579698658058366
  -2.551849128131068
  -2.524288423990735
  -2.497013852082923
  -2.470022732258469
  -2.443312402813677
  -2.416880207013460
  -2.390723489121506
  -2.364839616222018
  -2.339225970508948
  -2.313879959147317
  -2.288799007956333
  -2.263980566882589
  -2.239422105469389
  -2.215121116242725
  -2.191075111517109
  -2.167281625666232
  -2.143738868960631
  -2.120444558063994
  -2.097396147670064
  -2.074591189169298
  -2.052027103440327
  -2.029701439383637
  -2.007611694280971
  -1.985755473054659
  -1.964130369367348
  -1.942734065721840
  -1.921564256451748
  -1.900618715309551
 -23.926591091960503
 -23.783722139956360
 -23.651524482822545
 -23.529468192566156
 -23.406452278710422
 -23.292228993926717
 -23.177921092747557
 -23.067426487967861
 -22.957545828856670
 -22.854436235213171
 -22.751290284384776
 -22.648563494038385
 -22.548981092310719
 -22.450015157933255
 -22.353520452056561
 -22.259895311961905
 -22.166608325201739
 -22.075006595280367
 -21.985564750399394
 -21.896505408702179
 -21.808282207291455
 -21.721262949391388
 -21.634607838520829
 -21.548607253699508
 -21.463273845795790
 -21.378059262717869
 -21.292959090711435
 -21.208253197719010
 -21.124162472252674
 -21.040409118911306
 -20.956536324624842
 -20.872624803040946
 -20.788823172545868
 -20.705164303434564
 -20.621538796893244
 -20.537812387004340
 -20.453962017259677
 -20.370158166204021
 -20.286148255763425
 -20.201851302222060
 -20.117385167042663
 -20.032788742978816
 -19.947877810806474
 -19.862640017518615
 -19.777151847356805
 -19.691373061093540
 -19.605241000644856
 -19.518756729437737
 -19.432016384486936
 -19.344859404181992
 -19.257251126003389
 -19.169182659793211
 -19.080540578258258
 -18.991206667431911
 -18.901121865490111
 -18.810534836098675
 -18.717503561062077
 -18.621298571420795
 -18.523840705488006
 -18.425653837969080
 -18.326645828212410
 -18.226884791636184
 -18.126285808736370
 -18.024711072536604
 -17.921583382616259
 -17.817181184289868
 -17.711871988303429
 -17.605775945312054
 -17.499018888302199
 -17.391656515004367
 -17.283543538232053
 -17.174613621941074
 -17.065088648851376
 -16.955064458278088
 -16.844573669275018
 -16.733697689443094
 -16.622399208752430
 -16.510686878273741
 -16.398712178282345
 -16.286482133069217
 -16.174007816641286
 -16.061325395129806
 -15.948461088227878
 -15.835465268215831
 -15.722387079867206
 -15.609251270613944
 -15.496082150965556
 -15.382906627823477
 -15.269759923883404
 -15.156689850250032
 -15.043733633355354
 -14.930899573933173
 -14.818192436215922
 -14.705635477126553
 -14.593267831442301
 -14.481109538713149
 -14.369164502707134
 -14.257446717872041
 -14.145982793097517
 -14.034796196340372
 -13.923897175427106
 -13.813295324753435
 -13.703007979431725
 -13.593053399728765
 -13.483443787435444
 -13.374188484060854
 -13.265300130694083
 -13.156792567471147
 -13.048677582286880
 -12.940973377232419
 -12.833695697886633
 -12.726855628084701
 -12.620460643017960
 -12.514514877121901
 -12.409027470140297
 -12.304007398385970
 -12.199461901343058
 -12.095397171457751
 -11.991822674232999
 -11.888746662258050
 -11.786175684509532
 -11.684115954986474
 -11.582576809897342
 -11.481566347105888
 -11.381090140859737
 -11.281153693430493
 -11.181762734735457
 -11.082922618080621
 -10.984638246127629
 -10.886914145034311
 -10.789754378005412
 -10.693163355940651
 -10.597144435311151
 -10.501697845426310
 -10.406827285670420
 -10.312536626125402
 -10.218828249226558
 -10.125705474098977
 -10.033170832103925
  -9.941226632495374
  -9.849876392569115
  -9.759122499310740
  -9.668966798049475
  -9.579411998638289
  -9.490459971355289
  -9.402111952720867
  -9.314369712664622
  -9.227234982617381
  -9.140710598652365
  -9.054798340353354
  -8.969498931501102
  -8.884813286689694
  -8.800741947269152
  -8.717285010084888
  -8.634441560501097
  -8.552211135856973
  -8.470591662158711
  -8.389579328529951
  -8.309177802176212
  -8.229386282784873
  -8.150202542468952
  -8.071626717812958
  -7.993655822036890
  -7.916290324507397
  -7.839530251632548
  -7.763373620859680
  -7.687820104040859
  -7.612868877137298
  -7.538518525872005
  -7.464767708746127
  -7.391615440752999
  -7.319060266912455
  -7.247100331634787
  -7.175733886763379
  -7.104958761618647
  -7.034772517791808
  -6.965172666751856
  -6.896156633265553
  -6.827721849824087
  -6.759865725933799
  -6.692585629806906
  -6.625878909658427
  -6.559742895469751
  -6.494174866493238
  -6.429172046728920
  -6.364731622825953
  -6.300850725482711
  -6.237526423551184
  -6.174755736560366
  -6.112535657489822
  -6.050863158878205
  -5.989735179379901
  -5.929148611242881
  -5.869100306142263
  -5.809587126649455
  -5.750605934105725
  -5.692153517779650
  -5.634226586688357
  -5.576821908701638
  -5.519936346486449
  -5.463566523801461
  -5.407709314691107
  -5.352361707431942
  -5.297520420360194
  -5.243181840573642
  -5.189343006023621
  -5.136000694074559
  -5.083151679223810
  -5.030792891730462
  -4.978921239744412
  -4.927533692319545
  -4.876627078019030
  -4.826198152917739
  -4.776243583528789
  -4.726759886757265
  -4.677743568460856
  -4.629191179350334
  -4.581099271502559
  -4.533464413418775
  -4.486283183355879
  -4.439552169485373
  -4.393267970402754
  -4.347427195298948
  -4.302026469996244
  -4.257062443566865
  -4.212531797302876
  -4.168431208319436
  -4.124757373621736
  -4.081506980650468
  -4.038676723827253
  -3.996263289950700
  -3.954263354163488
  -3.912673605560285
  -3.871490724376498
  -3.830711376801541
  -3.790332249338686
  -3.750350030386407
  -3.710761425126758
  -3.671563150193907
  -3.632751938212026
  -3.594324536946337
  -3.556277710746235
  -3.518608240665102
  -3.481312924948821
  -3.444388579291445
  -3.407832037400262
  -3.371640150751614
  -3.335809789324346
  -3.300337842510747
  -3.265221217546214
  -3.230456900163432
  -3.196041963009302
  -3.161973416301962
  -3.128248309535032
  -3.094863667626806
  -3.061816499142825
  -3.029103722578191
  -2.996722361037052
  -2.964669413654922
  -2.932941941457406
  -2.901537008888936
  -2.870451719957167
  -2.839683201699709
  -2.809228603328687
  -2.779085085862464
  -2.749249829915141
  -2.719720016681219
  -2.690492851912029
  -2.661565550578462
  -2.632935353926865
  -2.604599516787171
  -2.576555320453647
  -2.548800067741705
  -2.521331085366353
  -2.494145719969900
  -2.467241338553938
  -2.440615326760170
  -2.414265086933663
  -2.388188035230338
  -2.362381605215521
  -2.336843246431271
  -2.311570427924512
  -2.286560636258774
  -2.261811378160502
  -2.237320178613026
  -2.213084582894115
  -2.189102155074755
  -2.165370479784614
  -2.141887287226680
  -2.118650284008774
  -2.095657178889875
  -2.072905639300291
  -2.050393325294497
  -2.028117901572434
  -2.006077038437724
  -1.984268443046028
  -1.962689866536732
  -1.941339126778003
  -1.920214116321656
  -1.899312862683226
 -20.907042856937451
 -20.841214964292764
 -20.777291662071821
 -20.714427263623381
 -20.651010671849669
 -20.590312670220612
 -20.529107706449917
 -20.469105271027100
 -20.408846493576839
 -20.348654692812744
 -20.287827270952146
 -20.228609973205032
 -20.168885419576480
 -20.111333271805588
 -20.053130853511476
 -19.995364812214010
 -19.938104036458466
 -19.881137462328759
 -19.824954365796280
 -19.768340873080735
 -19.712145786406815
 -19.656506499566053
 -19.600605814675120
 -19.544752023526069
 -19.488777529378144
 -19.432737916182599
 -19.376496646327464
 -19.320519910209274
 -19.264529788651640
 -19.208345280771582
 -19.151734306803704
 -19.094855012320266
 -19.037818629513481
 -18.980898853928661
 -18.923649201909466
 -18.866217084635558
 -18.808571146446546
 -18.750638648050529
 -18.692372495332954
 -18.633802407584835
 -18.574881972387583
 -18.515489212108911
 -18.455625722253135
 -18.395368388409402
 -18.334681268062521
 -18.273450278669195
 -18.211638439809082
 -18.149325112135291
 -18.086527501657901
 -18.023133549879294
 -17.959113729712278
 -17.894340771858378
 -17.828733238979130
 -17.762279930536362
 -17.694946228387334
 -17.626650118154863
 -17.556508430432039
 -17.482198289046369
 -17.405235727342387
 -17.327322774400965
 -17.248451413855630
 -17.168570295533353
 -17.087743795878627
 -17.005868330169172
 -16.922878210080114
 -16.838530544448144
 -16.752222858787459
 -16.664707490722421
 -16.576390492486922
 -16.487241839407069
 -16.397244082122462
 -16.306416554289349
 -16.214786972302633
 -16.122249770282568
 -16.028884652128131
 -15.934869482298602
 -15.840240949518329
 -15.745066387343428
 -15.649379044915264
 -15.553160203670773
 -15.456410271468190
 -15.359199381889724
 -15.261577802181218
 -15.163600016870657
 -15.065337989977284
 -14.966805764807260
 -14.868011241349611
 -14.768967352304092
 -14.669702702665784
 -14.570257690101867
 -14.470665716475571
 -14.370939641111692
 -14.271094313861759
 -14.171151494073788
 -14.071144275137557
 -13.971093802083832
 -13.871015387304068
 -13.770931259511634
 -13.670892400050093
 -13.570930073771194
 -13.471038296379669
 -13.371219534261650
 -13.271492328519061
 -13.171883935548372
 -13.072409688186829
 -12.973075560242506
 -12.873894554293331
 -12.774885096722652
 -12.676063934637478
 -12.577445291470303
 -12.479041793082427
 -12.380867455769540
 -12.282935933857450
 -12.185259177039171
 -12.087849803237322
 -11.990720215004668
 -11.893882304111965
 -11.797347077966155
 -11.701134508002221
 -11.605259580584983
 -11.509732047774484
 -11.414559356233040
 -11.319746931142900
 -11.225306511534164
 -11.131246144365660
 -11.037573848631558
 -10.944296944400824
 -10.851424761899434
 -10.758964986978041
 -10.666924287217572
 -10.575309600233274
 -10.484128178966508
 -10.393386374373826
 -10.303090074844027
 -10.213245600380301
 -10.123859163731687
 -10.034936210408606
  -9.946482442665115
  -9.858503263102241
  -9.771003378186441
  -9.683987610251984
  -9.597461397372602
  -9.511429001987365
  -9.425895164908477
  -9.340864318971640
  -9.256339659327189
  -9.172324406655097
  -9.088822048675981
  -9.005835474854251
  -8.923368421368201
  -8.841423937340798
  -8.760004419284700
  -8.679113039724438
  -8.598751581905004
  -8.518921029039738
  -8.439625406922836
  -8.360867677594763
  -8.282649431536836
  -8.204974045129930
  -8.127842755666032
  -8.051255758333095
  -7.975214627933394
  -7.899720731230906
  -7.824774229327822
  -7.750373964317892
  -7.676520046910938
  -7.603212560417123
  -7.530453883456571
  -7.458245813313562
  -7.386584416461461
  -7.315470171822980
  -7.244902468520904
  -7.174879557312929
  -7.105401005406064
  -7.036465649719227
  -6.968071488781082
  -6.900217032231436
  -6.832900813491543
  -6.766121094385769
  -6.699876292901252
  -6.634164790399119
  -6.568984904295064
  -6.504334984044866
  -6.440213253993603
  -6.376617847687919
  -6.313546931281897
  -6.250998689378155
  -6.188971224464669
  -6.127462445243156
  -6.066470167542569
  -6.005992366039452
  -5.946027109430179
  -5.886572149694050
  -5.827624814778199
  -5.769182700068131
  -5.711243983627238
  -5.653806514770229
  -5.596866898384147
  -5.540422063864739
  -5.484470681367720
  -5.429010654788148
  -5.374039794353735
  -5.319556149632987
  -5.265556533884345
  -5.212037043989625
  -5.158995928293992
  -5.106430758303148
  -5.054338756709752
  -5.002717535136973
  -4.951564403498120
  -4.900876720140172
  -4.850651785732701
  -4.800886829758717
  -4.751579055215483
  -4.702725577282428
  -4.654323478693175
  -4.606369822184631
  -4.558861640587061
  -4.511795951344452
  -4.465169754784465
  -4.418980045570549
  -4.373223811783062
  -4.327898025838718
  -4.282999664689466
  -4.238525722745286
  -4.194473166339120
  -4.150838963809610
  -4.107620152883372
  -4.064813709165247
  -4.022416598433480
  -3.980425955854388
  -3.938838780258080
  -3.897652050615016
  -3.856862731420414
  -3.816467585792259
  -3.776463447507082
  -3.736847167218912
  -3.697615620310225
  -3.658765703389535
  -3.620294331616149
  -3.582198438231550
  -3.544474973158805
  -3.507120903215183
  -3.470133211035476
  -3.433508895098250
  -3.397244971325199
  -3.361338470824492
  -3.325786441771381
  -3.290585954349611
  -3.255734090392983
  -3.221227957923276
  -3.187064699135868
  -3.153241444559704
  -3.119755351028600
  -3.086603564701765
  -3.053783252523680
  -3.021291555140602
  -2.989125660568750
  -2.957282751829331
  -2.925760045384490
  -2.894554785216334
  -2.863664226494037
  -2.833085700095016
  -2.802816503555709
  -2.772853905024900
  -2.743195184693891
  -2.713837550932771
  -2.684778269309520
  -2.656014616450602
  -2.627543907931864
  -2.599363474627193
  -2.571470677877059
  -2.543862896251690
  -2.516537534146660
  -2.489492013855660
  -2.462723780004686
  -2.436230294928778
  -2.410009040860114
  -2.384057517139536
  -2.358373241288059
  -2.332953747642078
  -2.307796588510472
  -2.282899333184290
  -2.258259569210936
  -2.233874901764945
  -2.209742955240862
  -2.185861373390965
  -2.162227821975265
  -2.138839990866691
  -2.115695600547184
  -2.092792398471241
  -2.070128131683209
  -2.047700578670914
  -2.025507533155495
  -2.003546843382403
  -1.981816433271034
  -1.960314391884508
  -1.939039007676616
  -1.917988906189307
  -1.897163333155840
