 -25.689493586255633
 -25.529531192347246
 -25.380289782434033
 -25.233400496220039
 -25.096148666604222
 -24.960500317102767
 -24.826403981909305
 -24.698270516728289
 -24.571204166641632
 -24.445495639563120
 -24.321175272256202
 -24.200335182468265
 -24.081330570587919
 -23.962960847460206
 -23.845385466182641
 -23.728807493548157
 -23.614106238121632
 -23.500530873430542
 -23.387329950399689
 -23.274816796448896
 -23.162797830958130
 -23.051622699460786
 -22.941244573232133
 -22.831366057852215
 -22.721757480215484
 -22.612502529065221
 -22.503523251728279
 -22.394970601190959
 -22.286914391886857
 -22.179120808316057
 -22.071369569055836
 -21.963406983411623
 -21.855403220107114
 -21.747425463657532
 -21.639501974762595
 -21.531512612524040
 -21.423342062289151
 -21.314851851635058
 -21.206127545557589
 -21.097348238780214
 -20.988515321062383
 -20.879555380846750
 -20.770404217027451
 -20.661001326740813
 -20.551416890635391
 -20.441730131783288
 -20.331931273853090
 -20.221998989710482
 -20.111871968014587
 -20.001484688342973
 -19.890808747492475
 -19.779771834917472
 -19.668211543485103
 -19.556189826315418
 -19.443902573435047
 -19.331378542305931
 -19.218006947147973
 -19.103648392423970
 -18.988744247879225
 -18.873483623378224
 -18.757904037788002
 -18.641663765947300
 -18.524615492850110
 -18.407090810298843
 -18.289215419095484
 -18.170979858212426
 -18.052221689294036
 -17.932973107503081
 -17.813408274558615
 -17.693583459328952
 -17.573462538710949
 -17.453029595983889
 -17.332378012088562
 -17.211585364680904
 -17.090661110748528
 -16.969604170873541
 -16.848459610545479
 -16.727290037597907
 -16.606119640639150
 -16.484958273867900
 -16.363845126918161
 -16.242842185415892
 -16.121974916080024
 -16.001257354058566
 -15.880718165401325
 -15.760388079249267
 -15.640284420598290
 -15.520426646311234
 -15.400838075433182
 -15.281542910293428
 -15.162555100657544
 -15.043892090622276
 -14.925573849405271
 -14.807618188726849
 -14.690038981752839
 -14.572852327932265
 -14.456070299736666
 -14.339706972706063
 -14.223774637166130
 -14.108285701180483
 -13.993250299009450
 -13.878679935784511
 -13.764585418037829
 -13.650976519063924
 -13.537862214305738
 -13.425251653202464
 -13.313153353792377
 -13.201575025411355
 -13.090524080429631
 -12.980007804945037
 -12.870032983231372
 -12.760605942392633
 -12.651732873381510
 -12.543419748777833
 -12.435672125715243
 -12.328495256801327
 -12.221894161421368
 -12.115873615981402
 -12.010438122093477
 -11.905591920290171
 -11.801339031051322
 -11.697683260971502
 -11.594628175989422
 -11.492177137445712
 -11.390333272437298
 -11.289099558909534
 -11.188478831031672
 -11.088473531240810
 -10.989086025420809
 -10.890318203341595
 -10.792172091140895
 -10.694648124297741
 -10.597750804414428
 -10.501480436941819
 -10.405840000626322
 -10.310835588200176
 -10.216467328662194
 -10.122737143057140
 -10.029645371288536
  -9.937192235234185
  -9.845382292928894
  -9.754215313520824
  -9.663688968513785
  -9.573804229264155
  -9.484560398976761
  -9.395955649273725
  -9.307989884142344
  -9.220662205288285
  -9.133971146856895
  -9.047916135099037
  -8.962496033281994
  -8.877709384583424
  -8.793555090610957
  -8.710031716295990
  -8.627137604489787
  -8.544871102599545
  -8.463230712560758
  -8.382213901174376
  -8.301819536332342
  -8.222047177226584
  -8.142894633939708
  -8.064360387221944
  -7.986441791774415
  -7.909138037115098
  -7.832447665366261
  -7.756368464962718
  -7.680899210224465
  -7.606037994503598
  -7.531782811005201
  -7.458132003862362
  -7.385083563873951
  -7.312635442723136
  -7.240785558450113
  -7.169531626796338
  -7.098871274388268
  -7.028802042590172
  -6.959321334796464
  -6.890426517039197
  -6.822114904120785
  -6.754383742345667
  -6.687230277745902
  -6.620651766291127
  -6.554645544979419
  -6.489208941755662
  -6.424339099259771
  -6.360033056837819
  -6.296287736864942
  -6.233099869913081
  -6.170466074917626
  -6.108383016974924
  -6.046847380121384
  -5.985855820923338
  -5.925405015766421
  -5.865491638831048
  -5.806112354957737
  -5.747263818902001
  -5.688942681509734
  -5.631145606023969
  -5.573869249899411
  -5.517110243363381
  -5.460865204564877
  -5.405130815602695
  -5.349903760081713
  -5.295180708590373
  -5.240958286008778
  -5.187233206965605
  -5.134002140231890
  -5.081261794785136
  -5.029008915223131
  -4.977240266507909
  -4.925952632962789
  -4.875142760447288
  -4.824807379946411
  -4.774943177373212
  -4.725546786662775
  -4.676614831042341
  -4.628143934221834
  -4.580130713858874
  -4.532571791858023
  -4.485463792577466
  -4.438803345965780
  -4.392587088853741
  -4.346811666856148
  -4.301473737215132
  -4.256569985941653
  -4.212097276352941
  -4.168052406749986
  -4.124432169947399
  -4.081233340781691
  -4.038452684112049
  -3.996086823440032
  -3.954132380598618
  -3.912586026097005
  -3.871444438010046
  -3.830704321786512
  -3.790362399368926
  -3.750415411234689
  -3.710860115625604
  -3.671693286266179
  -3.632911713844195
  -3.594512204247434
  -3.556491579760789
  -3.518846678186924
  -3.481574353571832
  -3.444671475872833
  -3.408134931426905
  -3.371961622823592
  -3.336148469284177
  -3.300692406772603
  -3.265590388097829
  -3.230839401799852
  -3.196436480107103
  -3.162378665773838
  -3.128663030969218
  -3.095286647291827
  -3.062246597222755
  -3.029539936876207
  -2.997163748121098
  -2.965115101769984
  -2.933391104531831
  -2.901988862863405
  -2.870905516314946
  -2.840138212765780
  -2.809684128584557
  -2.779540452691994
  -2.749704397177628
  -2.720173187103397
  -2.690944067846093
  -2.662014297770800
  -2.633381155715610
  -2.605041934540746
  -2.576993954223940
  -2.549234571292494
  -2.521761156171355
  -2.494571099231264
  -2.467661802389456
  -2.441030683655357
  -2.414675164428375
  -2.388592665245969
  -2.362780627317408
  -2.337236504997308
  -2.311957775485650
  -2.286941932731572
  -2.262186492805347
  -2.237688989549567
  -2.213446977909030
  -2.189458030879428
  -2.165719741747918
  -2.142230362447777
  -2.118987666651356
  -2.095989165713918
  -2.073232466059671
  -2.050715043977535
  -2.028434499835575
  -2.006388382554831
  -1.984574344765724
  -1.962990027721508
  -1.941633158031523
  -1.920501473740373
  -1.899592789246813
 -20.470044270469515
 -20.433703067619746
 -20.396915790727494
 -20.359714759982197
 -20.321911043841990
 -20.283788782267649
 -20.244953720878392
 -20.205540339266182
 -20.165806513190844
 -20.125368518841714
 -20.084395173616159
 -20.042971098007545
 -20.000868580955558
 -19.958213864196534
 -19.915182176889914
 -19.871455958896060
 -19.827036775824780
 -19.782086852597800
 -19.736634263067472
 -19.690522776813900
 -19.643758687142370
 -19.596397918380116
 -19.548482627667660
 -19.499863311482482
 -19.450570238325056
 -19.400627641913854
 -19.350158603911531
 -19.299096788138542
 -19.247318973089008
 -19.194810913866387
 -19.141558429339927
 -19.087554260571078
 -19.032900265183603
 -18.977777903023597
 -18.921945093422178
 -18.865382125947129
 -18.808079733782932
 -18.750031767103955
 -18.691234408166459
 -18.631684933173212
 -18.571401070083787
 -18.510442037335689
 -18.448825867633946
 -18.386503495524366
 -18.323449377171990
 -18.259649484238661
 -18.195094867803711
 -18.129776710645334
 -18.063680823072485
 -17.996787994706022
 -17.929083917602568
 -17.860558113108940
 -17.791175444137583
 -17.720009362395174
 -17.647354512271473
 -17.572966245512799
 -17.497043853466415
 -17.419567476810688
 -17.340574015969811
 -17.260140369371314
 -17.178394769022940
 -17.095442865797864
 -17.011360282339183
 -16.926197219241210
 -16.840013293209463
 -16.752867004384427
 -16.664808530302430
 -16.575882462551188
 -16.486128333389040
 -16.395594862941543
 -16.304333651669349
 -16.212389392348221
 -16.119797817579169
 -16.026589300461993
 -15.932799805507424
 -15.838464260675481
 -15.743615279856757
 -15.648283810717491
 -15.552500366840274
 -15.456297930655387
 -15.359707344531794
 -15.262766184369777
 -15.165510254820823
 -15.067989902587616
 -14.970225051276772
 -14.872245365801247
 -14.774062562430723
 -14.675701170923677
 -14.577176942081730
 -14.478513085555717
 -14.379729546581506
 -14.280847601218085
 -14.181887048983432
 -14.082877572812345
 -13.983831692948650
 -13.884769323166779
 -13.785708432471111
 -13.686670854065497
 -13.587676023638746
 -13.488741198100588
 -13.389882583201224
 -13.291116077402915
 -13.192456920149890
 -13.093919987906084
 -12.995520096434417
 -12.897271815376930
 -12.799189392709355
 -12.701286783425255
 -12.603577689166816
 -12.506075522119561
 -12.408793375856627
 -12.311744098215017
 -12.214940292620520
 -12.118394218552675
 -12.022117781233415
 -11.926122530886950
 -11.830419711673917
 -11.735020275699764
 -11.639934830866590
 -11.545173681883677
 -11.450746846227931
 -11.356664093106579
 -11.262935223941184
 -11.169569843709533
 -11.076577060846294
 -10.983965990808709
 -10.891745282856336
 -10.799923099668780
 -10.708507132170491
 -10.617504421347084
 -10.526921817882917
 -10.436765952746528
 -10.347042755116711
 -10.257758042430913
 -10.168918173950592
 -10.080528931854127
  -9.992595748042151
  -9.905124069402262
  -9.818118698114771
  -9.731584808452906
  -9.645527586899657
  -9.559951315360562
  -9.474860483453693
  -9.390259469616430
  -9.306151878227762
  -9.222541237577365
  -9.139430949374070
  -9.056823924975955
  -8.974722912982632
  -8.893130638845699
  -8.812049434132847
  -8.731481359641807
  -8.651428577376677
  -8.571892709907804
  -8.492874830202664
  -8.414377074262953
  -8.336399314381154
  -8.258941830453278
  -8.182008797885675
  -8.105601079817912
  -8.029719987125150
  -7.954365702852619
  -7.879538022774215
  -7.805239394104143
  -7.731470613253459
  -7.658232332777079
  -7.585525551641108
  -7.513350871904617
  -7.441708737526918
  -7.370599365706098
  -7.300023119114393
  -7.229979946221989
  -7.160469603918783
  -7.091491552391470
  -7.023045016997565
  -6.955128976406207
  -6.887742165161117
  -6.820883327210189
  -6.754551159618352
  -6.688744276180182
  -6.623461264094688
  -6.558700649971989
  -6.494460912240024
  -6.430740465350102
  -6.367537643345876
  -6.304850717211148
  -6.242677883541202
  -6.181017257882149
  -6.119866884978440
  -6.059224761599743
  -5.999088839999165
  -5.939457021170724
  -5.880327143859358
  -5.821696986386107
  -5.763564313275448
  -5.705926865490656
  -5.648782306451244
  -5.592128206144294
  -5.535962162592388
  -5.480281834476449
  -5.425084655949603
  -5.370368301870609
  -5.316130484176636
  -5.262368699103940
  -5.209080084327368
  -5.156262373763465
  -5.103913021865807
  -5.052029534821630
  -5.000609470410324
  -4.949650407807075
  -4.899149949513846
  -4.849105548541250
  -4.799514588175575
  -4.750374337572710
  -4.701681919546946
  -4.653434428028888
  -4.605628985263317
  -4.558262705038424
  -4.511332703985428
  -4.464836096051862
  -4.418769993555681
  -4.373131506977686
  -4.327917746111200
  -4.283125825568282
  -4.238752871553376
  -4.194796030849898
  -4.151252436296850
  -4.108119229731002
  -4.065393534085328
  -4.023072469876116
  -3.981153139787863
  -3.939632627039418
  -3.898508019017495
  -3.857776384324461
  -3.817434770840567
  -3.777480235497076
  -3.737909828664179
  -3.698720609364432
  -3.659909638468414
  -3.621473985427173
  -3.583410725773862
  -3.545716944117562
  -3.508389733418432
  -3.471426196320336
  -3.434823445094056
  -3.398578602652799
  -3.362688802272829
  -3.327151188597973
  -3.291962918566166
  -3.257121160145718
  -3.222623150884877
  -3.188466206664751
  -3.154647578373430
  -3.121164548692466
  -3.088014370645299
  -3.055194276534013
  -3.022701405265623
  -2.990532991425781
  -2.958686240980281
  -2.927158415790998
  -2.895946775197830
  -2.865048613272508
  -2.834461240945072
  -2.804181987037310
  -2.774208186996808
  -2.744537191253686
  -2.715166346442249
  -2.686093019017651
  -2.657314580177494
  -2.628828423089935
  -2.600631950065480
  -2.572722585854903
  -2.545097772305973
  -2.517754971431136
  -2.490691661044687
  -2.463905335813459
  -2.437393505180470
  -2.411153692001337
  -2.385183429409506
  -2.359480264734561
  -2.334041757904691
  -2.308865485219914
  -2.283949037294875
  -2.259290021895995
  -2.234886062018777
  -2.210734798079067
  -2.186833886421185
  -2.163181001209313
  -2.139773956696667
  -2.116610542534584
  -2.093688548096336
  -2.071005720590509
  -2.048559797417107
  -2.026348518766355
  -2.004369628107342
  -1.982620903265008
  -1.961100163362522
  -1.939805291386705
  -1.918734242205352
  -1.897885101774901
 -18.060469809460162
 -18.042550230284284
 -18.024298922518263
 -18.005600717650488
 -17.986540394479928
 -17.967031508839600
 -17.947046875589383
 -17.926687268355273
 -17.905815423373511
 -17.884565507925323
 -17.862816159020383
 -17.840555822035160
 -17.817856453117351
 -17.794622050921351
 -17.770899041670106
 -17.746725275371926
 -17.721992479977921
 -17.696762318895694
 -17.671048582811615
 -17.644760145834962
 -17.617949462977062
 -17.590608675403352
 -17.562654898710420
 -17.534079890381570
 -17.504966453048290
 -17.475294927776627
 -17.445011830552197
 -17.414135232270958
 -17.382694874002500
 -17.350595493165319
 -17.317828004042138
 -17.284389699280812
 -17.250392918872063
 -17.215713636287020
 -17.180332355794238
 -17.144240234469269
 -17.107437251043429
 -17.069977001811527
 -17.031774918227374
 -16.992822622527306
 -16.953095235016288
 -16.912553509725463
 -16.871164786148121
 -16.828955628747458
 -16.785818448590398
 -16.741685916416859
 -16.696545860153616
 -16.650244357390719
 -16.602677553628784
 -16.553847762135142
 -16.503375740260534
 -16.451241635474606
 -16.397596418579841
 -16.342517662300374
 -16.286061409633685
 -16.228282141530006
 -16.169251222083993
 -16.109030429756501
 -16.047669788003724
 -15.985216986919642
 -15.921722814180850
 -15.857242682022401
 -15.791740984454917
 -15.725243416672710
 -15.657774120626566
 -15.589364317500875
 -15.520048000950355
 -15.449860259014583
 -15.378841370434410
 -15.307054937980867
 -15.234584313102559
 -15.161376764724608
 -15.087402564682925
 -15.012686839915562
 -14.937253677209545
 -14.861125751343089
 -14.784326178758842
 -14.706878048584169
 -14.628802230575943
 -14.550121303373594
 -14.470896421979832
 -14.391336966600623
 -14.311336399999270
 -14.230831860324534
 -14.149846520506520
 -14.068401887810971
 -13.986516376060436
 -13.904209569835841
 -13.821502512836965
 -13.738416066720301
 -13.654970391059535
 -13.571185750449876
 -13.487084592505189
 -13.402684783056982
 -13.318017138763802
 -13.233147779565702
 -13.148123384508720
 -13.062936837990767
 -12.977575732069397
 -12.892045330778920
 -12.806357380631715
 -12.720525943234396
 -12.634566167412864
 -12.548493924584220
 -12.462325529143351
 -12.376077421178692
 -12.289765938957453
 -12.203407286561962
 -12.117017556314238
 -12.030612678545223
 -11.944208377629460
 -11.857820174313865
 -11.771463416668686
 -11.685153227129545
 -11.598904387832549
 -11.512731411794181
 -11.426648492440119
 -11.340669550563691
 -11.254808145800627
 -11.169078827030598
 -11.083503176831858
 -10.998095279125000
 -10.912871358983255
 -10.827843318396592
 -10.743024286776814
 -10.658423556594276
 -10.574046359845733
 -10.489901912523999
 -10.405997908502298
 -10.322343714398283
 -10.238948054398573
 -10.155819985625826
 -10.072968120533259
  -9.990401291875230
  -9.908128164692059
  -9.826157114241768
  -9.744496594394338
  -9.663154656225659
  -9.582138960681950
  -9.501456916128063
  -9.421116326507146
  -9.341124320104937
  -9.261488236160453
  -9.182215073424853
  -9.103311113316382
  -9.024782128588688
  -8.946633811992312
  -8.868871060267873
  -8.791499330626678
  -8.714523982097745
  -8.637949667787366
  -8.561781324187457
  -8.486023520213328
  -8.410679394018553
  -8.335753473471742
  -8.261250241003690
  -8.187172752238149
  -8.113525345848302
  -8.040311631182245
  -7.967534637734060
  -7.895197129828525
  -7.823301833325194
  -7.751852554110476
  -7.680851864939350
  -7.610301994030832
  -7.540205301398615
  -7.470563965153151
  -7.401384031588629
  -7.332666278770041
  -7.264411600922529
  -7.196621151161617
  -7.129295647892810
  -7.062436167391414
  -6.996043358056125
  -6.930117707433411
  -6.864659151850799
  -6.799667665312450
  -6.735143312034610
  -6.671086006051634
  -6.607495639425167
  -6.544372065469494
  -6.481715098001197
  -6.419524484926377
  -6.357799845646991
  -6.296540699354075
  -6.235746547045915
  -6.175416885439429
  -6.115551098621318
  -6.056148352968103
  -5.997207717514594
  -5.938728385524962
  -5.880709596615772
  -5.823150256749368
  -5.766048859150526
  -5.709404161694168
  -5.653215409811184
  -5.597481493663016
  -5.542200100446526
  -5.487369315965165
  -5.432988762575263
  -5.379057224618405
  -5.325573689013208
  -5.272536998907598
  -5.219944954255332
  -5.167794653421267
  -5.116085275111109
  -5.064815086673241
  -5.013982410406496
  -4.963585575396737
  -4.913622772816495
  -4.864092198352437
  -4.814991932219945
  -4.766320020074608
  -4.718074429706045
  -4.670253044105078
  -4.622853695617997
  -4.575874178036939
  -4.529312245338239
  -4.483165619914117
  -4.437431993294788
  -4.392109037941635
  -4.347194404896719
  -4.302685716818316
  -4.258580587037105
  -4.214876631756671
  -4.171571426555502
  -4.128662537253375
  -4.086147582465202
  -4.044024106745346
  -4.002289637020476
  -3.960941847799000
  -3.919978267746417
  -3.879396403070488
  -3.839193722580487
  -3.799367494799657
  -3.759915044512444
  -3.720833695453601
  -3.682120792275982
  -3.643773684205071
  -3.605789731495913
  -3.568166299583138
  -3.530900761115696
  -3.493990494452028
  -3.457432883898603
  -3.421225319276951
  -3.385365198063485
  -3.349849923131900
  -3.314676905000946
  -3.279843566639293
  -3.245347333717194
  -3.211185649021937
  -3.177355980122749
  -3.143855775412835
  -3.110682501186766
  -3.077833604676006
  -3.045306546829940
  -3.013098754163787
  -2.981207693381470
  -2.949630817523948
  -2.918365607347126
  -2.887409561799280
  -2.856760185943342
  -2.826415051178892
  -2.796371690828959
  -2.766627603550269
  -2.737180292924716
  -2.708027186529946
  -2.679165762188479
  -2.650593501916868
  -2.622307921835636
  -2.594306546577766
  -2.566586926544897
  -2.539146623100919
  -2.511983218780768
  -2.485094308260647
  -2.458477503986739
  -2.432130430806597
  -2.406050729032240
  -2.380236051171784
  -2.354684063637510
  -2.329392445078692
  -2.304358888002040
  -2.279581097607113
  -2.255056793405247
  -2.230783708495162
  -2.206759591418030
  -2.182982206244017
  -2.159449335417529
  -2.136158781819197
  -2.113108375366959
  -2.090295969444536
  -2.067719414154765
  -2.045376587597675
  -2.023265380097592
  -2.001383733033921
  -1.979729659745194
  -1.958301334008953
  -1.937097124021950
  -1.916115728665872
  -1.895356456731595
