   0.026349466155508
   0.008079398226764
   0.004018439251948
   0.005292254003798
   0.003273393780205
   0.004198438379595
   0.004480973105932
   0.002984921072001
   0.003405812542630
   0.004347131051728
   0.004238292543965
   0.003049607888450
   0.003105918471116
   0.003563836032731
   0.003882696959190
   0.003789122168946
   0.003448156977778
   0.003451300400183
   0.003697217817936
   0.003419450725526
   0.003540600040519
   0.003502228281138
   0.003350269613781
   0.003366249031964
   0.003272682010822
   0.003356737529341
   0.003143746843390
   0.003143979098697
   0.003080657139737
   0.003001384279533
   0.002878985716368
   0.002871761713252
   0.002530433668619
   0.002462234523278
   0.002330972138454
   0.002208826340627
   0.002070436370708
   0.001954511739428
   0.001820783999249
   0.001696663884526
   0.001633555931882
   0.001555344703851
   0.001448851896046
   0.001357126035449
   0.001226284669323
   0.001143233071344
   0.001066688040322
   0.001020631658850
   0.000950634073850
   0.000921349370761
   0.000759905834308
   0.000810498397099
   0.000748695419466
   0.000775096110572
   0.000749325325607
   0.000726863233485
   0.000685081647809
   0.000667030990519
   0.000651813007334
   0.000632932401439
   0.000604669254896
   0.000586711022665
   0.000573771569492
   0.000557323889917
   0.000538728927386
   0.000518339626844
   0.000504478789353
   0.000493303042299
   0.000479825252798
   0.000465393182800
   0.000454411082289
   0.000448258773379
   0.000441070651394
   0.000430609421267
   0.000421643424503
   0.000420797026283
   0.000418964272962
   0.000409980569943
   0.000402867874913
   0.000399442397440
   0.000395634888147
   0.000384777664949
   0.000381332519085
   0.000377835430092
   0.000373017577499
   0.000368101269129
   0.000363831058121
   0.000359144061866
   0.000354378667807
   0.000349797175369
   0.000345638488424
   0.000341213853266
   0.000337139491305
   0.000332825358121
   0.000328553803907
   0.000324181844241
   0.000319753403762
   0.000315433638730
   0.000311107938843
   0.000306723820480
   0.000302313293945
   0.000297944186269
   0.000293494760400
   0.000288998577149
   0.000284486391965
   0.000279996454109
   0.000275420226023
   0.000270775471479
   0.000266167953943
   0.000261582654037
   0.000256798734758
   0.000251987955568
   0.000247376450802
   0.000242497511414
   0.000237303192664
   0.000232669932163
   0.000227724818421
   0.000221880341470
   0.000217167613953
   0.000212201437463
   0.000205182488112
   0.000200371684880
   0.000195510190324
   0.000186748645607
   0.000181958284994
   0.000177435022194
   0.000166505506254
   0.000161811157377
   0.000157525613933
   0.000145796524323
   0.000141134145516
   0.000136437411250
   0.000132080294733
   0.000127411558995
   0.000122609118498
   0.000118271169081
   0.000113536170021
   0.000108751032745
   0.000104427179359
   0.000099793086503
   0.000095053790365
   0.000091026930070
   0.000086734630867
   0.000082941566748
   0.000078935339591
   0.000074812028613
   0.000071253664353
   0.000067216303868
   0.000063276011204
   0.000060161989367
   0.000056122137897
   0.000052695377494
   0.000050071723975
   0.000046461451103
   0.000043849066298
   0.000041605163671
   0.000039389974756
   0.000037299888603
   0.000035244002827
   0.000033274594767
   0.000031377519653
   0.000029550030266
   0.000027793702712
   0.000026115997425
   0.000024501723977
   0.000022961798055
   0.000021500272556
   0.000020092254672
   0.000018763476857
   0.000017504124318
   0.000016292931767
   0.000015166217536
   0.000014090262077
   0.000013075405116
   0.000012123341139
   0.000011217800914
   0.000010365179474
   0.000009560302347
   0.000008800238214
   0.000008083692477
   0.000007415298297
   0.000006777166169
   0.000006188689471
   0.000005642832850
   0.000005133426302
   0.000004664564018
   0.000004226753235
   0.000003819610126
   0.000003441720828
   0.000003093270013
   0.000002775307383
   0.000002482823379
   0.000002220499396
   0.000001983670632
   0.000001768210697
   0.000001583940341
   0.000001410953370
   0.000001265007429
   0.000001132530543
   0.000001012359681
   0.000000903549597
   0.000000805163451
   0.000000716440251
   0.000000636513399
   0.000000564474344
   0.000000499934829
   0.000000442030403
   0.000000390576291
   0.000000344275683
   0.000000303084550
   0.000000266907243
   0.000000234644470
   0.000000206203334
   0.000000180871330
   0.000000158281486
   0.000000138137807
   0.000000120249682
   0.000000104444541
   0.000000090510151
   0.000000078245397
   0.000000067499521
   0.000000058088437
   0.000000049916377
   0.000000042728893
   0.000000036623595
   0.000000031372828
   0.000000026761784
   0.000000022863823
   0.000000019415884
   0.000000016435968
   0.000000013888073
   0.000000011707526
   0.000000009847272
   0.000000008270611
   0.000000006933183
   0.000000005797860
   0.000000004836948
   0.000000004025369
   0.000000003340397
   0.000000002765283
   0.000000002282279
   0.000000001878964
   0.000000001541811
   0.000000001262461
   0.000000001029569
   0.000000000838557
   0.000000000679735
   0.000000000550871
   0.000000000444734
   0.000000000359112
   0.000000000289809
   0.000000000232779
   0.000000000186191
   0.000000000148151
   0.000000000117027
   0.000000000092245
   0.000000000072280
   0.000000000056585
   0.000000000043971
   0.000000000034204
   0.000000000026376
   0.000000000020410
   0.000000000015651
   0.000000000012053
   0.000000000009190
   0.000000000007021
   0.000000000005311
   0.000000000004017
   0.000000000003014
   0.000000000002257
   0.000000000001680
   0.000000000001246
   0.000000000000917
   0.000000000000672
   0.000000000000489
   0.000000000000353
   0.000000000000254
   0.000000000000181
   0.000000000000128
   0.000000000000090
   0.000000000000063
   0.000000000000043
   0.000000000000030
   0.000000000000020
   0.000000000000014
   0.000000000000009
   0.000000000000006
   0.000000000000004
   0.000000000000002
   0.000000000000002
   0.000000000000001
   0.000000000000001
   0.000000000000000
   0.000000000000000
   0.000000000000000
   0.000000000000000
   0.000000000000000
   0.000000000000000
   0.000000000000000
   0.000000000000000
   0.007583157360593
   0.002545030858983
   0.001270207681959
   0.001606657639183
   0.001228142135550
   0.001536202799732
   0.001496096959343
   0.000974537003865
   0.003218469432181
   0.006784784603570
   0.003183721021140
   0.002699013985177
   0.002787068253205
   0.003225293319794
   0.007120620911820
   0.004842026790157
   0.004099380817742
   0.005501977569774
   0.007219129814784
   0.005481176895133
   0.007193211230466
   0.007494928557471
   0.007651428165031
   0.008229573354583
   0.008683859951322
   0.009285476061171
   0.009591130912084
   0.010038474634324
   0.010501193612553
   0.010608972961288
   0.010560425013486
   0.011275126896753
   0.009594994862416
   0.009988082616571
   0.009529662113079
   0.009140159198132
   0.008894903712425
   0.008418037349069
   0.008117776293199
   0.007714429392495
   0.007828735021969
   0.007477142525625
   0.007103414691827
   0.006725778026945
   0.006275066805974
   0.005911442221724
   0.005433073835313
   0.005061900561346
   0.004550004235046
   0.004285376840312
   0.003541448647465
   0.003672416589179
   0.003090441539697
   0.003242844980879
   0.003071182331075
   0.002933685488776
   0.002873823643878
   0.002768863520239
   0.002687299464152
   0.002587563211111
   0.002473846251146
   0.002366260431142
   0.002246823606591
   0.002140986583170
   0.002028989038592
   0.001924053703515
   0.001822301604965
   0.001726618142935
   0.001629649186781
   0.001539510666424
   0.001447623803408
   0.001376853985435
   0.001308959592218
   0.001248198090450
   0.001192221837581
   0.001151609033868
   0.001105050854929
   0.001076751679022
   0.001031244242016
   0.001016083701949
   0.000985832737254
   0.000988598806070
   0.000983601892845
   0.000968923999149
   0.000950319562589
   0.000931029571335
   0.000913959445109
   0.000896328534218
   0.000881160689234
   0.000864063188904
   0.000848910395969
   0.000832562308353
   0.000819101611676
   0.000803455818153
   0.000793278084512
   0.000783324103891
   0.000769809324452
   0.000756704898888
   0.000743927953572
   0.000731416987021
   0.000718943272772
   0.000706850008134
   0.000694683652012
   0.000682523264942
   0.000670438971455
   0.000658506794205
   0.000646445946190
   0.000634576905575
   0.000622636738852
   0.000610761518607
   0.000598881948137
   0.000586860081655
   0.000575089663824
   0.000563282104804
   0.000551503962587
   0.000539342938355
   0.000528678797632
   0.000516011264710
   0.000504963073342
   0.000494359045828
   0.000482626078067
   0.000470808532932
   0.000460691439812
   0.000447193569528
   0.000435408857402
   0.000424516521187
   0.000410714586655
   0.000399730091333
   0.000389179440914
   0.000377101244597
   0.000366794785419
   0.000356190676841
   0.000346707344543
   0.000336243265224
   0.000325449231643
   0.000315434931544
   0.000304948561993
   0.000294171787754
   0.000284190860985
   0.000273720177690
   0.000263085234684
   0.000253180081705
   0.000242763050613
   0.000232552895410
   0.000222866195653
   0.000212139933501
   0.000202273068405
   0.000191967559789
   0.000180724549830
   0.000171829806191
   0.000159755432989
   0.000148805317017
   0.000141706464762
   0.000127342415014
   0.000119470978942
   0.000113893474102
   0.000108266455240
   0.000103063559267
   0.000097825218160
   0.000092813246351
   0.000087942383561
   0.000083238267934
   0.000078692742451
   0.000074301858374
   0.000070098563636
   0.000065999246596
   0.000062127861922
   0.000058364276731
   0.000054797304366
   0.000051415382342
   0.000048085990794
   0.000045062781056
   0.000042136812647
   0.000039386790803
   0.000036839825776
   0.000034352319763
   0.000032012025183
   0.000029766536073
   0.000027638933953
   0.000025616168690
   0.000023698347255
   0.000021875294538
   0.000020153973040
   0.000018522921252
   0.000016983929871
   0.000015530148086
   0.000014156518532
   0.000012865995684
   0.000011647296845
   0.000010503114117
   0.000009432610463
   0.000008428568412
   0.000007496838204
   0.000006652378769
   0.000005823154438
   0.000005185800495
   0.000004437193490
   0.000004003489096
   0.000003419936963
   0.000003070781238
   0.000002754328384
   0.000002466487893
   0.000002204714986
   0.000001968794377
   0.000001754287419
   0.000001563436401
   0.000001388771275
   0.000001233287615
   0.000001091245595
   0.000000966088606
   0.000000854953959
   0.000000755317983
   0.000000667690899
   0.000000589045593
   0.000000518085685
   0.000000454581808
   0.000000398061034
   0.000000347834682
   0.000000303215904
   0.000000263783929
   0.000000229055312
   0.000000198441452
   0.000000171576456
   0.000000148043753
   0.000000127480481
   0.000000109567015
   0.000000093988493
   0.000000080432067
   0.000000068734043
   0.000000058507977
   0.000000049795071
   0.000000042203491
   0.000000035752660
   0.000000030259616
   0.000000025553605
   0.000000021530317
   0.000000018107100
   0.000000015187080
   0.000000012704590
   0.000000010605945
   0.000000008826646
   0.000000007328674
   0.000000006067257
   0.000000005010735
   0.000000004123343
   0.000000003388006
   0.000000002769501
   0.000000002264213
   0.000000001838572
   0.000000001494610
   0.000000001215905
   0.000000000984554
   0.000000000796175
   0.000000000640530
   0.000000000511413
   0.000000000407372
   0.000000000322686
   0.000000000255292
   0.000000000200467
   0.000000000157582
   0.000000000122583
   0.000000000095856
   0.000000000073937
   0.000000000057701
   0.000000000044350
   0.000000000034462
   0.000000000026316
   0.000000000020242
   0.000000000015351
   0.000000000011682
   0.000000000008791
   0.000000000006616
   0.000000000004935
   0.000000000003671
   0.000000000002711
   0.000000000001993
   0.000000000001455
   0.000000000001057
   0.000000000000762
   0.000000000000546
   0.000000000000389
   0.000000000000275
   0.000000000000192
   0.000000000000134
   0.000000000000092
   0.000000000000063
   0.000000000000043
   0.000000000000029
   0.000000000000019
   0.000000000000013
   0.000000000000008
   0.000000000000005
   0.000000000000003
   0.000000000000002
   0.000000000000001
   0.000000000000001
   0.000000000000000
   0.000000000000000
   0.000000000000000
   0.000000000000000
   0.000042536350787
   0.000095913580327
   0.000062100654098
   0.000029541551428
   0.000100551517285
   0.000094634784023
   0.000080172233375
   0.000048593001016
   0.000369686339601
   0.000855619587793
   0.000332202161515
   0.000299881095811
   0.000334980099211
   0.000370282192815
   0.000933275808544
   0.000627480878306
   0.000618426810656
   0.000781294595548
   0.001081983735554
   0.000816494220265
   0.001417825717981
   0.001654820447127
   0.001435839381053
   0.001532931032262
   0.002125308238244
   0.001974192346586
   0.002310463220249
   0.002395022033235
   0.003014662221140
   0.002997681912740
   0.003184772972972
   0.003672440663915
   0.003503538066009
   0.003985368684474
   0.004189998818245
   0.004221324250804
   0.004847377887851
   0.004562377801050
   0.004894431811122
   0.004909108145065
   0.005545285865974
   0.005201387563331
   0.005369782737084
   0.005520512237271
   0.005387832292665
   0.005482231111148
   0.005280299639585
   0.005090874089675
   0.005050202297345
   0.004529820021732
   0.004369930932398
   0.004316916709693
   0.003313452547806
   0.003648608639951
   0.003358604397921
   0.003013005354227
   0.003059488425564
   0.002825648568081
   0.002737281208980
   0.002615731754271
   0.002498345377411
   0.002368745585666
   0.002201180681621
   0.002116040395886
   0.001976590333096
   0.001864657992276
   0.001743447000528
   0.001629256876230
   0.001516590252407
   0.001409492654630
   0.001258197763561
   0.001159447576051
   0.001069653564203
   0.000986155907211
   0.000909826522872
   0.000845739724929
   0.000788461172471
   0.000742657792739
   0.000702318488730
   0.000680259782773
   0.000590307373843
   0.000647420704530
   0.000631103818014
   0.000616410158329
   0.000598374005245
   0.000580741969483
   0.000562904214029
   0.000547077936397
   0.000534332143930
   0.000519747095183
   0.000505158110468
   0.000490011365266
   0.000474396586307
   0.000457064277210
   0.000459257937486
   0.000462171100369
   0.000451630358637
   0.000441759922480
   0.000432531273407
   0.000423842316299
   0.000415597282305
   0.000407493464301
   0.000399988318105
   0.000392160264886
   0.000384576745843
   0.000377226896189
   0.000370004130897
   0.000362985884651
   0.000355593337182
   0.000348158588949
   0.000340848913395
   0.000332987375401
   0.000325904586501
   0.000317672203914
   0.000311088986395
   0.000301908569926
   0.000296411264142
   0.000286172576688
   0.000281234452784
   0.000275656332668
   0.000272067720065
   0.000266214646159
   0.000263615158711
   0.000257308886984
   0.000250938686021
   0.000244885442318
   0.000238749229383
   0.000232818482837
   0.000226959161314
   0.000221151028468
   0.000215388926170
   0.000209541009787
   0.000203832234507
   0.000198049322056
   0.000192240270819
   0.000186517657259
   0.000180782347309
   0.000174995218075
   0.000169351191403
   0.000163641813234
   0.000157861870266
   0.000152281595135
   0.000146564292325
   0.000140899433085
   0.000135454536713
   0.000130096265641
   0.000124564707984
   0.000119539574690
   0.000113908485140
   0.000108651708594
   0.000103545081129
   0.000098240357774
   0.000094033564885
   0.000089178803367
   0.000085195664776
   0.000081659925187
   0.000078093493810
   0.000074839486787
   0.000071523609561
   0.000068341973303
   0.000065189529041
   0.000062140269758
   0.000059205329003
   0.000056310783786
   0.000053592979876
   0.000050757813953
   0.000048119218335
   0.000045558590541
   0.000043093122875
   0.000040739822757
   0.000038451021280
   0.000036259425978
   0.000034197624536
   0.000032202290933
   0.000030389670795
   0.000028620413655
   0.000026923177887
   0.000025301246450
   0.000023706183862
   0.000022217970024
   0.000020775552833
   0.000019398976778
   0.000018074986230
   0.000016798815694
   0.000015586574283
   0.000014422935412
   0.000013300506601
   0.000012226893149
   0.000011182898149
   0.000010184196844
   0.000009206587695
   0.000008279241988
   0.000007348438498
   0.000006518253998
   0.000005570385248
   0.000004935024868
   0.000003888561549
   0.000003541251070
   0.000002554460375
   0.000002303643665
   0.000002079035136
   0.000001872311345
   0.000001679395914
   0.000001508457431
   0.000001352946610
   0.000001219161345
   0.000001087335601
   0.000000970811490
   0.000000865978376
   0.000000774079912
   0.000000686909214
   0.000000609423031
   0.000000540648365
   0.000000479169727
   0.000000422557816
   0.000000372487300
   0.000000328215988
   0.000000288400905
   0.000000252664788
   0.000000221218452
   0.000000193353469
   0.000000168494187
   0.000000146575819
   0.000000127326469
   0.000000110310917
   0.000000095344810
   0.000000082292989
   0.000000070799718
   0.000000060848572
   0.000000052045342
   0.000000044616249
   0.000000037900685
   0.000000032384748
   0.000000027650691
   0.000000023513236
   0.000000019961908
   0.000000016926455
   0.000000014299354
   0.000000012056201
   0.000000010147806
   0.000000008510819
   0.000000007124607
   0.000000005949145
   0.000000004953014
   0.000000004113105
   0.000000003407761
   0.000000002813439
   0.000000002318308
   0.000000001903721
   0.000000001559210
   0.000000001273552
   0.000000001036575
   0.000000000841349
   0.000000000680634
   0.000000000548501
   0.000000000440873
   0.000000000352536
   0.000000000281417
   0.000000000223052
   0.000000000176874
   0.000000000138708
   0.000000000109405
   0.000000000084688
   0.000000000066794
   0.000000000051572
   0.000000000040686
   0.000000000031242
   0.000000000024390
   0.000000000018625
   0.000000000014372
   0.000000000010907
   0.000000000008317
   0.000000000006266
   0.000000000004722
   0.000000000003526
   0.000000000002626
   0.000000000001942
   0.000000000001429
   0.000000000001044
   0.000000000000759
   0.000000000000548
   0.000000000000393
   0.000000000000279
   0.000000000000197
   0.000000000000138
   0.000000000000096
   0.000000000000066
   0.000000000000045
   0.000000000000030
   0.000000000000020
   0.000000000000013
   0.000000000000009
   0.000000000000006
   0.000000000000004
   0.000000000000002
   0.000000000000001
   0.000000000000001
   0.000000000000001
   0.000000000000000
   0.000000000000000
