   0.000000000000000
   0.000000000000000
   0.024010708629242
   0.028895878481351
   0.055374438238045
   0.073924307765302
   0.089216707928722
   0.119436399590932
   0.143265344146135
   0.164451186421706
   0.186392972124665
   0.220674806592909
   0.247261991211517
   0.276616006348532
   0.305204548602847
   0.330622073700829
   0.367998823917005
   0.407528237373565
   0.446168584702466
   0.481614902134533
   0.519194063809997
   0.554912161338031
   0.593646749181118
   0.636408450295593
   0.679694701971971
   0.725082736820822
   0.770937679901466
   0.818863178024936
   0.871420795087887
   0.925497022626390
   0.981135866721255
   1.038382471118857
   1.097283511705506
   1.157886381240546
   1.220239950518501
   1.284395827304035
   1.350405659815220
   1.418322755877374
   1.488202024799205
   1.560101061036180
   1.634077628759626
   1.710191758615714
   1.788505437563722
   1.869980832944495
   1.955696719496958
   2.044055889904824
   2.135221823485089
   2.229699372086559
   2.327420074929056
   2.427806450260364
   2.530898345810702
   2.637234213908354
   2.747106277134029
   2.860788276757170
   2.978382951287935
   3.099889876471848
   3.225690290777110
   3.356672513808960
   3.492897131271159
   3.631211187189074
   3.773970480810786
   3.926147698957426
   4.071907572768900
   4.218466579584564
   4.377898713402335
   4.546161053409675
   4.719330736765751
   4.895857232733919
   5.076758954024506
   5.263199654593199
   5.456394064586449
   5.654664481357297
   5.857718313364182
   6.066422633305917
   6.281757581092282
   6.503578262843308
   6.731199021145082
   6.964988331481965
   7.205716116901682
   7.453603960228816
   7.708505677850528
   7.966021318790790
   8.225106570955091
   8.491675217802396
   8.765945040299266
   9.052212188176895
   9.352698681378623
   9.661859527810718
   9.979820647176121
  10.307145421758593
  10.643978848311409
  10.990570396939210
  11.347124255382186
  11.714120889167660
  12.091796399079197
  12.480440753334285
  12.880334505542661
  13.291913305822458
  13.715456892469261
  14.151373888996838
  14.599966180468558
  15.061640713406565
  15.536756590423826
  16.025750361168623
  16.529005761863520
  17.046935750631956
  17.579971061000016
  18.128580845116289
  18.693198750040249
  19.274299135736079
  19.872366643901923
  20.487900997097778
  21.121400867402055
  21.773377035625831
  22.444394021780614
  23.135000714687688
  23.845752611383503
  24.577251701837248
  25.330113280858573
  26.104928780401544
  26.902359613542217
  27.723063171119936
  28.567695680126853
  29.436986723368989
  30.331633219906337
  31.252365961352112
  32.199936825690550
  33.175150098083783
  34.178796208307823
  35.207600459635977
  36.253848293847113
  37.330347359971171
  38.437939735017572
  39.577529393020896
  40.750057008399608
  41.956465875054882
  43.197715722654301
  44.474852392959384
  45.788900964111825
  47.156759252512799
  48.567955767002026
  50.020292274295436
  51.514691861977418
  53.052583806010183
  54.635339695442177
  56.264140273731762
  57.940423807386388
  59.665536322803334
  61.440869253589064
  63.267906807603580
  65.148178888456641
  67.083153342765129
  69.074483101406713
  71.123799626121084
  73.232740166038738
  75.403086128441899
  77.636620186198087
  79.935153566890506
  82.300623378671915
  84.734982775478414
  87.240134543644245
  89.817930237425955
  92.470759350122094
  95.200744172662127
  98.010170817103855
 100.901232813683279
 103.876138069278682
 106.937588089515401
 110.087863059770086
 113.329655623705207
 116.665558892624432
 120.098345293513546
 123.630788842491143
 127.265778347927125
 131.006279524288402
 134.855402730229883
 138.816260269992284
 142.892126960599484
 147.086432048359143
 151.402482556860633
 155.843825571948514
 160.414159556919145
 165.117185717573875
 169.956694223902247
 174.936688007894702
 180.061169998128150
 185.334360927908250
 190.760596665977260
 196.344369852288054
 202.090202739514552
 208.002854029874868
 214.087175896636722
 220.348015546388382
 226.790640192984512
 233.420306524389332
 240.242331671448170
 247.262271559609758
 254.485938173340713
 261.919281139053510
 269.568237616119006
 277.439164237204352
 285.538303583104494
 293.872464757274372
 302.448399594770194
 311.273022899321973
 320.353517048302137
 329.697347985025374
 339.312252022500559
 349.205772664540518
 359.386200059687269
 369.861566796911177
 380.640701750756250
 391.732237092529374
 403.145098913784238
 414.888558595347888
 426.972674940414777
 439.406768999911890
 452.201382093196457
 465.366871082625380
 478.913843029119334
 492.853501379817317
 507.197197197071773
 521.956412183026259
 537.143471440640155
 552.770409725646800
 568.850140352461040
 585.395882666044372
 602.420741817149747
 619.938546442673669
 637.963763031327062
 656.511048118391614
 675.595383371181242
 695.232796294869104
 715.438847889969225
 736.230406244237997
 757.624294504265777
 779.637854648535040
 802.288692518840094
 825.595899294728952
 849.577945815069825
 874.254448358788750
 899.645679034983459
 925.772164714222981
 952.655422853737718
 980.316684466163224
1008.779451863582381
1038.065840637528481
1068.200327528274329
1099.207112336270484
1131.111552168745902
1163.940019139169863
1197.718334927020123
1232.474376541397078
1268.236387784752424
1305.033426705797638
1342.895389035451899
1381.852834330003589
1421.937796825678561
1463.182979341832606
1505.621556870649101
1549.288929754882702
1594.219666219130659
1640.450243973735496
1688.019215445351620
1736.964226355079518
1787.326085520892093
1839.145330735243306
1892.463362590754969
1947.323894928079426
2003.772226713450891
2061.853778473827333
2121.615428245772819
2183.106004487223800
2246.375968925575762
2311.475348433652471
2378.459264905899090
2447.379482302016640
2518.293153641371646
2591.259418962086784
2666.335031963760684
2743.582510061666198
2823.064605348989062
2904.844121793332306
2988.990952560496225
3075.572170388974882
3164.656491658167397
3256.317376689883986
3350.628479718255221
3447.669194028656875
3547.514189659027579
3650.240767328844413
3755.934093551704791
3864.686310863526160
3976.581459277195790
4091.716334780568559
4210.181977134279805
4332.074916264195053
4457.494025402799707
4586.539211059962327
4719.318390163262848
   0.278927932403016
   0.294465489362709
   0.326049432624003
   0.339742692888835
   0.367998683398098
   0.392106858593644
   0.413135326618351
   0.448200013345258
   0.469428178826677
   0.493275160600777
   0.532942900088877
   0.558426896674401
   0.583545662160447
   0.622983944875432
   0.654848265511112
   0.685969975962557
   0.718134438718479
   0.766550701242873
   0.799995466939856
   0.834597616978970
   0.872420050259420
   0.925496405498297
   0.967263526522009
   1.008988840756549
   1.050892406915049
   1.097283602619064
   1.157264463847286
   1.205432164156109
   1.255966104214866
   1.308966080079248
   1.363941785385369
   1.419009704744860
   1.488201992950678
   1.550342699162710
   1.612036961846331
   1.676113783567438
   1.742617678507368
   1.811307754454203
   1.882263234053105
   1.955259710893227
   2.037286290292657
   2.125050724855854
   2.205833396120171
   2.288044561412695
   2.373442081892678
   2.461861597696861
   2.553187057521653
   2.647488168501488
   2.745195775370758
   2.846298350524613
   2.950866883016963
   3.059703528622330
   3.171906802102279
   3.288828936866994
   3.419993267437107
   3.550143745130171
   3.686464189181295
   3.826326630435828
   3.970178959031195
   4.116253901881046
   4.264909848581786
   4.416421607434695
   4.571792450223888
   4.731058566919407
   4.894146713076981
   5.061422419986762
   5.232982191340607
   5.409315189426866
   5.590226748687499
   5.775824709172282
   5.966310653061995
   6.162052467759780
   6.363351061726427
   6.570209183638917
   6.782827096618808
   7.001456339830143
   7.231628699190573
   7.469486454217018
   7.714222134997591
   7.966023390644122
   8.225106000239958
   8.490897169295913
   8.758077096199315
   9.032389388794908
   9.314772856688979
   9.605105386242617
   9.903904254808863
  10.211264678044310
  10.527733964300989
  10.853339869633581
  11.188495514328974
  11.533322288379882
  11.888199049353716
  12.253393908676690
  12.629224901915507
  13.015825233681857
  13.413758261524672
  13.823148610543074
  14.244439693563692
  14.678020102449780
  15.124283956563184
  15.583583100450392
  16.056320402511957
  16.542873794435632
  17.043649341613307
  17.559054188545581
  18.089527798175578
  18.635485933577652
  19.197393930951520
  19.775714632762046
  20.370917630621474
  20.983508497506833
  21.613968588583802
  22.262836557693710
  22.930646212949263
  23.617960888800528
  24.325331918737696
  25.053340210339481
  25.802597827232667
  26.573736015192356
  27.367370898628124
  28.184137707368055
  29.024704664212315
  29.889797511650535
  30.780088080898931
  31.696327889463099
  32.639273506430740
  33.609736648185020
  34.608495417649500
  35.636394083765850
  36.694274980887442
  37.783010455006917
  38.903523169773138
  40.056708592540872
  41.243544214406469
  42.465011884978352
  43.722043968781321
  45.015702974179149
  46.347038042216447
  47.717176368513854
  49.127250229141389
  50.578398402546092
  52.071746048980309
  53.608603705305434
  55.190204628211440
  56.817818760495399
  58.492846556834785
  60.216665308252509
  61.990663013982513
  63.816360710327807
  65.695196759340931
  67.628734239973056
  69.618546629845454
  71.666358503216344
  73.773705351477048
  75.942467438197127
  78.174398634000170
  80.471258569681751
  82.835050188745228
  85.267771935074094
  87.771064956826677
  90.347075258304500
  92.998042459549538
  95.726090794171384
  98.533637390634937
 101.422638202080421
 104.395484577302312
 107.454808628948825
 110.602916116853407
 113.842394164566699
 117.175902610735875
 120.606276240867018
 124.136200687178444
 127.768617104630721
 131.506576450662692
 135.353050869848346
 139.311303850513013
 143.384548166892273
 147.576205062181884
 151.889659800404132
 156.328428521853425
 160.896151606930545
 165.596566661542312
 170.433464417738691
 175.410848827695560
 180.532775749996063
 185.803461076521927
 191.227155626038495
 196.808320778650227
 202.551579261030128
 208.461565109790513
 214.543192258780095
 220.801369122713595
 227.241107840644531
 233.867911791399820
 240.686917806750159
 247.704066265302487
 254.924720927603317
 262.354973262584053
 270.000777830631989
 277.868672460547657
 285.964693765279321
 294.295601686927967
 302.868294947948868
 311.689453968570490
 320.766438621765872
 330.106884572271724
 339.718234299319818
 349.608148661351549
 359.784882679760472
 370.256581249400710
 381.031755365159825
 392.119160483523274
 403.527861725772823
 415.267323469290147
 427.346838503098297
 439.776813263190775
 452.567045867631919
 465.728290197096783
 479.270805306661259
 493.205892925887895
 507.545014348952179
 522.299606200945163
 537.481991756462548
 553.104331654784232
 569.179119097209991
 585.719986574150767
 602.740133747903315
 620.253227018153211
 638.273678070719598
 656.816198464890931
 675.895554000452080
 695.527817211429692
 715.728971305703453
 736.515289138940261
 757.903389019633551
 779.911404503803737
 802.556965463288975
 825.858303148375512
 849.834872089907435
 874.505871323434803
 899.891154693412432
 926.011560233711180
 952.888681364018680
 980.544396404483791
1009.000835918744883
1038.281516102772457
1068.409613996326698
1099.410510106414904
1131.308495898813135
1164.130166220149249
1197.902215029245554
1232.651643503302921
1268.407143487864232
1305.197294778083460
1343.052155506122745
1382.002589619008177
1422.080109621279462
1463.318481853722005
1505.749810323621887
1549.409681931890873
1594.333384691028186
1640.557675341091453
1688.118883768005844
1737.057286005744345
1787.411212689386275
1839.222365482903115
1892.532843881390590
1947.385789274464514
2003.825926789721279
2061.899876490815586
2121.654383615009465
2183.137693703226432
2246.399218418714099
2311.491685021907870
2378.467469218452152
2447.380060996183602
2518.287465572876954
2591.245573039337160
2666.314436097120961
2743.554157193285391
2823.028301943946190
2904.802247746016747
2988.940929018913266
3075.513051796938271
3164.589619901610604
3256.242994784910024
3350.546851047462496
3447.579314130547573
3547.416291295598512
3650.140044240303268
3755.831105657402532
3864.577869096340237
3976.471871045305761
4091.600145410383902
4210.058194454662043
4331.941602202559807
4457.349352270709460
4586.385841145599443
4719.149287629442370
   0.559011606971348
   0.577403979831397
   0.607982080676736
   0.625929631201090
   0.659365253941876
   0.683368446423251
   0.718134192272234
   0.742314251686531
   0.767781421112389
   0.804765141032418
   0.832871445369432
   0.871420378886762
   0.904739902425384
   0.934260313820621
   0.978715589955179
   1.010818199115112
   1.044313614729436
   1.092734961740301
   1.128320084770546
   1.165159485039149
   1.217901000519885
   1.259856325886819
   1.303410323247004
   1.350406443962074
   1.407175219569573
   1.451322614604202
   1.498501610132285
   1.560101106617735
   1.615487489243976
   1.669789217998736
   1.725680202800115
   1.788504947046315
   1.856284153879855
   1.918353455440036
   1.982276968263062
   2.048502011019078
   2.125051390692652
   2.202828923699707
   2.276482472832784
   2.351689514825575
   2.432022810525285
   2.515727912508576
   2.603414626964375
   2.703208446713602
   2.798508657145331
   2.897694309004861
   2.998794282089610
   3.112189726483849
   3.225350460212973
   3.339548625525107
   3.459738504274005
   3.580022890352828
   3.703382977397661
   3.828220826377377
   3.956336922566490
   4.085812204528886
   4.218465987482123
   4.368479196378236
   4.506575178474729
   4.647218284523321
   4.792237716531669
   4.940936000519275
   5.093413980559492
   5.249731480659026
   5.410128954574916
   5.574283078156799
   5.743505326180554
   5.938363179636281
   6.121484893746826
   6.303240545430635
   6.491286860566296
   6.685323469702499
   6.884775960097180
   7.089748094783688
   7.300408004352808
   7.516989811625347
   7.739665116207380
   7.968667134509212
   8.225105296692679
   8.487352677814592
   8.736832707520957
   8.990255400242837
   9.253622417201978
   9.525575480734398
   9.805353716174542
  10.093191576360008
  10.389460173385974
  10.694297300991924
  11.007981757625842
  11.330730892330841
  11.662838213476194
  12.004581239547047
  12.359803563038570
  12.745843835108129
  13.143035547982441
  13.536712028482819
  13.931436697680059
  14.337177505972994
  14.755431102068062
  15.186442857256218
  15.630262846304335
  16.087165449844239
  16.557476973691784
  17.041563508827551
  17.539801525937232
  18.052598596040795
  18.580371039142598
  19.123552762537596
  19.682602048781614
  20.257949789976347
  20.850105189689298
  21.459530689779982
  22.086728962294817
  22.732241491301668
  23.396572736967368
  24.080296245215990
  24.783972523879431
  25.508174393513396
  26.253505433992903
  27.020579326576719
  27.828935974874131
  28.661968470441288
  29.519073126044034
  30.400952664719995
  31.308306735868737
  32.241875257179331
  33.193733644052763
  34.162540083153765
  35.159735377169717
  36.186114903756298
  37.242489002848970
  38.329733562209022
  39.448719410859709
  40.600372405581048
  41.785645757832008
  43.005514437308904
  44.260915009677468
  45.552949643718733
  46.882658567872177
  48.251103169915631
  49.659443144573878
  51.108842870925947
  52.600439814337221
  54.135484255228093
  55.715235295217191
  57.340961127572527
  59.014052810921001
  60.735894235174982
  62.507876949430994
  64.331540312395845
  66.208337794116815
  68.139765001413451
  70.127451320127534
  72.172987194982326
  74.278074153811744
  76.444586035948646
  78.674150291259110
  80.968529300961606
  83.329790937574472
  85.759771423626717
  88.260333399350344
  90.833675541217787
  93.481858070890723
  96.207116474490661
  99.011610309356968
 101.897570367338048
 104.867451354452214
 107.923710766352855
 111.068768190947466
 114.304620377920884
 117.634609298639205
 121.061525895264381
 124.588093059358016
 128.217184465997434
 131.951674278178757
 135.794815714757249
 139.749640648429789
 143.819588355265353
 148.007911194321480
 152.317992703536333
 156.753444135055616
 161.317789423465996
 166.014849963601421
 170.848354695364407
 175.822347291563062
 180.940885052411517
 186.208141679358505
 191.628365515549660
 197.206061999385582
 202.945760003981121
 208.852154288146295
 214.930169512921850
 221.184649013447427
 227.620717816978811
 234.243616791543985
 241.058885252017348
 248.072234199568129
 255.288984777860151
 262.715097864120594
 270.356840358668364
 278.221035433990437
 286.313074348067573
 294.639736026783623
 303.207782642602410
 312.024124939075250
 321.096082170940633
 330.432566822006152
 340.039162213884367
 349.924348765007210
 360.096217953199698
 370.562990995573841
 381.333230816431126
 392.415545869053346
 403.819178590996160
 415.553306661510135
 427.627824209285109
 440.052300011929105
 452.837173861981682
 465.992511217375579
 479.529473011014545
 493.458606514965936
 507.791605721038763
 522.540261128756470
 537.716385028504192
 553.332192204463809
 569.401065205665532
 585.935265123580393
 602.948630725385328
 620.455179697901372
 638.468832377269450
 657.004470979656389
 676.077172385847916
 695.702285600338996
 715.895817680568371
 736.674387986877946
 758.054961665648534
 780.055334689754432
 802.693015699367606
 825.986841557937282
 849.955344933749984
 874.618464269323567
 899.996154415248839
 926.108719419658428
 952.977872058767161
 980.625342758078318
1009.073766256811382
1038.345995047732913
1068.465880141402522
1099.458257210114198
1131.347819529042908
1164.161175230925210
1197.924581784589691
1232.665192100019567
1268.411981672914180
1305.193053653500101
1343.038942272500208
1381.981044761306748
1422.049865373483726
1463.278802143366875
1505.701376852319981
1549.351855907161507
1594.266160269155080
1640.479964187867836
1688.031797803502059
1736.958878157009849
1787.302623677021757
1839.103037568109130
1892.402008303826278
1947.244421441980194
2003.674917011305752
2061.736923472316448
2121.481340239256042
2182.952922309214500
2246.205548700945656
2311.286593623966382
2378.251647910447900
2447.153700125830255
2518.050193187297282
2590.998786832538372
2666.056572661213067
2743.285664742020344
2822.749825457051429
2904.511899444739356
2988.640014627544133
3075.201843488987379
3164.267229965312254
3255.910143199555932
3350.202109893637044
3447.223408253809794
3547.049503898253079
3649.761318593253691
3755.444378257785957
3864.183634890997382
3976.066765741093150
4091.186042061458920
4209.631429446062612
4331.503432914624682
4456.896912790685747
4585.912294145172382
4718.651311230660212
