 -64.946255456927801
 -54.018407020225354
 -50.666311527914175
 -48.717916616384038
 -47.447609569299843
 -46.275661857240330
 -45.280767486527168
 -44.390471711553509
 -43.652790743245447
 -43.001670548713598
 -42.386374912083497
 -41.778009872857815
 -41.221363085281702
 -40.689863845952829
 -40.186013386928792
 -39.716074996013198
 -39.265642897303188
 -38.833294153540770
 -38.416069040398099
 -38.006386545576731
 -37.615697473667929
 -37.232599610321351
 -36.856924081792123
 -36.498517812972501
 -36.148938537318436
 -35.806360099232627
 -35.470221219513590
 -35.139139651055075
 -34.817113193707193
 -34.500385068534420
 -34.188026530487896
 -33.882195105451920
 -33.581762001107592
 -33.285615470051468
 -32.993783359842176
 -32.706525376412571
 -32.422715279322567
 -32.134174692303276
 -31.847446838844043
 -31.564418373589355
 -31.284696481872309
 -31.008139321556619
 -30.734684336896159
 -30.463902063203207
 -30.194472477581737
 -29.925389658780798
 -29.658845931673984
 -29.394803839455875
 -29.132944532774072
 -28.873252767474998
 -28.615624812488328
 -28.359554640946538
 -28.105022100538086
 -27.852429019918652
 -27.601735752894957
 -27.353047088165546
 -27.105971072200049
 -26.858680337337489
 -26.611641803172940
 -26.367926825924627
 -26.126588872613901
 -25.885855867485994
 -25.644134148031355
 -25.400919979928467
 -25.159289881329965
 -24.920151244520465
 -24.682495722923662
 -24.445338908341508
 -24.208296508495856
 -23.971284703719572
 -23.734855126641680
 -23.499268228290536
 -23.264455777951071
 -23.030429006339617
 -22.796873956929051
 -22.563665590650412
 -22.331223498577966
 -22.099928670010510
 -21.869856025365742
 -21.640916537391234
 -21.412953399633814
 -21.186087247896097
 -20.960497309110604
 -20.736145299983580
 -20.512958067438120
 -20.290931965538046
 -20.070157958736473
 -19.850721706919380
 -19.632759813924068
 -19.416323911632549
 -19.201398142624470
 -18.988003961585381
 -18.776247888543754
 -18.566200696412363
 -18.357864466420285
 -18.151225059739836
 -17.946334216062500
 -17.743266751789001
 -17.542082573314591
 -17.342862145712441
 -17.145621392626037
 -16.950407384272925
 -16.757200129958857
 -16.565953969490387
 -16.376664962323435
 -16.189360152862839
 -16.004029904998415
 -15.820651073405671
 -15.639238808591866
 -15.459825580821784
 -15.282401562062168
 -15.106952849078366
 -14.933465123060254
 -14.761942894488518
 -14.592375115271501
 -14.424746005864167
 -14.259038573001567
 -14.095245877052207
 -13.933354848052106
 -13.773348824854001
 -13.615212930894117
 -13.458936495544807
 -13.304505510418098
 -13.151903316163750
 -13.001114502332316
 -12.852124510584696
 -12.704917198712222
 -12.559475079829429
 -12.415781759814234
 -12.273820867817999
 -12.133574897120399
 -11.995026676756934
 -11.858159137492590
 -11.722953963234165
 -11.589393915689783
 -11.457448329203480
 -11.327091509816336
 -11.198312071459045
 -11.071087790669617
 -10.945396843916217
 -10.821231539806986
 -10.698590703657235
 -10.577459170999196
 -10.457823464112396
 -10.339672748213042
 -10.222998061010898
 -10.107785552362028
  -9.994020207429976
  -9.881689888634662
  -9.770764063761160
  -9.661223641666458
  -9.553056174676767
  -9.446237042417579
  -9.340747262626161
  -9.236572395615443
  -9.133689708734517
  -9.032076755748298
  -8.931717115809104
  -8.832591708169479
  -8.734676209934376
  -8.637954685968488
  -8.542412741657328
  -8.448028379137879
  -8.354787128092640
  -8.262671630364711
  -8.171662900709501
  -8.081748517059461
  -7.992911414201848
  -7.905135269945113
  -7.818406702399406
  -7.732709987496703
  -7.648030033803496
  -7.564353343448928
  -7.481665510753684
  -7.399952224681875
  -7.319200141792813
  -7.239395436235051
  -7.160524455114357
  -7.082574075956702
  -7.005531034516997
  -6.929382415755712
  -6.854115621132546
  -6.779718151367567
  -6.706177853176161
  -6.633482893199787
  -6.561621647009623
  -6.490582623383600
  -6.420354446292988
  -6.350925862548952
  -6.282285695663644
  -6.214422866752537
  -6.147326533272476
  -6.080986095934789
  -6.015391148404409
  -5.950531498285059
  -5.886397146775329
  -5.822978292908839
  -5.760265321998200
  -5.698248809170478
  -5.636919477633437
  -5.576268255427362
  -5.516286226668822
  -5.456964671217499
  -5.398294951786040
  -5.340268754826575
  -5.282877893331476
  -5.226114194425255
  -5.169969742735109
  -5.114436817743351
  -5.059507774039657
  -5.005175215877251
  -4.951431876419631
  -4.898270648125430
  -4.845684524695704
  -4.793666570071454
  -4.742209936653662
  -4.691307819366819
  -4.640953500501396
  -4.591140384491597
  -4.541861980779870
  -4.493111909859941
  -4.444883899892033
  -4.397171783962487
  -4.349969499579637
  -4.303271086174252
  -4.257070685566865
  -4.211362547429795
  -4.166141130918667
  -4.121400964472300
  -4.077136645279696
  -4.033342834398278
  -3.990014259807978
  -3.947145641315605
  -3.904731728460763
  -3.862767384260843
  -3.821247542688564
  -3.780167221358826
  -3.739521515159637
  -3.699305595839150
  -3.659514708674661
  -3.620144170946548
  -3.581189369273718
  -3.542645758374523
  -3.504508858851368
  -3.466774255974550
  -3.429437597835637
  -3.392494594072978
  -3.355941014392644
  -3.319772687206854
  -3.283985498307235
  -3.248575389933195
  -3.213538359173472
  -3.178870473618103
  -3.144567893092595
  -3.110626809973367
  -3.077043479570327
  -3.043814185634314
  -3.010935253368912
  -2.978402999442129
  -2.946213804221113
  -2.914364066508792
  -2.882850247551263
  -2.851668838371415
  -2.820816385307212
  -2.790289471619196
  -2.760084728968028
  -2.730198824544612
  -2.700628468111338
  -2.671370401601344
  -2.642421406189974
  -2.613778295580738
  -2.585437921574659
  -2.557397168874641
  -2.529652961626767
  -2.502202273454709
  -2.475042110480404
  -2.448169514166461
  -2.421581553971219
  -2.395275330228360
  -2.369247966028297
  -2.343496599432279
  -2.318018399651412
  -2.292810561545374
  -2.267870312831850
  -2.243194909156345
  -2.218781637902234
  -2.194627814481128
  -2.170730784561615
  -2.147087921375264
  -2.123696627144090
  -2.100554808495514
  -2.077660057627689
  -2.055009776134214
  -2.032601429327388
  -2.010432397690751
  -1.988500157436309
  -1.966802158768598
  -1.945335940076946
  -1.924099048238138
  -1.903089112163683
 -58.677864956628355
 -47.750016519925914
 -45.315141655920790
 -43.366746741207159
 -42.358741442305913
 -41.502070713863446
 -40.820210943380843
 -40.170116140723415
 -39.573735461426473
 -39.075188976652719
 -38.642838861737090
 -38.236042481201132
 -37.857221920194718
 -37.486984987869000
 -37.149539494318923
 -36.816050138990583
 -36.492356657769882
 -36.184650553036590
 -35.890525948022066
 -35.606081921467641
 -35.331296152444125
 -35.066393513518825
 -34.807846637410748
 -34.554322073104572
 -34.305264157775682
 -34.063988281595286
 -33.824968488423004
 -33.587859997127516
 -33.354356551948797
 -33.125868968781980
 -32.901574085124984
 -32.679688449629772
 -32.460580106112850
 -32.244488766795023
 -32.030722304040530
 -31.818674355522575
 -31.608817647254078
 -31.400857560509184
 -31.193209481885606
 -30.986392052955757
 -30.781226620061531
 -30.576999277890422
 -30.373508655361633
 -30.171189842874096
 -29.969866241600229
 -29.769196358149895
 -29.569085423914522
 -29.370175449000435
 -29.171582840914766
 -28.973267818338812
 -28.775446274480128
 -28.577902622510930
 -28.380560141761759
 -28.183657029966795
 -27.987374845783094
 -27.791570169453536
 -27.596229613366386
 -27.402018622052516
 -27.208848413267308
 -27.016640447387804
 -26.825542368152568
 -26.634987408678377
 -26.445181735296380
 -26.249780346466579
 -26.049545489584961
 -25.847390840920273
 -25.643584276780825
 -25.438843627688957
 -25.233326762751418
 -25.025772868939427
 -24.815542746082961
 -24.603568885449207
 -24.390164684689413
 -24.175571697665220
 -23.960271374918491
 -23.743645670613166
 -23.525824074552666
 -23.307639538094897
 -23.088996871006238
 -22.869798754829777
 -22.650113124389666
 -22.430033876777770
 -22.209826979431980
 -21.989573079339340
 -21.769263639327949
 -21.548953331835381
 -21.328728990820046
 -21.108763154749731
 -20.889383106226742
 -20.670742609995308
 -20.452752655088517
 -20.235388639957488
 -20.018775688872182
 -19.803067348241356
 -19.588321685678991
 -19.374498401695924
 -19.161687707252149
 -18.950020213283882
 -18.739571818906345
 -18.530324233712751
 -18.322277711179204
 -18.115510692080722
 -17.910107239597242
 -17.706086363470270
 -17.503456980668648
 -17.302268123459310
 -17.102571961645044
 -16.904402267790474
 -16.707839205595590
 -16.512975756572281
 -16.319838342584731
 -16.128431774002550
 -15.938726346661829
 -15.750744414805290
 -15.564504174350574
 -15.380011709684844
 -15.197265021674912
 -15.016288630197311
 -14.837103607513695
 -14.659714855348406
 -14.484124553307439
 -14.310337376683163
 -14.138360076259852
 -13.968193658414172
 -13.799837119815461
 -13.633292233903248
 -13.468561840684171
 -13.305647179140534
 -13.144549349679210
 -12.985269115811761
 -12.827806156656075
 -12.672158888847726
 -12.518323853110360
 -12.366297549655295
 -12.216075485653342
 -12.067647859926829
 -11.921007056918175
 -11.776147776842850
 -11.633059224938307
 -11.491732049276521
 -11.352158459849329
 -11.214327609627194
 -11.078230311938883
 -10.943856988905258
 -10.811195281755204
 -10.680235645888068
 -10.550967795730516
 -10.423386959102114
 -10.297498933132458
 -10.173289154499207
 -10.050743774919987
  -9.929856794144381
  -9.810609995515575
  -9.692984988035148
  -9.576967797871541
  -9.462532224731108
  -9.349646229192102
  -9.238294993780869
  -9.128460733631075
  -9.020106318919963
  -8.913221130809040
  -8.807791179606696
  -8.703785763054119
  -8.601192329818572
  -8.499986280687635
  -8.400143604585654
  -8.301652458771382
  -8.204488456611502
  -8.108631669221266
  -8.014064766808906
  -7.920771052816558
  -7.828727264054084
  -7.737917474057896
  -7.648324122077910
  -7.559926349359304
  -7.472707696263043
  -7.386650654495878
  -7.301736593844198
  -7.217947939728723
  -7.135266354063503
  -7.053673900366894
  -6.973153237360257
  -6.893686949945072
  -6.815257962798151
  -6.737849619184757
  -6.661445380902044
  -6.586028983062817
  -6.511584386875614
  -6.438095769123747
  -6.365547574828938
  -6.293924440170789
  -6.223211262149697
  -6.153393171060273
  -6.084455606342007
  -6.016384335971082
  -5.949165110201378
  -5.882783802410966
  -5.817226783553626
  -5.752481142549410
  -5.688533653433691
  -5.625371613777994
  -5.562982086677515
  -5.501353601670992
  -5.440473615917815
  -5.380330743517918
  -5.320913778556971
  -5.262211013547212
  -5.204211140001507
  -5.146903988359179
  -5.090278631518298
  -5.034325009152551
  -4.979033139974978
  -4.924393223548444
  -4.870395724262581
  -4.817031114239558
  -4.764290063916969
  -4.712163300503449
  -4.660641687697118
  -4.609716320053028
  -4.559378476325750
  -4.509619620571291
  -4.460431404255224
  -4.411805653301563
  -4.363734370191656
  -4.316209726009855
  -4.269224061561308
  -4.222769890919158
  -4.176839917224878
  -4.131426986477766
  -4.086524097960340
  -4.042124383891169
  -3.998221102691778
  -3.954807641569168
  -3.911877493250796
  -3.869424275366178
  -3.827441723724138
  -3.785923663003027
  -3.744864038141703
  -3.704256914930942
  -3.664096472218975
  -3.624377005028326
  -3.585092917541275
  -3.546238723217040
  -3.507809040189034
  -3.469798589676652
  -3.432202192521399
  -3.395014766828982
  -3.358231325479147
  -3.321846973355463
  -3.285856904800267
  -3.250256402619734
  -3.215040833948615
  -3.180205677498247
  -3.145746560191304
  -3.111659132447773
  -3.077939130935907
  -3.044582334372746
  -3.011584575039542
  -2.978941663982531
  -2.946649530154707
  -2.914704143124959
  -2.883101562745221
  -2.851837904798941
  -2.820909357904410
  -2.790312177995168
  -2.760042679501154
  -2.730097222651723
  -2.700472221543310
  -2.671164124550882
  -2.642169433757623
  -2.613484697708218
  -2.585106517533665
  -2.557031540974311
  -2.529256466260866
  -2.501778042977048
  -2.474593067538454
  -2.447698382129058
  -2.421090871029781
  -2.394767460333903
  -2.368725113828619
  -2.342960829322284
  -2.317471641840561
  -2.292254621519598
  -2.267306875959733
  -2.242625547824869
  -2.218207816273732
  -2.194050894760564
  -2.170152031984351
  -2.146508510150761
  -2.123117645835506
  -2.099976939898978
  -2.077083853772473
  -2.054435836740825
  -2.032030332708145
  -2.009864780773258
  -1.987936650002286
  -1.966243424238425
  -1.944782641882675
  -1.923551895566396
  -1.902548866800853
 -54.828135634530923
 -43.900287197828476
 -41.836743679417623
 -39.964075317649666
 -38.956069992061273
 -38.266933232764153
 -37.634257414736510
 -37.157935053189497
 -36.657417694694310
 -36.221212922989089
 -35.833293766160914
 -35.499358711620694
 -35.181060086101724
 -34.896932287654451
 -34.622708101481102
 -34.362033778331273
 -34.113117723740892
 -33.875458471844823
 -33.643835519812740
 -33.413152071119775
 -33.190247537166698
 -32.979826875292588
 -32.772503669986072
 -32.573755397298292
 -32.380422696023970
 -32.190679536080019
 -32.006523149176445
 -31.825128299692615
 -31.644557311116564
 -31.466500881932586
 -31.292729268115757
 -31.120955106216808
 -30.950530498130973
 -30.780096712720166
 -30.611896810121316
 -30.447012319880880
 -30.282885022579844
 -30.120257331118758
 -29.959351579055749
 -29.799600946303610
 -29.640674364162177
 -29.483177448772889
 -29.326003685855564
 -29.168920641520931
 -29.012571265130713
 -28.856795456800096
 -28.700900179359831
 -28.544982897915126
 -28.389772994567451
 -28.234724036996909
 -28.079849936764059
 -27.925328519212520
 -27.771007532684788
 -27.616826234669926
 -27.462648625409368
 -27.308637580390293
 -27.155301842543253
 -27.002203505652286
 -26.849188839424894
 -26.696566720545491
 -26.544350090316872
 -26.392113618178826
 -26.239382306475378
 -26.086097799217018
 -25.931067464078996
 -25.773549565915893
 -25.609349112351939
 -25.437506601592794
 -25.263718499622080
 -25.088427083955004
 -24.911319657562714
 -24.732022966559814
 -24.550462672132134
 -24.365543876271452
 -24.177240510414542
 -23.987191369552278
 -23.795505459443763
 -23.602527300131882
 -23.408346629077812
 -23.212583222898626
 -23.015360465305818
 -22.817089927632452
 -22.617847703136469
 -22.417696685448316
 -22.216533280987427
 -22.014654073613706
 -21.812227546121544
 -21.609257821166487
 -21.405925143257679
 -21.202432740997313
 -20.998813521721861
 -20.795065751336232
 -20.591248143601153
 -20.387473199550406
 -20.183849197828778
 -19.980422158356436
 -19.777215467092777
 -19.574350206029123
 -19.371928727105608
 -19.169940346625587
 -18.968395041121013
 -18.767442338656565
 -18.567245144699605
 -18.367868487741642
 -18.169254573974673
 -17.971408523793283
 -17.774405865713856
 -17.578313579237715
 -17.383171570195174
 -17.189018936687628
 -16.995900605608924
 -16.803861183176579
 -16.612927971170322
 -16.423137367871686
 -16.234526593631301
 -16.047129148163364
 -15.860983654230195
 -15.676178118284859
 -15.492796959477859
 -15.310863452441792
 -15.130374147316967
 -14.951302699202360
 -14.773660593072840
 -14.597460815981094
 -14.422707690822662
 -14.249411955772677
 -14.077601414717908
 -13.907308473859535
 -13.738556983371646
 -13.571367930723172
 -13.405761483837546
 -13.241752971611525
 -13.079355411577154
 -12.918582329145211
 -12.759444944110037
 -12.601950904429518
 -12.446108855798798
 -12.291926802618230
 -12.139409787190532
 -11.988563505067143
 -11.839392510876758
 -11.691897793121207
 -11.546081688620887
 -11.401946397973651
 -11.259490820555808
 -11.118716158540803
 -10.979623419494665
 -10.842212972922036
 -10.706486514497826
 -10.572440494084269
 -10.440070276840245
 -10.309375898406099
 -10.180350905189201
 -10.052987497472545
  -9.927284446285775
  -9.803239449221341
  -9.680850202945086
  -9.560116752313629
  -9.441026658112991
  -9.323565469436637
  -9.207729057698961
  -9.093502605886146
  -8.980864630681792
  -8.869792787582453
  -8.760261491727061
  -8.652254955911298
  -8.545753010607710
  -8.440733555956148
  -8.337175777698969
  -8.235063246342019
  -8.134390933807945
  -8.035125795083802
  -7.937256110956011
  -7.840765215764484
  -7.745629523484641
  -7.651833947884949
  -7.559360417412934
  -7.468188275624724
  -7.378299250648007
  -7.289674744130124
  -7.202295437526717
  -7.116142927939976
  -7.031198655873869
  -6.947443935451104
  -6.864860648964468
  -6.783430655110610
  -6.703135824865727
  -6.623958171223632
  -6.545879853326245
  -6.468883403944884
  -6.392951466287935
  -6.318066651787626
  -6.244211521220070
  -6.171369198545819
  -6.099523439058888
  -6.028657508342073
  -5.958754801029985
  -5.889798142911866
  -5.821773534718483
  -5.754664368731373
  -5.688455706341707
  -5.623128661664582
  -5.558673111318902
  -5.495072600910261
  -5.432313974297402
  -5.370383790256173
  -5.309267127763702
  -5.248947530336847
  -5.189414826087035
  -5.130653783363397
  -5.072652014694417
  -5.015396996160889
  -4.958875834475004
  -4.903076548560428
  -4.847986896897681
  -4.793595030368395
  -4.739889236824165
  -4.686857969546364
  -4.634489962573834
  -4.582774153619962
  -4.531699709470334
  -4.481256025120491
  -4.431432724271637
  -4.382219656054342
  -4.333606762130061
  -4.285584264520103
  -4.238142715720902
  -4.191272875816820
  -4.144965695158475
  -4.099212366806470
  -4.054004273606822
  -4.009332946810339
  -3.965190200864441
  -3.921568014207526
  -3.878458462735898
  -3.835853815110453
  -3.793746381549365
  -3.752128621819372
  -3.710993208031086
  -3.670332965414405
  -3.630140898688373
  -3.590410170104644
  -3.551134102265292
  -3.512306169473751
  -3.473919995238945
  -3.435969346880563
  -3.398448131440365
  -3.361350392675930
  -3.324670306438141
  -3.288402176440370
  -3.252540435219022
  -3.217079634986445
  -3.182014455113720
  -3.147339723822968
  -3.113050346639729
  -3.079141343227115
  -3.045607813551975
  -3.012444954176204
  -2.979648008563653
  -2.947212343209903
  -2.915133401567774
  -2.883406729149194
  -2.852027966158294
  -2.820992836232372
  -2.790297180805263
  -2.759936900898328
  -2.729907936734330
  -2.700206295503905
  -2.670828002213265
  -2.641769159786961
  -2.613025945716330
  -2.584594611393060
  -2.556471476862615
  -2.528652930124490
  -2.501135424093529
  -2.473915474537260
  -2.446989657321264
  -2.420354605845599
  -2.394007009036982
  -2.367943608647768
  -2.342161196981549
  -2.316656615470668
  -2.291426753128889
  -2.266468545925427
  -2.241778975142029
  -2.217355067037040
  -2.193193891353328
  -2.169292561334352
  -2.145648232817233
  -2.122258105114691
  -2.099119446192508
  -2.076229564264251
  -2.053585807838837
  -2.031185538340370
  -2.009026155165342
  -1.987105088707106
  -1.965419824016060
  -1.943967922247379
  -1.922747079295328
  -1.901755166656749
