               VEILT
                 nan
                 nan
                 nan
                 nan
                 nan
                 nan
                 nan
                 nan
                 nan
                 nan
                 nan
                 nan
                 nan
                 nan
                 nan
                 nan
                 nan
                 nan
                 nan
                 nan
                 nan
                 nan
                 nan
                 nan
                 nan
                 nan
                 nan
                 nan
                 nan
                 nan
                 nan
                 nan
                 nan
                 nan
                 nan
                 nan
                 nan
                 nan
                 nan
                 nan
                 nan
                 nan
                 nan
                 nan
                 nan
                 nan
                 nan
                 nan
                 nan
                 nan
                 nan
                 nan
                 nan
                 nan
                 nan
                 nan
                 nan
                 nan
                 nan
                 nan
                 nan
                 nan
                 nan
                 nan
                 nan
                 nan
                 nan
                 nan
                 nan
                 nan
                 nan
                 nan
                 nan
                 nan
                 nan
                 nan
                 nan
                 nan
                 nan
                 nan
                 nan
                 nan
                 nan
                 nan
                 nan
                 nan
                 nan
                 nan
                 nan
                 nan
                 nan
                 nan
                 nan
                 nan
                 nan
                 nan
                 nan
                 nan
                 nan
                 nan
                 nan
                 nan
                 nan
                 nan
                 nan
                 nan
                 nan
                 nan
                 nan
                 nan
                 nan
                 nan
                 nan
                 nan
                 nan
                 nan
                 nan
                 nan
                 nan
                 nan
                 nan
                 nan
                 nan
                 nan
                 nan
                 nan
                 nan
                 nan
                 nan
                 nan
                 nan
                 nan
                 nan
                 nan
                 nan
                 nan
                 nan
                 nan
                 nan
                 nan
                 nan
                 nan
                 nan
                 nan
                 nan
                 nan
                 nan
                 nan
                 nan
                 nan
                 nan
                 nan
                 nan
                 nan
                 nan
                 nan
                 nan
                 nan
                 nan
                 nan
                 nan
                 nan
                 nan
                 nan
                 nan
                 nan
                 nan
                 nan
                 nan
                 nan
                 nan
                 nan
                 nan
                 nan
                 nan
                 nan
                 nan
                 nan
                 nan
                 nan
                 nan
                 nan
                 nan
                 nan
                 nan
                 nan
                 nan
                 nan
                 nan
                 nan
                 nan
                 nan
                 nan
                 nan
                 nan
                 nan
                 inf
1060.816165716798423
