   0.000000002001461
   0.000000004323515
   0.000000003932234
   0.000000005166879
   0.000000003542465
   0.000000004836858
   0.000000005300034
   0.000000006215701
   0.000000006113416
   0.000000009572095
   0.000000010332443
   0.000000010467468
   0.000000012075604
   0.000000016296620
   0.000000017626169
   0.000000033332113
   0.000000038892523
   0.000000074452415
   0.000000140707056
   0.000000134219150
   0.000000103736258
   0.000000118371996
   0.000000264531815
   0.000000266408289
   0.000000354502585
   0.000000297427557
   0.000000543378140
   0.000000525462098
   0.000000531145853
   0.000000591805661
   0.000000638301570
   0.000000673669116
   0.000000695930323
   0.000000714502218
   0.000000731171299
   0.000000897123688
   0.000000922668692
   0.000000919012336
   0.000000903059552
   0.000000731306646
   0.000000703355422
   0.000000680531275
   0.000000653189508
   0.000000604102624
   0.000000555581997
   0.000000583741856
   0.000000560415740
   0.000000560885556
   0.000000399844004
   0.000000665352969
   0.000000587239348
   0.000000777433152
   0.000000710047155
   0.000000887121039
   0.000000873651932
   0.000001046850263
   0.000001056314336
   0.000001172270915
   0.000001206423792
   0.000001296571190
   0.000001347703465
   0.000001428110537
   0.000001499291784
   0.000001573731795
   0.000001646760730
   0.000001704825906
   0.000001768490162
   0.000001832920358
   0.000001890864620
   0.000001937888848
   0.000001992642443
   0.000002036798285
   0.000002072447171
   0.000002110596144
   0.000002147929030
   0.000002178636381
   0.000002210659059
   0.000002242187877
   0.000002274205489
   0.000002304271350
   0.000002330011814
   0.000002355838923
   0.000002383067179
   0.000002411184579
   0.000002431834120
   0.000002456792992
   0.000002479298493
   0.000002500086478
   0.000002517850332
   0.000002537687308
   0.000002558514220
   0.000002575340085
   0.000002593058672
   0.000002608650460
   0.000002624211395
   0.000002638862993
   0.000002652931314
   0.000002665131535
   0.000002677699018
   0.000002688450848
   0.000002697773848
   0.000002706708140
   0.000002714333284
   0.000002720538958
   0.000002725836643
   0.000002730757091
   0.000002733857119
   0.000002735655797
   0.000002736894170
   0.000002736793425
   0.000002735058339
   0.000002732420002
   0.000002729214630
   0.000002723918202
   0.000002717511974
   0.000002710594526
   0.000002701694132
   0.000002691221910
   0.000002680605677
   0.000002667911715
   0.000002652346871
   0.000002638392351
   0.000002621092840
   0.000002596821859
   0.000002579576089
   0.000002554438972
   0.000002500287104
   0.000002477463808
   0.000002452331754
   0.000002300503295
   0.000002273760660
   0.000002261920618
   0.000002232808962
   0.000002228253849
   0.000002200676925
   0.000002189642144
   0.000002161296040
   0.000002141042689
   0.000002077102697
   0.000002050928452
   0.000001999278024
   0.000001969680456
   0.000001922773930
   0.000001918933692
   0.000001884182611
   0.000001864247617
   0.000001828748733
   0.000001798278038
   0.000001759672740
   0.000001726602681
   0.000001683092801
   0.000001643899207
   0.000001605747171
   0.000001543886997
   0.000001500243865
   0.000001467220746
   0.000001426027456
   0.000001395609052
   0.000001357608838
   0.000001323253293
   0.000001286350370
   0.000001250267279
   0.000001213285964
   0.000001176003871
   0.000001138497748
   0.000001100769593
   0.000001063312333
   0.000001025665057
   0.000000988168327
   0.000000950054447
   0.000000906925739
   0.000000867113150
   0.000000825111049
   0.000000786312571
   0.000000752231377
   0.000000717911820
   0.000000686085511
   0.000000654305719
   0.000000624486014
   0.000000595018247
   0.000000565345642
   0.000000526784547
   0.000000493964228
   0.000000464908467
   0.000000438353155
   0.000000419963932
   0.000000401231423
   0.000000381308430
   0.000000360981011
   0.000000340613531
   0.000000320541373
   0.000000301005972
   0.000000282146136
   0.000000263979582
   0.000000246538070
   0.000000229860480
   0.000000214024832
   0.000000198964229
   0.000000184735337
   0.000000171337846
   0.000000158709154
   0.000000146856129
   0.000000135731266
   0.000000125056636
   0.000000114870285
   0.000000105418816
   0.000000096959663
   0.000000088984254
   0.000000080421029
   0.000000072391875
   0.000000065421985
   0.000000059192737
   0.000000054435025
   0.000000050243486
   0.000000046282387
   0.000000042376371
   0.000000038634560
   0.000000035142517
   0.000000031853636
   0.000000028765866
   0.000000025930837
   0.000000023329364
   0.000000020672037
   0.000000017931512
   0.000000016069554
   0.000000014390037
   0.000000012871037
   0.000000011971828
   0.000000010653531
   0.000000009438684
   0.000000008325415
   0.000000007276353
   0.000000006340368
   0.000000005547527
   0.000000004853045
   0.000000004240125
   0.000000003701761
   0.000000003222323
   0.000000002798846
   0.000000002426405
   0.000000002096681
   0.000000001807722
   0.000000001554477
   0.000000001332222
   0.000000001138466
   0.000000000968758
   0.000000000819415
   0.000000000686471
   0.000000000563589
   0.000000000475787
   0.000000000406381
   0.000000000347999
   0.000000000300547
   0.000000000254007
   0.000000000211018
   0.000000000174668
   0.000000000144014
   0.000000000118232
   0.000000000096586
   0.000000000078450
   0.000000000063261
   0.000000000050659
   0.000000000040497
   0.000000000032504
   0.000000000026076
   0.000000000020900
   0.000000000016617
   0.000000000013169
   0.000000000010340
   0.000000000008140
   0.000000000006416
   0.000000000005039
   0.000000000003939
   0.000000000003070
   0.000000000002364
   0.000000000001802
   0.000000000001366
   0.000000000001029
   0.000000000000770
   0.000000000000572
   0.000000000000422
   0.000000000000310
   0.000000000000225
   0.000000000000162
   0.000000000000116
   0.000000000000082
   0.000000000000057
   0.000000000000039
   0.000000000000027
   0.000000000000018
   0.000000000000012
   0.000000000000008
   0.000000000000005
   0.000000000000003
   0.000000000000002
   0.000000000000001
   0.000000000000001
   0.000000000000001
   0.000000000000000
   0.000000000000000
   0.000000001169702
   0.000000003461466
   0.000000005114974
   0.000000004055206
   0.000000005687523
   0.000000002632918
   0.000000006587022
   0.000000005752608
   0.000000003786654
   0.000000009589126
   0.000000009023874
   0.000000010011139
   0.000000011264824
   0.000000013618374
   0.000000012899807
   0.000000019008020
   0.000000024317451
   0.000000033277001
   0.000000051460772
   0.000000054225412
   0.000000051979295
   0.000000042098863
   0.000000093930541
   0.000000097682863
   0.000000119975202
   0.000000106720859
   0.000000187505194
   0.000000171444105
   0.000000172657443
   0.000000194037843
   0.000000218266018
   0.000000232537981
   0.000000232748571
   0.000000236489567
   0.000000244575296
   0.000000301804397
   0.000000306225989
   0.000000298826251
   0.000000293753597
   0.000000247371591
   0.000000246289612
   0.000000243880385
   0.000000273978598
   0.000000264829854
   0.000000252966319
   0.000000271666140
   0.000000252898399
   0.000000255577594
   0.000000222862067
   0.000000360634399
   0.000000362421193
   0.000000446356470
   0.000000434345260
   0.000000725497205
   0.000000903007420
   0.000001112919529
   0.000001287407582
   0.000001469194760
   0.000001687781423
   0.000001901943039
   0.000002078602994
   0.000002304942875
   0.000002508561353
   0.000002691115357
   0.000002923112795
   0.000003098878417
   0.000003275594034
   0.000003448806021
   0.000003589292290
   0.000003642357732
   0.000003765819431
   0.000003889363585
   0.000003948879150
   0.000004008022457
   0.000004083088044
   0.000004132006205
   0.000004189663077
   0.000004243911133
   0.000004295579942
   0.000004343073962
   0.000004392213154
   0.000004433905082
   0.000004478132977
   0.000004519734608
   0.000004566992776
   0.000004619303982
   0.000004667517481
   0.000004697687112
   0.000004762503787
   0.000004801507411
   0.000004838279300
   0.000004867417349
   0.000004903140936
   0.000004926971356
   0.000004946366087
   0.000004985804321
   0.000005012990228
   0.000005033366566
   0.000005059943897
   0.000005084602350
   0.000005102312723
   0.000005118429967
   0.000005149027061
   0.000005163378656
   0.000005174762102
   0.000005193676892
   0.000005210968511
   0.000005218773972
   0.000005227320389
   0.000005243864490
   0.000005246532138
   0.000005246938552
   0.000005253271586
   0.000005254718391
   0.000005248445580
   0.000005245439803
   0.000005244246591
   0.000005232529299
   0.000005221476827
   0.000005212959985
   0.000005194724732
   0.000005176702504
   0.000005160442374
   0.000005133446629
   0.000005107575166
   0.000005054593301
   0.000004975087785
   0.000004943017810
   0.000004896955014
   0.000004809138048
   0.000004771185158
   0.000004729852343
   0.000004751613417
   0.000004720510324
   0.000004674874353
   0.000004667084796
   0.000004623425998
   0.000004576243497
   0.000004535467507
   0.000004483410910
   0.000004422286701
   0.000004368916504
   0.000004302482860
   0.000004241784650
   0.000004172259738
   0.000004106194216
   0.000004037760249
   0.000003976462370
   0.000003900420734
   0.000003829057295
   0.000003720839233
   0.000003629303353
   0.000003560092086
   0.000003335352123
   0.000003228567779
   0.000003172292830
   0.000003088018737
   0.000003044638389
   0.000002974869333
   0.000002916326380
   0.000002847446152
   0.000002778166227
   0.000002707816678
   0.000002637419121
   0.000002569039715
   0.000002493871281
   0.000002420137665
   0.000002343702026
   0.000002269841799
   0.000002191535447
   0.000002076341482
   0.000002000684660
   0.000001902311052
   0.000001825260266
   0.000001773932412
   0.000001700467783
   0.000001647709952
   0.000001580432017
   0.000001519223759
   0.000001453579933
   0.000001391978747
   0.000001329536802
   0.000001268027002
   0.000001205699038
   0.000001145950035
   0.000001090316782
   0.000001037477577
   0.000000985268186
   0.000000934122885
   0.000000884666836
   0.000000836988082
   0.000000790678474
   0.000000745197774
   0.000000701546346
   0.000000658560588
   0.000000617954894
   0.000000576739769
   0.000000539675542
   0.000000497232621
   0.000000464033651
   0.000000434183192
   0.000000405316961
   0.000000375968933
   0.000000347943787
   0.000000322700812
   0.000000301106630
   0.000000278823217
   0.000000257420031
   0.000000233684528
   0.000000213545954
   0.000000194998265
   0.000000178350700
   0.000000166956910
   0.000000155672846
   0.000000143941307
   0.000000132612415
   0.000000122053809
   0.000000111932745
   0.000000102214873
   0.000000093241838
   0.000000084925887
   0.000000077097245
   0.000000069774185
   0.000000062906832
   0.000000056682165
   0.000000051024927
   0.000000045910215
   0.000000041415785
   0.000000037194274
   0.000000033306093
   0.000000029696862
   0.000000026060261
   0.000000023006802
   0.000000020398568
   0.000000018033931
   0.000000015941590
   0.000000014094432
   0.000000012402729
   0.000000010903789
   0.000000009574324
   0.000000008369891
   0.000000007309114
   0.000000006368138
   0.000000005527702
   0.000000004790822
   0.000000004138798
   0.000000003562990
   0.000000003058485
   0.000000002535245
   0.000000002155327
   0.000000001851588
   0.000000001587228
   0.000000001388410
   0.000000001193044
   0.000000001006176
   0.000000000845749
   0.000000000708411
   0.000000000591303
   0.000000000491571
   0.000000000407018
   0.000000000334920
   0.000000000272537
   0.000000000219091
   0.000000000178348
   0.000000000144270
   0.000000000118770
   0.000000000095498
   0.000000000077810
   0.000000000062188
   0.000000000050151
   0.000000000039870
   0.000000000031809
   0.000000000025100
   0.000000000019799
   0.000000000015478
   0.000000000012060
   0.000000000009332
   0.000000000007187
   0.000000000005499
   0.000000000004183
   0.000000000003161
   0.000000000002373
   0.000000000001769
   0.000000000001309
   0.000000000000961
   0.000000000000701
   0.000000000000506
   0.000000000000361
   0.000000000000256
   0.000000000000179
   0.000000000000124
   0.000000000000085
   0.000000000000057
   0.000000000000038
   0.000000000000025
   0.000000000000016
   0.000000000000011
   0.000000000000007
   0.000000000000005
   0.000000000000004
   0.000000000154899
   0.000000000667675
   0.000000001004257
   0.000000000915079
   0.000000001100015
   0.000000000453272
   0.000000001568635
   0.000000001155715
   0.000000000376150
   0.000000001982899
   0.000000001681291
   0.000000001874161
   0.000000001920315
   0.000000001738912
   0.000000002418693
   0.000000002709079
   0.000000002593932
   0.000000003165929
   0.000000003288151
   0.000000003341907
   0.000000005119259
   0.000000002954091
   0.000000003627358
   0.000000005926459
   0.000000005001897
   0.000000004297246
   0.000000007824633
   0.000000005680821
   0.000000005742441
   0.000000007663489
   0.000000009584653
   0.000000010205952
   0.000000010104845
   0.000000008852984
   0.000000012132607
   0.000000013081291
   0.000000011107414
   0.000000010497459
   0.000000015134038
   0.000000013046556
   0.000000012801469
   0.000000015211516
   0.000000039789414
   0.000000040718690
   0.000000042559999
   0.000000053416136
   0.000000069899010
   0.000000053903862
   0.000000057833119
   0.000000084112124
   0.000000096106310
   0.000000089304346
   0.000000093446089
   0.000000160805366
   0.000000178200278
   0.000000195342591
   0.000000225555153
   0.000000266328999
   0.000000484854319
   0.000000613140814
   0.000000710484029
   0.000000802507767
   0.000000917500061
   0.000001013555676
   0.000001172557123
   0.000001306293229
   0.000001428488378
   0.000001528074051
   0.000001616973248
   0.000001694458799
   0.000001781729210
   0.000001890754469
   0.000001988542788
   0.000002051457498
   0.000002101179980
   0.000002145126772
   0.000002180188992
   0.000002203621336
   0.000002250841069
   0.000002292273550
   0.000002326585185
   0.000002366153585
   0.000002385610885
   0.000002400806469
   0.000002407402341
   0.000002430513739
   0.000002453435919
   0.000002425311021
   0.000002509922982
   0.000002525582278
   0.000002535072199
   0.000002538170040
   0.000002554101495
   0.000002572462293
   0.000002556113228
   0.000002612221889
   0.000002622576882
   0.000002627392965
   0.000002628281957
   0.000002634972096
   0.000002642285723
   0.000002642062452
   0.000002692989995
   0.000002699691041
   0.000002702830802
   0.000002714172582
   0.000002738468985
   0.000002747062922
   0.000002751135327
   0.000002784280034
   0.000002788071667
   0.000002789557144
   0.000002797311706
   0.000002809723194
   0.000002808852228
   0.000002810284959
   0.000002826690837
   0.000002825660267
   0.000002824328628
   0.000002827084365
   0.000002828288477
   0.000002824019162
   0.000002822940739
   0.000002822156831
   0.000002812732170
   0.000002803872036
   0.000002794123490
   0.000002787772655
   0.000002779252246
   0.000002770400065
   0.000002758628749
   0.000002743037237
   0.000002737010163
   0.000002723320764
   0.000002707701256
   0.000002695516678
   0.000002677282814
   0.000002656454119
   0.000002640965891
   0.000002619977549
   0.000002596448393
   0.000002573755433
   0.000002545107535
   0.000002495386651
   0.000002433514229
   0.000002406810803
   0.000002377586198
   0.000002394639221
   0.000002370542909
   0.000002318079991
   0.000002256848351
   0.000002215439892
   0.000002184379949
   0.000002154017149
   0.000002112036163
   0.000002064818712
   0.000002012788403
   0.000001983648533
   0.000001957188744
   0.000001933497922
   0.000001889750614
   0.000001841978431
   0.000001800271250
   0.000001766168021
   0.000001738470365
   0.000001691294213
   0.000001642358743
   0.000001593785473
   0.000001552045685
   0.000001513602096
   0.000001462295093
   0.000001412694060
   0.000001360356301
   0.000001296933967
   0.000001249112262
   0.000001204614922
   0.000001183627178
   0.000001147834371
   0.000001094708095
   0.000001050297788
   0.000001011255698
   0.000000983430841
   0.000000945248542
   0.000000900109518
   0.000000860558430
   0.000000826429272
   0.000000794864347
   0.000000757901592
   0.000000720173167
   0.000000686312441
   0.000000654700396
   0.000000622643366
   0.000000588273345
   0.000000556777601
   0.000000523293062
   0.000000493473176
   0.000000455434589
   0.000000427839879
   0.000000375772928
   0.000000351414355
   0.000000333940421
   0.000000314644937
   0.000000289265245
   0.000000268221478
   0.000000253814752
   0.000000245447712
   0.000000225352107
   0.000000208541735
   0.000000195857169
   0.000000185668957
   0.000000170023628
   0.000000157029782
   0.000000147261873
   0.000000137521552
   0.000000126016592
   0.000000116524119
   0.000000108426119
   0.000000099895615
   0.000000091514236
   0.000000084391363
   0.000000077635258
   0.000000070912628
   0.000000064853777
   0.000000059332772
   0.000000053989636
   0.000000049062275
   0.000000044603033
   0.000000040407749
   0.000000036521841
   0.000000032996289
   0.000000029638825
   0.000000025818577
   0.000000023237448
   0.000000020950097
   0.000000018691667
   0.000000016720125
   0.000000014963829
   0.000000013277234
   0.000000011803862
   0.000000010480524
   0.000000009247122
   0.000000008166076
   0.000000007191753
   0.000000006306998
   0.000000005528295
   0.000000004829169
   0.000000004206201
   0.000000003656391
   0.000000003156501
   0.000000002726153
   0.000000002346885
   0.000000002014533
   0.000000001730340
   0.000000001478971
   0.000000001260981
   0.000000001071469
   0.000000000907378
   0.000000000765865
   0.000000000644002
   0.000000000539698
   0.000000000450272
   0.000000000371455
   0.000000000299998
   0.000000000247114
   0.000000000200327
   0.000000000168327
   0.000000000135795
   0.000000000112812
   0.000000000090649
   0.000000000074364
   0.000000000059508
   0.000000000048191
   0.000000000038359
   0.000000000030675
   0.000000000024244
   0.000000000019153
   0.000000000015003
   0.000000000011711
   0.000000000009079
   0.000000000007001
   0.000000000005363
   0.000000000004082
   0.000000000003087
   0.000000000002317
   0.000000000001727
   0.000000000001277
   0.000000000000937
   0.000000000000681
   0.000000000000490
   0.000000000000350
   0.000000000000247
   0.000000000000172
   0.000000000000119
   0.000000000000081
   0.000000000000055
   0.000000000000035
   0.000000000000022
   0.000000000000015
   0.000000000000010
   0.000000000000013
