 -48.101059542511599
 -46.973182308671703
 -45.914326808560389
 -45.035924214245988
 -44.277030962373402
 -43.600643742873423
 -43.006066477409334
 -42.439646595231316
 -41.879916020962696
 -41.348025423419479
 -40.851482856918189
 -40.365211875168015
 -39.923100329512351
 -39.497480059858333
 -39.086173805767842
 -38.687751117897704
 -38.298831672414664
 -37.918358256097257
 -37.551900593255866
 -37.191527994115930
 -36.837124058196402
 -36.498985457508013
 -36.168429025607288
 -35.843561345090109
 -35.523972361387045
 -35.208657773152133
 -34.900006420300500
 -34.596805352445429
 -34.297486331670989
 -34.002749166631880
 -33.713071041954727
 -33.427548450914415
 -33.145597831401112
 -32.867335815306575
 -32.592763164631712
 -32.318618324816185
 -32.041146864397767
 -31.765710738380999
 -31.493328165446950
 -31.223728511452443
 -30.956826146426007
 -30.692549612184600
 -30.430484446555749
 -30.169321176651664
 -29.908368086231906
 -29.649605538801147
 -29.393009372560659
 -29.138283005013022
 -28.885417333358664
 -28.634369903607663
 -28.384731544523767
 -28.136262803332453
 -27.889460301580339
 -27.644336394621760
 -27.400901369656559
 -27.159073591005946
 -26.917582989614377
 -26.675703886147417
 -26.435693030900978
 -26.198568529702495
 -25.962572898744426
 -25.726081645740713
 -25.488172928858084
 -25.250227372868498
 -25.014197012070593
 -24.779917738864370
 -24.546352850235255
 -24.312969789297515
 -24.079513232491998
 -23.846267535801111
 -23.613682707889495
 -23.381765616565225
 -23.150572090822472
 -22.919948102072727
 -22.689546457916386
 -22.459521191302731
 -22.230404862815057
 -22.002386985486655
 -21.775513320699098
 -21.549594524528569
 -21.324510913984945
 -21.100547301056054
 -20.877818444328319
 -20.656216224903577
 -20.435693691427968
 -20.216269430774304
 -19.998062957125207
 -19.781140661526326
 -19.565656157856949
 -19.351624542757570
 -19.139021564235478
 -18.927881112963949
 -18.718324391616033
 -18.510410613256184
 -18.304134384930386
 -18.099485278712180
 -17.896526063541444
 -17.695333246051717
 -17.495966969757895
 -17.298506216191310
 -17.102964993597563
 -16.909389504286906
 -16.717756441147174
 -16.528024697708556
 -16.340196071622923
 -16.154297451943414
 -15.970319108377709
 -15.788242349290169
 -15.608085275989884
 -15.429879245962640
 -15.253615398723468
 -15.079281707501844
 -14.906866204659622
 -14.736374096663830
 -14.567795615869867
 -14.401116524653821
 -14.236321602191229
 -14.073405065191642
 -13.912355136682979
 -13.753156555052053
 -13.595795763173946
 -13.440263193400517
 -13.286545990512227
 -13.134628686761989
 -12.984496928349692
 -12.836137192033384
 -12.689534912309490
 -12.544673973369260
 -12.401538998748961
 -12.260114614107248
 -12.120384070804615
 -11.982331181259903
 -11.845939714401307
 -11.711192112158008
 -11.578071629962041
 -11.446547847168173
 -11.316595828895341
 -11.188205118088694
 -11.061354226130851
 -10.936021764732446
 -10.812203175427070
 -10.689895872341950
 -10.569085040680607
 -10.449759141608478
 -10.331906971510108
 -10.215520657266396
 -10.100586755352776
  -9.987090331218443
  -9.875019081027826
  -9.764341646982210
  -9.655039787606226
  -9.547101280962833
  -9.440501367934809
  -9.335222072070943
  -9.231249255127743
  -9.128559783255115
  -9.027132128489280
  -8.926950378484662
  -8.827994954046225
  -8.730242874194698
  -8.633677886145554
  -8.538285720368890
  -8.444045387237242
  -8.350942013041946
  -8.258958918767357
  -8.168077130802541
  -8.078284423002664
  -7.989564196501409
  -7.901900101683148
  -7.815279017008687
  -7.729685538329447
  -7.645104587159239
  -7.561522933661153
  -7.478926379365943
  -7.397300670532977
  -7.316632693554631
  -7.236908756882221
  -7.158115314812249
  -7.080239415637337
  -7.003267913505891
  -6.927188014367482
  -6.851987252159070
  -6.777653237530649
  -6.704173930618020
  -6.631537611387426
  -6.559732753067127
  -6.488747955273738
  -6.418571932828153
  -6.349193516212996
  -6.280601607489365
  -6.212785207082317
  -6.145733552315078
  -6.079436118817870
  -6.013882571431266
  -5.949062786266915
  -5.884966829381388
  -5.821584962208870
  -5.758907629337077
  -5.696925462704948
  -5.635629239120025
  -5.575009939116774
  -5.515058695899985
  -5.455766836998792
  -5.397125768930141
  -5.339127224855133
  -5.281763056993054
  -5.225025130126648
  -5.168905569260331
  -5.113396690226375
  -5.058490881211105
  -5.004180782273726
  -4.950459157910419
  -4.897318931123653
  -4.844753123027969
  -4.792754823998830
  -4.741317211371111
  -4.690433503177341
  -4.640097006032134
  -4.590301147541501
  -4.541039459178221
  -4.492305582815868
  -4.444093266912125
  -4.396396364119817
  -4.349208830654970
  -4.302524723923711
  -4.256338203044680
  -4.210643535148558
  -4.165435198289913
  -4.120707733895461
  -4.076455753548884
  -4.032673931575930
  -3.989357008671260
  -3.946499713334148
  -3.904096808548057
  -3.862143168860907
  -3.820633739754663
  -3.779563549580697
  -3.738927703769324
  -3.698721383967004
  -3.658939845075627
  -3.619578413496848
  -3.580632484651141
  -3.542097521662703
  -3.503969053213268
  -3.466242672311874
  -3.428914034481761
  -3.391978856491429
  -3.355432914889022
  -3.319272044655493
  -3.283492137893647
  -3.248089142902431
  -3.213059062575406
  -3.178397971130873
  -3.144102033825857
  -3.110167448263877
  -3.076590474509655
  -3.043367400938374
  -3.010494556354383
  -2.977968261432963
  -2.945784900620265
  -2.913940876644706
  -2.882432654710934
  -2.851256729530570
  -2.820409651138905
  -2.789888006271191
  -2.759688429959310
  -2.729807592565184
  -2.700242206937910
  -2.670989017864930
  -2.642044809409350
  -2.613406397908498
  -2.585070637866796
  -2.557034416427740
  -2.529294660528389
  -2.501848346312215
  -2.474692482151642
  -2.447824111699034
  -2.421240306388178
  -2.394938168497945
  -2.368914822634383
  -2.343167408557182
  -2.317693097205573
  -2.292489085163103
  -2.267552601831897
  -2.242880904486628
  -2.218471282091625
  -2.194321051572892
  -2.170427560067448
  -2.146788182209152
  -2.123400321578048
  -2.100261884641107
  -2.077370462179657
  -2.054723457133381
  -2.032318335887164
  -2.010152480702003
  -1.988223369365147
  -1.966528453785840
  -1.945065273963122
  -1.923831378421902
  -1.902824397492285
 -37.608151777467000
 -37.362156100142784
 -37.123155289792820
 -36.887550904854251
 -36.652398224571293
 -36.417362003063737
 -36.195522799970590
 -35.975471253353135
 -35.760614481027922
 -35.552058003822687
 -35.345635706846217
 -35.142671961571061
 -34.944967476373087
 -34.748797008688406
 -34.552865414578555
 -34.356902893128826
 -34.168244199430738
 -33.979656278085983
 -33.790659436748200
 -33.601427189476304
 -33.412699746100706
 -33.227904904477661
 -33.045318443884099
 -32.863199320223416
 -32.681454781206867
 -32.500253643094290
 -32.320698082963872
 -32.142865957283242
 -31.965334759567856
 -31.787964435891251
 -31.611259409357594
 -31.435167940143636
 -31.258760721432214
 -31.081560880148036
 -30.904703224086639
 -30.728863169859174
 -30.552983985553006
 -30.376933860818863
 -30.201056208697217
 -30.025271231561899
 -29.849357804892428
 -29.673155740129882
 -29.496883989491909
 -29.320696942515909
 -29.144182280881648
 -28.967346416586828
 -28.790389558936944
 -28.613182310620033
 -28.435595665513365
 -28.257775333020025
 -28.080074995555798
 -27.902501995955035
 -27.724819464689539
 -27.547077800137988
 -27.370089245675551
 -27.193419721955305
 -27.017121592309390
 -26.841357671012197
 -26.665724652773982
 -26.490268168631452
 -26.311621566445201
 -26.127263195743446
 -25.940133347414381
 -25.751002485604403
 -25.560419129936847
 -25.368815315086529
 -25.176182294195897
 -24.981067220612054
 -24.783224083220833
 -24.583679085270756
 -24.382592045877541
 -24.179974852992451
 -23.976298794341069
 -23.771217079464858
 -23.564577765071849
 -23.357312950066714
 -23.149434077971044
 -22.940749371947163
 -22.731367831912412
 -22.521281180328273
 -22.310692190901293
 -22.099868640298208
 -21.888724463051986
 -21.677321235753013
 -21.465706770815181
 -21.253977792937665
 -21.042316622019790
 -20.831069205511163
 -20.620323102329895
 -20.409965232812418
 -20.199993883672231
 -19.990549619439900
 -19.781781272615671
 -19.573742950546652
 -19.366392896559827
 -19.159793236306548
 -18.954075188653064
 -18.749323853821302
 -18.545529533433008
 -18.342711014523832
 -18.140961586049773
 -17.940369041042700
 -17.740956940044406
 -17.542736090153937
 -17.345756077225868
 -17.150074390574005
 -16.955724192562119
 -16.762780400346703
 -16.571345835832155
 -16.381456994567138
 -16.193134314326752
 -16.006348476156084
 -15.821120837692405
 -15.637475843613785
 -15.455429246769601
 -15.274979538887036
 -15.096150095608969
 -14.918969618502054
 -14.743451208522009
 -14.569601562810412
 -14.397428330103619
 -14.226942516043964
 -14.058151387963949
 -13.891057744377152
 -13.725665837334633
 -13.561982092262257
 -13.400011287807235
 -13.239758209240163
 -13.081227166804835
 -12.924421499784733
 -12.769343758117710
 -12.615994552958664
 -12.464373032452835
 -12.314479268504995
 -12.166308942885527
 -12.019855214411892
 -11.875115233829614
 -11.732083977676448
 -11.590753319379749
 -11.451117957453580
 -11.313171066835245
 -11.176904307793826
 -11.042311469907746
 -10.909383897379675
 -10.778112195475515
 -10.648488738106964
 -10.520506238158415
 -10.394167040047623
 -10.269471563915598
 -10.146406661228500
 -10.024963520685853
  -9.905133937333801
  -9.786901136641857
  -9.670250324564856
  -9.555165542926300
  -9.441619900691505
  -9.329588409878017
  -9.219056748471806
  -9.110003467769555
  -9.002400604795803
  -8.896235750745852
  -8.791493542043305
  -8.688149310231800
  -8.586187586051013
  -8.485586486556363
  -8.386324435187587
  -8.288388213052523
  -8.191756078865287
  -8.096408733511288
  -8.002329996052794
  -7.909503402953899
  -7.817907231190472
  -7.727526251561001
  -7.638343366043974
  -7.550338852001754
  -7.463496812010988
  -7.377799560797937
  -7.293228774995593
  -7.209767573162027
  -7.127398390231105
  -7.046103992054606
  -6.965867714252448
  -6.886672786482884
  -6.808502776889589
  -6.731341605884927
  -6.655173321401064
  -6.579982194399167
  -6.505752709693026
  -6.432470124759773
  -6.360120088006316
  -6.288687553371221
  -6.218157705810045
  -6.148515964348611
  -6.079748026774616
  -6.011839941025453
  -5.944777820244690
  -5.878548085382032
  -5.813137282918944
  -5.748532685529024
  -5.684721222190338
  -5.621690345434223
  -5.559427269890742
  -5.497920716242984
  -5.437158236077726
  -5.377128630919534
  -5.317820823510871
  -5.259223211854700
  -5.201324581432375
  -5.144114717104428
  -5.087582771953841
  -5.031718890715510
  -4.976513238291841
  -4.921956164940913
  -4.868038278423633
  -4.814750178630458
  -4.762082666430432
  -4.710026586358024
  -4.658572921637387
  -4.607712884263547
  -4.557437862535840
  -4.507739426342747
  -4.458609327902388
  -4.410039489384603
  -4.362022005406259
  -4.314549134961192
  -4.267613303229938
  -4.221207105402415
  -4.175323322845402
  -4.129954873993107
  -4.085094828724293
  -4.040736385520910
  -3.996872866423314
  -3.953497719233011
  -3.910604494604933
  -3.868186866175437
  -3.826238623239704
  -3.784753640552176
  -3.743725912883994
  -3.703149553157296
  -3.663018785528124
  -3.623327948451181
  -3.584071487598355
  -3.545243956267953
  -3.506840010670536
  -3.468854408555500
  -3.431282005713809
  -3.394117753769117
  -3.357356697699540
  -3.320993973146369
  -3.285024803949212
  -3.249444501205097
  -3.214248459079606
  -3.179432184471204
  -3.144991329683921
  -3.110921567906249
  -3.077218658469858
  -3.043878401381845
  -3.010896648093367
  -2.978269228636261
  -2.945992092270020
  -2.914061226845550
  -2.882472710577644
  -2.851222676370839
  -2.820307329546720
  -2.789722942106888
  -2.759465843484139
  -2.729532408243751
  -2.699919064414406
  -2.670622273221877
  -2.641638549920314
  -2.612964455166186
  -2.584596602222285
  -2.556531650087206
  -2.528766308246999
  -2.501297336865170
  -2.474121542618035
  -2.447235777416699
  -2.420636934917652
  -2.394321950160895
  -2.368287795438117
  -2.342531476737297
  -2.317050037007462
  -2.291840554012311
  -2.266900142725478
  -2.242225952891848
  -2.217815170501980
  -2.193665015566411
  -2.169772743104090
  -2.146135641381537
  -2.122751032813111
  -2.099616423921962
  -2.076729280269104
  -2.054087055900836
  -2.031687199233745
  -2.009527154209036
  -1.987604394556639
  -1.965916408849015
  -1.944460740148312
  -1.923234985972129
  -1.902236831962580
 -33.205407634541324
 -33.085918602534591
 -32.963236096528277
 -32.842864738340964
 -32.720546363024091
 -32.602612794908666
 -32.483395382551379
 -32.365406288259649
 -32.248217130530549
 -32.129218452399478
 -32.014279456366708
 -31.897589989311800
 -31.780666238182729
 -31.663776937703368
 -31.545644097317552
 -31.427224185486022
 -31.311533376872990
 -31.194599022841913
 -31.077115404697214
 -30.960388236435755
 -30.842175575076066
 -30.722752763799569
 -30.603671028276320
 -30.486405377601674
 -30.368174002531898
 -30.249006632296823
 -30.130197798441159
 -30.011932668751715
 -29.893009916931064
 -29.773465312232240
 -29.653381171298413
 -29.534195829799394
 -29.414366820613889
 -29.293614725486474
 -29.172051119839761
 -29.049938383222379
 -28.927884593894472
 -28.805533951328183
 -28.682189974063522
 -28.558087676532381
 -28.433535753700774
 -28.308597818450298
 -28.182912965981799
 -28.056726159284469
 -27.930382532737152
 -27.803478226289002
 -27.675931081831482
 -27.547742680048046
 -27.418904310349490
 -27.289665175321389
 -27.160268406951953
 -27.030517911334417
 -26.900209698743097
 -26.769568938582754
 -26.639055401659995
 -26.508243699499015
 -26.376831319921237
 -26.244490648964256
 -26.111242251585747
 -25.976409691625641
 -25.839360316676824
 -25.699255543320636
 -25.551389289806103
 -25.398344706510894
 -25.243995947005697
 -25.087943395741636
 -24.929787312208269
 -24.769385557092523
 -24.606788597832814
 -24.441712715488482
 -24.272500493754592
 -24.101074896863196
 -23.927984687023944
 -23.753072500102398
 -23.576774985997897
 -23.399065424677360
 -23.219592476566298
 -23.038256685091508
 -22.855540633129458
 -22.671586263196396
 -22.486508876624981
 -22.300152055275106
 -22.112696169788038
 -21.924398182902269
 -21.735246637498072
 -21.545309193955202
 -21.354788091539895
 -21.163827334980692
 -20.972425014633135
 -20.780598105806838
 -20.588405012308140
 -20.395948962533883
 -20.203329498437633
 -20.010597918227138
 -19.817784812389498
 -19.624982682530518
 -19.432294129983458
 -19.239746520249277
 -19.047336325994493
 -18.855123596338810
 -18.663244199908537
 -18.471814141894662
 -18.280862622251668
 -18.090392150657056
 -17.900448761229004
 -17.711104986769271
 -17.522420006855594
 -17.334437155746343
 -17.147200030122008
 -16.960757103779084
 -16.775152165210059
 -16.590419040751478
 -16.406597956036716
 -16.223729607680404
 -16.041850902938631
 -15.861004981961891
 -15.681278487901215
 -15.502758745722636
 -15.325474788234832
 -15.149436088700268
 -14.974620579699577
 -14.801042018796180
 -14.628721362520734
 -14.457667502522485
 -14.287892255363881
 -14.119422967541075
 -13.952295599262671
 -13.786542128941878
 -13.622185493194202
 -13.459252626792475
 -13.297764120566914
 -13.137737267429378
 -12.979188868119087
 -12.822137126403630
 -12.666597484007594
 -12.512588048007567
 -12.360123209850038
 -12.209211892543721
 -12.059862206413872
 -11.912084449206750
 -11.765884212591565
 -11.621261937554163
 -11.478218940266242
 -11.336756000377239
 -11.196876228658830
 -11.058585472332624
 -10.921886640634709
 -10.786784015707074
 -10.653281867717959
 -10.521375394189809
 -10.391067466639468
 -10.262358588137522
 -10.135242258203938
 -10.009716446349611
  -9.885783279835698
  -9.763442358322497
  -9.642695695831197
  -9.523541208763239
  -9.405965628232703
  -9.289962180071598
  -9.175525546752592
  -9.062640365441817
  -8.951287733416343
  -8.841443516119869
  -8.733090331176200
  -8.626212453725952
  -8.520790292973924
  -8.416805984498605
  -8.314237285187462
  -8.213079484000067
  -8.113316157403499
  -8.014923341712096
  -7.917890425632558
  -7.822199130396594
  -7.727830046310974
  -7.634768894824191
  -7.542998039687285
  -7.452498726248820
  -7.363253913680402
  -7.275245964838305
  -7.188456902011239
  -7.102869401800221
  -7.018465899933035
  -6.935228824947566
  -6.853141020763583
  -6.772185263982817
  -6.692344330049780
  -6.613601099048911
  -6.535938600091837
  -6.459340157729728
  -6.383789155671352
  -6.309268903407387
  -6.235762720177576
  -6.163254472886430
  -6.091728469467988
  -6.021168595850870
  -5.951558734937770
  -5.882882655108353
  -5.815126558048452
  -5.748274534590793
  -5.682311692496185
  -5.617220533812819
  -5.552990636089744
  -5.489605699880359
  -5.427052645328671
  -5.365318382405987
  -5.304388396413655
  -5.244247044717949
  -5.184884305084064
  -5.126285476459612
  -5.068438559886848
  -5.011331369111905
  -4.954951413490143
  -4.899287183358107
  -4.844327429572099
  -4.790060581675784
  -4.736475115036942
  -4.683559666977721
  -4.631303145423195
  -4.579694642083065
  -4.528723498171595
  -4.478379261568020
  -4.428651700612883
  -4.379530814674021
  -4.331006797718431
  -4.283070076575338
  -4.235711296447471
  -4.188921307334753
  -4.142691150747246
  -4.097012111227288
  -4.051875661148610
  -4.007273411477224
  -3.963197262118167
  -3.919639278401873
  -3.876591607647918
  -3.834046598278730
  -3.791996610882924
  -3.750434101286837
  -3.709351823607095
  -3.668742691367486
  -3.628599795224394
  -3.588916378343186
  -3.549685841243078
  -3.510901732245163
  -3.472557745798114
  -3.434647716842555
  -3.397165617126237
  -3.360105552250471
  -3.323461757124958
  -3.287228592014460
  -3.251400543635573
  -3.215972215671228
  -3.180938338055473
  -3.146293786752170
  -3.112033511494143
  -3.078152575084823
  -3.044646118210967
  -3.011509376121605
  -2.978737629089160
  -2.946326280678113
  -2.914270808812513
  -2.882566792695536
  -2.851209904800977
  -2.820195899338638
  -2.789520648273738
  -2.759180079519346
  -2.729170159019122
  -2.699486919644117
  -2.670126409008805
  -2.641084754941566
  -2.612358157360052
  -2.583942890085347
  -2.555835293973909
  -2.528031777467633
  -2.500528812734160
  -2.473322934236847
  -2.446410735572666
  -2.419788867260590
  -2.393454034543107
  -2.367402994856648
  -2.341632555500034
  -2.316139572328766
  -2.290920948184074
  -2.265973632337138
  -2.241294618827225
  -2.216880946181411
  -2.192729695910046
  -2.168837992574168
  -2.145203002859890
  -2.121821936510926
  -2.098692071584301
  -2.075810725662072
  -2.053175256302913
  -2.030783033434490
  -2.008631465006152
  -1.986717989536199
  -1.965040100271893
  -1.943595366440679
  -1.922381492512648
  -1.901396356944519
