-1000.000000000000000
-1000.000000000000000
 -31.252838176410364
 -29.984449236663270
 -29.110591059108888
 -28.199629021791182
 -28.080309144669378
 -27.332711547464321
 -27.432077490981548
 -26.783946552300122
 -26.970892986397548
 -26.238383952649055
 -26.618487676131782
 -25.888749840615407
 -26.200699199600216
 -25.594211908739997
 -25.929648540248920
 -25.338566981163662
 -25.691260670134305
 -25.105270194744339
 -25.473159085139027
 -24.889850929467212
 -25.272038745604963
 -24.684794833979044
 -25.088724080089207
 -24.491818448364171
 -24.912981679446027
 -24.308189193924175
 -24.744773758245802
 -24.131384876255414
 -24.582659259832116
 -23.960148936166593
 -24.422822518633485
 -23.795257789915642
 -24.270034983751376
 -23.635351786298671
 -24.121655412747138
 -23.478529325732602
 -23.976396034731284
 -23.324599578205678
 -23.835175511938679
 -23.173923415855739
 -23.697211845252507
 -23.026575173720406
 -23.560910957261001
 -22.881670387458037
 -23.426562982698922
 -22.738664159810778
 -23.294034386732090
 -22.582721299733404
 -23.163459351067456
 -22.425569904031491
 -23.034784913600063
 -22.262052770439738
 -22.907261722846119
 -22.096224831329145
 -22.780912029259415
 -21.929389045035759
 -22.655759488835308
 -21.763212117063016
 -22.531781232601368
 -21.598793876200297
 -22.408806605529414
 -21.436714998161499
 -22.286652134737061
 -21.277248560111342
 -22.165259110245984
 -21.120485564988392
 -22.044599197711392
 -20.966321338749410
 -21.924652078457783
 -20.814584958229940
 -21.805533088178475
 -20.665215876658745
 -21.687101578870315
 -20.518079733826848
 -21.569129287592112
 -20.373071877841788
 -21.451370880600031
 -20.229962439841906
 -21.333927831287834
 -20.088439321780172
 -21.216835982772384
 -19.948275017837858
 -21.100031321168000
 -19.809044038357950
 -20.983420790284669
 -19.669982329638216
 -20.866871543624310
 -19.529870560199530
 -20.750376689771510
 -19.387070665803765
 -20.634060857922506
 -19.239943152462111
 -20.518032974697288
 -19.085781582955960
 -20.402227034364611
 -18.931350143623103
 -20.286490488254358
 -18.778594428450944
 -20.170770011122737
 -18.627437448408635
 -20.055087801908158
 -18.477801171332551
 -19.939472186666482
 -18.329615168296829
 -19.823934362676624
 -18.182783566832278
 -19.708441376826151
 -18.037203698317381
 -19.592918189373112
 -17.892779253579011
 -19.477317317602481
 -17.749502389016580
 -19.361596326876761
 -17.607345775391053
 -19.245755249527697
 -17.466267204217615
 -19.129677304788807
 -17.326196701270870
 -19.013401499566847
 -17.187104287804168
 -18.896797640482259
 -17.048989847465958
 -18.779544368303831
 -16.911852698573565
 -18.661709790505125
 -16.775677628681489
 -18.543528071409607
 -16.640426280900069
 -18.425080334705605
 -16.506087706048991
 -18.306206644979376
 -16.372666046348403
 -18.186725218444661
 -16.240152154892396
 -18.066828041228572
 -16.108540752924306
 -17.946755500554758
 -15.977812593991127
 -17.826786608128788
 -15.847952173318065
 -17.707079823916221
 -15.718956821678814
 -17.586939315097680
 -15.590817794090325
 -17.466507552837975
 -15.463527419947880
 -17.345855072749124
 -15.337083621834271
 -17.225012252935606
 -15.211483865497184
 -17.103981137556545
 -15.086721273306489
 -16.982772859598413
 -14.962788662519049
 -16.861441266662037
 -14.839683443357925
 -16.740004458838161
 -14.717404074852409
 -16.618489737699754
 -14.595944909500789
 -16.496945680824258
 -14.475300086748700
 -16.375409283152454
 -14.355467705244415
 -16.253897631588366
 -14.236442782659704
 -16.132439993273358
 -14.118219903262222
 -16.011086577648886
 -14.000799220769414
 -15.889871042171258
 -13.884175099994106
 -15.768816229646783
 -13.768339399951850
 -15.647971109970578
 -13.653293767507973
 -15.527373681615209
 -13.539029805926299
 -15.407041469195690
 -13.425539961838480
 -15.286990756344560
 -13.312819022950181
 -15.167226478993463
 -13.200864364823929
 -15.047768886228466
 -13.089670835372996
 -14.928636772154434
 -12.979233682595551
 -14.809874031439360
 -12.869549262733653
 -14.691466534421446
 -12.760614160412235
 -14.573430575855783
 -12.652424071618460
 -14.455782432204103
 -12.544975053682752
 -14.338541735686876
 -12.438263343426021
 -14.221714766115062
 -12.332285042527531
 -14.105315511099604
 -12.227036254682407
 -13.989357700647362
 -12.122513498110250
 -13.873853806524064
 -12.018713358232480
 -13.758813996972274
 -11.915632266186579
 -13.644249754942642
 -11.813266897218295
 -13.530171607880016
 -11.711614066505792
 -13.416589171262215
 -11.610670453655588
 -13.303511833624723
 -11.510432667723828
 -13.190948840674572
 -11.410897336816674
 -13.078908666486379
 -11.312061217117918
 -12.967399485979131
 -11.213921167466598
 -12.856429342797648
 -11.116474007593631
 -12.746005751956224
 -11.019716538062694
 -12.636135697224521
 -10.923645681748296
 -12.526825916803388
 -10.828258405148569
 -12.418082972232700
 -10.733551543869766
 -12.309913024894881
 -10.639521992305873
 -12.202321850349486
 -10.546166657368159
 -12.095314975322792
 -10.453482186074634
 -11.988897717856659
 -10.361465222476079
 -11.883075071598617
 -10.270112254410163
 -11.777851722583202
 -10.179419172396001
 -11.673232137292015
 -10.089381499361904
 -11.569220566973453
  -9.999993888850341
 -11.465821027836165
  -9.911251204928899
 -11.363037338983860
  -9.823144077837547
 -11.260873064677511
  -9.735671663748215
 -11.159331622147036
  -9.648808450797940
 -11.058416216444934
  -9.562571745552912
 -10.958129712230235
  -9.476897936293305
 -10.858478035663188
  -9.391821053381831
 -10.759466748472168
  -9.307388771312173
 -10.661097745426023
  -9.223599534404176
 -10.563372817379046
  -9.140452573862207
 -10.466082294058156
  -9.057947654073871
 -10.369234803032983
  -8.976086562469641
 -10.273043062600511
  -8.894870402663956
 -10.177507610624644
  -8.814296058281812
 -10.082625538943768
  -8.734358713099121
  -9.988400232804890
  -8.655053528111960
  -9.894832947063565
  -8.576373739175491
  -9.801924467540813
  -8.498313124752864
  -9.709678456258084
  -8.420860851237393
  -9.618095261923116
  -8.344012607444141
  -9.527174183705919
  -8.267764862664723
  -9.436916270217392
  -8.192113577867250
  -9.347320991061045
  -8.117054460562647
  -9.258387250283290
  -8.042583593878447
  -9.170114135555139
  -7.968696880603079
  -9.082500651565011
  -7.895387869387765
  -8.995545756085555
  -7.822655396464727
  -8.909248409214527
  -7.750490399843307
  -8.823607439198666
  -7.678888812235718
  -8.738621616647711
  -7.607855926724660
  -8.654289611450677
  -7.537368633403084
  -8.570609926451745
  -7.467455147921868
  -8.487580914011566
  -7.398112467764254
  -8.405200763346311
  -7.329337439842624
  -8.323373535652818
  -7.261127178991424
  -8.242161366472137
  -7.193478659425832
  -8.161595395752984
  -7.126389081566718
  -8.081674138301482
  -7.059855594817673
  -8.002395394428893
  -6.993875073250283
  -7.923757144504296
  -6.928444769332922
  -7.845757044242614
  -6.863562053845221
  -7.768393864778282
  -6.799224278429503
  -7.691665724389700
  -6.735428650961547
  -7.615570476129409
  -6.672171727582328
  -7.540106435613872
  -6.609449443102566
  -7.465271469694484
  -6.547257566333768
  -7.391063408967107
  -6.485591914037246
  -7.317480203714364
  -6.424448241587664
  -7.244519604948040
  -6.363822727260936
  -7.172179250393403
  -6.303712283121515
  -7.100456690847085
  -6.244113942542424
  -7.029349316801270
  -6.185024963646677
  -6.958854389631668
  -6.126443050137756
  -6.888969064661831
  -6.068366757669358
  -6.819690407262635
  -6.010796493278383
  -6.751015440691948
  -5.953736445932350
  -6.682941144951810
  -5.897186269997468
  -6.615464462590723
  -5.841141224671152
  -6.548582332266853
  -5.785595682707250
  -6.482291722385424
  -5.730542390389521
  -6.416589614956755
  -5.675971033403163
  -6.351472907511073
  -5.621872214742982
  -6.286938388229371
  -5.568242417569201
  -6.222982754144171
  -5.515078214418013
  -6.159602575051056
  -5.462376264736696
  -6.096794304070101
  -5.410133286482252
  -6.034554369422830
  -5.358345919928745
  -5.972879213126722
  -5.307010691031708
  -5.911765264749328
  -5.256124222437410
  -5.851208946717377
  -5.205683398716554
  -5.791206677550933
  -5.155685062347604
  -5.731754868237928
  -5.106125774753267
  -5.672849922761569
  -5.057001955854979
  -5.614488232593795
  -5.008311034343353
  -5.556666179402009
  -4.960050705533300
  -5.499380145059592
  -4.912218031185041
  -5.442626511921769
  -4.864809841883844
  -5.386401630197335
  -4.817823112420674
  -5.330701890562962
  -4.771254969552863
  -5.275523731017194
  -4.725102758702401
  -5.220863558338596
  -4.679364144045859
  -5.166717699853814
  -4.634037170451340
  -5.113082571542942
  -4.589119865689305
  -5.059954596328734
  -4.544609450724921
  -5.007330191713347
  -4.500502323442261
  -4.955205825207141
  -4.456794568588820
  -4.903577986582881
  -4.413481843017840
  -4.852443189397353
  -4.370559683608707
  -4.801797919196734
  -4.328024395245222
  -4.751638629971845
  -4.285872968754022
  -4.701961735992134
  -4.244102408426775
  -4.652763591730079
  -4.202709736816984
  -4.604040528132425
  -4.161691997255613
  -4.555788880467680
  -4.121046256385473
  -4.508004984919545
  -4.080769609240092
  -4.460685183858693
  -4.040859203577225
  -4.413825826480369
  -4.001312280154258
  -4.367423270074595
  -3.962126983548678
  -4.321473881470113
  -3.923310149323529
  -4.275974038411928
  -3.884861417879259
  -4.230920132432630
  -3.846777734184890
  -4.186308580018546
  -3.809055983464157
  -4.142135908411991
  -3.771693010510121
  -4.098398638977300
  -3.734678204307192
  -4.055093289473166
  -3.698003067313534
  -4.012216369135316
  -3.661664746977548
  -3.969764383850173
  -3.625660343071933
  -3.927733761108940
  -3.589986965055200
  -3.886120911442047
  -3.554641835479663
  -3.844922276679985
  -3.519622250179541
  -3.804134312298088
  -3.484925534085008
  -3.763753492691505
  -3.450549031503436
  -3.723776312274819
  -3.416490105962754
  -3.684199283800596
  -3.382746139595083
  -3.645018939990275
  -3.349314533364633
  -3.606231831947321
  -3.316192707215015
  -3.567834530218783
  -3.283378099883348
  -3.529823624148427
  -3.250868169071744
  -3.492195722482510
  -3.218660392378710
  -3.454947453230096
  -3.186752266637643
  -3.418075464010160
  -3.155141308244872
  -3.381576422126754
  -3.123825056718911
  -3.345447014874675
  -3.092801072613894
  -3.309683949583699
  -3.062067268129252
  -3.274283953937797
  -3.031622310705175
  -3.239243776303374
  -3.001464875351652
  -3.204560185578306
  -2.971592960411975
  -3.170229992501173
  -2.942004303960912
  -3.136250058876892
  -2.912696379338018
  -3.102617254442448
  -2.883666005298573
  -3.069328479082936
  -2.854909622788646
  -3.036380636479108
  -2.826424359247876
  -3.003770639565143
  -2.798207687045042
  -2.971495375661998
  -2.770257241186882
  -2.939551766992698
  -2.742570747313723
  -2.907936733363725
  -2.715145982666350
  -2.876647232112455
  -2.687980784572728
  -2.845680229733842
  -2.661072993370097
  -2.815032726132190
  -2.634420403418957
  -2.784701738507938
  -2.608020789372461
  -2.754684312455583
  -2.581871890424441
  -2.724977511084452
  -2.555971449560249
  -2.695578421999647
  -2.530317253042758
  -2.666484148121473
  -2.504907133993592
  -2.637691815666441
  -2.479739581135755
  -2.609198567397673
  -2.454815151011684
  -2.581001569887039
  -2.430133364555519
  -2.553098007689369
  -2.405692985106331
  -2.525485093521531
  -2.381492355021289
  -2.498160074064285
  -2.357529601055487
  -2.471120216255230
  -2.333801755850136
  -2.444362809840428
  -2.310304048210577
  -2.417885161640051
  -2.287032998044233
  -2.391684598162871
  -2.263985845642231
  -2.365758456797150
  -2.241160199639647
  -2.340104082350522
  -2.218553872717069
  -2.314718841022729
  -2.196164796584946
  -2.289600116065055
  -2.173990977891041
  -2.264745314558866
  -2.152030473187994
  -2.240151863373395
  -2.130281375662959
  -2.215817212963003
  -2.108741807400781
  -2.191738834268028
  -2.087493844367505
  -2.167914221115452
  -2.066554890965789
  -2.144340887962973
  -2.045850473591318
  -2.121016371573381
  -2.025359149432788
  -2.097938672764274
  -2.005061737189176
  -2.075105491325891
  -1.984948030959657
  -2.052514360081835
  -1.965010771288461
  -2.030162859306852
  -1.945245352289152
  -2.008048485344479
  -1.925648591856007
  -1.986168819666979
  -1.906218509543316
  -1.964521415359793
  -1.886954009934426
  -1.943103905922238
  -1.867854648742781
  -1.921913930131803
  -1.848920569080849
  -1.900949201515439
  -1.830152674392131
-1000.000000000000000
-1000.000000000000000
 -27.890266615541929
 -26.559249203413607
 -25.777750995652379
 -24.819567051153335
 -24.760927171707955
 -23.973493996822768
 -24.120840023346940
 -23.437503778859618
 -23.665282972690829
 -23.054265279210028
 -23.317077235441829
 -22.641290958204532
 -23.038161306108787
 -22.374922649996073
 -22.720339887428722
 -22.157548873056719
 -22.498051288933731
 -21.974612109047204
 -22.308611819699546
 -21.803768839647702
 -22.144197101416243
 -21.656088209725272
 -21.996886319141392
 -21.518679459652184
 -21.855974071239899
 -21.394451841631422
 -21.730145593326430
 -21.276691169218186
 -21.612986197594743
 -21.162847146309780
 -21.502109916597874
 -21.054743143085439
 -21.398404254397196
 -20.951443440412671
 -21.299585416069938
 -20.851412511530750
 -21.203855065997608
 -20.753978974952389
 -21.111885108696658
 -20.659103971541310
 -21.022390033989744
 -20.566183604919196
 -20.932431343648258
 -20.474866225002280
 -20.845685343302012
 -20.384480554695770
 -20.761069977877913
 -20.294897509866974
 -20.678094640182561
 -20.206507413124559
 -20.596238057549037
 -20.118615789233495
 -20.514906536258074
 -20.031026685621697
 -20.434594451403406
 -19.941067357520108
 -20.354703883121719
 -19.851202783612891
 -20.275231795978058
 -19.760326490531899
 -20.196155520966258
 -19.668936572257127
 -20.117198872584424
 -19.577427114475018
 -20.038502221580384
 -19.485504953244934
 -19.959958950841184
 -19.393451632031343
 -19.881278105611138
 -19.301689201666640
 -19.802507895151862
 -19.210108091862004
 -19.723643919198132
 -19.118640373599010
 -19.644865808428069
 -19.027176507248260
 -19.565958061420382
 -18.935964294577229
 -19.486765102115989
 -18.844757566492518
 -19.407194717794269
 -18.753420773195753
 -19.327314852065346
 -18.661915970490064
 -19.247287413747976
 -18.570330432401494
 -19.167021696569453
 -18.478721772940656
 -19.086329017391744
 -18.386687981700042
 -19.005170586466853
 -18.293913737116355
 -18.923693366790083
 -18.195609069524188
 -18.841834779286437
 -18.055118705388786
 -18.759495168895238
 -17.915990315629010
 -18.676690432850510
 -17.778119195757771
 -18.593444983935843
 -17.641387345848312
 -18.509859994301856
 -17.505740287148928
 -18.425895958121043
 -17.371125215326696
 -18.341394279470592
 -17.237508705335323
 -18.256345522440274
 -17.104854113886187
 -18.170723095857063
 -16.973140544509466
 -18.084504765108647
 -16.842338884315975
 -17.997799825192082
 -16.712411963164726
 -17.910427983525565
 -16.583362115068091
 -17.822064567308832
 -16.455156061201166
 -17.732393368450072
 -16.327771417874491
 -17.641413566040576
 -16.201242262924662
 -17.549313736537254
 -16.075539477728285
 -17.455960711190198
 -15.950641062644264
 -17.361460232201797
 -15.826546571895143
 -17.265899558183584
 -15.703227006774801
 -17.169321286446056
 -15.580661033533111
 -17.071862530129607
 -15.458847413342733
 -16.973629905011375
 -15.337774614114988
 -16.874581467935531
 -15.217438651127496
 -16.774786322751815
 -15.097840011744518
 -16.674284526881102
 -14.978969018707293
 -16.573142077703146
 -14.860820123193395
 -16.471433404256207
 -14.743395314509346
 -16.369209867054344
 -14.626687585879719
 -16.266523685796226
 -14.510689105465200
 -16.163500771093599
 -14.395397262682069
 -16.060144190279011
 -14.280811479478324
 -15.956430120157291
 -14.166926786822557
 -15.852392226309940
 -14.053739378993194
 -15.748071494500136
 -13.941247360783684
 -15.643510496834860
 -13.829445392780235
 -15.538732620726519
 -13.718328035394707
 -15.433765934610822
 -13.607897694990633
 -15.328657159367745
 -13.498151081759083
 -15.223443114622830
 -13.389076944946913
 -15.118152307033224
 -13.280681658381210
 -15.012810285144671
 -13.172970295866591
 -14.907445422806802
 -13.065919874770675
 -14.802075589348778
 -12.959525641255558
 -14.697483281158787
 -12.853785754361228
 -14.592917161491922
 -12.748698584465741
 -14.488349007692598
 -12.644258749264573
 -14.383800363406287
 -12.540463244732861
 -14.279387398181685
 -12.437309437395152
 -14.175032322031633
 -12.334794472537277
 -14.070737812126273
 -12.232915196255410
 -13.966516949400603
 -12.131669335880513
 -13.862403670851645
 -12.031054735972948
 -13.758405160558418
 -11.931069009576277
 -13.654537549719013
 -11.831709926037778
 -13.550816765740937
 -11.732975671457542
 -13.447259583839788
 -11.634864409474392
 -13.343879683781775
 -11.537374406066206
 -13.240692139759226
 -11.440504158478650
 -13.137711579400708
 -11.344251998298713
 -13.034952114923430
 -11.248616253362551
 -12.932427543505625
 -11.153595110145210
 -12.830151719615577
 -11.059186719410349
 -12.728138097159782
 -10.965389608359661
 -12.626399900648257
 -10.872202307013278
 -12.524950172876508
 -10.779623159177040
 -12.423801537826746
 -10.687650725798843
 -12.322966232870574
 -10.596283869291831
 -12.222456074325919
 -10.505521022954760
 -12.122282590627041
 -10.415360910774604
 -12.022456987353504
 -10.325802724701388
 -11.922990032506833
 -10.236844727508586
 -11.823892118445691
 -10.148485879709407
 -11.725173392239579
 -10.060726353130169
 -11.626843701863651
  -9.973564154130907
 -11.528912577930667
  -9.886998571722751
 -11.431389656160372
  -9.801031911764690
 -11.334284078230368
  -9.715662064667091
 -11.237604888669759
  -9.630888819897738
 -11.141360722495897
  -9.546709859158907
 -11.045559857565163
  -9.463118047182059
 -10.950210200538987
  -9.380116760371589
 -10.855319054492098
  -9.297699635667117
 -10.760893485352357
  -9.215862980937974
 -10.666940104019762
  -9.134608712212515
 -10.573465144368853
  -9.053933871472417
 -10.480474595140885
  -8.973836645877414
 -10.387974216332639
  -8.894316746784980
 -10.295945323480391
  -8.815372787352533
 -10.204397786377500
  -8.737002330159983
 -10.113362784735997
  -8.659203438826300
 -10.022840304108735
  -8.581973992551227
  -9.932835260215798
  -8.505311029548469
  -9.843357276294959
  -8.429211232920812
  -9.754409228609783
  -8.353672208702974
  -9.665995026180777
  -8.278690911370626
  -9.578118579667724
  -8.204264691031531
  -9.490779914286069
  -8.130391994984615
  -9.403982321578061
  -8.057069619761162
  -9.317729309848582
  -7.984293480757328
  -9.232022965568587
  -7.912062316587218
  -9.146865892955523
  -7.840370378956338
  -9.062260669472911
  -7.769210806336861
  -8.978209351596879
  -7.698587479938865
  -8.894713974712371
  -7.628484030583211
  -8.811776465274376
  -7.558892530446457
  -8.729398430237518
  -7.489837319682622
  -8.647581333920941
  -7.421226248863180
  -8.566326520106538
  -7.353139112207903
  -8.485634936896954
  -7.285590546903098
  -8.405507395202600
  -7.218579159485405
  -8.325944715633815
  -7.152103204604647
  -8.246681388836809
  -7.086159748369371
  -8.167874730248966
  -7.020746377306581
  -8.089640132302263
  -6.955862024589107
  -8.011978935983398
  -6.891504107981477
  -7.934891827163909
  -6.827674491442500
  -7.858379088527739
  -6.764367362771828
  -7.782440393230269
  -6.701581195140487
  -7.707076737202468
  -6.639314603016370
  -7.632294892707653
  -6.577567117906869
  -7.558101675343333
  -6.516341488917165
  -7.484486699373751
  -6.455637666432962
  -7.411448519813459
  -6.395450748044349
  -7.338983892976482
  -6.335773855718931
  -7.267091932471994
  -6.276601023236690
  -7.195771330976991
  -6.217923715707779
  -7.125021092689780
  -6.159733463257574
  -7.054839963999295
  -6.102027580405855
  -6.985226683883247
  -6.044803522708061
  -6.916179737516968
  -5.988058730689371
  -6.847697475988744
  -5.931790681934029
  -6.779778105138909
  -5.875996473670360
  -6.712419787369018
  -5.820672869704772
  -6.645620624513686
  -5.765816587249712
  -6.579378662424546
  -5.711424302922101
  -6.513691900146546
  -5.657492521566055
  -6.448558300355131
  -5.604017660240697
  -6.383975778105674
  -5.550996482726564
  -6.319942177641480
  -5.498426131524021
  -6.256455271415194
  -5.446303808419424
  -6.193512764946219
  -5.394626366881849
  -6.131112283585443
  -5.343390311711186
  -6.069251372659876
  -5.292592547998372
  -6.007927521657911
  -5.242230649045322
  -5.947138184750294
  -5.192301853758019
  -5.886880774225615
  -5.142802144011211
  -5.827152643707246
  -5.093727523680470
  -5.767951092934772
  -5.045076252441655
  -5.709273396195626
  -4.996846577945016
  -5.651116820800077
  -4.949034767239515
  -5.593478588971966
  -4.901632929656718
  -5.536355833488063
  -4.854643124737074
  -5.479745664651204
  -4.808067150769164
  -5.423645250174189
  -4.761901526385207
  -5.367999284302227
  -4.716143206813471
  -5.312858989553175
  -4.670789732438013
  -5.258221782232920
  -4.625839051137090
  -5.204084736397188
  -4.581289796333907
  -5.150444623299374
  -4.537141977618150
  -5.097298486122596
  -4.493398554282303
  -5.044643432988813
  -4.450060886238257
  -4.992476464085645
  -4.407124729130033
  -4.940794650917091
  -4.364584923591145
  -4.889595073478526
  -4.322434752872064
  -4.838874821585406
  -4.280664622206134
  -4.788630920445240
  -4.239267645150521
  -4.738860314108772
  -4.198240994256199
  -4.689559871756962
  -4.157581857267879
  -4.640726352470669
  -4.117287446289374
  -4.592356461601097
  -4.077355013725706
  -4.544446909187569
  -4.037781844839065
  -4.496994402409638
  -3.998565272172866
  -4.449995646895060
  -3.959702766421626
  -4.403447347212484
  -3.921192047283881
  -4.357346206912752
  -3.883031170560082
  -4.311688929652094
  -3.845217864213859
  -4.266472219269693
  -3.807749631200180
  -4.221692784503764
  -3.770623766113163
  -4.177347346495617
  -3.733837417656457
  -4.133432653788654
  -3.697387640591642
  -4.089945451565286
  -3.661271287405236
  -4.046882493389389
  -3.625485277383993
  -4.004240522642140
  -3.590026676040833
  -3.962016277618392
  -3.554892292777822
  -3.920206490197624
  -3.520078920673302
  -3.878807872799690
  -3.485583792293765
  -3.837817139287784
  -3.451404327418793
  -3.797230997546910
  -3.417537963748456
  -3.757046131502566
  -3.383982155586673
  -3.717259234158266
  -3.350734376296540
  -3.677867004121779
  -3.317792117386647
  -3.638866151592112
  -3.285152890008032
  -3.600253397500756
  -3.252814226518034
  -3.562025475423227
  -3.220773678623916
  -3.524179131739188
  -3.189028820251547
  -3.486711126528483
  -3.157577253276538
  -3.449618234001888
  -3.126416597816490
  -3.412897242985351
  -3.095544502582847
  -3.376544957321195
  -3.064958669817701
  -3.340558196588919
  -3.034656806865025
  -3.304933796090447
  -3.004640092825383
  -3.269668607587317
  -2.974913257378184
  -3.234759500516900
  -2.945474044875065
  -3.200203360653524
  -2.916319958186571
  -3.165997127334037
  -2.887448392315465
  -3.132137806020154
  -2.858854232546004
  -3.098622378147614
  -2.830527455598226
  -3.065447849763749
  -2.802465278521018
  -3.032611217167215
  -2.774665495396407
  -3.000109470084589
  -2.747125943649444
  -2.967939542098621
  -2.719844640101952
  -2.936098428025692
  -2.692819544804172
  -2.904583117750866
  -2.666048926885654
  -2.873390644931547
  -2.639530872414072
  -2.842518055488644
  -2.613263054480673
  -2.811962426624487
  -2.587243127277529
  -2.781720862586220
  -2.561468495634550
  -2.751790486452207
  -2.535936651453514
  -2.722168431929720
  -2.510645353035024
  -2.692851851354210
  -2.485592500164304
  -2.663837897268689
  -2.460776040996746
  -2.635123746473212
  -2.436193989138385
  -2.606706588696317
  -2.411844530570734
  -2.578583639104400
  -2.387725933696238
  -2.550752129199952
  -2.363836417921267
  -2.523209316386023
  -2.340174142669905
  -2.495952481487524
  -2.316737227267812
  -2.468978928762568
  -2.293523729601898
  -2.442285983431271
  -2.270531571953566
  -2.415870991237276
  -2.247758592719369
  -2.389731317454336
  -2.225202697919569
  -2.363864344554680
  -2.202861876315141
  -2.338267469700777
  -2.180734182842976
  -2.312938108753753
  -2.158817722024927
  -2.287873694842343
  -2.137110637389860
  -2.263071681517819
  -2.115611106017632
  -2.238529541055151
  -2.094317338114869
  -2.214244766648799
  -2.073227581009404
  -2.190214870862731
  -2.052341246287422
  -2.166437387293799
  -2.031662796924862
  -2.142909869417823
  -2.011194008505645
  -2.119629892097050
  -1.990929844926727
  -2.096595190125968
  -1.970865613395974
  -2.073803451907768
  -1.950997017433089
  -2.051252350870537
  -1.931320662176850
  -2.028939543745552
  -1.911834080300063
  -2.006862675215802
  -1.892537537623730
  -1.985019408413255
  -1.873432467846483
  -1.963407413593833
  -1.854521346092149
  -1.942024405187836
  -1.835808884690191
  -1.920868144433425
  -1.817304525349843
  -1.899936467349919
  -1.799026794306699
-1000.000000000000000
-1000.000000000000000
 -25.598188273245221
 -24.057370595656039
 -23.597753050498959
 -22.479695948320053
 -22.631890860531819
 -21.708735336120270
 -22.022730416054106
 -21.218899967076361
 -21.588585944635454
 -20.867917097788528
 -21.256385658170082
 -20.469672950371415
 -20.990050376949792
 -20.229769820681227
 -20.769350017812382
 -20.033143589271258
 -20.479259586469489
 -19.867488294798513
 -20.299723928598489
 -19.718506326060844
 -20.143635238129999
 -19.585471588508639
 -20.005971126571509
 -19.468279078887235
 -19.883118983678049
 -19.359010117424848
 -19.764902903974434
 -19.259887581108117
 -19.657351022328079
 -19.167015084893503
 -19.559436744597772
 -19.080897374449144
 -19.468287944846455
 -18.994910685925401
 -19.380730826913730
 -18.916085367885739
 -19.299886960495538
 -18.840299748692527
 -19.222273196692548
 -18.766575815758305
 -19.148869458616002
 -18.695361550643607
 -19.078054597441231
 -18.626085279207086
 -19.010479242700910
 -18.558406513822813
 -18.944699814397300
 -18.491540085052293
 -18.880858637837314
 -18.425610292116474
 -18.815273866484596
 -18.360095173646780
 -18.753131970818064
 -18.295144531026818
 -18.692497496090290
 -18.230363395887899
 -18.632922627276891
 -18.165794050541372
 -18.574077074703016
 -18.101107796602193
 -18.515511373682141
 -18.036423170130256
 -18.457428235241000
 -17.971430968506120
 -18.399767598211014
 -17.906346421269301
 -18.342240240051424
 -17.840756219207243
 -18.284686021406728
 -17.774797331429824
 -18.227228947499761
 -17.708312333649314
 -18.169652516593132
 -17.641534399703417
 -18.111773986902659
 -17.574080546745542
 -18.053817911878919
 -17.506220492837048
 -17.995366620782761
 -17.437685411715126
 -17.936652849153500
 -17.368646576372576
 -17.877682350466891
 -17.298883563768047
 -17.818135056924106
 -17.228418124968350
 -17.758169573312667
 -17.157260485165338
 -17.697766635036146
 -17.081276864121385
 -17.636775689963347
 -16.944716559096577
 -17.575303860248560
 -16.814555692608305
 -17.513190371521553
 -16.685611292909602
 -17.450438818689662
 -16.557827121913604
 -17.387129485856843
 -16.431193272182639
 -17.323051883707834
 -16.305738465538095
 -17.258261588896737
 -16.181412566041246
 -17.192805299296360
 -16.058127395350336
 -17.126433646794606
 -15.935796156381100
 -17.059141991132840
 -15.814403497987897
 -16.990834155125807
 -15.693932414905666
 -16.921303861487441
 -15.574355267008372
 -16.850348469780940
 -15.455643036135793
 -16.777886654574509
 -15.337766995644586
 -16.703915677461822
 -15.220695272749360
 -16.628555408180770
 -15.104426398513889
 -16.551819519357206
 -14.988961612468024
 -16.473786300889564
 -14.874294207078288
 -16.394538198552485
 -14.760403992417173
 -16.314262677779627
 -14.647265907597838
 -16.232918515991987
 -14.534863699227168
 -16.150557902246224
 -14.423197443318360
 -16.067209866852760
 -14.312258812200913
 -15.982980665994164
 -14.202031989404205
 -15.898025926858958
 -14.092514255698156
 -15.812253621262400
 -13.983691235781080
 -15.725721832371468
 -13.875548258440631
 -15.638511137936982
 -13.768080725792112
 -15.550714539165631
 -13.661303931755048
 -15.462336222830334
 -13.555199912706476
 -15.373404127923575
 -13.449751550279174
 -15.284038436142708
 -13.344957372434880
 -15.194165338902952
 -13.240805551428981
 -15.103805188652398
 -13.137284864090244
 -15.012994232196878
 -13.034391350704624
 -14.921765884201196
 -12.932124987735333
 -14.830139172856676
 -12.830477331015130
 -14.738156752046160
 -12.729440094152125
 -14.645943971367073
 -12.629015443472964
 -14.553500691330159
 -12.529190242635419
 -14.460790059927723
 -12.429959476735160
 -14.367861636046108
 -12.331320235191139
 -14.274786453049458
 -12.233273169275584
 -14.181553411239385
 -12.135816122634056
 -14.088141875154438
 -12.038944714507622
 -13.994576737789137
 -11.942654260302412
 -13.900875181471793
 -11.846940528171547
 -13.807061065564167
 -11.751799453558169
 -13.713166178683954
 -11.657227310460835
 -13.619191782460783
 -11.563222067130525
 -13.525160202793924
 -11.469781536952327
 -13.431108366641901
 -11.376903219160583
 -13.337075714803120
 -11.284585232842451
 -13.243078410366273
 -11.192826248999049
 -13.149118912921315
 -11.101623985667663
 -13.055203035594969
 -11.010974520009842
 -12.961340139276770
 -10.920875899248299
 -12.867541773880806
 -10.831326756043287
 -12.773821040676808
 -10.742325841057040
 -12.680191445416321
 -10.653871545392251
 -12.586666423157110
 -10.565962544639319
 -12.493259793631410
 -10.478597437578655
 -12.399985451942200
 -10.391774903730896
 -12.306857123730344
 -10.305493631338368
 -12.213893082329047
 -10.219752543413083
 -12.121113300207803
 -10.134550600677530
 -12.028530027309449
 -10.049886739890891
 -11.936155604756102
  -9.965760093026212
 -11.844001037045567
  -9.882169527871174
 -11.752077302490504
  -9.799114207960963
 -11.660392582280931
  -9.716593084092535
 -11.568953614001902
  -9.634604796458808
 -11.477771048173084
  -9.553148393171455
 -11.386855397842007
  -9.472222960857636
 -11.296217351595043
  -9.391826966596803
 -11.205868105847944
  -9.311959439410664
 -11.115821491276050
  -9.232619228819948
 -11.026088188951224
  -9.153804145560148
 -10.936679862523992
  -9.075512515179657
 -10.847605817043720
  -8.997744113295850
 -10.758875546313385
  -8.920498760462038
 -10.670496285412087
  -8.843775606783240
 -10.582473906531130
  -8.767574443702873
 -10.494815225559854
  -8.691893789548530
 -10.407526326305366
  -8.616730655140941
 -10.320613934219946
  -8.542083579447603
 -10.234084410608155
  -8.467955389156616
 -10.147944187238297
  -8.394344431648340
 -10.062199394412504
  -8.321251653917518
  -9.976856205677564
  -8.248677147654329
  -9.891920321147575
  -8.176615893052919
  -9.807396457811675
  -8.105062241636251
  -9.723290785758092
  -8.034025580628144
  -9.639609769131713
  -7.963502878662259
  -9.556358508776142
  -7.893497509376964
  -9.473542384998924
  -7.824011732093564
  -9.391166710296785
  -7.755036533064354
  -9.309236230427906
  -7.686560460388473
  -9.227755752870967
  -7.618580850606661
  -9.146729694535702
  -7.551084263612549
  -9.066161939162695
  -7.484077828204108
  -8.986056275090249
  -7.417565809304806
  -8.906416259369207
  -7.351540539456325
  -8.827245099245738
  -7.286007191746046
  -8.748546087185078
  -7.220961914815825
  -8.670322312914788
  -7.156381251013632
  -8.592576602101474
  -7.092286409389723
  -8.515311750520841
  -7.028679312726477
  -8.438530221040210
  -6.965566399472702
  -8.362234044150853
  -6.902944207816560
  -8.286425581946620
  -6.840805845183245
  -8.211107004564131
  -6.779147955418093
  -8.136207572646420
  -6.717968222565629
  -8.061760951002022
  -6.657278682012041
  -7.987793516713451
  -6.597090343474166
  -7.914314668287791
  -6.537379774107285
  -7.841331532372636
  -6.478142688801176
  -7.768847398437806
  -6.419370849685236
  -7.696864795005186
  -6.361067262762835
  -7.625840548202491
  -6.303228512311285
  -7.555375308221539
  -6.245851596644084
  -7.485479972949762
  -6.188931448383108
  -7.416053388324103
  -6.132461502050437
  -7.347101492629935
  -6.076451253927732
  -7.278598007506237
  -6.020900408673670
  -7.210546435462970
  -5.965806373207636
  -7.142940993535221
  -5.911162902711236
  -7.075784177131163
  -5.856954289794227
  -7.009075991077450
  -5.803177427822343
  -6.942819847458090
  -5.749830089840937
  -6.877016744850819
  -5.696909333402377
  -6.811668372045259
  -5.644412112898840
  -6.746775557810689
  -5.592336261163292
  -6.682339337598028
  -5.540680347959857
  -6.618360378086988
  -5.489442253619592
  -6.554839388987967
  -5.438618229531503
  -6.491776865920984
  -5.388204452213301
  -6.429173289703368
  -5.338199383949354
  -6.367029007567241
  -5.288603025188659
  -6.305344285433199
  -5.239412921051700
  -6.244119251983659
  -5.190622487389224
  -6.183353974212110
  -5.142226710663092
  -6.123048423604714
  -5.094227660573621
  -6.063202470494097
  -5.046628498268339
  -6.003815846916268
  -4.999421634151462
  -5.944888088862609
  -4.952591726064629
  -5.886418549900139
  -4.906140114419977
  -5.828406760424365
  -4.860082704448500
  -5.770852058913625
  -4.814417420746035
  -5.713753699409057
  -4.769105737315890
  -5.657110905963985
  -4.724141602297396
  -5.600922958340735
  -4.679569852321711
  -5.545188984313132
  -4.635389066083293
  -5.489907789059793
  -4.591603191866699
  -5.435078210201100
  -4.548209868118188
  -5.380584648629406
  -4.505206435899954
  -5.326320165803947
  -4.462581588750895
  -5.272516259717498
  -4.420326624274003
  -5.219171917972808
  -4.378439282814360
  -5.166285306158379
  -4.336916617167009
  -5.113853994432457
  -4.295755772988459
  -5.061876808574075
  -4.254953789506725
  -5.010352273123187
  -4.214507362162487
  -4.959278582490736
  -4.174413389180169
  -4.908654150648373
  -4.134669259511496
  -4.858477183128118
  -4.095272539022671
  -4.808745873131670
  -4.056220787046625
  -4.759458319902564
  -4.017511557141348
  -4.710612527005845
  -3.979142477865476
  -4.662206424918300
  -3.941111247617735
  -4.614237828764558
  -3.903415501582914
  -4.566704489659863
  -3.866052879209364
  -4.519604118131907
  -3.829021282590423
  -4.472934375162551
  -3.792318642734915
  -4.426692882747325
  -3.755942511543983
  -4.380877224472321
  -3.719890810825667
  -4.335484952319798
  -3.684162139599809
  -4.290513588715966
  -3.648753919959854
  -4.245960621850328
  -3.613663763460562
  -4.201823518567472
  -3.578892057931575
  -4.158099735891270
  -3.544436227721150
  -4.114786697751692
  -3.510293121602479
  -4.071881803201443
  -3.476466889635919
  -4.029382473477789
  -3.442954953929404
  -3.987286077189122
  -3.409753179335989
  -3.945589953387093
  -3.376858639059884
  -3.904291519554556
  -3.344261262455406
  -3.863388103738574
  -3.311955797150024
  -3.822876996913563
  -3.279939970390210
  -3.782755461174439
  -3.248211529007351
  -3.743020618218837
  -3.216768239288527
  -3.703669604768999
  -3.185607900292586
  -3.664699556563721
  -3.154728333659335
  -3.626107613450940
  -3.124127384892882
  -3.587890918367897
  -3.093802954399315
  -3.550046616760543
  -3.063752969199606
  -3.512571856708681
  -3.033975390374020
  -3.475463788940679
  -3.004468297515364
  -3.438719567513556
  -2.975229779867006
  -3.402336349881280
  -2.946258000741186
  -3.366311297481330
  -2.917551443440810
  -3.330641577384330
  -2.889108381402342
  -3.295324361533304
  -2.860926535630658
  -3.260356828448387
  -2.833003546421045
  -3.225736167008223
  -2.805337021030867
  -3.191459570668950
  -2.777924433259991
  -3.157524256894546
  -2.750763120112794
  -3.123927475362954
  -2.723851212486162
  -3.090666455368517
  -2.697187068321052
  -3.057738443335635
  -2.670769022255820
  -3.025140670998319
  -2.644595928146318
  -2.992870375055417
  -2.618666301799438
  -2.960924756356438
  -2.592979989458596
  -2.929301057271300
  -2.567535823459969
  -2.897996511782879
  -2.542335582837093
  -2.867008382697041
  -2.517378190933526
  -2.836333949659218
  -2.492658885091585
  -2.805970505496596
  -2.468174229378099
  -2.775915393238484
  -2.443917431456377
  -2.746165940640654
  -2.419884466348931
  -2.716719457348148
  -2.396073494325241
  -2.687573261226948
  -2.372482700051807
  -2.658724624492670
  -2.349110295298936
  -2.630170856014211
  -2.325954509279236
  -2.601909274085566
  -2.303013571375866
  -2.573937226632895
  -2.280285708734296
  -2.546252075098715
  -2.257769146830342
  -2.518851205838796
  -2.235462110246602
  -2.491732021444645
  -2.213362820934672
  -2.464891946461126
  -2.191469505047560
  -2.438328422004604
  -2.169780409443784
  -2.412038908565939
  -2.148293810772611
  -2.386020882977868
  -2.127008016858184
  -2.360271839447492
  -2.105921368682934
  -2.334789287403994
  -2.085032246088370
  -2.309570752829954
  -2.064339079464494
  -2.284613777262229
  -2.043840370643089
  -2.259915919250886
  -2.023534729221973
  -2.235474753500396
  -2.003420933634406
  -2.211287872243965
  -1.983498040199152
  -2.187352884608466
  -1.963765244740453
  -2.163667418082552
  -1.944221159906876
  -2.140229118437641
  -1.924863947087615
  -2.117035651845573
  -1.905692249041477
  -2.094084729278278
  -1.886705521869384
  -2.071374080276303
  -1.867904679302052
  -2.048901455971708
  -1.849293273075613
  -2.026664601887371
  -1.830880007650813
  -2.004661284621562
  -1.812684128086097
  -1.982889283619808
  -1.794737853319970
  -1.961346417340918
  -1.777094587927359
  -1.940030563351597
  -1.759853399031079
  -1.918939718878559
  -1.743228401051921
  -1.898072028822231
  -1.727764492353807
