   0.037203963518932
   0.008625411631077
   0.004991939122523
   0.006320730098649
   0.004473551176618
   0.004186889082714
   0.005247639769568
   0.005213260922993
   0.004248634309936
   0.003964997764436
   0.005341947130193
   0.004546165013619
   0.004505710467460
   0.003808675840361
   0.004449004488543
   0.004967086989766
   0.004300255327282
   0.004418865364300
   0.004198073814486
   0.004474458253635
   0.004680320134195
   0.004237669899752
   0.004059108556746
   0.003801946259103
   0.003791413644497
   0.003904013118293
   0.003586343025577
   0.003262088239859
   0.003017858496946
   0.002844569645625
   0.002763879006758
   0.002605802101083
   0.002404647696783
   0.002202451430314
   0.002013752753922
   0.001889805578306
   0.001754171937044
   0.001586531592788
   0.001423246803259
   0.001271523589276
   0.001141225802607
   0.001004771415236
   0.000872447952517
   0.000753415065019
   0.000647669519764
   0.000577721618098
   0.000493097067821
   0.000427067567202
   0.000370981318100
   0.000354250940135
   0.000343428177988
   0.000327786832536
   0.000306449444883
   0.000290565321665
   0.000282569651870
   0.000273924414498
   0.000264482213880
   0.000262613079194
   0.000259231936907
   0.000256125980609
   0.000254111311726
   0.000254729770691
   0.000255252877510
   0.000255975641524
   0.000257381373494
   0.000259531927026
   0.000261941659012
   0.000263824981177
   0.000266292473054
   0.000269960034902
   0.000271854264303
   0.000274246669835
   0.000279470104182
   0.000280711220062
   0.000280121725988
   0.000280238980932
   0.000281350024136
   0.000279214048421
   0.000278356045278
   0.000279367605430
   0.000280096382616
   0.000280585873717
   0.000281294036596
   0.000281768461211
   0.000281671082995
   0.000282126441852
   0.000282162837259
   0.000280927460483
   0.000280618853713
   0.000279085002523
   0.000276564210158
   0.000275606471544
   0.000272180567052
   0.000268040391210
   0.000267093250372
   0.000259408277030
   0.000256833625603
   0.000254342848570
   0.000251349462706
   0.000248254738624
   0.000244849230491
   0.000241218897577
   0.000237146309272
   0.000232983624309
   0.000228228462507
   0.000223525872775
   0.000218196223626
   0.000212941338354
   0.000206984318207
   0.000201341090957
   0.000194508096287
   0.000188634905292
   0.000181159284807
   0.000175027444468
   0.000167821320404
   0.000161489259797
   0.000155379739393
   0.000149231954210
   0.000142953078956
   0.000136585597043
   0.000130191192338
   0.000123719252450
   0.000117368754277
   0.000110936891134
   0.000104817861913
   0.000098642691476
   0.000092753767923
   0.000086770762163
   0.000081038336019
   0.000075320464129
   0.000069895788160
   0.000064520044232
   0.000059465666432
   0.000054481767502
   0.000049873741272
   0.000045333319049
   0.000041210888653
   0.000037140235548
   0.000033548144862
   0.000029995646817
   0.000026809403664
   0.000023767454893
   0.000021070083997
   0.000018522707405
   0.000016268447246
   0.000014170045041
   0.000012318213732
   0.000010609948326
   0.000009120689845
   0.000007759164525
   0.000006588677436
   0.000005527809990
   0.000004636603390
   0.000003835626526
   0.000003183711150
   0.000002600563820
   0.000002134277914
   0.000001725720421
   0.000001407675365
   0.000001140257792
   0.000000935328816
   0.000000766507153
   0.000000625557446
   0.000000509310008
   0.000000413152092
   0.000000334079852
   0.000000269514493
   0.000000217061124
   0.000000174307282
   0.000000139736698
   0.000000111577215
   0.000000088698886
   0.000000070203898
   0.000000055307567
   0.000000043369709
   0.000000033859529
   0.000000026305433
   0.000000020347557
   0.000000015658513
   0.000000011998231
   0.000000009142055
   0.000000006938683
   0.000000005231852
   0.000000003933915
   0.000000002939221
   0.000000002192082
   0.000000001627445
   0.000000001202514
   0.000000000883610
   0.000000000644990
   0.000000000468707
   0.000000000338436
   0.000000000242991
   0.000000000173253
   0.000000000122763
   0.000000000086357
   0.000000000060359
   0.000000000041878
   0.000000000028883
   0.000000000019826
   0.000000000013532
   0.000000000009189
   0.000000000006164
   0.000000000004088
   0.000000000002674
   0.000000000001730
   0.000000000001107
   0.000000000000699
   0.000000000000436
   0.000000000000268
   0.000000000000162
   0.000000000000097
   0.000000000000057
   0.000000000000033
   0.000000000000019
   0.000000000000010
   0.000000000000006
   0.000000000000003
   0.000000000000002
   0.000000000000001
   0.000000000000001
   0.000000000000000
   0.000000000000000
   0.000000000000000
   0.000000000000000
   0.000000000000000
   0.000000000000000
   0.000000000000000
   0.000000000000000
   0.000000000000000
   0.000000000000000
   0.000000000000000
   0.000000000000000
   0.000000000000000
   0.000000000000000
   0.000000000000000
   0.000000000000000
   0.000000000000000
   0.000000000000000
   0.000000000000000
   0.000000000000000
   0.000000000000000
   0.000000000000000
   0.000000000000000
   0.000000000000000
   0.000000000000000
   0.000000000000000
   0.000000000000000
   0.000000000000000
   0.000000000000000
   0.010604142137215
   0.002631356531620
   0.001711608004355
   0.002021657728651
   0.001370242826824
   0.001378815095068
   0.001861002736443
   0.010069497141006
   0.004043907147047
   0.003311057869560
   0.003570141579748
   0.007557541226128
   0.007300574116331
   0.004724310418428
   0.007892867272561
   0.008674577815117
   0.007775493864578
   0.009865097732163
   0.009427361365397
   0.010829891899631
   0.011739313585146
   0.011951563582589
   0.012369408924507
   0.012601597125191
   0.013322810015173
   0.014268445434432
   0.013482168592845
   0.012399839605572
   0.012003817554722
   0.011672512944580
   0.011517704377269
   0.011154661707019
   0.010841590063341
   0.010270819731436
   0.009768939070531
   0.009948446203209
   0.009644119516073
   0.009082067461969
   0.008583918197616
   0.007978382609427
   0.007402386985728
   0.006772298252271
   0.006104163807106
   0.005442286817083
   0.004735744865250
   0.004120650744083
   0.003401045469593
   0.002902097029143
   0.002220218064499
   0.001975495279868
   0.001682306422085
   0.001533204787519
   0.001365550176800
   0.001249346834824
   0.001141425577424
   0.001052503898588
   0.000970932498404
   0.000903652305990
   0.000843093483625
   0.000787286368571
   0.000745774812142
   0.000713122117230
   0.000688037504400
   0.000669867710170
   0.000656593485745
   0.000647426444604
   0.000641270858298
   0.000637513310514
   0.000635576631512
   0.000634510606672
   0.000634058924331
   0.000631556471581
   0.000637608376713
   0.000637042634986
   0.000636470710532
   0.000635885384019
   0.000635645547927
   0.000634585962760
   0.000633650228991
   0.000633075170500
   0.000632316994396
   0.000631458587333
   0.000630455845456
   0.000629524868244
   0.000628564500690
   0.000627341349175
   0.000626505415951
   0.000625223171690
   0.000625791277434
   0.000625382140704
   0.000622142397876
   0.000618763808273
   0.000615008378213
   0.000609639843021
   0.000605706712953
   0.000599927077768
   0.000594648406641
   0.000589807343917
   0.000583299408132
   0.000577509173711
   0.000570802020269
   0.000564396475053
   0.000556209754810
   0.000548772868000
   0.000538903352760
   0.000530361169229
   0.000519017693584
   0.000509452320238
   0.000496676928134
   0.000486229421639
   0.000470170809868
   0.000458794383720
   0.000438546611867
   0.000425127914103
   0.000403294905728
   0.000388143347228
   0.000375583428547
   0.000362905410149
   0.000349775601283
   0.000336504728646
   0.000322991337610
   0.000309227849298
   0.000295558055141
   0.000281766324299
   0.000268055902755
   0.000254275222207
   0.000240633029035
   0.000227085710423
   0.000213701617335
   0.000200538535219
   0.000187855172485
   0.000175267334345
   0.000163208250641
   0.000151286413824
   0.000139985621349
   0.000128845290930
   0.000118433808157
   0.000108174310083
   0.000098741976336
   0.000089526853381
   0.000081233982044
   0.000073281202392
   0.000066190974734
   0.000059271604780
   0.000053039486232
   0.000047114779867
   0.000041837957345
   0.000036861043242
   0.000032415351015
   0.000028229487265
   0.000024530691010
   0.000021057346520
   0.000018054165324
   0.000015226070273
   0.000012831982453
   0.000010565351949
   0.000008706098372
   0.000006943857060
   0.000005575753437
   0.000004297028310
   0.000003412284709
   0.000002624767513
   0.000002156462825
   0.000001769104624
   0.000001444092644
   0.000001176492527
   0.000000955578410
   0.000000773647751
   0.000000625957202
   0.000000505663997
   0.000000406626293
   0.000000325789872
   0.000000259758906
   0.000000206208858
   0.000000163039139
   0.000000128316141
   0.000000100553937
   0.000000078452964
   0.000000060924409
   0.000000047099711
   0.000000036236372
   0.000000027745886
   0.000000021140250
   0.000000016024808
   0.000000012092175
   0.000000009072587
   0.000000006781046
   0.000000005042133
   0.000000003738762
   0.000000002757864
   0.000000002028419
   0.000000001481319
   0.000000001077126
   0.000000000777415
   0.000000000558160
   0.000000000397738
   0.000000000281758
   0.000000000198032
   0.000000000138337
   0.000000000096010
   0.000000000066258
   0.000000000045558
   0.000000000031015
   0.000000000020920
   0.000000000013924
   0.000000000009176
   0.000000000005983
   0.000000000003858
   0.000000000002457
   0.000000000001546
   0.000000000000958
   0.000000000000586
   0.000000000000352
   0.000000000000208
   0.000000000000121
   0.000000000000070
   0.000000000000039
   0.000000000000022
   0.000000000000012
   0.000000000000007
   0.000000000000004
   0.000000000000002
   0.000000000000001
   0.000000000000001
   0.000000000000000
   0.000000000000000
   0.000000000000000
   0.000000000000000
   0.000000000000000
   0.000000000000000
   0.000000000000000
   0.000000000000000
   0.000000000000000
   0.000000000000000
   0.000000000000000
   0.000000000000000
   0.000000000000000
   0.000000000000000
   0.000000000000000
   0.000000000000000
   0.000000000000000
   0.000000000000000
   0.000000000000000
   0.000000000000000
   0.000000000000000
   0.000000000000000
   0.000000000000000
   0.000000000000000
   0.000000000000000
   0.000000000000000
   0.000038537507603
   0.000071053821150
   0.000095547131194
   0.000068615479617
   0.000029503138796
   0.000076271297715
   0.000103063050088
   0.001297089015973
   0.000485773665909
   0.000353295904403
   0.000369057534877
   0.000971123283703
   0.000936325793969
   0.000626187696174
   0.001146813816867
   0.001207952176439
   0.001138927228153
   0.002161807059453
   0.001965992534374
   0.001994670722861
   0.002668881683813
   0.002570310042048
   0.002925504584143
   0.003271154703815
   0.003971741466422
   0.004039143970328
   0.004668427821266
   0.004443506481588
   0.005133781891004
   0.005430528767962
   0.005733934068673
   0.005791258867621
   0.006600880652252
   0.006602589367274
   0.006617388714497
   0.007299249782248
   0.007415409639175
   0.007382532318501
   0.007712399050533
   0.007600790050810
   0.007637124143384
   0.007511915994823
   0.007278816124561
   0.006950133873938
   0.006494254806349
   0.005944786521343
   0.005268574067868
   0.004555282741668
   0.003759573892281
   0.003074564338528
   0.002465265085702
   0.002111495594639
   0.001797089095433
   0.001568009754414
   0.001364117425908
   0.001202422687306
   0.001058406471611
   0.000936654319825
   0.000831383882138
   0.000715674579997
   0.000634323540871
   0.000567283425548
   0.000515200355356
   0.000474926239363
   0.000443019222101
   0.000417850805991
   0.000398917627548
   0.000385753340865
   0.000378025083279
   0.000371965271499
   0.000361017338137
   0.000343656277304
   0.000362424310399
   0.000359499940309
   0.000358035022511
   0.000356517041191
   0.000354480995263
   0.000352029998462
   0.000350036250984
   0.000347859340245
   0.000345931527797
   0.000343974606597
   0.000341694981794
   0.000339374421892
   0.000336684726104
   0.000332996043165
   0.000327979942151
   0.000324264658737
   0.000330661611018
   0.000336931275984
   0.000334944517126
   0.000332916201186
   0.000330998750356
   0.000329023715685
   0.000327103910728
   0.000324956825562
   0.000322588211500
   0.000320193090949
   0.000317318392620
   0.000314480411798
   0.000311269237927
   0.000307807337095
   0.000303985350353
   0.000300134741931
   0.000295727596159
   0.000291333798072
   0.000286301510834
   0.000281331396528
   0.000275534415382
   0.000269915901433
   0.000263033192954
   0.000256768531024
   0.000249012617944
   0.000242156327821
   0.000234547503864
   0.000227798585354
   0.000221607884016
   0.000215100824765
   0.000209041984220
   0.000202851578905
   0.000196409935487
   0.000189556502696
   0.000182597190124
   0.000175838861860
   0.000169037531802
   0.000162081360998
   0.000154985168275
   0.000147920481679
   0.000140998276308
   0.000134077115001
   0.000127186440608
   0.000120301543195
   0.000113578975224
   0.000106940444647
   0.000100441085506
   0.000094006601536
   0.000087790996740
   0.000081704525572
   0.000075850984045
   0.000070129483807
   0.000064737086484
   0.000059620883753
   0.000054877648743
   0.000050294088754
   0.000045771282243
   0.000041477405227
   0.000037718932065
   0.000034165790147
   0.000030856237082
   0.000027630842456
   0.000024633854629
   0.000021743865521
   0.000019122227669
   0.000016580001659
   0.000014312253320
   0.000012058632116
   0.000010086256028
   0.000008076249495
   0.000006392866165
   0.000004644319302
   0.000003394861107
   0.000002141680697
   0.000001776722249
   0.000001469969967
   0.000001209405560
   0.000000999348723
   0.000000818679084
   0.000000667372848
   0.000000545564658
   0.000000442026556
   0.000000357173668
   0.000000288444194
   0.000000231309925
   0.000000185004630
   0.000000147473910
   0.000000116925331
   0.000000092407647
   0.000000072695871
   0.000000056932895
   0.000000044395321
   0.000000034454623
   0.000000026609919
   0.000000020454495
   0.000000015634655
   0.000000011897001
   0.000000008990144
   0.000000006769468
   0.000000005064704
   0.000000003786859
   0.000000002821146
   0.000000002099788
   0.000000001548847
   0.000000001139808
   0.000000000831534
   0.000000000604313
   0.000000000435680
   0.000000000312489
   0.000000000222431
   0.000000000157346
   0.000000000110506
   0.000000000077060
   0.000000000053331
   0.000000000036606
   0.000000000024918
   0.000000000016809
   0.000000000011233
   0.000000000007430
   0.000000000004863
   0.000000000003146
   0.000000000002011
   0.000000000001269
   0.000000000000789
   0.000000000000484
   0.000000000000292
   0.000000000000172
   0.000000000000100
   0.000000000000057
   0.000000000000033
   0.000000000000019
   0.000000000000010
   0.000000000000006
   0.000000000000003
   0.000000000000002
   0.000000000000001
   0.000000000000000
   0.000000000000000
   0.000000000000000
   0.000000000000000
   0.000000000000000
   0.000000000000000
   0.000000000000000
   0.000000000000000
   0.000000000000000
   0.000000000000000
   0.000000000000000
   0.000000000000000
   0.000000000000000
   0.000000000000000
   0.000000000000000
   0.000000000000000
   0.000000000000000
   0.000000000000000
   0.000000000000000
   0.000000000000000
   0.000000000000000
   0.000000000000000
   0.000000000000000
   0.000000000000000
   0.000000000000000
   0.000000000000000
