   0.001373807754836
   0.000347068764047
   0.000182412198111
   0.000267191667006
   0.000146835396941
   0.000200496822671
   0.000223562046315
   0.000145288684988
   0.000158385643829
   0.000200116047847
   0.000204762948664
   0.000143313722393
   0.000147261736550
   0.000171226003939
   0.000176187501664
   0.000178782934727
   0.000162478635861
   0.000159129133133
   0.000165159991917
   0.000156564748706
   0.000160090670682
   0.000158228702720
   0.000148359687759
   0.000148576471757
   0.000145100738533
   0.000146770525391
   0.000135409179316
   0.000133941357768
   0.000129627115204
   0.000125843105371
   0.000119923161545
   0.000117557908402
   0.000105391449850
   0.000100860065237
   0.000095067969650
   0.000090266713117
   0.000084536176088
   0.000079418013278
   0.000074127616796
   0.000068604177077
   0.000065171041076
   0.000062139261940
   0.000058312842360
   0.000054332469170
   0.000049512112613
   0.000045288702407
   0.000042256630808
   0.000040984849840
   0.000039705223234
   0.000037041409387
   0.000032706162273
   0.000031536433675
   0.000030796208948
   0.000031952455943
   0.000030788588340
   0.000029603430096
   0.000027399061168
   0.000026656353386
   0.000026025965231
   0.000025177339703
   0.000023988003083
   0.000023050964522
   0.000022544580760
   0.000021859235688
   0.000021078907045
   0.000020278436518
   0.000019712381009
   0.000019290651581
   0.000018723298828
   0.000018142459839
   0.000017689867538
   0.000017526893279
   0.000017184085832
   0.000016779284273
   0.000016421930745
   0.000016588118961
   0.000016377570650
   0.000015988263427
   0.000015736311093
   0.000015592653714
   0.000015307186739
   0.000014832767198
   0.000014680733538
   0.000014529868911
   0.000014334707911
   0.000014139196022
   0.000013962591978
   0.000013778728301
   0.000013604233139
   0.000013426251696
   0.000013256633081
   0.000013077147667
   0.000012911844711
   0.000012746590245
   0.000012576233373
   0.000012402277735
   0.000012230107183
   0.000012058240808
   0.000011886554283
   0.000011712752563
   0.000011538570451
   0.000011364184286
   0.000011189530789
   0.000011012242415
   0.000010834130459
   0.000010657356353
   0.000010478625854
   0.000010294763669
   0.000010112470147
   0.000009933157026
   0.000009743208395
   0.000009550318695
   0.000009370785588
   0.000009175889073
   0.000008962439719
   0.000008782324963
   0.000008585484724
   0.000008333730201
   0.000008152226173
   0.000007959285264
   0.000007643021017
   0.000007459904882
   0.000007283958060
   0.000006880420797
   0.000006698284067
   0.000006553222519
   0.000006097026712
   0.000005910014943
   0.000005793236159
   0.000005626102052
   0.000005433355886
   0.000005246635004
   0.000005070167375
   0.000004868910167
   0.000004686465014
   0.000004509477261
   0.000004304260073
   0.000004128623273
   0.000003961589854
   0.000003748015164
   0.000003590850857
   0.000003429671056
   0.000003262696710
   0.000003111716318
   0.000002948386852
   0.000002783935278
   0.000002646742240
   0.000002482221656
   0.000002329979310
   0.000002211434614
   0.000002058612525
   0.000001932418107
   0.000001834094160
   0.000001741847195
   0.000001653727925
   0.000001567707875
   0.000001484302919
   0.000001403948280
   0.000001326053816
   0.000001251232017
   0.000001179237980
   0.000001109892463
   0.000001043394111
   0.000000979863555
   0.000000918829205
   0.000000860618441
   0.000000805360988
   0.000000752205100
   0.000000702026412
   0.000000654539539
   0.000000609398267
   0.000000566988253
   0.000000526741835
   0.000000488530324
   0.000000452357759
   0.000000418071674
   0.000000385636647
   0.000000355074827
   0.000000326093493
   0.000000298831876
   0.000000273475534
   0.000000249768910
   0.000000227699964
   0.000000207168301
   0.000000187947749
   0.000000170000339
   0.000000153378398
   0.000000137998488
   0.000000123857834
   0.000000111016487
   0.000000099245387
   0.000000088723596
   0.000000079291350
   0.000000070712627
   0.000000063418275
   0.000000056582525
   0.000000050769360
   0.000000045476749
   0.000000040675871
   0.000000036326498
   0.000000032390935
   0.000000028835304
   0.000000025630774
   0.000000022752855
   0.000000020166386
   0.000000017850076
   0.000000015762623
   0.000000013914867
   0.000000012278278
   0.000000010821590
   0.000000009533959
   0.000000008381432
   0.000000007349218
   0.000000006427396
   0.000000005608002
   0.000000004882137
   0.000000004240362
   0.000000003674653
   0.000000003177627
   0.000000002741945
   0.000000002360190
   0.000000002027494
   0.000000001741976
   0.000000001494320
   0.000000001278687
   0.000000001093592
   0.000000000930617
   0.000000000789765
   0.000000000668980
   0.000000000565190
   0.000000000476701
   0.000000000401528
   0.000000000337501
   0.000000000283029
   0.000000000236809
   0.000000000197628
   0.000000000164483
   0.000000000136573
   0.000000000113055
   0.000000000093360
   0.000000000076851
   0.000000000063118
   0.000000000051644
   0.000000000042192
   0.000000000034309
   0.000000000027891
   0.000000000022562
   0.000000000018282
   0.000000000014802
   0.000000000011922
   0.000000000009580
   0.000000000007644
   0.000000000006063
   0.000000000004795
   0.000000000003774
   0.000000000002963
   0.000000000002314
   0.000000000001805
   0.000000000001398
   0.000000000001084
   0.000000000000835
   0.000000000000645
   0.000000000000494
   0.000000000000379
   0.000000000000288
   0.000000000000219
   0.000000000000165
   0.000000000000124
   0.000000000000093
   0.000000000000069
   0.000000000000051
   0.000000000000038
   0.000000000000028
   0.000000000000020
   0.000000000000015
   0.000000000000010
   0.000000000000007
   0.000000000000005
   0.000000000000004
   0.000000000000003
   0.000000000000002
   0.000000000000001
   0.000000000000001
   0.000000000000001
   0.000000000000000
   0.000000000000000
   0.000000000000000
   0.000000000000000
   0.000000000000000
   0.000000000000000
   0.000000000000000
   0.000000000000000
   0.000000000000000
   0.000000000000000
   0.000000000000000
   0.000000000000000
   0.000000000000000
   0.000000000000000
   0.000000000000000
   0.000000000000000
   0.000387484238543
   0.000097891189859
   0.000051449594339
   0.000075361752233
   0.000041415111958
   0.000056550385882
   0.000063055961781
   0.000040978859868
   0.000109836166360
   0.000225009706232
   0.000114652831884
   0.000092182673217
   0.000093061255588
   0.000112771214324
   0.000232822054440
   0.000161832388653
   0.000137411136189
   0.000181600594027
   0.000233691032738
   0.000179214693434
   0.000234034927917
   0.000242278603490
   0.000245325107637
   0.000264344219628
   0.000275669008328
   0.000295200781952
   0.000303780235553
   0.000315910283225
   0.000328470243030
   0.000332733231209
   0.000329280056204
   0.000348315731268
   0.000300124765385
   0.000308753342233
   0.000292776574040
   0.000280258769099
   0.000270184955485
   0.000255679737815
   0.000245009845103
   0.000232121350776
   0.000232545188575
   0.000223739746299
   0.000211083968408
   0.000198554908830
   0.000184848871318
   0.000171860896591
   0.000158756188594
   0.000144961828386
   0.000133727548407
   0.000118891509461
   0.000108368140646
   0.000095941705232
   0.000090056561592
   0.000092939982182
   0.000087940326605
   0.000084469509379
   0.000081869946533
   0.000079207982334
   0.000076654466102
   0.000073640947488
   0.000070210877508
   0.000066705245976
   0.000063280430388
   0.000060145929527
   0.000056808676685
   0.000053707237439
   0.000050670311511
   0.000047827878545
   0.000044982317247
   0.000042428619110
   0.000039818265794
   0.000037751515249
   0.000035835128921
   0.000034233359009
   0.000032663951286
   0.000031583164157
   0.000030268966885
   0.000029422508220
   0.000028155463129
   0.000027643042378
   0.000026751439904
   0.000026810957536
   0.000026495931063
   0.000026296487066
   0.000025745740611
   0.000025189673936
   0.000024691446648
   0.000024179423109
   0.000023705129086
   0.000023222548094
   0.000022790077897
   0.000022332999479
   0.000021961357395
   0.000021584413475
   0.000021245957880
   0.000020952934049
   0.000020573153522
   0.000020200825595
   0.000019839602175
   0.000019483513513
   0.000019132495063
   0.000018784809762
   0.000018440658956
   0.000018098775002
   0.000017761416092
   0.000017426753694
   0.000017091841768
   0.000016756918208
   0.000016421641368
   0.000016089228542
   0.000015757169087
   0.000015424094975
   0.000015094007423
   0.000014768363089
   0.000014436075642
   0.000014107290817
   0.000013794879948
   0.000013455890098
   0.000013131381324
   0.000012837970192
   0.000012488579566
   0.000012165468542
   0.000011879550582
   0.000011490031563
   0.000011162299895
   0.000010883678693
   0.000010493785991
   0.000010188126217
   0.000009922426814
   0.000009649078238
   0.000009364581273
   0.000009072748646
   0.000008791479476
   0.000008502632370
   0.000008211019552
   0.000007931198976
   0.000007642677430
   0.000007353665550
   0.000007079403969
   0.000006791371822
   0.000006514518080
   0.000006245074503
   0.000005966764683
   0.000005694251691
   0.000005420243983
   0.000005132099673
   0.000004869532724
   0.000004581480130
   0.000004284249505
   0.000004052187082
   0.000003755795825
   0.000003482425917
   0.000003303854489
   0.000003147351257
   0.000002998568380
   0.000002853370333
   0.000002711301088
   0.000002574259552
   0.000002440418563
   0.000002311865110
   0.000002187336201
   0.000002067310000
   0.000001951296855
   0.000001839407351
   0.000001732262025
   0.000001629107231
   0.000001531198020
   0.000001436371782
   0.000001346371753
   0.000001261733454
   0.000001180929851
   0.000001105325822
   0.000001033613415
   0.000000964760718
   0.000000899301317
   0.000000836697118
   0.000000777104811
   0.000000720524756
   0.000000666686512
   0.000000615561354
   0.000000567140672
   0.000000521287436
   0.000000477934126
   0.000000436972244
   0.000000398244587
   0.000000361602579
   0.000000327134248
   0.000000294633955
   0.000000264086009
   0.000000235753749
   0.000000209115377
   0.000000184789980
   0.000000162758842
   0.000000141856782
   0.000000125646274
   0.000000108439742
   0.000000097680306
   0.000000087810771
   0.000000078847739
   0.000000070676182
   0.000000063225583
   0.000000056507977
   0.000000050455064
   0.000000045008343
   0.000000040028839
   0.000000035566049
   0.000000031530862
   0.000000027960331
   0.000000024758388
   0.000000021907994
   0.000000019387113
   0.000000017113899
   0.000000015061709
   0.000000013229344
   0.000000011597447
   0.000000010142871
   0.000000008850468
   0.000000007708796
   0.000000006700707
   0.000000005811245
   0.000000005029676
   0.000000004344636
   0.000000003746184
   0.000000003224190
   0.000000002769335
   0.000000002373885
   0.000000002030038
   0.000000001730837
   0.000000001473831
   0.000000001250423
   0.000000001061017
   0.000000000899243
   0.000000000760291
   0.000000000641486
   0.000000000540199
   0.000000000453621
   0.000000000380005
   0.000000000317643
   0.000000000264699
   0.000000000220085
   0.000000000182456
   0.000000000150886
   0.000000000124359
   0.000000000102314
   0.000000000083789
   0.000000000068583
   0.000000000055776
   0.000000000045453
   0.000000000037016
   0.000000000030002
   0.000000000024300
   0.000000000019546
   0.000000000015636
   0.000000000012469
   0.000000000009898
   0.000000000007837
   0.000000000006171
   0.000000000004852
   0.000000000003787
   0.000000000002958
   0.000000000002291
   0.000000000001786
   0.000000000001378
   0.000000000001071
   0.000000000000820
   0.000000000000631
   0.000000000000480
   0.000000000000366
   0.000000000000276
   0.000000000000208
   0.000000000000156
   0.000000000000116
   0.000000000000086
   0.000000000000063
   0.000000000000046
   0.000000000000034
   0.000000000000024
   0.000000000000017
   0.000000000000012
   0.000000000000009
   0.000000000000006
   0.000000000000004
   0.000000000000003
   0.000000000000002
   0.000000000000001
   0.000000000000001
   0.000000000000001
   0.000000000000000
   0.000000000000000
   0.000000000000000
   0.000000000000000
   0.000000000000000
   0.000000000000000
   0.000000000000000
   0.000000000000000
   0.000000000000000
   0.000000000000000
   0.000000000000000
   0.000000000000000
   0.000000000000000
   0.000000000000000
   0.000000000000000
   0.000000000000000
   0.000000000000000
   0.000000000000000
   0.000000000000000
   0.000000000000000
   0.000000000000000
   0.000009570370580
   0.000024756974387
   0.000008356640907
   0.000007601987813
   0.000007567479810
   0.000009469532512
   0.000026895574684
   0.000016637414070
   0.000015650382252
   0.000021518677363
   0.000029797086864
   0.000021894146419
   0.000037691189329
   0.000042491878667
   0.000037963098584
   0.000041393218553
   0.000054178125445
   0.000051916088809
   0.000059608524661
   0.000061534027140
   0.000075780413263
   0.000075651652265
   0.000079303504210
   0.000090343663644
   0.000085383284364
   0.000095551318329
   0.000099348419026
   0.000099411091982
   0.000112088368111
   0.000105937674647
   0.000112312472900
   0.000112332195272
   0.000125818276202
   0.000118357487287
   0.000121070045464
   0.000124360634127
   0.000120957308121
   0.000121950019108
   0.000118367938531
   0.000112943940385
   0.000111554512135
   0.000101185943829
   0.000096156434783
   0.000093487917417
   0.000075173243441
   0.000079928318769
   0.000073582154880
   0.000066983927290
   0.000067007642441
   0.000062101040577
   0.000059891405139
   0.000057144941783
   0.000054549476411
   0.000051589155771
   0.000047854990399
   0.000045747949423
   0.000042581091159
   0.000040133233769
   0.000037382205966
   0.000034811770921
   0.000032291014776
   0.000029912525404
   0.000026588930658
   0.000024330021078
   0.000022307844384
   0.000020512028585
   0.000018856881483
   0.000017437823499
   0.000016191826780
   0.000015194394882
   0.000014277406322
   0.000013742818978
   0.000011783565962
   0.000013065281841
   0.000012655246776
   0.000012381964956
   0.000011987417644
   0.000011597570732
   0.000011236852725
   0.000010922702086
   0.000010617178766
   0.000010302762637
   0.000009995012281
   0.000009677316329
   0.000009348719446
   0.000008987443473
   0.000008952490878
   0.000009073701561
   0.000008853628254
   0.000008645497052
   0.000008453310622
   0.000008270544989
   0.000008095276675
   0.000007927090145
   0.000007758263723
   0.000007595543803
   0.000007437110896
   0.000007284620692
   0.000007128990143
   0.000006973341008
   0.000006816910439
   0.000006660366478
   0.000006504758726
   0.000006350996831
   0.000006197372881
   0.000006042577114
   0.000005895913066
   0.000005738622566
   0.000005590274889
   0.000005426342085
   0.000005271315715
   0.000005168715734
   0.000005079088117
   0.000004977020850
   0.000004900926095
   0.000004807043542
   0.000004679268814
   0.000004558784969
   0.000004437132380
   0.000004317130793
   0.000004200584128
   0.000004085276747
   0.000003970182653
   0.000003853734573
   0.000003738481865
   0.000003624236908
   0.000003508595809
   0.000003394280532
   0.000003281655487
   0.000003166914952
   0.000003053629297
   0.000002942511374
   0.000002828989445
   0.000002718084398
   0.000002608232672
   0.000002499572791
   0.000002391783144
   0.000002284245181
   0.000002175264515
   0.000002067319909
   0.000001957788816
   0.000001860132601
   0.000001761296539
   0.000001663285020
   0.000001588055080
   0.000001519365083
   0.000001453465953
   0.000001389991487
   0.000001327493068
   0.000001266716192
   0.000001206950340
   0.000001149401596
   0.000001093399374
   0.000001039330618
   0.000000986595775
   0.000000934317125
   0.000000884952127
   0.000000836693356
   0.000000790832789
   0.000000746459771
   0.000000703740454
   0.000000663163947
   0.000000624511971
   0.000000587909708
   0.000000553706858
   0.000000520656740
   0.000000489061320
   0.000000458486195
   0.000000429024752
   0.000000401101661
   0.000000374275003
   0.000000348604297
   0.000000323891313
   0.000000300198072
   0.000000277598532
   0.000000255912194
   0.000000235104108
   0.000000214997316
   0.000000195747251
   0.000000177108267
   0.000000159122308
   0.000000141821029
   0.000000125078244
   0.000000108987760
   0.000000094206204
   0.000000078866701
   0.000000067980435
   0.000000053954373
   0.000000048822232
   0.000000044065077
   0.000000039751518
   0.000000035766446
   0.000000032080206
   0.000000028809003
   0.000000025886138
   0.000000023249629
   0.000000020738954
   0.000000018517534
   0.000000016527625
   0.000000014742457
   0.000000013085356
   0.000000011618574
   0.000000010315301
   0.000000009135195
   0.000000008059759
   0.000000007108703
   0.000000006261794
   0.000000005499609
   0.000000004819193
   0.000000004219243
   0.000000003685931
   0.000000003211582
   0.000000002793831
   0.000000002426033
   0.000000002101332
   0.000000001816409
   0.000000001567302
   0.000000001348773
   0.000000001158495
   0.000000000992037
   0.000000000848698
   0.000000000722186
   0.000000000616935
   0.000000000526310
   0.000000000447453
   0.000000000379830
   0.000000000321883
   0.000000000271849
   0.000000000229163
   0.000000000192784
   0.000000000161641
   0.000000000135271
   0.000000000112898
   0.000000000093964
   0.000000000077995
   0.000000000064593
   0.000000000053299
   0.000000000043905
   0.000000000036017
   0.000000000029501
   0.000000000024105
   0.000000000019622
   0.000000000015940
   0.000000000012891
   0.000000000010388
   0.000000000008343
   0.000000000006672
   0.000000000005320
   0.000000000004219
   0.000000000003340
   0.000000000002624
   0.000000000002062
   0.000000000001603
   0.000000000001259
   0.000000000000977
   0.000000000000766
   0.000000000000591
   0.000000000000459
   0.000000000000352
   0.000000000000270
   0.000000000000206
   0.000000000000156
   0.000000000000118
   0.000000000000089
   0.000000000000066
   0.000000000000049
   0.000000000000036
   0.000000000000027
   0.000000000000020
   0.000000000000014
   0.000000000000010
   0.000000000000007
   0.000000000000005
   0.000000000000004
   0.000000000000003
   0.000000000000002
   0.000000000000001
   0.000000000000001
   0.000000000000001
   0.000000000000000
   0.000000000000000
   0.000000000000000
   0.000000000000000
   0.000000000000000
   0.000000000000000
   0.000000000000000
   0.000000000000000
   0.000000000000000
   0.000000000000000
   0.000000000000000
   0.000000000000000
   0.000000000000000
