   0.000051666964012
   0.000067583013770
   0.000048834726654
   0.000030156345582
   0.000038017114177
   0.000045462131851
   0.000055613086914
   0.000040410474213
   0.000042391284758
   0.000043263435586
   0.000046045953174
   0.000043952107544
   0.000050323986212
   0.000046541955983
   0.000048941464386
   0.000048657835820
   0.000047526465716
   0.000045476291983
   0.000048843413764
   0.000045679835772
   0.000045975854841
   0.000040196832916
   0.000038322161468
   0.000030209545676
   0.000036359003075
   0.000036308032332
   0.000034542549303
   0.000032196489899
   0.000030850162279
   0.000029608077905
   0.000027652754367
   0.000024750802529
   0.000023063120583
   0.000021300352606
   0.000019449120894
   0.000018128051382
   0.000016431558582
   0.000014714552619
   0.000013294443260
   0.000012553532428
   0.000011265599897
   0.000010005267193
   0.000008921976430
   0.000008324915093
   0.000008156577025
   0.000007972030701
   0.000007547211421
   0.000007021653862
   0.000006222468211
   0.000006898072323
   0.000007015920588
   0.000007236138042
   0.000007050530381
   0.000007038461734
   0.000006948274270
   0.000007105194105
   0.000007230519840
   0.000007636496085
   0.000008005140551
   0.000008185288638
   0.000008177107388
   0.000008365378978
   0.000008890162108
   0.000009325576948
   0.000009645684410
   0.000009741303351
   0.000010098889012
   0.000010506926132
   0.000010850109152
   0.000011308817395
   0.000011742996828
   0.000012159966190
   0.000012523780813
   0.000012990375937
   0.000013483823523
   0.000014028470939
   0.000014597057742
   0.000015177475165
   0.000015906695253
   0.000016683749676
   0.000017310124073
   0.000018126760846
   0.000019137698387
   0.000019790931596
   0.000020858260122
   0.000022409107563
   0.000023179907182
   0.000024066392588
   0.000026264999555
   0.000027068174082
   0.000028067892013
   0.000031476119303
   0.000033211752004
   0.000034518359241
   0.000040460147420
   0.000042841698777
   0.000044488026584
   0.000057057917252
   0.000059137285754
   0.000061309872894
   0.000063528986779
   0.000065766371428
   0.000068121445392
   0.000070517502166
   0.000072967464699
   0.000075536583880
   0.000078130328689
   0.000080833793546
   0.000083704951709
   0.000086529603022
   0.000089482361564
   0.000092685833366
   0.000095344977012
   0.000098497415106
   0.000101262079247
   0.000103366521279
   0.000105533026336
   0.000107593252489
   0.000109516684545
   0.000111283585225
   0.000112849613427
   0.000114213976481
   0.000115395654860
   0.000116317355328
   0.000117341848916
   0.000118058664643
   0.000118791063873
   0.000118934864688
   0.000118970759464
   0.000118497684035
   0.000117861822687
   0.000116735111106
   0.000115457095679
   0.000113658790489
   0.000111782625973
   0.000109323636657
   0.000106917900407
   0.000103841027352
   0.000100990927170
   0.000097415398454
   0.000094314142688
   0.000090254431203
   0.000086444208266
   0.000082150308658
   0.000078092987789
   0.000073664984917
   0.000069413693181
   0.000064932886560
   0.000060699514960
   0.000056309650302
   0.000052196389819
   0.000048008810256
   0.000044191665230
   0.000040394763739
   0.000037089276830
   0.000033742435657
   0.000030704101943
   0.000027670397062
   0.000024897995378
   0.000022314440159
   0.000019942900027
   0.000017786962442
   0.000015784691474
   0.000013977073286
   0.000012329151923
   0.000010838616408
   0.000009499259461
   0.000008313722597
   0.000007255834017
   0.000006327901302
   0.000005500435351
   0.000004760310661
   0.000004100597914
   0.000003515072475
   0.000002997874415
   0.000002545107689
   0.000002149242848
   0.000001806932635
   0.000001510535477
   0.000001257516006
   0.000001039906124
   0.000000857193095
   0.000000700151667
   0.000000571635349
   0.000000461895786
   0.000000374578259
   0.000000302311840
   0.000000243147650
   0.000000193924240
   0.000000153382697
   0.000000120866564
   0.000000094641638
   0.000000073702136
   0.000000056979337
   0.000000043777601
   0.000000033371433
   0.000000025271495
   0.000000018979499
   0.000000014173962
   0.000000010540245
   0.000000007818793
   0.000000005794696
   0.000000004241014
   0.000000003066146
   0.000000002178911
   0.000000001532481
   0.000000001065719
   0.000000000732526
   0.000000000496916
   0.000000000332732
   0.000000000218949
   0.000000000141958
   0.000000000089816
   0.000000000056015
   0.000000000034445
   0.000000000020929
   0.000000000012605
   0.000000000007549
   0.000000000004477
   0.000000000002620
   0.000000000001507
   0.000000000000853
   0.000000000000473
   0.000000000000256
   0.000000000000134
   0.000000000000068
   0.000000000000033
   0.000000000000016
   0.000000000000007
   0.000000000000003
   0.000000000000001
   0.000000000000001
   0.000000000000000
   0.000000000000000
   0.000000000000000
   0.000000000000000
   0.000000000000000
   0.000000000000000
   0.000000000000000
   0.000000000000000
   0.000000000000000
   0.000000000000000
   0.000000000000000
   0.000000000000000
   0.000000000000000
   0.000000000000000
   0.000000000000000
   0.000000000000000
   0.000000000000000
   0.000000000000000
   0.000019257587922
   0.000036912805972
   0.000048852494459
   0.000039026166679
   0.000026612672634
   0.000044941812866
   0.000083795744108
   0.000050517034018
   0.000062636449894
   0.000063616156517
   0.000076873606358
   0.000066266953007
   0.000081010973680
   0.000068065880587
   0.000084222399009
   0.000098366646808
   0.000103500191548
   0.000095736438305
   0.000107975878587
   0.000102858809768
   0.000105331529229
   0.000092331316472
   0.000090183767566
   0.000087089464856
   0.000090027230371
   0.000090737839581
   0.000089589910071
   0.000084144041889
   0.000078956120464
   0.000079343401134
   0.000077762158201
   0.000074244906502
   0.000072802605142
   0.000068634507956
   0.000063022201662
   0.000060300662235
   0.000056630428534
   0.000051841462492
   0.000047649568256
   0.000043710561295
   0.000037897022645
   0.000034156308555
   0.000031315280646
   0.000026549830004
   0.000023228820629
   0.000020387651269
   0.000019070465536
   0.000017040582322
   0.000011624369182
   0.000015086027986
   0.000013772065326
   0.000015405596913
   0.000014712774533
   0.000013811684920
   0.000012379510419
   0.000012328848330
   0.000012324409185
   0.000012397097444
   0.000013128937724
   0.000013155943162
   0.000012671252409
   0.000012959585579
   0.000013357631571
   0.000013777672154
   0.000014263288245
   0.000014693159106
   0.000015150576767
   0.000015773484448
   0.000016081748820
   0.000017066072181
   0.000017823767715
   0.000018373736306
   0.000018437190082
   0.000019071106778
   0.000019787172382
   0.000020552827749
   0.000021332979163
   0.000022178371961
   0.000023071750177
   0.000023999561458
   0.000024949747917
   0.000026067788135
   0.000027266512538
   0.000028334527846
   0.000029678711262
   0.000031354779735
   0.000032613263613
   0.000034072167751
   0.000036443347419
   0.000037869583235
   0.000039563272655
   0.000043076569548
   0.000044880702507
   0.000046659572972
   0.000049999113361
   0.000051754144423
   0.000053621251472
   0.000055984090356
   0.000058269463302
   0.000060783776563
   0.000063374355927
   0.000066024699369
   0.000068907021368
   0.000071938863223
   0.000075167031088
   0.000078648149486
   0.000082355702649
   0.000086444451116
   0.000091138305997
   0.000095870520765
   0.000101550243428
   0.000108629377548
   0.000114131093885
   0.000124351566490
   0.000135533542209
   0.000139521337001
   0.000170561299233
   0.000174803782684
   0.000178912909259
   0.000182991587703
   0.000186745233630
   0.000190219038063
   0.000193485304393
   0.000196475129089
   0.000199251800825
   0.000201621692822
   0.000203641916754
   0.000205157997644
   0.000206344961188
   0.000206929822072
   0.000207107900169
   0.000206602012031
   0.000205708028215
   0.000204039560947
   0.000202061278245
   0.000199141684711
   0.000196089592585
   0.000191899719802
   0.000187813154724
   0.000182351886815
   0.000177597163724
   0.000171687474634
   0.000166809047423
   0.000160192823367
   0.000154454721887
   0.000147162113329
   0.000140325872753
   0.000132647616321
   0.000125616820954
   0.000117756086723
   0.000110783551934
   0.000102956183349
   0.000096329670745
   0.000088753264082
   0.000082652640696
   0.000075485346963
   0.000069930984496
   0.000063246428789
   0.000058207999702
   0.000052117819153
   0.000047482130756
   0.000042213905825
   0.000037721285988
   0.000033734683519
   0.000030028281635
   0.000026664814328
   0.000023599017321
   0.000020830815874
   0.000018380454034
   0.000016224357639
   0.000014253995827
   0.000012470416693
   0.000010854642952
   0.000009404051260
   0.000008112381098
   0.000006965538420
   0.000005953532940
   0.000005066283570
   0.000004290018247
   0.000003616690474
   0.000003033194901
   0.000002532223594
   0.000002102230551
   0.000001736948436
   0.000001427666876
   0.000001167036210
   0.000000949957153
   0.000000768794211
   0.000000620167657
   0.000000497548704
   0.000000398433826
   0.000000316671409
   0.000000250734382
   0.000000196963168
   0.000000153965415
   0.000000119384071
   0.000000092043249
   0.000000070338543
   0.000000053443314
   0.000000040300479
   0.000000030269255
   0.000000022764076
   0.000000016957646
   0.000000012526563
   0.000000009090777
   0.000000006535004
   0.000000004649160
   0.000000003272047
   0.000000002275809
   0.000000001563881
   0.000000001059405
   0.000000000707852
   0.000000000464423
   0.000000000300001
   0.000000000190313
   0.000000000118908
   0.000000000073084
   0.000000000044712
   0.000000000027221
   0.000000000016441
   0.000000000009769
   0.000000000005707
   0.000000000003271
   0.000000000001839
   0.000000000001008
   0.000000000000540
   0.000000000000277
   0.000000000000139
   0.000000000000068
   0.000000000000033
   0.000000000000015
   0.000000000000007
   0.000000000000003
   0.000000000000001
   0.000000000000001
   0.000000000000000
   0.000000000000000
   0.000000000000000
   0.000000000000000
   0.000000000000000
   0.000000000000000
   0.000000000000000
   0.000000000000000
   0.000000000000000
   0.000000000000000
   0.000000000000000
   0.000000000000000
   0.000000000000000
   0.000000000000000
   0.000000000000000
   0.000001586511250
   0.000006132011078
   0.000010470118546
   0.000008459728635
   0.000004133060541
   0.000011603653712
   0.000017472262151
   0.000011599736866
   0.000019600641256
   0.000013485494682
   0.000022424546257
   0.000018147686804
   0.000020743826091
   0.000022029382798
   0.000027637734677
   0.000025611248112
   0.000034148121832
   0.000032520299521
   0.000037908408263
   0.000034564767292
   0.000039939334111
   0.000038485070420
   0.000039804474444
   0.000042741907392
   0.000045757471384
   0.000044146601725
   0.000044274437588
   0.000047290159843
   0.000047333066020
   0.000046244249529
   0.000049609444432
   0.000047673914245
   0.000048836996940
   0.000048873161504
   0.000046914589784
   0.000045611371826
   0.000045059108948
   0.000043535191352
   0.000041405497570
   0.000038979995235
   0.000035323096598
   0.000033777975023
   0.000030400031087
   0.000025723601911
   0.000019479853788
   0.000016419568453
   0.000014514494356
   0.000012999631388
   0.000010032903487
   0.000010447513814
   0.000007838277948
   0.000010031943080
   0.000009074306864
   0.000008393617805
   0.000007535690020
   0.000007079995006
   0.000006842454571
   0.000006372153491
   0.000006362651280
   0.000006181642782
   0.000005772948096
   0.000005719551554
   0.000005710274103
   0.000005854128322
   0.000006072135516
   0.000006053413477
   0.000006146544127
   0.000006278067753
   0.000006330480928
   0.000006668169564
   0.000006959763020
   0.000007158179526
   0.000007291806377
   0.000007523229844
   0.000007736028595
   0.000008115055997
   0.000008473556192
   0.000008779159615
   0.000008936864708
   0.000009204319127
   0.000009553009492
   0.000009922582822
   0.000010304448352
   0.000010704661339
   0.000011148084325
   0.000011653366114
   0.000012184572386
   0.000012763127551
   0.000013396456419
   0.000013931589307
   0.000014540290548
   0.000015346489864
   0.000015944476982
   0.000016637479801
   0.000017467218209
   0.000018101389623
   0.000018927696431
   0.000020086337420
   0.000020868535740
   0.000021803453428
   0.000022828755376
   0.000023594588146
   0.000024600547948
   0.000025761014277
   0.000027006438949
   0.000028376693985
   0.000029791368544
   0.000031345757788
   0.000033117348082
   0.000034838300999
   0.000036771588626
   0.000039058483032
   0.000040917874244
   0.000043250063717
   0.000045758967657
   0.000047303791633
   0.000048738165304
   0.000050234489473
   0.000051749410813
   0.000053260756844
   0.000054650199080
   0.000055928515055
   0.000057196719818
   0.000058403964384
   0.000059547535274
   0.000060544695725
   0.000061406976360
   0.000062180669571
   0.000062845398503
   0.000063341335614
   0.000063671888510
   0.000063861927720
   0.000063861608921
   0.000063631506528
   0.000063259263278
   0.000062614245214
   0.000061898870417
   0.000060883548565
   0.000059816769271
   0.000058435878544
   0.000057124527894
   0.000055488071279
   0.000054056677019
   0.000052101438000
   0.000050247585206
   0.000048078855173
   0.000046141816443
   0.000043764053549
   0.000041739014576
   0.000039287719710
   0.000037397607704
   0.000034909200361
   0.000033229424516
   0.000030623684932
   0.000029285353586
   0.000026734186140
   0.000025949549084
   0.000023493215571
   0.000023532018689
   0.000021207768126
   0.000022512920252
   0.000020399415838
   0.000023468752538
   0.000021248311931
   0.000019123930558
   0.000017303135413
   0.000015498737773
   0.000013812207296
   0.000012363878596
   0.000010942957568
   0.000009683284774
   0.000008567762529
   0.000007521192265
   0.000006587742736
   0.000005750399825
   0.000004991166095
   0.000004319225443
   0.000003720059138
   0.000003189564779
   0.000002723129498
   0.000002313570039
   0.000001956187983
   0.000001646018550
   0.000001377080247
   0.000001146785643
   0.000000947779920
   0.000000780371045
   0.000000637380797
   0.000000520480350
   0.000000423585696
   0.000000345059716
   0.000000277976159
   0.000000223716851
   0.000000178281683
   0.000000141658398
   0.000000111573429
   0.000000087472648
   0.000000068020786
   0.000000052584654
   0.000000040356919
   0.000000030763938
   0.000000023289376
   0.000000017487762
   0.000000013027516
   0.000000009615180
   0.000000007032321
   0.000000005092495
   0.000000003649980
   0.000000002587204
   0.000000001812712
   0.000000001253845
   0.000000000855773
   0.000000000575121
   0.000000000380565
   0.000000000246875
   0.000000000157637
   0.000000000098188
   0.000000000060813
   0.000000000037580
   0.000000000023172
   0.000000000014063
   0.000000000008394
   0.000000000004922
   0.000000000002832
   0.000000000001595
   0.000000000000879
   0.000000000000469
   0.000000000000244
   0.000000000000124
   0.000000000000061
   0.000000000000029
   0.000000000000014
   0.000000000000006
   0.000000000000003
   0.000000000000001
   0.000000000000000
   0.000000000000000
   0.000000000000000
   0.000000000000000
   0.000000000000000
   0.000000000000000
   0.000000000000000
   0.000000000000000
   0.000000000000000
   0.000000000000000
   0.000000000000000
   0.000000000000000
   0.000000000000000
   0.000000000000000
   0.000000000000000
