   0.000000000000000
   0.000000000000000
   0.000000040732590
   0.000000147658535
   0.000000089576157
   0.000000407829389
   0.000000234891878
   0.000001156930668
   0.000000221015179
   0.000001101475549
   0.000000236951605
   0.000001177243764
   0.000000319345661
   0.000001611817877
   0.000000271925533
   0.000001347031414
   0.000000275222139
   0.000001351347269
   0.000000272264215
   0.000001340590915
   0.000000365479880
   0.000001794135463
   0.000000317102486
   0.000001476448880
   0.000000340757630
   0.000001560164107
   0.000000324396976
   0.000001445077262
   0.000000362539835
   0.000001614517819
   0.000000402294288
   0.000001775009253
   0.000000365847948
   0.000001600647054
   0.000000505851105
   0.000001606463432
   0.000000777166678
   0.000001619509551
   0.000000999216275
   0.000001691359705
   0.000001238579537
   0.000001856880174
   0.000001293213647
   0.000001700056560
   0.000001385964873
   0.000003501084278
   0.000001343715757
   0.000003849755923
   0.000010567695800
   0.000105835329947
   0.000015774356275
   0.000167179328171
   0.000018398394357
   0.000185280330283
   0.000019884444334
   0.000187888725843
   0.000020941277687
   0.000197054434316
   0.000021943781329
   0.000206584630700
   0.000023463586871
   0.000219977833496
   0.000023803874966
   0.000224884432799
   0.000023270552450
   0.000222937087545
   0.000022298222268
   0.000217209737674
   0.000021140206554
   0.000209480512369
   0.000020051877067
   0.000206966037980
   0.000019117162622
   0.000206411528132
   0.000017754499950
   0.000198807129459
   0.000016178247698
   0.000179088877201
   0.000014588656083
   0.000155970689348
   0.000013452385799
   0.000140540971095
   0.000012222770443
   0.000126362904003
   0.000011025130798
   0.000113600225047
   0.000009987525901
   0.000102016030925
   0.000009279692440
   0.000095971798286
   0.000009238104019
   0.000098100513065
   0.000008519178077
   0.000077877227976
   0.000008132059498
   0.000086605884340
   0.000008073701004
   0.000080086949754
   0.000008238618374
   0.000080868107844
   0.000008773330112
   0.000084237394197
   0.000008972765922
   0.000087043955259
   0.000008964591370
   0.000088447975677
   0.000008986179998
   0.000091086159204
   0.000009295140089
   0.000095910704362
   0.000009455251555
   0.000098223007890
   0.000009511455083
   0.000100833741244
   0.000009827681292
   0.000105823926751
   0.000010050970216
   0.000108412513470
   0.000010264186234
   0.000111531962765
   0.000010516439491
   0.000115697746295
   0.000010801468474
   0.000118737156471
   0.000011084821255
   0.000122075635102
   0.000011383186344
   0.000125844782684
   0.000011679999909
   0.000128964575740
   0.000011994836873
   0.000132415012994
   0.000012331609170
   0.000136140057943
   0.000012638706199
   0.000139242479707
   0.000012969476549
   0.000142632248127
   0.000013356349798
   0.000146495461891
   0.000013676552797
   0.000149847851636
   0.000013999023794
   0.000153002560488
   0.000014422075159
   0.000156925999433
   0.000014707002680
   0.000159794807966
   0.000014945637545
   0.000162068770312
   0.000015214614258
   0.000165002264633
   0.000015502181587
   0.000167518628547
   0.000015694956783
   0.000169584640230
   0.000015929998927
   0.000171867970182
   0.000016232512988
   0.000174226977764
   0.000016514251349
   0.000176187508698
   0.000016800716762
   0.000178225689005
   0.000017095503829
   0.000180406235014
   0.000017384787170
   0.000182236428677
   0.000017681409618
   0.000183945870740
   0.000018047557166
   0.000185923664572
   0.000018371739488
   0.000187564818168
   0.000018606591195
   0.000188677151635
   0.000018953753339
   0.000190468343639
   0.000019214562504
   0.000191497595480
   0.000019438485589
   0.000192133392287
   0.000019798511610
   0.000193842396873
   0.000020070373778
   0.000194388074196
   0.000020057359745
   0.000194646426305
   0.000020561189197
   0.000196613459290
   0.000019214517763
   0.000197309148443
   0.000019390930428
   0.000197112373618
   0.000008831528564
   0.000198560751457
   0.000008750615941
   0.000198619847716
   0.000008672948694
   0.000198660723593
   0.000008586411016
   0.000198941406250
   0.000008495848525
   0.000198601671538
   0.000008395074013
   0.000198266427036
   0.000008293858379
   0.000197859571314
   0.000008180222131
   0.000197093376297
   0.000008071595660
   0.000196219358470
   0.000007948765010
   0.000194502227616
   0.000007830321282
   0.000193304630726
   0.000007695716895
   0.000191654822768
   0.000007571814416
   0.000189607836611
   0.000007415603788
   0.000188411294604
   0.000007301370188
   0.000186661077461
   0.000007134966757
   0.000184477022342
   0.000007021202487
   0.000182957990639
   0.000006924045780
   0.000181213152947
   0.000006779017014
   0.000178884182798
   0.000006628498037
   0.000177052604503
   0.000006471683336
   0.000174917817695
   0.000006311564145
   0.000172526429243
   0.000006145274895
   0.000170231087735
   0.000005977865739
   0.000167542622443
   0.000005806210208
   0.000164854714524
   0.000005640000922
   0.000160892890949
   0.000005468705028
   0.000155808449615
   0.000005300030352
   0.000152115198220
   0.000005121226796
   0.000148790842389
   0.000004944119194
   0.000147134443863
   0.000004759764700
   0.000143654957051
   0.000004577286279
   0.000141011173916
   0.000004388851180
   0.000137341442714
   0.000004204769504
   0.000134022766876
   0.000004013745530
   0.000130169072001
   0.000003829643841
   0.000126414791526
   0.000003637531629
   0.000122349790301
   0.000003456150802
   0.000118293469072
   0.000003264739258
   0.000114045419839
   0.000003089148523
   0.000109802284965
   0.000002902045015
   0.000105415175602
   0.000002737430254
   0.000101054825327
   0.000002559961231
   0.000096191379333
   0.000002405524249
   0.000091300595221
   0.000002232963698
   0.000086402757996
   0.000002075690375
   0.000082093696886
   0.000001914589316
   0.000077478390588
   0.000001768083697
   0.000073233216030
   0.000001619455129
   0.000068903481992
   0.000001483153673
   0.000064754795893
   0.000001347700955
   0.000060580868250
   0.000001225321905
   0.000056553971473
   0.000001104504903
   0.000052601817569
   0.000000998121722
   0.000048795410761
   0.000000893889895
   0.000045026159704
   0.000000805532919
   0.000040479967318
   0.000000717455537
   0.000036625768932
   0.000000641811542
   0.000033624400303
   0.000000566607749
   0.000031083994339
   0.000000502354235
   0.000028502136005
   0.000000440472193
   0.000025948975974
   0.000000386827539
   0.000023493554753
   0.000000338419951
   0.000021172602176
   0.000000295729098
   0.000019000942109
   0.000000258125105
   0.000016995059762
   0.000000224101583
   0.000015147153797
   0.000000194245262
   0.000013455241239
   0.000000167907893
   0.000011894756847
   0.000000144899928
   0.000010469810608
   0.000000124780166
   0.000009155654777
   0.000000107404511
   0.000007903072182
   0.000000092118425
   0.000006795949689
   0.000000078680801
   0.000005926983232
   0.000000066887691
   0.000005187200601
   0.000000056594936
   0.000004529504540
   0.000000047656294
   0.000003940614749
   0.000000039947710
   0.000003407218053
   0.000000033318644
   0.000002930406828
   0.000000027667066
   0.000002507385178
   0.000000022852218
   0.000002133431278
   0.000000018793747
   0.000001806518169
   0.000000015364540
   0.000001521733744
   0.000000012511420
   0.000001275567033
   0.000000010113429
   0.000001063718805
   0.000000008152748
   0.000000882730760
   0.000000006522538
   0.000000728670323
   0.000000005213436
   0.000000598943026
   0.000000004151423
   0.000000471422999
   0.000000003291154
   0.000000382354504
   0.000000002592864
   0.000000312009695
   0.000000002027800
   0.000000258701939
   0.000000001579552
   0.000000208543708
   0.000000001223026
   0.000000164947443
   0.000000000941966
   0.000000130608471
   0.000000000720495
   0.000000102934549
   0.000000000547724
   0.000000080809991
   0.000000000413301
   0.000000062980947
   0.000000000309800
   0.000000048823982
   0.000000000230381
   0.000000037546980
   0.000000000170231
   0.000000028691256
   0.000000000125083
   0.000000021717645
   0.000000000091565
   0.000000016243009
   0.000000000066962
   0.000000011810439
   0.000000000048565
   0.000000008651746
   0.000000000034840
   0.000000006539243
   0.000000000024612
   0.000000004962227
   0.000000000017176
   0.000000003722840
   0.000000000011860
   0.000000002679714
   0.000000000008099
   0.000000001911455
   0.000000000005464
   0.000000001349379
   0.000000000003640
   0.000000000942383
   0.000000000002390
   0.000000000650762
   0.000000000001546
   0.000000000444298
   0.000000000000982
   0.000000000300087
   0.000000000000613
   0.000000000201011
   0.000000000000376
   0.000000000128082
   0.000000000000228
   0.000000000080428
   0.000000000000136
   0.000000000049884
   0.000000000000080
   0.000000000030319
   0.000000000000047
   0.000000000018095
   0.000000000000028
   0.000000000010783
   0.000000000000016
   0.000000000006428
   0.000000000000009
   0.000000000003800
   0.000000000000005
   0.000000000002204
   0.000000000000003
   0.000000000001272
   0.000000000000001
   0.000000000000722
   0.000000000000001
   0.000000000000402
   0.000000000000000
   0.000000000000219
   0.000000000000000
   0.000000000000115
   0.000000000000000
   0.000000000000056
   0.000000000000000
   0.000000000000027
   0.000000000000000
   0.000000000000013
   0.000000000000000
   0.000000000000006
   0.000000000000000
   0.000000000000003
   0.000000000000000
   0.000000000000001
   0.000000000000000
   0.000000000000000
   0.000000000000000
   0.000000000000000
   0.000000000000000
   0.000000000000000
   0.000000000000000
   0.000000000000000
   0.000000000000000
   0.000000000000000
   0.000000000000000
   0.000000000000000
   0.000000000000000
   0.000000000000000
   0.000000000000000
   0.000000000000000
   0.000000000000000
   0.000000000000000
   0.000000000000000
   0.000000000000000
   0.000000000000000
   0.000000000000000
   0.000000000000000
   0.000000000000000
   0.000000000000000
   0.000000000000000
   0.000000000000000
   0.000000000000000
   0.000000000000000
   0.000000000000000
   0.000000000000000
   0.000000000000000
   0.000000000000000
   0.000000000000000
   0.000000000000000
   0.000000000000000
   0.000000000000000
   0.000000000000000
   0.000000035540706
   0.000000096839050
   0.000000045757604
   0.000000146350597
   0.000000043751902
   0.000000135339668
   0.000000042464792
   0.000000128428724
   0.000000056386516
   0.000000189581802
   0.000000088228722
   0.000000381991072
   0.000000212125199
   0.000000992911762
   0.000000179698104
   0.000000793254036
   0.000000177382910
   0.000000789816601
   0.000000230666233
   0.000001022898199
   0.000000302068341
   0.000001354700928
   0.000000321619923
   0.000001450635582
   0.000000262769754
   0.000001130902363
   0.000000374451567
   0.000001664894650
   0.000000437046602
   0.000001934273993
   0.000000439191278
   0.000001863711077
   0.000000530729424
   0.000002087863135
   0.000000612237208
   0.000002195907866
   0.000000730987617
   0.000002519633831
   0.000000829530446
   0.000002714288054
   0.000000853362276
   0.000002551020777
   0.000000948432521
   0.000002849403302
   0.000000906463730
   0.000002816234182
   0.000001340872902
   0.000005074379377
   0.000001777661371
   0.000007242607218
   0.000001921708070
   0.000007966563122
   0.000001968378957
   0.000008158937021
   0.000002032532441
   0.000008620641412
   0.000002114921451
   0.000009176693760
   0.000002246301311
   0.000009816660210
   0.000002310669663
   0.000010051613435
   0.000002326087516
   0.000010106905766
   0.000002252585919
   0.000010022039424
   0.000002169752185
   0.000009881756839
   0.000002249961363
   0.000010311886690
   0.000002262064018
   0.000010401934544
   0.000002176455620
   0.000010004589724
   0.000002056789244
   0.000009346960131
   0.000001907314889
   0.000008539975376
   0.000001752679816
   0.000007823190277
   0.000001654565233
   0.000007253664708
   0.000001764379318
   0.000006644897225
   0.000001890226000
   0.000005916402372
   0.000001855095226
   0.000005394512702
   0.000002064896147
   0.000005289288975
   0.000002135818447
   0.000014499355671
   0.000002096944535
   0.000019456564869
   0.000012249878257
   0.000072434954955
   0.000013932213315
   0.000085337145339
   0.000015116693836
   0.000097016285305
   0.000017242785185
   0.000129862354868
   0.000018636539256
   0.000141777467455
   0.000019499095873
   0.000154991294590
   0.000020358829560
   0.000177888848263
   0.000020766577218
   0.000186282546847
   0.000021015717606
   0.000199522422296
   0.000021339580586
   0.000214849056149
   0.000021339615867
   0.000218836289662
   0.000021408983645
   0.000226221916222
   0.000021636752222
   0.000235108707385
   0.000021694451820
   0.000239744712582
   0.000021880221468
   0.000247147111952
   0.000022215901756
   0.000255161089980
   0.000022548155271
   0.000260195520275
   0.000022963535865
   0.000265730292922
   0.000023449903381
   0.000272192566483
   0.000023957099043
   0.000277965297810
   0.000024490455070
   0.000284413278314
   0.000025067518951
   0.000291151195495
   0.000025624182550
   0.000296890497305
   0.000026106731839
   0.000302097205994
   0.000026811166956
   0.000308834660076
   0.000027328132409
   0.000314433750381
   0.000027846946047
   0.000319991494949
   0.000028375139269
   0.000325884764881
   0.000028938799875
   0.000330945216063
   0.000029456756964
   0.000335353739483
   0.000029957404991
   0.000340729547046
   0.000030455016646
   0.000345535365044
   0.000030937897760
   0.000350059752400
   0.000031417540659
   0.000354605119849
   0.000031866937239
   0.000358836744787
   0.000032358287575
   0.000362591168733
   0.000032874978557
   0.000366626966795
   0.000033402051271
   0.000370426680432
   0.000033944169352
   0.000374070708343
   0.000034461322198
   0.000377362587717
   0.000035084392602
   0.000381012861297
   0.000035650006743
   0.000384117163222
   0.000036128644275
   0.000386619010747
   0.000036671166773
   0.000389531542612
   0.000037172104829
   0.000391801647270
   0.000037514525343
   0.000393372005339
   0.000038069912695
   0.000395754847893
   0.000038101219085
   0.000397436317681
   0.000038540218898
   0.000398236820740
   0.000039044886721
   0.000399618096679
   0.000039568362788
   0.000400275241739
   0.000040106910338
   0.000400771085048
   0.000040566384246
   0.000401146279838
   0.000041028613666
   0.000401000891677
   0.000041458528975
   0.000400528177800
   0.000041940200515
   0.000400129462778
   0.000042323415554
   0.000398952201041
   0.000042754346717
   0.000397163308561
   0.000042876020644
   0.000390500172182
   0.000043320136739
   0.000388647455650
   0.000043686566717
   0.000385831128023
   0.000043987863708
   0.000380537210255
   0.000044521749163
   0.000381982582984
   0.000045106648943
   0.000380621814246
   0.000044720302248
   0.000375043909920
   0.000045163543423
   0.000375036467685
   0.000041696978322
   0.000373913114218
   0.000040782396277
   0.000367897224216
   0.000013927685736
   0.000366933188532
   0.000013620743744
   0.000362388900344
   0.000013303688487
   0.000357192708127
   0.000012972329636
   0.000354182228177
   0.000012637905270
   0.000349739312827
   0.000012296238396
   0.000344481234523
   0.000011953097114
   0.000338800746220
   0.000011599384164
   0.000332615837295
   0.000011241470381
   0.000326721025592
   0.000010875001182
   0.000320622538900
   0.000010506250999
   0.000314347746544
   0.000010130072989
   0.000307386320233
   0.000009749627888
   0.000300842498217
   0.000009364861011
   0.000293824641099
   0.000008986797761
   0.000286747647103
   0.000008597475240
   0.000279122192899
   0.000008216409359
   0.000271466761619
   0.000007822948310
   0.000263590087509
   0.000007444282122
   0.000255598815916
   0.000007050078797
   0.000247249061788
   0.000006677710586
   0.000238782365508
   0.000006288095212
   0.000230215071648
   0.000005935107730
   0.000221585819434
   0.000005570043568
   0.000209975049024
   0.000005246866500
   0.000198570613995
   0.000004896204103
   0.000188250048771
   0.000004579731699
   0.000181892704380
   0.000004245556728
   0.000172948487988
   0.000003956299786
   0.000165607005778
   0.000003646439195
   0.000156469339923
   0.000003361979800
   0.000148393849619
   0.000003071365934
   0.000140003205580
   0.000002814287415
   0.000131863379544
   0.000002549408958
   0.000123438580907
   0.000002323908672
   0.000115527456702
   0.000002087760020
   0.000107651973395
   0.000001895528657
   0.000099779216952
   0.000001686568128
   0.000092062164863
   0.000001524635185
   0.000084968868915
   0.000001342468522
   0.000078121556647
   0.000001209630550
   0.000071767996317
   0.000001054824583
   0.000065611595728
   0.000000950475267
   0.000059899857540
   0.000000826464725
   0.000054454457129
   0.000000748852238
   0.000049463944707
   0.000000658584298
   0.000044702907475
   0.000000574274874
   0.000040335253983
   0.000000502101105
   0.000036083239856
   0.000000437541583
   0.000032185923228
   0.000000380256427
   0.000028900425161
   0.000000330519187
   0.000025429447736
   0.000000286841540
   0.000022061881339
   0.000000247963158
   0.000019375440892
   0.000000213481369
   0.000017311931861
   0.000000183000814
   0.000015421207997
   0.000000156230435
   0.000013680980183
   0.000000132825294
   0.000012032867668
   0.000000112401061
   0.000010540378059
   0.000000094711340
   0.000009193028923
   0.000000079459522
   0.000007971804986
   0.000000066344941
   0.000006886939474
   0.000000055156125
   0.000005921426994
   0.000000045620682
   0.000005068025153
   0.000000037563533
   0.000004319010191
   0.000000030760469
   0.000003663289190
   0.000000025069985
   0.000003093206032
   0.000000020324965
   0.000002599314695
   0.000000016390160
   0.000002174302825
   0.000000013160239
   0.000001802255058
   0.000000010505345
   0.000001489342592
   0.000000008357150
   0.000001226483559
   0.000000006616174
   0.000000999850607
   0.000000005226890
   0.000000807360068
   0.000000004100591
   0.000000650949858
   0.000000003203641
   0.000000526899993
   0.000000002484701
   0.000000422900517
   0.000000001917012
   0.000000339271283
   0.000000001468067
   0.000000269566027
   0.000000001117495
   0.000000213646506
   0.000000000843946
   0.000000167762722
   0.000000000633275
   0.000000131188034
   0.000000000471919
   0.000000101685694
   0.000000000349824
   0.000000078343522
   0.000000000258832
   0.000000058633512
   0.000000000190140
   0.000000043783894
   0.000000000138464
   0.000000033474120
   0.000000000099473
   0.000000025698457
   0.000000000070666
   0.000000019697558
   0.000000000049704
   0.000000014538782
   0.000000000034594
   0.000000010642656
   0.000000000023807
   0.000000007715395
   0.000000000016192
   0.000000005537849
   0.000000000010868
   0.000000003932976
   0.000000000007196
   0.000000002762446
   0.000000000004688
   0.000000001918173
   0.000000000003006
   0.000000001317760
   0.000000000001894
   0.000000000885476
   0.000000000001174
   0.000000000586025
   0.000000000000715
   0.000000000381902
   0.000000000000431
   0.000000000243736
   0.000000000000258
   0.000000000149948
   0.000000000000154
   0.000000000091587
   0.000000000000091
   0.000000000056190
   0.000000000000053
   0.000000000034610
   0.000000000000030
   0.000000000020987
   0.000000000000017
   0.000000000012525
   0.000000000000009
   0.000000000007347
   0.000000000000005
   0.000000000004233
   0.000000000000003
   0.000000000002395
   0.000000000000001
   0.000000000001333
   0.000000000000001
   0.000000000000695
   0.000000000000000
   0.000000000000357
   0.000000000000000
   0.000000000000179
   0.000000000000000
   0.000000000000088
   0.000000000000000
   0.000000000000042
   0.000000000000000
   0.000000000000019
   0.000000000000000
   0.000000000000009
   0.000000000000000
   0.000000000000004
   0.000000000000000
   0.000000000000002
   0.000000000000000
   0.000000000000001
   0.000000000000000
   0.000000000000000
   0.000000000000000
   0.000000000000000
   0.000000000000000
   0.000000000000000
   0.000000000000000
   0.000000000000000
   0.000000000000000
   0.000000000000000
   0.000000000000000
   0.000000000000000
   0.000000000000000
   0.000000000000000
   0.000000000000000
   0.000000000000000
   0.000000000000000
   0.000000000000000
   0.000000000000000
   0.000000000000000
   0.000000000000000
   0.000000000000000
   0.000000000000000
   0.000000000000000
   0.000000000000000
   0.000000000000000
   0.000000000000000
   0.000000000000000
   0.000000000000000
   0.000000000000000
   0.000000008249662
   0.000000017277753
   0.000000011527141
   0.000000030406018
   0.000000011936728
   0.000000030921233
   0.000000009288263
   0.000000022298139
   0.000000015914265
   0.000000040473684
   0.000000020176643
   0.000000079123635
   0.000000015143844
   0.000000062559782
   0.000000027480399
   0.000000093747296
   0.000000023185620
   0.000000087127976
   0.000000038400573
   0.000000147236840
   0.000000051106727
   0.000000202974307
   0.000000050258228
   0.000000205098079
   0.000000045797520
   0.000000193231079
   0.000000069452664
   0.000000295580621
   0.000000073568850
   0.000000291832934
   0.000000084622731
   0.000000357281715
   0.000000101324781
   0.000000448605483
   0.000000110115111
   0.000000465967305
   0.000000117263722
   0.000000516319452
   0.000000131999743
   0.000000609796699
   0.000000135937641
   0.000000592027464
   0.000000162645545
   0.000000703784778
   0.000000158485215
   0.000000734241362
   0.000000193910166
   0.000000918263211
   0.000000231262914
   0.000001068582021
   0.000000249168474
   0.000001181925508
   0.000000263543231
   0.000001255873584
   0.000000297476455
   0.000001417516099
   0.000000309742463
   0.000001477555619
   0.000000328283186
   0.000001611794896
   0.000000341236314
   0.000001678893797
   0.000000372008353
   0.000001785657591
   0.000000373059765
   0.000001806021770
   0.000000372349574
   0.000001841677355
   0.000000402626185
   0.000001994464834
   0.000000410971018
   0.000001998587649
   0.000000404888580
   0.000001966914001
   0.000000413241189
   0.000002015977189
   0.000000414462881
   0.000001975271879
   0.000000413668208
   0.000001897766924
   0.000000414997036
   0.000001868189770
   0.000000425096342
   0.000001803721649
   0.000000440176579
   0.000001671006883
   0.000000418445112
   0.000001478527000
   0.000000461065885
   0.000001435229044
   0.000000983294591
   0.000001207654078
   0.000000866976726
   0.000001126148938
   0.000000894113824
   0.000001598277691
   0.000001102609453
   0.000003291038728
   0.000001308466973
   0.000004308034378
   0.000011849345563
   0.000063452401041
   0.000014115791203
   0.000075786257281
   0.000015466247241
   0.000084076033587
   0.000016246866698
   0.000090351980119
   0.000016438599701
   0.000092872057026
   0.000016522829189
   0.000111957193325
   0.000016493105124
   0.000128490155234
   0.000016061374338
   0.000131482000444
   0.000015143816923
   0.000131064091456
   0.000014571942915
   0.000131243486002
   0.000014006403465
   0.000132344783304
   0.000013714781488
   0.000139966256631
   0.000013425468830
   0.000145665337909
   0.000013117453185
   0.000145902240887
   0.000012921301154
   0.000145156919079
   0.000012839343219
   0.000145274913966
   0.000012881015679
   0.000146754769439
   0.000013083329624
   0.000151722351482
   0.000013301395372
   0.000155762077174
   0.000013296842519
   0.000156061832220
   0.000013127061745
   0.000154908499565
   0.000013955039463
   0.000159499989884
   0.000014164880753
   0.000161548679757
   0.000014449080631
   0.000165539445353
   0.000014730604413
   0.000168949160358
   0.000014978716625
   0.000170116334459
   0.000015146493575
   0.000170532740400
   0.000015380004419
   0.000173961060642
   0.000015560298559
   0.000176049220538
   0.000015762296119
   0.000179131013850
   0.000015978527243
   0.000181752017321
   0.000016147582370
   0.000183056288486
   0.000016310214732
   0.000184015182156
   0.000016499222618
   0.000186349972804
   0.000016638292878
   0.000187865844213
   0.000016765703791
   0.000189636360857
   0.000016934874158
   0.000191154183173
   0.000017429206327
   0.000193716860166
   0.000017920535879
   0.000196287811840
   0.000018138866274
   0.000197859335493
   0.000018355747451
   0.000199108015850
   0.000018577531950
   0.000200378878528
   0.000018802830659
   0.000201633335956
   0.000019061958857
   0.000203373314227
   0.000019307446240
   0.000204811670997
   0.000019542828064
   0.000205719854589
   0.000019790852329
   0.000206528322526
   0.000020024150256
   0.000207145431755
   0.000020276080106
   0.000207867578589
   0.000020512924728
   0.000208576872635
   0.000020728365091
   0.000208903502708
   0.000020943898753
   0.000209001702386
   0.000021171767857
   0.000209029214484
   0.000021386917038
   0.000208873103031
   0.000021612792651
   0.000208621637824
   0.000021790929115
   0.000207550119948
   0.000022013945666
   0.000206961407604
   0.000022221597804
   0.000206111697654
   0.000022417193736
   0.000204784026843
   0.000022637840700
   0.000204178630814
   0.000022855707851
   0.000202978002901
   0.000022932132465
   0.000201207327352
   0.000023081252198
   0.000200080951301
   0.000022680446162
   0.000198652844239
   0.000022688445508
   0.000196768138329
   0.000022901662159
   0.000195180734490
   0.000022836993002
   0.000189253438010
   0.000023038982664
   0.000186880761620
   0.000023417039880
   0.000186476671626
   0.000023866930177
   0.000187125580860
   0.000024041658048
   0.000184562133416
   0.000024065903774
   0.000179840072655
   0.000024283082783
   0.000177158390452
   0.000024607277871
   0.000175585924070
   0.000024912433356
   0.000173991697440
   0.000025033786089
   0.000170433730529
   0.000025119303192
   0.000166285801541
   0.000025325158565
   0.000163258762927
   0.000025561706120
   0.000160635163762
   0.000025720152594
   0.000157425064473
   0.000025779117460
   0.000153288536949
   0.000025861187394
   0.000149311779756
   0.000025983159660
   0.000145825790108
   0.000026063994897
   0.000142203450469
   0.000026053826877
   0.000137991606951
   0.000026013020128
   0.000133581459048
   0.000025987853245
   0.000129556585961
   0.000025904558955
   0.000125547705847
   0.000025656734410
   0.000120749760170
   0.000025308605934
   0.000115688817985
   0.000024833481057
   0.000109210912950
   0.000024660675074
   0.000103731478327
   0.000024721933705
   0.000101849833916
   0.000024075819339
   0.000097861740533
   0.000023111690211
   0.000092070587621
   0.000022544876226
   0.000087457328160
   0.000022179386782
   0.000084331068991
   0.000021667448026
   0.000079989978928
   0.000020945706131
   0.000074991301078
   0.000020221523166
   0.000070997456695
   0.000019448249647
   0.000067230046593
   0.000018561631653
   0.000062998631244
   0.000017641731754
   0.000058767554311
   0.000016750298062
   0.000055143957296
   0.000015753722722
   0.000051270907134
   0.000014717468205
   0.000047680520956
   0.000013558562275
   0.000044128594596
   0.000012251675385
   0.000040912615812
   0.000010646264029
   0.000037727193261
   0.000008508455822
   0.000035069336672
   0.000005952225472
   0.000032036600318
   0.000000389553634
   0.000029422178792
   0.000000345207084
   0.000026202201765
   0.000000303344872
   0.000023634957656
   0.000000265373640
   0.000022289288290
   0.000000233018767
   0.000019739272176
   0.000000202735441
   0.000017669668197
   0.000000176084512
   0.000016236266830
   0.000000152277035
   0.000014349811415
   0.000000131433559
   0.000012833324728
   0.000000113173977
   0.000011553932422
   0.000000097113332
   0.000010179382347
   0.000000082897103
   0.000009040514118
   0.000000070534220
   0.000007993650439
   0.000000059746627
   0.000007005482412
   0.000000050382518
   0.000006147835212
   0.000000042309501
   0.000005359613556
   0.000000035359000
   0.000004655039851
   0.000000029412870
   0.000004028856632
   0.000000024347338
   0.000003469187873
   0.000000020044540
   0.000002975707049
   0.000000016423777
   0.000002539821619
   0.000000013363960
   0.000002158330206
   0.000000010828410
   0.000001824263807
   0.000000008710859
   0.000001534919398
   0.000000006996103
   0.000001283690088
   0.000000005600725
   0.000001049799593
   0.000000004483009
   0.000000855398968
   0.000000003556501
   0.000000703467184
   0.000000002813539
   0.000000583150718
   0.000000002207676
   0.000000475063809
   0.000000001724890
   0.000000388914177
   0.000000001337381
   0.000000313785928
   0.000000001031270
   0.000000253505765
   0.000000000789276
   0.000000202413832
   0.000000000600245
   0.000000161293780
   0.000000000453315
   0.000000127296974
   0.000000000340079
   0.000000100005457
   0.000000000253548
   0.000000077738634
   0.000000000187571
   0.000000060025757
   0.000000000137642
   0.000000046053305
   0.000000000100039
   0.000000035124773
   0.000000000072028
   0.000000026624965
   0.000000000051359
   0.000000019991139
   0.000000000036249
   0.000000014885614
   0.000000000025307
   0.000000010979006
   0.000000000017467
   0.000000008019411
   0.000000000011905
   0.000000005797242
   0.000000000008009
   0.000000004145330
   0.000000000005308
   0.000000002929995
   0.000000000003464
   0.000000002046174
   0.000000000002219
   0.000000001408661
   0.000000000001398
   0.000000000955176
   0.000000000000862
   0.000000000637352
   0.000000000000525
   0.000000000417801
   0.000000000000319
   0.000000000261352
   0.000000000000193
   0.000000000161634
   0.000000000000116
   0.000000000100416
   0.000000000000068
   0.000000000063055
   0.000000000000039
   0.000000000038984
   0.000000000000022
   0.000000000023712
   0.000000000000012
   0.000000000014178
   0.000000000000007
   0.000000000008327
   0.000000000000004
   0.000000000004801
   0.000000000000002
   0.000000000002718
   0.000000000000001
   0.000000000001485
   0.000000000000000
   0.000000000000789
   0.000000000000000
   0.000000000000408
   0.000000000000000
   0.000000000000205
   0.000000000000000
   0.000000000000100
   0.000000000000000
   0.000000000000047
   0.000000000000000
   0.000000000000022
   0.000000000000000
   0.000000000000010
   0.000000000000000
   0.000000000000004
   0.000000000000000
   0.000000000000002
   0.000000000000000
   0.000000000000001
   0.000000000000000
   0.000000000000000
   0.000000000000000
   0.000000000000000
   0.000000000000000
   0.000000000000000
   0.000000000000000
   0.000000000000000
   0.000000000000000
   0.000000000000000
   0.000000000000000
   0.000000000000000
   0.000000000000000
   0.000000000000000
   0.000000000000000
   0.000000000000000
   0.000000000000000
   0.000000000000000
   0.000000000000000
   0.000000000000000
   0.000000000000000
   0.000000000000000
   0.000000000000000
   0.000000000000000
   0.000000000000000
   0.000000000000000
