   0.000000000391287
   0.000000000698445
   0.000000000878794
   0.000000001208467
   0.000000001115694
   0.000000001424810
   0.000000002053858
   0.000000002725765
   0.000000003345454
   0.000000004883428
   0.000000005687084
   0.000000005790506
   0.000000007352783
   0.000000011927903
   0.000000013421514
   0.000000028274876
   0.000000031875876
   0.000000062016722
   0.000000128433016
   0.000000128500857
   0.000000100423725
   0.000000102593281
   0.000000249973676
   0.000000259055574
   0.000000320310134
   0.000000285891695
   0.000000510918501
   0.000000489553580
   0.000000501813374
   0.000000560921379
   0.000000605318539
   0.000000640678274
   0.000000661832899
   0.000000679220859
   0.000000694939136
   0.000000887672265
   0.000000885767738
   0.000000879486036
   0.000000871301051
   0.000000674962916
   0.000000665861939
   0.000000646643181
   0.000000625819612
   0.000000580785268
   0.000000532544091
   0.000000562538867
   0.000000543946327
   0.000000520654808
   0.000000377742441
   0.000000623417115
   0.000000552021544
   0.000000737870538
   0.000000676913445
   0.000000832360935
   0.000000830634734
   0.000000989323618
   0.000000995297594
   0.000001111242509
   0.000001141664429
   0.000001232273077
   0.000001282193611
   0.000001360662315
   0.000001429182416
   0.000001503495359
   0.000001573634607
   0.000001630395005
   0.000001695228408
   0.000001757432264
   0.000001813005343
   0.000001859781716
   0.000001914629205
   0.000001956192554
   0.000001992493568
   0.000002031684987
   0.000002067217974
   0.000002097286225
   0.000002130776110
   0.000002162491487
   0.000002195059355
   0.000002223432824
   0.000002249993249
   0.000002276653498
   0.000002304279291
   0.000002330174722
   0.000002352580556
   0.000002377363387
   0.000002400364807
   0.000002421189608
   0.000002440526568
   0.000002461199458
   0.000002483000155
   0.000002500623867
   0.000002518896865
   0.000002535888214
   0.000002552309055
   0.000002567771908
   0.000002582826518
   0.000002596098770
   0.000002609467748
   0.000002621225908
   0.000002631630080
   0.000002641606326
   0.000002650301593
   0.000002657591720
   0.000002664009301
   0.000002670018262
   0.000002674275902
   0.000002677177718
   0.000002679402436
   0.000002680481306
   0.000002679976465
   0.000002678421933
   0.000002676506921
   0.000002672399206
   0.000002667197964
   0.000002661469622
   0.000002653802822
   0.000002644619563
   0.000002635310593
   0.000002623909459
   0.000002609631133
   0.000002597047715
   0.000002581168107
   0.000002557997493
   0.000002542610639
   0.000002520733782
   0.000002465788814
   0.000002446837541
   0.000002422475159
   0.000002269913909
   0.000002248209103
   0.000002234834430
   0.000002206140695
   0.000002202772861
   0.000002175741783
   0.000002164489996
   0.000002138057584
   0.000002119368010
   0.000002055452423
   0.000002030674293
   0.000001978803742
   0.000001949920815
   0.000001904298259
   0.000001899600463
   0.000001866919899
   0.000001846832558
   0.000001813249401
   0.000001783029771
   0.000001745782824
   0.000001713105649
   0.000001670751169
   0.000001631994036
   0.000001594995269
   0.000001533212383
   0.000001491472742
   0.000001455464024
   0.000001420136556
   0.000001387217647
   0.000001351148753
   0.000001316377882
   0.000001280213710
   0.000001244316973
   0.000001207749099
   0.000001170778160
   0.000001133644107
   0.000001096205560
   0.000001059058183
   0.000001021696133
   0.000000984491953
   0.000000946665241
   0.000000903791859
   0.000000864210045
   0.000000822424242
   0.000000783848055
   0.000000749965507
   0.000000715830304
   0.000000684173233
   0.000000652559736
   0.000000622871351
   0.000000593549914
   0.000000563606075
   0.000000525334962
   0.000000492727665
   0.000000463824652
   0.000000437404805
   0.000000419455832
   0.000000400678638
   0.000000380756504
   0.000000360451506
   0.000000340129501
   0.000000320089007
   0.000000300586831
   0.000000281784742
   0.000000263667302
   0.000000246263326
   0.000000229651962
   0.000000213844257
   0.000000198874641
   0.000000184785479
   0.000000171431427
   0.000000158820694
   0.000000147000146
   0.000000135906537
   0.000000125215191
   0.000000115012454
   0.000000105572730
   0.000000097129952
   0.000000089122637
   0.000000080470956
   0.000000072444386
   0.000000065487886
   0.000000059274943
   0.000000054551462
   0.000000050362681
   0.000000046383368
   0.000000042454325
   0.000000038701500
   0.000000035200677
   0.000000031898728
   0.000000028801076
   0.000000025963099
   0.000000023355538
   0.000000020617192
   0.000000017949736
   0.000000016086689
   0.000000014404940
   0.000000012916058
   0.000000011992657
   0.000000010659086
   0.000000009441540
   0.000000008323186
   0.000000007272337
   0.000000006338038
   0.000000005545975
   0.000000004851208
   0.000000004238202
   0.000000003699651
   0.000000003220018
   0.000000002796370
   0.000000002423861
   0.000000002094121
   0.000000001805201
   0.000000001552015
   0.000000001329813
   0.000000001136090
   0.000000000966450
   0.000000000817035
   0.000000000683834
   0.000000000560230
   0.000000000475004
   0.000000000405712
   0.000000000347580
   0.000000000300516
   0.000000000253022
   0.000000000210171
   0.000000000173910
   0.000000000143350
   0.000000000117641
   0.000000000096063
   0.000000000077983
   0.000000000062848
   0.000000000050311
   0.000000000040236
   0.000000000032290
   0.000000000025907
   0.000000000020748
   0.000000000016494
   0.000000000013060
   0.000000000010249
   0.000000000008077
   0.000000000006365
   0.000000000004997
   0.000000000003905
   0.000000000003043
   0.000000000002339
   0.000000000001783
   0.000000000001350
   0.000000000001017
   0.000000000000760
   0.000000000000565
   0.000000000000417
   0.000000000000305
   0.000000000000222
   0.000000000000160
   0.000000000000114
   0.000000000000081
   0.000000000000056
   0.000000000000039
   0.000000000000026
   0.000000000000018
   0.000000000000012
   0.000000000000008
   0.000000000000005
   0.000000000000003
   0.000000000000002
   0.000000000000001
   0.000000000000001
   0.000000000000001
   0.000000000000000
   0.000000000000000
   0.000000000470668
   0.000000001159458
   0.000000001761459
   0.000000001699959
   0.000000002534330
   0.000000001482990
   0.000000003073126
   0.000000002547328
   0.000000003923709
   0.000000004431728
   0.000000005778001
   0.000000005939639
   0.000000006676946
   0.000000009382267
   0.000000008984190
   0.000000014898900
   0.000000017804649
   0.000000025210469
   0.000000044329574
   0.000000048362045
   0.000000043291116
   0.000000033725578
   0.000000084402590
   0.000000087597469
   0.000000103845379
   0.000000096978916
   0.000000166548044
   0.000000153072781
   0.000000156898606
   0.000000176952860
   0.000000196867312
   0.000000211366746
   0.000000213056099
   0.000000217232682
   0.000000224931463
   0.000000286278322
   0.000000282569381
   0.000000276944093
   0.000000274465421
   0.000000220790946
   0.000000223779709
   0.000000219741285
   0.000000251319372
   0.000000245341485
   0.000000232154293
   0.000000252264520
   0.000000241425486
   0.000000237910312
   0.000000211894220
   0.000000329775350
   0.000000328949993
   0.000000412852038
   0.000000405350633
   0.000000657011098
   0.000000837456658
   0.000001036871106
   0.000001195191992
   0.000001378158308
   0.000001587247767
   0.000001786719829
   0.000001963169465
   0.000002184001298
   0.000002368671564
   0.000002566453398
   0.000002776833915
   0.000002941180129
   0.000003125553252
   0.000003287388795
   0.000003412268728
   0.000003467342506
   0.000003599407602
   0.000003710506150
   0.000003769901457
   0.000003833500305
   0.000003905805990
   0.000003954311341
   0.000004016482924
   0.000004069764894
   0.000004120939448
   0.000004169551717
   0.000004222544627
   0.000004264689727
   0.000004306855898
   0.000004348554651
   0.000004397323968
   0.000004446641603
   0.000004494575422
   0.000004532478280
   0.000004594563152
   0.000004632308179
   0.000004672241009
   0.000004703738124
   0.000004737506538
   0.000004765259281
   0.000004788872426
   0.000004829002695
   0.000004856480744
   0.000004879961478
   0.000004908421705
   0.000004934185316
   0.000004954032262
   0.000004972828960
   0.000005005258540
   0.000005020893807
   0.000005034941489
   0.000005053374907
   0.000005073090034
   0.000005085479245
   0.000005094720220
   0.000005113620075
   0.000005119275344
   0.000005121818681
   0.000005128853632
   0.000005133670349
   0.000005130806847
   0.000005129535549
   0.000005131136740
   0.000005122511375
   0.000005113461526
   0.000005106564674
   0.000005092309929
   0.000005076678859
   0.000005062891490
   0.000005038682737
   0.000005015779476
   0.000004979196657
   0.000004888033114
   0.000004859714936
   0.000004825171542
   0.000004729339902
   0.000004695757830
   0.000004664573617
   0.000004667859122
   0.000004650686171
   0.000004609579011
   0.000004594504921
   0.000004560069235
   0.000004515166753
   0.000004472184349
   0.000004426190296
   0.000004364297167
   0.000004313784736
   0.000004251414136
   0.000004193822822
   0.000004124236545
   0.000004060961056
   0.000003994958963
   0.000003933215062
   0.000003861463534
   0.000003792110074
   0.000003684962430
   0.000003596215811
   0.000003528566958
   0.000003304464618
   0.000003204762599
   0.000003143835422
   0.000003066154260
   0.000003021471915
   0.000002953733601
   0.000002895783042
   0.000002828254057
   0.000002760021090
   0.000002690803309
   0.000002620980408
   0.000002553573426
   0.000002479315802
   0.000002406597934
   0.000002331092675
   0.000002257897698
   0.000002180532481
   0.000002066072089
   0.000001991248087
   0.000001893598117
   0.000001817341011
   0.000001766301854
   0.000001693471976
   0.000001641026861
   0.000001574409624
   0.000001513632818
   0.000001448354868
   0.000001387035011
   0.000001324968567
   0.000001263886983
   0.000001201891313
   0.000001142443850
   0.000001087118459
   0.000001034629387
   0.000000982611046
   0.000000931779502
   0.000000882279491
   0.000000834971211
   0.000000788451002
   0.000000743626066
   0.000000698717095
   0.000000656986944
   0.000000613773041
   0.000000575704076
   0.000000530919848
   0.000000497339499
   0.000000464268709
   0.000000434672774
   0.000000405953762
   0.000000376310197
   0.000000348289178
   0.000000323245560
   0.000000301693349
   0.000000279205925
   0.000000257765171
   0.000000233834898
   0.000000213788010
   0.000000195183708
   0.000000178651974
   0.000000167410016
   0.000000156041269
   0.000000144216825
   0.000000132868476
   0.000000122291924
   0.000000112122736
   0.000000102373411
   0.000000093391156
   0.000000085054298
   0.000000077201601
   0.000000069841963
   0.000000062975610
   0.000000056742251
   0.000000051080999
   0.000000045971277
   0.000000041465240
   0.000000037230548
   0.000000033334234
   0.000000029693141
   0.000000026063709
   0.000000023014084
   0.000000020405802
   0.000000018039011
   0.000000015945335
   0.000000014096176
   0.000000012402722
   0.000000010902719
   0.000000009571844
   0.000000008366435
   0.000000007305329
   0.000000006363755
   0.000000005522963
   0.000000004785795
   0.000000004133792
   0.000000003557830
   0.000000003053518
   0.000000002520284
   0.000000002152972
   0.000000001848912
   0.000000001584878
   0.000000001390781
   0.000000001189735
   0.000000001003463
   0.000000000843141
   0.000000000706122
   0.000000000589195
   0.000000000489692
   0.000000000405288
   0.000000000333308
   0.000000000270782
   0.000000000218021
   0.000000000177258
   0.000000000143721
   0.000000000117998
   0.000000000095054
   0.000000000077273
   0.000000000061841
   0.000000000049792
   0.000000000039613
   0.000000000031566
   0.000000000024915
   0.000000000019635
   0.000000000015347
   0.000000000011950
   0.000000000009244
   0.000000000007115
   0.000000000005441
   0.000000000004137
   0.000000000003124
   0.000000000002344
   0.000000000001746
   0.000000000001292
   0.000000000000948
   0.000000000000690
   0.000000000000498
   0.000000000000355
   0.000000000000251
   0.000000000000176
   0.000000000000122
   0.000000000000083
   0.000000000000056
   0.000000000000037
   0.000000000000025
   0.000000000000016
   0.000000000000010
   0.000000000000007
   0.000000000000005
   0.000000000000003
   0.000000000115801
   0.000000000377732
   0.000000000513495
   0.000000000542561
   0.000000000589454
   0.000000000330392
   0.000000000868879
   0.000000000539367
   0.000000000587767
   0.000000001014786
   0.000000001018205
   0.000000001122051
   0.000000001076126
   0.000000001220934
   0.000000001470473
   0.000000001692276
   0.000000001636385
   0.000000001977733
   0.000000002005583
   0.000000002329790
   0.000000003134823
   0.000000001454275
   0.000000002587368
   0.000000003639010
   0.000000002901929
   0.000000002960479
   0.000000004779745
   0.000000003338378
   0.000000003766618
   0.000000004924016
   0.000000006710693
   0.000000007219029
   0.000000006766684
   0.000000006638882
   0.000000009422532
   0.000000009012627
   0.000000007807276
   0.000000008065380
   0.000000011473917
   0.000000009272308
   0.000000009762718
   0.000000011401113
   0.000000034047075
   0.000000035346160
   0.000000037388323
   0.000000050528051
   0.000000062793891
   0.000000050073247
   0.000000054524242
   0.000000080144676
   0.000000087381453
   0.000000082001117
   0.000000085027162
   0.000000147729687
   0.000000162039750
   0.000000178670426
   0.000000208225920
   0.000000249463788
   0.000000457347083
   0.000000563090171
   0.000000662417795
   0.000000754890161
   0.000000859931192
   0.000000955641977
   0.000001105137202
   0.000001226584273
   0.000001344935491
   0.000001444896560
   0.000001529898372
   0.000001605061820
   0.000001690553343
   0.000001794135752
   0.000001885074897
   0.000001946416692
   0.000001998779866
   0.000002041898102
   0.000002078380615
   0.000002102038639
   0.000002146928766
   0.000002186674509
   0.000002234840272
   0.000002270530893
   0.000002282714034
   0.000002300600033
   0.000002307122573
   0.000002329069214
   0.000002349367202
   0.000002334203779
   0.000002414718914
   0.000002424139870
   0.000002436729689
   0.000002440560162
   0.000002456040719
   0.000002474445873
   0.000002465655541
   0.000002520706124
   0.000002527365615
   0.000002534983377
   0.000002536899421
   0.000002544282608
   0.000002552357169
   0.000002554675489
   0.000002606740002
   0.000002611210237
   0.000002616720600
   0.000002619744641
   0.000002646706832
   0.000002664567324
   0.000002669077501
   0.000002703954941
   0.000002706969943
   0.000002709891546
   0.000002712923915
   0.000002728946306
   0.000002732492201
   0.000002736424145
   0.000002754167992
   0.000002753586268
   0.000002752569570
   0.000002754135867
   0.000002758830827
   0.000002757794682
   0.000002758486787
   0.000002759100896
   0.000002750759635
   0.000002742776731
   0.000002732029131
   0.000002728353334
   0.000002722712265
   0.000002714245319
   0.000002704510965
   0.000002691150780
   0.000002682512749
   0.000002671883947
   0.000002658849255
   0.000002646656587
   0.000002630954844
   0.000002611674745
   0.000002595250521
   0.000002576732454
   0.000002555073925
   0.000002533310590
   0.000002506841508
   0.000002464537330
   0.000002396914857
   0.000002372072725
   0.000002344752813
   0.000002357031316
   0.000002340222260
   0.000002292064185
   0.000002227785339
   0.000002188293186
   0.000002158008625
   0.000002125721720
   0.000002090442091
   0.000002040219237
   0.000001994654826
   0.000001962743453
   0.000001936737873
   0.000001913848031
   0.000001871905725
   0.000001825418761
   0.000001784645368
   0.000001749955922
   0.000001722807754
   0.000001677040901
   0.000001629340000
   0.000001581731980
   0.000001540068175
   0.000001502115058
   0.000001451874926
   0.000001403208896
   0.000001351919513
   0.000001289160411
   0.000001241006941
   0.000001197233047
   0.000001176399121
   0.000001141634326
   0.000001089093856
   0.000001044565158
   0.000001005982792
   0.000000978431389
   0.000000941003621
   0.000000896053843
   0.000000856610184
   0.000000822506805
   0.000000791592108
   0.000000754557900
   0.000000717300267
   0.000000682730550
   0.000000652103262
   0.000000618724455
   0.000000586200727
   0.000000549655816
   0.000000520473546
   0.000000480465011
   0.000000453467467
   0.000000397390366
   0.000000375245097
   0.000000351562686
   0.000000334922481
   0.000000315701395
   0.000000288881263
   0.000000268393622
   0.000000254795547
   0.000000246187962
   0.000000225215709
   0.000000208781208
   0.000000196494941
   0.000000186072983
   0.000000170032698
   0.000000157301170
   0.000000147691590
   0.000000137747265
   0.000000126127415
   0.000000116775620
   0.000000108673216
   0.000000100028659
   0.000000091653323
   0.000000084567920
   0.000000077763686
   0.000000071011128
   0.000000064966272
   0.000000059428522
   0.000000054061420
   0.000000049135544
   0.000000044668418
   0.000000040458597
   0.000000036568092
   0.000000033037541
   0.000000029615746
   0.000000025847945
   0.000000023264271
   0.000000020971808
   0.000000018708004
   0.000000016734811
   0.000000014974795
   0.000000013285142
   0.000000011810413
   0.000000010484663
   0.000000009249576
   0.000000008167618
   0.000000007191879
   0.000000006306325
   0.000000005526942
   0.000000004827264
   0.000000004203792
   0.000000003653863
   0.000000003152198
   0.000000002723477
   0.000000002343571
   0.000000002011572
   0.000000001728189
   0.000000001476147
   0.000000001258714
   0.000000001069105
   0.000000000905269
   0.000000000763841
   0.000000000642176
   0.000000000537996
   0.000000000448727
   0.000000000369176
   0.000000000298923
   0.000000000245598
   0.000000000199981
   0.000000000167242
   0.000000000135436
   0.000000000112065
   0.000000000090309
   0.000000000073861
   0.000000000059216
   0.000000000047855
   0.000000000038127
   0.000000000030449
   0.000000000024072
   0.000000000019000
   0.000000000014882
   0.000000000011609
   0.000000000008996
   0.000000000006933
   0.000000000005308
   0.000000000004039
   0.000000000003052
   0.000000000002290
   0.000000000001705
   0.000000000001260
   0.000000000000924
   0.000000000000671
   0.000000000000483
   0.000000000000344
   0.000000000000242
   0.000000000000169
   0.000000000000117
   0.000000000000079
   0.000000000000053
   0.000000000000034
   0.000000000000022
   0.000000000000015
   0.000000000000010
   0.000000000000012
