   0.000000002194793
   0.000000007111613
   0.000000008087862
   0.000000007581012
   0.000000005714232
   0.000000005534369
   0.000000009439736
   0.000000007832800
   0.000000009653081
   0.000000008720401
   0.000000010381770
   0.000000010774447
   0.000000012069616
   0.000000013837164
   0.000000016222352
   0.000000017370826
   0.000000014846289
   0.000000030686675
   0.000000061733556
   0.000000089014507
   0.000000124266603
   0.000000113944556
   0.000000142694892
   0.000000144344888
   0.000000838017006
   0.000001306347267
   0.000001382323458
   0.000001329364123
   0.000001392480222
   0.000001466068201
   0.000001572262291
   0.000001654666855
   0.000001680377938
   0.000001664937665
   0.000001641092249
   0.000001713471262
   0.000001803279668
   0.000001816541945
   0.000001653632836
   0.000001429737650
   0.000001288690019
   0.000001182548850
   0.000001096002625
   0.000001008918864
   0.000000979631992
   0.000001052429416
   0.000000777471489
   0.000000992880221
   0.000000888542888
   0.000000900736878
   0.000000927698353
   0.000000973874922
   0.000001023767581
   0.000001091327893
   0.000001187952557
   0.000001242695353
   0.000001304641511
   0.000001394409220
   0.000001454978033
   0.000001529759675
   0.000001627565202
   0.000001697010590
   0.000001774411237
   0.000001866321933
   0.000001947857680
   0.000002038652166
   0.000002136847072
   0.000002228403524
   0.000002328075150
   0.000002436953860
   0.000002548009264
   0.000002654605454
   0.000002771958271
   0.000002885780011
   0.000003002929370
   0.000003134630229
   0.000003254243089
   0.000003384166173
   0.000003517009447
   0.000003647170936
   0.000003774182959
   0.000003908296555
   0.000004046985513
   0.000004188025602
   0.000004332759734
   0.000004488191491
   0.000004647378057
   0.000004795078277
   0.000004956889748
   0.000005119705466
   0.000005277718282
   0.000005445170714
   0.000005614582688
   0.000005750344393
   0.000005930036543
   0.000005918115365
   0.000006065166553
   0.000006286467060
   0.000006468405516
   0.000006653414557
   0.000006855005827
   0.000007036384520
   0.000007226130605
   0.000007418733307
   0.000007602557686
   0.000007786902462
   0.000007943505447
   0.000008122258534
   0.000008285239723
   0.000008432333859
   0.000008624882423
   0.000008784256208
   0.000008933831014
   0.000009104371559
   0.000009198602404
   0.000009327405546
   0.000009497011556
   0.000009660035750
   0.000009808262948
   0.000009960616158
   0.000010086750990
   0.000010211501594
   0.000010229314677
   0.000010151705897
   0.000010172696858
   0.000010223469433
   0.000010414014162
   0.000010436593578
   0.000010525498587
   0.000010513869949
   0.000010521889413
   0.000010469696627
   0.000010410624747
   0.000010310416873
   0.000010190739859
   0.000010040323600
   0.000009866259501
   0.000009666061494
   0.000009440206038
   0.000009154038789
   0.000008832581504
   0.000008498672948
   0.000008201621921
   0.000007861064379
   0.000007536806831
   0.000007192217789
   0.000006848119517
   0.000006489491945
   0.000006129210646
   0.000005766989857
   0.000005404822735
   0.000005037330819
   0.000004554735528
   0.000004150683366
   0.000003841134818
   0.000003584839366
   0.000003312054714
   0.000003037762153
   0.000002767703577
   0.000002508776401
   0.000002263004895
   0.000002033427646
   0.000001820472352
   0.000001623711982
   0.000001440685157
   0.000001272237446
   0.000001115632375
   0.000000964689134
   0.000000830802147
   0.000000726419487
   0.000000637635641
   0.000000558444175
   0.000000487241077
   0.000000422401698
   0.000000364193496
   0.000000312343058
   0.000000266342060
   0.000000225993787
   0.000000190747506
   0.000000160187700
   0.000000133835103
   0.000000111252068
   0.000000091995908
   0.000000075731786
   0.000000059592153
   0.000000048391384
   0.000000039554945
   0.000000032880199
   0.000000026544496
   0.000000021015101
   0.000000016658981
   0.000000013144523
   0.000000010331610
   0.000000008061463
   0.000000006256594
   0.000000004816843
   0.000000003684712
   0.000000002791727
   0.000000002089383
   0.000000001519045
   0.000000001113117
   0.000000000842511
   0.000000000640493
   0.000000000481344
   0.000000000346798
   0.000000000247605
   0.000000000174958
   0.000000000122300
   0.000000000084533
   0.000000000057768
   0.000000000039057
   0.000000000026191
   0.000000000016698
   0.000000000010491
   0.000000000006510
   0.000000000003958
   0.000000000002363
   0.000000000001409
   0.000000000000840
   0.000000000000497
   0.000000000000288
   0.000000000000166
   0.000000000000095
   0.000000000000053
   0.000000000000029
   0.000000000000015
   0.000000000000007
   0.000000000000003
   0.000000000000002
   0.000000000000001
   0.000000000000000
   0.000000000000000
   0.000000000000000
   0.000000000000000
   0.000000000000000
   0.000000000000000
   0.000000000000000
   0.000000000000000
   0.000000000000000
   0.000000000000000
   0.000000000000000
   0.000000000000000
   0.000000000000000
   0.000000000000000
   0.000000000000000
   0.000000000000000
   0.000000000000000
   0.000000000000000
   0.000000000000000
   0.000000000000000
   0.000000001430603
   0.000000007885350
   0.000000008417935
   0.000000007608001
   0.000000007731294
   0.000000007032867
   0.000000010033377
   0.000000011485912
   0.000000010427497
   0.000000009004702
   0.000000013021202
   0.000000016349399
   0.000000015909315
   0.000000013007058
   0.000000018741505
   0.000000021994647
   0.000000021642495
   0.000000024746823
   0.000000035237152
   0.000000057888900
   0.000000066009226
   0.000000055214298
   0.000000088707524
   0.000000067411993
   0.000000276869767
   0.000000425828055
   0.000000443198905
   0.000000424934779
   0.000000444536786
   0.000000470050141
   0.000000513660864
   0.000000529985274
   0.000000531177263
   0.000000527029937
   0.000000521477185
   0.000000560392528
   0.000000586017460
   0.000000571774403
   0.000000527080654
   0.000000463947014
   0.000000419975359
   0.000000398739078
   0.000000396091257
   0.000000385967110
   0.000000375376307
   0.000000427358051
   0.000000347628130
   0.000000421571021
   0.000000427016220
   0.000000509588025
   0.000000630351261
   0.000001022849698
   0.000001178334882
   0.000001320676981
   0.000001682510287
   0.000001825979557
   0.000002063517858
   0.000002350163804
   0.000002463799200
   0.000002658611014
   0.000002876897157
   0.000002997811395
   0.000003163366037
   0.000003346936863
   0.000003477238722
   0.000003619682244
   0.000003780350782
   0.000003929513457
   0.000004094682780
   0.000004268620719
   0.000004433846312
   0.000004601443463
   0.000004781926313
   0.000004966780776
   0.000005159865523
   0.000005368250876
   0.000005573249722
   0.000005774843094
   0.000005996671560
   0.000006212239537
   0.000006429166208
   0.000006653868310
   0.000006877130819
   0.000007107590876
   0.000007352969363
   0.000007602714521
   0.000007860057477
   0.000008117478043
   0.000008381729400
   0.000008651220601
   0.000008925449801
   0.000009209191605
   0.000009502041055
   0.000009777017434
   0.000010083247603
   0.000010340836982
   0.000010637150516
   0.000010962188301
   0.000011294620439
   0.000011623768666
   0.000011954756153
   0.000012275347389
   0.000012603710461
   0.000012941282290
   0.000013266592045
   0.000013572483925
   0.000013706489553
   0.000014025166666
   0.000014334900662
   0.000014526575949
   0.000015052912708
   0.000015423434377
   0.000015603101768
   0.000015996407745
   0.000015889356107
   0.000015965913453
   0.000016420845455
   0.000016724227490
   0.000016985363919
   0.000017374956021
   0.000017685061669
   0.000017955305250
   0.000018198396051
   0.000018401811281
   0.000018624521776
   0.000018833131677
   0.000019036941103
   0.000019177781767
   0.000019341706807
   0.000019453048233
   0.000019545313731
   0.000019581368828
   0.000019592666784
   0.000019565985266
   0.000019499419985
   0.000019382632470
   0.000019218510106
   0.000019021098811
   0.000018768141220
   0.000018201253772
   0.000017587288247
   0.000017054977193
   0.000016886842763
   0.000016401778571
   0.000016019528282
   0.000015426499167
   0.000014908094148
   0.000014324052455
   0.000013724446588
   0.000013066927547
   0.000012412696069
   0.000011740856017
   0.000011018799425
   0.000010303706795
   0.000009614633147
   0.000008949451037
   0.000008296364340
   0.000007663669787
   0.000007036668901
   0.000006435725769
   0.000005832774061
   0.000005249259425
   0.000004769518481
   0.000004291560877
   0.000003848342964
   0.000003474131730
   0.000003068693137
   0.000002669320480
   0.000002352031930
   0.000002111328328
   0.000001888899066
   0.000001682458788
   0.000001485016887
   0.000001305139982
   0.000001141839644
   0.000000992978909
   0.000000860179252
   0.000000741465247
   0.000000636137558
   0.000000543360030
   0.000000461875317
   0.000000390808332
   0.000000329060184
   0.000000275781047
   0.000000228963423
   0.000000189523368
   0.000000156319868
   0.000000127605366
   0.000000103144346
   0.000000083257003
   0.000000067480263
   0.000000054227865
   0.000000043561019
   0.000000034652282
   0.000000027497462
   0.000000021616460
   0.000000016922975
   0.000000013130978
   0.000000010126665
   0.000000007581556
   0.000000005663869
   0.000000004334883
   0.000000003332514
   0.000000002558052
   0.000000001889767
   0.000000001384553
   0.000000001004587
   0.000000000721658
   0.000000000512942
   0.000000000360571
   0.000000000250575
   0.000000000172284
   0.000000000115851
   0.000000000076725
   0.000000000050034
   0.000000000031950
   0.000000000019661
   0.000000000012011
   0.000000000007371
   0.000000000004543
   0.000000000002756
   0.000000000001645
   0.000000000000966
   0.000000000000557
   0.000000000000315
   0.000000000000175
   0.000000000000092
   0.000000000000047
   0.000000000000024
   0.000000000000012
   0.000000000000005
   0.000000000000003
   0.000000000000001
   0.000000000000000
   0.000000000000000
   0.000000000000000
   0.000000000000000
   0.000000000000000
   0.000000000000000
   0.000000000000000
   0.000000000000000
   0.000000000000000
   0.000000000000000
   0.000000000000000
   0.000000000000000
   0.000000000000000
   0.000000000000000
   0.000000000000000
   0.000000000000000
   0.000000000000000
   0.000000000292483
   0.000000001812155
   0.000000002114164
   0.000000002287429
   0.000000002053160
   0.000000001800571
   0.000000003163104
   0.000000002930652
   0.000000003173310
   0.000000001624842
   0.000000004103175
   0.000000005150319
   0.000000003070636
   0.000000003665066
   0.000000005569528
   0.000000004039328
   0.000000006392259
   0.000000005810529
   0.000000005153939
   0.000000010867003
   0.000000008353139
   0.000000007130614
   0.000000014763944
   0.000000007743087
   0.000000011014696
   0.000000017826315
   0.000000012478987
   0.000000013467490
   0.000000018213148
   0.000000014997048
   0.000000016487270
   0.000000020668742
   0.000000017436245
   0.000000016256714
   0.000000019333138
   0.000000024051731
   0.000000020573351
   0.000000018092861
   0.000000021909795
   0.000000022957650
   0.000000020367251
   0.000000022527303
   0.000000027142285
   0.000000029054272
   0.000000023552649
   0.000000036356376
   0.000000083696138
   0.000000076300093
   0.000000083625044
   0.000000123320689
   0.000000156201887
   0.000000192081313
   0.000000215465083
   0.000000239625155
   0.000000320665174
   0.000000346500938
   0.000000650788526
   0.000000955188757
   0.000001059713120
   0.000001153610429
   0.000001229199485
   0.000001328019701
   0.000001528844506
   0.000001677333945
   0.000001725855160
   0.000001760196127
   0.000001803189285
   0.000001862944140
   0.000001977152438
   0.000002072300226
   0.000002122022311
   0.000002167319271
   0.000002217061628
   0.000002286779183
   0.000002394463194
   0.000002495806079
   0.000002563547114
   0.000002613969773
   0.000002728075298
   0.000002816005583
   0.000002926462678
   0.000003035504174
   0.000003120162090
   0.000003202808734
   0.000003321982476
   0.000003430569799
   0.000003554179239
   0.000003675996658
   0.000003785719808
   0.000003896342665
   0.000004023047098
   0.000004145524732
   0.000004274969679
   0.000004408684261
   0.000004561170763
   0.000004713582826
   0.000004856564569
   0.000005000368920
   0.000005150909172
   0.000005309607943
   0.000005472985382
   0.000005632992603
   0.000005791909409
   0.000005953763031
   0.000006116717526
   0.000006281106580
   0.000006423038203
   0.000006589306739
   0.000006755722231
   0.000006907049033
   0.000007103476535
   0.000007271449006
   0.000007420169226
   0.000007593233654
   0.000007689233193
   0.000007828409570
   0.000008010725811
   0.000007995541950
   0.000008149539767
   0.000008415602004
   0.000008744477411
   0.000008904120440
   0.000008950453684
   0.000009113070995
   0.000009344558332
   0.000009576743617
   0.000009690784192
   0.000009769243023
   0.000009918976032
   0.000010093987355
   0.000010225277374
   0.000010288759573
   0.000010358056833
   0.000010457115837
   0.000010535065238
   0.000010558302506
   0.000010552802802
   0.000010566121790
   0.000010558150486
   0.000010460111493
   0.000010309966382
   0.000010028354927
   0.000009837716413
   0.000009941573465
   0.000009770966096
   0.000009398188111
   0.000009144288073
   0.000009028345065
   0.000008766513953
   0.000008412338613
   0.000008119680834
   0.000007835928273
   0.000007466128449
   0.000007093996018
   0.000006745880101
   0.000006370516190
   0.000005974793322
   0.000005587183109
   0.000005161423548
   0.000004735221124
   0.000004231719007
   0.000003692307993
   0.000003423298408
   0.000003068846791
   0.000002788211586
   0.000002655060896
   0.000002362941272
   0.000002127186900
   0.000001967742551
   0.000001747050984
   0.000001570046842
   0.000001420455080
   0.000001256121623
   0.000001120095776
   0.000000994038939
   0.000000873989248
   0.000000769486423
   0.000000672796406
   0.000000585973546
   0.000000508483165
   0.000000438919350
   0.000000377366065
   0.000000322792094
   0.000000274891164
   0.000000232798485
   0.000000196251517
   0.000000164406744
   0.000000134599074
   0.000000109775804
   0.000000090397797
   0.000000075049663
   0.000000061212889
   0.000000050179326
   0.000000040531345
   0.000000032784164
   0.000000026204288
   0.000000020903350
   0.000000016513453
   0.000000012985474
   0.000000010102563
   0.000000007806949
   0.000000005994419
   0.000000004575597
   0.000000003471136
   0.000000002608252
   0.000000001943568
   0.000000001434517
   0.000000001048540
   0.000000000758500
   0.000000000542721
   0.000000000383852
   0.000000000268233
   0.000000000184776
   0.000000000125366
   0.000000000083701
   0.000000000054896
   0.000000000034348
   0.000000000021246
   0.000000000013202
   0.000000000008293
   0.000000000005129
   0.000000000003121
   0.000000000001867
   0.000000000001097
   0.000000000000633
   0.000000000000358
   0.000000000000196
   0.000000000000104
   0.000000000000054
   0.000000000000027
   0.000000000000013
   0.000000000000006
   0.000000000000003
   0.000000000000001
   0.000000000000001
   0.000000000000000
   0.000000000000000
   0.000000000000000
   0.000000000000000
   0.000000000000000
   0.000000000000000
   0.000000000000000
   0.000000000000000
   0.000000000000000
   0.000000000000000
   0.000000000000000
   0.000000000000000
   0.000000000000000
   0.000000000000000
   0.000000000000000
