 -48.135371663164214
 -47.005011234779104
 -45.943581804396146
 -45.064112478510175
 -44.303073155702492
 -43.625662984865869
 -43.029956764794846
 -42.462380672407775
 -41.901530570206980
 -41.368681568162806
 -40.871384425546225
 -40.384644048552516
 -39.941745383714576
 -39.515698493841754
 -39.103781385753351
 -38.704727619980424
 -38.315180654540761
 -37.934131290651671
 -37.567291955864448
 -37.206452066068771
 -36.851750059168644
 -36.513172531020565
 -36.182231029567589
 -35.856888120374435
 -35.536863825674359
 -35.221101775167043
 -34.912164382331873
 -34.608674213399119
 -34.309040318319383
 -34.014021229366051
 -33.724053963977042
 -33.438215565183185
 -33.155940422573629
 -32.877344952633770
 -32.602513155844747
 -32.328359512632133
 -32.050851808825982
 -31.775194099545747
 -31.502585564259238
 -31.232724348652738
 -30.965554317811456
 -30.701016564148539
 -30.438674862988609
 -30.177316772605899
 -29.916198946573534
 -29.657192860531197
 -29.400359713861548
 -29.145399473602616
 -28.892287533808606
 -28.640993091294380
 -28.391113763361236
 -28.142421098989303
 -27.895393152908799
 -27.650058704933567
 -27.406450500583187
 -27.164410594089880
 -26.922719970099454
 -26.680653163153959
 -26.440313538764020
 -26.202937224459941
 -25.966789151767376
 -25.730150703915982
 -25.492118075337089
 -25.253869283984915
 -25.017627657658696
 -24.783244344894090
 -24.549499898644900
 -24.315936478635169
 -24.082332797488284
 -23.848920764337024
 -23.616177724020869
 -23.384088672495441
 -23.152705957504775
 -22.921915816854291
 -22.691355975382454
 -22.461168965270797
 -22.231899352606952
 -22.003761786160311
 -21.776798290787966
 -21.550740881785433
 -21.325493777406820
 -21.101387116023925
 -20.878515832515198
 -20.656759783211431
 -20.436064731086791
 -20.216467394699070
 -19.998090405954294
 -19.781028864625956
 -19.565407744954033
 -19.351223623960045
 -19.138453682648024
 -18.927163157157704
 -18.717466833082728
 -18.509412519708640
 -18.302985924266853
 -18.098190360315890
 -17.895093751954661
 -17.693773525084339
 -17.494323641688982
 -17.296782151044983
 -17.101165127125117
 -16.907514299624179
 -16.715788801915149
 -16.525964901596954
 -16.338047918500298
 -16.152062069392514
 -15.967990943663942
 -15.785825186371707
 -15.605594751607013
 -15.427316774732036
 -15.250980377033638
 -15.076574065212371
 -14.904091319367494
 -14.733533851950568
 -14.564890622553172
 -14.398146971412613
 -14.233290378563479
 -14.070314306571682
 -13.909206055477039
 -13.749950485372036
 -13.592535552613125
 -13.436951561783312
 -13.283184551442389
 -13.131219489872446
 -12.981042726901775
 -12.832640280391509
 -12.685996762490413
 -12.541095990741637
 -12.397923100886191
 -12.256462713366723
 -12.116698263194534
 -11.978613579594713
 -11.842192155020571
 -11.707416412595652
 -11.574263481941442
 -11.442702002787543
 -11.312715609383297
 -11.184290330732516
 -11.057403029492956
 -10.932039492640374
 -10.808204453380400
 -10.685881706101728
 -10.565058780040999
 -10.445728931009748
 -10.327880094830594
 -10.211501571947593
 -10.096580089724323
  -9.983103252094173
  -9.871043610146041
  -9.760379881414197
  -9.651098510468037
  -9.543176585358614
  -9.436594485232325
  -9.331336842364859
  -9.227383137395547
  -9.124711258985222
  -9.023303389508227
  -8.923139461403027
  -8.824201508956611
  -8.726466239714188
  -8.629918599697625
  -8.534543897000539
  -8.440320233659779
  -8.347234612581282
  -8.255268001448366
  -8.164403486796523
  -8.074628649849805
  -7.985925477019250
  -7.898279239766919
  -7.811676152487932
  -7.726100367090962
  -7.641537673627118
  -7.557974279020787
  -7.475395971182998
  -7.393788846497601
  -7.313139464491521
  -7.233434220789912
  -7.154659669453086
  -7.076802707000128
  -6.999850260763990
  -6.923789545564808
  -6.848608040084380
  -6.774293393616128
  -6.700833556240076
  -6.628216796779007
  -6.556431597454011
  -6.485466538072322
  -6.415310325507651
  -6.345951782160643
  -6.277379790922757
  -6.209583346824553
  -6.142551684589410
  -6.076274272483276
  -6.010740769634311
  -5.945941044911818
  -5.881865161677309
  -5.818503374246225
  -5.755846125877822
  -5.693884029588084
  -5.632607872315458
  -5.572008621174576
  -5.512077424308477
  -5.452805556197094
  -5.394184497578577
  -5.336205978374218
  -5.278861801179514
  -5.222143836133954
  -5.166044233330399
  -5.110555297602508
  -5.055669422823825
  -5.001379250364985
  -4.947677541266267
  -4.894557221734074
  -4.842011302382849
  -4.790032872168907
  -4.738615100183692
  -4.687751196095194
  -4.637434465219102
  -4.587658330989743
  -4.538416321888471
  -4.489702077019208
  -4.441509341743641
  -4.393831966221932
  -4.346663904040738
  -4.299999210385827
  -4.253832042547324
  -4.208156670376797
  -4.162967578649710
  -4.118259300388189
  -4.074026445842430
  -4.030263684413633
  -3.986965753730072
  -3.944127364427117
  -3.901743285707127
  -3.859808387966644
  -3.818317617409998
  -3.777266000490055
  -3.736648642568614
  -3.696460724023885
  -3.656697499351180
  -3.617354294000254
  -3.578426502853957
  -3.539909588298912
  -3.501799078470861
  -3.464090565790128
  -3.426779705277260
  -3.389862213230000
  -3.353333865774609
  -3.317190497492468
  -3.281428000179441
  -3.246042321827364
  -3.211029464996912
  -3.176385508997297
  -3.142106617752813
  -3.108188990014599
  -3.074628884158623
  -3.041422588544092
  -3.008566426621246
  -2.976056718602592
  -2.943889847302815
  -2.912062215592997
  -2.880570288259544
  -2.849410560176532
  -2.818579581400932
  -2.788073938973660
  -2.757890267851649
  -2.728025238462730
  -2.698475563533212
  -2.669237987556222
  -2.640309294694585
  -2.611686300953120
  -2.583365861132517
  -2.555344862061361
  -2.527620232678071
  -2.500188949662395
  -2.473048021753184
  -2.446194492283317
  -2.419625432608902
  -2.393337944621190
  -2.367329150838712
  -2.341596190601396
  -2.316136234510165
  -2.290946479370758
  -2.266024154715318
  -2.241366518142593
  -2.216970858871612
  -2.192834494140613
  -2.168954771363338
  -2.145329065450090
  -2.121954780243470
  -2.098829811725616
  -2.075951739345689
  -2.053317968311045
  -2.030925964448622
  -2.008773114381428
  -1.986856898230278
  -1.965174771943455
  -1.943724278582428
  -1.922502970527024
  -1.901508480593660
 -37.635157300140690
 -37.387762449742603
 -37.148342351339416
 -36.912323963302541
 -36.676432664307050
 -36.440852925684794
 -36.218614186429690
 -35.997846986860971
 -35.782611180467200
 -35.573692816927540
 -35.366688774846388
 -35.163302205961514
 -34.965363614694269
 -34.768745597217809
 -34.572393004741464
 -34.376051702067507
 -34.187092711209829
 -33.998131182273070
 -33.808786242237822
 -33.619214125320518
 -33.430143719407610
 -33.245053365741704
 -33.062134557590284
 -32.879712380686371
 -32.697678974162201
 -32.516208064192035
 -32.336384752798274
 -32.158298699921993
 -31.980461556551401
 -31.802816216324075
 -31.625836906453891
 -31.449463134646784
 -31.272787572417137
 -31.095343232135662
 -30.918219230011037
 -30.742116615329572
 -30.566005046508689
 -30.389696477717983
 -30.213559050038647
 -30.037509215571745
 -29.861333171215147
 -29.684892608144292
 -29.508392062563356
 -29.331947592481939
 -29.155162717282511
 -28.978066436480407
 -28.800838267606846
 -28.623359198302307
 -28.445497607923997
 -28.267415292651830
 -28.089485947836895
 -27.911621327743667
 -27.733669569044800
 -27.555630141677312
 -27.378266432128257
 -27.201261860815762
 -27.024637665919634
 -26.848604795843777
 -26.672682842662542
 -26.496922867539279
 -26.318376785014234
 -26.133959826871024
 -25.946597578817975
 -25.757278765652636
 -25.566485297575451
 -25.374652820507393
 -25.181790108920865
 -24.986643713825252
 -24.788608174777213
 -24.588853195237341
 -24.387564861270178
 -24.184735583411594
 -23.980835546932720
 -23.775586248212171
 -23.568754175628250
 -23.361336983484403
 -23.153242228764675
 -22.944339884981581
 -22.734736028328911
 -22.524431234142320
 -22.313631672234443
 -22.102598890885016
 -21.891235636400644
 -21.679620545553274
 -21.467791969835858
 -21.255849208717397
 -21.044004253142166
 -20.832593463943809
 -20.621666176827084
 -20.411087534339345
 -20.200898126140224
 -19.991251013852811
 -19.782289013896740
 -19.574046477695401
 -19.366484896487957
 -19.159685007221384
 -18.953783115406985
 -18.748853033209709
 -18.544870097757713
 -18.341866372376980
 -18.139940807703553
 -17.939177959813865
 -17.739595935818038
 -17.541205811640754
 -17.344063132130440
 -17.148223697046909
 -16.953721981392789
 -16.760667340758452
 -16.569128737523275
 -16.379139728640361
 -16.190706218589007
 -16.003807208321163
 -15.818470390842352
 -15.634719526855367
 -15.452564802538030
 -15.272008854945307
 -15.093082377576595
 -14.915809109009547
 -14.740199303035361
 -14.566260341654656
 -14.394003338894942
 -14.223437956494015
 -14.054570575144297
 -13.887404210057436
 -13.721943575343628
 -13.558194766485771
 -13.396161443183400
 -13.235848466236076
 -13.077260034257339
 -12.920399923612013
 -12.765270516501486
 -12.611872130130115
 -12.460204513986243
 -12.310266975125005
 -12.162054295517038
 -12.015560975201444
 -11.870784254178055
 -11.727718043684856
 -11.586355324555230
 -11.446691641299610
 -11.308719274441593
 -11.172430155502823
 -11.037818560761282
 -10.904875652053930
 -10.773592111731187
 -10.643960461934309
 -10.515980696024460
 -10.389655048542462
 -10.264975690234264
 -10.141932679271463
 -10.020517415392925
  -9.900716835491487
  -9.782516260349205
  -9.665899907430395
  -9.550845143179320
  -9.437326314733928
  -9.325323093286677
  -9.214818557349046
  -9.105791497314675
  -8.998213296101525
  -8.892076119695774
  -8.787361022162017
  -8.684042739020869
  -8.582107990141333
  -8.481531487822963
  -8.382295733134088
  -8.284385642969571
  -8.187778401230389
  -8.092457277691862
  -7.998404364818887
  -7.905603070188970
  -7.814033014905320
  -7.723677827682906
  -7.634520595660485
  -7.546542183162616
  -7.459726049180720
  -7.374054728381505
  -7.289510088449775
  -7.206074940516796
  -7.123731881562154
  -7.042463695292230
  -6.962253592351520
  -6.883084887447638
  -6.804941132481304
  -6.727806205093982
  -6.651664176369116
  -6.576499280645382
  -6.502295997962308
  -6.429039026196275
  -6.356713996734928
  -6.285306465857701
  -6.214801586830397
  -6.145184798065062
  -6.076441824522608
  -6.008558619922347
  -5.941521312947646
  -5.875316256862447
  -5.809930214255935
  -5.745350179122195
  -5.681563212137070
  -5.618556512164327
  -5.556317891869361
  -5.494835398167189
  -5.434096998535148
  -5.374091541985218
  -5.314807608841512
  -5.256233679325540
  -5.198358854800241
  -5.141172911831466
  -5.084664974550458
  -5.028825019289536
  -4.973643159468935
  -4.919109794637064
  -4.865215486519037
  -4.811950843219591
  -4.759306654693156
  -4.707273748694313
  -4.655843112516710
  -4.605005955052241
  -4.554753661958517
  -4.505077803109587
  -4.455970128578513
  -4.407422560266075
  -4.359427192035051
  -4.311976282585605
  -4.265062257705304
  -4.218677714642054
  -4.172815436932726
  -4.127468341504184
  -4.082629499927070
  -4.038292108804471
  -3.994449490386891
  -3.951095089975093
  -3.908222458949027
  -3.865825270778241
  -3.823897315071726
  -3.782432464625849
  -3.741424716964779
  -3.700868185119774
  -3.660757094925953
  -3.621085785984257
  -3.581848705313070
  -3.543040407657763
  -3.504655550588824
  -3.466688893370519
  -3.429135293186210
  -3.391989703195072
  -3.355247169848301
  -3.318902830219526
  -3.282951909765364
  -3.247389721090759
  -3.212211659560563
  -3.177413243318869
  -3.142990122458547
  -3.108937971651864
  -3.075252549272002
  -3.041929656124913
  -3.008965135829863
  -2.976354820264700
  -2.944094659993957
  -2.912180644640191
  -2.880608853983128
  -2.849375422703929
  -2.818476557582319
  -2.787908532906541
  -2.757667678140022
  -2.727750368585811
  -2.698153032831175
  -2.668872131353890
  -2.639904181399103
  -2.611245743503818
  -2.582893432748298
  -2.554843908308974
  -2.527093881806440
  -2.499640114147394
  -2.472479413508771
  -2.445608632318737
  -2.419024665278407
  -2.392724447875161
  -2.366704952544739
  -2.340963185546193
  -2.315496190237142
  -2.290301044914788
  -2.265374865135574
  -2.240714801260619
  -2.216318039904146
  -2.192181801684841
  -2.168303342219540
  -2.144679950330806
  -2.121308948957312
  -2.098187841659285
  -2.075314090012751
  -2.052685147406663
  -2.030298461053677
  -2.008151476350337
  -1.986241667603494
  -1.964566525619666
  -1.943123595407712
  -1.921910478355129
  -1.900924860253711
 -33.228805707891084
 -33.108917913647872
 -32.985962739459552
 -32.865358336622045
 -32.742525101207860
 -32.624445239196056
 -32.504759401419818
 -32.386658526878087
 -32.269072363893756
 -32.149838209487285
 -32.034599396651366
 -31.917576188241547
 -31.800498648028714
 -31.683369540906178
 -31.564919594895485
 -31.446294718928232
 -31.330317107012149
 -31.213118921989441
 -31.095472271269283
 -30.978479202553324
 -30.860019576077939
 -30.740333567637506
 -30.621071408726234
 -30.503553395617583
 -30.385086720539665
 -30.265668470667404
 -30.146733982062223
 -30.028242144652957
 -29.909091152660533
 -29.789316972957732
 -29.669042738641885
 -29.549647216369710
 -29.429581836935284
 -29.308607768338327
 -29.186828712012776
 -29.064499892853291
 -28.942240167428160
 -28.819658766359211
 -28.696072774119767
 -28.571742276080393
 -28.446974726517979
 -28.321829581033196
 -28.195928622961244
 -28.069538246906372
 -27.942957943054360
 -27.815810662487269
 -27.688015690873424
 -27.559566796313252
 -27.430493438734331
 -27.301016804364654
 -27.171333909541982
 -27.041298697984207
 -26.910697378607345
 -26.779755874520255
 -26.649008986944931
 -26.517933704401070
 -26.386279688864246
 -26.253682951789362
 -26.120208636976674
 -25.985229988332243
 -25.848007488030170
 -25.707789163153667
 -25.560094145759397
 -25.406878772684021
 -25.252321176688945
 -25.096048894694594
 -24.937721053311247
 -24.777130544212120
 -24.614340005336835
 -24.449077499032274
 -24.279695378476433
 -24.108037669233635
 -23.934717532379437
 -23.759584404728926
 -23.583111501289483
 -23.405167173572178
 -23.225451373293357
 -23.043872572978927
 -22.860904935023687
 -22.676699587962371
 -22.491391958901556
 -22.304794635653334
 -22.117133087724046
 -21.928609055895706
 -21.739207205148279
 -21.549022518452013
 -21.358259792567015
 -21.167057378548897
 -20.975411796186325
 -20.783333584924399
 -20.590888729991882
 -20.398186765024892
 -20.205323716094089
 -20.012346979078291
 -19.819304842848307
 -19.626311072285237
 -19.433445722138647
 -19.240692337315213
 -19.048057081121733
 -18.855624740187455
 -18.663536525768798
 -18.471899905199500
 -18.280735396033219
 -18.090051496509599
 -17.899902088706842
 -17.710359344973323
 -17.521482149142315
 -17.333313574743428
 -17.145895180441901
 -16.959275417195187
 -16.773496344598009
 -16.588593790972585
 -16.404608095152689
 -16.221579126219194
 -16.039542969658466
 -15.858555941247918
 -15.678719385704474
 -15.500094202995330
 -15.322704322311536
 -15.146553265360868
 -14.971632654589206
 -14.797956793860763
 -14.625544014067119
 -14.454399315300433
 -14.284537437240644
 -14.115985417595383
 -13.948771733238550
 -13.782931908843546
 -13.618489567055404
 -13.455474332490819
 -13.293905608282161
 -13.133801298941066
 -12.975179220715480
 -12.818057117209074
 -12.662447252268077
 -12.508369121224518
 -12.355839170066886
 -12.204866046987004
 -12.055458642649707
 -11.907626468170227
 -11.761375301931956
 -11.616708398341983
 -11.473627473851389
 -11.332129758886076
 -11.192218774848314
 -11.053900416083856
 -10.917180940312155
 -10.782062244204498
 -10.648547085190303
 -10.516633889641636
 -10.386323131708313
 -10.257614981746176
 -10.130503518216006
 -10.004985841960901
  -9.881070832312647
  -9.758756279980936
  -9.638038325913808
  -9.518918602828684
  -9.401378903275996
  -9.285414283926150
  -9.171019902786183
  -9.058175644603313
  -8.946857894288502
  -8.837045955657850
  -8.728725165416961
  -8.621877741854171
  -8.516484426646880
  -8.412529444265363
  -8.309989845766662
  -8.208860465017105
  -8.109125630454214
  -8.010761600565026
  -7.913757149579631
  -7.818094512810736
  -7.723754450192833
  -7.630722268909058
  -7.538980614022683
  -7.448510808888658
  -7.359295623351707
  -7.271317554725927
  -7.184558595090331
  -7.099001302288290
  -7.014628191849461
  -6.931421701212106
  -6.849364616410025
  -6.768439681329705
  -6.688629597892668
  -6.609917276157407
  -6.532285808770265
  -6.455718445418007
  -6.380198457138832
  -6.305709066370834
  -6.232233771305622
  -6.159756518672555
  -6.088261356717084
  -6.017732036880465
  -5.948152325804429
  -5.879506949176411
  -5.811781083343913
  -5.744959210375811
  -5.679025032495318
  -5.613964201200951
  -5.549763542767063
  -5.486407930667150
  -5.423884430002253
  -5.362179104499629
  -5.301277186773948
  -5.241164741755515
  -5.181830273416891
  -5.123259693462028
  -5.065440992712021
  -5.008361716137419
  -4.952009592383964
  -4.896372806764463
  -4.841439726756523
  -4.787199363389703
  -4.733640185587263
  -4.680750834435133
  -4.628520207292509
  -4.576937394811836
  -4.525991730044304
  -4.475672752014640
  -4.425970237825846
  -4.376874168686554
  -4.328374748296487
  -4.280462399355885
  -4.233127765654870
  -4.186361699689924
  -4.140155240582549
  -4.094499681470253
  -4.049386482230162
  -4.004807269214868
  -3.960753939331489
  -3.917218557646751
  -3.874193271536927
  -3.831670427151087
  -3.789642396652391
  -3.748101721666834
  -3.707041143839260
  -3.666453501658872
  -3.626331869491179
  -3.586669493499291
  -3.547459778698858
  -3.508696276808747
  -3.470372686425829
  -3.432482846001777
  -3.395020731239879
  -3.357980451487094
  -3.321356245164317
  -3.285142476592296
  -3.249333636291359
  -3.213924330707262
  -3.178909298358833
  -3.144283416086576
  -3.110041637134392
  -3.076179025750622
  -3.042690725593451
  -3.009571970127991
  -2.976818043006168
  -2.944424350368408
  -2.912386373360924
  -2.880699694048204
  -2.849359988821221
  -2.818363014476689
  -2.787704648637603
  -2.757380817336081
  -2.727387486758371
  -2.697720691381000
  -2.668376475069339
  -2.639350972321162
  -2.610640382965690
  -2.582240985132564
  -2.554149120704519
  -2.526361201421407
  -2.498873700961830
  -2.471683156435096
  -2.444786162975341
  -2.418179373252342
  -2.391859493967008
  -2.365823284231277
  -2.340067552636096
  -2.314589156475604
  -2.289384999862798
  -2.264452033390974
  -2.239787252315286
  -2.215387696375070
  -2.191250448192776
  -2.167372633400303
  -2.143751419633223
  -2.120384017482339
  -2.097267705085818
  -2.074399799642360
  -2.051777658540800
  -2.029398651578481
  -2.007260187499844
  -1.985359705343064
  -1.963694700048814
  -1.942262742773760
  -1.921061542172582
  -1.900088972717150
