-1000.000000000000000
-1000.000000000000000
 -31.252411570636358
 -29.984022736164988
 -29.110164631140453
 -28.199202669432196
 -28.079882802213891
 -27.332285267059106
 -27.431651202329004
 -26.783520317442164
 -26.970466736023116
 -26.237962152946796
 -26.618061455006835
 -25.888328069933216
 -26.200277292089844
 -25.593796624384861
 -25.929226647153371
 -25.337563863976268
 -25.690845245057488
 -25.104197635985116
 -25.472743694359547
 -24.888824458530440
 -25.270937685209073
 -24.683647457203307
 -25.087717204923567
 -24.490704690317248
 -24.911999666540144
 -24.307117732223151
 -24.743688708005358
 -24.130312465148169
 -24.581477999205589
 -23.959074946739708
 -24.421750648726082
 -23.794290666671341
 -24.268976667556636
 -23.634413259852835
 -24.120603792311087
 -23.477613632467875
 -23.975340855265859
 -23.323694661971466
 -23.834207972151415
 -23.173114565844536
 -23.696272068133155
 -23.025792966327852
 -23.559991867335764
 -22.880912316444153
 -23.425649741945744
 -22.737927889659272
 -23.293123068530569
 -22.582113802186822
 -23.162643913912810
 -22.425001576135081
 -23.033997525042469
 -22.261553945968895
 -22.906495125287229
 -22.095779962168965
 -22.780161794943901
 -21.928983051851194
 -22.655037392223928
 -21.762837731345144
 -22.531102642505754
 -21.598441689893573
 -22.408160038550616
 -21.436377822245447
 -22.286024279286025
 -21.276921538402917
 -22.164652321004255
 -21.120169283952521
 -22.044010260476227
 -20.966018034245412
 -21.924090769974313
 -20.814292197812986
 -21.805002462454215
 -20.664930190542769
 -21.686589262231863
 -20.517799644622521
 -21.568634125617596
 -20.372796876662903
 -21.450886563731686
 -20.229696249092914
 -21.333456978757720
 -20.088182760294437
 -21.216386214386265
 -19.948026757055860
 -21.099600535282711
 -19.808803944369757
 -20.983003709917948
 -19.669751880831349
 -20.866464372183110
 -19.529652713348725
 -20.749978573092001
 -19.386867778744147
 -20.633675715790389
 -19.239754509892879
 -20.517662876843808
 -19.085611535194339
 -20.401868150259276
 -18.931184179154616
 -20.286140723982189
 -18.778432601120080
 -20.170427680632336
 -18.627279525380256
 -20.054754443075080
 -18.477646695849479
 -19.939150172255122
 -18.329464110318032
 -19.823622552029477
 -18.182635830677512
 -19.708137542756972
 -18.037059708341260
 -19.592621199242483
 -17.892638829362980
 -19.477027792871802
 -17.749365320272670
 -19.361315643295157
 -17.607211898126476
 -19.245482483801652
 -17.466136564724266
 -19.129410992009046
 -17.326069437147645
 -19.013140613507375
 -17.186980288640683
 -18.896542965300991
 -17.048868985638030
 -18.779297106099861
 -16.911734871276234
 -18.661468468940043
 -16.775562922306115
 -18.543291475218794
 -16.640314776660109
 -18.424848053337502
 -16.505979324802755
 -18.305980028447998
 -16.372560723954276
 -18.186504175109743
 -16.240049889798144
 -18.066611455181402
 -16.108441582285746
 -17.946542563197347
 -15.977716503722885
 -17.826578052916933
 -15.847859102580088
 -17.706876615802081
 -15.718866745648624
 -17.586741016038427
 -15.590730715737916
 -17.466313800393745
 -15.463443306098423
 -17.345665986259373
 -15.337002407797598
 -17.224828249743947
 -15.211405509559478
 -17.103802277442345
 -15.086645752215549
 -16.982598965889586
 -14.962715926927846
 -16.861272423666371
 -14.839613421643339
 -16.739840862490048
 -14.717336710284924
 -16.618331369916721
 -14.595880162306937
 -16.496792423164507
 -14.475237897622806
 -16.375261184181195
 -14.355408009082915
 -16.253754772256070
 -14.236385519384259
 -16.132302231752366
 -14.118165013381569
 -16.010953770277592
 -14.000746631830964
 -15.889743170651746
 -13.884124747210514
 -15.768693251084491
 -13.768291219008477
 -15.647852766758531
 -13.653247695381532
 -15.527259929639273
 -13.538985774720079
 -15.406932250209094
 -13.425497900589933
 -15.286886094519353
 -13.312778863054847
 -15.167126324940375
 -13.200826034179263
 -15.047673172331452
 -13.089634265768662
 -14.928545397703259
 -12.979198810200982
 -14.809786924269243
 -12.869516020511785
 -14.691383570510787
 -12.760582481816003
 -14.573351613316277
 -12.652393897110731
 -14.455707309097308
 -12.544946327224606
 -14.338470275553862
 -12.438236009861644
 -14.221646835507885
 -12.332259048439015
 -14.105250962831427
 -12.227011549922855
 -13.989296374819119
 -12.122490034455559
 -13.873795556963442
 -12.018691089444346
 -13.758758699146995
 -11.915611148330409
 -13.644197280342695
 -11.813246887996348
 -13.530121830613847
 -11.711595125740146
 -13.416541978133882
 -11.610652543505624
 -13.303467118744093
 -11.510415752714474
 -13.190906500395965
 -11.410881382905801
 -13.078868604075460
 -11.312046191298913
 -12.967361611102758
 -11.213907038649586
 -12.856393568811246
 -11.116460746377449
 -12.745971996912386
 -11.019704116076305
 -12.636103884528138
 -10.923634072101395
 -12.526795972978551
 -10.828247582609780
 -12.418054826987861
 -10.733541484018856
 -12.309886612114667
 -10.639512672345042
 -12.202297107174136
 -10.546158056789858
 -12.095291841374749
 -10.453474284570715
 -11.988876135544096
 -10.361458001249112
 -11.883054986115908
 -10.270105699423700
 -11.777833081422985
 -10.179413267805078
 -11.673214890004257
 -10.089376232440264
 -11.569204665346708
  -9.999989256639624
 -11.465806425759911
  -9.911247190295224
 -11.363023992281391
  -9.823140716959077
 -11.260860930671484
  -9.735668883370160
 -11.159320660148188
  -9.648806448975197
 -11.058406387727411
  -9.562570210352872
 -10.958120979056785
  -9.476897506096435
 -10.858470328209970
  -9.391821051063328
 -10.759460034206413
  -9.307389177418214
 -10.661091990076965
  -9.223600336040706
 -10.563367987770736
  -9.140453754276130
 -10.466080383193853
  -9.057949195545579
 -10.369233747228217
  -8.976088456301673
 -10.273042805880181
  -8.894872631496956
 -10.177508149644803
  -8.814298609376566
 -10.082626839864057
  -8.734361556060966
  -9.988402259501292
  -8.655056673514746
  -9.894835685299459
  -8.576377158258223
  -9.801927867814880
  -8.498316809402837
  -9.709682492052192
  -8.420864790712592
  -9.618099911984809
  -8.344016795154323
  -9.527179422622213
  -8.267769289307315
  -9.436922072227546
  -8.192118238658917
  -9.347327336108028
  -8.117059347168315
  -9.258394116233866
  -8.042588706028093
  -9.170121502780056
  -7.968702204718635
  -9.082508499788366
  -7.895393423583450
  -8.995554064394566
  -7.822661143670908
  -8.909257159074194
  -7.750496392391758
  -8.823616611770344
  -7.678894985103787
  -8.738631192450249
  -7.607862354821765
  -8.654299573441401
  -7.537375193057050
  -8.570620258282794
  -7.467461831621893
  -8.487591598247336
  -7.398119268641507
  -8.405211785601070
  -7.329344351702236
  -8.323385274406601
  -7.261134195224793
  -8.242173409091892
  -7.193485774234419
  -8.161607721724829
  -7.126396288900370
  -8.081686735158707
  -7.059862888303387
  -8.002408247588468
  -6.993882447478235
  -7.923770240528144
  -6.928452218537210
  -7.845770371331090
  -6.863569572309126
  -7.768407405730677
  -6.799231861168183
  -7.691679467433134
  -6.735436292704393
  -7.615584408772087
  -6.672179423763318
  -7.540120543954013
  -6.609457189125214
  -7.465285742739793
  -6.547265357225998
  -7.391077834952095
  -6.485599746277161
  -7.317494771008451
  -6.424456111467111
  -7.244534303325088
  -6.363830630856543
  -7.172194069356033
  -6.303720216678323
  -7.100471620397220
  -6.244121902441676
  -7.029364347529561
  -6.185032946288775
  -6.958869512243980
  -6.126451051977380
  -6.888984270374150
  -6.068374774925407
  -6.819705687641680
  -6.010804521542357
  -6.751030787579577
  -5.953744480525833
  -6.682956550574795
  -5.897194303538321
  -6.615479919417358
  -5.841149265789503
  -6.548597833043916
  -5.785603713254825
  -6.482307260165853
  -5.730550421507399
  -6.416605183004790
  -5.675979063219224
  -6.351488499428451
  -5.621880241401498
  -6.286953997911241
  -5.568250439276569
  -6.222998375687776
  -5.515086229504974
  -6.159618202967239
  -5.462384271296368
  -6.096809933055183
  -5.410141282758063
  -6.034569994366525
  -5.358353904657800
  -5.972894829226298
  -5.307018663158264
  -5.911780867385692
  -5.256132180428173
  -5.851224531467481
  -5.205691340475638
  -5.791222240197335
  -5.155692986874065
  -5.731770404737855
  -5.106133681407986
  -5.672865429295662
  -5.057009844172290
  -5.614503705527028
  -5.008318900400591
  -5.556681615262393
  -4.960058546517992
  -5.499395540510198
  -4.912225846006246
  -5.442641863811321
  -4.864817629467812
  -5.386416935610907
  -4.817830871716919
  -5.330717146504892
  -4.771262699488921
  -5.275538934611363
  -4.725110458135767
  -5.220878706962428
  -4.679371811695449
  -5.166732791043217
  -4.634044804844769
  -5.113097602860420
  -4.589127465372071
  -5.059969565443373
  -4.544617014603720
  -5.007345096390194
  -4.500509851446365
  -4.955220663303030
  -4.456802061549575
  -4.903592756038971
  -4.413489300572503
  -4.852457888243409
  -4.370567105392220
  -4.801812545565693
  -4.328031780703113
  -4.751653182169861
  -4.285880317374218
  -4.701976212429578
  -4.244109719732709
  -4.652777990922572
  -4.202717010357169
  -4.604054848692056
  -4.161699232606835
  -4.555803121092235
  -4.121053453140754
  -4.508019144395899
  -4.080776767015022
  -4.460699261054371
  -4.040866321994032
  -4.413839820342822
  -4.001319358766156
  -4.367437179625992
  -3.962134018512064
  -4.321487705804178
  -3.923317143362848
  -4.275987776690826
  -3.884868357835473
  -4.230933783881966
  -3.846784620258628
  -4.186322143889556
  -3.809062825245482
  -4.142149384049215
  -3.771699808503929
  -4.098412025647272
  -3.734684961186239
  -4.055106586553537
  -3.698009782823324
  -4.012229576176338
  -3.661671421096883
  -3.969777500421743
  -3.625666975778990
  -3.927746786884873
  -3.589993556293095
  -3.886133846112085
  -3.554648385171955
  -3.844935119990428
  -3.519628758260030
  -3.804147064029600
  -3.484932000498948
  -3.763766152665342
  -3.450555456206531
  -3.723788880347123
  -3.416496488921532
  -3.684211759863099
  -3.382752480786003
  -3.645031323967850
  -3.349320832771389
  -3.606244123796271
  -3.316198964831717
  -3.567846729925272
  -3.283384315712050
  -3.529835731727835
  -3.250874343122116
  -3.492207737976829
  -3.218666524666092
  -3.454959376707146
  -3.186758357185566
  -3.418087295563075
  -3.155147357080646
  -3.381588161871206
  -3.123831063870832
  -3.345458662948620
  -3.092807038128893
  -3.309695506145881
  -3.062073191403192
  -3.274295419167299
  -3.031628190787683
  -3.239255150396753
  -3.001470712428413
  -3.204571468751511
  -2.971598754582716
  -3.170241184942105
  -2.942010054809712
  -3.136261160805172
  -2.912702087789621
  -3.102628266116377
  -2.883671672046707
  -3.069339400713887
  -2.854915248269656
  -3.036391468381538
  -2.826429943700203
  -3.003781382018209
  -2.798213230628072
  -2.971506029017725
  -2.770262744028817
  -2.939562331573936
  -2.742576209518160
  -2.907947209540732
  -2.715151404339493
  -2.876657620237562
  -2.687986165792765
  -2.845690530189914
  -2.661078334251570
  -2.815042939294811
  -2.634425704078940
  -2.784711864769780
  -2.608026049980199
  -2.754694352211826
  -2.581877111170666
  -2.724987464738521
  -2.555976630624836
  -2.695588289965298
  -2.530322394590425
  -2.666493930816356
  -2.504912236182081
  -2.637701513521113
  -2.479744642718804
  -2.609208180842385
  -2.454820170549899
  -2.581011099364665
  -2.430138343034812
  -2.553107453641796
  -2.405697919208298
  -2.525494456392313
  -2.381497244970895
  -2.498169354291377
  -2.357534448831258
  -2.471129414298720
  -2.333806562949884
  -2.444371926125313
  -2.310308815998970
  -2.417894196635240
  -2.287037727318966
  -2.391693552325557
  -2.263990536910150
  -2.365767330612399
  -2.241164853262198
  -2.340112876296356
  -2.218558488972282
  -2.314727555593790
  -2.196169375717613
  -2.289608751747764
  -2.173995520118070
  -2.264753871849845
  -2.152034978710274
  -2.240160342763642
  -2.130285844674705
  -2.215825614950987
  -2.108746240092578
  -2.191747159347683
  -2.087498255705921
  -2.167922469787373
  -2.066559301397927
  -2.144349060723215
  -2.045854891250428
  -2.121024468923503
  -2.025363578980626
  -2.097946695260093
  -2.005066180605201
  -2.075113439589878
  -1.984952488822665
  -2.052522234724316
  -1.965015243264446
  -2.030170660946896
  -1.945249837499212
  -2.008056214576586
  -1.925653089013588
  -1.986176477076515
  -1.906223017173915
  -1.964529001508998
  -1.886958526460075
  -1.943111421358712
  -1.867859172303845
  -1.921921375388681
  -1.848925097798432
  -1.900956577110530
  -1.830157206652723
-1000.000000000000000
-1000.000000000000000
 -27.889749684940327
 -26.558732383285868
 -25.777234240388651
 -24.819050375418449
 -24.760410500840155
 -23.972977391311574
 -24.120323405606094
 -23.436987217835380
 -23.664766392761017
 -23.053748749994419
 -23.316560684412941
 -22.640783701115502
 -23.037644778229797
 -22.374415413861460
 -22.719832360194591
 -22.157041673037636
 -22.497543787391251
 -21.974119546725554
 -22.308104352843714
 -21.803276301024521
 -22.143689648203708
 -21.655595683363206
 -21.996393486769964
 -21.518098987511223
 -21.855481255310469
 -21.393908321660142
 -21.729652785641882
 -21.276150700951874
 -21.612404971818123
 -21.162289315304356
 -21.501528707152886
 -21.054192332390052
 -21.397864212120400
 -20.950920242516009
 -21.299044585139928
 -20.850896268764238
 -21.203306226702139
 -20.753474425567948
 -21.111325953001369
 -20.658625623188328
 -21.021863239960453
 -20.565714101456098
 -20.931912738976127
 -20.474414098935689
 -20.845174304315389
 -20.384038792038279
 -20.760567555431003
 -20.294476283545148
 -20.677615976408234
 -20.206102138505493
 -20.595772801572828
 -20.118224343142572
 -20.514454425996227
 -20.030647621915502
 -20.434150654695635
 -19.940716092525616
 -20.354269471428211
 -19.850861191347519
 -20.274817578244193
 -19.760000892949098
 -20.195755190431900
 -19.668624654372994
 -20.116808240781701
 -19.577127468215309
 -20.038119650923818
 -19.485214814354048
 -19.959592174573626
 -19.393168106546817
 -19.880921366089101
 -19.301410383662883
 -19.802158079148509
 -19.209835258496060
 -19.723301941769510
 -19.118375053500284
 -19.644531823762325
 -19.026917337104663
 -19.565633954728423
 -18.935709565726572
 -19.486449072314258
 -18.844507520608541
 -19.406885338578896
 -18.753175249615023
 -19.327009235068381
 -18.661675773123513
 -19.246987133931384
 -18.570095265061383
 -19.166729989027147
 -18.478491973070145
 -19.086045387457769
 -18.386463483248722
 -19.004892921998675
 -18.293694894301211
 -18.923419778492342
 -18.195467883351661
 -18.841566053959127
 -18.054979994416822
 -18.759232473515056
 -17.915853956688903
 -18.676434159442245
 -17.777985053165192
 -18.593194241630588
 -17.641255251243738
 -18.509613190650438
 -17.505610149999189
 -18.425653968056601
 -17.370997009759304
 -18.341157332434207
 -17.237382505460342
 -18.256113256593675
 -17.104729997533369
 -18.170495021298276
 -16.973018573703900
 -18.084280312687934
 -16.842219204148670
 -17.997578796866247
 -16.712294596349505
 -17.910210679141098
 -16.583247086731149
 -17.821850381093100
 -16.455043594354144
 -17.732180630987429
 -16.327661426119022
 -17.641201286795820
 -16.201134777696193
 -17.549102010994176
 -16.075434654878507
 -17.455749736894141
 -15.950538947237300
 -17.361250345333286
 -15.826447205087449
 -17.265691126851184
 -15.703130524838604
 -17.169114804037708
 -15.580567444879680
 -17.071658098664546
 -15.458756721853941
 -16.973428185915765
 -15.337686807568931
 -16.874382775260749
 -15.217353694377236
 -16.774591150481378
 -15.097757883999391
 -16.674093316145928
 -14.978889688608387
 -16.572955108748396
 -14.860743529579556
 -16.471250967566494
 -14.743321410877774
 -16.369032250941398
 -14.626616342109532
 -16.266350869955495
 -14.510620476425494
 -16.163332565558452
 -14.395331204515479
 -16.059981042038178
 -14.280747938237198
 -15.956272090119963
 -14.166865703405632
 -15.852239246016403
 -14.053680699825264
 -15.747923443146146
 -13.941191025373408
 -15.643367324200483
 -13.829391336777643
 -15.538594315805145
 -13.718276188225600
 -15.433632458609837
 -13.607847991155305
 -15.328528499939116
 -13.498103455033567
 -15.223319218510436
 -13.389031327704618
 -15.118033143483625
 -13.280637981532351
 -15.012695782738843
 -13.172928499888922
 -14.907335498871607
 -13.065879882216171
 -14.801970105238029
 -12.959487372175742
 -14.697382245817138
 -12.853749143302563
 -14.592820382585813
 -12.748663568455800
 -14.488256310480217
 -12.644225267477010
 -14.383711642835218
 -12.540431236429944
 -14.279302582045297
 -12.437278846250875
 -14.174951332056338
 -12.334765246062471
 -14.070660455391641
 -12.232887283976611
 -13.966443068071760
 -12.131642689378895
 -13.862333099120004
 -12.031029310385904
 -13.758337756602435
 -11.931044762671275
 -13.654473158848436
 -11.831686817082298
 -13.550755250367773
 -11.732953661612013
 -13.447200817176507
 -11.634843462302968
 -13.343823551676836
 -11.537354486116195
 -13.240638533684017
 -11.440485231687060
 -13.137660399689159
 -11.344234033131301
 -13.034903270115464
 -11.248599220197580
 -12.932380948189325
 -11.153578981307755
 -12.830107293277878
 -11.059171467189261
 -12.728095764550680
 -10.965375206603573
 -12.626359590248180
 -10.872188731005929
 -12.524911816770908
 -10.779610384299223
 -12.423765071788781
 -10.687638728744966
 -12.322931596100558
 -10.596272629138918
 -12.222423208921182
 -10.505510516562973
 -12.122251440875758
 -10.415351117081077
 -12.022427499990972
 -10.325793629043536
 -11.922962156699009
 -10.236836307989847
 -11.823865805362463
 -10.148478115122018
 -11.725148594386891
 -10.060719237517205
 -11.626820373544749
  -9.973557665961705
 -11.528890676089363
  -9.886992687101882
 -11.431369139617152
  -9.801026638523798
 -11.334264905937845
  -9.715657379317014
 -11.237587022756156
  -9.630884690899945
 -11.141344125354131
  -9.546706290002838
 -11.045544492055768
  -9.463115024477421
 -10.950196030472462
  -9.380114224053626
 -10.855306044568945
  -9.297697648306482
 -10.760881600181728
  -9.215861433359196
 -10.666929309372634
  -9.134607587275477
 -10.573455407504108
  -9.053933170757462
 -10.480465882688033
  -8.973836338022219
 -10.387966496769941
  -8.894316817719636
 -10.295938794617646
  -8.815373229148976
 -10.204392152974776
  -8.737003122509083
 -10.113358024830637
  -8.659204571838869
 -10.022836437453932
  -8.581975454006885
  -9.932832197610141
  -8.505312807475224
  -9.843354993874087
  -8.429213316937497
  -9.754407712999308
  -8.353674590442736
  -9.665994234029194
  -8.278693579725273
  -9.578118505647799
  -8.204267637918086
  -9.490780541092649
  -8.130395210327450
  -9.403983619393603
  -8.057073097159421
  -9.317731258979377
  -7.984297217374160
  -9.232025543314146
  -7.912066303082413
  -9.146869074118381
  -7.840374614229125
  -9.062264432674052
  -7.769215298543217
  -8.978213674276374
  -7.698592197175628
  -8.894718834742605
  -7.628489020301021
  -8.811781842628486
  -7.558897802490244
  -8.729404304019617
  -7.489842754189292
  -8.647587684268366
  -7.421232195847389
  -8.566333329033208
  -7.353145200341307
  -8.485642185737971
  -7.285596769383311
  -8.405515066525657
  -7.218585507743090
  -8.325952792839848
  -7.152109672433401
  -8.246691039839410
  -7.086166328557725
  -8.167884741032394
  -7.020753064843651
  -8.089650485540924
  -6.955868812091771
  -8.011989609967163
  -6.891510989854827
  -7.934902807182740
  -6.827681462789250
  -7.858390358710593
  -6.764374416909417
  -7.782451940802820
  -6.701588327994490
  -7.707088542799769
  -6.639321807159239
  -7.632306943407094
  -6.577574389813637
  -7.558113960430314
  -6.516348819623194
  -7.484499204705444
  -6.455645053887768
  -7.411461234079442
  -6.395458191268551
  -7.338996803809703
  -6.335781340694244
  -7.267105027644472
  -6.276608550852395
  -7.195784599400344
  -6.217931284363656
  -7.125034523188726
  -6.159741069395697
  -7.054853545753435
  -6.102035220248413
  -6.985240406630679
  -6.044811192779819
  -6.916193591190023
  -5.988066427392209
  -6.847711451058461
  -5.931798402226081
  -6.779792192279665
  -5.876004214316359
  -6.712433977655996
  -5.820680628619245
  -6.645634909504743
  -5.765824360816282
  -6.579393033680827
  -5.711432088860582
  -6.513706349528597
  -5.657500318036286
  -6.448572820073423
  -5.604025465497595
  -6.383990360626006
  -5.551004294603549
  -6.319956815868670
  -5.498433947031490
  -6.256469958419182
  -5.446311625505628
  -6.193527494085316
  -5.394634184661475
  -6.131127048655772
  -5.343398129958199
  -6.069266167473344
  -5.292600363765144
  -6.007942340228704
  -5.242238459152992
  -5.947153021515827
  -5.192309657843619
  -5.886895623750195
  -5.142809944262003
  -5.827167500771782
  -5.093735319763652
  -5.767965952619555
  -5.045084035714220
  -5.709288253681008
  -4.996854349961576
  -5.651131671522512
  -4.949042528234992
  -5.593493428630500
  -4.901640693989577
  -5.536370658135567
  -4.854650864606695
  -5.479760470249928
  -4.808074865086854
  -5.423660032834463
  -4.761909214110771
  -5.368014147195758
  -4.716150866803143
  -5.312873819374357
  -4.670797363384295
  -5.258236575258278
  -4.625846651588502
  -5.204099489794109
  -4.581297364617282
  -5.150459334156364
  -4.537149511141052
  -5.097313151218095
  -4.493406048909423
  -5.044658049368560
  -4.450068339307027
  -4.992491028841333
  -4.407132136949921
  -4.940809161287682
  -4.364592294862526
  -4.889609526829436
  -4.322442087828700
  -4.838889215386512
  -4.280671921682106
  -4.788645252297326
  -4.239274908574057
  -4.738874581842590
  -4.198248221100560
  -4.689574073376587
  -4.157589047065584
  -4.640740486087049
  -4.117294598575489
  -4.592370525431643
  -4.077362128069465
  -4.544460901578496
  -4.037788920793615
  -4.497008321793619
  -3.998572309309345
  -4.450009491809155
  -3.959709764269483
  -4.403461116272750
  -3.921199005215621
  -4.357359898841599
  -3.883038088056445
  -4.311702543254968
  -3.845224740290959
  -4.266485753419693
  -3.807756465511169
  -4.221706238155650
  -3.770630559071445
  -4.177360718670030
  -3.733844169444663
  -4.133445943576601
  -3.697394351204019
  -4.089958658088541
  -3.661277956626788
  -4.046895615861159
  -3.625491905040526
  -4.004253560364343
  -3.590033262358369
  -3.962029229948025
  -3.554898837983812
  -3.920219356569221
  -3.520085424762575
  -3.878820652683366
  -3.485590255196144
  -3.837829832223804
  -3.451410749075901
  -3.797243603138638
  -3.417544344115340
  -3.757058649404705
  -3.383988494627160
  -3.717271664071798
  -3.350740673985269
  -3.677879345791389
  -3.317798373706778
  -3.638878404803298
  -3.285159104948394
  -3.600265562078484
  -3.252820400074742
  -3.562037551228212
  -3.220779810803716
  -3.524191118666713
  -3.189034911059079
  -3.486723024506363
  -3.157583302713608
  -3.449630042989034
  -3.126422605912905
  -3.412908962969892
  -3.095550469332504
  -3.376556588319603
  -3.064964595198013
  -3.340569738643214
  -3.034662691012102
  -3.304945249268519
  -3.004645928772002
  -3.269679971978766
  -2.974919043744945
  -3.234770776233330
  -2.945479789264199
  -3.200214547831418
  -2.916325650663198
  -3.166008226049472
  -2.887454041099251
  -3.132148816406564
  -2.858859839896408
  -3.098633300419197
  -2.830533022461422
  -3.065458684020065
  -2.802470805044525
  -3.032621963702751
  -2.774670981620473
  -3.000120129123161
  -2.747131389711120
  -2.967950113956277
  -2.719850045934769
  -2.936108912974279
  -2.692824910552105
  -2.904593516112318
  -2.666054252339662
  -2.873400957010852
  -2.639536157782988
  -2.842528281614675
  -2.613268299803424
  -2.811972567128932
  -2.587248332983374
  -2.781730917801655
  -2.561473662136005
  -2.751800456736120
  -2.535941778992369
  -2.722178317630315
  -2.510650441777873
  -2.692861652859879
  -2.485597550262634
  -2.663847614956719
  -2.460781052597434
  -2.635133380749346
  -2.436198962302540
  -2.606716139955619
  -2.411849465273376
  -2.578593107763727
  -2.387730830018235
  -2.550761515669011
  -2.363841275849064
  -2.523218621088694
  -2.340178962134095
  -2.495961704839917
  -2.316742008442433
  -2.468988071197957
  -2.293528472799398
  -2.442295045368511
  -2.270536277501869
  -2.415879973116406
  -2.247763260931731
  -2.389740219709350
  -2.225207329064361
  -2.363873167637188
  -2.202866470625311
  -2.338276214059262
  -2.180738740531674
  -2.312946774850170
  -2.158822243293490
  -2.287882283134728
  -2.137115122432488
  -2.263080192473962
  -2.115615555027834
  -2.238537975139891
  -2.094321751290632
  -2.214253124334569
  -2.073231958557474
  -2.190223152620240
  -2.052345588742704
  -2.166445593599686
  -2.031667105945815
  -2.142918000746534
  -2.011198286385481
  -2.119637948929206
  -1.990934093426477
  -2.096603172959333
  -1.970869833780924
  -2.073811361268038
  -1.951001210546968
  -2.051260187289242
  -1.931324828564901
  -2.028947307768557
  -1.911838219384813
  -2.006870367381591
  -1.892541649962075
  -1.985027029263620
  -1.873436552967730
  -1.963414963658880
  -1.854525401111501
  -1.942031884990501
  -1.835812910489583
  -1.920875554489374
  -1.817308523216752
  -1.899943808168770
  -1.799030767868620
-1000.000000000000000
-1000.000000000000000
 -25.597871206762882
 -24.057053657060891
 -23.597436150051863
 -22.479379140671206
 -22.631574040250864
 -21.708418592460820
 -22.022413646333199
 -21.218583264073033
 -21.588269210948351
 -20.867600423916620
 -21.256068952055454
 -20.469360353699972
 -20.989733692940881
 -20.229457216249287
 -20.769033352121500
 -20.032831028831961
 -20.478947015628069
 -19.867175745745911
 -20.299411372657836
 -19.718200867538158
 -20.143322682932034
 -19.585166152284245
 -20.005658587933404
 -19.467973650866867
 -19.882806461014443
 -19.358709129154978
 -19.764597513648283
 -19.259586607889840
 -19.657045634749643
 -19.166722499271341
 -19.559131371718912
 -19.080611424607920
 -19.467987035858123
 -18.994627850857704
 -19.380429928971605
 -18.915806112157561
 -19.299586072262244
 -18.840024908485208
 -19.221980746378819
 -18.766306212383920
 -19.148577016864621
 -18.695096356101242
 -19.077766850938325
 -18.625824682870324
 -19.010196481848649
 -18.558150841704272
 -18.944417062776829
 -18.491290883891274
 -18.880581972765327
 -18.425364302228907
 -18.815004487270148
 -18.359856871339208
 -18.752863188268162
 -18.294910075798732
 -18.692232954436058
 -18.230134971010056
 -18.632663346300220
 -18.165569289997649
 -18.573823380147982
 -18.100886683702925
 -18.515263160589111
 -18.036205167643946
 -18.457181860837899
 -17.971217183546560
 -18.399524979260136
 -17.906136418665163
 -18.342003915431370
 -17.840549541673550
 -18.284453535791911
 -17.774593827198931
 -18.227000024373432
 -17.708111719961515
 -18.169427609681897
 -17.641337315083323
 -18.111551612752312
 -17.573886577821956
 -18.053598043520928
 -17.506029471940941
 -17.995150905851943
 -17.437497316740153
 -17.936439700065250
 -17.368460734826872
 -17.877472342981413
 -17.298700395736347
 -17.817928097810714
 -17.228237097781562
 -17.757964979228916
 -17.157081354889730
 -17.697564953136229
 -17.081105883017479
 -17.636577240144632
 -16.944602091238718
 -17.575108255559869
 -16.814442854527968
 -17.512997619220016
 -16.685500254516768
 -17.450248240695423
 -16.557717968057005
 -17.386941335935500
 -16.431086006895505
 -17.322866241195118
 -16.305633164865576
 -17.258077867456230
 -16.181309286143264
 -17.192623353959892
 -16.058026383027475
 -17.126253013138008
 -15.935697575521649
 -17.058962299058461
 -15.814307371847800
 -16.990654594975517
 -15.693838815462239
 -16.921123982994569
 -15.574264279358569
 -16.850166957860981
 -15.455554661917647
 -16.777703897359270
 -15.337681257297440
 -16.703732310290057
 -15.220612211817825
 -16.628371874616313
 -15.104346000930040
 -16.551636246540777
 -14.988883872526820
 -16.473603825620781
 -14.874219120076461
 -16.394357033938203
 -14.760331478367805
 -16.314083600736232
 -14.647195841821668
 -16.232742222620583
 -14.534795996507039
 -16.150384789058325
 -14.423132039702901
 -16.067040412275762
 -14.312195621535695
 -15.982814905511104
 -14.201970939684662
 -15.897864654327172
 -14.092455307518206
 -15.812097261222926
 -13.983634350247010
 -15.725570701785433
 -13.875493386597215
 -15.638365549718987
 -13.768027872172556
 -15.550574633763965
 -13.661253046702038
 -15.462201542604033
 -13.555150874960715
 -15.373273645006035
 -13.449704321621251
 -15.283911825686593
 -13.344911943859698
 -15.194042630574263
 -13.240761850504180
 -15.103686260011282
 -13.137242825987101
 -15.012878938196543
 -13.034350960628776
 -14.921654178035286
 -12.932086177337391
 -14.830031026162507
 -12.830440062505311
 -14.738052278581430
 -12.729404313400689
 -14.645843288784437
 -12.628981121358301
 -14.553403504308465
 -12.529157327335488
 -14.460696317797995
 -12.429927903064359
 -14.367771115641874
 -12.331289987778602
 -14.274699040679621
 -12.233244189870252
 -14.181469201686054
 -12.135788357372073
 -14.088060824257727
 -12.038918124343837
 -13.994498767506697
 -11.942628815334812
 -13.900800240926337
 -11.846916173298567
 -13.806989079693725
 -11.751776156067578
 -13.713097065686199
 -11.657205048022190
 -13.619125417039522
 -11.563200782453055
 -13.525096474895639
 -11.469761208796431
 -13.431047210190457
 -11.376883826140981
 -13.337017045438774
 -11.284566743254560
 -13.243022091479810
 -11.192808633954138
 -13.149064811090563
 -11.101607214225250
 -13.055151045840217
 -11.010958564501076
 -12.961290169088329
 -10.920860737246151
 -12.867493741544687
 -10.831312363556002
 -12.773774873622743
 -10.742312195869884
 -12.680147079081745
 -10.653858627517007
 -12.586623798215259
 -10.565950335684501
 -12.493218854400247
 -10.478585917972264
 -12.399946146609079
 -10.391764054994267
 -12.306819403466157
 -10.305483436667000
 -12.213856869272627
 -10.219742984207587
 -12.121078538546120
 -10.134541658044544
 -12.028496686945873
 -10.049878397950499
 -11.936123649369060
  -9.965752338594218
 -11.843970424561869
  -9.882162343946673
 -11.752047997500581
  -9.799107579759594
 -11.660364574443813
  -9.716586999199615
 -11.568926872012737
  -9.634599238131909
 -11.477745541822099
  -9.553143343944271
 -11.386831094218774
  -9.472218407039442
 -11.296194220689035
  -9.391822893450767
 -11.205846126280589
  -9.311955829060089
 -11.115800644111754
  -9.232616070492350
 -11.026068446167729
  -9.153801424791512
 -10.936661207134394
  -9.075510211184390
 -10.847588221819917
  -8.997742216036503
 -10.758858985455392
  -8.920497257608817
 -10.670480725298592
  -8.843774481206781
 -10.582459315292597
  -8.767573686806113
 -10.494801572650486
  -8.691893388944610
 -10.407513582957684
  -8.616730598796934
 -10.320602072963988
  -8.542083857417513
 -10.234073405119183
  -8.467955999243573
 -10.147934012810049
  -8.394345347877641
 -10.062190026117969
  -8.321252876872636
  -9.976847619787737
  -8.248678655899383
  -9.891912497650415
  -8.176617687130857
  -9.807389381582444
  -8.105064305522276
  -9.723284423888975
  -8.034027933772087
  -9.639604102402027
  -7.963505474291718
  -9.556353516128185
  -7.893500365352473
  -9.473538043274321
  -7.824014813435774
  -9.391163000527891
  -7.755039853767742
  -9.309233132192862
  -7.686563997346393
  -9.227753246512281
  -7.618584632962925
  -9.146727761654759
  -7.551088245869282
  -9.066160560860967
  -7.484082008111279
  -8.986055432443040
  -7.417570164770798
  -8.906415934623974
  -7.351545097712757
  -8.827245273850775
  -7.286011916859391
  -8.748546743616133
  -7.220966885485147
  -8.670323434014986
  -7.156386358666164
  -8.592578171137454
  -7.092291663949754
  -8.515313751420212
  -7.028684702937715
  -8.438532639172786
  -6.965571912414127
  -8.362236863281590
  -6.902949838392329
  -8.286428787204597
  -6.840811586720730
  -8.211110581101856
  -6.779153802978977
  -8.136211854578443
  -6.717974169960903
  -8.061765587047313
  -6.657284725419125
  -7.987798554760811
  -6.597096481221942
  -7.914320021404986
  -6.537386004333328
  -7.841337199376328
  -6.478149008129325
  -7.768853349974964
  -6.419377253404845
  -7.696871021767313
  -6.361073745928130
  -7.625847110922003
  -6.303235066069245
  -7.555382210574501
  -6.245858222162827
  -7.485487220515308
  -6.188938141583072
  -7.416060970801940
  -6.132468259716636
  -7.347109401798394
  -6.076458071590936
  -7.278606230637163
  -6.020907269787477
  -7.210554960527243
  -5.965813288716409
  -7.142949807923216
  -5.911169868006906
  -7.075793268412046
  -5.856961300533287
  -7.009085347853063
  -5.803184479380534
  -6.942829458622871
  -5.749837179741322
  -6.877026601949704
  -5.696916460988006
  -6.811678457192842
  -5.644419276546098
  -6.746785869079059
  -5.592343455495306
  -6.682349859523960
  -5.540687568270434
  -6.618371102024788
  -5.489449498581892
  -6.554850300484025
  -5.438625502864071
  -6.491787956696118
  -5.388211753364059
  -6.429184548508473
  -5.338206703787473
  -6.367040430802321
  -5.288610357011859
  -6.305355856148102
  -5.239420269091506
  -6.244130967932681
  -5.190629865060552
  -6.183365825751227
  -5.142234112612460
  -6.123060401665419
  -5.094235063798378
  -6.063214565638730
  -5.046635901652675
  -6.003828052858364
  -4.999429060850614
  -5.944900395182470
  -4.952599214327478
  -5.886430949549963
  -4.906147592336068
  -5.828419245118351
  -4.860090171361543
  -5.770864622179327
  -4.814424875810522
  -5.713766334610002
  -4.769113351143136
  -5.657123606481728
  -4.724149191305276
  -5.600935717914298
  -4.679577416204509
  -5.545201796928955
  -4.635396602671235
  -5.489920650220528
  -4.591610693197460
  -5.435091113549285
  -4.548217337367224
  -5.380598290327722
  -4.505213874535680
  -5.326333819324263
  -4.462588997957409
  -5.272529919169049
  -4.420334002567621
  -5.219185578418751
  -4.378446629187531
  -5.166298966076557
  -4.336923930376324
  -5.113867648606176
  -4.295763053433387
  -5.061890451781163
  -4.254961036768773
  -5.010365901679000
  -4.214514575609683
  -4.959292191816640
  -4.174420568339223
  -4.908667736974042
  -4.134676403781897
  -4.858490742708327
  -4.095279647735484
  -4.808759402487255
  -4.056227859723693
  -4.759471815694241
  -4.017518593307908
  -4.710625985983380
  -3.979149477080247
  -4.662219844263957
  -3.941118209402669
  -4.614251205598610
  -3.903422425411523
  -4.566717821238226
  -3.866059764722769
  -4.519617402098452
  -3.829028129449361
  -4.472947609069398
  -3.792325450441890
  -4.426706064414483
  -3.755949279537658
  -4.380890351670745
  -3.719897538932843
  -4.335498023132257
  -3.684168827583829
  -4.290526601266222
  -3.648760566946769
  -4.245973574279985
  -3.613670369294112
  -4.201836409190566
  -3.578898622647981
  -4.158112563119334
  -3.544442749478421
  -4.114799460052414
  -3.510299600172212
  -4.071894499129158
  -3.476473325607898
  -4.029395101696522
  -3.442961343562324
  -3.987298636423455
  -3.409759523036264
  -3.945602442453073
  -3.376864941358972
  -3.904303937355740
  -3.344267524764893
  -3.863400449195669
  -3.311962019431991
  -3.822889269059685
  -3.279946152604547
  -3.782767659177872
  -3.248217671132235
  -3.743032741308952
  -3.216774341301255
  -3.703681652230345
  -3.185613962155303
  -3.664711527737528
  -3.154734355360223
  -3.626119507728364
  -3.124133366408020
  -3.587902735192129
  -3.093808895654975
  -3.550058355620748
  -3.063758870188976
  -3.512583517140252
  -3.033981251032650
  -3.475475370522671
  -3.004474117647059
  -3.438731069866710
  -2.975235559512673
  -3.402347772667073
  -2.946263739639029
  -3.366322640399336
  -2.917557141051468
  -3.330652840168763
  -2.889114038208460
  -3.295335543956310
  -2.860932152035169
  -3.260367930311582
  -2.833009122077172
  -3.225747188140936
  -2.805342556873764
  -3.191470510942859
  -2.777929929546083
  -3.157535116162091
  -2.750768576925730
  -3.123938253528018
  -2.723856629861007
  -3.090677152404012
  -2.697192446063832
  -3.057749059150288
  -2.670774360473759
  -3.025151205650415
  -2.644601226216122
  -2.992880828546445
  -2.618671560055025
  -2.960935128778741
  -2.592985206375034
  -2.929311348689683
  -2.567540999673264
  -2.898006722310996
  -2.542340715298095
  -2.867018512451894
  -2.517383281564538
  -2.836343998766238
  -2.492663932765175
  -2.805980474116788
  -2.468179238275779
  -2.775925281494430
  -2.443922402977493
  -2.746175748747559
  -2.419889400631025
  -2.716729185467754
  -2.396078391491053
  -2.687582909642110
  -2.372487560226433
  -2.658734193440941
  -2.349115118593028
  -2.630180345788101
  -2.325959295820835
  -2.601918684951063
  -2.303018321292616
  -2.573946558892007
  -2.280290422158886
  -2.546261329040402
  -2.257773823923487
  -2.518860381777397
  -2.235466751192064
  -2.491741119687162
  -2.213367425922300
  -2.464900967334503
  -2.191474074266084
  -2.438337365831123
  -2.169784943077976
  -2.412047775685447
  -2.148298309005427
  -2.386029673728603
  -2.127012479874042
  -2.360280554183060
  -2.105925796672975
  -2.334797926478411
  -2.085036639254574
  -2.309579316611232
  -2.064343438029274
  -2.284622266118411
  -2.043844694859754
  -2.259924333561449
  -2.023539019392372
  -2.235483093646100
  -2.003425190137177
  -2.211296138615557
  -1.983502263533324
  -2.187361077598085
  -1.963769435515261
  -2.163675538090659
  -1.944225318721821
  -2.140237165867550
  -1.924868074438326
  -2.117043627109023
  -1.905696345331917
  -2.094092632792804
  -1.886709587425323
  -2.071381912473324
  -1.867908714358167
  -2.048909217290086
  -1.849297277694761
  -2.026672292777967
  -1.830883981659544
  -2.004668905536283
  -1.812688070250865
  -1.982896835017899
  -1.794741766711472
  -1.961353899676898
  -1.777098478939181
  -1.940037977078310
  -1.759857279171555
  -1.918947064436828
  -1.743232282503852
  -1.898079306676630
  -1.727768394985209
