 -45.955924108064217
 -35.031190481858509
 -32.967930153248595
 -31.399068625484354
 -30.391302794451533
 -29.739665040253897
 -29.213886237048094
 -28.747227847048563
 -28.307825323510006
 -27.942501439857487
 -27.604025914001124
 -27.316400335981111
 -27.047501611345712
 -26.794616276075001
 -26.556966937696902
 -26.324687431538937
 -26.108813668556330
 -25.899805419428088
 -25.697759801797815
 -25.506885182409153
 -25.322741541092970
 -25.144050072023315
 -24.970034157747627
 -24.798994264276974
 -24.633040861750874
 -24.470333584105202
 -24.310142586639845
 -24.153538245085063
 -23.999953682670373
 -23.848700635422965
 -23.699605893560342
 -23.552321438975543
 -23.406995311541120
 -23.259662020373778
 -23.113095958364212
 -22.968122644088066
 -22.824593118869057
 -22.682319529122516
 -22.541244814088746
 -22.401284853344460
 -22.262220026672370
 -22.123025628733316
 -21.984630554012192
 -21.847180987603657
 -21.710530939751404
 -21.574625392774191
 -21.439471740977076
 -21.304982878762310
 -21.170794184084432
 -21.037043061809431
 -20.903738020057180
 -20.770796013142917
 -20.638102687178435
 -20.505309405881974
 -20.372018767721201
 -20.238545963776073
 -20.105408530642812
 -19.972261038490384
 -19.838536262171431
 -19.704904560052203
 -19.571201993698462
 -19.437496222542109
 -19.304009067577567
 -19.170592646770810
 -19.037018558536168
 -18.903271069137091
 -18.769307171651807
 -18.635330273722943
 -18.501432856734461
 -18.367578159129511
 -18.233728132895937
 -18.099805606873407
 -17.965820755778196
 -17.831917432911951
 -17.698141441823221
 -17.564539995954000
 -17.431157715091981
 -17.297949304879744
 -17.164919609671205
 -17.032137686778007
 -16.899626794286064
 -16.767406958875672
 -16.635478659087440
 -16.503861471725727
 -16.372595891809603
 -16.241708665197738
 -16.111214226505744
 -15.981124882267697
 -15.851464530990246
 -15.722262822862278
 -15.593544472169773
 -15.465323007426681
 -15.337608150960067
 -15.210417267292017
 -15.083770009043050
 -14.957686598475048
 -14.832193291445565
 -14.707311577478356
 -14.583051925001197
 -14.459428433709599
 -14.336434328901175
 -14.214072007588014
 -14.092349711479235
 -13.971277754761367
 -13.850856325612742
 -13.731088659279942
 -13.611981013260097
 -13.493540013206870
 -13.375768356920618
 -13.258670741383691
 -13.142254565868612
 -13.026524771165487
 -12.911483961377119
 -12.797134809698164
 -12.683480616813512
 -12.570524468877620
 -12.458268338240366
 -12.346713946954038
 -12.235863393121351
 -12.125718586605768
 -12.016280834912584
 -11.907551420595865
 -11.799531836558851
 -11.692223258925058
 -11.585626466434441
 -11.479742211171656
 -11.374571223791820
 -11.270113843277585
 -11.166370243015013
 -11.063340265921092
 -10.961023952677863
 -10.859419786416039
 -10.758528506903483
 -10.658345660612147
 -10.558872366638997
 -10.460112726172767
 -10.362064073785943
 -10.264727144978059
 -10.168105732471542
 -10.072199067615292
  -9.977010532889867
  -9.882540887307618
  -9.788788226307968
  -9.695753438785372
  -9.603435488470859
  -9.511831572662048
  -9.420937213160233
  -9.330749474147009
  -9.241266394461489
  -9.152484871360988
  -9.064402202085372
  -8.977016295841322
  -8.890324334361555
  -8.804323588074691
  -8.719011540148747
  -8.634384930844579
  -8.550440674586469
  -8.467174990140483
  -8.384585367528736
  -8.302670324488147
  -8.221425958478569
  -8.140849894320514
  -8.060938253516905
  -7.981688837399840
  -7.903099603361475
  -7.825166954727576
  -7.747888631773312
  -7.671262006509660
  -7.595283814140883
  -7.519951555514051
  -7.445262371444055
  -7.371213184350932
  -7.297801071567501
  -7.225022906575846
  -7.152875429715412
  -7.081355357945244
  -7.010459304198815
  -6.940183825355647
  -6.870525468376017
  -6.801480735088152
  -6.733046126559043
  -6.665218188942149
  -6.597993571342229
  -6.531368922020215
  -6.465340713720330
  -6.399905322855674
  -6.335059015130337
  -6.270797869497011
  -6.207117862530643
  -6.144015037005676
  -6.081485469777179
  -6.019525224046004
  -5.958130397895482
  -5.897297100344653
  -5.837021443481519
  -5.777299540770916
  -5.718127513756371
  -5.659501509495804
  -5.601417679765476
  -5.543872157936343
  -5.486861075056138
  -5.430380642527194
  -5.374427083088180
  -5.318996608807462
  -5.264085397976621
  -5.209689735308016
  -5.155805861135441
  -5.102430067296525
  -5.049558697492045
  -4.997188116417016
  -4.945314722385101
  -4.893934878233827
  -4.843044938583470
  -4.792641220535399
  -4.742719992153989
  -4.693277520570905
  -4.644310080319391
  -4.595813946593814
  -4.547785406730524
  -4.500220757242296
  -4.453116307415098
  -4.406468380338830
  -4.360273314701202
  -4.314527467675116
  -4.269227232747696
  -4.224369196068031
  -4.179949876599582
  -4.135965796992737
  -4.092413463667205
  -4.049289379636742
  -4.006589903736118
  -3.964311401866107
  -3.922450294732302
  -3.881003016577272
  -3.839966035313729
  -3.799335840944635
  -3.759108947584865
  -3.719281892512120
  -3.679851233780354
  -3.640813551371648
  -3.602165445582615
  -3.563903537793065
  -3.526024469769314
  -3.488524904037128
  -3.451401523653820
  -3.414651032427254
  -3.378270154816128
  -3.342255636138834
  -3.306604242663964
  -3.271312761580701
  -3.236378020578362
  -3.201796895701209
  -3.167566276754593
  -3.133683087337066
  -3.100144253216969
  -3.066946714604059
  -3.034087387332431
  -3.001563217247672
  -2.969371141382274
  -2.937508137012092
  -2.905971183696162
  -2.874757298027350
  -2.843863507694587
  -2.813286872385883
  -2.783024467159856
  -2.753073393396118
  -2.723430768161780
  -2.694093731791199
  -2.665059440210174
  -2.636325072646718
  -2.607887824889341
  -2.579744922706340
  -2.551893631443990
  -2.524331232495153
  -2.497055029810271
  -2.470062340855320
  -2.443350501619439
  -2.416916853167884
  -2.390758737649411
  -2.364873520076018
  -2.339258580660839
  -2.313911324643487
  -2.288829176002850
  -2.264009582903755
  -2.239450013180357
  -2.215147957709264
  -2.191100927221143
  -2.167306454562051
  -2.143762747771304
  -2.120467522777566
  -2.097418233192906
  -2.074612428999989
  -2.052047529972254
  -2.029721083661839
  -2.007630586248327
  -1.985773641427486
  -1.964147841805168
  -1.942750868769151
  -1.921580415655307
  -1.900634255196448
 -42.214301867569574
 -31.289568241363874
 -29.226307912753960
 -27.981603300076635
 -26.973837477754959
 -26.322199729999525
 -25.852143808549357
 -25.463021590317712
 -25.109124620500193
 -24.816828446504765
 -24.537633566839105
 -24.277041041207447
 -24.048577510355052
 -23.845243306267101
 -23.653760044271767
 -23.481892461403820
 -23.318237677728163
 -23.162679517766080
 -23.012186072825596
 -22.871556716844182
 -22.734601071826738
 -22.600638287911575
 -22.470409771881503
 -22.345581123987547
 -22.225607421908897
 -22.108347213746566
 -21.994099259664068
 -21.882646506183026
 -21.773289287646513
 -21.665655659007779
 -21.559487744365729
 -21.455469740360851
 -21.352253013586360
 -21.249799225077851
 -21.148444693888528
 -21.048341165831232
 -20.948821892352626
 -20.849773637520006
 -20.751439883056115
 -20.653686783351848
 -20.556305409738826
 -20.459304815738218
 -20.362824612411213
 -20.266440645447034
 -20.170079586661839
 -20.073863338557157
 -19.977677895251006
 -19.881393805306487
 -19.785109968069644
 -19.688929930011160
 -19.592695681480624
 -19.496324714809031
 -19.399834996283111
 -19.303069271823073
 -19.206009353067497
 -19.108552943643200
 -19.010786941168949
 -18.912346758700330
 -18.813538036478398
 -18.712120084580775
 -18.607610932148734
 -18.501912558358363
 -18.395515348404476
 -18.288411857096332
 -18.180570283208766
 -18.072033466825914
 -17.962250079542518
 -17.851046883627362
 -17.738975184956509
 -17.626152460100656
 -17.512737919414004
 -17.398813346456077
 -17.284239912587275
 -17.168941099524130
 -17.053301808871105
 -16.937302040825056
 -16.820926171693689
 -16.704248578732926
 -16.587250083711908
 -16.470007696783661
 -16.352624241936095
 -16.235103109401166
 -16.117472741658155
 -15.999759454149165
 -15.882006670136926
 -15.764293657824821
 -15.646720124451479
 -15.529301150652190
 -15.411993718666128
 -15.294816364777322
 -15.177818012308384
 -15.061043127139897
 -14.944502517755113
 -14.828194720726710
 -14.712140647574097
 -14.596378714138298
 -14.480930365167406
 -14.365796455826949
 -14.250989298029410
 -14.136535520301777
 -14.022456662796051
 -13.908759760649934
 -13.795453039022533
 -13.682553756103490
 -13.570078370220976
 -13.458037111252336
 -13.346462258440942
 -13.235373590340217
 -13.124780732442634
 -13.014685590068915
 -12.905083154829944
 -12.795983759627973
 -12.687395572470052
 -12.579323129889897
 -12.471769345630159
 -12.364742423846915
 -12.258249134727341
 -12.152294604093463
 -12.046884479844353
 -11.942026532508546
 -11.837726793897078
 -11.733990081955527
 -11.630821303267066
 -11.528225850429191
 -11.426208655562624
 -11.324774001806675
 -11.223926332147961
 -11.123670013526539
 -11.024009002396602
 -10.924946856120343
 -10.826486714681142
 -10.728631823990538
 -10.631385045096561
 -10.534748241515533
 -10.438724160594088
 -10.343315763115648
 -10.248524668942904
 -10.154353023634629
 -10.060802530686322
  -9.967874446035207
  -9.875571287500831
  -9.783894744625593
  -9.692845687722965
  -9.602425998019452
  -9.512636966633996
  -9.423483611883324
  -9.334969152334551
  -9.247093746707826
  -9.159859083319857
  -9.073265969702659
  -8.987313910782328
  -8.902002759014703
  -8.817331376972387
  -8.733295341182911
  -8.649892244110324
  -8.567120901198715
  -8.484980026452725
  -8.403462763912385
  -8.322573095263262
  -8.242310560103199
  -8.162671197293928
  -8.083655807940938
  -8.005260116324381
  -7.927483839882115
  -7.850327278980984
  -7.773787538875530
  -7.697863907412129
  -7.622555238030650
  -7.547859738394830
  -7.473775561785072
  -7.400301348690558
  -7.327435389870629
  -7.255175396220880
  -7.183519302836537
  -7.112464645340697
  -7.042008634599680
  -6.972148466980467
  -6.902881241354128
  -6.834204076768999
  -6.766114085585458
  -6.698608346051688
  -6.631683924323893
  -6.565337879246419
  -6.499567232464946
  -6.434368954958467
  -6.369739989126390
  -6.305677232090548
  -6.242177525160517
  -6.179237667164763
  -6.116854434872715
  -6.055024593376909
  -5.993744881448222
  -5.933011999185012
  -5.872822610884146
  -5.813173393125117
  -5.754061032741547
  -5.695482154553692
  -5.637433306277713
  -5.579911087217151
  -5.522912202604490
  -5.466433152342046
  -5.410470628323875
  -5.355021493947711
  -5.300082349576955
  -5.245649470064605
  -5.191719707136273
  -5.138289771364940
  -5.085356293242999
  -5.032916094266912
  -4.980965974952073
  -4.929502796224855
  -4.878523297016915
  -4.828024135294338
  -4.778001888805429
  -4.728452989048900
  -4.679373851366830
  -4.630760939645475
  -4.582610724259147
  -4.534919693318940
  -4.487684348496136
  -4.440901203712886
  -4.394566786064765
  -4.348677635729711
  -4.303230311742986
  -4.258221398603067
  -4.213647515076689
  -4.169505279427522
  -4.125791330550611
  -4.082502301294219
  -4.039634832389199
  -3.997185559623640
  -3.955151108800115
  -3.913528120673072
  -3.872313229734277
  -3.831503057920893
  -3.791094248146871
  -3.751083447518090
  -3.711467320819528
  -3.672242546024992
  -3.633405818308474
  -3.594953849401923
  -3.556883368873076
  -3.519191124261507
  -3.481873881499645
  -3.444928425135559
  -3.408351558850559
  -3.372140105190297
  -3.336290906237625
  -3.300800824493540
  -3.265666741306332
  -3.230885616482901
  -3.196454497801294
  -3.162370373823320
  -3.128630271208420
  -3.095231194135012
  -3.062170130813442
  -3.029443981131003
  -2.997049747505526
  -2.964984411235178
  -2.933245014769398
  -2.901828605584068
  -2.870732270784686
  -2.839953121404520
  -2.809488291210559
  -2.779334926456809
  -2.749490193439665
  -2.719951259757418
  -2.690715317805292
  -2.661779569861570
  -2.633141244770540
  -2.604797585548652
  -2.576745861987740
  -2.548983365882711
  -2.521507413309797
  -2.494315340702205
  -2.467404505221740
  -2.440772283047887
  -2.414416067425972
  -2.388333265764397
  -2.362521303178626
  -2.336977621083694
  -2.311699680676496
  -2.286684960975801
  -2.261930961425277
  -2.237435200008378
  -2.213195215250092
  -2.189208564729520
  -2.165472826815274
  -2.141985725077751
  -2.118744960610457
  -2.095748236675689
  -2.072993215624209
  -2.050477552443300
  -2.028198906900021
  -2.006154944545987
  -1.984343367830673
  -1.962761923349088
  -1.941408424515166
  -1.920280759580364
  -1.899376951725537
 -39.875122282630670
 -28.950388656424966
 -26.887128327815052
 -25.825629292254646
 -24.817863471025102
 -24.166225712142190
 -23.696169811962374
 -23.334094660141183
 -23.013206399469329
 -22.727827451283517
 -22.490460246797667
 -22.276267082351765
 -22.062860765512692
 -21.867947153840838
 -21.698655723714378
 -21.535534276556806
 -21.388815268003636
 -21.252252308175763
 -21.123429115219874
 -21.003306958929272
 -20.887982892977586
 -20.775578655971650
 -20.668039252123830
 -20.566488320902568
 -20.467322160618025
 -20.370645206103237
 -20.274895291542162
 -20.182187536163912
 -20.093549050028990
 -20.006301294161545
 -19.921161043899200
 -19.837924443453129
 -19.756293449874068
 -19.675933355547553
 -19.597255079211873
 -19.519268424889400
 -19.441713390231765
 -19.365063319618226
 -19.289357600720557
 -19.214024840063672
 -19.138764061145409
 -19.063875001561279
 -18.989727986663343
 -18.915738630152457
 -18.842038167062867
 -18.768526829865504
 -18.695057875305555
 -18.621607074185139
 -18.548034590988596
 -18.474276936341269
 -18.400500190716723
 -18.326496902477881
 -18.252057168958000
 -18.177187256859291
 -18.102188663066013
 -18.026832944929854
 -17.950939702167553
 -17.874287212777443
 -17.796912879136414
 -17.718829960853952
 -17.639818808833226
 -17.558947086419778
 -17.473175209435333
 -17.384662536951790
 -17.295427814605443
 -17.205243743023335
 -17.114090716631932
 -17.021915520893693
 -16.928629515903111
 -16.834111484977036
 -16.737516444340812
 -16.639837708571996
 -16.541433616701045
 -16.442269059945311
 -16.342503068904133
 -16.242093395655775
 -16.140907133885552
 -16.038904776820903
 -15.936355599451815
 -15.833315272437698
 -15.729866938013132
 -15.626042631180205
 -15.521903187578463
 -15.417497862957319
 -15.312806373116787
 -15.207870683532800
 -15.102766549378005
 -14.997548324135213
 -14.892216383928577
 -14.786780863789122
 -14.681266688438129
 -14.575716071902550
 -14.470166714393786
 -14.364631881882973
 -14.259135606029945
 -14.153761413317314
 -14.048544411036533
 -13.943447054016893
 -13.838465375217256
 -13.733628213722362
 -13.628986583568640
 -13.524558057378732
 -13.420333217687205
 -13.316318610907532
 -13.212536383221046
 -13.109007034564659
 -13.005738082334274
 -12.902736517330801
 -12.800016500336215
 -12.697593655677139
 -12.595481105408806
 -12.493689769226906
 -12.392231471407499
 -12.291118022267497
 -12.190360060840012
 -12.089990065828525
 -11.990028149409488
 -11.890482016885752
 -11.791353547099572
 -11.692639150014747
 -11.594349542548088
 -11.496492186557234
 -11.399071964195052
 -11.302093328462350
 -11.205565860621711
 -11.109496606965628
 -11.013891718106875
 -10.918757325647958
 -10.824100557877147
 -10.729926992759692
 -10.636241650344667
 -10.543049947951202
 -10.450357142229199
 -10.358167719663642
 -10.266486176804104
 -10.175317291446241
 -10.084665334455948
  -9.994534415103034
  -9.904928676372906
  -9.815851673005675
  -9.727306673938614
  -9.639297719374623
  -9.551828057335719
  -9.464900990231280
  -9.378519984461667
  -9.292687303383351
  -9.207404813138211
  -9.122674947012170
  -9.038499288404788
  -8.954880423472986
  -8.871820667626716
  -8.789321080960269
  -8.707383962898222
  -8.626014325489770
  -8.545214256360460
  -8.464986294473460
  -8.385332877117722
  -8.306253250418745
  -8.227749979233987
  -8.149823761555444
  -8.072472344322176
  -7.995692539835781
  -7.919484303967683
  -7.843847869305589
  -7.768780770645956
  -7.694282254096715
  -7.620351889850180
  -7.546989421072301
  -7.474199538631829
  -7.401975806212881
  -7.330317977690861
  -7.259225600776853
  -7.188695794986468
  -7.118727527048919
  -7.049319444164832
  -6.980468869406343
  -6.912173650540985
  -6.844431917671252
  -6.777241381239004
  -6.710599938885236
  -6.644505532489647
  -6.578955992934442
  -6.513949231054855
  -6.449483067410206
  -6.385555210584168
  -6.322163410592173
  -6.259305459986031
  -6.196979101569585
  -6.135181907418482
  -6.073911328299618
  -6.013164956213026
  -5.952940533780509
  -5.893235557840850
  -5.834047080083462
  -5.775372299096829
  -5.717209048537556
  -5.659555003041373
  -5.602406651627229
  -5.545760474007198
  -5.489614696520837
  -5.433967241907182
  -5.378815529013725
  -5.324157437630305
  -5.269989710099227
  -5.216308229211493
  -5.163110719919568
  -5.110394829185198
  -5.058157476336346
  -5.006396092895711
  -4.955107840300077
  -4.904289876715580
  -4.853939351157887
  -4.804053326684564
  -4.754628850218721
  -4.705662889970859
  -4.657152379083103
  -4.609094238046997
  -4.561485362149621
  -4.514322634729426
  -4.467602927304770
  -4.421323108933784
  -4.375480047038162
  -4.330070598001317
  -4.285091625099454
  -4.240540012814917
  -4.196412624626579
  -4.152706326364261
  -4.109418053788378
  -4.066544693438557
  -4.024083118661428
  -3.982030367439553
  -3.940383364785233
  -3.899139005446362
  -3.858294176342743
  -3.817845573765485
  -3.777789950968570
  -3.738124088284203
  -3.698844790863968
  -3.659948888474326
  -3.621433231737909
  -3.583294691742143
  -3.545530158542552
  -3.508136541232508
  -3.471110766851019
  -3.434449780274904
  -3.398150545710521
  -3.362210044506259
  -3.326625276796259
  -3.291393266327509
  -3.256511050528032
  -3.221975694118547
  -3.187784297463614
  -3.153933952065092
  -3.120421775851305
  -3.087244878694365
  -3.054400391518689
  -3.021885421577008
  -2.989697122705313
  -2.957832646551311
  -2.926289178206810
  -2.895063931771212
  -2.864154133905642
  -2.833557086707392
  -2.803270062328151
  -2.773290303974268
  -2.743615067085708
  -2.714241537719189
  -2.685166957474408
  -2.656388581006825
  -2.627903702130672
  -2.599709631218316
  -2.571803709579590
  -2.544183296729666
  -2.516845778560941
  -2.489788559677402
  -2.463009067595310
  -2.436504748239313
  -2.410273068002517
  -2.384311511009655
  -2.358617580109794
  -2.333188795525947
  -2.308022695958833
  -2.283116837606887
  -2.258468795394082
  -2.234076162345442
  -2.209936551139846
  -2.186047594247930
  -2.162406946542864
  -2.139012287401294
  -2.115861327146655
  -2.092951803489676
  -2.070281454314697
  -2.047848049022263
  -2.025649372729174
  -2.003683265100332
  -1.981947641682757
  -1.960440582903817
  -1.939160368777148
  -1.918105615929992
  -1.897275559947929
