   0.000000171322655
   0.000000125743976
   0.000000086217581
   0.000000092803605
   0.000000058411623
   0.000000068755624
   0.000000069566115
   0.000000077075883
   0.000000070168955
   0.000000103903330
   0.000000104560779
   0.000000100392713
   0.000000110434493
   0.000000142763525
   0.000000146570993
   0.000000286283080
   0.000000323999852
   0.000000530371960
   0.000000902422231
   0.000000834085606
   0.000000669066388
   0.000000723684764
   0.000001462566608
   0.000001383626830
   0.000001813405703
   0.000001534406326
   0.000002588128308
   0.000002449991279
   0.000002440648308
   0.000002646600033
   0.000002764605253
   0.000002841123882
   0.000002858443122
   0.000002867170688
   0.000002872499397
   0.000003450769481
   0.000003421445424
   0.000003326749131
   0.000003208758605
   0.000002534997299
   0.000002425353833
   0.000002284632799
   0.000002184195530
   0.000001984615971
   0.000001812276189
   0.000001891135220
   0.000001728396544
   0.000001750823297
   0.000001277596158
   0.000001986006299
   0.000001746497456
   0.000002242966538
   0.000002033338158
   0.000002471272355
   0.000002427655885
   0.000002851269517
   0.000002837772188
   0.000003111171085
   0.000003174497754
   0.000003374126806
   0.000003466355825
   0.000003649875223
   0.000003802426496
   0.000003944474742
   0.000004078038947
   0.000004160314526
   0.000004268177841
   0.000004371037800
   0.000004455879311
   0.000004504082524
   0.000004581962391
   0.000004634060343
   0.000004656397741
   0.000004676300777
   0.000004701611073
   0.000004709820117
   0.000004721485657
   0.000004728452451
   0.000004735255004
   0.000004737455670
   0.000004729044763
   0.000004718495127
   0.000004712221068
   0.000004711593929
   0.000004687727527
   0.000004670936730
   0.000004649152641
   0.000004620707555
   0.000004583443185
   0.000004552614713
   0.000004523951163
   0.000004488007877
   0.000004452449605
   0.000004410960053
   0.000004372019318
   0.000004330787779
   0.000004288466547
   0.000004243105025
   0.000004198403116
   0.000004150541562
   0.000004100378214
   0.000004049797887
   0.000003997440273
   0.000003943129814
   0.000003887894330
   0.000003832505203
   0.000003775031153
   0.000003715884017
   0.000003656664933
   0.000003596545090
   0.000003534624399
   0.000003472262537
   0.000003410316153
   0.000003346413731
   0.000003281606095
   0.000003217664772
   0.000003152285167
   0.000003085354180
   0.000003019977225
   0.000002953402361
   0.000002882818961
   0.000002817101958
   0.000002748508391
   0.000002667182098
   0.000002601775783
   0.000002529974765
   0.000002399393951
   0.000002334684861
   0.000002271145418
   0.000001957885032
   0.000001897724831
   0.000001848097943
   0.000001788479918
   0.000001742363164
   0.000001680703107
   0.000001632695581
   0.000001573517596
   0.000001521444531
   0.000001443223952
   0.000001390899179
   0.000001324191457
   0.000001272698961
   0.000001212948537
   0.000001177562190
   0.000001128389115
   0.000001087053967
   0.000001039984106
   0.000000995441555
   0.000000949011086
   0.000000907427479
   0.000000857133925
   0.000000813611363
   0.000000774375628
   0.000000700723603
   0.000000657484424
   0.000000625776034
   0.000000591104205
   0.000000561901598
   0.000000530359121
   0.000000501539632
   0.000000472986934
   0.000000445883310
   0.000000419607787
   0.000000394315865
   0.000000370071488
   0.000000346820693
   0.000000324727027
   0.000000303533996
   0.000000283364374
   0.000000263918722
   0.000000243540541
   0.000000225641209
   0.000000207740795
   0.000000191801751
   0.000000177822218
   0.000000164258548
   0.000000152003871
   0.000000140252370
   0.000000129568635
   0.000000119410625
   0.000000109794101
   0.000000099109542
   0.000000089998768
   0.000000081957709
   0.000000074723435
   0.000000068989174
   0.000000063581139
   0.000000058329696
   0.000000053319049
   0.000000048581683
   0.000000044148439
   0.000000040033456
   0.000000036235925
   0.000000032735176
   0.000000029515195
   0.000000026568109
   0.000000023880794
   0.000000021427112
   0.000000019200087
   0.000000017181197
   0.000000015349284
   0.000000013694776
   0.000000012202552
   0.000000010835160
   0.000000009590568
   0.000000008482202
   0.000000007521104
   0.000000006650198
   0.000000005781977
   0.000000005013093
   0.000000004366424
   0.000000003806120
   0.000000003372512
   0.000000002997596
   0.000000002658014
   0.000000002342088
   0.000000002055013
   0.000000001798969
   0.000000001569196
   0.000000001363563
   0.000000001182788
   0.000000001023860
   0.000000000874968
   0.000000000732931
   0.000000000631238
   0.000000000543180
   0.000000000466854
   0.000000000414175
   0.000000000354669
   0.000000000302190
   0.000000000256390
   0.000000000215507
   0.000000000180518
   0.000000000151823
   0.000000000127672
   0.000000000107213
   0.000000000089966
   0.000000000075271
   0.000000000062828
   0.000000000052346
   0.000000000043467
   0.000000000036009
   0.000000000029754
   0.000000000024501
   0.000000000020118
   0.000000000016454
   0.000000000013381
   0.000000000010792
   0.000000000008486
   0.000000000006861
   0.000000000005624
   0.000000000004617
   0.000000000003835
   0.000000000003121
   0.000000000002490
   0.000000000001980
   0.000000000001568
   0.000000000001237
   0.000000000000971
   0.000000000000758
   0.000000000000587
   0.000000000000452
   0.000000000000346
   0.000000000000267
   0.000000000000205
   0.000000000000158
   0.000000000000121
   0.000000000000092
   0.000000000000069
   0.000000000000052
   0.000000000000040
   0.000000000000030
   0.000000000000022
   0.000000000000017
   0.000000000000012
   0.000000000000009
   0.000000000000007
   0.000000000000005
   0.000000000000003
   0.000000000000002
   0.000000000000002
   0.000000000000001
   0.000000000000001
   0.000000000000001
   0.000000000000000
   0.000000000000000
   0.000000000000000
   0.000000000000000
   0.000000000000000
   0.000000000000000
   0.000000000000000
   0.000000000000000
   0.000000000000000
   0.000000000000000
   0.000000000000000
   0.000000000000000
   0.000000000000000
   0.000000000000000
   0.000000000000000
   0.000000000000000
   0.000000101935002
   0.000000111194047
   0.000000128064553
   0.000000084684280
   0.000000111518877
   0.000000045533259
   0.000000102682137
   0.000000085487413
   0.000000048728438
   0.000000129330085
   0.000000113162263
   0.000000114802424
   0.000000132999898
   0.000000146657274
   0.000000133259787
   0.000000188085121
   0.000000233555742
   0.000000275088158
   0.000000374152745
   0.000000399259641
   0.000000335664008
   0.000000350464843
   0.000000586769335
   0.000000581841949
   0.000000685734436
   0.000000629833416
   0.000001003349655
   0.000000868110001
   0.000000864190846
   0.000000952469858
   0.000001057296446
   0.000001106131423
   0.000001060056488
   0.000001047457701
   0.000001070557278
   0.000001283662616
   0.000001256834784
   0.000001191414806
   0.000001148009001
   0.000000966262469
   0.000000968082821
   0.000000939551358
   0.000001224120609
   0.000001193719892
   0.000001140682250
   0.000001241590815
   0.000001165520401
   0.000001183342367
   0.000001141250600
   0.000001648612567
   0.000001625821878
   0.000001810456780
   0.000001743538231
   0.000002670838012
   0.000003250767850
   0.000003920261903
   0.000004306585234
   0.000004827202277
   0.000005477434922
   0.000006039358453
   0.000006512424536
   0.000007203131755
   0.000007720144438
   0.000008120635400
   0.000008681890011
   0.000009064335008
   0.000009476132726
   0.000009834377614
   0.000010105666489
   0.000010120252597
   0.000010374421529
   0.000010621692333
   0.000010653510597
   0.000010622952627
   0.000010686501191
   0.000010680540740
   0.000010698856265
   0.000010705469118
   0.000010702559893
   0.000010686035382
   0.000010670605839
   0.000010632572470
   0.000010593182417
   0.000010556279149
   0.000010521388322
   0.000010493484093
   0.000010453993326
   0.000010377041429
   0.000010382839793
   0.000010311689177
   0.000010239247750
   0.000010153961900
   0.000010075177723
   0.000009962689311
   0.000009855712909
   0.000009788840062
   0.000009693496309
   0.000009586985910
   0.000009490874316
   0.000009389903305
   0.000009277641287
   0.000009162842929
   0.000009073087899
   0.000008954034254
   0.000008831368522
   0.000008719065234
   0.000008607727728
   0.000008482035090
   0.000008355786619
   0.000008243294054
   0.000008109568283
   0.000007973456685
   0.000007846546996
   0.000007715789512
   0.000007573091646
   0.000007437323817
   0.000007306827397
   0.000007162871035
   0.000007021643420
   0.000006885459297
   0.000006737989186
   0.000006593706769
   0.000006451702133
   0.000006294621239
   0.000006147909042
   0.000005976915061
   0.000005757113841
   0.000005613848944
   0.000005462059945
   0.000005235591793
   0.000005096593397
   0.000004958327633
   0.000004880636840
   0.000004752650228
   0.000004612464131
   0.000004505747828
   0.000004373561166
   0.000004238569006
   0.000004113658887
   0.000003982022997
   0.000003845746729
   0.000003713936282
   0.000003581301226
   0.000003453700213
   0.000003324035349
   0.000003199882195
   0.000003079138657
   0.000002957795062
   0.000002833995639
   0.000002720353837
   0.000002551135796
   0.000002419754187
   0.000002318965899
   0.000001974626887
   0.000001832625704
   0.000001755942224
   0.000001665131303
   0.000001597499665
   0.000001517434178
   0.000001445648668
   0.000001371739649
   0.000001300304541
   0.000001231482584
   0.000001165302018
   0.000001102901141
   0.000001039794309
   0.000000980352848
   0.000000922384844
   0.000000867814475
   0.000000814258064
   0.000000749176106
   0.000000701187699
   0.000000647636765
   0.000000603463939
   0.000000568688046
   0.000000529739108
   0.000000498010293
   0.000000463938748
   0.000000432638385
   0.000000401913978
   0.000000373543439
   0.000000346577007
   0.000000320925217
   0.000000296190318
   0.000000273237436
   0.000000252132063
   0.000000232655092
   0.000000214300741
   0.000000197000370
   0.000000180921417
   0.000000165878090
   0.000000151920943
   0.000000138522256
   0.000000126375078
   0.000000114277322
   0.000000103830938
   0.000000092220959
   0.000000083384065
   0.000000070496064
   0.000000063567580
   0.000000057415728
   0.000000051672111
   0.000000046127998
   0.000000041112988
   0.000000036769354
   0.000000033117824
   0.000000029506283
   0.000000026224589
   0.000000022967574
   0.000000020261807
   0.000000017809574
   0.000000015684329
   0.000000014109800
   0.000000012655692
   0.000000011243452
   0.000000009961758
   0.000000008823036
   0.000000007781884
   0.000000006832257
   0.000000005995398
   0.000000005252553
   0.000000004584420
   0.000000003991245
   0.000000003463917
   0.000000003000444
   0.000000002596008
   0.000000002244962
   0.000000001943219
   0.000000001676659
   0.000000001442685
   0.000000001236055
   0.000000001040114
   0.000000000882981
   0.000000000752466
   0.000000000638798
   0.000000000542506
   0.000000000460804
   0.000000000389411
   0.000000000328813
   0.000000000277296
   0.000000000232764
   0.000000000195189
   0.000000000163291
   0.000000000136084
   0.000000000113236
   0.000000000093926
   0.000000000077636
   0.000000000063998
   0.000000000051106
   0.000000000041677
   0.000000000034327
   0.000000000028204
   0.000000000023576
   0.000000000019419
   0.000000000015717
   0.000000000012679
   0.000000000010191
   0.000000000008164
   0.000000000006512
   0.000000000005175
   0.000000000004088
   0.000000000003194
   0.000000000002459
   0.000000000001921
   0.000000000001488
   0.000000000001177
   0.000000000000907
   0.000000000000710
   0.000000000000544
   0.000000000000421
   0.000000000000321
   0.000000000000246
   0.000000000000186
   0.000000000000141
   0.000000000000106
   0.000000000000079
   0.000000000000059
   0.000000000000043
   0.000000000000032
   0.000000000000023
   0.000000000000017
   0.000000000000012
   0.000000000000009
   0.000000000000006
   0.000000000000004
   0.000000000000003
   0.000000000000002
   0.000000000000001
   0.000000000000001
   0.000000000000001
   0.000000000000000
   0.000000000000000
   0.000000000000000
   0.000000000000000
   0.000000000000000
   0.000000000000000
   0.000000000000000
   0.000000000000000
   0.000000000000000
   0.000000000000000
   0.000000013749233
   0.000000022888604
   0.000000026585120
   0.000000021297864
   0.000000022781897
   0.000000008586407
   0.000000027169946
   0.000000018945328
   0.000000005589945
   0.000000029022087
   0.000000023955102
   0.000000024140268
   0.000000024748444
   0.000000021406350
   0.000000029340820
   0.000000031203233
   0.000000028530921
   0.000000033723967
   0.000000034280408
   0.000000034649284
   0.000000040503434
   0.000000037636744
   0.000000034053890
   0.000000054306853
   0.000000044325171
   0.000000038324179
   0.000000065448420
   0.000000046166822
   0.000000047969064
   0.000000062268202
   0.000000076968874
   0.000000079934034
   0.000000076551002
   0.000000067900316
   0.000000095004017
   0.000000091887609
   0.000000077285350
   0.000000076753548
   0.000000112393312
   0.000000088839711
   0.000000086584128
   0.000000102145327
   0.000000303250814
   0.000000305789842
   0.000000320061788
   0.000000416931544
   0.000000512727019
   0.000000404877639
   0.000000439086926
   0.000000623005905
   0.000000669003803
   0.000000593200651
   0.000000595066647
   0.000000957251877
   0.000000944087392
   0.000000976560342
   0.000001062897115
   0.000001247902050
   0.000002022935009
   0.000002311059892
   0.000002611383654
   0.000002888184391
   0.000003225407213
   0.000003540259697
   0.000004008387264
   0.000004289457422
   0.000004619294161
   0.000004863951554
   0.000005071590762
   0.000005240442041
   0.000005432207106
   0.000005713991918
   0.000005932272006
   0.000006001274469
   0.000006049220911
   0.000006098259755
   0.000006111490158
   0.000006103130102
   0.000006159159083
   0.000006192507667
   0.000006206741669
   0.000006232398872
   0.000006185927730
   0.000006158697133
   0.000006092780329
   0.000006066663856
   0.000006019664553
   0.000005866578631
   0.000005981435456
   0.000005924592644
   0.000005859143664
   0.000005781948554
   0.000005734716002
   0.000005690960708
   0.000005573732489
   0.000005607579565
   0.000005539440405
   0.000005463579035
   0.000005380557879
   0.000005309265258
   0.000005241703579
   0.000005161176886
   0.000005170599426
   0.000005097101489
   0.000005020769677
   0.000004952552339
   0.000004916578490
   0.000004856871153
   0.000004783642594
   0.000004754258750
   0.000004676898951
   0.000004597507874
   0.000004525114676
   0.000004465709341
   0.000004381737966
   0.000004303740753
   0.000004249475394
   0.000004170612665
   0.000004092611302
   0.000004019986438
   0.000003948739163
   0.000003869384765
   0.000003793939573
   0.000003719636900
   0.000003635604572
   0.000003555262832
   0.000003473025496
   0.000003397936486
   0.000003321282651
   0.000003245301380
   0.000003167267843
   0.000003087362194
   0.000003017157813
   0.000002941566250
   0.000002865001501
   0.000002792104256
   0.000002715765884
   0.000002638574252
   0.000002566791777
   0.000002492820331
   0.000002417611012
   0.000002343300068
   0.000002266330061
   0.000002177040841
   0.000002077904239
   0.000002012065665
   0.000001944761373
   0.000001907340411
   0.000001844270743
   0.000001764154131
   0.000001675331235
   0.000001603832465
   0.000001543443543
   0.000001464908742
   0.000001399720939
   0.000001338402163
   0.000001274709670
   0.000001226968895
   0.000001180224995
   0.000001136229868
   0.000001083869031
   0.000001031178633
   0.000000983727304
   0.000000941235929
   0.000000903546853
   0.000000857280855
   0.000000813376872
   0.000000771252418
   0.000000733192777
   0.000000697737874
   0.000000658613763
   0.000000621002879
   0.000000584062235
   0.000000544847587
   0.000000513214489
   0.000000484023205
   0.000000462468188
   0.000000437741758
   0.000000408517784
   0.000000383391199
   0.000000360504424
   0.000000341447637
   0.000000320476281
   0.000000298496578
   0.000000278892882
   0.000000261348541
   0.000000245030160
   0.000000228311633
   0.000000211878309
   0.000000196995108
   0.000000182811743
   0.000000169493631
   0.000000155314717
   0.000000143183333
   0.000000128890165
   0.000000118109871
   0.000000100919740
   0.000000091690706
   0.000000066143665
   0.000000059995196
   0.000000055037498
   0.000000049972896
   0.000000044211372
   0.000000039455534
   0.000000035959811
   0.000000033490398
   0.000000029601910
   0.000000026360361
   0.000000023849071
   0.000000021792971
   0.000000019204920
   0.000000017061946
   0.000000015381975
   0.000000013818313
   0.000000012168954
   0.000000010814602
   0.000000009675592
   0.000000008570369
   0.000000007543787
   0.000000006685094
   0.000000005910353
   0.000000005186603
   0.000000004556286
   0.000000004004387
   0.000000003499950
   0.000000003054126
   0.000000002665978
   0.000000002318667
   0.000000002011561
   0.000000001744349
   0.000000001504259
   0.000000001254906
   0.000000001084149
   0.000000000937852
   0.000000000802161
   0.000000000688579
   0.000000000591368
   0.000000000503433
   0.000000000429377
   0.000000000365751
   0.000000000309533
   0.000000000262180
   0.000000000221459
   0.000000000186245
   0.000000000156544
   0.000000000131129
   0.000000000109505
   0.000000000091267
   0.000000000075603
   0.000000000062593
   0.000000000051642
   0.000000000042474
   0.000000000034930
   0.000000000028600
   0.000000000023363
   0.000000000019024
   0.000000000015435
   0.000000000012482
   0.000000000010054
   0.000000000008072
   0.000000000006451
   0.000000000005100
   0.000000000003938
   0.000000000003109
   0.000000000002411
   0.000000000001941
   0.000000000001499
   0.000000000001194
   0.000000000000918
   0.000000000000722
   0.000000000000553
   0.000000000000430
   0.000000000000327
   0.000000000000251
   0.000000000000190
   0.000000000000144
   0.000000000000108
   0.000000000000081
   0.000000000000060
   0.000000000000044
   0.000000000000032
   0.000000000000024
   0.000000000000017
   0.000000000000012
   0.000000000000009
   0.000000000000006
   0.000000000000004
   0.000000000000003
   0.000000000000002
   0.000000000000001
   0.000000000000001
   0.000000000000001
   0.000000000000000
   0.000000000000000
   0.000000000000000
   0.000000000000000
   0.000000000000000
   0.000000000000000
   0.000000000000000
   0.000000000000000
