 -25.689935625305942
 -25.529970910261589
 -25.380725675587211
 -25.234929141670520
 -25.097451778675655
 -24.962010137113250
 -24.828125503617773
 -24.699787045640804
 -24.572704519984779
 -24.446990920951606
 -24.322682616997561
 -24.201646144578486
 -24.082610180622332
 -23.964214535918497
 -23.846622762285580
 -23.730031854046395
 -23.615188737209898
 -23.501576661982295
 -23.388345805573245
 -23.275812035987780
 -23.163775279817234
 -23.052542934176806
 -22.942100698429130
 -22.832191680522932
 -22.722558836676626
 -22.613284401427933
 -22.504285433221543
 -22.395692339544670
 -22.287587947335528
 -22.179768515675310
 -22.071997928640624
 -21.964024795957531
 -21.856009045217046
 -21.748006303577704
 -21.640052589257280
 -21.532046136522325
 -21.423862612921262
 -21.315363529669373
 -21.206629459543080
 -21.097831460319650
 -20.988976451283484
 -20.880003935890162
 -20.770843042264605
 -20.661432732916719
 -20.551839480689615
 -20.442138553902236
 -20.332324925370688
 -20.222382619390235
 -20.112247365445189
 -20.001852639031995
 -19.891167275818670
 -19.780118681406634
 -19.668547850772065
 -19.556518179657392
 -19.444224099526547
 -19.331692585340047
 -19.218309766992725
 -19.103942657832889
 -18.989031692502117
 -18.873765739000159
 -18.758180620902667
 -18.641932239229547
 -18.524877335352794
 -18.407347209612801
 -18.289467154663196
 -18.171226295553122
 -18.052461802520998
 -17.933207657582223
 -17.813637817218915
 -17.693807971911848
 -17.573681412604515
 -17.453242767415656
 -17.332585836192646
 -17.211787912992381
 -17.090858031637456
 -16.969795273559850
 -16.848645048733680
 -16.727469887851115
 -16.606293731918768
 -16.485126513232657
 -16.364007813916391
 -16.242999490718010
 -16.122126830937635
 -16.001403848597644
 -15.880859389940753
 -15.760524023848015
 -15.640415123773614
 -15.520552141009697
 -15.400958497550789
 -15.281658316159252
 -15.162665587360209
 -15.043997753344073
 -14.925674827887681
 -14.807714575569042
 -14.690130947803040
 -14.572940135730585
 -14.456154086019291
 -14.339786886860471
 -14.223850856014073
 -14.108358407550995
 -13.993319625867798
 -13.878746021447576
 -13.764648408775061
 -13.651036547847996
 -13.537919397230912
 -13.425306107620550
 -13.313205193026368
 -13.201624351099793
 -13.090570988810452
 -12.980052390595016
 -12.870075334545485
 -12.760646142099100
 -12.651771001725335
 -12.543455882089150
 -12.435706335586575
 -12.328527611732746
 -12.221924727095381
 -12.115902454719848
 -12.010465293447139
 -11.905617481383755
 -11.801363036457845
 -11.697705763033133
 -11.594649224949919
 -11.492196781239528
 -11.390351557189168
 -11.289116529059187
 -11.188494528125979
 -11.088487995583405
 -10.989099296746774
 -10.890330315398382
 -10.792183084227853
 -10.694658020651506
 -10.597759682532267
 -10.501488294183671
 -10.405846905702422
 -10.310841589385291
 -10.216472451616351
 -10.122741423598717
 -10.029648818379647
  -9.937194901917374
  -9.845384211645959
  -9.754216495950434
  -9.663689438860599
  -9.573804012548008
  -9.484559513345681
  -9.395954120854174
  -9.307987735353839
  -9.220659456465267
  -9.133967821252442
  -9.047912253464023
  -8.962491615387984
  -8.877704450943289
  -8.793549659949647
  -8.710025806709835
  -8.627131234819929
  -8.544864288039561
  -8.463223472299950
  -8.382206246337091
  -8.301811492663241
  -8.222038759654895
  -8.142885856782520
  -8.064351269274033
  -7.986432343096435
  -7.909128277995196
  -7.832437610113173
  -7.756358126152207
  -7.680888604548011
  -7.606027134567829
  -7.531771709739354
  -7.458120675058415
  -7.385072019163714
  -7.312623694157840
  -7.240773617789745
  -7.169519504853916
  -7.098858982015445
  -7.028789590117046
  -6.959308732162417
  -6.890413773926280
  -6.822102029805293
  -6.754370745805384
  -6.687217167662393
  -6.620638551040998
  -6.554632232654572
  -6.489195540225957
  -6.424325615915103
  -6.360019498975809
  -6.296274111497731
  -6.233086183454085
  -6.170452333885398
  -6.108369227487715
  -6.046833548043158
  -5.985841951940735
  -5.925391115310378
  -5.865477712137723
  -5.806098407029012
  -5.747249854510722
  -5.688928705279226
  -5.631131622421788
  -5.573855263160914
  -5.517096257498331
  -5.460851223451104
  -5.405116843156891
  -5.349889799956977
  -5.295166764350340
  -5.240944360976616
  -5.187219304419703
  -5.133988263317582
  -5.081247946525350
  -5.028995098564296
  -4.977226484282966
  -4.925938887910991
  -4.875129055196503
  -4.824793716933708
  -4.774929558969259
  -4.725533215115566
  -4.676601308499524
  -4.628130462735724
  -4.580117295380338
  -4.532558428248366
  -4.485450485605744
  -4.438790097313714
  -4.392573900119161
  -4.346798539556383
  -4.301460672792357
  -4.256556985823998
  -4.212084341803731
  -4.168039539232151
  -4.124419370688308
  -4.081220610785771
  -4.038440024409884
  -3.996074234908897
  -3.954119864119678
  -3.912573582468555
  -3.871432067995674
  -3.830692026093118
  -3.790350178659828
  -3.750403266125880
  -3.710848046689415
  -3.671681294031658
  -3.632899798799080
  -3.594500366839569
  -3.556479820400130
  -3.518834997246613
  -3.481562751389893
  -3.444659952753280
  -3.408123487641121
  -3.371950258611751
  -3.336137184856605
  -3.300681202310831
  -3.265579263755246
  -3.230828357740421
  -3.196425516456297
  -3.162367782619083
  -3.128652228421613
  -3.095275925363478
  -3.062235955958257
  -3.029529376225938
  -2.997153268068285
  -2.965104702228171
  -2.933380785435109
  -2.901978624096187
  -2.870895357769814
  -2.840128134301484
  -2.809674130058153
  -2.779530533937737
  -2.749694558019224
  -2.720163427349788
  -2.690934387290006
  -2.662004696196181
  -2.633371632888384
  -2.605032490221003
  -2.576984588169105
  -2.549225283258126
  -2.521751945879012
  -2.494561966445935
  -2.467652746813762
  -2.441021704999686
  -2.414666262364205
  -2.388583839449566
  -2.362771877443043
  -2.337227830703505
  -2.311949176414544
  -2.286933408528594
  -2.262178043103133
  -2.237680613982751
  -2.213438676100849
  -2.189449802454114
  -2.165711586319414
  -2.142222279522811
  -2.118979655660320
  -2.095981226120530
  -2.073224597312807
  -2.050707245564691
  -2.028426771250032
  -2.006380723320574
  -1.984566754419073
  -1.962982505819477
  -1.941625704143894
  -1.920494087452152
  -1.899585470148626
 -20.470708327359553
 -20.434356413432958
 -20.397548717273278
 -20.360333993461367
 -20.322499300963525
 -20.284361910689547
 -20.245513688161701
 -20.206079686776846
 -20.166336217390224
 -20.125887709764722
 -20.084899408738885
 -20.043459347398993
 -20.001342186040400
 -19.958670608405480
 -19.915627621129094
 -19.871891111923862
 -19.827461986483122
 -19.782498432188888
 -19.737034677311581
 -19.690912528193635
 -19.644138081441774
 -19.596767549328181
 -19.548846737773562
 -19.500223168253068
 -19.450925864567125
 -19.400978053220229
 -19.350501825468562
 -19.299434622308326
 -19.247652747350770
 -19.195141405172148
 -19.141886169686860
 -19.087879872296522
 -19.033222589401102
 -18.978094765367594
 -18.922256161663306
 -18.865688196315155
 -18.808381593749957
 -18.750329943263861
 -18.691529271105267
 -18.631976521091541
 -18.571688396944143
 -18.510723902826221
 -18.449102775556618
 -18.386776032452520
 -18.323717989997409
 -18.259914401937728
 -18.195355977439885
 -18.130033843906045
 -18.063934106758001
 -17.997037785724771
 -17.929330477466191
 -17.860801614551288
 -17.791415920199519
 -17.720248662738648
 -17.647594355442621
 -17.573207648834646
 -17.497287125417504
 -17.419812128129585
 -17.340819390254250
 -17.260385939376803
 -17.178640047432570
 -17.095687342330024
 -17.011603252470426
 -16.926438015692778
 -16.840251395468570
 -16.753101935079581
 -16.665039827234303
 -16.576109639182171
 -16.486350953279683
 -16.395812606520654
 -16.304546237228802
 -16.212596540969081
 -16.119999259937657
 -16.026784897292604
 -15.932989510596590
 -15.838648207595172
 -15.743793570921772
 -15.648456491804611
 -15.552667506980804
 -15.456459616560952
 -15.359863584326195
 -15.262916910771386
 -15.165655489267415
 -15.068129632914129
 -14.970359381438694
 -14.872374383110751
 -14.774186473429188
 -14.675820061157188
 -14.577290966492297
 -14.478622345333410
 -14.379834174712338
 -14.280947701621724
 -14.181982739426592
 -14.082969271687915
 -13.983919599667290
 -13.884853668788432
 -13.785789391353244
 -13.686748590981750
 -13.587750684411599
 -13.488812915520473
 -13.389951478081414
 -13.291182260453015
 -13.192520491624093
 -13.093981039768430
 -12.995578715015951
 -12.897328080992235
 -12.799243379664631
 -12.701338561902631
 -12.603627326283346
 -12.506123081632520
 -12.408838918646566
 -12.311787682892133
 -12.214981975366335
 -12.118434053206911
 -12.022155819563167
 -11.926158822669439
 -11.830454305088898
 -11.735053217535615
 -11.639966166459443
 -11.545203455032771
 -11.450775099718259
 -11.356690868158475
 -11.262960559138287
 -11.169593776992137
 -11.076599630046106
 -10.983987230721320
 -10.891765227924731
 -10.799941785775955
 -10.708524593844706
 -10.617520691854354
 -10.526936931634840
 -10.436779942048801
 -10.347055650831464
 -10.257769879384318
 -10.168928986731887
 -10.080538750173751
  -9.992604600671555
  -9.905131983568321
  -9.818125700107361
  -9.731590931083739
  -9.645532855781877
  -9.559955757501534
  -9.474864128806527
  -9.390262343347644
  -9.306154007634975
  -9.222542650160538
  -9.139431669564191
  -9.056823977089964
  -8.974722320827578
  -8.893129424591436
  -8.812047619790185
  -8.731478965995720
  -8.651425624763306
  -8.571889217722964
  -8.492870815884787
  -8.414372558673074
  -8.336394310061632
  -8.258936353249936
  -8.182002877221832
  -8.105594729761707
  -8.029713226757570
  -7.954358546058495
  -7.879530484050503
  -7.805231496015268
  -7.731462369561015
  -7.658223759704889
  -7.585516665678366
  -7.513341686825346
  -7.441699267970715
  -7.370589625533442
  -7.300013121125788
  -7.229969703314957
  -7.160459128261193
  -7.091480855927102
  -7.023034111362176
  -6.955117872687459
  -6.887730874226403
  -6.820871859519610
  -6.754539525273514
  -6.688732484984523
  -6.623449325504891
  -6.558688573155964
  -6.494448706050287
  -6.430728138351794
  -6.367525203764247
  -6.304838173052035
  -6.242665242489513
  -6.181004527325803
  -6.119854072064713
  -6.059211873199096
  -5.999075882774249
  -5.939444001471479
  -5.880314067772382
  -5.821683859715820
  -5.763551141819098
  -5.705913654614444
  -5.648769061380909
  -5.592114931566644
  -5.535948863700458
  -5.480268515827811
  -5.425071321688675
  -5.370354957004383
  -5.316117133083933
  -5.262355345505995
  -5.209066732098401
  -5.156249026905662
  -5.103899684210726
  -5.052016210085588
  -5.000596162145596
  -4.949637119488044
  -4.899136684467869
  -4.849092309997698
  -4.799501378961090
  -4.750361160475074
  -4.701668777213018
  -4.653421322986062
  -4.605615919932593
  -4.558249681723034
  -4.511319724885786
  -4.464823163263137
  -4.418757109073320
  -4.373118672701418
  -4.327904963851397
  -4.283113097050647
  -4.238740198428943
  -4.194783414684307
  -4.151239878615485
  -4.108106731936020
  -4.065381097501393
  -4.023060095759686
  -3.981140829305486
  -3.939620381317975
  -3.898495839089589
  -3.857764271164966
  -3.817422725362280
  -3.777468258555214
  -3.737897921059201
  -3.698708771844784
  -3.659897871732922
  -3.621462290127259
  -3.583399102515618
  -3.545705393464196
  -3.508378255892016
  -3.471414792403208
  -3.434812115230648
  -3.398567347251498
  -3.362677621705894
  -3.327140083206180
  -3.291951888657812
  -3.257110205994931
  -3.222612272853718
  -3.188455405009987
  -3.154636853231643
  -3.121153900398566
  -3.088003799201394
  -3.055183782095084
  -3.022690987831087
  -2.990522651073493
  -2.958675977700777
  -2.927148229605305
  -2.895936666077947
  -2.865038581192481
  -2.834451285859880
  -2.804172108876650
  -2.774198385689020
  -2.744527466681105
  -2.715156698493630
  -2.686083447542862
  -2.657305085032051
  -2.628819004096141
  -2.600622607049893
  -2.572713318620053
  -2.545088580656740
  -2.517745855147488
  -2.490682619915597
  -2.463896369600740
  -2.437384613646981
  -2.411144874884103
  -2.385174686445296
  -2.359471595639414
  -2.334033162394549
  -2.308856962993098
  -2.283940588049734
  -2.259281645316068
  -2.234877757787243
  -2.210726565865583
  -2.186825725894957
  -2.163172912027211
  -2.139765938493138
  -2.116602594912171
  -2.093680670645236
  -2.070997912882185
  -2.048552059025311
  -2.026340849256107
  -2.004362027052573
  -1.982613370244245
  -1.961092697954596
  -1.939797893177277
  -1.918726910796534
  -1.897877836735435
 -18.060750411671467
 -18.042827978072246
 -18.024571356272276
 -18.005870013421823
 -17.986805217396910
 -17.967293152429331
 -17.947304262515598
 -17.926941702184987
 -17.906066807462313
 -17.884813162594085
 -17.863061187779834
 -17.840797811918709
 -17.818096024010664
 -17.794859490514479
 -17.771133699965890
 -17.746957880865583
 -17.722222923142795
 -17.696989606594055
 -17.671273820495866
 -17.644983444759877
 -17.618170843427610
 -17.590828612629064
 -17.562873407496863
 -17.534296962526007
 -17.505181980644473
 -17.475509053743941
 -17.445224430697479
 -17.414345869559259
 -17.382903695558632
 -17.350802635371902
 -17.318033502903813
 -17.284593472883323
 -17.250594947618705
 -17.215914179761935
 -17.180531465425897
 -17.144437919400719
 -17.107633343734566
 -17.070171452146486
 -17.031967952249971
 -16.993014372936464
 -16.953285859930489
 -16.912743233524861
 -16.871353793625811
 -16.829144097498325
 -16.786006805767819
 -16.741874483266354
 -16.696734817284185
 -16.650434571617801
 -16.602869568417553
 -16.554041776075390
 -16.503573538903986
 -16.451442779211497
 -16.397799926090972
 -16.342722608630538
 -16.286266943640911
 -16.228487470706394
 -16.169455680657613
 -16.109233388096982
 -16.047870551630599
 -15.985415103733276
 -15.921917443837369
 -15.857433535853835
 -15.791927726300782
 -15.725425682691416
 -15.657951547767318
 -15.589536582828119
 -15.520214809888042
 -15.450021327031711
 -15.378996429849197
 -15.307203580821788
 -15.234726625622748
 -15.161513772043779
 -15.087535282672501
 -15.012816058905196
 -14.937379653453196
 -14.861248519892500
 -14.784445768320234
 -14.706994477825718
 -14.628915515154702
 -14.550231456376810
 -14.471003051433062
 -14.391439876049199
 -14.311436235234611
 -14.230928605809945
 -14.149940196133890
 -14.068492528037320
 -13.986604032700109
 -13.904294295253621
 -13.821584356994373
 -13.738495080273731
 -13.655046618650241
 -13.571259255502758
 -13.487155493886888
 -13.402753167109495
 -13.318083020010777
 -13.233211151687531
 -13.148184329909093
 -13.062995552827303
 -12.977632339507906
 -12.892099919652816
 -12.806410023227631
 -12.720576702551419
 -12.634615100130365
 -12.548541082261325
 -12.462370959419246
 -12.376121168615491
 -12.289808045572141
 -12.203447792308797
 -12.117056499403580
 -12.030650095621914
 -11.944244303770590
 -11.857854643323046
 -11.771496461942903
 -11.685184881292045
 -11.598934682207551
 -11.512760377274926
 -11.426676159343639
 -11.340695948456226
 -11.254833302726805
 -11.169102753215130
 -11.083525876317111
 -10.998116782797185
 -10.912891671310449
 -10.827862465828980
 -10.743042293303946
 -10.658440463964984
 -10.574062207299848
 -10.489916732755185
 -10.406011732344144
 -10.322356570501610
 -10.238959970407290
 -10.155830985822575
 -10.072978231674208
  -9.990410537390641
  -9.908136567324160
  -9.826164697410542
  -9.744503379527128
  -9.663160664361294
  -9.582144213045327
  -9.501461433172187
  -9.421120126192458
  -9.341127424495614
  -9.261490663413603
  -9.182216844435196
  -9.103312247691823
  -9.024782646513648
  -8.946633731131788
  -8.868870400698398
  -8.791498110815192
  -8.714522220778319
  -8.637947381457046
  -8.561778530637303
  -8.486020232922765
  -8.410675631442047
  -8.335749251907986
  -8.261245577172971
  -8.187167658558845
  -8.113519840073193
  -8.040305729144611
  -7.967528353519744
  -7.895190476283688
  -7.823294823296891
  -7.751845202776368
  -7.680844186302372
  -7.610294001145252
  -7.540197008118855
  -7.470555384316194
  -7.401375175541426
  -7.332657159021353
  -7.264402228902326
  -7.196611537617175
  -7.129285803534600
  -7.062426103044012
  -6.996033083777216
  -6.930107233273843
  -6.864648487811619
  -6.799656821029652
  -6.735132296877475
  -6.671074829021501
  -6.607484309313693
  -6.544360590846094
  -6.481703487289212
  -6.419512746213302
  -6.357787986603658
  -6.296528727432887
  -6.235734469761393
  -6.175404710085814
  -6.115538832049541
  -6.056136001317613
  -5.997195287078751
  -5.938715883119547
  -5.880697028474318
  -5.823137628049755
  -5.766036174025099
  -5.709391426990345
  -5.653202631214556
  -5.597468676414215
  -5.542187244489192
  -5.487356429283337
  -5.432975850624441
  -5.379044291850963
  -5.325560741074282
  -5.272524040088157
  -5.219931984027539
  -5.167781678606010
  -5.116072300061873
  -5.064802115340910
  -5.013969447098903
  -4.963572623686005
  -4.913609836356009
  -4.864079280513666
  -4.814979036235754
  -4.766307148937146
  -4.718061586290570
  -4.670240231110339
  -4.622840915615651
  -4.575861433469775
  -4.529299538526609
  -4.483152953069331
  -4.437419368515759
  -4.392096457223517
  -4.347181870142790
  -4.302673229842678
  -4.258568149561895
  -4.214864245420189
  -4.171559092934376
  -4.128650257832808
  -4.086135358650753
  -4.044011939916310
  -4.002277528453815
  -3.960929798680755
  -3.919966279299594
  -3.879384476374797
  -3.839181858573948
  -3.799355694393786
  -3.759903308562613
  -3.720822024770913
  -3.682109187625203
  -3.643762146307937
  -3.605778261031810
  -3.568154897189609
  -3.530889427391329
  -3.493979229958224
  -3.457421689158519
  -3.421214194779530
  -3.385354144265389
  -3.349838940452064
  -3.314665993833563
  -3.279832727352287
  -3.245336566629970
  -3.211174954468260
  -3.177345358387171
  -3.143845226712308
  -3.110672025797596
  -3.077823202728322
  -3.045296218524749
  -3.013088499594765
  -2.981197512681464
  -2.949620710765537
  -2.918355574602991
  -2.887399603133020
  -2.856750301370279
  -2.826405240772306
  -2.796361954536605
  -2.766617941399343
  -2.737170704769159
  -2.708017672306171
  -2.679156321754605
  -2.650584135170545
  -2.622298628623911
  -2.594297326768721
  -2.566577779971219
  -2.539137549605001
  -2.511974218178004
  -2.485085380370926
  -2.458468648608416
  -2.432121647738196
  -2.406042018052777
  -2.380227412059056
  -2.354675496152250
  -2.329383948979141
  -2.304350463030563
  -2.279572743503598
  -2.255048509896033
  -2.230775495302447
  -2.206751448251721
  -2.182974132809101
  -2.159441331406453
  -2.136150846917586
  -2.113100509245946
  -2.090288171765839
  -2.067711684566934
  -2.045368925744735
  -2.023257785611877
  -2.001376205549215
  -1.979722198892161
  -1.958293939428046
  -1.937089795306364
  -1.916108465384330
  -1.895349258360476
