 -25.689935625305942
 -25.529970910261589
 -25.380725675587211
 -25.234929141670520
 -25.097591909665148
 -24.962245366209377
 -24.828430749803633
 -24.700147843770765
 -24.573109454329181
 -24.447436508699052
 -24.323155900099277
 -24.202140008901345
 -24.083113610443650
 -23.964721353233742
 -23.847129895775595
 -23.730538960408079
 -23.615693638725087
 -23.502074292556866
 -23.388833559913937
 -23.276293309647421
 -23.164249725925547
 -23.053011293682030
 -22.942562876412843
 -22.832647411551459
 -22.723008789082723
 -22.613728906348094
 -22.504724626823361
 -22.396125800683130
 -22.288015926895188
 -22.180191354062622
 -22.072472607824267
 -21.964930666615121
 -21.857556573608800
 -21.750396364844111
 -21.643482090549419
 -21.536678158575928
 -21.429818723488193
 -21.322723599864130
 -21.215445492188689
 -21.108139206155528
 -21.000801276160583
 -20.893361408782773
 -20.785737635926701
 -20.677841449857137
 -20.569717056980437
 -20.461458089163752
 -20.353061950169060
 -20.244521007068169
 -20.135788836236920
 -20.026831356626076
 -19.917695845578539
 -19.808417757184387
 -19.698984386943554
 -19.589364790806730
 -19.479512329946189
 -19.369384525583893
 -19.258934720107096
 -19.148060871951841
 -19.036607605583423
 -18.924667434158124
 -18.812297070787476
 -18.699132173164720
 -18.585000757451976
 -18.470325085106207
 -18.355217594710059
 -18.239670465250317
 -18.123468443037336
 -18.006600401187956
 -17.889281664599039
 -17.771581370452200
 -17.653461979843932
 -17.534888981389617
 -17.415958477573319
 -17.296761455572010
 -17.177305657848422
 -17.057580705033324
 -16.937643966608871
 -16.817569147520764
 -16.697383430260427
 -16.577096192385891
 -16.456742878754774
 -16.336383561117266
 -16.216068894967826
 -16.095815689921817
 -15.975657343766393
 -15.855636274911713
 -15.735761955162264
 -15.616056304455123
 -15.496546266871297
 -15.377258951198550
 -15.258210696706232
 -15.139421755776238
 -15.020914648705604
 -14.902710837403669
 -14.784825946108191
 -14.667277198860930
 -14.550082769605453
 -14.433259717215471
 -14.316822446572392
 -14.200785459615346
 -14.085161885420224
 -13.969965681684766
 -13.855209840436212
 -13.740906162378675
 -13.627065749978748
 -13.513699737555198
 -13.400818485495130
 -13.288431444724282
 -13.176547756707141
 -13.065176371603181
 -12.954325656832914
 -12.844003473179804
 -12.734217538997111
 -12.624975287422838
 -12.516283646793147
 -12.408149199529122
 -12.300578254823858
 -12.193576822992833
 -12.087150590796591
 -11.981304941235326
 -11.876044986237734
 -11.771375602299681
 -11.667301387504043
 -11.563826671472428
 -11.460955560963667
 -11.358692014515226
 -11.257039773282855
 -11.156002272213858
 -11.055582815289789
 -10.955787053678931
 -10.856620280056733
 -10.758084784365112
 -10.660182394710914
 -10.562914971310310
 -10.466283246688466
 -10.370290569935495
 -10.274937380335862
 -10.180226101015649
 -10.086160376836661
  -9.992737538284912
  -9.899958895326719
  -9.807824842194321
  -9.716335978509729
  -9.625495517244484
  -9.535303256198759
  -9.445757884897494
  -9.356860082830101
  -9.268609231466822
  -9.181004143390783
  -9.094044555967848
  -9.007729577354747
  -8.922058055125893
  -8.837029200962835
  -8.752641814288353
  -8.668894541417655
  -8.585786138217349
  -8.503315045670996
  -8.421479548618310
  -8.340277986407449
  -8.259708278612056
  -8.179768343338615
  -8.100457356167960
  -8.021774010180234
  -7.943716269640236
  -7.866282030492183
  -7.789469150021771
  -7.713276471511314
  -7.637702130682464
  -7.562744150009808
  -7.488400862798750
  -7.414670207302261
  -7.341550131338765
  -7.269038633577855
  -7.197133536196037
  -7.125832572141204
  -7.055133361085295
  -6.985033363825295
  -6.915529934120667
  -6.846620306186233
  -6.778301627101603
  -6.710571013345406
  -6.643425532273032
  -6.576862218667079
  -6.510878106278525
  -6.445470254165256
  -6.380635740246301
  -6.316371564160058
  -6.252674615615765
  -6.189541698132241
  -6.126969495098560
  -6.064954575779662
  -6.003493484551124
  -5.942582783682354
  -5.882219026496148
  -5.822398759549100
  -5.763118527716586
  -5.704374870196991
  -5.646164320850604
  -5.588483403485545
  -5.531328634172117
  -5.474696531489117
  -5.418583615735833
  -5.362986377543795
  -5.307901350202273
  -5.253325112099968
  -5.199254217129750
  -5.145685140784342
  -5.092614444084805
  -5.040038699586624
  -4.987954480194393
  -4.936358400760349
  -4.885247105175788
  -4.834617260900144
  -4.784465508504651
  -4.734788459770106
  -4.685582687608565
  -4.636844708985122
  -4.588571017987992
  -4.540758114605588
  -4.493402501808003
  -4.446500688940332
  -4.400049192640587
  -4.354044537916527
  -4.308483259407939
  -4.263361902728119
  -4.218677027115096
  -4.174425216097473
  -4.130603159516810
  -4.087207547009206
  -4.044235060512714
  -4.001682374259892
  -3.959546158529127
  -3.917823008497753
  -3.876509498698069
  -3.835602234839446
  -3.795097836346701
  -3.754992939934612
  -3.715284200972592
  -3.675968291785932
  -3.637041903250551
  -3.598501742897223
  -3.560344536204122
  -3.522567025622767
  -3.485165971374453
  -3.448138151061287
  -3.411480360121236
  -3.375189411729853
  -3.339262137154900
  -3.303695385689463
  -3.268486024974799
  -3.233630941257892
  -3.199127039238400
  -3.164971262898688
  -3.131160605033263
  -3.097692064586243
  -3.064562667269156
  -3.031769441269199
  -2.999309421620838
  -2.967179616419724
  -2.935377065745900
  -2.903898806695301
  -2.872741910676084
  -2.841903456771838
  -2.811380554557209
  -2.781170328999622
  -2.751269930869360
  -2.721676526332175
  -2.692387303632896
  -2.663399464311912
  -2.634710230870836
  -2.606316840407695
  -2.578216551576775
  -2.550406638990186
  -2.522884403189606
  -2.495647176564328
  -2.468692309904144
  -2.442017174376164
  -2.415619156432851
  -2.389495660044493
  -2.363644098388843
  -2.338061890010200
  -2.312746473041090
  -2.287695301040980
  -2.262905849536622
  -2.238375612129103
  -2.214102104174080
  -2.190082859821354
  -2.166315434353055
  -2.142797402040936
  -2.119526357790082
  -2.096500357517991
  -2.073717161611248
  -2.051174348693301
  -2.028869548681427
  -2.006800309254542
  -1.984964260718913
  -1.963359005906794
  -1.941982224936103
  -1.920831603433057
  -1.899904898880073
 -20.470761467838546
 -20.434413719268399
 -20.397613143439735
 -20.360400846458191
 -20.322570677371605
 -20.284436359901331
 -20.245590625382924
 -20.206159792807508
 -20.166417883991873
 -20.125971096733050
 -20.084985342623643
 -20.043546469204713
 -20.001430411750707
 -19.958760240233932
 -19.915718217598645
 -19.871982521110212
 -19.827554120769918
 -19.782591373609851
 -19.737128058922075
 -19.691006319627302
 -19.644232266650853
 -19.596862169514722
 -19.548941812042923
 -19.500334866800280
 -19.451058536170041
 -19.401136938700052
 -19.350699657712120
 -19.299666698027213
 -19.247922271039030
 -19.195451407102428
 -19.142238943225568
 -19.088275592517405
 -19.033670198666996
 -18.978589370650809
 -18.922795535201985
 -18.866272813199316
 -18.809011476230864
 -18.751004673673080
 -18.692248204924020
 -18.632738735543423
 -18.572496122574041
 -18.511578616595443
 -18.449999362109718
 -18.387713012295670
 -18.324696075833501
 -18.260935379598681
 -18.196423535463488
 -18.131155107942078
 -18.065120001069683
 -17.998302240912174
 -17.930685205706560
 -17.862246856764056
 -17.792951082365377
 -17.722782931984199
 -17.651648836765002
 -17.579056045894212
 -17.505161967681961
 -17.429852725003503
 -17.353146125439501
 -17.275043751298288
 -17.195660577690582
 -17.115087643432908
 -17.033401367240714
 -16.950642056963481
 -16.866849508815765
 -16.782079073485310
 -16.696372015295243
 -16.609768830966015
 -16.522299940103604
 -16.434007418975110
 -16.344939082300801
 -16.255137186049808
 -16.164635741620323
 -16.073458669352974
 -15.981640924524072
 -15.889215026261159
 -15.796211367366487
 -15.702665834651237
 -15.608608511207620
 -15.514070191690069
 -15.419080786373886
 -15.323667441510867
 -15.227859894974516
 -15.131703888533369
 -15.035218850937364
 -14.938436558257791
 -14.841379933849808
 -14.744076252701031
 -14.646542219136537
 -14.548800236138216
 -14.450869999484256
 -14.352774425063194
 -14.254534781980379
 -14.156172028122173
 -14.057706777317311
 -13.959163985862078
 -13.860563271570900
 -13.761926689241291
 -13.663276119195535
 -13.564630980340509
 -13.466008860755657
 -13.367426715934203
 -13.268901082357900
 -13.170448264765566
 -13.072084464349542
 -12.973825624862144
 -12.875687401143137
 -12.777685168199826
 -12.679834053079844
 -12.582148915609810
 -12.484644310741118
 -12.387334566418751
 -12.290233747424107
 -12.193355536451808
 -12.096713259439085
 -12.000319878266072
 -11.904188021776044
 -11.808330016517866
 -11.712757834166203
 -11.617483103348150
 -11.522517158088066
 -11.427871084464282
 -11.333555974319461
 -11.239582686679123
 -11.145961625249720
 -11.052703033807548
 -10.959816650385592
 -10.867311821642234
 -10.775197327870936
 -10.683481491540897
 -10.592172378059937
 -10.501277578660730
 -10.410804357599185
 -10.320759705035710
 -10.231150343002657
 -10.141982637014866
 -10.053262876485022
  -9.964997638298060
  -9.877193022817652
  -9.789854669003970
  -9.702987992489383
  -9.616598082807892
  -9.530690305166464
  -9.445269759039631
  -9.360340821803218
  -9.275907889770057
  -9.191975114739529
  -9.108546078301282
  -9.025624227480222
  -8.943212801766041
  -8.861314695122093
  -8.779932726686106
  -8.699069512370109
  -8.618727327391486
  -8.538908338134496
  -8.459614457115000
  -8.380847142540063
  -8.302608008253452
  -8.224898225694000
  -8.147718180241224
  -8.071069725452753
  -7.994955025094701
  -7.919375066052122
  -7.844330533702064
  -7.769821597979569
  -7.695849193470888
  -7.622414556722345
  -7.549518202491432
  -7.477160706902766
  -7.405342803594540
  -7.334064890374057
  -7.263326983581687
  -7.193129078716670
  -7.123471022163896
  -7.054352428064764
  -6.985772704900283
  -6.917731024267400
  -6.850226325691880
  -6.783257332868456
  -6.716822683497801
  -6.650920975341431
  -6.585550733164705
  -6.520710427759638
  -6.456398481944949
  -6.392613269828932
  -6.329353107195475
  -6.266616226049033
  -6.204400781720517
  -6.142704859728010
  -6.081526459432185
  -6.020863488740209
  -5.960713792844596
  -5.901075184440456
  -5.841945441599472
  -5.783322276586347
  -5.725203316089780
  -5.667586161385961
  -5.610468433017522
  -5.553847699207433
  -5.497721373926935
  -5.442086843949691
  -5.386941636589858
  -5.332283178662858
  -5.278108944724737
  -5.224416476781046
  -5.171203144647617
  -5.118466017266062
  -5.066202492803765
  -5.014409958804971
  -4.963085744795815
  -4.912227221165971
  -4.861831770459981
  -4.811896787965428
  -4.762419588710220
  -4.713397415375794
  -4.664827430055371
  -4.616706686482976
  -4.569032188843425
  -4.521800946351001
  -4.475009964829807
  -4.428656247354157
  -4.382736793902216
  -4.337248602159589
  -4.292188668028505
  -4.247553985928330
  -4.203341553543622
  -4.159548379136328
  -4.116171496072203
  -4.073207932153286
  -4.030654721453554
  -3.988508884771942
  -3.946767436634160
  -3.905427383263022
  -3.864485708420907
  -3.823939396671142
  -3.783785423103676
  -3.744020736883283
  -3.704642294428997
  -3.665647054716686
  -3.627031986561571
  -3.588794065674519
  -3.550930277976094
  -3.513437618592410
  -3.476313093433860
  -3.439553719048902
  -3.403156523380529
  -3.367118545888308
  -3.331436838363244
  -3.296108464754461
  -3.261130501943586
  -3.226500040865425
  -3.192214185144377
  -3.158270088379426
  -3.124664966474041
  -3.091396006852111
  -3.058460417308064
  -3.025855392288949
  -2.993578116466741
  -2.961625714505225
  -2.929995369679273
  -2.898684257092379
  -2.867689592099905
  -2.837008598059615
  -2.806638526170967
  -2.776576650513717
  -2.746820260396853
  -2.717366651626172
  -2.688213135108185
  -2.659357018309658
  -2.630795629603694
  -2.602526306857393
  -2.574546410079690
  -2.546853311910803
  -2.519444407633408
  -2.492317112336374
  -2.465468861352269
  -2.438897107345700
  -2.412599320407311
  -2.386572986746089
  -2.360815606777826
  -2.335324692355771
  -2.310097771146621
  -2.285132385101808
  -2.260426093748488
  -2.235976472428733
  -2.211781114613047
  -2.187837630337851
  -2.164143647971033
  -2.140696813073360
  -2.117494789997717
  -2.094535400875276
  -2.071816419692668
  -2.049335598707028
  -2.027090672978453
  -2.005079363838475
  -1.983299409427690
  -1.961748553392881
  -1.940424581406895
  -1.919325324442614
  -1.898448686015277
 -18.060774443999872
 -18.042852663629461
 -18.024597072337485
 -18.005896312435386
 -17.986832427912692
 -17.967320949995827
 -17.947332832039692
 -17.926970751370046
 -17.906096353801303
 -17.884843340475477
 -17.863091803772548
 -17.840828974672089
 -17.818127591670724
 -17.794891403615392
 -17.771166089904344
 -17.746990566711286
 -17.722255912468043
 -17.697023014045470
 -17.671307506460611
 -17.645017415781023
 -17.618205224019423
 -17.590863294651729
 -17.562908393963323
 -17.534332265111935
 -17.505217650940210
 -17.475545004879482
 -17.445260680659054
 -17.414382509486533
 -17.382940686241703
 -17.350839963581148
 -17.318071175730324
 -17.284631528403839
 -17.250633409592755
 -17.215953012262567
 -17.180570674351003
 -17.144477511815449
 -17.107673380444744
 -17.070211932524213
 -17.032008848716551
 -16.993055695223731
 -16.953327633452435
 -16.912785502500771
 -16.871396728066536
 -16.829190590089507
 -16.786056469635252
 -16.741927881579709
 -16.696792090058619
 -16.650496017287022
 -16.602951516380628
 -16.554196111922376
 -16.504204090782316
 -16.452955392511701
 -16.400485716503947
 -16.346801726297937
 -16.291936084936470
 -16.235890896219370
 -16.178711974203907
 -16.120491916306669
 -16.061268352081697
 -16.001049646001981
 -15.939827001278699
 -15.877609873267664
 -15.814411997328323
 -15.750249296776472
 -15.685139073575922
 -15.619099158128167
 -15.552158011496303
 -15.484396332993335
 -15.415884294037054
 -15.346599884246070
 -15.276520965714603
 -15.205640424989904
 -15.133968248759677
 -15.061522435379571
 -14.988322439635859
 -14.914387953304756
 -14.839737843184302
 -14.764391538617861
 -14.688393677352474
 -14.611817704190159
 -14.534661810483042
 -14.457013113838318
 -14.378833325835878
 -14.300101460766557
 -14.220827546918322
 -14.141032048869832
 -14.060733396946839
 -13.979949257345947
 -13.898698811692398
 -13.817001504652479
 -13.734877684473261
 -13.652347043995563
 -13.569429358018510
 -13.486168676280561
 -13.402608702691840
 -13.318769250843115
 -13.234663434672852
 -13.150317889119210
 -13.065739400495950
 -12.980931020029184
 -12.895902929928408
 -12.810669143833495
 -12.725245331622643
 -12.639648045146982
 -12.553894376736793
 -12.468001654941947
 -12.381987197972018
 -12.295868264941687
 -12.209662075871998
 -12.123385754694702
 -12.037056269813171
 -11.950690403776242
 -11.864304722367136
 -11.777915602271642
 -11.691539214522878
 -11.605191467162168
 -11.518887992324588
 -11.432644151111763
 -11.346475000772614
 -11.260395319887639
 -11.174420781148601
 -11.088573018622689
 -11.002871965662722
 -10.917331310560860
 -10.831966086310137
 -10.746788545316992
 -10.661811560073305
 -10.577043070632270
 -10.492487344091550
 -10.408155098203890
 -10.324055971670759
 -10.240200389841982
 -10.156598324296052
 -10.073259806767926
  -9.990194424041116
  -9.907411737113598
  -9.824921252248956
  -9.742732153128108
  -9.660853485055314
  -9.579294009377763
  -9.498062066813606
  -9.417165775893285
  -9.336613373373066
  -9.256412610459110
  -9.176571165068166
  -9.097096504396452
  -9.017995507359180
  -8.939274567116394
  -8.860939865987154
  -8.782997057498305
  -8.705451816359368
  -8.628309798678984
  -8.551576187422032
  -8.475256044958167
  -8.399354257860125
  -8.323874849545481
  -8.248822030370995
  -8.174200340271653
  -8.100013370798289
  -8.026264858300552
  -7.952958969947725
  -7.880099196821245
  -7.807688575581207
  -7.735729919570671
  -7.664226353893306
  -7.593180942012759
  -7.522596221370081
  -7.452474553306085
  -7.382818247052313
  -7.313631241659547
  -7.244915905657690
  -7.176673371603247
  -7.108904893871236
  -7.041611521688642
  -6.974794264141145
  -6.908453942525851
  -6.842591129391284
  -6.777206026301428
  -6.712298652506175
  -6.647869033316343
  -6.583917109409843
  -6.520442736930973
  -6.457445714058564
  -6.394925776033846
  -6.332882584281434
  -6.271315690912844
  -6.210224535405679
  -6.149608491465674
  -6.089466891568387
  -6.029798978615794
  -5.970603834955871
  -5.911880420776534
  -5.853627707046695
  -5.795844685531738
  -5.738530170750507
  -5.681682682578870
  -5.625300762121738
  -5.569383219132600
  -5.513928765405855
  -5.458935425961829
  -5.404401167908047
  -5.350324782116092
  -5.296704911890323
  -5.243540144972157
  -5.190829046294373
  -5.138569595280290
  -5.086759158192340
  -5.035396062064680
  -4.984478545982872
  -4.934004691485169
  -4.883972597454600
  -4.834380291612949
  -4.785225776410948
  -4.736506969320248
  -4.688221725789429
  -4.640367829489005
  -4.592942974443098
  -4.545944797772830
  -4.499370906049450
  -4.453218874039272
  -4.407486249202745
  -4.362170553375564
  -4.317269289337738
  -4.272779941728436
  -4.228699973374911
  -4.185026835629763
  -4.141757979330882
  -4.098890834944822
  -4.056422818307832
  -4.014351371580217
  -3.972673899419336
  -3.931387783958208
  -3.890490482276530
  -3.849979385459804
  -3.809851851904547
  -3.770105212789137
  -3.730736677857008
  -3.691743463919655
  -3.653122793173339
  -3.614871900523112
  -3.576988026628397
  -3.539468420577119
  -3.502310337284234
  -3.465511038499604
  -3.429067792285453
  -3.392977873288826
  -3.357238562668363
  -3.321847149560538
  -3.286800930068023
  -3.252097208606815
  -3.217733301227032
  -3.183706530219379
  -3.150014241601233
  -3.116653814000618
  -3.083622609442431
  -3.050918004415620
  -3.018537362794103
  -2.986478052772112
  -2.954737408259705
  -2.923312800817228
  -2.892201596012898
  -2.861401186158348
  -2.830908979542080
  -2.800722397489824
  -2.770838908235926
  -2.741255966733128
  -2.711971007765533
  -2.682981471661380
  -2.654284754013814
  -2.625878282402390
  -2.597759493720780
  -2.569925852629373
  -2.542374835529236
  -2.515103941935273
  -2.488110685529654
  -2.461392600173419
  -2.434947234104974
  -2.408772153108121
  -2.382864937098277
  -2.357223181499185
  -2.331844494772511
  -2.306726499996346
  -2.281866833674722
  -2.257263147344422
  -2.232913106597065
  -2.208814392545855
  -2.184964701125627
  -2.161361744627277
  -2.138003251587068
  -2.114886968951805
  -2.092010685988424
  -2.069372209455447
  -2.046969364529410
  -2.024799969647773
  -2.002861861917314
  -1.981152890164517
  -1.959670940262617
  -1.938413955618395
  -1.917379997540024
  -1.896567273829201
