 PROD	               ASSET	   searchEffortWWUS0	   searchEffortWWUL0	    searchEffortVEWW
    0	   0.000000000000000	   1.168846366604971	   1.580763516833950	   0.000000000000000
    0	   0.028895878633786	   1.095248676928248	   1.580763516833950	   0.000000000000000
    0	   0.058626729069591	   1.021647825309549	   1.212217198285001	   0.000000000000000
    0	   0.089216678551268	   0.956251997648361	   1.212217167956426	   0.000000000000000
    0	   0.120690551500581	   0.950568507146320	   1.109009248302829	   0.013334332774653
    0	   0.153073889662773	   0.912568495938255	   1.021647925244048	   0.016939878624707
    0	   0.186392972834257	   0.878672076687684	   0.976433915667277	   0.019183385153386
    0	   0.220674840189252	   0.854703205353253	   0.956251970623483	   0.020788217628034
    0	   0.255947312222677	   0.824478547034290	   0.912568491358797	   0.022002466631912
    0	   0.292239013327094	   0.808999756996253	   0.877504518350651	   0.023038292708358
    0	   0.329579395022038	   0.786299016488612	   0.849407220958181	   0.023718343382066
    0	   0.367998759854577	   0.765320881151833	   0.815866063358561	   0.024206939004999
    0	   0.407528285990505	   0.745493254580300	   0.799775287109266	   0.024391006632938
    0	   0.448200052516108	   0.730386459143237	   0.775247230487246	   0.024486248313577
    0	   0.490047065471057	   0.715972042436836	   0.759615635153227	   0.024514281762503
    0	   0.533103284633538	   0.701881161894481	   0.741477492577756	   0.024513680360075
    0	   0.577403651079368	   0.687029737593725	   0.724511284064801	   0.024461004574206
    0	   0.622984115537448	   0.674912373318203	   0.708397491310045	   0.024288746325552
    0	   0.669881667564581	   0.661728693947510	   0.692047217921800	   0.024054008006749
    0	   0.718134365563312	   0.648963516136055	   0.677228304993415	   0.023900511718464
    0	   0.767781367667167	   0.636107675029214	   0.663019830209661	   0.023736461995064
    0	   0.818862963518346	   0.624120908763336	   0.649295064793799	   0.023589096987883
    0	   0.871420606963662	   0.613585884386704	   0.636107633989879	   0.023436834271708
    0	   0.925496949695250	   0.603394502595025	   0.624120835178034	   0.023276385638494
    0	   0.981135875863370	   0.593454655304785	   0.612728789867036	   0.023134497504620
    0	   1.038382537689358	   0.583571445756957	   0.601760596224562	   0.022999127791098
    0	   1.097283392107659	   0.574800661413371	   0.591172420027783	   0.022865974225272
    0	   1.157886238466658	   0.565780682098423	   0.580884555309924	   0.022720396696005
    0	   1.220240257318908	   0.556882383692110	   0.571196615072031	   0.022579485334284
    0	   1.284396050332241	   0.548610069535625	   0.561812683760626	   0.022449674144170
    0	   1.350405681354142	   0.540480674211171	   0.552687936248277	   0.024831273976102
    0	   1.418322718662713	   0.532445186100002	   0.543952893958469	   0.033437111801107
    0	   1.488202278438519	   0.524647295425862	   0.535520861784319	   0.042954682872536
    0	   1.560101069492589	   0.517132285782075	   0.527329003867132	   0.052615325489232
    0	   1.634077439286873	   0.509699015638784	   0.519395099631418	   0.062265762210479
    0	   1.710191421284502	   0.501180604080767	   0.511739678677586	   0.071632256275422
    0	   1.788504783668267	   0.493348031686421	   0.504276684121819	   0.080526219724889
    0	   1.869081079466878	   0.485910800128009	   0.496085835956108	   0.088863169257000
    0	   1.951985698129646	   0.478620599191416	   0.488241275071891	   0.096707732200486
    0	   2.037285918591472	   0.471505177646723	   0.480578230778270	   0.104089567361107
    0	   2.125050963871200	   0.464576609377350	   0.473116872782495	   0.111043951122813
    0	   2.215352057247619	   0.457781464928602	   0.465869038722223	   0.117598947766195
    0	   2.308262480058741	   0.451014808230225	   0.458783236979350	   0.123719779065424
    0	   2.403857631171228	   0.444039905747696	   0.451752452687180	   0.129352603512353
    0	   2.502215088168239	   0.437419479870796	   0.444538714769113	   0.134552948607334
    0	   2.603414670305364	   0.430961512333923	   0.437675750606305	   0.139434229507898
    0	   2.707538503285713	   0.424595491634692	   0.430992083789456	   0.144047246488200
    0	   2.814671085906746	   0.418345059776066	   0.424416348807435	   0.148453244089015
    0	   2.924899358632921	   0.412210404814398	   0.417969915070718	   0.152726834042755
    0	   3.038312774149804	   0.406155466741598	   0.411652581191249	   0.157001693258904
    0	   3.155003369956905	   0.400111024764917	   0.405425453403812	   0.161521414198332
    0	   3.275065843058154	   0.394221652470397	   0.399213647725997	   0.166560112573406
    0	   3.398597626810607	   0.388443976404817	   0.393174477649134	   0.172522035805125
    0	   3.525698969993787	   0.382766895045463	   0.387258254387629	   0.178701813259109
    0	   3.656473018163779	   0.377226762427807	   0.381452666958099	   0.184609659005993
    0	   3.791025897358140	   0.371718437905436	   0.375800033912654	   0.190207249507370
    0	   3.929466800219529	   0.366036044172295	   0.370177091026429	   0.197654052444665
    0	   4.071908074607951	   0.360502519010245	   0.364343269530401	   0.205117400610370
    0	   4.218465314773542	   0.355431180089013	   0.358695407828026	   0.212148281309610
    0	   4.369257455163862	   0.350371278443562	   0.353600408569571	   0.218363142719633
    0	   4.524406866941830	   0.345267743521917	   0.348479928732041	   0.224255957633759
    0	   4.684039457292635	   0.340021204176590	   0.343281294436496	   0.230024940335482
    0	   4.848284771600217	   0.334678095039633	   0.337899715685665	   0.235408860979181
    0	   5.017276098576197	   0.329631341938922	   0.332668628029291	   0.240398037928383
    0	   5.191150578426639	   0.324811650026666	   0.327719730079083	   0.245078715202030
    0	   5.370049314144351	   0.320018873850068	   0.322939505354710	   0.249522048956872
    0	   5.554117486017097	   0.315196425867609	   0.318195081502215	   0.253624163170183
    0	   5.743504469444626	   0.310362638136274	   0.313274920246777	   0.257389967878025
    0	   5.938363956160092	   0.305522630858594	   0.308350641308619	   0.260880453006115
    0	   6.138854078954332	   0.300750159036082	   0.303480661851777	   0.264128694450208
    0	   6.345137540004107	   0.296043490049765	   0.298673879930198	   0.267140727433519
    0	   6.557381742908535	   0.291359369176423	   0.293900202660017	   0.269898481113965
    0	   6.775758928540808	   0.286722011490456	   0.289171225110210	   0.272422664218579
    0	   7.000446314825505	   0.282088766348115	   0.284458741080118	   0.274735605990605
    0	   7.231626240554826	   0.277429074239705	   0.279736154940033	   0.276840721066625
    0	   7.469486313360592	   0.272797828428896	   0.275036949672013	   0.278731089777786
    0	   7.714219561961972	   0.268243178573089	   0.270400809013301	   0.280433143948309
    0	   7.966024592812593	   0.263741899783533	   0.265817961502260	   0.281964745189457
    0	   8.225105751274045	   0.259284462923430	   0.261283208903416	   0.283332487326629
    0	   8.491673287446705	   0.254835664798349	   0.256767901943958	   0.284538902220407
    0	   8.765943526792318	   0.250399856771412	   0.252270493948096	   0.285568017748833
    0	   9.048139045686920	   0.246079264032856	   0.247824762315510	   0.286450272003941
    0	   9.338488852046499	   0.241803220808221	   0.243421626172739	   0.287205555649633
    0	   9.637228571171983	   0.237551153933398	   0.239041767296171	   0.287837488555187
    0	   9.944600636964415	   0.233318472187217	   0.234683124852977	   0.288353352557423
    0	  10.260854488665400	   0.229105078188786	   0.230348327759875	   0.288769804888065
    0	  10.586246773282603	   0.224916349210755	   0.226047515100431	   0.289076273677058
    0	  10.921041553864477	   0.220754548491431	   0.221781281655687	   0.289277755713772
    0	  11.265510523793269	   0.216620001139564	   0.217561075263754	   0.289379278126775
    0	  11.619933227270224	   0.212483077724358	   0.213378480995529	   0.289385276433658
    0	  11.984597286171908	   0.208381427460295	   0.209228529303687	   0.289298619266403
    0	  12.359798633461725	   0.204321299405218	   0.205116698296830	   0.289123138091713
    0	  12.745841753346063	   0.200304742538259	   0.201053465961545	   0.288861934521213
    0	  13.143039928369985	   0.196329387344904	   0.197037253036366	   0.288519764850969
    0	  13.551715493652951	   0.192393684025868	   0.193062235620831	   0.288098547555050
    0	  13.972200098470935	   0.188500827941555	   0.189126991280759	   0.287598975185178
    0	  14.404834975397117	   0.184654741952148	   0.185238972818878	   0.287029266548172
    0	  14.849971217219700	   0.180859572774399	   0.181402517714164	   0.286392972593968
    0	  15.307970061861486	   0.177118544369559	   0.177622205937071	   0.285692397488050
    0	  15.779203185532456	   0.173431281757054	   0.173900475838397	   0.284929766079367
    0	  16.264053004353240	   0.169800672064475	   0.170234091396716	   0.284108707663383
    0	  16.762912984694282	   0.166223614167241	   0.166628268210116	   0.283231932737512
    0	  17.276187962482517	   0.162697638836003	   0.163075146118652	   0.282301862631596
    0	  17.804294471734682	   0.159222610722193	   0.159572055845587	   0.281320668695911
    0	  18.347661082583901	   0.155800127121535	   0.156120945921434	   0.280290691487296
    0	  18.906728749073878	   0.152428928766448	   0.152725107514246	   0.279214098682139
    0	  19.481951167002819	   0.149107823820396	   0.149380795184762	   0.278092809162787
    0	  20.073795142107674	   0.145838259549669	   0.146086473048000	   0.276928660755883
    0	  20.682740968887291	   0.142621923060695	   0.142846236211757	   0.275723475723232
    0	  21.309282820372090	   0.139458168619906	   0.139661921032194	   0.274479007742507
    0	  21.953929149156366	   0.136346221267184	   0.136530640479815	   0.273196886307234
    0	  22.617203100018923	   0.133285533799975	   0.133455828853035	   0.271878739673449
    0	  23.299642934466547	   0.130276507004198	   0.130435269970477	   0.270526161570769
    0	  24.001802467545247	   0.127318645829411	   0.127465718797608	   0.269140665500690
    0	  24.724251517273323	   0.124411270207643	   0.124546701425362	   0.267723678732442
    0	  25.467576367061440	   0.121553611565407	   0.121677635149391	   0.266276634436935
    0	  26.232380241494525	   0.118745600965044	   0.118857719291890	   0.264800853493168
    0	  27.019283795861874	   0.115986726892327	   0.116086899086862	   0.263297647516748
    0	  27.828925619832713	   0.113276334292579	   0.113364833443031	   0.261768298361725
    0	  28.661962755685852	   0.110613907321900	   0.110690747614819	   0.260214015722669
    0	  29.519071231514047	   0.107999230983322	   0.108064216967741	   0.258635978204041
    0	  30.400946609835739	   0.105431861821972	   0.105485027197260	   0.257035362599711
    0	  31.308304552059560	   0.102911251727739	   0.102952804714774	   0.255413281723202
    0	  32.241881399259285	   0.100436851508770	   0.100466975827222	   0.253770803621899
    0	  33.202434769730999	   0.098008325924918	   0.098027064097288	   0.252109063259854
    0	  34.190744173817144	   0.095625086177236	   0.095632704781428	   0.250429235553523
    0	  35.207611646496368	   0.093283337248304	   0.093283350802094	   0.248732377955436
    0	  36.253862398252807	   0.090978462782816	   0.090978520688814	   0.247019707233056
    0	  37.330345484752499	   0.088717595564917	   0.088717625453538	   0.245292495242105
    0	  38.437934495871005	   0.086500288560521	   0.086500844228427	   0.243552316656646
    0	  39.577528264630907	   0.084325975977675	   0.084330882174676	   0.241800279328827
    0	  40.750051596624701	   0.082194211022874	   0.082203588765484	   0.240039207628448
    0	  41.956456020515084	   0.080104498272433	   0.080118476214357	   0.238281385164219
    0	  43.197720560221484	   0.078056315211970	   0.078074905377349	   0.236535029201000
    0	  44.474852529419636	   0.076049045832645	   0.076072207954367	   0.234784027129077
    0	  45.788888348999080	   0.074080961884807	   0.074107874946217	   0.233021799857145
    0	  47.140894388141525	   0.072151300213114	   0.072181814065723	   0.231248956332456
    0	  48.531967829703191	   0.070259690606770	   0.070294073074499	   0.229466037356411
    0	  49.963237560602892	   0.068405156562577	   0.068443102233251	   0.227679355735217
    0	  51.435865087938907	   0.066587034506378	   0.066628419852670	   0.225890404685290
    0	  52.951045481577594	   0.064806210244042	   0.064851912856024	   0.224092578566662
    0	  54.510008343979123	   0.063062840286130	   0.063113154085604	   0.222286405932874
    0	  56.114018808047234	   0.061356418595051	   0.061411352253083	   0.220456675590676
    0	  57.764378563812329	   0.059687175783363	   0.059747021161987	   0.218612789049473
    0	  59.462426914782107	   0.058055057665348	   0.058119871998272	   0.216763924208521
    0	  61.209541864815861	   0.056460295518005	   0.056530319644876	   0.214910994316820
    0	  63.007141236405005	   0.054902775881829	   0.054977991621077	   0.213055363310776
    0	  64.856683821267822	   0.053382376889815	   0.053462679810939	   0.211197626852914
    0	  66.759670564190785	   0.051898537110091	   0.051983694995465	   0.209338362843547
    0	  68.717645781079014	   0.050453024020328	   0.050539321773921	   0.207478123561611
    0	  70.732198412202351	   0.049048013766246	   0.049129854194092	   0.205617520445823
    0	  72.804963311656010	   0.047677302426753	   0.047754885008416	   0.203757198435764
    0	  74.937622574080706	   0.046339586129504	   0.046413139587258	   0.201897955988399
    0	  77.131906899719596	   0.045034792625644	   0.045104525021937	   0.200040292539595
    0	  79.389596998920211	   0.043762540467770	   0.043828606830823	   0.198185105668367
    0	  81.712525037219976	   0.042521484830790	   0.042584089468022	   0.196333217604211
    0	  84.102576122189461	   0.041311141346442	   0.041370464499053	   0.194485151573408
    0	  86.561689833238859	   0.040131116508206	   0.040187322000215	   0.192642053053398
    0	  89.091861795629356	   0.038980604369328	   0.039033830881488	   0.190804918046525
    0	  91.695145299967734	   0.037858493732286	   0.037908960829952	   0.188968987703926
    0	  94.373652968496771	   0.036764676673273	   0.036812465960813	   0.187134542409493
    0	  97.129558469535269	   0.035698731556633	   0.035744005620411	   0.185302803926262
    0	  99.965098281458040	   0.034659451587970	   0.034702327743949	   0.183477325689150
    0	 102.882573507647322	   0.033646839573119	   0.033687433378238	   0.181656735717526
    0	 105.884351743889738	   0.032660080443058	   0.032698529737277	   0.179838827102957
    0	 108.972868999732071	   0.031698427573217	   0.031734839036727	   0.178023835165620
    0	 112.150631675357559	   0.030761863234625	   0.030796306759405	   0.176212120149091
    0	 115.420218595584998	   0.029849474308890	   0.029882093091767	   0.174404028972178
    0	 118.784283102641851	   0.028960770580132	   0.028991645778480	   0.172599831105226
    0	 122.245555209410981	   0.028095458416922	   0.028124676740723	   0.170799730745426
    0	 125.806843814895657	   0.027252855274644	   0.027280498713685	   0.169003832639349
    0	 129.471038983704346	   0.026432472481727	   0.026458621082493	   0.167212318807082
    0	 133.241114291401544	   0.025633918512433	   0.025658656017206	   0.165425693332867
    0	 137.120129237630067	   0.024856670203303	   0.024880072585662	   0.163644496909747
    0	 141.111231728963531	   0.024100218027107	   0.024122349994627	   0.161869306860460
    0	 145.217660633501509	   0.023364171574659	   0.023385102312298	   0.160100702205587
    0	 149.442748409283439	   0.022648055223971	   0.022667834703317	   0.158339146040035
    0	 153.789923808651281	   0.021951367783124	   0.021970075767394	   0.156584973136177
    0	 158.262714660759030	   0.021273731458305	   0.021291407680437	   0.154838333667026
    0	 162.864750734483721	   0.020614675487445	   0.020631387379563	   0.153099323862462
    0	 167.599766684062956	   0.019973781122278	   0.019989573054386	   0.151367939764234
    0	 172.471605079850434	   0.019350637402875	   0.019365556599984	   0.149643980361720
    0	 177.484219526645859	   0.018744828668937	   0.018758925329976	   0.147926963219257
    0	 182.641677872133812	   0.018155961178508	   0.018169273007890	   0.146216245242828
    0	 187.948165508031963	   0.017583635896585	   0.017596220399256	   0.144511916004896
    0	 193.407988766628506	   0.017027477260924	   0.017039355786031	   0.142814421456085
    0	 199.025578415467606	   0.016487086908774	   0.016498312213609	   0.141124365445312
    0	 204.805493253013822	   0.015962103915646	   0.015972694641842	   0.139442654488249
    0	 210.752423808219334	   0.015452143593836	   0.015462143989627	   0.137770376191998
    0	 216.871196146991878	   0.014956837388897	   0.014966272040067	   0.136108089457464
    0	 223.166775788653098	   0.014475811290330	   0.014484716506893	   0.134455914710373
    0	 229.644271735569305	   0.014008720604278	   0.014017124432710	   0.132813986972254
    0	 236.308940619218248	   0.013555211721891	   0.013563140770268	   0.131182406703768
    0	 243.166190966063510	   0.013114955984443	   0.013122435505737	   0.129561282388244
    0	 250.221587586692891	   0.012687613779481	   0.012694667729950	   0.127950751654958
    0	 257.480856091785029	   0.012272857872687	   0.012279517844384	   0.126350855629479
    0	 264.949887538570579	   0.011870373716379	   0.011876646856022	   0.124761817255144
    0	 272.634743211554110	   0.011479841621320	   0.011485762205874	   0.123183687398350
    0	 280.541659541382273	   0.011100955556197	   0.011106539397903	   0.121616508032499
    0	 288.677053165845052	   0.010733425620300	   0.010738689026329	   0.120060354815556
    0	 297.047526137118098	   0.010376947849875	   0.010381909889715	   0.118515438829730
    0	 305.659871279476704	   0.010031230596212	   0.010035905863156	   0.116981768942440
    0	 314.521077701820843	   0.009696002935256	   0.009700408612806	   0.115459173341973
    0	 323.638336469493936	   0.009370974638632	   0.009375128111340	   0.113947521867311
    0	 333.019046439990916	   0.009055890255466	   0.009059805177155	   0.112447132199737
    0	 342.670820267293834	   0.008750482573947	   0.008754165431424	   0.110958040555696
    0	 352.601490579711538	   0.008454479535174	   0.008457953297648	   0.109480037505597
    0	 362.819116336228660	   0.008167642162537	   0.008170908378976	   0.108012972394082
    0	 373.331989366531559	   0.007889715359837	   0.007892797241472	   0.106556681661360
    0	 384.148641100010821	   0.007620462878752	   0.007623359127624	   0.105110857590668
    0	 395.277849489204300	   0.007359646131478	   0.007362375950127	   0.103675269214500
    0	 406.728646133302504	   0.007107035033650	   0.007109604285448	   0.102249956956323
    0	 418.510323607488203	   0.006862408165695	   0.006864825732989	   0.100835229160311
    0	 430.632443004070865	   0.006625541027086	   0.006627815316811	   0.099431402599084
    0	 443.104841691520960	   0.006396218692713	   0.006398358856335	   0.098038984377205
    0	 455.937641297715857	   0.006174227432795	   0.006176239829721	   0.096658344896769
    0	 469.141255923863469	   0.005959355410893	   0.005961248966644	   0.095289642193849
    0	 482.726400595775146	   0.005751400365653	   0.005753182801138	   0.093932845278942
    0	 496.704099959349207	   0.005550165990874	   0.005551843549350	   0.092587987980070
    0	 511.085697227312266	   0.005355456024424	   0.005357032047815	   0.091255082493816
    0	 525.882863384490292	   0.005167078326035	   0.005168561049209	   0.089934136156030
    0	 541.107606659070711	   0.004984855900743	   0.004986250601592	   0.088625122567691
    0	 556.772282267543233	   0.004808600239485	   0.004809913344751	   0.087328070980874
    0	 572.889602441236434	   0.004638141549266	   0.004639374046605	   0.086042929621353
    0	 589.472646742570191	   0.004473305791415	   0.004474462289226	   0.084769563767274
    0	 606.534872679413866	   0.004313924437745	   0.004315012691273	   0.083506900200505
    0	 624.090126626151346	   0.004159837385112	   0.004160860030003	   0.082254163167955
    0	 642.152655060318466	   0.004010891974532	   0.004011851540536	   0.081011292205291
    0	 660.737116123939131	   0.003866929594004	   0.003867833230979	   0.079778327507346
    0	 679.858591518928051	   0.003727803966979	   0.003728649632815	   0.078555318672702
    0	 699.532598746229382	   0.003593363150214	   0.003594159951928	   0.077343110983502
    0	 719.775103698611815	   0.003463470037204	   0.003464218003714	   0.076142718714433
    0	 740.602533617341351	   0.003337980759088	   0.003338683753736	   0.074954401596126
    0	 762.031790423256780	   0.003216756591732	   0.003217416237932	   0.073778118797191
    0	 784.080264433047546	   0.003099667070600	   0.003100285897776	   0.072613923458432
    0	 806.765848471885533	   0.002986581708299	   0.002987163025330	   0.071461799431721
    0	 830.106952393847109	   0.002877374697257	   0.002877919803718	   0.070321718182520
    0	 854.122518021915312	   0.002771923212416	   0.002772434234777	   0.069193639125108
    0	 878.832034519694730	   0.002670110394493	   0.002670591510346	   0.068077531223645
    0	 904.255554207292789	   0.002571821393009	   0.002572270951798	   0.066973341453762
    0	 930.413708834228146	   0.002476940574562	   0.002477363728665	   0.065881058771848
    0	 957.327726322546596	   0.002385362187071	   0.002385758526530	   0.064800606502557
    0	 985.019447993754852	   0.002296979434661	   0.002297351270552	   0.063731951804362
    0	1013.511346293535780	   0.002211688865905	   0.002212037648446	   0.062675052106989
    0	1042.826543028632614	   0.002129390506762	   0.002129718688195	   0.061629864703745
    0	1072.988828130713273	   0.002049989330097	   0.002050295380763	   0.060596339110385
    0	1104.022678962420287	   0.001973387797255	   0.001973676083302	   0.059574395791732
    0	1135.953280181299306	   0.001899496789334	   0.001899767008737	   0.058564007792338
    0	1168.806544177704154	   0.001828227524334	   0.001828480175188	   0.057565116728868
    0	1202.609132103271577	   0.001759492468686	   0.001759729169582	   0.056577635841692
    0	1237.388475507045314	   0.001693208106089	   0.001693430148363	   0.055601374767815
    0	1273.172798596775920	   0.001629293820371	   0.001629502281010	   0.054635814531228
    0	1309.991141143499590	   0.001567671104769	   0.001567865790469	   0.053680658396098
    0	1347.873382047951964	   0.001508262978579	   0.001508445993096	   0.052735782965131
    0	1386.850263587954032	   0.001450997786872	   0.001451169359578	   0.051801117078548
    0	1426.953416366460715	   0.001395802439815	   0.001395962981314	   0.050876724945446
    0	1468.215384980486078	   0.001342607519746	   0.001342757699232	   0.049962984767425
    0	1510.669654431772869	   0.001291345009969	   0.001291486134464	   0.049060088835361
    0	1554.350677300611778	   0.001241950044243	   0.001242081604216	   0.048168110302555
    0	1599.293901704867267	   0.001194357362379	   0.001194480963793	   0.047287002227397
    0	1645.535800066920501	   0.001148506438609	   0.001148621957255	   0.046416724270667
    0	1693.113898711837692	   0.001104336364223	   0.001104444879579	   0.045557173088220
    0	1742.066808320824975	   0.001061789108267	   0.001061890135735	   0.044708261624847
    0	1792.434255264645572	   0.001020809425213	   0.001020904305841	   0.043869917972376
    0	1844.257113842446870	   0.000981342036188	   0.000981430821494	   0.043042036032888
    0	1897.577439452170211	   0.000943334875303	   0.000943417748382	   0.042224571312878
    0	1952.438502719424378	   0.000906736800717	   0.000906814611594	   0.041417476740447
    0	2008.884824612568991	   0.000871498709333	   0.000871571766938	   0.040620695678378
    0	2066.962212572464068	   0.000837572853710	   0.000837641448376	   0.039834196323127
    0	2126.717797686213089	   0.000804913310345	   0.000804977283356	   0.039057902033336
    0	2188.200072935102071	   0.000773474929509	   0.000773534727959	   0.038291761122687
    0	2251.458932547709992	   0.000743214396740	   0.000743270127244	   0.037535622969997
    0	2316.545712490196365	   0.000714090632081	   0.000714142696745	   0.036788976635892
    0	2383.513232126565981	   0.000686062109627	   0.000686111194992	   0.036051440768161
    0	2452.415837082751750	   0.000659090747352	   0.000659136813350	   0.035322790021120
    0	2523.309443349305639	   0.000633139138189	   0.000633182027661	   0.034602834915206
    0	2596.251582658446296	   0.000608170144464	   0.000608210183768	   0.033891460024909
    0	2671.301449172356115	   0.000584148621906	   0.000584186186110	   0.033188717153220
    0	2748.519947520530422	   0.000561040997692	   0.000561075745585	   0.032494968213622
    0	2827.969742225257505	   0.000538813415443	   0.000538846003871	   0.031810401987760
    0	2909.715308555253614	   0.000517434389930	   0.000517464670615	   0.031135135116753
    0	2993.822984848768556	   0.000496872568750	   0.000496901233036	   0.030469126553989
    0	3080.361026348630730	   0.000477098813743	   0.000477125435814	   0.029812369488110
    0	3169.399660592879627	   0.000458083858743	   0.000458108820999	   0.029164784844954
    0	3261.011144405973482	   0.000439799784417	   0.000439823190562	   0.028526321200703
    0	3355.269822536785341	   0.000422219843648	   0.000422241790914	   0.027896885815848
    0	3452.252187991046867	   0.000405318473953	   0.000405338829994	   0.027276419733203
    0	3552.036944107091585	   0.000389070193826	   0.000389089143488	   0.026664824970503
    0	3654.705068425367699	   0.000373450949381	   0.000373468710488	   0.026048005296456
    0	3760.339878403509374	   0.000358437574038	   0.000358454221270	   0.025421405548432
    0	3869.027099030277441	   0.000344011423200	   0.000344027023395	   0.024796831622734
    0	3980.854932393318904	   0.000330149892451	   0.000330164511496	   0.024178275969830
    0	4095.914129257097557	   0.000316831315029	   0.000316844838814	   0.023568828034452
    0	4214.298062709161059	   0.000304035079179	   0.000304047579834	   0.022970116501546
    0	4336.102803934437361	   0.000291740431862	   0.000291752302765	   0.022383103849068
    0	4461.427200179180545	   0.000279928336459	   0.000279939362549	   0.021808283089435
    0	4590.372954967662736	   0.000268580153316	   0.000268590332711	   0.021245752661803
    0	4723.044710636855598	   0.000257677920793	   0.000257687631308	   0.020695338090712
    0	4859.550133256005211	   0.000247204650189	   0.000247213717129	   0.020156670459418
    0	5000.000000000002728	   0.000237144249069	   0.000237152511740	   0.019629136832099
    1	   0.000000000000000	   0.875418848018618	   1.517854418739879	   0.008246263206262
    1	   0.028895878633786	   0.874282567524936	   1.517854418739879	   0.008593806167801
    1	   0.058626729069591	   0.854715950162559	   1.203604859504424	   0.009090845956104
    1	   0.089216678551268	   0.839385891224744	   1.203604887429793	   0.009252807920877
    1	   0.120690551500581	   0.829637665010695	   1.203604830475408	   0.009548541574238
    1	   0.153073889662773	   0.815847492604051	   1.114380545854684	   0.009741791919783
    1	   0.186392972834257	   0.803530867226457	   1.051487812428310	   0.009895335147520
    1	   0.220674840189252	   0.797459520742977	   1.002893664321404	   0.010088271690733
    1	   0.255947312222677	   0.783488705720072	   0.995022524450073	   0.010182088127035
    1	   0.292239013327094	   0.772888178030914	   0.955703051433661	   0.010284542381727
    1	   0.329579395022038	   0.766831550691775	   0.941524451877838	   0.010432951361522
    1	   0.367998759854577	   0.755908659706280	   0.924285178309470	   0.010501755899310
    1	   0.407528285990505	   0.745250318033439	   0.898544106520076	   0.010565048135927
    1	   0.448200052516108	   0.737679391992417	   0.875418766082900	   0.010643442217715
    1	   0.490047065471057	   0.729219433553115	   0.854715989684431	   0.010697403133778
    1	   0.533103284633538	   0.720228843918004	   0.834692743385079	   0.010743212561233
    1	   0.577403651079368	   0.711228653474856	   0.815847536503046	   0.010784292775172
    1	   0.622984115537448	   0.703490547533932	   0.801020198717824	   0.010828671950323
    1	   0.669881667564581	   0.695490795568471	   0.789370781178284	   0.010852689821185
    1	   0.718134365563312	   0.687931874810217	   0.775593548518738	   0.010873786624373
    1	   0.767781367667167	   0.679627025423641	   0.764574426193455	   0.010892449754394
    1	   0.818862963518346	   0.670960575018019	   0.752357760169688	   0.010919237942050
    1	   0.871420606963662	   0.664787984394847	   0.740457795163559	   0.010987773668816
    1	   0.925496949695250	   0.657972123761766	   0.728253073628565	   0.011993916452506
    1	   0.981135875863370	   0.651304947186820	   0.718599897088885	   0.013017306828315
    1	   1.038382537689358	   0.644882786473635	   0.707561901471310	   0.014187620398681
    1	   1.097283392107659	   0.636945623980989	   0.696581047794105	   0.015748713424698
    1	   1.157886238466658	   0.630006413904326	   0.686289341141046	   0.016995210776292
    1	   1.220240257318908	   0.623780449825255	   0.677076597420568	   0.018247682174512
    1	   1.284396050332241	   0.617619088456459	   0.668265800592991	   0.019503028155430
    1	   1.350405681354142	   0.611842571297752	   0.659202493774086	   0.020734065931314
    1	   1.418322718662713	   0.605736603158870	   0.650498103956961	   0.021894439228999
    1	   1.488202278438519	   0.599482402584006	   0.642257533328669	   0.023209083599648
    1	   1.560101069492589	   0.593534527738020	   0.634197665165213	   0.024342260309530
    1	   1.634077439286873	   0.587107611575199	   0.626195852734666	   0.025365273988704
    1	   1.710191421284502	   0.580610435779857	   0.618407660380887	   0.026355498619377
    1	   1.788504783668267	   0.574767455022517	   0.611152451163561	   0.027308820124620
    1	   1.869081079466878	   0.569121692766018	   0.603683348447509	   0.028218154593564
    1	   1.951985698129646	   0.563649364965842	   0.596112302639387	   0.029082953932872
    1	   2.037285918591472	   0.558201201490864	   0.588996374294325	   0.029903125204155
    1	   2.125050963871200	   0.552734130113455	   0.582162284786112	   0.030737485498839
    1	   2.215352057247619	   0.547299398338125	   0.575249583147248	   0.031576119099157
    1	   2.308262480058741	   0.542050092869793	   0.568509547055139	   0.032305220864405
    1	   2.403857631171228	   0.536734092259115	   0.562027257511092	   0.032991107894986
    1	   2.502215088168239	   0.531457515914106	   0.555820697458887	   0.033675067026255
    1	   2.603414670305364	   0.526276761305036	   0.549910508912964	   0.034376060457319
    1	   2.707538503285713	   0.521125419402242	   0.544079156396819	   0.035128744854656
    1	   2.814671085906746	   0.516001247739980	   0.538106230484501	   0.035975826827662
    1	   2.924899358632921	   0.510946046599353	   0.532040358586111	   0.036977782558284
    1	   3.038312774149804	   0.505752483231305	   0.526113852047685	   0.038158362308075
    1	   3.155003369956905	   0.500607593947719	   0.520261050126312	   0.039427030377818
    1	   3.275065843058154	   0.495562771580798	   0.514473368973094	   0.040657177872823
    1	   3.398597626810607	   0.490741166051214	   0.508796791660169	   0.043587028625234
    1	   3.525698969993787	   0.486115750042662	   0.503274852202043	   0.055814375160840
    1	   3.656473018163779	   0.481779781945904	   0.497860727116666	   0.069634448279900
    1	   3.791025897358140	   0.477493251442206	   0.492527728335889	   0.082126292244365
    1	   3.929466800219529	   0.473370753926457	   0.487329022415364	   0.093893783604143
    1	   4.071908074607951	   0.469417380936128	   0.482442735317256	   0.104791253375114
    1	   4.218465314773542	   0.465500910901958	   0.477668134562037	   0.114917845519637
    1	   4.369257455163862	   0.461756744457792	   0.473105143300085	   0.124256413630166
    1	   4.524406866941830	   0.457173290926323	   0.468760912248387	   0.132924945019175
    1	   4.684039457292635	   0.452393919348124	   0.464487930731012	   0.141023185470003
    1	   4.848284771600217	   0.447862465899812	   0.460431224696354	   0.148654428495094
    1	   5.017276098576197	   0.443265240633376	   0.455405687885165	   0.155849793161186
    1	   5.191150578426639	   0.438746250031038	   0.450529867168383	   0.162633828855563
    1	   5.370049314144351	   0.434261923274276	   0.445599268789426	   0.169049601315048
    1	   5.554117486017097	   0.429771660100073	   0.440724801471376	   0.175120913745533
    1	   5.743504469444626	   0.424975003933922	   0.435889461161731	   0.180878130195676
    1	   5.938363956160092	   0.420086791501453	   0.431061949134302	   0.186330469596080
    1	   6.138854078954332	   0.415268946695245	   0.425967044668830	   0.191495582384199
    1	   6.345137540004107	   0.410441954221597	   0.420768664928645	   0.196389641986265
    1	   6.557381742908535	   0.405559832441349	   0.415590944090791	   0.201031604808399
    1	   6.775758928540808	   0.400653023373765	   0.410441902089175	   0.205435205406798
    1	   7.000446314825505	   0.395685947549390	   0.405559841665332	   0.209607891413328
    1	   7.231626240554826	   0.390653070956387	   0.400289906535214	   0.213561824767328
    1	   7.469486313360592	   0.385617005223078	   0.394934686257377	   0.217306376467889
    1	   7.714219561961972	   0.380566829842150	   0.389611392196291	   0.220848025201442
    1	   7.966024592812593	   0.375489080797589	   0.384275358131075	   0.224194714715682
    1	   8.225105751274045	   0.370387409097158	   0.378910467871685	   0.227352806480569
    1	   8.491673287446705	   0.365257346381676	   0.373529580903946	   0.230327985284690
    1	   8.765943526792318	   0.360112139751679	   0.368122398090387	   0.233164195095458
    1	   9.048139045686920	   0.354964772313521	   0.362715158661253	   0.235876947124248
    1	   9.338488852046499	   0.349802626517974	   0.357322784375784	   0.238417102975096
    1	   9.637228571171983	   0.344628733062939	   0.351914066807473	   0.240796366206918
    1	   9.944600636964415	   0.339441767442493	   0.346500682285727	   0.243018998444641
    1	  10.260854488665400	   0.334246728744413	   0.341079184014424	   0.245056153220391
    1	  10.586246773282603	   0.329053851608100	   0.335659120099738	   0.246927938326042
    1	  10.921041553864477	   0.323884978954554	   0.330256924999038	   0.248669845218831
    1	  11.265510523793269	   0.318741249459285	   0.324906374361969	   0.250286669307653
    1	  11.619933227270224	   0.313611465808681	   0.319589172899592	   0.251779994377991
    1	  11.984597286171908	   0.308494597944639	   0.314279476148605	   0.253151993507968
    1	  12.359798633461725	   0.303398528245025	   0.308987683171659	   0.254408014148011
    1	  12.745841753346063	   0.298330548169228	   0.303730715309982	   0.255552491908644
    1	  13.143039928369985	   0.293291065714981	   0.298516332980244	   0.256571944252131
    1	  13.551715493652951	   0.288274197882735	   0.293336693075548	   0.257483015307251
    1	  13.972200098470935	   0.283282870982230	   0.288274215393643	   0.258294410047906
    1	  14.404834975397117	   0.278323650073591	   0.283282828790171	   0.259009862327142
    1	  14.849971217219700	   0.273399556243728	   0.278323595116701	   0.259630691180040
    1	  15.307970061861486	   0.268507311721411	   0.273399525251674	   0.260161626307557
    1	  15.779203185532456	   0.263646536259538	   0.268481946878610	   0.260606562363269
    1	  16.264053004353240	   0.258822149673381	   0.263523256772785	   0.260968148581465
    1	  16.762912984694282	   0.254056751569412	   0.258610407408273	   0.261248498504559
    1	  17.276187962482517	   0.249354932044830	   0.253742332352916	   0.261449977424591
    1	  17.804294471734682	   0.244690040868236	   0.248917809743129	   0.261575001136040
    1	  18.347661082583901	   0.240067543696043	   0.244139352351388	   0.261625831172657
    1	  18.906728749073878	   0.235489934528321	   0.239409305964064	   0.261604639054946
    1	  19.481951167002819	   0.230955995281720	   0.234727706554795	   0.261513564367232
    1	  20.073795142107674	   0.226476035890498	   0.230100859719957	   0.261354709099295
    1	  20.682740968887291	   0.222053631057120	   0.225533207238036	   0.261130123666682
    1	  21.309282820372090	   0.217685780326717	   0.221024781915350	   0.260841853830902
    1	  21.953929149156366	   0.213370845691192	   0.216574695752751	   0.260491891138602
    1	  22.617203100018923	   0.209102266157809	   0.212178591973472	   0.260082194852929
    1	  23.299642934466547	   0.204885428797181	   0.207838279655071	   0.259614689809829
    1	  24.001802467545247	   0.200720584594919	   0.203554049138764	   0.259091197763328
    1	  24.724251517273323	   0.196606688225051	   0.199325357822394	   0.258513508380025
    1	  25.467576367061440	   0.192541784438862	   0.195150699831168	   0.257883405596778
    1	  26.232380241494525	   0.188529464459085	   0.191031829016751	   0.257202541261746
    1	  27.019283795861874	   0.184570319548745	   0.186969487326183	   0.256472630148606
    1	  27.828925619832713	   0.180663332720271	   0.182963244698537	   0.255695286559529
    1	  28.661962755685852	   0.176807982486383	   0.179012515119836	   0.254872063384991
    1	  29.519071231514047	   0.173004509897482	   0.175117343786024	   0.254004540188371
    1	  30.400946609835739	   0.169253264557427	   0.171277647898701	   0.253094275971755
    1	  31.308304552059560	   0.165553775511801	   0.167493214159762	   0.252142760703756
    1	  32.241881399259285	   0.161905456776866	   0.163763368436620	   0.251151454936200
    1	  33.202434769730999	   0.158308522838157	   0.160087943151103	   0.250121919649870
    1	  34.190744173817144	   0.154763062894781	   0.156467023684804	   0.249055357893244
    1	  35.207611646496368	   0.151268916449184	   0.152900274948216	   0.247952962008750
    1	  36.253862398252807	   0.147826396675616	   0.149387879230755	   0.246816219031056
    1	  37.330345484752499	   0.144435468553851	   0.145929666618803	   0.245646301006746
    1	  38.437934495871005	   0.141096291803978	   0.142525711171210	   0.244444769232396
    1	  39.577528264630907	   0.137808876511405	   0.139176032338594	   0.243213199081192
    1	  40.750051596624701	   0.134573083566018	   0.135880391386432	   0.241952605715371
    1	  41.956456020515084	   0.131388952616998	   0.132638621355238	   0.240664645174121
    1	  43.197720560221484	   0.128256542733723	   0.129450866366218	   0.239351101721523
    1	  44.474852529419636	   0.125175137431123	   0.126316410562499	   0.238011981795610
    1	  45.788888348999080	   0.122144634675016	   0.123234948395001	   0.236647651435467
    1	  47.140894388141525	   0.119165213266371	   0.120206615487046	   0.235259138483706
    1	  48.531967829703191	   0.116236257216193	   0.117230710967177	   0.233847776601741
    1	  49.963237560602892	   0.113357511192761	   0.114307008018649	   0.232415491377162
    1	  51.435865087938907	   0.110529242238949	   0.111435491103095	   0.230962952632199
    1	  52.951045481577594	   0.107750766108958	   0.108615597351763	   0.229489867812098
    1	  54.510008343979123	   0.105022042996344	   0.105847147948656	   0.227997256078383
    1	  56.114018808047234	   0.102343132530116	   0.103130064373186	   0.226486300177836
    1	  57.764378563812329	   0.099713416280250	   0.100463824160658	   0.224957954090021
    1	  59.462426914782107	   0.097132943082855	   0.097848273066739	   0.223413213093986
    1	  61.209541864815861	   0.094601543266480	   0.095283250748681	   0.221853369910415
    1	  63.007141236405005	   0.092120003484890	   0.092769237166772	   0.220279446837493
    1	  64.856683821267822	   0.089689627238246	   0.090307402189001	   0.218692426539880
    1	  66.759670564190785	   0.087309503475225	   0.087897170010658	   0.217093397718432
    1	  68.717645781079014	   0.084979499981159	   0.085538343708071	   0.215483080891773
    1	  70.732198412202351	   0.082700125261141	   0.083231185099712	   0.213862285894821
    1	  72.804963311656010	   0.080470555843414	   0.080975086286641	   0.212232202045088
    1	  74.937622574080706	   0.078290317989539	   0.078769554030791	   0.210593667823440
    1	  77.131906899719596	   0.076159248140702	   0.076614248750854	   0.208947675051874
    1	  79.389596998920211	   0.074075758266219	   0.074507814471318	   0.207296227787997
    1	  81.712525037219976	   0.072038603041357	   0.072448891797135	   0.205639353823636
    1	  84.102576122189461	   0.070047538091109	   0.070437087002550	   0.203978976288163
    1	  86.561689833238859	   0.068102217544200	   0.068471873190471	   0.202318835846416
    1	  89.091861795629356	   0.066200486959182	   0.066551491406878	   0.200654085265932
    1	  91.695145299967734	   0.064342570035649	   0.064675701730903	   0.198981961441521
    1	  94.373652968496771	   0.062528277328618	   0.062844260566786	   0.197303375963307
    1	  97.129558469535269	   0.060755982301408	   0.061055823420102	   0.195621559602335
    1	  99.965098281458040	   0.059025648300127	   0.059309965737633	   0.193940246262852
    1	 102.882573507647322	   0.057336202244028	   0.057605875142175	   0.192256747335409
    1	 105.884351743889738	   0.055686762085263	   0.055942521580241	   0.190568426764477
    1	 108.972868999732071	   0.054077077337218	   0.054319541313103	   0.188875710251405
    1	 112.150631675357559	   0.052506220186477	   0.052736061060645	   0.187179084717853
    1	 115.420218595584998	   0.050973444073593	   0.051191306428953	   0.185478388528760
    1	 118.784283102641851	   0.049478141306740	   0.049684594379941	   0.183773662110758
    1	 122.245555209410981	   0.048019824256187	   0.048215408346559	   0.182066206509151
    1	 125.806843814895657	   0.046597581610170	   0.046782871595975	   0.180356050938663
    1	 129.471038983704346	   0.045210859421239	   0.045386357081335	   0.178643308049938
    1	 133.241114291401544	   0.043859109714209	   0.044025291115686	   0.176928618528904
    1	 137.120129237630067	   0.042541586555463	   0.042698932000854	   0.175212856734403
    1	 141.111231728963531	   0.041257708343593	   0.041406657590799	   0.173497112896334
    1	 145.217660633501509	   0.040006879285810	   0.040147842436563	   0.171782514144502
    1	 149.442748409283439	   0.038788422195640	   0.038917748847079	   0.170070386321353
    1	 153.789923808651281	   0.037601723464403	   0.037715415612442	   0.168361335246501
    1	 158.262714660759030	   0.036446201273761	   0.036545180594479	   0.166655699726826
    1	 162.864750734483721	   0.035321193717977	   0.035406408640001	   0.164953672818921
    1	 167.599766684062956	   0.034226107307351	   0.034298387457642	   0.163255500780894
    1	 172.471605079850434	   0.033160340771072	   0.033220539581740	   0.161561399988174
    1	 177.484219526645859	   0.032123308910707	   0.032172205819463	   0.159871535430588
    1	 182.641677872133812	   0.031114388860156	   0.031152747593898	   0.158186190648752
    1	 187.948165508031963	   0.030133011474050	   0.030161565823896	   0.156505700573611
    1	 193.407988766628506	   0.029178598326698	   0.029198054535231	   0.154830452111702
    1	 199.025578415467606	   0.028250575636385	   0.028261586150326	   0.153160841709142
    1	 204.805493253013822	   0.027348369234030	   0.027351573800585	   0.151497228480375
    1	 210.752423808219334	   0.026467401537743	   0.026467418065861	   0.149840055957939
    1	 216.871196146991878	   0.025608515323003	   0.025608537431731	   0.148189656902024
    1	 223.166775788653098	   0.024774330056722	   0.024774341282047	   0.146546268263613
    1	 229.644271735569305	   0.023964249619940	   0.023964256377692	   0.144910038305437
    1	 236.308940619218248	   0.023177730932167	   0.023177732628191	   0.143281182814499
    1	 243.166190966063510	   0.022414194586309	   0.022414205044414	   0.141660093252318
    1	 250.221587586692891	   0.021673111107817	   0.021673110451435	   0.140047054911141
    1	 257.480856091785029	   0.020953925963961	   0.020953940948502	   0.138442089641500
    1	 264.949887538570579	   0.020256128078967	   0.020258663240290	   0.136845275322504
    1	 272.634743211554110	   0.019579148973067	   0.019584767059883	   0.135257069933282
    1	 280.541659541382273	   0.018922512327715	   0.018930927902282	   0.133678108517519
    1	 288.677053165845052	   0.018285690340392	   0.018296633369987	   0.132108046864166
    1	 297.047526137118098	   0.017668209678727	   0.017681400898540	   0.130546767356937
    1	 305.659871279476704	   0.017069513021505	   0.017084721398507	   0.128994546184256
    1	 314.521077701820843	   0.016489191157311	   0.016506200513565	   0.127450853363881
    1	 323.638336469493936	   0.015926713023245	   0.015945301087209	   0.125915476746064
    1	 333.019046439990916	   0.015381643006868	   0.015401626655818	   0.124390467659737
    1	 342.670820267293834	   0.014853526599875	   0.014874721934921	   0.122875536041051
    1	 352.601490579711538	   0.014341917903054	   0.014364141589222	   0.121369464570530
    1	 362.819116336228660	   0.013846335350156	   0.013869418326883	   0.119872124267227
    1	 373.331989366531559	   0.013368178012360	   0.013390227024473	   0.118383271951561
    1	 384.148641100010821	   0.012905314554191	   0.012926061220860	   0.116902365883167
    1	 395.277849489204300	   0.012457058436163	   0.012476579665312	   0.115428837542714
    1	 406.728646133302504	   0.012023008554738	   0.012041376060034	   0.113962759874075
    1	 418.510323607488203	   0.011602772115873	   0.011620055908064	   0.112504559189828
    1	 430.632443004070865	   0.011195990288673	   0.011212250373879	   0.111054864927325
    1	 443.104841691520960	   0.010802284831190	   0.010817578789367	   0.109614641557267
    1	 455.937641297715857	   0.010421294379905	   0.010435671266779	   0.108184686360406
    1	 469.141255923863469	   0.010052661060482	   0.010066177575864	   0.106765325153374
    1	 482.726400595775146	   0.009696025037170	   0.009708737618357	   0.105356533100888
    1	 496.704099959349207	   0.009351056651871	   0.009363003442321	   0.103958427868246
    1	 511.085697227312266	   0.009017412846208	   0.009028640184819	   0.102571014897097
    1	 525.882863384490292	   0.008694771222559	   0.008705317516767	   0.101194386648759
    1	 541.107606659070711	   0.008382806351193	   0.008392717278981	   0.099828565827445
    1	 556.772282267543233	   0.008081211950977	   0.008090526399879	   0.098473526931128
    1	 572.889602441236434	   0.007789684596052	   0.007798432028406	   0.097129294741600
    1	 589.472646742570191	   0.007507923061769	   0.007516138469881	   0.095795786614360
    1	 606.534872679413866	   0.007235635878429	   0.007243355828310	   0.094472771415759
    1	 624.090126626151346	   0.006972541006386	   0.006979788479335	   0.093160200206384
    1	 642.152655060318466	   0.006718368395676	   0.006725168705391	   0.091857998786050
    1	 660.737116123939131	   0.006472838609185	   0.006479225061103	   0.090566274127672
    1	 679.858591518928051	   0.006235693323090	   0.006241686860943	   0.089285064620877
    1	 699.532598746229382	   0.006006677484569	   0.006012300335402	   0.088014517747353
    1	 719.775103698611815	   0.005785536010367	   0.005790816456916	   0.086754818939877
    1	 740.602533617341351	   0.005572028818856	   0.005576981263146	   0.085506122062329
    1	 762.031790423256780	   0.005365916356380	   0.005370565567640	   0.084268539266073
    1	 784.080264433047546	   0.005166963848168	   0.005171323429606	   0.083042264197768
    1	 806.765848471885533	   0.004974950512580	   0.004979039158245	   0.081827471531772
    1	 830.106952393847109	   0.004789651845768	   0.004793484100415	   0.080624159118851
    1	 854.122518021915312	   0.004610849853246	   0.004614446266667	   0.079432355174338
    1	 878.832034519694730	   0.004438345166326	   0.004441716910616	   0.078252027639031
    1	 904.255554207292789	   0.004271925253856	   0.004275088459021	   0.077083161873630
    1	 930.413708834228146	   0.004111401445118	   0.004114363789678	   0.075925751785689
    1	 957.327726322546596	   0.003956576563672	   0.003959354686795	   0.074779782319713
    1	 985.019447993754852	   0.003807267458662	   0.003809871169083	   0.073645234461609
    1	1013.511346293535780	   0.003663290695940	   0.003665732379558	   0.072522095139444
    1	1042.826543028632614	   0.003524472150509	   0.003526760838761	   0.071410314666332
    1	1072.988828130713273	   0.003390643578978	   0.003392784529648	   0.070309885690258
    1	1104.022678962420287	   0.003261633101936	   0.003263640801592	   0.069220764204971
    1	1135.953280181299306	   0.003137283542824	   0.003139163372651	   0.068142888351194
    1	1168.806544177704154	   0.003017439047328	   0.003019200354498	   0.067076238072481
    1	1202.609132103271577	   0.002901948705458	   0.002903597154199	   0.066020760565288
    1	1237.388475507045314	   0.002790662779851	   0.002792207631067	   0.064975983015617
    1	1273.172798596775920	   0.002683440950602	   0.002684886209925	   0.063940825214604
    1	1309.991141143499590	   0.002580144143319	   0.002581498956228	   0.062915012857378
    1	1347.873382047951964	   0.002480640771256	   0.002481909009052	   0.061898549034227
    1	1386.850263587954032	   0.002384801708275	   0.002385989450024	   0.060891453683250
    1	1426.953416366460715	   0.002292500998689	   0.002293612417573	   0.059894023617654
    1	1468.215384980486078	   0.002203616731432	   0.002204656066695	   0.058907369998546
    1	1510.669654431772869	   0.002118029077113	   0.002119001910514	   0.057931739620735
    1	1554.350677300611778	   0.002035623452888	   0.002036533215588	   0.056967079098231
    1	1599.293901704867267	   0.001956286821036	   0.001957139119436	   0.056013322943213
    1	1645.535800066920501	   0.001879913190203	   0.001880710557100	   0.055070341470828
    1	1693.113898711837692	   0.001806397868622	   0.001807144313019	   0.054138052619621
    1	1742.066808320824975	   0.001735640578524	   0.001736338096352	   0.053216245954750
    1	1792.434255264645572	   0.001667542822469	   0.001668195578784	   0.052304797740900
    1	1844.257113842446870	   0.001602010811538	   0.001602621381819	   0.051403725468718
    1	1897.577439452170211	   0.001538952575050	   0.001539523784816	   0.050513048627537
    1	1952.438502719424378	   0.001478280255337	   0.001478814368849	   0.049632875209579
    1	2008.884824612568991	   0.001419908571957	   0.001420408090849	   0.048763281251756
    1	2066.962212572464068	   0.001363754435430	   0.001364221807920	   0.047904232571128
    1	2126.717797686213089	   0.001309737731418	   0.001310174527760	   0.047055695885182
    1	2188.200072935102071	   0.001257781402984	   0.001258189281866	   0.046217592435130
    1	2251.458932547709992	   0.001207810344523	   0.001208191791320	   0.045389835674244
    1	2316.545712490196365	   0.001159752618380	   0.001160109051608	   0.044572282412024
    1	2383.513232126565981	   0.001113538150401	   0.001113871759637	   0.043764773358899
    1	2452.415837082751750	   0.001069101187875	   0.001069412679715	   0.042967179200282
    1	2523.309443349305639	   0.001026374655884	   0.001026665215739	   0.042179401816482
    1	2596.251582658446296	   0.000985296733806	   0.000985568571564	   0.041401350421719
    1	2671.301449172356115	   0.000945806700850	   0.000946060675167	   0.040632980231586
    1	2748.519947520530422	   0.000907845993031	   0.000908083546948	   0.039874297685581
    1	2827.969742225257505	   0.000871358000056	   0.000871579874256	   0.039125306165269
    1	2909.715308555253614	   0.000836288085345	   0.000836495277278	   0.038385980392956
    1	2993.822984848768556	   0.000802583475724	   0.000802777642554	   0.037656289474862
    1	3080.361026348630730	   0.000770193953007	   0.000770374794046	   0.036936173229690
    1	3169.399660592879627	   0.000739069375153	   0.000739238414045	   0.036225574566695
    1	3261.011144405973482	   0.000709162230065	   0.000709319974236	   0.035524403417690
    1	3355.269822536785341	   0.000680427837992	   0.000680575626554	   0.034832578560294
    1	3452.252187991046867	   0.000652821811014	   0.000652959318086	   0.034150016157558
    1	3552.036944107091585	   0.000626301236044	   0.000626429695271	   0.033476619081697
    1	3654.705068425367699	   0.000600825331951	   0.000600944906188	   0.032810175091545
    1	3760.339878403509374	   0.000576354155099	   0.000576466344551	   0.032148986316289
    1	3869.027099030277441	   0.000552852113754	   0.000552956685264	   0.031494028140563
    1	3980.854932393318904	   0.000530281394812	   0.000530379322819	   0.030846268604037
    1	4095.914129257097557	   0.000508607722559	   0.000508698501104	   0.030206545829632
    1	4214.298062709161059	   0.000487795673377	   0.000487880664693	   0.029575390514765
    1	4336.102803934437361	   0.000467812489103	   0.000467892063901	   0.028953019682318
    1	4461.427200179180545	   0.000448626556445	   0.000448700396994	   0.028339344618043
    1	4590.372954967662736	   0.000430206266815	   0.000430275145928	   0.027733514409032
    1	4723.044710636855598	   0.000412522562667	   0.000412586857587	   0.027134103370856
    1	4859.550133256005211	   0.000395547070546	   0.000395607277514	   0.026538973688809
    1	5000.000000000002728	   0.000379252944620	   0.000379309115217	   0.025944489856256
    2	   0.000000000000000	   0.791353606229031	   1.443746757933431	   0.005646527855346
    2	   0.028895878633786	   0.786197472062030	   1.443746757933431	   0.005719526559177
    2	   0.058626729069591	   0.778562035519027	   1.443746757933431	   0.005832300571976
    2	   0.089216678551268	   0.769992300130220	   1.161601229747682	   0.005895222236957
    2	   0.120690551500581	   0.766248700856536	   1.161601178323303	   0.005992219216473
    2	   0.153073889662773	   0.758020469058286	   1.080640964999950	   0.006053691637215
    2	   0.186392972834257	   0.754985924779692	   1.080640882965527	   0.006133424762411
    2	   0.220674840189252	   0.744808147642010	   1.035109138966282	   0.006182251194850
    2	   0.255947312222677	   0.741031855506500	   0.979737811263226	   0.006232574341225
    2	   0.292239013327094	   0.734282249118487	   0.979737738599434	   0.006295743727228
    2	   0.329579395022038	   0.728980616828605	   0.943636373854806	   0.006339011823071
    2	   0.367998759854577	   0.724301320289376	   0.932399723987099	   0.006392224114924
    2	   0.407528285990505	   0.715790158706924	   0.916007438647163	   0.006431906370870
    2	   0.448200052516108	   0.710079564252347	   0.893427437461276	   0.006465452582440
    2	   0.490047065471057	   0.705718432071459	   0.872446456535765	   0.006511095191758
    2	   0.533103284633538	   0.698293513594766	   0.857448283816907	   0.006539262560810
    2	   0.577403651079368	   0.694047775446614	   0.849109836917603	   0.006567958070763
    2	   0.622984115537448	   0.689321213607720	   0.835070059347876	   0.006607016175857
    2	   0.669881667564581	   0.682458105314147	   0.815670761281928	   0.006633140164568
    2	   0.718134365563312	   0.676814615951398	   0.803480840447598	   0.006659757611032
    2	   0.767781367667167	   0.671507342527834	   0.791353654916256	   0.006697668598663
    2	   0.818862963518346	   0.667056487368902	   0.778562006766420	   0.006725484935149
    2	   0.871420606963662	   0.660124391424384	   0.766248712965422	   0.006753399607605
    2	   0.925496949695250	   0.656045721394079	   0.754985945089875	   0.006782139519936
    2	   0.981135875863370	   0.651271934512838	   0.744584323471165	   0.006815583339901
    2	   1.038382537689358	   0.646574441912991	   0.734802976499746	   0.006840997150452
    2	   1.097283392107659	   0.640088594333325	   0.727032174763874	   0.006867903477159
    2	   1.157886238466658	   0.635925505158368	   0.717478607186299	   0.006902884132134
    2	   1.220240257318908	   0.631540791447420	   0.707409783058584	   0.006934214510539
    2	   1.284396050332241	   0.627050791817886	   0.698831273516685	   0.006964223739455
    2	   1.350405681354142	   0.621782189164384	   0.691660323089014	   0.006994792030457
    2	   1.418322718662713	   0.616810175314651	   0.683339366151012	   0.007028519800837
    2	   1.488202278438519	   0.612470676438744	   0.675167284195519	   0.007064319201530
    2	   1.560101069492589	   0.607971999078312	   0.667351244238866	   0.007096761612482
    2	   1.634077439286873	   0.603684272537360	   0.660124385707066	   0.007129580924942
    2	   1.710191421284502	   0.599456716852324	   0.653276548057003	   0.007162937427782
    2	   1.788504783668267	   0.594197769123640	   0.646574462594304	   0.007201168384065
    2	   1.869081079466878	   0.589709286037376	   0.640088573494097	   0.007239662441268
    2	   1.951985698129646	   0.585389586796066	   0.633832694112593	   0.007275358386433
    2	   2.037285918591472	   0.581222030841247	   0.627691978762320	   0.007311673127545
    2	   2.125050963871200	   0.577270628851386	   0.621482649938391	   0.007350265154412
    2	   2.215352057247619	   0.573147666072405	   0.615190151901429	   0.007399313224582
    2	   2.308262480058741	   0.569112383997699	   0.608893742843303	   0.007495810454225
    2	   2.403857631171228	   0.564687209185537	   0.602925846919915	   0.007770011384275
    2	   2.502215088168239	   0.560284443564117	   0.597198267912917	   0.008026053273742
    2	   2.603414670305364	   0.556440824205463	   0.591432398107783	   0.008311145476546
    2	   2.707538503285713	   0.552671568545691	   0.585660448884061	   0.008592580921423
    2	   2.814671085906746	   0.548957389887803	   0.580131804843588	   0.008891546659985
    2	   2.924899358632921	   0.545308601267025	   0.574949265072410	   0.010826624641970
    2	   3.038312774149804	   0.541887127679109	   0.569659521991184	   0.014429283166975
    2	   3.155003369956905	   0.538510850731672	   0.564687297658788	   0.030912305253980
    2	   3.275065843058154	   0.535184735428382	   0.560156400973336	   0.045181652363679
    2	   3.398597626810607	   0.531969977063204	   0.555692048149135	   0.058220158812478
    2	   3.525698969993787	   0.528554886336513	   0.550975244454633	   0.070146020633639
    2	   3.656473018163779	   0.525411788543920	   0.546408220895632	   0.081288787203516
    2	   3.791025897358140	   0.522597989815673	   0.542139119315309	   0.091622851467031
    2	   3.929466800219529	   0.519809786076940	   0.538018198314853	   0.101300540733397
    2	   4.071908074607951	   0.517023505616647	   0.534023490178329	   0.110441117270876
    2	   4.218465314773542	   0.514306444511803	   0.530221669008551	   0.119096376618243
    2	   4.369257455163862	   0.511414919211085	   0.526673507614728	   0.127409347323977
    2	   4.524406866941830	   0.508445816960510	   0.523253727926645	   0.136271748961277
    2	   4.684039457292635	   0.505197195939425	   0.519929895205645	   0.144068272389551
    2	   4.848284771600217	   0.500718788849967	   0.516654861528087	   0.151247434885331
    2	   5.017276098576197	   0.496771059547466	   0.513487327636313	   0.158120534497213
    2	   5.191150578426639	   0.492871382347822	   0.510342016402430	   0.164712507515232
    2	   5.370049314144351	   0.489002480183263	   0.506741799123018	   0.171024153679130
    2	   5.554117486017097	   0.485023485261987	   0.502034579485733	   0.177077881844215
    2	   5.743504469444626	   0.480943091251007	   0.497460260998048	   0.182880809001571
    2	   5.938363956160092	   0.476792395305359	   0.493160800670680	   0.188440747861514
    2	   6.138854078954332	   0.472462177141118	   0.488940893589905	   0.194125094303279
    2	   6.345137540004107	   0.467861678428132	   0.484612351328750	   0.199894648839759
    2	   6.557381742908535	   0.463238698996644	   0.480032719808910	   0.204813201505661
    2	   6.775758928540808	   0.458564816933012	   0.475295972091016	   0.209536277870975
    2	   7.000446314825505	   0.453826673293392	   0.470175440145641	   0.214065350916485
    2	   7.231626240554826	   0.449128517545769	   0.465104991428740	   0.218408863232957
    2	   7.469486313360592	   0.444403202821134	   0.460013477538403	   0.222573795036304
    2	   7.714219561961972	   0.439559560498431	   0.454844315725452	   0.226562299656748
    2	   7.966024592812593	   0.434630356957310	   0.449694510224160	   0.230380585678129
    2	   8.225105751274045	   0.429711112027931	   0.444493103540955	   0.234034320539977
    2	   8.491673287446705	   0.424761475495160	   0.439371042078444	   0.237519538001935
    2	   8.765943526792318	   0.419787495413031	   0.434266568457938	   0.241087278357290
    2	   9.048139045686920	   0.414723247790049	   0.428904632743732	   0.244565608711432
    2	   9.338488852046499	   0.409642597726960	   0.423520160462439	   0.247583406834974
    2	   9.637228571171983	   0.404560953963193	   0.418073893567208	   0.250474271612817
    2	   9.944600636964415	   0.399444758551670	   0.412596029248210	   0.253225819344663
    2	  10.260854488665400	   0.394313048212458	   0.407112796754677	   0.255842671464713
    2	  10.586246773282603	   0.389192214128788	   0.401606648248245	   0.258329662572690
    2	  10.921041553864477	   0.384077573617451	   0.396090737420263	   0.260687992630421
    2	  11.265510523793269	   0.378949550929041	   0.390589677495743	   0.262918958518494
    2	  11.619933227270224	   0.373813620158681	   0.385103667672859	   0.265024759208396
    2	  11.984597286171908	   0.368676156418211	   0.379616003208120	   0.267009290874070
    2	  12.359798633461725	   0.363546618560851	   0.374130419855489	   0.268874359452077
    2	  12.745841753346063	   0.358426239178698	   0.368652469681615	   0.270620110265993
    2	  13.143039928369985	   0.353309304439600	   0.363192546227101	   0.272253416699002
    2	  13.551715493652951	   0.348196023407748	   0.357752176623517	   0.273847007301006
    2	  13.972200098470935	   0.343098813479190	   0.352325300748130	   0.275347472930509
    2	  14.404834975397117	   0.338013664743793	   0.346911421385835	   0.276706181703160
    2	  14.849971217219700	   0.332928977462536	   0.341524662327883	   0.277904332246831
    2	  15.307970061861486	   0.327849227257125	   0.336160095927377	   0.279012725940403
    2	  15.779203185532456	   0.322786584257197	   0.330803627357965	   0.280029436186121
    2	  16.264053004353240	   0.317754673361145	   0.325618618752946	   0.280953958385277
    2	  16.762912984694282	   0.312750162062373	   0.320472912153626	   0.281787651341299
    2	  17.276187962482517	   0.307764735662940	   0.315354453614833	   0.282532243294173
    2	  17.804294471734682	   0.302800788327571	   0.310208276336437	   0.283189475313349
    2	  18.347661082583901	   0.297863977413756	   0.305007564647331	   0.283761171848326
    2	  18.906728749073878	   0.292956764794201	   0.299841403213672	   0.284249231992906
    2	  19.481951167002819	   0.288079169976042	   0.294712436045551	   0.284655554725239
    2	  20.073795142107674	   0.283231484533696	   0.289621293404635	   0.284982015138664
    2	  20.682740968887291	   0.278415468613990	   0.284568264518272	   0.285230492652247
    2	  21.309282820372090	   0.273632718531732	   0.279554759485418	   0.285402870318637
    2	  21.953929149156366	   0.268882530049440	   0.274582212256988	   0.285501004895862
    2	  22.617203100018923	   0.264166303668811	   0.269650156039442	   0.285526699107368
    2	  23.299642934466547	   0.259485099578813	   0.264759431255767	   0.285481679440176
    2	  24.001802467545247	   0.254839776444482	   0.259910965584212	   0.285367614529502
    2	  24.724251517273323	   0.250230221490959	   0.255105571277953	   0.285186299002165
    2	  25.467576367061440	   0.245663787904840	   0.250342863818002	   0.284939479288104
    2	  26.232380241494525	   0.241145147698269	   0.245630165662469	   0.284628925237379
    2	  27.019283795861874	   0.236673064283705	   0.240972307183607	   0.284256346253642
    2	  27.828925619832713	   0.232246753691147	   0.236368045096397	   0.283823467721934
    2	  28.661962755685852	   0.227861667140120	   0.231816205320386	   0.283321227470074
    2	  29.519071231514047	   0.223518130015617	   0.227311656877103	   0.282755308750120
    2	  30.400946609835739	   0.219216117080535	   0.222854391562015	   0.282132340355534
    2	  31.308304552059560	   0.214954224972904	   0.218444469733411	   0.281455289045439
    2	  32.241881399259285	   0.210731819170000	   0.214079883391966	   0.280726133211121
    2	  33.202434769730999	   0.206549906823135	   0.209760042103841	   0.279947006760449
    2	  34.190744173817144	   0.202409739836979	   0.205485824017193	   0.279135832698462
    2	  35.207611646496368	   0.198313015256639	   0.201258804744111	   0.278282476685355
    2	  36.253862398252807	   0.194260264208268	   0.197080505525863	   0.277384764619611
    2	  37.330345484752499	   0.190253063051804	   0.192951300234964	   0.276443301595636
    2	  38.437934495871005	   0.186291871812597	   0.188872599606127	   0.275459533201632
    2	  39.577528264630907	   0.182377335967637	   0.184844712882455	   0.274434312445134
    2	  40.750051596624701	   0.178509831509538	   0.180867943376665	   0.273368941566198
    2	  41.956456020515084	   0.174690028670642	   0.176942647963476	   0.272264900581582
    2	  43.197720560221484	   0.170918189060981	   0.173069496709697	   0.271123353650598
    2	  44.474852529419636	   0.167160608754459	   0.169248316520369	   0.269945025285760
    2	  45.788888348999080	   0.163431816662989	   0.165479217510801	   0.268731125645986
    2	  47.140894388141525	   0.159753279416252	   0.161762636065256	   0.267482672637933
    2	  48.531967829703191	   0.156125275853437	   0.158098459482339	   0.266200758861553
    2	  49.963237560602892	   0.152547771524198	   0.154486827858354	   0.264886848321386
    2	  51.435865087938907	   0.149021188536996	   0.150928023648070	   0.263542476983391
    2	  52.951045481577594	   0.145545543365906	   0.147421823391497	   0.262167800804428
    2	  54.510008343979123	   0.142143069956756	   0.143968003508014	   0.260763805698972
    2	  56.114018808047234	   0.138820699668955	   0.140567123145355	   0.259331465318446
    2	  57.764378563812329	   0.135547610146819	   0.137218704835991	   0.257871319931595
    2	  59.462426914782107	   0.132324203047688	   0.133922788269488	   0.256384956474138
    2	  61.209541864815861	   0.129151074859559	   0.130679742465875	   0.254874554487189
    2	  63.007141236405005	   0.126028334288569	   0.127489680954600	   0.253341375698934
    2	  64.856683821267822	   0.122956279070100	   0.124352796383269	   0.251787468701771
    2	  66.759670564190785	   0.119935434952589	   0.121269427957385	   0.250213710479200
    2	  68.717645781079014	   0.116964889115457	   0.118238921554324	   0.248620097266776
    2	  70.732198412202351	   0.114045715153839	   0.115261993725271	   0.247007674716102
    2	  72.804963311656010	   0.111177832321670	   0.112338511606607	   0.245377369697923
    2	  74.937622574080706	   0.108360516582296	   0.109467942652991	   0.243729630957013
    2	  77.131906899719596	   0.105594441720454	   0.106650594667038	   0.242067365324288
    2	  79.389596998920211	   0.102880786074444	   0.103887406900791	   0.240391323379083
    2	  81.712525037219976	   0.100219316390398	   0.101178305241737	   0.238700247768967
    2	  84.102576122189461	   0.097610772109232	   0.098523836036288	   0.236995211357687
    2	  86.561689833238859	   0.095055325543401	   0.095924206629328	   0.235276875683458
    2	  89.091861795629356	   0.092551045282169	   0.093377880782506	   0.233544941018344
    2	  91.695145299967734	   0.090099376944111	   0.090885688157977	   0.231800005528312
    2	  94.373652968496771	   0.087699937003337	   0.088447428373878	   0.230043888330382
    2	  97.129558469535269	   0.085351146416671	   0.086061669945728	   0.228278016051370
    2	  99.965098281458040	   0.083051785493574	   0.083727242084747	   0.226501284559063
    2	 102.882573507647322	   0.080800608523958	   0.081442770397721	   0.224713605702265
    2	 105.884351743889738	   0.078597745716378	   0.079208084240315	   0.222916240256703
    2	 108.972868999732071	   0.076442017118910	   0.077022068183688	   0.221110267518918
    2	 112.150631675357559	   0.074332520610822	   0.074883769264241	   0.219296287664230
    2	 115.420218595584998	   0.072268958382994	   0.072792683697929	   0.217467553761990
    2	 118.784283102641851	   0.070249109073599	   0.070746934275184	   0.215625090751807
    2	 122.245555209410981	   0.068276001984515	   0.068748520488574	   0.213775447517818
    2	 125.806843814895657	   0.066345734026686	   0.066794573470164	   0.211920678154393
    2	 129.471038983704346	   0.064458974730667	   0.064885068981925	   0.210061913692296
    2	 133.241114291401544	   0.062615594694902	   0.063019971334220	   0.208199304470309
    2	 137.120129237630067	   0.060814052126666	   0.061197866595966	   0.206333671165372
    2	 141.111231728963531	   0.059054326636119	   0.059418429799569	   0.204466003705501
    2	 145.217660633501509	   0.057335861576702	   0.057681233704599	   0.202598214876870
    2	 149.442748409283439	   0.055657896009093	   0.055985418015433	   0.200731696642082
    2	 153.789923808651281	   0.054019825131492	   0.054330366753030	   0.198866883488120
    2	 158.262714660759030	   0.052421122695289	   0.052715487783877	   0.197004073686819
    2	 162.864750734483721	   0.050861137815167	   0.051140132520208	   0.195143693661002
    2	 167.599766684062956	   0.049339277136165	   0.049603624226547	   0.193286167461717
    2	 172.471605079850434	   0.047854961530201	   0.048105354131522	   0.191431766541658
    2	 177.484219526645859	   0.046407510152260	   0.046644680306023	   0.189580767550651
    2	 182.641677872133812	   0.044996359325768	   0.045220927292165	   0.187733526965904
    2	 187.948165508031963	   0.043620886323313	   0.043833515254916	   0.185890626082932
    2	 193.407988766628506	   0.042280512662705	   0.042481760517788	   0.184052521381047
    2	 199.025578415467606	   0.040974576783894	   0.041165018627056	   0.182219348877414
    2	 204.805493253013822	   0.039702502882287	   0.039882684659358	   0.180391233270438
    2	 210.752423808219334	   0.038463670570567	   0.038634095232376	   0.178568642748728
    2	 216.871196146991878	   0.037257480583201	   0.037418653044728	   0.176752390691886
    2	 223.166775788653098	   0.036083314350399	   0.036235708828101	   0.174942925263152
    2	 229.644271735569305	   0.034940575902977	   0.035084633355647	   0.173139738574161
    2	 236.308940619218248	   0.033828643914512	   0.033964805720316	   0.171342808094411
    2	 243.166190966063510	   0.032746934160788	   0.032875614782655	   0.169553444108305
    2	 250.221587586692891	   0.031694882992781	   0.031816438852994	   0.167773274286370
    2	 257.480856091785029	   0.030671857872803	   0.030786651786026	   0.166000898180823
    2	 264.949887538570579	   0.029677232429007	   0.029785641879955	   0.164235063163508
    2	 272.634743211554110	   0.028710462684650	   0.028812816449219	   0.162477296060571
    2	 280.541659541382273	   0.027770983894376	   0.027867601147586	   0.160732472756587
    2	 288.677053165845052	   0.026858189460970	   0.026949370133306	   0.158997462719799
    2	 297.047526137118098	   0.025971477476581	   0.026057529512650	   0.157268614152855
    2	 305.659871279476704	   0.025110287300707	   0.025191456745612	   0.155545865635312
    2	 314.521077701820843	   0.024274093028781	   0.024350660710467	   0.153828958955042
    2	 323.638336469493936	   0.023462292109248	   0.023531488040111	   0.152118622086828
    2	 333.019046439990916	   0.022674368224628	   0.022733790183706	   0.150421962187165
    2	 342.670820267293834	   0.021909787017203	   0.021960151986695	   0.148736990937342
    2	 352.601490579711538	   0.021167968598236	   0.021210050774570	   0.147059850295530
    2	 362.819116336228660	   0.020448341813989	   0.020482599272544	   0.145391006318376
    2	 373.331989366531559	   0.019750480793187	   0.019777585692473	   0.143730520708855
    2	 384.148641100010821	   0.019073780564372	   0.019094252367468	   0.142078529930847
    2	 395.277849489204300	   0.018417754710474	   0.018432124484544	   0.140435071873714
    2	 406.728646133302504	   0.017781899016259	   0.017790677930000	   0.138800458229869
    2	 418.510323607488203	   0.017165709119397	   0.017169342107034	   0.137174919443357
    2	 430.632443004070865	   0.016567637489196	   0.016567641009528	   0.135558789410051
    2	 443.104841691520960	   0.015985033922523	   0.015985037765613	   0.133952381009317
    2	 455.937641297715857	   0.015421034320366	   0.015421034793005	   0.132356057960995
    2	 469.141255923863469	   0.014875139570628	   0.014875148274377	   0.130769958197237
    2	 482.726400595775146	   0.014346862744792	   0.014346863094296	   0.129194193475801
    2	 496.704099959349207	   0.013835719204266	   0.013835723601552	   0.127628820377590
    2	 511.085697227312266	   0.013341239679743	   0.013341242031308	   0.126073932144773
    2	 525.882863384490292	   0.012862968684813	   0.012862973075674	   0.124529600805381
    2	 541.107606659070711	   0.012400434633132	   0.012400434061286	   0.122995821544091
    2	 556.772282267543233	   0.011953199567489	   0.011953206478631	   0.121472693452245
    2	 572.889602441236434	   0.011520829368477	   0.011520835993794	   0.119960249543941
    2	 589.472646742570191	   0.011102894072711	   0.011102892885746	   0.118458387785491
    2	 606.534872679413866	   0.010698971052497	   0.010700373443609	   0.116967168245412
    2	 624.090126626151346	   0.010308653809926	   0.010311431566011	   0.115486647717092
    2	 642.152655060318466	   0.009931541011268	   0.009935539005657	   0.114016590233146
    2	 660.737116123939131	   0.009567236166780	   0.009572303357381	   0.112556967818226
    2	 679.858591518928051	   0.009215357546200	   0.009221370990300	   0.111107969861670
    2	 699.532598746229382	   0.008875535958852	   0.008882363430545	   0.109668991590319
    2	 719.775103698611815	   0.008547405653674	   0.008554929563099	   0.108239871067562
    2	 740.602533617341351	   0.008230592686409	   0.008238721550367	   0.106820868222348
    2	 762.031790423256780	   0.007924771906031	   0.007933404654074	   0.105412187574348
    2	 784.080264433047546	   0.007629593263473	   0.007638638837324	   0.104014729385890
    2	 806.765848471885533	   0.007344720932706	   0.007354101116422	   0.102629182207916
    2	 830.106952393847109	   0.007069837275225	   0.007079481133308	   0.101255591379558
    2	 854.122518021915312	   0.006805069617793	   0.006814453514063	   0.099894027360392
    2	 878.832034519694730	   0.006549932351853	   0.006558729174600	   0.098544451310074
    2	 904.255554207292789	   0.006303761357875	   0.006312011395162	   0.097206874244034
    2	 930.413708834228146	   0.006066275455919	   0.006074011254562	   0.095881298914675
    2	 957.327726322546596	   0.005837198182535	   0.005844450462315	   0.094567694165820
    2	 985.019447993754852	   0.005616259089410	   0.005623052034830	   0.093266080652175
    2	1013.511346293535780	   0.005403197538700	   0.005409563345286	   0.091976393276344
    2	1042.826543028632614	   0.005197754441033	   0.005203718799167	   0.090698642290842
    2	1072.988828130713273	   0.004999683372454	   0.005005273115481	   0.089432780700849
    2	1104.022678962420287	   0.004808742010224	   0.004813977209658	   0.088178761501536
    2	1135.953280181299306	   0.004624696349192	   0.004629602430017	   0.086936520637172
    2	1168.806544177704154	   0.004447320735391	   0.004451913818088	   0.085705959455368
    2	1202.609132103271577	   0.004276388449230	   0.004280689843858	   0.084487028161071
    2	1237.388475507045314	   0.004111687578493	   0.004115715042178	   0.083279546518234
    2	1273.172798596775920	   0.003953004112230	   0.003956776959019	   0.082083284260828
    2	1309.991141143499590	   0.003800142716872	   0.003803676000672	   0.080898211668062
    2	1347.873382047951964	   0.003652902145811	   0.003656209763005	   0.079724376614521
    2	1386.850263587954032	   0.003511093504161	   0.003514189282376	   0.078561863157037
    2	1426.953416366460715	   0.003374530493913	   0.003377426334552	   0.077410746792395
    2	1468.215384980486078	   0.003243031998479	   0.003245741295175	   0.076271222021610
    2	1510.669654431772869	   0.003116423759019	   0.003118959711250	   0.075143315037280
    2	1554.350677300611778	   0.002994535231091	   0.002996906921242	   0.074026843322547
    2	1599.293901704867267	   0.002877202345090	   0.002879423076971	   0.072921705778614
    2	1645.535800066920501	   0.002764267677708	   0.002766345281965	   0.071827568800354
    2	1693.113898711837692	   0.002655576145161	   0.002657519518675	   0.070744271661151
    2	1742.066808320824975	   0.002550979403322	   0.002552796887509	   0.069671233577694
    2	1792.434255264645572	   0.002450330651438	   0.002452030095982	   0.068608189708608
    2	1844.257113842446870	   0.002353492977679	   0.002355080463904	   0.067555438602667
    2	1897.577439452170211	   0.002260328832570	   0.002261814606448	   0.066513206815466
    2	1952.438502719424378	   0.002170708806583	   0.002172097297686	   0.065482137698329
    2	2008.884824612568991	   0.002084504383980	   0.002085801703194	   0.064462638695029
    2	2066.962212572464068	   0.002001592148692	   0.002002804714308	   0.063454653608985
    2	2126.717797686213089	   0.001921851699005	   0.001922986967700	   0.062458135965908
    2	2188.200072935102071	   0.001845171139441	   0.001846231297935	   0.061473000382815
    2	2251.458932547709992	   0.001771437623749	   0.001772427429323	   0.060499199640077
    2	2316.545712490196365	   0.001700542058869	   0.001701468428358	   0.059536620251157
    2	2383.513232126565981	   0.001632382772215	   0.001633247341283	   0.058585202876564
    2	2452.415837082751750	   0.001566858405386	   0.001567666507344	   0.057644870591985
    2	2523.309443349305639	   0.001503872655668	   0.001504627037084	   0.056715552030318
    2	2596.251582658446296	   0.001443330206460	   0.001444035396128	   0.055797172436001
    2	2671.301449172356115	   0.001385142950024	   0.001385802253713	   0.054889664586007
    2	2748.519947520530422	   0.001329223157609	   0.001329837833809	   0.053992982492205
    2	2827.969742225257505	   0.001275484777927	   0.001276059991731	   0.053107069537459
    2	2909.715308555253614	   0.001223848082380	   0.001224385915071	   0.052231844494250
    2	2993.822984848768556	   0.001174235066957	   0.001174736179480	   0.051367249758529
    2	3080.361026348630730	   0.001126568149755	   0.001127036560419	   0.050513221978898
    2	3169.399660592879627	   0.001080775824606	   0.001081213016025	   0.049669660734150
    2	3261.011144405973482	   0.001036786480841	   0.001037195040629	   0.048836457113320
    2	3355.269822536785341	   0.000994532955262	   0.000994913598178	   0.048013503267803
    2	3452.252187991046867	   0.000953948982194	   0.000954304257121	   0.047200667848984
    2	3552.036944107091585	   0.000914970917545	   0.000915303096761	   0.046397763353572
    2	3654.705068425367699	   0.000877538570987	   0.000877848333094	   0.045604504092177
    2	3760.339878403509374	   0.000841593049007	   0.000841882320315	   0.044820534173656
    2	3869.027099030277441	   0.000807077784651	   0.000807347427615	   0.044045608551510
    2	3980.854932393318904	   0.000773937974285	   0.000774189971404	   0.043279787348565
    2	4095.914129257097557	   0.000742122332178	   0.000742356876539	   0.042522974889605
    2	4214.298062709161059	   0.000711578441750	   0.000711797577175	   0.041774805005677
    2	4336.102803934437361	   0.000682258497761	   0.000682462979251	   0.041034477092693
    2	4461.427200179180545	   0.000654115189619	   0.000654305968028	   0.040300301407336
    2	4590.372954967662736	   0.000627102706840	   0.000627280893279	   0.039568771319887
    2	4723.044710636855598	   0.000601178778764	   0.000601344717215	   0.038834079232044
    2	4859.550133256005211	   0.000576301505812	   0.000576456279426	   0.038086906250444
    2	5000.000000000002728	   0.000552432323226	   0.000552577147253	   0.037310348500172
