   0.414062500000000
   0.257812500000000
   0.304687500000000
   0.476562500000000
   0.382812500000000
   0.601562500000000
   0.007812500000000
   0.742187500000000
   0.539062500000000
   0.695312500000000
   0.976562500000000
   0.085937500000000
   0.898437500000000
   0.101562500000000
   0.242187500000000
   0.195312500000000
   0.804687500000000
   0.585937500000000
   0.242187500000000
   0.445312500000000
   0.664062500000000
   0.554687500000000
   0.101562500000000
   0.398437500000000
   0.976562500000000
   0.507812500000000
   0.648437500000000
   0.054687500000000
   0.414062500000000
   0.914062500000000
   0.273437500000000
   0.242187500000000
   0.414062500000000
   0.757812500000000
   0.804687500000000
   0.976562500000000
   0.882812500000000
   0.601562500000000
   0.507812500000000
   0.742187500000000
   0.570312500000000
   0.773437500000000
   0.773437500000000
   0.992187500000000
   0.914062500000000
   0.757812500000000
   0.804687500000000
   0.976562500000000
   0.882812500000000
   0.101562500000000
   0.507812500000000
   0.242187500000000
   0.039062500000000
   0.195312500000000
   0.476562500000000
   0.585937500000000
   0.398437500000000
   0.601562500000000
   0.742187500000000
   0.695312500000000
   0.304687500000000
   0.085937500000000
   0.742187500000000
   0.945312500000000
   0.164062500000000
   0.054687500000000
   0.601562500000000
   0.898437500000000
   0.476562500000000
   0.007812500000000
   0.148437500000000
   0.554687500000000
   0.914062500000000
   0.414062500000000
   0.773437500000000
   0.742187500000000
   0.914062500000000
   0.257812500000000
   0.304687500000000
   0.476562500000000
   0.382812500000000
   0.101562500000000
   0.007812500000000
   0.242187500000000
   0.070312500000000
   0.273437500000000
   0.273437500000000
   0.492187500000000
   0.664062500000000
   0.007812500000000
   0.554687500000000
   0.226562500000000
   0.632812500000000
   0.851562500000000
   0.757812500000000
   0.992187500000000
   0.789062500000000
   0.445312500000000
   0.726562500000000
   0.835937500000000
   0.648437500000000
   0.851562500000000
   0.492187500000000
   0.945312500000000
   0.054687500000000
   0.835937500000000
   0.992187500000000
   0.195312500000000
   0.414062500000000
   0.804687500000000
   0.851562500000000
   0.148437500000000
   0.726562500000000
   0.257812500000000
   0.398437500000000
   0.804687500000000
   0.164062500000000
   0.164062500000000
   0.023437500000000
   0.992187500000000
   0.164062500000000
   0.507812500000000
   0.054687500000000
   0.726562500000000
   0.132812500000000
   0.351562500000000
   0.257812500000000
   0.992187500000000
   0.320312500000000
   0.523437500000000
   0.023437500000000
   0.242187500000000
   0.164062500000000
   0.507812500000000
   0.054687500000000
   0.726562500000000
   0.132812500000000
   0.351562500000000
   0.257812500000000
   0.492187500000000
   0.289062500000000
   0.945312500000000
   0.226562500000000
   0.335937500000000
   0.148437500000000
   0.351562500000000
   0.992187500000000
   0.445312500000000
   0.554687500000000
   0.335937500000000
   0.492187500000000
   0.695312500000000
   0.914062500000000
   0.304687500000000
   0.351562500000000
   0.648437500000000
   0.226562500000000
   0.757812500000000
   0.898437500000000
   0.304687500000000
   0.664062500000000
   0.664062500000000
   0.523437500000000
   0.492187500000000
   0.664062500000000
   0.007812500000000
   0.554687500000000
   0.226562500000000
   0.632812500000000
   0.851562500000000
   0.757812500000000
   0.492187500000000
   0.820312500000000
   0.023437500000000
   0.523437500000000
   0.742187500000000
   0.226562500000000
   0.445312500000000
   0.742187500000000
   0.914062500000000
   0.070312500000000
   0.289062500000000
   0.195312500000000
   0.929687500000000
   0.601562500000000
   0.257812500000000
   0.164062500000000
   0.398437500000000
   0.335937500000000
   0.789062500000000
   0.679687500000000
   0.632812500000000
   0.367187500000000
   0.898437500000000
   0.304687500000000
   0.257812500000000
   0.726562500000000
   0.492187500000000
   0.664062500000000
   0.835937500000000
   0.664062500000000
   0.070312500000000
   0.460937500000000
   0.367187500000000
   0.101562500000000
   0.851562500000000
   0.835937500000000
   0.554687500000000
   0.726562500000000
   0.945312500000000
   0.242187500000000
   0.414062500000000
   0.070312500000000
   0.789062500000000
   0.695312500000000
   0.929687500000000
   0.632812500000000
   0.460937500000000
   0.585937500000000
   0.304687500000000
   0.726562500000000
   0.945312500000000
   0.242187500000000
   0.414062500000000
   0.570312500000000
   0.789062500000000
   0.695312500000000
   0.429687500000000
   0.101562500000000
   0.757812500000000
   0.664062500000000
   0.898437500000000
   0.835937500000000
   0.289062500000000
   0.179687500000000
   0.132812500000000
   0.867187500000000
   0.398437500000000
   0.804687500000000
   0.757812500000000
   0.226562500000000
   0.992187500000000
   0.164062500000000
   0.335937500000000
   0.164062500000000
   0.570312500000000
   0.960937500000000
   0.867187500000000
   0.601562500000000
   0.351562500000000
   0.335937500000000
   0.054687500000000
   0.226562500000000
   0.445312500000000
   0.742187500000000
   0.914062500000000
   0.570312500000000
   0.289062500000000
   0.195312500000000
   0.429687500000000
   0.132812500000000
   0.960937500000000
   0.085937500000000
   0.804687500000000
   0.976562500000000
   0.195312500000000
   0.492187500000000
   0.664062500000000
   0.820312500000000
   0.039062500000000
   0.945312500000000
   0.679687500000000
   0.851562500000000
   0.507812500000000
   0.414062500000000
   0.648437500000000
   0.085937500000000
   0.039062500000000
   0.929687500000000
   0.382812500000000
   0.617187500000000
   0.648437500000000
   0.554687500000000
   0.007812500000000
   0.476562500000000
   0.242187500000000
   0.414062500000000
   0.585937500000000
   0.914062500000000
   0.820312500000000
   0.710937500000000
   0.617187500000000
   0.351562500000000
   0.101562500000000
   0.585937500000000
   0.304687500000000
   0.976562500000000
   0.695312500000000
   0.992187500000000
   0.164062500000000
   0.820312500000000
   0.039062500000000
   0.445312500000000
   0.679687500000000
   0.382812500000000
   0.210937500000000
   0.335937500000000
   0.554687500000000
   0.476562500000000
   0.695312500000000
   0.992187500000000
   0.164062500000000
   0.320312500000000
   0.539062500000000
   0.445312500000000
   0.179687500000000
   0.351562500000000
   0.007812500000000
   0.914062500000000
   0.148437500000000
   0.585937500000000
   0.539062500000000
   0.429687500000000
   0.882812500000000
   0.117187500000000
   0.148437500000000
   0.054687500000000
   0.507812500000000
   0.976562500000000
   0.742187500000000
   0.914062500000000
   0.085937500000000
   0.414062500000000
   0.320312500000000
   0.210937500000000
   0.117187500000000
   0.851562500000000
   0.601562500000000
   0.085937500000000
   0.804687500000000
   0.476562500000000
   0.195312500000000
   0.492187500000000
   0.664062500000000
   0.320312500000000
   0.539062500000000
   0.945312500000000
   0.179687500000000
   0.882812500000000
   0.710937500000000
   0.835937500000000
   0.054687500000000
   0.351562500000000
   0.070312500000000
   0.117187500000000
   0.789062500000000
   0.945312500000000
   0.664062500000000
   0.070312500000000
   0.304687500000000
   0.726562500000000
   0.632812500000000
   0.289062500000000
   0.773437500000000
   0.460937500000000
   0.664062500000000
   0.054687500000000
   0.507812500000000
   0.992187500000000
   0.523437500000000
   0.179687500000000
   0.632812500000000
   0.351562500000000
   0.867187500000000
   0.039062500000000
   0.210937500000000
   0.539062500000000
   0.945312500000000
   0.085937500000000
   0.492187500000000
   0.226562500000000
   0.476562500000000
   0.210937500000000
   0.929687500000000
   0.351562500000000
   0.570312500000000
   0.617187500000000
   0.289062500000000
   0.945312500000000
   0.664062500000000
   0.570312500000000
   0.304687500000000
   0.007812500000000
   0.085937500000000
   0.460937500000000
   0.679687500000000
   0.851562500000000
   0.570312500000000
   0.617187500000000
   0.289062500000000
   0.445312500000000
   0.164062500000000
   0.570312500000000
   0.804687500000000
   0.226562500000000
   0.132812500000000
   0.789062500000000
   0.273437500000000
   0.960937500000000
   0.164062500000000
   0.554687500000000
   0.007812500000000
   0.492187500000000
   0.023437500000000
   0.679687500000000
   0.132812500000000
   0.851562500000000
   0.367187500000000
   0.539062500000000
   0.710937500000000
   0.039062500000000
   0.445312500000000
   0.585937500000000
   0.992187500000000
   0.726562500000000
   0.976562500000000
   0.710937500000000
   0.429687500000000
   0.851562500000000
   0.070312500000000
   0.117187500000000
   0.789062500000000
   0.445312500000000
   0.164062500000000
   0.070312500000000
   0.804687500000000
   0.507812500000000
   0.585937500000000
   0.960937500000000
   0.179687500000000
   0.601562500000000
   0.320312500000000
   0.867187500000000
   0.539062500000000
   0.195312500000000
   0.914062500000000
   0.820312500000000
   0.054687500000000
   0.976562500000000
   0.382812500000000
   0.039062500000000
   0.023437500000000
   0.210937500000000
   0.414062500000000
   0.304687500000000
   0.257812500000000
   0.242187500000000
   0.773437500000000
   0.929687500000000
   0.882812500000000
   0.601562500000000
   0.617187500000000
   0.789062500000000
   0.460937500000000
   0.789062500000000
   0.195312500000000
   0.835937500000000
   0.742187500000000
   0.476562500000000
   0.726562500000000
   0.460937500000000
   0.179687500000000
   0.101562500000000
   0.820312500000000
   0.367187500000000
   0.039062500000000
   0.195312500000000
   0.414062500000000
   0.320312500000000
   0.054687500000000
   0.757812500000000
   0.335937500000000
   0.710937500000000
   0.429687500000000
   0.101562500000000
   0.820312500000000
   0.367187500000000
   0.039062500000000
   0.695312500000000
   0.414062500000000
   0.320312500000000
   0.554687500000000
   0.476562500000000
   0.882812500000000
   0.539062500000000
   0.523437500000000
   0.710937500000000
   0.914062500000000
   0.804687500000000
   0.757812500000000
   0.742187500000000
   0.273437500000000
   0.429687500000000
   0.382812500000000
   0.101562500000000
   0.117187500000000
   0.289062500000000
   0.960937500000000
   0.289062500000000
   0.695312500000000
   0.335937500000000
   0.242187500000000
   0.976562500000000
   0.226562500000000
   0.960937500000000
   0.679687500000000
   0.601562500000000
   0.320312500000000
   0.867187500000000
   0.539062500000000
   0.695312500000000
   0.914062500000000
   0.820312500000000
   0.554687500000000
   0.257812500000000
   0.835937500000000
   0.210937500000000
   0.929687500000000
   0.070312500000000
   0.351562500000000
   0.210937500000000
   0.195312500000000
   0.789062500000000
   0.132812500000000
   0.664062500000000
   0.773437500000000
   0.382812500000000
   0.226562500000000
   0.945312500000000
   0.429687500000000
   0.117187500000000
   0.320312500000000
   0.335937500000000
   0.601562500000000
   0.460937500000000
   0.492187500000000
   0.023437500000000
   0.914062500000000
   0.070312500000000
   0.835937500000000
   0.632812500000000
   0.929687500000000
   0.695312500000000
   0.914062500000000
   0.492187500000000
   0.523437500000000
   0.132812500000000
   0.632812500000000
   0.367187500000000
   0.523437500000000
   0.570312500000000
   0.851562500000000
   0.710937500000000
   0.695312500000000
   0.789062500000000
   0.632812500000000
   0.164062500000000
   0.273437500000000
   0.351562500000000
   0.992187500000000
   0.554687500000000
   0.835937500000000
   0.570312500000000
   0.851562500000000
   0.710937500000000
   0.695312500000000
   0.289062500000000
   0.632812500000000
   0.164062500000000
   0.273437500000000
   0.882812500000000
   0.726562500000000
   0.445312500000000
   0.929687500000000
   0.617187500000000
   0.820312500000000
   0.835937500000000
   0.101562500000000
   0.960937500000000
   0.992187500000000
   0.523437500000000
   0.414062500000000
   0.570312500000000
   0.335937500000000
   0.132812500000000
   0.429687500000000
   0.195312500000000
   0.414062500000000
   0.992187500000000
   0.023437500000000
   0.632812500000000
   0.132812500000000
   0.867187500000000
   0.023437500000000
   0.070312500000000
   0.351562500000000
   0.210937500000000
   0.195312500000000
   0.289062500000000
   0.132812500000000
   0.664062500000000
   0.773437500000000
   0.851562500000000
   0.492187500000000
   0.054687500000000
   0.335937500000000
