   0.000000000000000
   0.000000000000000
   0.000000079356878
   0.000000215222157
   0.000000385101126
   0.000001433595580
   0.000000596959325
   0.000002402824570
   0.000000438092978
   0.000001655801485
   0.000000593841061
   0.000002339197746
   0.000000679366720
   0.000002644489830
   0.000000537150945
   0.000001859706105
   0.000000583691578
   0.000002020937857
   0.000000737003965
   0.000002416604393
   0.000000812043021
   0.000002714374755
   0.000000648913628
   0.000001990856764
   0.000000690299779
   0.000002062378453
   0.000000847119165
   0.000002375479274
   0.000000863935204
   0.000002378866170
   0.000001473912391
   0.000002542725599
   0.000001618037678
   0.000002371888753
   0.000001975391246
   0.000003318196090
   0.000002655723355
   0.000005342009128
   0.000002705323666
   0.000004920940103
   0.000002639188864
   0.000003789181357
   0.000002825256220
   0.000015108630365
   0.000003915829085
   0.000042253311723
   0.000004004120571
   0.000040989083258
   0.000011585034421
   0.000085589281178
   0.000013590793464
   0.000085077764807
   0.000016945163610
   0.000132522589507
   0.000019198168951
   0.000135249947166
   0.000020832038635
   0.000141488933533
   0.000022647789210
   0.000156090386387
   0.000023664926123
   0.000167269749451
   0.000024744664658
   0.000175950386438
   0.000024716778499
   0.000176898481013
   0.000025016764975
   0.000178875827797
   0.000025258248188
   0.000180386709332
   0.000026397138260
   0.000202921537921
   0.000026133883084
   0.000202601755056
   0.000025772574873
   0.000198794719482
   0.000025078057163
   0.000190602996239
   0.000023300749111
   0.000161682920786
   0.000022724379306
   0.000154130775667
   0.000022047462116
   0.000148855014517
   0.000021514433533
   0.000139831985542
   0.000020686978605
   0.000130846175830
   0.000019310972164
   0.000117637047215
   0.000019309584398
   0.000118034929081
   0.000019062694746
   0.000111886715010
   0.000019451320443
   0.000110733194162
   0.000018628589169
   0.000091825298775
   0.000020796885598
   0.000120259002985
   0.000018777306196
   0.000104304673168
   0.000021764182271
   0.000129310585314
   0.000021441915502
   0.000121472613873
   0.000023922602405
   0.000146449746306
   0.000024149673421
   0.000146259044016
   0.000025726532838
   0.000164585745083
   0.000025403551174
   0.000163856104346
   0.000026413484002
   0.000175355946841
   0.000026917978157
   0.000178681282848
   0.000027647392504
   0.000187406206083
   0.000027762245192
   0.000191138892311
   0.000028430682984
   0.000197865568081
   0.000029273146495
   0.000203635184570
   0.000029870445344
   0.000209637294926
   0.000030244781001
   0.000215175798970
   0.000030254415806
   0.000219393806137
   0.000030582836771
   0.000224191454486
   0.000031070197278
   0.000228950579813
   0.000031378772671
   0.000232541506900
   0.000031558902935
   0.000234567986930
   0.000031903557097
   0.000237546557115
   0.000032319485046
   0.000239935048093
   0.000032570777027
   0.000241268780346
   0.000032626390706
   0.000242640996807
   0.000032787437922
   0.000243753611905
   0.000033165993083
   0.000245165897252
   0.000033526015021
   0.000246571463692
   0.000033585494165
   0.000246720861293
   0.000033745742301
   0.000247107613520
   0.000034007045290
   0.000247648167982
   0.000034187564656
   0.000247724851616
   0.000034132575100
   0.000246744461417
   0.000034328089589
   0.000246767499294
   0.000034695152253
   0.000246400653566
   0.000034773836551
   0.000245769891334
   0.000034885116914
   0.000245400732437
   0.000035013715005
   0.000244805555380
   0.000035084787204
   0.000244090625224
   0.000035031353782
   0.000243299149038
   0.000035093088296
   0.000242391755742
   0.000035191548451
   0.000241528040704
   0.000035247036571
   0.000240401807317
   0.000035297127406
   0.000239303505910
   0.000035297331092
   0.000238094907121
   0.000035334138562
   0.000236723774694
   0.000035350762597
   0.000235280328728
   0.000035346876794
   0.000233704719030
   0.000035346372711
   0.000232044753507
   0.000035346125913
   0.000230405873966
   0.000035326670517
   0.000228628152059
   0.000035295017719
   0.000226729095231
   0.000035263905686
   0.000224817848251
   0.000035214269362
   0.000222790275902
   0.000035151605978
   0.000220664840768
   0.000035082075154
   0.000218483194911
   0.000035009110261
   0.000216291808918
   0.000034915570065
   0.000213965768648
   0.000034810720543
   0.000211567815638
   0.000034704923414
   0.000209161539603
   0.000034588904709
   0.000206687827693
   0.000034449676820
   0.000204101681049
   0.000034304118373
   0.000201486816940
   0.000034166540314
   0.000198898346403
   0.000033998235454
   0.000196164543695
   0.000033805773533
   0.000193351658443
   0.000033641245425
   0.000190630496395
   0.000033450412123
   0.000187803965770
   0.000033198474594
   0.000184793329102
   0.000032998403505
   0.000181945671865
   0.000032786215889
   0.000179084518655
   0.000032442659529
   0.000175880436078
   0.000032202657971
   0.000172923753892
   0.000031954195127
   0.000170037617554
   0.000031395214287
   0.000166763964988
   0.000031118351729
   0.000163714661861
   0.000030828861900
   0.000160522148515
   0.000029456650469
   0.000157192367082
   0.000029148358728
   0.000153918413080
   0.000028912416432
   0.000150706527306
   0.000024170218671
   0.000148726634639
   0.000023794286279
   0.000145400426499
   0.000023542872181
   0.000142939365458
   0.000004539258565
   0.000139602924361
   0.000004377107174
   0.000137447397693
   0.000004233840877
   0.000134165783614
   0.000004104955226
   0.000131877513265
   0.000003947295841
   0.000128601606913
   0.000003784298514
   0.000125751360907
   0.000003670766881
   0.000120914095368
   0.000003516279142
   0.000117899829014
   0.000003362304955
   0.000113671691930
   0.000003260778053
   0.000110834575980
   0.000003124557703
   0.000107029419385
   0.000002983032934
   0.000105334632575
   0.000002886714056
   0.000102376917601
   0.000002753290264
   0.000100029788837
   0.000002634236437
   0.000097037676473
   0.000002550289079
   0.000094514456649
   0.000002426937901
   0.000091476447852
   0.000002319947490
   0.000088789553138
   0.000002247508937
   0.000086017244623
   0.000002140382011
   0.000083206697561
   0.000002047013471
   0.000080476818087
   0.000002014384471
   0.000077951447112
   0.000001930322022
   0.000075295300844
   0.000001843900620
   0.000072938446615
   0.000001759617310
   0.000070246798007
   0.000001677822737
   0.000068054280998
   0.000001597832401
   0.000065565050315
   0.000001519978457
   0.000063285518765
   0.000001444972894
   0.000060943730821
   0.000001371589433
   0.000058679597815
   0.000001300602342
   0.000056421239221
   0.000001232404536
   0.000054194756980
   0.000001165757861
   0.000051999265490
   0.000001101966280
   0.000049838886076
   0.000001040844678
   0.000047732784320
   0.000000981098700
   0.000045653235862
   0.000000924785421
   0.000043623223773
   0.000000870886577
   0.000041603861813
   0.000000819394409
   0.000039407375686
   0.000000770971823
   0.000037404389057
   0.000000724563158
   0.000035340528979
   0.000000680203581
   0.000033446733339
   0.000000637861360
   0.000031773107833
   0.000000597385257
   0.000030109888790
   0.000000558686336
   0.000028574630842
   0.000000522042986
   0.000027063172844
   0.000000486869436
   0.000025653022422
   0.000000453529946
   0.000024276648658
   0.000000422484378
   0.000022918555959
   0.000000393281312
   0.000021253469347
   0.000000365968403
   0.000019827071795
   0.000000340296587
   0.000018559704054
   0.000000315885918
   0.000017401382965
   0.000000292677128
   0.000016553987818
   0.000000270719981
   0.000015709657146
   0.000000250048269
   0.000014837203639
   0.000000230558812
   0.000013963858321
   0.000000212315204
   0.000013102361333
   0.000000195283744
   0.000012264221199
   0.000000179251238
   0.000011456783751
   0.000000164481181
   0.000010685330341
   0.000000150645049
   0.000009948483115
   0.000000137739063
   0.000009246916219
   0.000000126030915
   0.000008582312900
   0.000000114909688
   0.000007954754603
   0.000000104842815
   0.000007363375086
   0.000000095531524
   0.000006808261602
   0.000000086928625
   0.000006288703661
   0.000000078989935
   0.000005801691529
   0.000000071665956
   0.000005347153345
   0.000000064937082
   0.000004922997943
   0.000000058766152
   0.000004519072468
   0.000000053107076
   0.000004136368694
   0.000000047933921
   0.000003783006368
   0.000000043174272
   0.000003467174020
   0.000000038886517
   0.000003171260547
   0.000000035030526
   0.000002858370809
   0.000000031535291
   0.000002566963505
   0.000000028391546
   0.000002314307581
   0.000000025509430
   0.000002088786281
   0.000000022860572
   0.000001914755113
   0.000000020431893
   0.000001761266623
   0.000000018218680
   0.000001616965582
   0.000000016208537
   0.000001475892673
   0.000000014387053
   0.000001341619489
   0.000000012741790
   0.000001216883151
   0.000000011260939
   0.000001100009517
   0.000000009930460
   0.000000990817927
   0.000000008740012
   0.000000890918275
   0.000000007673303
   0.000000799559441
   0.000000006745906
   0.000000707259358
   0.000000005924447
   0.000000612965319
   0.000000005186428
   0.000000548070113
   0.000000004542899
   0.000000489738175
   0.000000003953723
   0.000000437044112
   0.000000003430760
   0.000000404980931
   0.000000002971595
   0.000000359640584
   0.000000002566892
   0.000000318005903
   0.000000002214236
   0.000000279992077
   0.000000001908110
   0.000000244341395
   0.000000001641218
   0.000000212603705
   0.000000001408521
   0.000000185725529
   0.000000001206266
   0.000000162218389
   0.000000001030434
   0.000000141508544
   0.000000000877926
   0.000000123347685
   0.000000000746243
   0.000000107210589
   0.000000000632457
   0.000000092983211
   0.000000000534672
   0.000000080493334
   0.000000000450660
   0.000000069457960
   0.000000000378894
   0.000000059803888
   0.000000000317437
   0.000000051357150
   0.000000000265462
   0.000000043958532
   0.000000000221014
   0.000000037517920
   0.000000000183972
   0.000000031888875
   0.000000000152462
   0.000000026943805
   0.000000000126632
   0.000000022555173
   0.000000000105199
   0.000000018510582
   0.000000000086966
   0.000000015610991
   0.000000000071686
   0.000000013317056
   0.000000000058680
   0.000000011387787
   0.000000000047691
   0.000000009819206
   0.000000000038639
   0.000000008288688
   0.000000000031155
   0.000000006879203
   0.000000000025055
   0.000000005688948
   0.000000000020034
   0.000000004686235
   0.000000000015996
   0.000000003844008
   0.000000000012685
   0.000000003137576
   0.000000000010071
   0.000000002546590
   0.000000000007935
   0.000000002052098
   0.000000000006282
   0.000000001642429
   0.000000000004928
   0.000000001312162
   0.000000000003878
   0.000000001052538
   0.000000000003019
   0.000000000843772
   0.000000000002353
   0.000000000675847
   0.000000000001818
   0.000000000536991
   0.000000000001404
   0.000000000425313
   0.000000000001076
   0.000000000333756
   0.000000000000823
   0.000000000262588
   0.000000000000625
   0.000000000206845
   0.000000000000472
   0.000000000162346
   0.000000000000354
   0.000000000126814
   0.000000000000264
   0.000000000098786
   0.000000000000196
   0.000000000076008
   0.000000000000144
   0.000000000057925
   0.000000000000105
   0.000000000043879
   0.000000000000077
   0.000000000033037
   0.000000000000055
   0.000000000024712
   0.000000000000040
   0.000000000018360
   0.000000000000028
   0.000000000013544
   0.000000000000020
   0.000000000009919
   0.000000000000014
   0.000000000007208
   0.000000000000010
   0.000000000005196
   0.000000000000007
   0.000000000003716
   0.000000000000004
   0.000000000002632
   0.000000000000003
   0.000000000001834
   0.000000000000002
   0.000000000001261
   0.000000000000001
   0.000000000000860
   0.000000000000001
   0.000000000000580
   0.000000000000001
   0.000000000000387
   0.000000000000000
   0.000000000000254
   0.000000000000000
   0.000000000000165
   0.000000000000000
   0.000000000000106
   0.000000000000000
   0.000000000000068
   0.000000000000000
   0.000000000000043
   0.000000000000000
   0.000000000000028
   0.000000000000000
   0.000000000000017
   0.000000000000000
   0.000000000000010
   0.000000000000000
   0.000000000000000
   0.000000000000000
   0.000000000000000
   0.000000065430299
   0.000000122601879
   0.000000092176622
   0.000000139762520
   0.000000088663466
   0.000000116515007
   0.000000141225188
   0.000000215678548
   0.000000237637042
   0.000000758833791
   0.000000292770545
   0.000000941620860
   0.000000238022802
   0.000000660560666
   0.000000287766113
   0.000000969448188
   0.000000546393067
   0.000001570790424
   0.000000437299997
   0.000001232241563
   0.000000407917134
   0.000001063880665
   0.000000480080474
   0.000001173841197
   0.000000539436406
   0.000001301256268
   0.000000693239951
   0.000001906266339
   0.000000785239472
   0.000001707597176
   0.000000846249397
   0.000001645247428
   0.000000993867671
   0.000002135416784
   0.000001276119650
   0.000003027672853
   0.000001301669099
   0.000002709548220
   0.000001397743449
   0.000002847116666
   0.000001332355536
   0.000002606665171
   0.000001721015159
   0.000004354341792
   0.000001843917849
   0.000004529730066
   0.000002063867416
   0.000005325168134
   0.000002160822550
   0.000005427036123
   0.000002876526776
   0.000008430673858
   0.000002910715524
   0.000008470475235
   0.000003038832708
   0.000008979686094
   0.000003289094418
   0.000010046247004
   0.000003548355553
   0.000011151523976
   0.000003841195044
   0.000011925585846
   0.000003714690481
   0.000011711330571
   0.000003789823168
   0.000012187210956
   0.000003891739945
   0.000012476788474
   0.000004299306283
   0.000014306340438
   0.000004430994155
   0.000014290086036
   0.000004373115897
   0.000013997361878
   0.000004298232515
   0.000013761913158
   0.000004014038708
   0.000012062373691
   0.000004037028269
   0.000011839353648
   0.000004038442028
   0.000011794424537
   0.000005754957119
   0.000010963603139
   0.000005812580107
   0.000010296810309
   0.000005808139656
   0.000009491130609
   0.000006238664026
   0.000009694937378
   0.000006490193876
   0.000008464319411
   0.000006650107969
   0.000008321954814
   0.000006816706465
   0.000014085938563
   0.000008933288834
   0.000026200603985
   0.000008756411864
   0.000025759685861
   0.000026825648369
   0.000113742065265
   0.000028015531867
   0.000119361618387
   0.000035989023752
   0.000176062959714
   0.000040462683799
   0.000209528959754
   0.000045832556709
   0.000242076618753
   0.000048713056745
   0.000277818237844
   0.000052133156567
   0.000307277144805
   0.000055846976754
   0.000339858276855
   0.000058479659494
   0.000370617570522
   0.000060439499840
   0.000393236708807
   0.000063306614700
   0.000416476944925
   0.000065094089155
   0.000438209226023
   0.000065605674505
   0.000460213800319
   0.000066865946000
   0.000482474140439
   0.000067310731614
   0.000498604487689
   0.000067816266866
   0.000512967607648
   0.000068297600994
   0.000526380977777
   0.000068262803424
   0.000534600643814
   0.000067590031307
   0.000532292037925
   0.000067457903649
   0.000536310610056
   0.000067947635220
   0.000540530976932
   0.000067500710590
   0.000538931251416
   0.000066560593091
   0.000540304305096
   0.000066220505722
   0.000541102504511
   0.000066129982354
   0.000539868259536
   0.000065915879493
   0.000538429044058
   0.000066079257811
   0.000538015361634
   0.000065768607356
   0.000535297865441
   0.000066156737068
   0.000535351650476
   0.000066116878816
   0.000533552443021
   0.000066916434894
   0.000535051427919
   0.000067435227550
   0.000535263226310
   0.000067798478179
   0.000533818198554
   0.000067996155312
   0.000532426002003
   0.000068141895232
   0.000531422753535
   0.000068327056487
   0.000530128448008
   0.000068346717900
   0.000526696266753
   0.000068813546382
   0.000526389346984
   0.000068813811044
   0.000524053263914
   0.000068883157826
   0.000521488795351
   0.000068854239049
   0.000517977439595
   0.000068907147995
   0.000515525769068
   0.000068588903448
   0.000512500822102
   0.000068628111479
   0.000508649543034
   0.000068812005785
   0.000506874488863
   0.000068774548659
   0.000503317191763
   0.000068704512859
   0.000499188111785
   0.000068680786383
   0.000495514836106
   0.000068638437933
   0.000491728841245
   0.000068545953650
   0.000487314638178
   0.000068465783120
   0.000482881166288
   0.000068451165331
   0.000479587436466
   0.000068324404364
   0.000474892776413
   0.000068176314402
   0.000469955107987
   0.000068077656984
   0.000465611333283
   0.000067941595272
   0.000461115639894
   0.000067781549741
   0.000455877748652
   0.000067606988594
   0.000450757817104
   0.000067470975478
   0.000446363164195
   0.000067232695021
   0.000440912163656
   0.000066969443724
   0.000435315880307
   0.000066758006456
   0.000430229655505
   0.000066499038079
   0.000424822863039
   0.000066171845601
   0.000418936510875
   0.000065867195311
   0.000413301335933
   0.000065628491836
   0.000407995676185
   0.000065236704098
   0.000401755286745
   0.000064913543383
   0.000395831649959
   0.000064623897779
   0.000390300739621
   0.000064188582347
   0.000384056745050
   0.000063762876761
   0.000377787236153
   0.000063389221650
   0.000372195930986
   0.000062737600358
   0.000365796230701
   0.000062239423624
   0.000359213415217
   0.000061576846008
   0.000351280213451
   0.000060316488258
   0.000342520515774
   0.000059789654845
   0.000335928431874
   0.000059205509778
   0.000328629296992
   0.000057409821775
   0.000321257841971
   0.000056847626691
   0.000314650556046
   0.000056295829659
   0.000307830527994
   0.000056359858287
   0.000304776362030
   0.000055820959877
   0.000298745790986
   0.000055167769317
   0.000292022333170
   0.000054854709259
   0.000287732019319
   0.000054205499765
   0.000281316040743
   0.000053504614950
   0.000274796152408
   0.000052939808531
   0.000269116878399
   0.000052205062485
   0.000262588605806
   0.000051367504583
   0.000255723716576
   0.000050617424589
   0.000249993710762
   0.000049764610838
   0.000243091222544
   0.000048958365804
   0.000236468159638
   0.000048212229363
   0.000230087180403
   0.000047323857426
   0.000223482917607
   0.000046455322613
   0.000216923805428
   0.000045567467735
   0.000211943575957
   0.000044456744490
   0.000205403345451
   0.000043552720486
   0.000199164176568
   0.000041534280743
   0.000193781785754
   0.000040037250369
   0.000187361306566
   0.000039172421810
   0.000181752739385
   0.000032761624137
   0.000177942271547
   0.000030680958863
   0.000172346393854
   0.000030035776810
   0.000167521000542
   0.000003969288979
   0.000161430677161
   0.000003790482053
   0.000157245307055
   0.000003613104797
   0.000151926873678
   0.000003442320789
   0.000147251444783
   0.000003277575256
   0.000142197886487
   0.000003116321619
   0.000137218427761
   0.000002959305291
   0.000132291485694
   0.000002807807909
   0.000127478800546
   0.000002659750136
   0.000122855608950
   0.000002517770892
   0.000118079658833
   0.000002381839106
   0.000113452853463
   0.000002247254486
   0.000108793268667
   0.000002121912606
   0.000104365690304
   0.000002001828392
   0.000099841383203
   0.000001887446457
   0.000093824795207
   0.000001781256607
   0.000089627492110
   0.000001678722774
   0.000084549246531
   0.000001580474946
   0.000080433447555
   0.000001486118759
   0.000077427589235
   0.000001395593675
   0.000073596880300
   0.000001308973163
   0.000070700720272
   0.000001226510350
   0.000067259719595
   0.000001147744746
   0.000064115509503
   0.000001072773600
   0.000060847460790
   0.000001001700851
   0.000057808892752
   0.000000934311221
   0.000054807955761
   0.000000870609367
   0.000051884355089
   0.000000810329167
   0.000048970649644
   0.000000753289504
   0.000046205193146
   0.000000699213622
   0.000043643244274
   0.000000648189159
   0.000041234633741
   0.000000600108557
   0.000038882973642
   0.000000554598183
   0.000036611125051
   0.000000512165835
   0.000034442611402
   0.000000472335933
   0.000032384196729
   0.000000434517383
   0.000030398253196
   0.000000400542010
   0.000028496719953
   0.000000367743957
   0.000026668073041
   0.000000337502975
   0.000024940583903
   0.000000312332429
   0.000023288758414
   0.000000284702737
   0.000021734539258
   0.000000265366062
   0.000020264882852
   0.000000247380761
   0.000018890204774
   0.000000226134145
   0.000017542470892
   0.000000206407705
   0.000016328771101
   0.000000188189488
   0.000015165816714
   0.000000171540111
   0.000013999781791
   0.000000156170095
   0.000012897267354
   0.000000141796182
   0.000011907561964
   0.000000128613694
   0.000011059428227
   0.000000116464443
   0.000010194480237
   0.000000105513873
   0.000009372440422
   0.000000095501998
   0.000008480465995
   0.000000086414413
   0.000007723656135
   0.000000078234786
   0.000007028716545
   0.000000070650422
   0.000006406433200
   0.000000063610709
   0.000005970031161
   0.000000057161350
   0.000005542840220
   0.000000051273723
   0.000005104892372
   0.000000045885985
   0.000004685658079
   0.000000040974284
   0.000004297066235
   0.000000036527884
   0.000003927134855
   0.000000032501159
   0.000003574412513
   0.000000028855055
   0.000003250246159
   0.000000025573068
   0.000002951191865
   0.000000022620462
   0.000002671151730
   0.000000019977939
   0.000002410641927
   0.000000017615712
   0.000002167691514
   0.000000015498373
   0.000001948026551
   0.000000013613087
   0.000001749064954
   0.000000011923172
   0.000001569684843
   0.000000010412568
   0.000001412176347
   0.000000009081840
   0.000001265071349
   0.000000007890915
   0.000001130063023
   0.000000006861268
   0.000001005362056
   0.000000005960715
   0.000000880629130
   0.000000005166339
   0.000000775983017
   0.000000004469086
   0.000000686643865
   0.000000003859156
   0.000000605876496
   0.000000003323057
   0.000000534557140
   0.000000002855085
   0.000000471718737
   0.000000002447849
   0.000000414355516
   0.000000002092415
   0.000000363632016
   0.000000001784611
   0.000000318741297
   0.000000001517997
   0.000000278184914
   0.000000001287754
   0.000000242534270
   0.000000001089133
   0.000000210976072
   0.000000000919241
   0.000000182857421
   0.000000000772482
   0.000000158243389
   0.000000000648795
   0.000000136514436
   0.000000000541673
   0.000000117355795
   0.000000000453154
   0.000000100611375
   0.000000000379201
   0.000000083350891
   0.000000000315927
   0.000000070782591
   0.000000000262915
   0.000000060730531
   0.000000000217420
   0.000000051992086
   0.000000000178616
   0.000000045402175
   0.000000000146271
   0.000000038959708
   0.000000000119249
   0.000000032821432
   0.000000000096951
   0.000000027559345
   0.000000000078380
   0.000000023060119
   0.000000000063256
   0.000000019229146
   0.000000000050662
   0.000000015970061
   0.000000000040623
   0.000000013211205
   0.000000000032239
   0.000000010861098
   0.000000000025826
   0.000000008832307
   0.000000000020440
   0.000000007095695
   0.000000000016339
   0.000000005772517
   0.000000000012843
   0.000000004666066
   0.000000000010167
   0.000000003838297
   0.000000000007937
   0.000000003084078
   0.000000000006219
   0.000000002511016
   0.000000000004819
   0.000000002005578
   0.000000000003736
   0.000000001616276
   0.000000000002870
   0.000000001284108
   0.000000000002199
   0.000000001023838
   0.000000000001673
   0.000000000807420
   0.000000000001267
   0.000000000636502
   0.000000000000953
   0.000000000497302
   0.000000000000713
   0.000000000387284
   0.000000000000530
   0.000000000299509
   0.000000000000392
   0.000000000230540
   0.000000000000288
   0.000000000176307
   0.000000000000210
   0.000000000134051
   0.000000000000152
   0.000000000101250
   0.000000000000109
   0.000000000075975
   0.000000000000077
   0.000000000056610
   0.000000000000055
   0.000000000041876
   0.000000000000038
   0.000000000030742
   0.000000000000027
   0.000000000022391
   0.000000000000018
   0.000000000016152
   0.000000000000012
   0.000000000011534
   0.000000000000008
   0.000000000008159
   0.000000000000006
   0.000000000005714
   0.000000000000004
   0.000000000003959
   0.000000000000002
   0.000000000002710
   0.000000000000001
   0.000000000001829
   0.000000000000001
   0.000000000001218
   0.000000000000001
   0.000000000000805
   0.000000000000000
   0.000000000000519
   0.000000000000000
   0.000000000000339
   0.000000000000000
   0.000000000000231
   0.000000000000000
   0.000000000000158
   0.000000000000000
   0.000000000000113
   0.000000000000000
   0.000000000000000
   0.000000014260241
   0.000000018371003
   0.000000019658257
   0.000000027405700
   0.000000021183281
   0.000000019738733
   0.000000028817354
   0.000000039901325
   0.000000019003182
   0.000000029089519
   0.000000033511622
   0.000000058967557
   0.000000024675826
   0.000000042957645
   0.000000022090381
   0.000000075993770
   0.000000077081630
   0.000000163326260
   0.000000050597720
   0.000000103810677
   0.000000052166627
   0.000000107636563
   0.000000064087498
   0.000000135535199
   0.000000061377460
   0.000000128878132
   0.000000100054970
   0.000000239689187
   0.000000090769975
   0.000000219419231
   0.000000090647939
   0.000000200099476
   0.000000095708286
   0.000000256985013
   0.000000118133171
   0.000000330134571
   0.000000121928836
   0.000000267151578
   0.000000148024642
   0.000000375635513
   0.000000129024680
   0.000000372372921
   0.000000135909194
   0.000000408250942
   0.000000176228785
   0.000000458976022
   0.000000179925131
   0.000000510350442
   0.000000178517409
   0.000000524386029
   0.000000235946058
   0.000000712529169
   0.000000236556666
   0.000000720565550
   0.000000271058669
   0.000000782953716
   0.000000291127181
   0.000000892953954
   0.000000373381347
   0.000000966187110
   0.000000410640870
   0.000001056616409
   0.000000376808207
   0.000001044509099
   0.000000393331873
   0.000001077180136
   0.000000518490570
   0.000001113171983
   0.000000458647885
   0.000001231568826
   0.000000460747963
   0.000001214941243
   0.000000478636079
   0.000001147624967
   0.000000606029493
   0.000001227597076
   0.000000537953514
   0.000001200316237
   0.000000533601313
   0.000001227216322
   0.000000590942377
   0.000001285030983
   0.000001572657596
   0.000001242143838
   0.000001651155753
   0.000001169094247
   0.000001713956613
   0.000001126825789
   0.000002185012525
   0.000001069280394
   0.000002846092767
   0.000001033224652
   0.000002293601390
   0.000000942105070
   0.000002465553925
   0.000000908718463
   0.000003341114057
   0.000001466164163
   0.000003674067976
   0.000001819742605
   0.000003240345334
   0.000003191766062
   0.000011750083770
   0.000040474766713
   0.000019915377949
   0.000073009925122
   0.000023580997017
   0.000092557054748
   0.000026372526067
   0.000107260971417
   0.000030763978710
   0.000129326173638
   0.000033106048068
   0.000139771925886
   0.000037876758211
   0.000175655927408
   0.000039650592242
   0.000202629643666
   0.000041637809448
   0.000220314493391
   0.000043127283403
   0.000233808705603
   0.000044145400158
   0.000248061971756
   0.000045803392801
   0.000260910258387
   0.000046658237900
   0.000276248787331
   0.000046613623327
   0.000293513421155
   0.000046649903467
   0.000304176662209
   0.000046452178729
   0.000310975323906
   0.000045953419583
   0.000315419998511
   0.000045270830177
   0.000318039142611
   0.000043563160463
   0.000316886807118
   0.000043268454691
   0.000320781816688
   0.000042659573361
   0.000323684547965
   0.000041444784485
   0.000324415947283
   0.000040292259028
   0.000323096596242
   0.000039510562564
   0.000320865114698
   0.000038673120356
   0.000318231433566
   0.000038088949106
   0.000314526149597
   0.000037815071394
   0.000313806186200
   0.000037840825168
   0.000314384678046
   0.000035980242384
   0.000305871787397
   0.000038168846420
   0.000315830783579
   0.000038103679858
   0.000314207547075
   0.000038235526099
   0.000311547445576
   0.000038089861511
   0.000307962520546
   0.000038019773625
   0.000306110812295
   0.000037737065213
   0.000305035347178
   0.000037202246121
   0.000298459526355
   0.000037626559634
   0.000303323316641
   0.000037489654012
   0.000300958716045
   0.000037294643930
   0.000297822265472
   0.000037033617696
   0.000293934470139
   0.000036872410462
   0.000290987699530
   0.000036613803393
   0.000288187741357
   0.000036683277533
   0.000284411915267
   0.000037358681170
   0.000288067257332
   0.000037237561655
   0.000285293613629
   0.000037095970516
   0.000282037720110
   0.000036943865272
   0.000278470753489
   0.000036847753321
   0.000275481328896
   0.000036784110127
   0.000272514830734
   0.000036646823569
   0.000268986434073
   0.000036875193215
   0.000270008713729
   0.000036793123062
   0.000267048986243
   0.000036696242368
   0.000263770930283
   0.000036660566364
   0.000261209283524
   0.000036703959038
   0.000259770613757
   0.000036742134817
   0.000256677690589
   0.000036674308601
   0.000253403558795
   0.000036750715481
   0.000252674640223
   0.000036638717262
   0.000249576857209
   0.000036481936091
   0.000246206290364
   0.000036381909645
   0.000243467709668
   0.000036268588106
   0.000240988900443
   0.000036083895516
   0.000237755710259
   0.000035825452541
   0.000234424307805
   0.000035841082972
   0.000232504211081
   0.000035601885786
   0.000228726287993
   0.000035517898893
   0.000225560468483
   0.000035436674387
   0.000222729792031
   0.000035420405488
   0.000220064867850
   0.000035272841555
   0.000216724577564
   0.000035247119516
   0.000214184330854
   0.000035097193608
   0.000211199785691
   0.000034883190351
   0.000207578000249
   0.000034687164670
   0.000204090710523
   0.000034462312479
   0.000200645593281
   0.000034287506474
   0.000197398379750
   0.000034098766932
   0.000194070771555
   0.000033915251735
   0.000190748839689
   0.000033709011382
   0.000187282537990
   0.000033471976556
   0.000183635098091
   0.000033319520971
   0.000180598393601
   0.000033084861590
   0.000177177336643
   0.000032831651502
   0.000173725124984
   0.000032606770398
   0.000170556447515
   0.000032331725950
   0.000167034236503
   0.000032029949621
   0.000163454788438
   0.000031776021853
   0.000160322360270
   0.000031459026554
   0.000156851591689
   0.000031110054075
   0.000153337240311
   0.000030764445915
   0.000150126953976
   0.000030342787169
   0.000146501478882
   0.000029811043345
   0.000141686786836
   0.000029236090449
   0.000136467551350
   0.000028916148670
   0.000133024353853
   0.000028529028955
   0.000129579113012
   0.000028464545463
   0.000129118612924
   0.000028012092959
   0.000126223587126
   0.000027383610063
   0.000121893224629
   0.000026656893273
   0.000117714794754
   0.000025989793789
   0.000114334207978
   0.000025514949840
   0.000111443550410
   0.000024478241053
   0.000109957383057
   0.000023839101420
   0.000106831767854
   0.000023356172325
   0.000103163506988
   0.000022803401160
   0.000099389958941
   0.000022504910749
   0.000096656721068
   0.000022150792817
   0.000094185452682
   0.000021821512062
   0.000091938073504
   0.000021352446119
   0.000088779490107
   0.000020866657581
   0.000085479539044
   0.000020438288455
   0.000082514036673
   0.000020047594411
   0.000079990251405
   0.000019710499779
   0.000077823723592
   0.000019126550919
   0.000074985626910
   0.000018581091515
   0.000072070871699
   0.000018030760233
   0.000069245732509
   0.000017517255365
   0.000066808078786
   0.000017022556627
   0.000064579774849
   0.000016436599253
   0.000061837691714
   0.000015847247766
   0.000059245240868
   0.000015256032272
   0.000056568153659
   0.000014610376725
   0.000053414735130
   0.000014135053750
   0.000050904843608
   0.000013659339873
   0.000048626654299
   0.000013317950659
   0.000047424702115
   0.000012895581525
   0.000045602804283
   0.000012352485308
   0.000043086910713
   0.000011895487616
   0.000040948170194
   0.000011458233044
   0.000039092862412
   0.000011089760777
   0.000037748918829
   0.000010660287292
   0.000035993017900
   0.000010190303329
   0.000033974173934
   0.000009766059584
   0.000032207790979
   0.000009373595088
   0.000030697574730
   0.000008995889320
   0.000029322347750
   0.000008595617743
   0.000027737266548
   0.000008183832558
   0.000026154328056
   0.000007800975253
   0.000024751277195
   0.000007410014853
   0.000023487579235
   0.000007040842906
   0.000022197397519
   0.000006602238809
   0.000020913644809
   0.000006240512555
   0.000019684551267
   0.000005721273088
   0.000018578022233
   0.000005380316850
   0.000017479261138
   0.000004620045934
   0.000016464430993
   0.000004313486465
   0.000015502647958
   0.000002986735877
   0.000014625277720
   0.000002788217084
   0.000013609708264
   0.000000142972738
   0.000012848723327
   0.000000131044558
   0.000012033186369
   0.000000120406493
   0.000011007701729
   0.000000110420375
   0.000010154684849
   0.000000100678324
   0.000009551962934
   0.000000091853639
   0.000009175641709
   0.000000083856331
   0.000008386434337
   0.000000076472030
   0.000007724480927
   0.000000069442443
   0.000007217217689
   0.000000063081766
   0.000006805642835
   0.000000057326493
   0.000006206924258
   0.000000051960466
   0.000005707830427
   0.000000046932960
   0.000005326625606
   0.000000042385945
   0.000004951646626
   0.000000038237283
   0.000004519690567
   0.000000034396022
   0.000004161937367
   0.000000030877476
   0.000003856278478
   0.000000027698809
   0.000003539249175
   0.000000024797164
   0.000003230503725
   0.000000022144392
   0.000002967826152
   0.000000019747386
   0.000002720354990
   0.000000017581419
   0.000002476426834
   0.000000015614447
   0.000002257221800
   0.000000013842350
   0.000002058246703
   0.000000012248254
   0.000001867071203
   0.000000010812240
   0.000001691514778
   0.000000009522104
   0.000001533144578
   0.000000008363469
   0.000001384922356
   0.000000007337782
   0.000001248248835
   0.000000006403121
   0.000001124579335
   0.000000005614446
   0.000001007647325
   0.000000004916833
   0.000000876148016
   0.000000004291172
   0.000000786629085
   0.000000003739566
   0.000000707467940
   0.000000003253672
   0.000000629804835
   0.000000002821389
   0.000000562129059
   0.000000002442439
   0.000000501989768
   0.000000002110193
   0.000000444526696
   0.000000001817254
   0.000000394404583
   0.000000001562135
   0.000000349507111
   0.000000001339422
   0.000000307815078
   0.000000001145227
   0.000000271336599
   0.000000000976802
   0.000000238545980
   0.000000000831155
   0.000000208852522
   0.000000000704815
   0.000000182765911
   0.000000000596698
   0.000000159404130
   0.000000000503230
   0.000000138629908
   0.000000000423747
   0.000000120333686
   0.000000000356041
   0.000000103744764
   0.000000000298077
   0.000000089480136
   0.000000000248991
   0.000000076932260
   0.000000000207136
   0.000000065954396
   0.000000000171657
   0.000000056577731
   0.000000000141792
   0.000000048300370
   0.000000000116631
   0.000000041133102
   0.000000000095645
   0.000000034912022
   0.000000000078019
   0.000000029532926
   0.000000000063497
   0.000000024900875
   0.000000000051279
   0.000000020916826
   0.000000000041438
   0.000000017511968
   0.000000000033059
   0.000000014595502
   0.000000000026718
   0.000000012031382
   0.000000000021275
   0.000000009710138
   0.000000000017216
   0.000000007993000
   0.000000000013621
   0.000000006475022
   0.000000000010912
   0.000000005435960
   0.000000000008581
   0.000000004382450
   0.000000000006800
   0.000000003637841
   0.000000000005312
   0.000000002921279
   0.000000000004162
   0.000000002394752
   0.000000000003226
   0.000000001915170
   0.000000000002499
   0.000000001549940
   0.000000000001920
   0.000000001232991
   0.000000000001470
   0.000000000985410
   0.000000000001118
   0.000000000778386
   0.000000000000846
   0.000000000614580
   0.000000000000636
   0.000000000481182
   0.000000000000475
   0.000000000375409
   0.000000000000353
   0.000000000290872
   0.000000000000260
   0.000000000224190
   0.000000000000191
   0.000000000171661
   0.000000000000139
   0.000000000130618
   0.000000000000100
   0.000000000098713
   0.000000000000071
   0.000000000074078
   0.000000000000051
   0.000000000055182
   0.000000000000036
   0.000000000040791
   0.000000000000025
   0.000000000029906
   0.000000000000017
   0.000000000021733
   0.000000000000012
   0.000000000015645
   0.000000000000008
   0.000000000011152
   0.000000000000005
   0.000000000007867
   0.000000000000003
   0.000000000005489
   0.000000000000002
   0.000000000003786
   0.000000000000001
   0.000000000002581
   0.000000000000001
   0.000000000001738
   0.000000000000001
   0.000000000001110
   0.000000000000000
   0.000000000000707
   0.000000000000000
   0.000000000000477
   0.000000000000000
   0.000000000000330
   0.000000000000000
   0.000000000000400
