   0.000000171053737
   0.000000125613758
   0.000000086690062
   0.000000092906856
   0.000000058494121
   0.000000068424444
   0.000000069856093
   0.000000076385786
   0.000000069961493
   0.000000103475489
   0.000000104450241
   0.000000101020325
   0.000000110327963
   0.000000142152191
   0.000000147080976
   0.000000283876541
   0.000000322075734
   0.000000531362561
   0.000000896340771
   0.000000838486106
   0.000000678286562
   0.000000720093290
   0.000001436249897
   0.000001409513788
   0.000001791511078
   0.000001515894458
   0.000002582056167
   0.000002460528346
   0.000002431417399
   0.000002638522960
   0.000002761672720
   0.000002838752086
   0.000002862521740
   0.000002870833181
   0.000002870759227
   0.000003411277321
   0.000003423202260
   0.000003329108299
   0.000003209816394
   0.000002569585018
   0.000002428629662
   0.000002292627598
   0.000002189259013
   0.000001991310245
   0.000001820522997
   0.000001871464881
   0.000001758771979
   0.000001728122606
   0.000001280458935
   0.000001970473376
   0.000001747857330
   0.000002227479342
   0.000002033472747
   0.000002463988640
   0.000002420792651
   0.000002840380197
   0.000002838580956
   0.000003101237691
   0.000003170971801
   0.000003365576750
   0.000003460979833
   0.000003639089619
   0.000003792947399
   0.000003932885332
   0.000004069293588
   0.000004154046612
   0.000004256483391
   0.000004362210212
   0.000004446186189
   0.000004497017038
   0.000004571988478
   0.000004625340896
   0.000004649506606
   0.000004668955977
   0.000004693477484
   0.000004702491812
   0.000004713273117
   0.000004720384234
   0.000004727078859
   0.000004729249107
   0.000004720983797
   0.000004710474338
   0.000004702579505
   0.000004703170514
   0.000004679494267
   0.000004662227201
   0.000004640578746
   0.000004612784346
   0.000004574951333
   0.000004544091807
   0.000004515425446
   0.000004479423169
   0.000004444450464
   0.000004402567742
   0.000004363587636
   0.000004322432587
   0.000004280249878
   0.000004234837633
   0.000004190178859
   0.000004142494631
   0.000004092390958
   0.000004041857919
   0.000003989643874
   0.000003935448607
   0.000003880195671
   0.000003825024531
   0.000003767572901
   0.000003708566123
   0.000003649532933
   0.000003589478573
   0.000003527683912
   0.000003465415707
   0.000003403601598
   0.000003339768608
   0.000003275129787
   0.000003211309989
   0.000003146030667
   0.000003079200556
   0.000003013950607
   0.000002947461955
   0.000002877093824
   0.000002811414890
   0.000002742959039
   0.000002661819547
   0.000002596549774
   0.000002524258251
   0.000002394594219
   0.000002329968967
   0.000002265929045
   0.000001954474579
   0.000001893246185
   0.000001844364435
   0.000001785217886
   0.000001739011296
   0.000001677452956
   0.000001629804809
   0.000001570469379
   0.000001517807210
   0.000001440558368
   0.000001387800199
   0.000001321676693
   0.000001270032707
   0.000001210634665
   0.000001175732531
   0.000001126271691
   0.000001085188982
   0.000001037998332
   0.000000993688785
   0.000000947205795
   0.000000905774964
   0.000000855567997
   0.000000812105909
   0.000000772899324
   0.000000699547608
   0.000000656194226
   0.000000624616468
   0.000000590010119
   0.000000560914883
   0.000000529422963
   0.000000500663779
   0.000000472159578
   0.000000445112379
   0.000000418877683
   0.000000393637937
   0.000000369434355
   0.000000346226870
   0.000000324173829
   0.000000303018097
   0.000000282880795
   0.000000263427228
   0.000000243116479
   0.000000225227993
   0.000000207378481
   0.000000191458554
   0.000000177543046
   0.000000163982691
   0.000000151767311
   0.000000140024977
   0.000000129369372
   0.000000119222576
   0.000000109587263
   0.000000098934057
   0.000000089848567
   0.000000081825681
   0.000000074604569
   0.000000068899499
   0.000000063493946
   0.000000058246435
   0.000000053241309
   0.000000048508737
   0.000000044081366
   0.000000039972397
   0.000000036180832
   0.000000032684397
   0.000000029469402
   0.000000026526466
   0.000000023843793
   0.000000021393509
   0.000000019169547
   0.000000017153840
   0.000000015324794
   0.000000013672848
   0.000000012183021
   0.000000010817294
   0.000000009574516
   0.000000008468525
   0.000000007508855
   0.000000006639124
   0.000000005770741
   0.000000005003588
   0.000000004358376
   0.000000003799135
   0.000000003367492
   0.000000002993245
   0.000000002653994
   0.000000002338378
   0.000000002051640
   0.000000001795977
   0.000000001566485
   0.000000001361185
   0.000000001180686
   0.000000001022024
   0.000000000872784
   0.000000000731577
   0.000000000630093
   0.000000000542201
   0.000000000466002
   0.000000000413680
   0.000000000353994
   0.000000000301605
   0.000000000255856
   0.000000000215049
   0.000000000180134
   0.000000000151507
   0.000000000127404
   0.000000000106987
   0.000000000089775
   0.000000000075107
   0.000000000062691
   0.000000000052229
   0.000000000043367
   0.000000000035926
   0.000000000029684
   0.000000000024443
   0.000000000020070
   0.000000000016413
   0.000000000013347
   0.000000000010762
   0.000000000008457
   0.000000000006845
   0.000000000005610
   0.000000000004606
   0.000000000003828
   0.000000000003112
   0.000000000002483
   0.000000000001974
   0.000000000001563
   0.000000000001233
   0.000000000000968
   0.000000000000755
   0.000000000000585
   0.000000000000450
   0.000000000000345
   0.000000000000266
   0.000000000000205
   0.000000000000158
   0.000000000000120
   0.000000000000092
   0.000000000000069
   0.000000000000052
   0.000000000000039
   0.000000000000030
   0.000000000000022
   0.000000000000017
   0.000000000000012
   0.000000000000009
   0.000000000000007
   0.000000000000005
   0.000000000000003
   0.000000000000002
   0.000000000000002
   0.000000000000001
   0.000000000000001
   0.000000000000001
   0.000000000000000
   0.000000000000000
   0.000000000000000
   0.000000000000000
   0.000000000000000
   0.000000000000000
   0.000000000000000
   0.000000000000000
   0.000000000000000
   0.000000000000000
   0.000000000000000
   0.000000000000000
   0.000000000000000
   0.000000000000000
   0.000000000000000
   0.000000000000000
   0.000000101761744
   0.000000110952741
   0.000000128377397
   0.000000085104613
   0.000000111624402
   0.000000044392370
   0.000000104291451
   0.000000084492034
   0.000000049620581
   0.000000128229327
   0.000000111630213
   0.000000118811605
   0.000000129104742
   0.000000147111414
   0.000000134409985
   0.000000186411984
   0.000000231862157
   0.000000276160809
   0.000000371791306
   0.000000397847176
   0.000000404179248
   0.000000287777613
   0.000000575853799
   0.000000592597674
   0.000000676804519
   0.000000620990458
   0.000001002082482
   0.000000875166048
   0.000000861558062
   0.000000947088837
   0.000001055289174
   0.000001106434703
   0.000001062551068
   0.000001048592621
   0.000001067358497
   0.000001272321110
   0.000001260075186
   0.000001192798669
   0.000001147011299
   0.000000976402094
   0.000000967166939
   0.000000946049295
   0.000001220366939
   0.000001192064325
   0.000001149791046
   0.000001226460348
   0.000001177406859
   0.000001176237627
   0.000001130117949
   0.000001636251264
   0.000001636156746
   0.000001804768829
   0.000001738757627
   0.000002664548638
   0.000003222966213
   0.000003906965667
   0.000004303355545
   0.000004801396098
   0.000005458843698
   0.000006019243447
   0.000006487845128
   0.000007168353989
   0.000007706057033
   0.000008072224819
   0.000008658059762
   0.000009042740125
   0.000009438871089
   0.000009812289109
   0.000010084281398
   0.000010114881084
   0.000010346996093
   0.000010601356802
   0.000010643129062
   0.000010614925899
   0.000010669906538
   0.000010667166351
   0.000010683466301
   0.000010689751971
   0.000010688153487
   0.000010670993120
   0.000010654788552
   0.000010615082578
   0.000010577738240
   0.000010537899870
   0.000010504373214
   0.000010476083241
   0.000010437090739
   0.000010355662359
   0.000010364477007
   0.000010294427479
   0.000010221964402
   0.000010136313653
   0.000010061456781
   0.000009945516254
   0.000009838368528
   0.000009770742600
   0.000009676806333
   0.000009569831852
   0.000009473652282
   0.000009373472128
   0.000009261206359
   0.000009145598240
   0.000009056443671
   0.000008938097025
   0.000008815106581
   0.000008704765815
   0.000008592149339
   0.000008466099948
   0.000008340722618
   0.000008228270238
   0.000008094826169
   0.000007958989675
   0.000007833094453
   0.000007701523955
   0.000007559446410
   0.000007423700819
   0.000007293217097
   0.000007149363718
   0.000007008705030
   0.000006872738728
   0.000006725359461
   0.000006581111802
   0.000006439117576
   0.000006282655519
   0.000006136100450
   0.000005961058061
   0.000005746323566
   0.000005602979149
   0.000005448849790
   0.000005226061597
   0.000005086621240
   0.000004947211174
   0.000004874405645
   0.000004743319132
   0.000004602785925
   0.000004498674343
   0.000004364887741
   0.000004229795167
   0.000004106514372
   0.000003973906888
   0.000003837815055
   0.000003706855953
   0.000003574071876
   0.000003446533792
   0.000003317706260
   0.000003193492645
   0.000003072878285
   0.000002952425321
   0.000002828290931
   0.000002714777632
   0.000002546549238
   0.000002414857699
   0.000002314291302
   0.000001971649440
   0.000001828570002
   0.000001752705717
   0.000001662064811
   0.000001594653100
   0.000001514803180
   0.000001443149999
   0.000001369303616
   0.000001298060825
   0.000001229336200
   0.000001163311802
   0.000001101005328
   0.000001038011191
   0.000000978669645
   0.000000920810484
   0.000000866344493
   0.000000812562329
   0.000000747915139
   0.000000699825268
   0.000000646544950
   0.000000602315018
   0.000000567949850
   0.000000528795824
   0.000000497319275
   0.000000463151925
   0.000000431971251
   0.000000401255378
   0.000000372950006
   0.000000346018227
   0.000000320408397
   0.000000295700733
   0.000000272795199
   0.000000251728201
   0.000000232288569
   0.000000213952165
   0.000000196684971
   0.000000180635825
   0.000000165615654
   0.000000151679742
   0.000000138302785
   0.000000126173437
   0.000000114096707
   0.000000103667768
   0.000000092075165
   0.000000083254966
   0.000000070385659
   0.000000063467818
   0.000000057324781
   0.000000051589784
   0.000000046049484
   0.000000041045974
   0.000000036713290
   0.000000033065356
   0.000000029456835
   0.000000026182123
   0.000000022924396
   0.000000020225024
   0.000000017777718
   0.000000015657560
   0.000000014090956
   0.000000012636987
   0.000000011226059
   0.000000009946442
   0.000000008809114
   0.000000007769149
   0.000000006820910
   0.000000005985495
   0.000000005243634
   0.000000004576561
   0.000000003984177
   0.000000003457758
   0.000000002995078
   0.000000002591377
   0.000000002240965
   0.000000001939825
   0.000000001673651
   0.000000001440056
   0.000000001233487
   0.000000001038066
   0.000000000881258
   0.000000000751010
   0.000000000637540
   0.000000000541449
   0.000000000459897
   0.000000000388624
   0.000000000328147
   0.000000000276727
   0.000000000232274
   0.000000000194775
   0.000000000162940
   0.000000000135786
   0.000000000112987
   0.000000000093712
   0.000000000077457
   0.000000000063848
   0.000000000050946
   0.000000000041583
   0.000000000034248
   0.000000000028138
   0.000000000023534
   0.000000000019369
   0.000000000015677
   0.000000000012646
   0.000000000010164
   0.000000000008141
   0.000000000006494
   0.000000000005161
   0.000000000004076
   0.000000000003183
   0.000000000002452
   0.000000000001915
   0.000000000001484
   0.000000000001173
   0.000000000000904
   0.000000000000707
   0.000000000000542
   0.000000000000420
   0.000000000000320
   0.000000000000245
   0.000000000000185
   0.000000000000140
   0.000000000000105
   0.000000000000079
   0.000000000000058
   0.000000000000043
   0.000000000000032
   0.000000000000023
   0.000000000000017
   0.000000000000012
   0.000000000000009
   0.000000000000006
   0.000000000000004
   0.000000000000003
   0.000000000000002
   0.000000000000001
   0.000000000000001
   0.000000000000001
   0.000000000000000
   0.000000000000000
   0.000000000000000
   0.000000000000000
   0.000000000000000
   0.000000000000000
   0.000000000000000
   0.000000000000000
   0.000000000000000
   0.000000000000000
   0.000000013732362
   0.000000022839088
   0.000000026594718
   0.000000021282621
   0.000000022839588
   0.000000008876340
   0.000000027104815
   0.000000018743457
   0.000000005532431
   0.000000029428831
   0.000000023311288
   0.000000024687075
   0.000000024419704
   0.000000021241099
   0.000000029248397
   0.000000031165577
   0.000000028568209
   0.000000033584897
   0.000000034342846
   0.000000034305619
   0.000000049948289
   0.000000028945884
   0.000000033270628
   0.000000054210258
   0.000000044657939
   0.000000037332264
   0.000000065319776
   0.000000047196809
   0.000000048054924
   0.000000061651020
   0.000000076686200
   0.000000080137039
   0.000000076663957
   0.000000066933531
   0.000000095070330
   0.000000092626824
   0.000000078122085
   0.000000075777549
   0.000000110443589
   0.000000091028577
   0.000000086365508
   0.000000101105945
   0.000000301610995
   0.000000307239298
   0.000000318930400
   0.000000405425520
   0.000000533032619
   0.000000407382334
   0.000000435366816
   0.000000607948418
   0.000000674450257
   0.000000584299815
   0.000000593889846
   0.000000942067802
   0.000000951205540
   0.000000973701044
   0.000001056792050
   0.000001225379358
   0.000002012112326
   0.000002307200884
   0.000002594680881
   0.000002872967387
   0.000003210761750
   0.000003511960347
   0.000003994602593
   0.000004281714941
   0.000004600409465
   0.000004848761386
   0.000005057651109
   0.000005228296614
   0.000005417864139
   0.000005697264937
   0.000005921288714
   0.000005995060251
   0.000006039367302
   0.000006088988607
   0.000006102683255
   0.000006095424811
   0.000006152920433
   0.000006185132546
   0.000006198458239
   0.000006214620475
   0.000006179760082
   0.000006149167983
   0.000006086093911
   0.000006060611936
   0.000006014922886
   0.000005857211943
   0.000005968142703
   0.000005916811098
   0.000005852038580
   0.000005774503569
   0.000005728281172
   0.000005682922291
   0.000005565212486
   0.000005596418244
   0.000005531747311
   0.000005456320867
   0.000005373384737
   0.000005302449190
   0.000005234451926
   0.000005150880594
   0.000005161015721
   0.000005089947891
   0.000005013349130
   0.000004950864266
   0.000004909417429
   0.000004847749502
   0.000004774721221
   0.000004745779963
   0.000004669810137
   0.000004590712225
   0.000004521263347
   0.000004458753371
   0.000004375679091
   0.000004296083866
   0.000004241986690
   0.000004163730157
   0.000004086415764
   0.000004014561402
   0.000003942034186
   0.000003862614670
   0.000003787291453
   0.000003713152370
   0.000003629824498
   0.000003548813664
   0.000003467191008
   0.000003391581736
   0.000003314767443
   0.000003239421202
   0.000003161868491
   0.000003081696980
   0.000003012273751
   0.000002936160470
   0.000002859469353
   0.000002787112551
   0.000002710936874
   0.000002633706243
   0.000002562520340
   0.000002488212630
   0.000002412923751
   0.000002338957398
   0.000002262172276
   0.000002171739486
   0.000002074417634
   0.000002008469077
   0.000001941094602
   0.000001904906185
   0.000001840816549
   0.000001760221098
   0.000001672598343
   0.000001600864876
   0.000001540676760
   0.000001462895791
   0.000001396881367
   0.000001335785312
   0.000001272534377
   0.000001224895281
   0.000001178275010
   0.000001134404292
   0.000001081831911
   0.000001029401862
   0.000000982072545
   0.000000939677443
   0.000000902052808
   0.000000855772081
   0.000000811957946
   0.000000769950730
   0.000000731977227
   0.000000696529836
   0.000000657472224
   0.000000619874078
   0.000000583047595
   0.000000543760156
   0.000000512410890
   0.000000483198666
   0.000000461808574
   0.000000437002490
   0.000000407756058
   0.000000382766955
   0.000000359909096
   0.000000340923361
   0.000000319923100
   0.000000297960213
   0.000000278430480
   0.000000260910817
   0.000000244628826
   0.000000227892422
   0.000000211508029
   0.000000196667440
   0.000000182509086
   0.000000169205475
   0.000000155047999
   0.000000142945505
   0.000000128680170
   0.000000117921604
   0.000000100753983
   0.000000091552722
   0.000000066043450
   0.000000059903600
   0.000000054950982
   0.000000049893488
   0.000000044124476
   0.000000039395879
   0.000000035917735
   0.000000033436589
   0.000000029546658
   0.000000026320621
   0.000000023817537
   0.000000021756698
   0.000000019170762
   0.000000017036138
   0.000000015360097
   0.000000013794791
   0.000000012148682
   0.000000010798399
   0.000000009660626
   0.000000008555891
   0.000000007531665
   0.000000006674600
   0.000000005900594
   0.000000005177943
   0.000000004548915
   0.000000003997744
   0.000000003493968
   0.000000003048959
   0.000000002661457
   0.000000002314637
   0.000000002008059
   0.000000001741302
   0.000000001500900
   0.000000001252677
   0.000000001082254
   0.000000000936162
   0.000000000800678
   0.000000000687332
   0.000000000590273
   0.000000000502477
   0.000000000428567
   0.000000000365042
   0.000000000308928
   0.000000000261663
   0.000000000221012
   0.000000000185866
   0.000000000156223
   0.000000000130852
   0.000000000109272
   0.000000000091068
   0.000000000075431
   0.000000000062454
   0.000000000051523
   0.000000000042375
   0.000000000034850
   0.000000000028531
   0.000000000023308
   0.000000000018977
   0.000000000015396
   0.000000000012450
   0.000000000010028
   0.000000000008051
   0.000000000006434
   0.000000000005083
   0.000000000003927
   0.000000000003099
   0.000000000002405
   0.000000000001934
   0.000000000001495
   0.000000000001190
   0.000000000000916
   0.000000000000720
   0.000000000000552
   0.000000000000428
   0.000000000000326
   0.000000000000250
   0.000000000000189
   0.000000000000143
   0.000000000000107
   0.000000000000080
   0.000000000000060
   0.000000000000044
   0.000000000000032
   0.000000000000024
   0.000000000000017
   0.000000000000012
   0.000000000000009
   0.000000000000006
   0.000000000000004
   0.000000000000003
   0.000000000000002
   0.000000000000001
   0.000000000000001
   0.000000000000001
   0.000000000000000
   0.000000000000000
   0.000000000000000
   0.000000000000000
   0.000000000000000
   0.000000000000000
   0.000000000000000
   0.000000000000000
