   0.000000000000000
   0.000000000000000
   0.023976538496852
   0.028895882765636
   0.055326602603931
   0.073920515640113
   0.089216711407479
   0.119383981042646
   0.143234253767097
   0.164432945147764
   0.186392997816095
   0.220674766653679
   0.247212594436023
   0.276573443800974
   0.305168145179698
   0.330538684715022
   0.367998825872842
   0.407528150367474
   0.446113770753139
   0.481553443188818
   0.519137669422537
   0.554810171910149
   0.593563521665464
   0.636328626861562
   0.679609207182414
   0.724997702149039
   0.770846733660961
   0.818863405173788
   0.871420873305327
   0.925496762820302
   0.981135833118639
   1.038382560795942
   1.097283578082611
   1.157886187464499
   1.220240181179229
   1.284395702363002
   1.350405389599280
   1.418322699805026
   1.488201994875074
   1.560100662392917
   1.634077274445215
   1.710191244632979
   1.788505452047221
   1.869791568064655
   1.955487200371567
   2.043849875539570
   2.135021111385278
   2.229477447860463
   2.327205479474558
   2.427605087908632
   2.530681566819422
   2.637013270527477
   2.746880405019634
   2.860541658227540
   2.978119181797193
   3.099595623583169
   3.225356869761815
   3.356196888886208
   3.492501182828656
   3.630841364541439
   3.773612145047615
   3.925299412254081
   4.071908404862247
   4.218467677319508
   4.377506136243212
   4.545474932653685
   4.718855360647798
   4.895419197511413
   5.076348488714528
   5.262760860199167
   5.455877301309121
   5.654255485254933
   5.857333823618671
   6.066049799977087
   6.281349264813890
   6.503198900741777
   6.730870341262023
   6.964677141605534
   7.205395667902547
   7.453297325949503
   7.708234138472497
   7.966022087896468
   8.225105898227831
   8.491675424866836
   8.765946432913916
   9.052049047032982
   9.352549206020564
   9.661735276255236
   9.979712861175932
  10.307055460347032
  10.643903800884923
  10.990520396525513
  11.347091927512986
  11.714107585026751
  12.091800513735739
  12.480463578663626
  12.880377391753980
  13.291980971673096
  13.715542122554549
  14.151483572665441
  14.600099707906214
  15.061795929618359
  15.536931073845409
  16.025949296729657
  16.529220050561051
  17.047177308531467
  17.580241552559968
  18.128870391502339
  18.693520437235936
  19.274642524591453
  19.872737813538212
  20.488288450754094
  21.121808644918126
  21.773816813911214
  22.444862114299461
  23.135489553810935
  23.846287726618204
  24.577820046921008
  25.330690613532134
  26.105552299386726
  26.903017239760768
  27.723743217527474
  28.568417150885232
  29.437733127901577
  30.332412923147629
  31.253180498635331
  32.200800314724020
  33.176044080386163
  34.179730152451100
  35.207609042305933
  36.253857167475850
  37.330347841767306
  38.437922366457308
  39.577527682094129
  40.750046592959258
  41.956462754878707
  43.197730929483008
  44.474859390901173
  45.788910469432835
  47.158155217646630
  48.569366102421988
  50.021798741270331
  51.516254591171766
  53.054217675292570
  54.637013641126600
  56.265890565552674
  57.942217564699796
  59.667434984642050
  61.442839359094826
  63.269941828434568
  65.150290726266192
  67.085344963495587
  69.076747442877547
  71.126149717947470
  73.235179299491605
  75.405588782226644
  77.639206611341265
  79.937838442080434
  82.303378925923354
  84.737811052317397
  87.243071064943805
  89.820987228936744
  92.473933204204684
  95.204002912793342
  98.013554376559512
 100.904707355139593
 103.879745902850175
 106.941318650709874
 110.091694674316372
 113.333591225695230
 116.669690487977931
 120.102617883930520
 123.635149101041605
 127.270287904337778
 131.010912744427714
 134.860194937014029
 138.821237180580624
 142.897295471281438
 147.091687406625482
 151.407976384752203
 155.849494265847653
 160.419985565222561
 165.123173606853044
 169.962953138176402
 174.943095992977447
 180.067782857859044
 185.341158498491012
 190.767584307639567
 196.351599109617979
 202.097634596934171
 208.010524488849768
 214.095030771856983
 220.356174672425851
 226.799028908737256
 233.428931495650119
 240.251255971400383
 247.271541250843484
 254.495469676408760
 261.929020805526477
 269.578315756534323
 277.449527648798323
 285.548960536692391
 293.883423771492915
 302.459669432808255
 311.284612574717187
 320.365435834913399
 329.709729959567483
 339.324778753526800
 349.218737168936514
 359.399449697871319
 369.875419542466659
 380.654805583665905
 391.746742928736580
 403.160018399682485
 414.904060184517107
 426.988458039773718
 439.423168425058464
 452.218355393966874
 465.384221149021585
 478.931689178025465
 492.871857992833725
 507.215888014650545
 521.975834536235311
 537.163247669246516
 552.790960485051414
 568.871279952641203
 585.417407832627873
 602.442884064148416
 619.961556913652316
 637.987433593272840
 656.535150925283347
 675.620432023901117
 695.258302624541329
 715.465355642503368
 736.257398600812280
 757.651886302286925
 779.666239283424602
 802.318079295980965
 825.626130897907046
 849.608849423109405
 874.286443718077180
 899.678594771740677
 925.806375200110097
 952.690260092084145
 980.352892494382672
1008.815944745941010
1038.103773871009707
1068.239353098885431
1099.247261867521729
1131.152595845469932
1163.982245235529035
1197.761777657810399
1232.519071127388997
1268.282370464076848
1305.081037306515100
1342.943868445353246
1381.902909329562135
1421.988782422778968
1463.235435138732782
1505.675525411493027
1549.344454849918975
1594.276792906918217
1640.509018593219025
1688.079685714056268
1737.026441328046758
1787.390095713260507
1839.211188105272186
1892.530411524329111
1947.393608506846022
2003.843952501744297
2061.926802371739996
2121.691354803522245
2183.184123016754256
2246.456342866720661
2311.558043004449701
2378.543456709383463
2447.465538888398896
2518.382638106942977
2591.350517619647235
2666.428761552405831
2743.678946701877067
2823.163827362705433
2904.946881604935243
2989.095989325825485
3075.679090415232167
3164.767684527167148
3256.431781778752793
3350.746964697929798
3447.789015134492274
3547.638799687188111
3650.367611878066782
3756.066007585464831
3864.820590527121567
3976.721105860759963
4091.859431741025219
4210.327262591027647
4332.225401136358414
4457.648421829903782
4586.699616814896217
4719.482509885373474
   0.279488913983651
   0.295110577083879
   0.326695863534844
   0.340264409104505
   0.367998773102630
   0.392627487806316
   0.413790208391378
   0.448199829575488
   0.469999836462147
   0.493803007778111
   0.533103084819661
   0.558933642531965
   0.584182461756534
   0.622984125328697
   0.655382201436179
   0.686489088927796
   0.718657604475907
   0.767081025291458
   0.800588543840487
   0.835107465013890
   0.872929185365376
   0.925496907758243
   0.967785784469441
   1.009523827126622
   1.051460185331456
   1.097283856077811
   1.157755160796716
   1.205910584767381
   1.256437136828630
   1.309409303368857
   1.364400497315988
   1.419600484992227
   1.488202370423765
   1.550821204157226
   1.612479853671756
   1.676555590580087
   1.743052171218175
   1.811736889116780
   1.882695472055074
   1.955687185473042
   2.037285701797191
   2.125050788770357
   2.206294835473857
   2.288478181198625
   2.373863404805269
   2.462263801189736
   2.553572401288603
   2.647860536056837
   2.745539038514672
   2.846619023483142
   2.951167948960066
   3.059936502251097
   3.172145750185835
   3.288470403740854
   3.419954001029584
   3.549799381700907
   3.686312892433103
   3.825957107412198
   3.969974656410052
   4.116098761176357
   4.264843236033180
   4.416429098092288
   4.571786132563911
   4.731129072406834
   4.894244315978035
   5.061558428728839
   5.233151862606935
   5.409496290595690
   5.590456547465266
   5.776086063624238
   5.966608121908652
   6.162358349780601
   6.363682302309324
   6.570565649227645
   6.783209296690678
   7.001856170563294
   7.231628516370698
   7.469488483606188
   7.714220400983157
   7.966023638222962
   8.225105370127990
   8.491413382065966
   8.758635931886143
   9.032981148992716
   9.315379250265302
   9.605737886615820
   9.904553756425607
  10.211928068936311
  10.528412235461147
  10.854038515535008
  11.189205555320184
  11.534050387019727
  11.888946394615093
  12.254161747021463
  12.630011350935462
  13.016631460442504
  13.414588918243531
  13.824010814170478
  14.245320194924540
  14.678920030675590
  15.125200714862350
  15.584521610748705
  16.057281969047480
  16.543859782072193
  17.044656939671608
  17.560081953284431
  18.090572399286863
  18.636552939162105
  19.198492290431233
  19.776836338034926
  20.372070910246261
  20.984679578171583
  21.615169035444460
  22.264062478337966
  22.931904575088517
  23.619241827442860
  24.326638839282918
  25.054678212058967
  25.803978703622409
  26.575141008761928
  27.368801139425745
  28.185605487054893
  29.026211849808476
  29.891346052754077
  30.781667903036592
  31.697952863514011
  32.640933016672093
  33.611424100326545
  34.610233896224038
  35.638158142257033
  36.696085403250535
  37.784863728645213
  38.905421185762364
  40.058643655290574
  41.245527750871183
  42.467019243040362
  43.724120367082882
  45.017805808461858
  46.349215217611615
  47.719394286832852
  49.129529443567129
  50.580729418080018
  52.074130897133479
  53.611036565171624
  55.192708602807016
  56.820383286346157
  58.495487977350052
  60.219372496053289
  61.993453319116078
  63.819197771944317
  65.698107257918352
  67.631721011800465
  69.621645780533811
  71.669496207831358
  73.776945725887657
  75.945767482104728
  78.177778644618087
  80.474733196979201
  82.838623053826481
  85.271414047352877
  87.774811988508503
  90.350917958869715
  93.001997828239269
  95.730149091913773
  98.537778915744909
 101.426904188092678
 104.399904428366696
 107.459322124271978
 110.607594403954394
 113.847146641198734
 117.180830777222681
 120.611312708900485
 124.141395987371425
 127.774007337214002
 131.512038141214731
 135.358719813668841
 139.317069660294862
 143.390534920782187
 147.582330711302461
 151.895928366024464
 156.334903674540953
 160.902817647125175
 165.603391258103073
 170.440517001647663
 175.418071155248526
 180.540172737044230
 185.811108406439388
 191.235034827559986
 196.816393655945376
 202.559851427070811
 208.470042337608930
 214.551880492814064
 220.810274476971927
 227.250322802908585
 233.877413944878214
 240.696751900985817
 247.713998753685701
 254.935062887177679
 262.365480853387339
 270.011657512400518
 277.879832755345262
 285.976142797703289
 294.307459208151045
 302.880346806511454
 311.701820397005747
 320.779128733741800
 330.119984899728706
 339.731728633487023
 349.622081017803055
 359.799184079018403
 370.271262378571919
 381.046827219850854
 392.134542857509018
 403.543749299194985
 415.283479948456318
 427.363589730437809
 439.794015180686699
 452.584711530451671
 465.746324478695783
 479.289439171207334
 493.225032027335089
 507.564555072662358
 522.319996996132318
 537.502736120949407
 553.125642408724161
 569.201227073912946
 585.742700427291766
 602.763244022077743
 620.276827859851664
 638.298076571265142
 656.841116383775329
 675.921570818445502
 695.554553108919777
 715.756011360705315
 736.543077946676476
 757.932409552824538
 779.940937784187668
 802.587133170712264
 825.889310193598362
 849.866742795875325
 874.538630702761225
 899.925037512430208
 926.046389970848395
 952.924485451812757
 980.581203068670675
1009.038439919381176
1038.319784815193543
1068.449605948172120
1099.450957871374612
1131.350505518994623
1164.173628226161327
1197.946901337136751
1232.697589543551658
1268.454385733259187
1305.245568013164757
1343.101599803699173
1382.053110913036562
1422.132059557050070
1463.371901818530205
1505.805307629583467
1549.466170803118985
1594.391474970856052
1640.617413397042810
1688.180317256720400
1737.120464027561638
1787.476185704726049
1839.289185442100916
1892.601125842930060
1947.456465010105376
2003.898614495922175
2061.974634414083084
2121.730476728827398
2183.215955611023674
2246.480553392049842
2311.574805297323564
2378.552070727942009
2447.468560598059412
2518.376966939563772
2591.338230877609021
2666.409124956765027
2743.652187738724479
2823.128482744330086
2904.905294279812097
2989.046924161760217
3075.622080834021745
3164.701770610078711
3256.358357478716243
3350.665039662256731
3447.700092060315910
3547.541858179216888
3650.267845303296326
3755.963976462778646
3864.715444535568622
3976.610986611703083
4091.742306718434520
4210.205408922420247
4332.093042625928319
4457.505409633977251
4586.544585964884391
4719.312380836925513
   0.559947990320356
   0.577631492631780
   0.609216593736687
   0.626908237562611
   0.660345276869087
   0.684339058403013
   0.718134149505434
   0.743435693856730
   0.767781807688306
   0.805774383756013
   0.833838813203109
   0.871420643810905
   0.905733145740383
   0.935384962479124
   0.979841994005778
   1.011826117342102
   1.045353064422667
   1.093776414320070
   1.129379542354591
   1.166142729065535
   1.218886089569976
   1.260806646594551
   1.304367955710376
   1.350406084897524
   1.408199478150728
   1.452431518116343
   1.499458957216969
   1.560100783350890
   1.616424136311851
   1.670732873412150
   1.726676618833632
   1.788505510664583
   1.857242424376855
   1.919249835567608
   1.983184844242851
   2.049409009945026
   2.125050875809340
   2.203675566426306
   2.277292568730040
   2.352559886845677
   2.432693143190331
   2.516355430596283
   2.603414685841668
   2.703858138124058
   2.798900340530270
   2.898027163309210
   2.999204761321135
   3.111959036889091
   3.225520553715988
   3.339580088310073
   3.459991621382412
   3.580193172104187
   3.703711036609016
   3.828575648154585
   3.956718412283506
   4.086346345616428
   4.218466454425558
   4.369079369986768
   4.507282918179738
   4.647941827564836
   4.792990123083530
   4.941713014546353
   5.094236591282757
   5.250586266697853
   5.411020616904451
   5.575229590790312
   5.743505040741015
   5.938363590979923
   6.122562225433849
   6.304342539153071
   6.492337996066547
   6.686395307734089
   6.885869399503457
   7.090870372575293
   7.301552771182011
   7.518157326713594
   7.740855148487186
   7.969872969297048
   8.225104082409326
   8.488592395617838
   8.738243733510705
   8.991731212180232
   9.254936452198498
   9.526923970848502
   9.806727506716847
  10.094576434903619
  10.390858370815241
  10.695714056497948
  11.009419152340403
  11.332181159923449
  11.664308096422566
  12.006071788200016
  12.359802891726138
  12.745838471699022
  13.143036845855161
  13.538331351810756
  13.933137848247346
  14.338895568388264
  14.757117001718116
  15.188129938717022
  15.631961547443295
  16.088876389660840
  16.559211754025903
  17.043312148350388
  17.541576311452125
  18.054393573029554
  18.582190145841899
  19.125402061038209
  19.684462256224467
  20.259842871781476
  20.852014044036736
  21.461466781514861
  22.088702587627061
  22.734239814717540
  23.398606383628653
  24.082347698718518
  24.786058668921328
  25.510290668632461
  26.255642818926297
  27.022749567033603
  27.828935288679833
  28.661962735248657
  29.519075023852142
  30.400939777114896
  31.308304284495474
  32.241872381299160
  33.196248004310327
  34.165046771430958
  35.162292164554309
  36.188686877162304
  37.245100214182166
  38.332385722558740
  39.451404730775295
  40.603117955957089
  41.788437990101094
  43.008328124456973
  44.263806718024327
  45.555883309489168
  46.885617523463303
  48.254118540094211
  49.662505378282297
  51.111966107287635
  52.603613995106784
  54.138724380518617
  55.718530778286919
  57.344327882535076
  59.017456782913513
  60.739374574537905
  62.511461117332523
  64.335208122295796
  66.212051268965311
  68.143568077694681
  70.131303861678930
  72.176946377312703
  74.282133630831538
  76.448702233458548
  78.678355163265380
  80.972845521758373
  83.334171158393190
  85.764204839612859
  88.264902087979664
  90.838315399617287
  93.486629296543938
  96.212024485844410
  99.016575659664014
 101.902681514521504
 104.872714283274803
 107.929064689696688
 111.074258304696627
 114.310207950970394
 117.640370059815353
 121.067438256596589
 124.594115007874422
 128.223319151042745
 131.958006605375857
 135.801269700932835
 139.756273208946965
 143.826385183506261
 148.014899591817624
 152.325157600475109
 156.760754683289377
 161.325311365943776
 166.022527855316980
 170.856233288443491
 175.830459128582987
 180.949169858710746
 186.216604451863020
 191.637084346209406
 197.214971326613494
 202.954913052004315
 208.861589809200296
 214.939734516394765
 221.194513041348870
 227.630805433830346
 234.253934461902929
 241.069439634597018
 248.083032153159792
 255.300130230259981
 262.726565567014632
 270.368514646384313
 278.233156417111445
 286.325308571836615
 294.652262411774643
 303.220680640039745
 312.037452476448152
 321.109733458637720
 330.446551294432084
 340.053489482086661
 349.939028749711781
 360.111345067468108
 370.578407334324652
 381.349031390895220
 392.431741792267019
 403.835933956228587
 415.570582054979013
 427.645537621543895
 440.070361379010365
 452.855524987485694
 466.011507501907147
 479.548776121198102
 493.478592649601467
 507.812226817413716
 522.561417132277825
 537.738091428330677
 553.354464931476400
 569.423787973092772
 585.958499285365406
 602.972562303169639
 620.479886597509790
 638.494192497638437
 657.030503237625453
 676.103738838319487
 695.729459039736184
 715.923818755054867
 736.703309106321626
 758.084481645714391
 780.085828756303044
 802.724143862253413
 826.019001018498784
 849.988175793236451
 874.652386992710376
 900.030658737927638
 926.144293764236409
 953.014635844763006
 980.662881072840491
1009.112184526868191
1038.385612734201686
1068.506831057423369
1099.500076425694715
1131.391050252285368
1164.205595606685847
1197.969948144000909
1232.712096078324521
1268.459705289612884
1305.242284194799822
1343.089847791118700
1382.032522631339134
1422.103305460991123
1463.333178202070030
1505.757614470667477
1549.409881779163925
1594.325205893492466
1640.541037658689220
1688.094186067746477
1737.023010610713982
1787.368550825102602
1839.170385076412003
1892.471682111838390
1947.316050316321480
2003.747342090041229
2061.812633838335387
2121.558385235396145
2183.032953927459857
2246.286473101652518
2311.370334060491587
2378.337750566665363
2447.243150243231867
2518.142170702403291
2591.091794368966930
2666.151829114134671
2743.384644185583056
2822.851608058138936
2904.616566263166078
2988.746957445816406
3075.311819871730222
3164.380327652834694
3256.025233535207917
3350.321723706590546
3447.345131766735904
3547.174688570415128
3649.891430556349860
3755.578193925290179
3864.319815221935642
3976.208313216208808
4091.330093036589915
4209.782135797914634
4331.655816197220702
4457.053996670349079
4586.073726415242163
4718.816065373833226
