   0.028895879711794
   0.028895890806050
   0.028895881168454
   0.058626746958391
   0.082210421882355
   0.089216674816197
   0.117577163018157
   0.120690577654701
   0.141357477092273
   0.153073926379116
   0.186392926806791
   0.208174049902985
   0.237850717753185
   0.255947329769338
   0.292238897653159
   0.327332754694706
   0.342021619558338
   0.369559093623039
   0.407528412474754
   0.448200062887097
   0.488348477258333
   0.527359485555042
   0.560038504686750
   0.600763283365868
   0.644122014524347
   0.682299623234912
   0.727235615059422
   0.774036271340805
   0.822601605918716
   0.874197967753258
   0.925497444860303
   0.996617338567863
   1.056239447396969
   1.114710745252719
   1.175461368990926
   1.238818761728781
   1.304383624087892
   1.372041401719821
   1.441924537342779
   1.520384471623336
   1.595905918982842
   1.672535886510620
   1.752226316242509
   1.834764014011488
   1.919689240828436
   2.007140582202141
   2.098030274895924
   2.194107757313399
   2.291054679222112
   2.391452890118597
   2.495920844269528
   2.603413174836400
   2.707538902858527
   2.817998740405052
   2.934926232208530
   3.055504883090864
   3.188233766098307
   3.316930847735200
   3.450939444585687
   3.589912353288108
   3.732089184682898
   3.877958388524951
   4.029783721634054
   4.186746285279323
   4.348547424929124
   4.515719136931063
   4.684037525742466
   4.848284938606515
   5.017277899218219
   5.199870696811305
   5.392194579193696
   5.589528505977091
   5.791606058909268
   5.999570873753090
   6.213763789097058
   6.434626339106051
   6.662267749684539
   6.896031324062175
   7.136070549626734
   7.383116957324476
   7.637280458606921
   7.898970187593385
   8.168484106718504
   8.445592512785105
   8.730636130011620
   9.023932670996423
   9.325847738203075
   9.636596066893238
   9.944597180146998
  10.260856276047820
  10.586248462156801
  10.921045291680562
  11.275928633427792
  11.643107398205025
  12.020841814937324
  12.409713891154981
  12.809961002094974
  13.221839997439108
  13.645583763166467
  14.081655698580173
  14.530292071906889
  14.992011109616614
  15.467118993473125
  15.956171899804916
  16.459622945578467
  16.977778280862786
  17.511006634443568
  18.059837826686699
  18.624749302835074
  19.206117320711289
  19.804360685714457
  20.420092606635748
  21.053825054076810
  21.706095329137149
  22.377357442942770
  23.068244345381739
  23.779304232699928
  24.511157843627537
  25.264347953464540
  26.039534158749980
  26.837365389177339
  27.658484984369338
  28.503540242621835
  29.373273213877397
  30.268378785187817
  31.189602014488383
  32.137695238415169
  33.113448244807493
  34.117669860234187
  35.151173148705162
  36.214851111910200
  37.309562300339216
  38.436207144689753
  39.577524722192173
  40.750044843913351
  41.956444020091176
  43.197706378070826
  44.474851670317513
  45.788895025893602
  47.140897291935275
  48.531968400029911
  49.969093211629172
  51.464313980747498
  53.003008555308647
  54.586499664049832
  56.215997651585688
  57.892937550960703
  59.618648204338058
  61.394522196734520
  63.222239497006910
  65.103171743857146
  67.038760138780020
  69.030799027005926
  71.080817590773378
  73.190431734118988
  75.361536416607521
  77.595899821565354
  79.895332740262148
  82.261417588878857
  84.696474542533778
  87.202286272530046
  89.781001000497099
  92.434802717221871
  95.165510834691418
  97.975631848922092
 100.867497043419974
 103.843172282881454
 106.905366043150508
 110.056509116223268
 113.299079595107870
 116.635769188063563
 120.069464858735557
 123.602741745165176
 127.238650703248624
 130.980092333998783
 134.830191416736710
 138.792116682183320
 142.869097058401934
 147.064329200586798
 151.381498367297894
 155.823940884354556
 160.395246261317510
 165.099215416873477
 169.939651963840618
 174.920517209933791
 180.046014899503461
 185.320255302899454
 190.747677776924803
 196.332592624355442
 202.079795509278057
 207.993701486419894
 214.079364812860831
 220.341588955841473
 226.785611971162439
 233.416670837232488
 240.240012720300825
 247.261503292149598
 254.486649505933570
 261.921371044980333
 269.571824126142474
 277.444206055367601
 285.544930415969304
 293.880569236912322
 302.458006022702193
 311.284085135906878
 320.366105947705194
 329.711617650652954
 339.327955483748042
 349.222936003211373
 359.404819879511990
 369.881672784357249
 380.662237702093535
 391.755142322401241
 403.169705996546440
 414.915073289654288
 427.000799800736843
 439.436716255540887
 452.233277193018807
 465.400499477439780
 478.949512255382274
 492.890988816204072
 507.236569276543491
 521.997816124075825
 537.186662563232289
 552.815745929265859
 568.897154339641929
 585.444370272787182
 602.470848519761716
 619.990342345052227
 638.017176723981947
 656.566554730512507
 675.653283145878163
 695.292792479162699
 715.501321210731930
 736.295493441276676
 757.691899894790254
 779.707830118567131
 802.361478990660771
 825.670971421583317
 849.655885759454691
 874.335106260606949
 899.729357238326543
 925.858842874871812
 952.744719150854394
 980.409058914893762
1008.874590793515495
1038.164237555240561
1068.301810445876981
1099.311807497043901
1131.219432538047613
1164.050886556271507
1197.832316029713411
1232.591716628030781
1268.357057968870777
1305.157393597745340
1343.022614507209255
1381.983473217333994
1422.072471238673415
1463.321346444780374
1505.763589603988066
1549.434955278695043
1594.369896943216872
1640.605052945848684
1688.178613706305441
1737.128221790857197
1787.494268668820268
1839.317415315864537
1892.641161640101700
1947.506286520081858
2003.959950132478070
2062.046566360419547
2121.813591811335755
2183.309565143877080
2246.584103623321425
2311.689423670729866
2378.677880933626057
2447.603510722126430
2518.522596328345571
2591.494872825697712
2666.576524429705842
2743.830065090173775
2823.318646760367756
2905.106033023386317
2989.259465236532378
3075.847590494882297
3164.939317967000989
3256.607678710071013
3350.927578354761408
3447.963719634074550
3547.805646719399647
3650.535753399889018
3756.237523536079607
3864.996852282690270
3976.905441327417520
4092.051085731385683
4210.529896074426688
4332.435737236351997
4457.866775257758491
4586.927693558241117
4719.718256882669266
   0.133281900628512
   0.153073858541337
   0.153073905650332
   0.171022699322062
   0.186392963245042
   0.196345184861805
   0.220674800680483
   0.251068292927293
   0.255947363140674
   0.280823366516342
   0.298808123863448
   0.329579435147282
   0.360000411063006
   0.367998914574063
   0.407528177959641
   0.423546847499363
   0.448200105921846
   0.490046814744994
   0.511331314116075
   0.536200817387829
   0.577403753744578
   0.622830732200998
   0.657584588773033
   0.683416429620199
   0.722510909738088
   0.767781425387746
   0.818862771657000
   0.871420416891715
   0.914614900345030
   0.957730325929756
   1.011392765763494
   1.062307410214165
   1.113622581931485
   1.168482238046152
   1.226972211107519
   1.288030632460853
   1.350405684500668
   1.418322802166109
   1.488202613402199
   1.560100942277925
   1.634077254068487
   1.710191781868439
   1.788504561492232
   1.869081023502616
   1.951985525715050
   2.037285733325791
   2.125051958614890
   2.215353108468566
   2.310601635278979
   2.410625026546017
   2.513595145937491
   2.621334098110241
   2.733320980790809
   2.851522282759831
   2.968651987487720
   3.090098587401957
   3.272225198981936
   3.398597971344242
   3.525699159808037
   3.665291327248453
   3.809496881915051
   3.959451470925193
   4.112513852288731
   4.279647231171220
   4.451191862905620
   4.620992032799145
   4.795398916076263
   4.973278330763793
   5.155336058023417
   5.342597450313404
   5.538217060292168
   5.739442359734393
   5.938363324678877
   6.138855841500073
   6.345137953289976
   6.560570142518135
   6.788865158086145
   7.021995862805322
   7.261924282032525
   7.509234492358242
   7.763498273616184
   8.025234965182925
   8.294268384589449
   8.570573291532229
   8.854850073848324
   9.147443322495279
   9.448459815003103
   9.758155159046193
  10.076529964648378
  10.403669968157455
  10.740216502965378
  11.086980425392323
  11.443983354714668
  11.811220030183620
  12.188577131953855
  12.577287084039241
  12.977488101127937
  13.389391913056992
  13.812968818455603
  14.248824840313063
  14.697565359408545
  15.159498633072303
  15.634780074731616
  16.123839849921026
  16.627217829123492
  17.145390356426102
  17.678659693190877
  18.227442131503025
  18.792259373348600
  19.373421856012985
  19.971300656579814
  20.586622010792691
  21.219934626000345
  21.871942850993300
  22.542969601002778
  23.233579377846997
  23.944351019540598
  24.675969575456236
  25.428895687662564
  26.203735326023640
  27.001210029074020
  27.821979773273679
  28.661960695449110
  29.519061141613861
  30.400946287932928
  31.308300507308783
  32.241878797241618
  33.202426219609386
  34.190751778981195
  35.207615849931109
  36.253860551170632
  37.330350914816947
  38.437933921478482
  39.586737792382017
  40.774792463985861
  41.997505573562123
  43.255871537485383
  44.550878284761943
  45.883674061491902
  47.255212959595596
  48.666668900990402
  50.119254755832145
  51.614091697055635
  53.152409499549101
  54.735529739760267
  56.364731001416686
  58.041308245546531
  59.766647613190528
  61.541932037936029
  63.368875800415708
  65.248994523355094
  67.183676197985136
  69.174653544957522
  71.223662110611471
  73.332223530407163
  75.502101838715220
  77.735793370948599
  80.034161529686585
  82.399011694709202
  84.832977957618482
  87.337558010794737
  89.915080724283030
  92.567812461631860
  95.297081578213394
  98.105792813521219
 100.996202734322921
 103.970372089325778
 107.030873367079082
 110.180393107290627
 113.421178597250702
 116.755962829964815
 120.187714897060133
 123.719035894239838
 127.352916840285673
 131.092426077142164
 134.940519289995450
 138.900477714656034
 142.975479929499045
 147.168833887112356
 151.483968497340243
 155.924480136576221
 160.493869105248933
 165.196054401229901
 170.034691526655166
 175.013797020002869
 180.137535795339431
 185.410001036223179
 190.835457920023032
 196.418469168690450
 202.163635394934829
 208.075438297913792
 214.158845552198301
 220.418865961494760
 226.860636525756888
 233.489200410189653
 240.310217463792753
 247.329159034004817
 254.551779075018686
 261.984084897936611
 269.631708976207563
 277.501507904409891
 285.599527200681337
 293.932175391622479
 302.506513986417758
 311.329905748533292
 320.408661813070296
 329.750982020682386
 339.364032616899976
 349.255491767401622
 359.433789544321485
 369.906708987785180
 380.683198176652411
 391.772079987769416
 403.182319834305190
 414.923352443733279
 427.004897540611637
 439.436637365107515
 452.228689521108663
 465.391746843264400
 478.936139005117923
 492.873289386551448
 507.214249490272891
 521.970681020754341
 537.154783697243488
 552.779046456566221
 568.855850385375902
 585.398480562509576
 602.420170023982678
 619.934890928062259
 637.957213360088417
 656.501320334918773
 675.582934884435531
 695.217082418580162
 715.420086748489666
 736.208285510079236
 757.598872004193368
 779.608973610204544
 802.256789743803552
 825.560258109864435
 849.538823663275139
 874.212207528725912
 899.599752798345094
 925.722635910938834
 952.602333903813360
 980.260279952071755
1008.718810123076196
1038.002060935343934
1068.132605005664118
1099.135812899992516
1131.036391196243358
1163.860793980219569
1197.634723796826847
1232.386605932963448
1268.143645479719908
1304.935626477265487
1342.792444076195579
1381.745693634273721
1421.826557928358170
1463.067832650679520
1505.502497608061958
1549.165597271821525
1594.092410592184251
1640.319449790913950
1687.884521798871674
1736.825645377451565
1787.183219496690754
1838.998338830174134
1892.312524836936291
1947.170420731231161
2003.614539601336446
2061.692846315474526
2121.450341323975408
2182.938613952862397
2246.205046832040352
2311.301493894349733
2378.282029443958891
2447.199860516253921
2518.111284217947741
2591.073510516217539
2666.147744663005142
2743.392386424779488
2822.873476321172802
2904.652216578372190
2988.796013447204132
3075.375733765290533
3164.458030516267172
3256.117066809275457
3350.428537205965767
3447.464472160481819
3547.304707767921627
3650.031490228612711
3755.729883309168599
3864.483979480809921
3976.384389438744620
4091.520537590790809
4209.986846574006449
4331.879163290215729
4457.292431114328792
4586.332241862808587
4719.096714862452245
   0.233504978328959
   0.255947239616139
   0.255947365899365
   0.291198494617750
   0.292238992832156
   0.297567596449315
   0.329579247678478
   0.332590965380042
   0.367998740401168
   0.399544527734294
   0.407528364211376
   0.440416774686320
   0.448200060419328
   0.471089852676089
   0.490047159802924
   0.533103298012628
   0.533548943369211
   0.577403603702119
   0.599213068523450
   0.622984254743575
   0.669881588982241
   0.687496205930951
   0.718134541906939
   0.767781362704089
   0.815400048112974
   0.845236944015536
   0.871421091164909
   0.925497055622707
   0.980720501054694
   1.023057414789406
   1.073218595010667
   1.116132488092119
   1.157886692609301
   1.220240250699464
   1.284396040993036
   1.349464091596456
   1.406078986178378
   1.466037795729501
   1.530281787264039
   1.594629999571338
   1.665674387024288
   1.741335060514211
   1.816332852211803
   1.893779971545065
   1.976801133585704
   2.064483772213423
   2.153557464943198
   2.243208702713539
   2.339145612450166
   2.438698792140242
   2.542269991127188
   2.653869115583932
   2.766557962088157
   2.885074846329857
   3.006425439248166
   3.134464701524115
   3.275066019838861
   3.492302009573636
   3.628973257374784
   3.770825052868927
   3.916863379581066
   4.068136549038586
   4.218463412336056
   4.369258742721304
   4.532651305250733
   4.720444763362303
   4.900645928222383
   5.076998421535333
   5.259273128132040
   5.447702090951750
   5.641719853032155
   5.840911327747325
   6.046067602532584
   6.260862012848139
   6.476937485298153
   6.698154238322280
   6.926153838436501
   7.159436677216070
   7.399586008401681
   7.647757206130127
   7.903321517825088
   8.164992214039104
   8.434017612195818
   8.710148727101050
   8.993181928294593
   9.285164180408447
   9.585592993085150
   9.894966663238172
  10.213221295310053
  10.540291508272027
  10.876629607386482
  11.223003247615324
  11.579541396702620
  11.946452353846215
  12.323725344569068
  12.711969266885649
  13.111634555341121
  13.522899097161812
  13.945307101466932
  14.379609593736035
  14.827173481914649
  15.288313720860373
  15.762857763151684
  16.250946297474020
  16.753234267870862
  17.270477782378272
  17.802959620014342
  18.347660744623322
  18.906723109275635
  19.481951183910187
  20.073795409362109
  20.682738784241820
  21.309280404852966
  21.953928190945845
  22.617208746734846
  23.299644113798255
  24.001803678145460
  24.724253399122720
  25.467573460480395
  26.232386573933308
  27.019283914067177
  27.828926693406981
  28.661966618709609
  29.519071585257517
  30.402277516210113
  31.318015378140782
  32.260431185608823
  33.230362877565632
  34.228630087472496
  35.256073088315169
  36.313480434153590
  37.401744465310387
  38.521795071460943
  39.674532630338206
  40.860850004042746
  42.081800572422111
  43.338321893847493
  44.631485670608818
  45.962358501020809
  47.332061287805111
  48.741554311656294
  50.192197655929007
  51.685056873237677
  53.221317640666037
  54.802419658312573
  56.429596224417899
  58.104133125369984
  59.827545489652614
  61.601016021652526
  63.426077455632829
  65.304339875400316
  67.237156468096529
  69.226172868876930
  71.273359463884745
  73.379885154366633
  75.547557151075736
  77.778257636064893
  80.073608019378000
  82.435562447777002
  84.866347812784596
  87.367721005295820
  89.941761782156746
  92.590463049250033
  95.316381508509721
  98.121797558100667
 101.008723876605160
 103.979568055431855
 107.035488611980838
 110.181489206881224
 113.418723076894366
 116.749788768761888
 120.178142463764118
 123.705996152577427
 127.336257874299775
 131.072377801989234
 134.917178583443473
 138.873726763799681
 142.945321257217103
 147.135319122475579
 151.447141036009612
 155.884269139597393
 160.450296721489195
 165.149004991215605
 169.984184212900743
 174.959919954040402
 180.080163695383959
 185.349084906292262
 190.770927737532475
 196.350341765547000
 202.091805359772707
 207.999949174414382
 214.079420201966826
 220.335402887503051
 226.773239214474273
 233.398315523654247
 240.214956239431643
 247.229501156426693
 254.447704155286289
 261.877131941134223
 269.519783508564785
 277.385003303334145
 285.477890261903042
 293.804986383874621
 302.373804952977707
 311.193448254892417
 320.266697303157741
 329.603558151930883
 339.211411666266486
 349.097239300304864
 359.269907749361494
 369.737396208648761
 380.508064283318674
 391.591125819019112
 402.995513612258776
 414.730506261928895
 426.805488035069232
 439.230596563372728
 452.016159029339065
 465.171924631410377
 478.709257366757356
 492.639147473733090
 506.972487898008637
 521.721504929149660
 536.897689943101113
 552.514039133191432
 568.582807847746267
 585.117108695509955
 602.130555763268489
 619.636902399632504
 637.650530523901125
 656.185543546959366
 675.257637461145691
 694.882331854426980
 715.075221410711606
 735.854085611114670
 757.234594465265900
 779.234879449422465
 801.872755208137391
 825.166586021026774
 849.135015698291227
 873.798261525305179
 899.175674726510238
 925.288655814506797
 952.157688315317046
 979.805197457935833
1008.253079623694703
1037.524922650727603
1067.645093798433436
1098.636647380179284
1130.526247304979734
1163.339002515678658
1197.102020279770386
1231.842302538741706
1267.588065918259645
1304.369319112404582
1342.214693258127227
1381.156048376687750
1421.224739418888475
1462.454224820061881
1504.876264096709292
1548.526195521123782
1593.439858483781109
1639.652401942216784
1687.203332623410461
1736.129257127809069
1786.471992834399089
1838.272517268259662
1891.572991657663579
1946.415614415258688
2002.845665966322258
2060.909979223211394
2120.653570355147167
2182.126722823443743
2245.379444906344361
2310.461788209716815
2377.428010792818895
2446.331093067612073
2517.229411205427823
2590.177786424029364
2665.237745373482994
2742.468291564213814
2821.933778291688213
2903.697714020815511
2987.826892341075563
3074.390340964707775
3163.458408049529226
3255.102719091008566
3349.397197534673523
3446.418842430804034
3546.247227948003001
3648.961240071190332
3754.646396732049652
3863.386196634377484
3975.271158742563784
4090.390609764304827
4208.835949182064724
4330.699803026622249
4456.078124885381840
4585.063701929374474
4717.742083890825597
