   0.042317962903878
   0.063934994439208
   0.089216683718198
   0.120690539602390
   0.125194775409529
   0.153073871896460
   0.185391868583769
   0.211253846148167
   0.245158011110286
   0.264352531220685
   0.297242444744015
   0.329579385746614
   0.366939919508208
   0.398774174966856
   0.431570739888485
   0.466442786442780
   0.506024353042562
   0.540408855955053
   0.581672152511188
   0.624184317798037
   0.669881638808752
   0.718134095508260
   0.763989986434424
   0.811179024884447
   0.860030495787779
   0.911309548750424
   0.960430317917841
   1.014119623979711
   1.070185027297931
   1.125550322822088
   1.183493645390459
   1.244219090494967
   1.306599567619134
   1.370306237010683
   1.436807634886193
   1.516533847124894
   1.589759881910913
   1.662548911608015
   1.737904321683042
   1.815625717521343
   1.895529009487168
   1.978170930621157
   2.064373258442024
   2.157155001235206
   2.247885056585359
   2.340916301634067
   2.437414318814090
   2.536790434281745
   2.638969226955291
   2.744551657847684
   2.854766543113510
   2.966748173437698
   3.081792196634288
   3.200482633568674
   3.322071287660920
   3.448664332766746
   3.584084753136245
   3.720405979942303
   3.852630770126985
   3.992629263795135
   4.142220667479983
   4.298739752614691
   4.461913290053820
   4.622056550191441
   4.783430997632232
   4.952610990615666
   5.129820000719926
   5.312926539370299
   5.502282890595170
   5.695620797591911
   5.893401197024635
   6.097458388733265
   6.307160769068588
   6.523836358854567
   6.748224902553337
   6.978343160139000
   7.213169144572190
   7.454369556567670
   7.702509298356503
   7.958775069482162
   8.223047999879185
   8.491672076308012
   8.765942021977628
   9.048139457709388
   9.338490390793055
   9.637229631077131
   9.944602782409801
  10.260855375694018
  10.586249505998982
  10.923711523391059
  11.271895079380355
  11.629473404767367
  11.997036253904435
  12.375279808388813
  12.764581359113118
  13.164724546732236
  13.575871047303051
  13.998443060702778
  14.432519424206935
  14.878966648083912
  15.337783850080026
  15.809920765107687
  16.295971057681005
  16.795941720614806
  17.309943249109047
  17.838713691921271
  18.382824704192124
  18.942284610031013
  19.517315256007443
  20.108830328307537
  20.717320693741257
  21.343302009291939
  21.987004069204747
  22.649127451798421
  23.330266973288957
  24.030983846538227
  24.751670241900751
  25.492993707974009
  26.255604635603909
  27.040075263897990
  27.846945132291935
  28.676925686836366
  29.530706953058630
  30.408953160592386
  31.312338910274562
  32.241895357525877
  33.202448275319803
  34.190757687920240
  35.207612977784194
  36.253872591689834
  37.330343022977075
  38.437932617389556
  39.577533461003881
  40.750060664500133
  41.956461040039159
  43.197724703985074
  44.474865188436446
  45.788894165083313
  47.140905041953559
  48.531957992010511
  49.963247508653438
  51.435852748374977
  52.951032521135346
  54.509993696943170
  56.114018077451938
  57.764361200534154
  59.462399957560173
  61.209522958220823
  63.007130803545806
  64.847025637621130
  66.738420423400967
  68.683835316800725
  70.685697507144226
  72.745223695299273
  74.863753912455351
  77.043772445130529
  79.286911937466797
  81.594583937373756
  83.969030987515964
  86.412554116751863
  88.926510339011998
  91.512751198877552
  94.174169469789391
  96.912267813542641
  99.729540097671659
 102.628580494286595
 105.610891187578005
 108.679611993906022
 111.837192087300252
 115.085737423328652
 118.428314886625628
 121.867611781337402
 125.406179313471952
 129.047102187810339
 132.793388441134994
 136.647924345643389
 140.614107537496722
 144.695022724770865
 148.893963656939121
 153.214538551431446
 157.660189427852401
 162.234549025080923
 166.941293254066039
 171.784393167896184
 176.767614775493314
 181.895115944669982
 187.171129923719917
 192.599900016855884
 198.185935768072909
 203.933855230441367
 209.848347913968951
 215.934276850996014
 222.196577363100886
 228.640516326316288
 235.271097469413604
 242.093796358772039
 249.114382088698108
 256.338267321748845
 263.771770552668556
 271.420566990011650
 279.291179175125762
 287.389886051271731
 295.723314332752921
 304.298424946612442
 313.121912956693052
 322.201059692789158
 331.543613544159939
 341.156698708470572
 351.048585121932206
 361.226942143912879
 371.700302051303481
 382.477143378532048
 393.566070815142837
 404.976341666233907
 416.717224214542341
 428.798113592122775
 441.229338061587839
 454.020869613218338
 467.182993863887305
 480.726572252279141
 494.662862236905937
 509.002655616584207
 523.758276463444872
 538.941277680530106
 554.564591998630476
 570.640107165701238
 587.181708598818659
 604.202252761099658
 621.715933152990942
 639.736719183620153
 658.279392528580729
 677.359231266043707
 696.992069805638607
 717.193686698272472
 737.980401323586307
 759.369519686518743
 781.377974629423761
 804.024261543399575
 827.326501512475147
 851.303703175732494
 875.975629172640083
 901.361877223060219
 927.483691374898399
 954.361821952639389
 982.018166793034993
1010.475636449917261
1039.757058343339850
1069.886536677383674
1100.888542719556881
1132.788024389986276
1165.611561379259001
1199.384757494990481
1234.136101217145551
1269.893341969730727
1306.685400407287261
1344.542402327645959
1383.494965377239396
1423.574779391446782
1464.815547582552199
1507.249784969750863
1550.911654055815688
1595.838207612595852
1642.064250327142418
1689.628840766596795
1738.569845957969619
1788.927077366582580
1840.741071549688513
1894.055085388355565
1948.912544393479038
2005.356166215018675
2063.433778495864772
2123.191397885059359
2184.678907355517367
2247.944182070033094
2313.040824067016729
2380.020955990902621
2448.937915803057876
2519.848815685791124
2592.811317916132793
2667.884134683296452
2745.128256393401898
2824.607087805075480
2906.384577586843534
2990.528965596492981
3077.106894961705621
3166.189424083757331
3257.848220771074466
3352.157733622148953
3449.194068325180524
3549.037826284803486
3651.761692078973283
3757.454426107575728
3866.204065465012718
3978.099549901352020
4093.232799605858418
4211.697501122745052
4333.588431849713743
4459.007401190453493
4588.054247813036454
4720.831765965886007
   0.255947265213568
   0.258661953816732
   0.292238910717636
   0.321748038339824
   0.340698625373201
   0.367998745141074
   0.397481115705584
   0.411801299783318
   0.448200040495067
   0.479716370875783
   0.497904801998813
   0.533103363500419
   0.571891633455153
   0.600473931891989
   0.633682017562147
   0.669881779916393
   0.711602402919896
   0.748620523979674
   0.788345271431792
   0.827046966309820
   0.871420469614018
   0.922635210190872
   0.961648682513681
   1.006327192452332
   1.051943704253945
   1.097637009079702
   1.157886229469546
   1.214656421352128
   1.267714179209228
   1.322738987085319
   1.376711347928335
   1.436619409209723
   1.500600438629347
   1.563136523016232
   1.634077777336029
   1.710190362718942
   1.781867313913059
   1.854197931387465
   1.927454830718624
   2.003634223267129
   2.083264822561463
   2.165727430434653
   2.248564878028566
   2.336142325584157
   2.426655411131089
   2.519003474741757
   2.614716416022621
   2.713898073591337
   2.815675878473763
   2.924899503199208
   3.038312392800960
   3.155002948161487
   3.271568972219927
   3.389240057213014
   3.506842203763679
   3.630289726920163
   3.756935396608667
   3.886600644088711
   4.023122721546955
   4.162191738128048
   4.328545577846993
   4.500436527542256
   4.663198763149292
   4.830699775375515
   5.000692114849253
   5.174131760057170
   5.353016362492017
   5.543899101682231
   5.740628477912408
   5.938363103728559
   6.138852156102304
   6.345138265651734
   6.557381203180078
   6.775758777564254
   7.000446528110161
   7.231627804464168
   7.469487715451155
   7.714219918091585
   7.966024737991762
   8.225107679669737
   8.491673253832996
   8.765944126400727
   9.048143785096208
   9.338490558186896
   9.637231029503521
   9.944600835302145
  10.260855549567204
  10.586249782283321
  10.921045897880427
  11.265511642400952
  11.619931491501452
  11.984595745721355
  12.359798153381780
  12.745843120017161
  13.143038729888882
  13.551712947331859
  13.972195039514888
  14.404831555526265
  14.849972386143147
  15.307967303809255
  15.779198355424398
  16.260449711839698
  16.754810355315655
  17.263520120578381
  17.786634061192917
  18.324479384191953
  18.877685346008530
  19.446228325326391
  20.030212745034504
  20.630773426581488
  21.248504909475397
  21.884475267358727
  22.538526339124267
  23.211187780467522
  23.903086951756983
  24.614988873515117
  25.347049144501181
  26.099788855062780
  26.874031988646337
  27.670434369940526
  28.489602208392338
  29.332075604200480
  30.198611225212957
  31.089956064757601
  32.006721423758130
  32.949602063923720
  33.919345072230755
  34.916696714621736
  35.942433459977089
  36.997343021666282
  38.082253733264885
  39.198055911345705
  40.345648298641564
  41.525832795313221
  42.739709796211812
  43.988266210693190
  45.272231224992971
  46.592837915036519
  47.951131353520957
  49.347961094485989
  50.784641380279652
  52.262222683783797
  53.781723020591841
  55.344561170607356
  56.951811564989143
  58.604703022306737
  60.304463895840449
  62.051464688678465
  63.848150385413497
  65.695992952964886
  67.595763420528527
  69.549715501901161
  71.559401778650212
  73.626000478659762
  75.752021754856315
  77.939624316321101
  80.189473509269675
  82.503364113465878
  84.884672469287352
  87.333762591115075
  89.852177740382530
  92.443561232740407
  95.108708299911314
  97.850371139995403
 100.671250408906388
 103.572205523979974
 106.556679017273197
 109.626979442951665
 112.785074569734988
 116.033441476704709
 119.375641070300802
 122.813416676413780
 126.349694068154960
 129.987929571075171
 133.730426197626628
 137.580542145058502
 141.541446891602845
 145.616272744947963
 149.808466019689945
 154.121257697275183
 158.558356145897989
 163.123225319690363
 167.819636147138141
 172.651380598463021
 177.622457416017966
 182.736793445512035
 187.998674938503399
 193.412352376408137
 199.025579630505234
 204.805551942505900
 210.752445638660760
 216.871229322938831
 223.166861290959503
 229.644303475100884
 236.308989462802202
 243.166210076359931
 250.221630295419601
 257.480813031077503
 264.949826624276739
 272.634790063264859
 280.541599530371343
 288.677057621742335
 297.047452845801160
 305.659809795179569
 314.520923693132545
 323.638160988722063
 333.018915498765693
 342.647583014293900
 352.534068234253596
 362.707172835963490
 373.174494463619681
 383.944806543412426
 395.026919033099034
 406.429841076151206
 418.162862762904581
 430.235779321711902
 442.658381873416033
 455.440949770090526
 468.593855001787801
 482.127875135774559
 496.054217556640538
 510.384190966815993
 525.129031479803643
 540.301318660852417
 555.913291252148952
 571.977742139694442
 588.507481265470801
 605.516255643897011
 623.017910188322503
 641.026481221473659
 659.556752641158823
 678.624078262963280
 698.243876631820513
 718.432140942059618
 739.205284707166811
 760.580584311145458
 782.575076694083464
 805.207115532690750
 828.494972459481119
 852.457457806205298
 877.114488196909747
 902.486041380844995
 928.592311475417659
 955.455411076410542
 983.096377425147580
1011.538526986032593
1040.804508855230097
1070.918320832469135
1101.904216528023653
1133.788274004417872
1166.595610086743136
1200.352993460717244
1235.087969863239550
1270.828408840940710
1307.603926964202401
1345.444034348009154
1384.380090821325894
1424.443343747205063
1465.666998921436743
1508.084143327703487
1551.729578499958507
1596.639047078839212
1642.848435601392111
1690.396412110746951
1739.320095965668997
1789.660374269796876
1841.457180820435042
1894.754514676356393
1949.593988611722807
2006.020687786617827
2064.081632131486003
2123.821813373138411
2185.292228346896536
2248.541032230188193
2313.620862139687688
2380.583859686139022
2449.484516594835895
2520.378901376845533
2593.324704940191623
2668.381287554829214
2745.609727145595116
2825.072868994610417
2906.833617705434335
2990.961975701862229
3077.522831016685359
3166.589111327143655
3258.231848703104333
3352.525072638522943
3449.546693971784862
3549.374839124169739
3652.086571317798189
3757.770125002763507
3866.507700846274474
3978.390418761765886
4093.511114305387309
4211.960003344713186
4333.835853254872745
4459.236112332343509
4588.261217008695894
4721.017627634611017
   0.448199971044986
   0.466675146083806
   0.490047006333851
   0.521424671186459
   0.533103497997024
   0.566970336446714
   0.578509603851539
   0.622404072470902
   0.639975150659621
   0.669881779149274
   0.698336885506936
   0.722417393414345
   0.767781265570302
   0.801729383239921
   0.826906872192616
   0.871420462928728
   0.901187115692538
   0.933295382735895
   0.981135780533431
   1.024574736222733
   1.065801699975791
   1.100657253679485
   1.157885820434341
   1.196063423423225
   1.240329437395217
   1.284396583399839
   1.350405204049585
   1.396563278023269
   1.445446958793272
   1.497314955348655
   1.560101033339938
   1.624854481786119
   1.683072732079233
   1.745424237651620
   1.806884272201940
   1.869161928324436
   1.951985396146446
   2.026685241399294
   2.100544581361422
   2.174708748299586
   2.248002777851089
   2.327847281673920
   2.409102582672622
   2.502215011620375
   2.600942125060044
   2.691082760386167
   2.783868868277623
   2.879745524803137
   2.978891706770975
   3.077043434259863
   3.180260947152387
   3.288607464873463
   3.399412606774127
   3.525699521269898
   3.652222501102803
   3.773218698460345
   3.900155574488370
   4.033926114213733
   4.171004443763660
   4.319491858287939
   4.475322707876854
   4.641709633942461
   4.842808945436976
   5.017275123584451
   5.191149180417525
   5.366534939599672
   5.549451416587978
   5.738566397768895
   5.932896308686962
   6.134591748227366
   6.345136040616646
   6.557379126443466
   6.775758047387803
   7.000445210227634
   7.227665017277157
   7.461112555512203
   7.703659781906373
   7.953962935728030
   8.208711142795583
   8.470302212243279
   8.739008743744906
   9.016877761451951
   9.301693273439149
   9.593348759495342
   9.894051770884747
  10.203189789315465
  10.520078493526848
  10.845576446711513
  11.181051695585650
  11.526340014406999
  11.881460512715208
  12.246341398842459
  12.621411685552934
  13.007425539779922
  13.404716242355235
  13.812846846877854
  14.232399670416278
  14.664515023441764
  15.109455890981430
  15.566733168730828
  16.036143078994016
  16.518761252064234
  17.015794077431647
  17.527342522142526
  18.053295256469926
  18.594067892474218
  19.150329844553927
  19.722547784262186
  20.311112753471217
  20.916413807098877
  21.539156565261894
  22.179715234008640
  22.838564564514929
  23.516232736880450
  24.213374940261986
  24.929846679068820
  25.665787912588598
  26.422719737654784
  27.201379232385886
  28.003157039305172
  28.828077205158230
  29.676608214997223
  30.549662056176441
  31.447894747061309
  32.371740638360791
  33.321702989471127
  34.298561593967541
  35.303212245914935
  36.336342249211121
  37.398853462351440
  38.491613195614420
  39.615463798831286
  40.771231046906173
  41.959922106995322
  43.197722214572877
  44.474848155384620
  45.788891753333374
  47.140897198093953
  48.531963780568105
  49.963219012069430
  51.435854146044235
  52.936797411143878
  54.471652390221088
  56.050200588262584
  57.673633024026799
  59.343042505755918
  61.059792349347092
  62.825172723143311
  64.640425907092620
  66.507420555641659
  68.427112837717473
  70.401121006302361
  72.431310809338456
  74.518897719782075
  76.665225270122789
  78.872119686310128
  81.140944541690345
  83.473756074249664
  85.873156371753396
  88.340130468227741
  90.876666611272071
  93.485751569344629
  96.169400023102042
  98.930394649592927
 101.769787962363736
 104.690254030534717
 107.694423216380130
 110.784191590712140
 113.963168479307512
 117.229732266376715
 120.592045675747656
 124.049505967919529
 127.604925722526858
 131.262894798645107
 135.024741554205121
 138.893764963984921
 142.873784973535294
 146.967457914246665
 151.178079233559828
 155.509381067405769
 159.964444598564256
 164.547075325884663
 169.260953777132613
 174.109843449915587
 179.097549293515129
 184.228296155377649
 189.506011899884385
 194.935218800982142
 200.520130244550415
 206.265251320880651
 212.175317159446308
 218.255241572082213
 224.509863247320880
 230.943975651547731
 237.563206330668322
 244.372873409915883
 251.378821635749148
 258.585579332099996
 266.000267312030246
 273.628165668964186
 281.477549389090825
 289.550812022925641
 297.857896989626056
 306.403963999601558
 315.195957873350721
 324.242009091783018
 333.550448161531790
 343.125582176409125
 352.978315853080460
 363.115055743049368
 373.544251738530932
 384.274906704735542
 395.315351763627859
 406.728725834335137
 418.510378939461475
 430.632540599259471
 443.104830186184131
 455.937718775264273
 469.141443509940245
 482.726478895514333
 496.704041158726568
 511.085643762019856
 525.882829938632426
 541.107513003406780
 556.772310182500746
 572.889634597098166
 589.472536487622051
 606.534755350610112
 624.090041647217163
 642.152626453892822
 660.737151077158842
 679.858267426441785
 699.532545662689245
 719.774848050578157
 740.602266385228177
 762.031591972607998
 784.041767357708295
 806.657865167127056
 829.929089239234031
 853.874699102441809
 878.514456606415933
 903.868454228986252
 929.956931425406879
 956.801966311852198
 984.424502071275015
1012.847894446362261
1042.094445362635724
1072.189369307375046
1103.155801464482920
1135.019578768415613
1167.806525974319811
1201.543198073887197
1236.257757995415204
1271.977586114702717
1308.732167668978263
1346.551560708501938
1385.466378398907636
1425.508427602945858
1466.710440976483824
1509.105888291945121
1552.729638830792965
1597.616769551503467
1643.803561887616297
1691.328492628922504
1740.228963322254685
1790.545920118169306
1842.319360446184419
1895.592205190876939
1950.408124635475815
2006.811254485472318
2064.848277569375568
2124.565931620130868
2186.012328158884884
2249.238727366691819
2314.294183477558363
2381.234296393550267
2450.111924410658048
2520.983189680437590
2593.906211822229125
2668.940064735376836
2746.144867925461767
2825.584912089686895
2907.323470310611810
2991.428185730150290
3077.968045345033261
3167.010068782349663
3258.629005093972410
3352.900241135268061
3449.898530036722150
3549.702759146382959
3652.394097843156487
3758.056063531468681
3866.773143846544826
3978.636607729568823
4093.734496481994938
4212.163435601503807
4334.014012259651281
4459.387821308566345
4588.384782616303710
4721.104353097208332
