   0.026350894669019
   0.008090924937015
   0.004030718106655
   0.005300075910580
   0.003290011097973
   0.004193514901917
   0.004500840619465
   0.003002526470185
   0.003401789583879
   0.004347863404082
   0.004240464538562
   0.003100215724264
   0.003091376343390
   0.003573291617109
   0.003885483102556
   0.003805505888816
   0.003467324616276
   0.003464878002444
   0.003708719609734
   0.003420958741568
   0.003554968084476
   0.003539790728531
   0.003353995845691
   0.003393903365812
   0.003276349510958
   0.003359275537201
   0.003163459584184
   0.003153298909385
   0.003086318743413
   0.003019087878877
   0.002896196689489
   0.002872515782410
   0.002545284247157
   0.002477781036913
   0.002339641041995
   0.002226977809454
   0.002090494447049
   0.001967537365244
   0.001842921275581
   0.001708832283318
   0.001634272005955
   0.001564017908314
   0.001467165185090
   0.001363303656394
   0.001248317785439
   0.001145344577025
   0.001065180239739
   0.001017801347820
   0.000970578973133
   0.000904130460706
   0.000800561683943
   0.000764785196999
   0.000747894660369
   0.000773120129961
   0.000744834380953
   0.000723555454915
   0.000676334808235
   0.000662196971881
   0.000646776398896
   0.000627918101653
   0.000601246166177
   0.000580957595786
   0.000569021234175
   0.000552409236516
   0.000533891898035
   0.000513967062783
   0.000499851401510
   0.000488947491530
   0.000474812619165
   0.000460920449756
   0.000450264247713
   0.000445043693557
   0.000435958850658
   0.000426047323412
   0.000417515581938
   0.000419397468978
   0.000413611363590
   0.000405348099470
   0.000398899341221
   0.000395654460862
   0.000389597752393
   0.000380216072678
   0.000377107512528
   0.000374428271838
   0.000369692783583
   0.000364988961565
   0.000360789720659
   0.000356083447339
   0.000351439161123
   0.000347030284579
   0.000342969892425
   0.000338630658042
   0.000334535803107
   0.000330412312183
   0.000326220652086
   0.000321897160849
   0.000317570255050
   0.000313319180852
   0.000309071020140
   0.000304754110163
   0.000300431537340
   0.000296113899797
   0.000291742709164
   0.000287317804737
   0.000282874437195
   0.000278442432662
   0.000273950933781
   0.000269357287018
   0.000264807487405
   0.000260306105582
   0.000255576108326
   0.000250788234104
   0.000246287930365
   0.000241468135252
   0.000236256671560
   0.000231740478967
   0.000226922908558
   0.000220963228131
   0.000216390884657
   0.000211695274376
   0.000204420522447
   0.000199744076616
   0.000195354301747
   0.000186113193482
   0.000181439210563
   0.000177632302004
   0.000165970794210
   0.000161366902186
   0.000158102211661
   0.000145349465572
   0.000140614302372
   0.000136092149551
   0.000131693408985
   0.000126868069131
   0.000122279904352
   0.000117950417393
   0.000112928839113
   0.000108484885673
   0.000104203356476
   0.000099092141359
   0.000094885879613
   0.000090946249542
   0.000086676137283
   0.000082855306621
   0.000078905038234
   0.000074805999723
   0.000071224773836
   0.000067232146400
   0.000063300991371
   0.000060163290332
   0.000056170482650
   0.000052736549707
   0.000050099676932
   0.000046516849853
   0.000043898111929
   0.000041642675950
   0.000039442164474
   0.000037343602428
   0.000035288543605
   0.000033319074909
   0.000031419245235
   0.000029589556490
   0.000027832535301
   0.000026150808779
   0.000024535150971
   0.000022991916082
   0.000021527045162
   0.000020116436770
   0.000018783963353
   0.000017521341067
   0.000016306826851
   0.000015176477613
   0.000014097314115
   0.000013078954057
   0.000012123566627
   0.000011214585889
   0.000010358635432
   0.000009550310840
   0.000008787104168
   0.000008067942260
   0.000007396046587
   0.000006756092481
   0.000006165487253
   0.000005618431316
   0.000005107768524
   0.000004638092353
   0.000004200826944
   0.000003793470364
   0.000003416533741
   0.000003071699361
   0.000002753657676
   0.000002467414436
   0.000002208860745
   0.000001972462110
   0.000001770335554
   0.000001579610474
   0.000001418640242
   0.000001271969727
   0.000001138872883
   0.000001018048146
   0.000000908609806
   0.000000809696913
   0.000000720487392
   0.000000640100322
   0.000000567611323
   0.000000502735086
   0.000000444471807
   0.000000392746279
   0.000000346134393
   0.000000304731699
   0.000000268374468
   0.000000235918667
   0.000000207325593
   0.000000181837388
   0.000000159104923
   0.000000138833071
   0.000000120838000
   0.000000104943377
   0.000000090926717
   0.000000078598950
   0.000000067786521
   0.000000058343366
   0.000000050105874
   0.000000042907924
   0.000000036774327
   0.000000031496208
   0.000000026866514
   0.000000022948180
   0.000000019479273
   0.000000016487854
   0.000000013929250
   0.000000011740540
   0.000000009873894
   0.000000008292071
   0.000000006949896
   0.000000005810956
   0.000000004846839
   0.000000004032944
   0.000000003345874
   0.000000002769399
   0.000000002284979
   0.000000001880972
   0.000000001542888
   0.000000001263290
   0.000000001029761
   0.000000000838767
   0.000000000679522
   0.000000000550801
   0.000000000444510
   0.000000000358971
   0.000000000289759
   0.000000000232501
   0.000000000186006
   0.000000000147824
   0.000000000116758
   0.000000000091976
   0.000000000072071
   0.000000000056375
   0.000000000043820
   0.000000000034052
   0.000000000026273
   0.000000000020307
   0.000000000015583
   0.000000000011987
   0.000000000009144
   0.000000000006977
   0.000000000005279
   0.000000000003989
   0.000000000002992
   0.000000000002240
   0.000000000001667
   0.000000000001235
   0.000000000000909
   0.000000000000666
   0.000000000000484
   0.000000000000349
   0.000000000000251
   0.000000000000179
   0.000000000000126
   0.000000000000089
   0.000000000000062
   0.000000000000043
   0.000000000000029
   0.000000000000020
   0.000000000000013
   0.000000000000009
   0.000000000000006
   0.000000000000004
   0.000000000000002
   0.000000000000002
   0.000000000000001
   0.000000000000001
   0.000000000000000
   0.000000000000000
   0.000000000000000
   0.000000000000000
   0.000000000000000
   0.000000000000000
   0.000000000000000
   0.000000000000000
   0.007583448672080
   0.002549051475859
   0.001273278363375
   0.001609601047843
   0.001235814328864
   0.001532781806282
   0.001501945910692
   0.000979554198355
   0.003221355120611
   0.006781051431239
   0.003187605580369
   0.002721004384450
   0.002782643199621
   0.003229884553614
   0.007104369659525
   0.004869425907090
   0.004108450419131
   0.005488590258773
   0.007240094733241
   0.005473002981594
   0.007197638075964
   0.007521581477559
   0.007646312561373
   0.008289430191138
   0.008657081679819
   0.009284389559493
   0.009647110097566
   0.010016700928073
   0.010488623723170
   0.010636805720317
   0.010577039711334
   0.011206270939975
   0.009679424075431
   0.010035674941611
   0.009580201057274
   0.009203426340369
   0.008950227816338
   0.008475572883226
   0.008178814266731
   0.007777263350442
   0.007836873057734
   0.007546389512048
   0.007172634000655
   0.006792495399107
   0.006352795572291
   0.005957687811884
   0.005535155126352
   0.005075572214354
   0.004708729799125
   0.004210547097068
   0.003841062939728
   0.003396545717798
   0.003121131108023
   0.003240312190435
   0.003062760628289
   0.002938550584861
   0.002858495629026
   0.002760192971935
   0.002677530766615
   0.002575395215383
   0.002463587496688
   0.002352887711171
   0.002234599943049
   0.002128485031338
   0.002016469679625
   0.001911612414120
   0.001809429436708
   0.001714267407898
   0.001616959144098
   0.001527601433381
   0.001436122428369
   0.001365432910848
   0.001297622856546
   0.001237214959652
   0.001182115550726
   0.001141452565668
   0.001095851807402
   0.001066205218139
   0.001023891615546
   0.001006281962013
   0.000970973874123
   0.000979610216067
   0.000967492097284
   0.000960450477529
   0.000941962639910
   0.000923139040395
   0.000906102365064
   0.000889064559167
   0.000873846678080
   0.000857068129584
   0.000842034987618
   0.000826142838036
   0.000812355434652
   0.000797714132732
   0.000786549417631
   0.000777698229504
   0.000764426673868
   0.000751427391231
   0.000738852878624
   0.000726449010068
   0.000714258127128
   0.000702212257955
   0.000690250508175
   0.000678248893090
   0.000666378274064
   0.000654539423088
   0.000642708597061
   0.000631053154652
   0.000619216123642
   0.000607530510651
   0.000595760670978
   0.000583935021573
   0.000572238630519
   0.000560677157246
   0.000548833324923
   0.000537116227074
   0.000526038405817
   0.000514083378260
   0.000502492262696
   0.000492203298976
   0.000480363962274
   0.000468900233698
   0.000458784198563
   0.000445644328295
   0.000433807202428
   0.000423452537609
   0.000409336971595
   0.000398283164040
   0.000388322083805
   0.000375796909436
   0.000365478156501
   0.000355306768482
   0.000345508527949
   0.000335114008243
   0.000324418210033
   0.000314489022441
   0.000304010805830
   0.000293276389394
   0.000283490065475
   0.000273007451570
   0.000262331242733
   0.000252736688248
   0.000242372635425
   0.000232171723104
   0.000222529968949
   0.000211909127177
   0.000202008152930
   0.000191800891424
   0.000180634398456
   0.000171664219927
   0.000159762486209
   0.000148814125018
   0.000141673518850
   0.000127461075802
   0.000119549962648
   0.000113948641248
   0.000108345453352
   0.000103133953728
   0.000097897527903
   0.000092895299241
   0.000088021172805
   0.000083314838490
   0.000078771937157
   0.000074374451655
   0.000070169913824
   0.000066068044339
   0.000062189516428
   0.000058423192494
   0.000054847726677
   0.000051458396954
   0.000048124334766
   0.000045089048048
   0.000042159232690
   0.000039396793316
   0.000036842704061
   0.000034343899972
   0.000031994084372
   0.000029737930537
   0.000027599640358
   0.000025565633378
   0.000023636486608
   0.000021801445019
   0.000020068259949
   0.000018424893765
   0.000016875458925
   0.000015406218311
   0.000014026832367
   0.000012719572204
   0.000011494957903
   0.000010343249549
   0.000009263816320
   0.000008253808036
   0.000007346162821
   0.000006440570653
   0.000005755001640
   0.000004933213351
   0.000004463898272
   0.000003821470821
   0.000003439303407
   0.000003088487440
   0.000002769636383
   0.000002480647908
   0.000002216981318
   0.000001979841321
   0.000001764059140
   0.000001572298411
   0.000001396332611
   0.000001240121036
   0.000001097083986
   0.000000971401839
   0.000000859635626
   0.000000759450461
   0.000000671410181
   0.000000592232158
   0.000000520806635
   0.000000456914832
   0.000000400071631
   0.000000349545136
   0.000000304661424
   0.000000265024453
   0.000000230098891
   0.000000199324361
   0.000000172314003
   0.000000148664987
   0.000000128001226
   0.000000110001678
   0.000000094346391
   0.000000080731710
   0.000000068969818
   0.000000058708980
   0.000000049949606
   0.000000042333952
   0.000000035860015
   0.000000030346636
   0.000000025622955
   0.000000021585817
   0.000000018150237
   0.000000015220763
   0.000000012730185
   0.000000010625696
   0.000000008840718
   0.000000007339393
   0.000000006074218
   0.000000005016095
   0.000000004125999
   0.000000003390298
   0.000000002769623
   0.000000002264972
   0.000000001837466
   0.000000001494503
   0.000000001216080
   0.000000000983748
   0.000000000796055
   0.000000000639493
   0.000000000510571
   0.000000000406442
   0.000000000321961
   0.000000000254503
   0.000000000199916
   0.000000000156943
   0.000000000122198
   0.000000000095378
   0.000000000073692
   0.000000000057394
   0.000000000044187
   0.000000000034259
   0.000000000026193
   0.000000000020111
   0.000000000015263
   0.000000000011598
   0.000000000008731
   0.000000000006563
   0.000000000004895
   0.000000000003639
   0.000000000002686
   0.000000000001973
   0.000000000001440
   0.000000000001045
   0.000000000000753
   0.000000000000539
   0.000000000000383
   0.000000000000271
   0.000000000000190
   0.000000000000132
   0.000000000000091
   0.000000000000062
   0.000000000000042
   0.000000000000028
   0.000000000000019
   0.000000000000012
   0.000000000000008
   0.000000000000005
   0.000000000000003
   0.000000000000002
   0.000000000000001
   0.000000000000001
   0.000000000000000
   0.000000000000000
   0.000000000000000
   0.000000000000000
   0.000042536532156
   0.000096114399237
   0.000062030703992
   0.000029736954159
   0.000100831377951
   0.000094597745228
   0.000080528093574
   0.000048171436415
   0.000370797587397
   0.000854711198169
   0.000332380821522
   0.000301309088227
   0.000335547788246
   0.000370476046457
   0.000930687853944
   0.000630993272079
   0.000618658985012
   0.000779153596456
   0.001085452640659
   0.000815420184162
   0.001414929036806
   0.001658996195329
   0.001436843942085
   0.001535772641880
   0.002123958724076
   0.001971822240858
   0.002319980626202
   0.002388418867644
   0.003014648304031
   0.003004702389530
   0.003185004213340
   0.003660176774318
   0.003521268036325
   0.003985368656615
   0.004200038352856
   0.004232423780687
   0.004849654469454
   0.004581881822171
   0.004906205072861
   0.004929626560253
   0.005556564158569
   0.005230413791649
   0.005389849067570
   0.005562674720625
   0.005424601458968
   0.005499151955510
   0.005360905386505
   0.005125963150705
   0.005084765972419
   0.004629273057417
   0.004403752006566
   0.004318445623565
   0.003400909155261
   0.003653207612158
   0.003359972582754
   0.003052184526785
   0.003054483540774
   0.002832746331283
   0.002742158892381
   0.002613433357766
   0.002498373385043
   0.002364214397552
   0.002197099176060
   0.002109902276134
   0.001970551626135
   0.001857715182661
   0.001735892031324
   0.001621517394834
   0.001508548737969
   0.001401583552606
   0.001251165312297
   0.001152452030870
   0.001062587137333
   0.000979006001661
   0.000903100770686
   0.000839111253038
   0.000782449863960
   0.000736351917351
   0.000696827649856
   0.000672710541983
   0.000582605602809
   0.000642419929412
   0.000622837246739
   0.000611075717749
   0.000593076783078
   0.000575592930429
   0.000557886687327
   0.000542679687840
   0.000529978748633
   0.000515492499347
   0.000501179087907
   0.000486321619197
   0.000471116846469
   0.000454340342467
   0.000452375920736
   0.000458754508597
   0.000448362189618
   0.000438577708640
   0.000429423502938
   0.000420808947268
   0.000412668413284
   0.000404623737099
   0.000397233065444
   0.000389467020818
   0.000381992437702
   0.000374771881737
   0.000367612403298
   0.000360892649581
   0.000353420648341
   0.000346258732823
   0.000338799914706
   0.000331384108813
   0.000323912994388
   0.000316544826826
   0.000309106915605
   0.000301454523396
   0.000294397598935
   0.000286518705965
   0.000279073632462
   0.000274063659359
   0.000269690441629
   0.000264729825208
   0.000260865684401
   0.000256241879000
   0.000249926092685
   0.000243920529840
   0.000237836625691
   0.000231923671004
   0.000226139755676
   0.000220376462057
   0.000214621736642
   0.000208866611034
   0.000203147629692
   0.000197419888885
   0.000191654406422
   0.000185977805133
   0.000180282227628
   0.000174523294607
   0.000168917571645
   0.000163271826825
   0.000157486937525
   0.000151983219786
   0.000146277493676
   0.000140664811854
   0.000135211485203
   0.000129885462507
   0.000124396198987
   0.000119375097276
   0.000113782664030
   0.000108554826892
   0.000103449587564
   0.000098147123320
   0.000093958113673
   0.000089114074563
   0.000085158935522
   0.000081601735858
   0.000078077544025
   0.000074795524860
   0.000071502960862
   0.000068331039371
   0.000065185646910
   0.000062136234075
   0.000059207933161
   0.000056312751635
   0.000053595453928
   0.000050768047855
   0.000048129389366
   0.000045570986432
   0.000043105115961
   0.000040748546544
   0.000038464654148
   0.000036261227317
   0.000034206997490
   0.000032197134320
   0.000030379446922
   0.000028605030827
   0.000026902276148
   0.000025273213795
   0.000023670857361
   0.000022173807319
   0.000020722851132
   0.000019334520959
   0.000018000920466
   0.000016708252231
   0.000015486435295
   0.000014297907422
   0.000013170181802
   0.000012059616387
   0.000011012033891
   0.000009972249312
   0.000008992987050
   0.000007990550692
   0.000007117129889
   0.000006084182897
   0.000005422210350
   0.000004276091895
   0.000003917824064
   0.000002835976999
   0.000002568288502
   0.000002317586266
   0.000002090516581
   0.000001883577450
   0.000001687889595
   0.000001516688821
   0.000001360790155
   0.000001226229948
   0.000001092884516
   0.000000976085928
   0.000000870915658
   0.000000778411316
   0.000000690453242
   0.000000612707175
   0.000000543656095
   0.000000481702485
   0.000000424697646
   0.000000374427340
   0.000000329918780
   0.000000289822166
   0.000000253890917
   0.000000222302514
   0.000000194266753
   0.000000169262373
   0.000000147241142
   0.000000127887671
   0.000000110778058
   0.000000095739468
   0.000000082619660
   0.000000071073700
   0.000000061062069
   0.000000052240598
   0.000000044749596
   0.000000038032402
   0.000000032493626
   0.000000027738283
   0.000000023584384
   0.000000020019679
   0.000000016972425
   0.000000014335844
   0.000000012084964
   0.000000010170281
   0.000000008527856
   0.000000007137856
   0.000000005958674
   0.000000004960306
   0.000000004118023
   0.000000003411368
   0.000000002815537
   0.000000002319764
   0.000000001904342
   0.000000001559392
   0.000000001273492
   0.000000001036066
   0.000000000840933
   0.000000000679908
   0.000000000547915
   0.000000000440128
   0.000000000351950
   0.000000000280716
   0.000000000222572
   0.000000000176241
   0.000000000138373
   0.000000000108854
   0.000000000084484
   0.000000000066436
   0.000000000051454
   0.000000000040448
   0.000000000031139
   0.000000000024237
   0.000000000018541
   0.000000000014275
   0.000000000010844
   0.000000000008256
   0.000000000006222
   0.000000000004684
   0.000000000003498
   0.000000000002603
   0.000000000001923
   0.000000000001414
   0.000000000001033
   0.000000000000750
   0.000000000000541
   0.000000000000388
   0.000000000000276
   0.000000000000195
   0.000000000000136
   0.000000000000095
   0.000000000000065
   0.000000000000044
   0.000000000000030
   0.000000000000020
   0.000000000000013
   0.000000000000009
   0.000000000000005
   0.000000000000004
   0.000000000000002
   0.000000000000001
   0.000000000000001
   0.000000000000001
   0.000000000000000
   0.000000000000000
