   0.000039743762289
   0.000326840109932
   0.000073957161731
   0.000093244417929
   0.000134987423419
   0.000112726142615
   0.000090230011363
   0.000067051629922
   0.000106156122652
   0.000083056133332
   0.000119994927652
   0.000090026144891
   0.000087363812375
   0.000082601708660
   0.000091595188160
   0.000100884339747
   0.000082156025202
   0.000086053104527
   0.000098859165022
   0.000085247378192
   0.000082784662644
   0.000080606106962
   0.000080417901937
   0.000080696168831
   0.000057530351785
   0.000072280707451
   0.000071692695161
   0.000068051807408
   0.000064805818227
   0.000061543722399
   0.000059059266014
   0.000054411719618
   0.000047208196310
   0.000048334327674
   0.000048025998924
   0.000045556446330
   0.000043247890540
   0.000041573757310
   0.000039452009171
   0.000037100174399
   0.000033829495806
   0.000034372710012
   0.000033263739040
   0.000030581897351
   0.000030061979451
   0.000029495964663
   0.000028036251660
   0.000027763469428
   0.000027781855898
   0.000027220188087
   0.000022808288020
   0.000025415179343
   0.000025217895223
   0.000024469763297
   0.000024144627926
   0.000024786090455
   0.000024218202124
   0.000023515765183
   0.000022396694113
   0.000021863189315
   0.000022063535977
   0.000022335607913
   0.000022168160922
   0.000021962170295
   0.000021324552552
   0.000020995746021
   0.000021017861114
   0.000021142612086
   0.000021029630375
   0.000021502390798
   0.000021699157167
   0.000021681907626
   0.000021100322832
   0.000021102158630
   0.000021241504378
   0.000021378635754
   0.000021380910261
   0.000021387552101
   0.000021570036265
   0.000021809319342
   0.000021963106420
   0.000022070080701
   0.000022214144806
   0.000022442091201
   0.000022482113722
   0.000022611923638
   0.000022779694254
   0.000022966779164
   0.000022827098105
   0.000022963050021
   0.000023153235209
   0.000023646644767
   0.000023591412064
   0.000023717345281
   0.000023814507242
   0.000023814565090
   0.000023590999569
   0.000023723921873
   0.000023807425633
   0.000023900108579
   0.000024032966686
   0.000024171421841
   0.000024243873924
   0.000024347367704
   0.000024471977490
   0.000024549297008
   0.000024637480413
   0.000024774232503
   0.000024953480721
   0.000025135236265
   0.000025289874193
   0.000025503646404
   0.000025818410960
   0.000026086289491
   0.000026314509668
   0.000026759200530
   0.000027332618909
   0.000027672632495
   0.000028128059418
   0.000029183703275
   0.000030054151067
   0.000030338135447
   0.000031851494325
   0.000034145513116
   0.000034180840145
   0.000035784025960
   0.000041001603132
   0.000040859507353
   0.000041926932357
   0.000052100071607
   0.000051983923645
   0.000051915220097
   0.000070566357458
   0.000070317828666
   0.000070035480495
   0.000070104279332
   0.000069241124597
   0.000068284783068
   0.000068323222658
   0.000067403242368
   0.000066136579704
   0.000066666266385
   0.000065579859731
   0.000064314111268
   0.000064903000025
   0.000064085320134
   0.000063005764438
   0.000063675489565
   0.000062676829725
   0.000061512796073
   0.000062026150579
   0.000060890813057
   0.000059654213908
   0.000059584080807
   0.000058259965190
   0.000056948879560
   0.000055609814013
   0.000054288367596
   0.000052897327947
   0.000051498941817
   0.000050085215386
   0.000048637583211
   0.000047179003101
   0.000045721418239
   0.000044229929085
   0.000042751044262
   0.000041284008510
   0.000039783589113
   0.000038324318961
   0.000036875219465
   0.000035403522431
   0.000034007281899
   0.000032608491963
   0.000031247986578
   0.000029942394367
   0.000028645515403
   0.000027382682697
   0.000026147396762
   0.000024930800046
   0.000023736770896
   0.000022594194533
   0.000021424909266
   0.000020338660350
   0.000019317551163
   0.000018323542152
   0.000017404053898
   0.000016497793139
   0.000015599740687
   0.000014723598440
   0.000013871627481
   0.000013039502707
   0.000012244853728
   0.000011472737124
   0.000010729864069
   0.000010026414295
   0.000009342593696
   0.000008698275688
   0.000008086279965
   0.000007507756787
   0.000006960358034
   0.000006443164949
   0.000005955290868
   0.000005497058471
   0.000005065682460
   0.000004660172489
   0.000004281770454
   0.000003927730326
   0.000003601402373
   0.000003293285281
   0.000003008517200
   0.000002751651531
   0.000002512940785
   0.000002296453182
   0.000002094961842
   0.000001906562216
   0.000001729994969
   0.000001565553163
   0.000001413552510
   0.000001273199080
   0.000001144041391
   0.000001025503875
   0.000000917400219
   0.000000818889301
   0.000000728507720
   0.000000649982566
   0.000000580243236
   0.000000515069386
   0.000000459206317
   0.000000405418307
   0.000000356891438
   0.000000313544682
   0.000000274792328
   0.000000240344126
   0.000000210013038
   0.000000183186487
   0.000000159421509
   0.000000138428485
   0.000000119910366
   0.000000103575925
   0.000000089261372
   0.000000076686401
   0.000000065729959
   0.000000056143579
   0.000000047864108
   0.000000040624603
   0.000000034455241
   0.000000029060437
   0.000000024537344
   0.000000020631101
   0.000000017390537
   0.000000014662412
   0.000000012285105
   0.000000010263510
   0.000000008505180
   0.000000007003442
   0.000000005748724
   0.000000004695981
   0.000000003825978
   0.000000003099640
   0.000000002507518
   0.000000002016117
   0.000000001622271
   0.000000001297887
   0.000000001040324
   0.000000000827893
   0.000000000658612
   0.000000000519810
   0.000000000409702
   0.000000000320649
   0.000000000250590
   0.000000000194799
   0.000000000150800
   0.000000000115941
   0.000000000088704
   0.000000000067307
   0.000000000050739
   0.000000000037997
   0.000000000028275
   0.000000000020887
   0.000000000015325
   0.000000000011151
   0.000000000008057
   0.000000000005763
   0.000000000004094
   0.000000000002871
   0.000000000002002
   0.000000000001369
   0.000000000000935
   0.000000000000622
   0.000000000000418
   0.000000000000268
   0.000000000000178
   0.000000000000108
   0.000000000000071
   0.000000000000040
   0.000000000000026
   0.000000000000012
   0.000000000000007
   0.000000000000002
   0.000000000000000
   0.000025534950666
   0.000136622850787
   0.000047364866182
   0.000051588379124
   0.000116143163399
   0.000126060303723
   0.000091895602199
   0.000058916891710
   0.000116027620607
   0.000100689656184
   0.000095571881430
   0.000099213928651
   0.000135561052559
   0.000105452611455
   0.000139527057372
   0.000132916550237
   0.000117843539731
   0.000129235934162
   0.000157978439209
   0.000133779115044
   0.000130597116661
   0.000130416017209
   0.000153733789390
   0.000158212106328
   0.000136466696631
   0.000151610828219
   0.000149076627016
   0.000143022989427
   0.000137060908156
   0.000129560990188
   0.000129510170891
   0.000117187979308
   0.000109090043652
   0.000106920696850
   0.000107082501895
   0.000104046599284
   0.000100409400163
   0.000097657787633
   0.000094425315790
   0.000089374760086
   0.000076161817369
   0.000079045295289
   0.000073428720177
   0.000066815467567
   0.000063763349935
   0.000059271892346
   0.000058746496547
   0.000056211731952
   0.000055200001127
   0.000052997323161
   0.000031342110013
   0.000055445098587
   0.000047832622902
   0.000050400667053
   0.000047394509277
   0.000046473251512
   0.000044561627362
   0.000043702036397
   0.000042074844113
   0.000040744427219
   0.000039857055859
   0.000038266136944
   0.000037710183925
   0.000037072456696
   0.000035931298228
   0.000034498204879
   0.000034102225522
   0.000035226670953
   0.000034370076078
   0.000033012431569
   0.000032639727074
   0.000031874961701
   0.000031144294104
   0.000031398292799
   0.000031347392864
   0.000031547402227
   0.000031419509614
   0.000031294628023
   0.000031469896242
   0.000032326263502
   0.000032873668659
   0.000032945615127
   0.000032597534656
   0.000032258944076
   0.000032415942854
   0.000032607388108
   0.000032787821253
   0.000032897119236
   0.000033020240366
   0.000033251066067
   0.000033474986122
   0.000033735439592
   0.000033898690348
   0.000034105024658
   0.000034281138405
   0.000034455828319
   0.000034626562280
   0.000034913659986
   0.000035034913293
   0.000035234347101
   0.000035645204562
   0.000036196677344
   0.000036282356464
   0.000036503391047
   0.000036742903022
   0.000036570396995
   0.000036558833839
   0.000036830945902
   0.000037124902255
   0.000037398800650
   0.000037726168057
   0.000038093171407
   0.000038509132447
   0.000038851423823
   0.000039226518483
   0.000039820811207
   0.000040410456511
   0.000040806136843
   0.000041527299871
   0.000042556422218
   0.000043166662671
   0.000043592452799
   0.000044961867141
   0.000046328003766
   0.000046443297115
   0.000047639617341
   0.000050162607281
   0.000050147582662
   0.000050612761196
   0.000053644414034
   0.000053554550619
   0.000053706335588
   0.000054140251919
   0.000053914859464
   0.000053918877187
   0.000054808349403
   0.000054387124558
   0.000054035410011
   0.000055721573358
   0.000055240220475
   0.000054680753045
   0.000057494979524
   0.000056972781586
   0.000056119432192
   0.000059516367992
   0.000059013661406
   0.000058096899611
   0.000063226255601
   0.000062723170779
   0.000061514135753
   0.000069401496778
   0.000068965250371
   0.000067820960267
   0.000081097317015
   0.000080668878874
   0.000079145041328
   0.000102669588832
   0.000100736598719
   0.000098495781909
   0.000096319795994
   0.000094055497334
   0.000091708386523
   0.000089322499360
   0.000086922008319
   0.000084441662061
   0.000081915434406
   0.000079421576566
   0.000076767389964
   0.000074254318756
   0.000071718577492
   0.000068938170666
   0.000066584602748
   0.000064053080273
   0.000061696282167
   0.000059561515511
   0.000057252665564
   0.000055105763989
   0.000052889670374
   0.000050744079662
   0.000048602573998
   0.000046530991987
   0.000044484177088
   0.000042498850094
   0.000040562165048
   0.000038676964650
   0.000036858967544
   0.000035103468967
   0.000033378065894
   0.000031732322530
   0.000030118643338
   0.000028545200462
   0.000027066588512
   0.000025585569706
   0.000024130043543
   0.000022870879355
   0.000021335574291
   0.000020217289928
   0.000018815224941
   0.000017574969246
   0.000016381025529
   0.000015254372473
   0.000014186130059
   0.000013168517102
   0.000012208947107
   0.000011298950741
   0.000010460143796
   0.000009650299755
   0.000008903963077
   0.000008178260809
   0.000007523438475
   0.000006925115863
   0.000006363194597
   0.000005860375769
   0.000005383094881
   0.000004928644908
   0.000004500853411
   0.000004102030776
   0.000003730559563
   0.000003384317360
   0.000003064315775
   0.000002769429786
   0.000002497369835
   0.000002247693687
   0.000002019024864
   0.000001810257076
   0.000001620775991
   0.000001447651675
   0.000001290893068
   0.000001148475330
   0.000001018095911
   0.000000901926810
   0.000000795745971
   0.000000701793255
   0.000000618679150
   0.000000544284174
   0.000000477797014
   0.000000418740740
   0.000000365999190
   0.000000319083007
   0.000000277657857
   0.000000240843280
   0.000000208457131
   0.000000179894514
   0.000000154893710
   0.000000132844557
   0.000000113841240
   0.000000096918676
   0.000000082711925
   0.000000069859064
   0.000000059331761
   0.000000050484995
   0.000000042674298
   0.000000036156356
   0.000000030349779
   0.000000025300127
   0.000000021021648
   0.000000017389089
   0.000000014343957
   0.000000011766042
   0.000000009633966
   0.000000007830871
   0.000000006370674
   0.000000005136801
   0.000000004173845
   0.000000003356569
   0.000000002718360
   0.000000002171066
   0.000000001741400
   0.000000001380855
   0.000000001096556
   0.000000000862735
   0.000000000677870
   0.000000000528440
   0.000000000410580
   0.000000000316783
   0.000000000243267
   0.000000000185607
   0.000000000140826
   0.000000000106142
   0.000000000079503
   0.000000000059121
   0.000000000043670
   0.000000000031995
   0.000000000023278
   0.000000000016772
   0.000000000012002
   0.000000000008480
   0.000000000005958
   0.000000000004115
   0.000000000002841
   0.000000000001907
   0.000000000001296
   0.000000000000835
   0.000000000000564
   0.000000000000341
   0.000000000000237
   0.000000000000126
   0.000000000000095
   0.000000000000035
   0.000000000000025
   0.000003720089242
   0.000014476633848
   0.000010822394972
   0.000006015121857
   0.000022915633985
   0.000023452350254
   0.000020656234813
   0.000013029500670
   0.000022668895544
   0.000021918769859
   0.000020268765816
   0.000019691496667
   0.000032859932132
   0.000025981834242
   0.000032268589571
   0.000035526689243
   0.000033044534083
   0.000032596107081
   0.000043275713813
   0.000037011145573
   0.000033556371983
   0.000041813625051
   0.000048563864351
   0.000042138756803
   0.000046896222588
   0.000046134211769
   0.000051915990816
   0.000054925954141
   0.000049897159351
   0.000049345963624
   0.000052721757801
   0.000051488319046
   0.000049141982308
   0.000050799246046
   0.000050653963497
   0.000051955859080
   0.000051941697692
   0.000049919926308
   0.000048976605007
   0.000046861663872
   0.000043029801397
   0.000048123585274
   0.000045499472555
   0.000040699687959
   0.000038248707068
   0.000035420519876
   0.000034986094678
   0.000032846940477
   0.000031468238670
   0.000029122162368
   0.000022826717358
   0.000031152740616
   0.000011212333036
   0.000027794601717
   0.000027322917093
   0.000025409189387
   0.000024085163352
   0.000023949709491
   0.000022944058216
   0.000022556147266
   0.000021134753310
   0.000017589163598
   0.000018041064775
   0.000018264313044
   0.000017411307376
   0.000016671396253
   0.000016350618091
   0.000015642445650
   0.000014653489730
   0.000013757381567
   0.000013458625089
   0.000013012580914
   0.000012650208854
   0.000012513397739
   0.000012306016978
   0.000012595195091
   0.000012391200666
   0.000011774151633
   0.000012025943158
   0.000012131121207
   0.000012221620695
   0.000012166503358
   0.000012084441705
   0.000012036478497
   0.000012073292762
   0.000012102363465
   0.000012119688694
   0.000012085621843
   0.000012264755691
   0.000012444542102
   0.000012464416196
   0.000012483180729
   0.000012438884167
   0.000012505497237
   0.000012578099895
   0.000012658675995
   0.000012728464569
   0.000012840852358
   0.000012905076949
   0.000012985978606
   0.000013108648643
   0.000013212719300
   0.000013291961254
   0.000013380846295
   0.000013484216738
   0.000013545229581
   0.000013654728306
   0.000013761318997
   0.000013868448120
   0.000014013764811
   0.000014298498152
   0.000014401730567
   0.000014530830528
   0.000014647699952
   0.000014651037928
   0.000014733348268
   0.000014887907669
   0.000015028261670
   0.000015249825620
   0.000015487186515
   0.000015618245212
   0.000015750216644
   0.000016000937375
   0.000016182691838
   0.000016267696793
   0.000016446291799
   0.000016657154640
   0.000016734089729
   0.000016851148728
   0.000016936130475
   0.000016986538826
   0.000017135325856
   0.000017294646651
   0.000017307230027
   0.000017461910329
   0.000017772679419
   0.000017745479408
   0.000017884706924
   0.000018446411731
   0.000018386255867
   0.000018467068840
   0.000019370941275
   0.000019281120908
   0.000019280205416
   0.000020549470197
   0.000020465612866
   0.000020410408355
   0.000022164212311
   0.000022034451110
   0.000021971698033
   0.000024031064762
   0.000023861105938
   0.000023497912903
   0.000025190493206
   0.000024881136965
   0.000024401830758
   0.000023979815679
   0.000023443174203
   0.000022871277780
   0.000022399471924
   0.000021915990791
   0.000021411916905
   0.000020902690339
   0.000020386024379
   0.000019845017478
   0.000019301614313
   0.000018764191370
   0.000018210782425
   0.000017670942647
   0.000017131649754
   0.000016594236297
   0.000016072726789
   0.000015552106369
   0.000015035011078
   0.000014533619992
   0.000014030980981
   0.000013526923879
   0.000013032218220
   0.000012547963430
   0.000012082205978
   0.000011627182552
   0.000011178771963
   0.000010750454730
   0.000010343640307
   0.000009952182881
   0.000009588133670
   0.000009243100572
   0.000008914232540
   0.000008645076019
   0.000008382152324
   0.000008147510613
   0.000008029054890
   0.000007841463940
   0.000007780033332
   0.000007916480207
   0.000007699594611
   0.000008133544529
   0.000008510971567
   0.000007996029280
   0.000010121762144
   0.000009498168527
   0.000008897311149
   0.000008285741274
   0.000007736784211
   0.000007225077855
   0.000006785612273
   0.000006285884325
   0.000005838056683
   0.000005423175856
   0.000005050272607
   0.000004660910844
   0.000004305468662
   0.000003981729703
   0.000003676321997
   0.000003374535750
   0.000003099421029
   0.000002846640386
   0.000002605511034
   0.000002377897332
   0.000002170290011
   0.000001977148662
   0.000001795418806
   0.000001628233629
   0.000001474857853
   0.000001331891035
   0.000001200411615
   0.000001080194351
   0.000000969252081
   0.000000868135260
   0.000000774518033
   0.000000691808820
   0.000000612326985
   0.000000545805077
   0.000000486333443
   0.000000431453110
   0.000000382183408
   0.000000338227464
   0.000000298109970
   0.000000262330617
   0.000000230493609
   0.000000201748493
   0.000000176318904
   0.000000153707114
   0.000000133603804
   0.000000115841470
   0.000000100235283
   0.000000086392205
   0.000000074379411
   0.000000063774630
   0.000000054582160
   0.000000046601364
   0.000000039629928
   0.000000033641586
   0.000000028435588
   0.000000023963263
   0.000000020124076
   0.000000016831974
   0.000000014034721
   0.000000011641323
   0.000000009632575
   0.000000007910999
   0.000000006497563
   0.000000005268292
   0.000000004328094
   0.000000003504056
   0.000000002884212
   0.000000002321047
   0.000000001891126
   0.000000001512735
   0.000000001219193
   0.000000000968831
   0.000000000772147
   0.000000000608919
   0.000000000479853
   0.000000000375070
   0.000000000292217
   0.000000000226099
   0.000000000174096
   0.000000000133182
   0.000000000101291
   0.000000000076517
   0.000000000057428
   0.000000000042786
   0.000000000031653
   0.000000000023223
   0.000000000016913
   0.000000000012196
   0.000000000008730
   0.000000000006170
   0.000000000004336
   0.000000000002991
   0.000000000002064
   0.000000000001379
   0.000000000000939
   0.000000000000594
   0.000000000000409
   0.000000000000228
   0.000000000000185
   0.000000000000074
   0.000000000000090
