   0.000000281456640
   0.000000206249038
   0.000000089321885
   0.000000119663600
   0.000000059475750
   0.000000078378660
   0.000000074542558
   0.000000081210740
   0.000000081906079
   0.000000102070654
   0.000000111224985
   0.000000103502858
   0.000000105566007
   0.000000140862056
   0.000000148069268
   0.000000283030394
   0.000000316113302
   0.000000502822829
   0.000000876465717
   0.000000857615725
   0.000000700900453
   0.000000672852088
   0.000001441819218
   0.000001455956909
   0.000001721327536
   0.000001540623271
   0.000002577028729
   0.000002433578811
   0.000002434668646
   0.000002648495704
   0.000002770436016
   0.000002853603390
   0.000002874883006
   0.000002882196546
   0.000002882284738
   0.000003547094097
   0.000003456462281
   0.000003350842901
   0.000003255757054
   0.000002504031827
   0.000002425446810
   0.000002297320960
   0.000002207563770
   0.000002017220605
   0.000001835879393
   0.000001899090252
   0.000001792720365
   0.000001693156190
   0.000001275395029
   0.000001949449069
   0.000001740556871
   0.000002222266313
   0.000002037425191
   0.000002422132707
   0.000002414946922
   0.000002811147869
   0.000002798540399
   0.000003069836705
   0.000003131034850
   0.000003331138877
   0.000003427655609
   0.000003605082089
   0.000003755914989
   0.000003901610824
   0.000004034303205
   0.000004116943172
   0.000004225998667
   0.000004327816460
   0.000004407434856
   0.000004459331126
   0.000004538557400
   0.000004585452854
   0.000004611290638
   0.000004634035654
   0.000004656437459
   0.000004664382376
   0.000004678466177
   0.000004686639269
   0.000004695676814
   0.000004694924341
   0.000004688311544
   0.000004679643856
   0.000004675119307
   0.000004669180698
   0.000004648685455
   0.000004631415173
   0.000004610739204
   0.000004581433408
   0.000004547430039
   0.000004517940273
   0.000004490819513
   0.000004455729623
   0.000004420394728
   0.000004381304869
   0.000004343146641
   0.000004302721647
   0.000004261620696
   0.000004217192559
   0.000004173145376
   0.000004126419782
   0.000004077121575
   0.000004027410953
   0.000003975986531
   0.000003922536798
   0.000003868044046
   0.000003813601958
   0.000003756820574
   0.000003698443813
   0.000003639797716
   0.000003580358572
   0.000003519271163
   0.000003457494041
   0.000003396324305
   0.000003333050506
   0.000003268877449
   0.000003205523714
   0.000003140763438
   0.000003074386293
   0.000003009740602
   0.000002943791826
   0.000002873663790
   0.000002808668781
   0.000002741025540
   0.000002659498132
   0.000002595691112
   0.000002526002811
   0.000002393455644
   0.000002333402906
   0.000002267595398
   0.000001954654187
   0.000001896715844
   0.000001846996717
   0.000001785493163
   0.000001739906478
   0.000001678303165
   0.000001629434673
   0.000001571256362
   0.000001519053208
   0.000001441125717
   0.000001388810798
   0.000001321450435
   0.000001270317028
   0.000001211267425
   0.000001175645722
   0.000001126855195
   0.000001085429356
   0.000001038805463
   0.000000994283659
   0.000000948122478
   0.000000906526435
   0.000000856617076
   0.000000813048868
   0.000000773988270
   0.000000700703075
   0.000000657727835
   0.000000624668225
   0.000000591889493
   0.000000561578373
   0.000000530608164
   0.000000501526772
   0.000000473106174
   0.000000445962483
   0.000000419712562
   0.000000394425693
   0.000000370200348
   0.000000346944438
   0.000000324854416
   0.000000303665694
   0.000000283495656
   0.000000264014318
   0.000000243650637
   0.000000225727099
   0.000000207834911
   0.000000191888364
   0.000000177950365
   0.000000164361674
   0.000000152120312
   0.000000140352451
   0.000000129672386
   0.000000119505114
   0.000000109777967
   0.000000099131365
   0.000000090040117
   0.000000082007918
   0.000000074776921
   0.000000069107697
   0.000000063672854
   0.000000058402603
   0.000000053379730
   0.000000048634074
   0.000000044191606
   0.000000040071940
   0.000000036272979
   0.000000032768591
   0.000000029548126
   0.000000026601444
   0.000000023908906
   0.000000021459623
   0.000000019242143
   0.000000017218947
   0.000000015383371
   0.000000013728374
   0.000000012235781
   0.000000010862672
   0.000000009613858
   0.000000008505135
   0.000000007543099
   0.000000006667466
   0.000000005789069
   0.000000005020458
   0.000000004374169
   0.000000003814142
   0.000000003383241
   0.000000003007723
   0.000000002666145
   0.000000002348168
   0.000000002059945
   0.000000001803047
   0.000000001572208
   0.000000001365861
   0.000000001184718
   0.000000001025350
   0.000000000872762
   0.000000000733818
   0.000000000632025
   0.000000000543812
   0.000000000468335
   0.000000000415123
   0.000000000354846
   0.000000000302257
   0.000000000256259
   0.000000000215314
   0.000000000180384
   0.000000000151725
   0.000000000127571
   0.000000000107117
   0.000000000089870
   0.000000000075172
   0.000000000062735
   0.000000000052257
   0.000000000043380
   0.000000000035930
   0.000000000029681
   0.000000000024435
   0.000000000020057
   0.000000000016397
   0.000000000013328
   0.000000000010738
   0.000000000008414
   0.000000000006842
   0.000000000005608
   0.000000000004606
   0.000000000003834
   0.000000000003104
   0.000000000002476
   0.000000000001968
   0.000000000001558
   0.000000000001228
   0.000000000000964
   0.000000000000752
   0.000000000000582
   0.000000000000447
   0.000000000000343
   0.000000000000264
   0.000000000000204
   0.000000000000157
   0.000000000000120
   0.000000000000091
   0.000000000000069
   0.000000000000052
   0.000000000000039
   0.000000000000030
   0.000000000000022
   0.000000000000017
   0.000000000000012
   0.000000000000009
   0.000000000000006
   0.000000000000005
   0.000000000000003
   0.000000000000002
   0.000000000000002
   0.000000000000001
   0.000000000000001
   0.000000000000001
   0.000000000000000
   0.000000000000000
   0.000000000000000
   0.000000000000000
   0.000000000000000
   0.000000000000000
   0.000000000000000
   0.000000000000000
   0.000000000000000
   0.000000000000000
   0.000000000000000
   0.000000000000000
   0.000000000000000
   0.000000000000000
   0.000000000000000
   0.000000000000000
   0.000000111909040
   0.000000095512301
   0.000000142997041
   0.000000112835838
   0.000000126759593
   0.000000070894648
   0.000000107217611
   0.000000095853967
   0.000000104421551
   0.000000108171762
   0.000000137104470
   0.000000116667059
   0.000000123715570
   0.000000149346759
   0.000000139735902
   0.000000192266153
   0.000000223833019
   0.000000262661969
   0.000000363958526
   0.000000404426279
   0.000000404869485
   0.000000261141490
   0.000000595482371
   0.000000603326909
   0.000000656760824
   0.000000633921399
   0.000000997680468
   0.000000863623681
   0.000000864531829
   0.000000958936872
   0.000001058818018
   0.000001103350867
   0.000001065168501
   0.000001054669552
   0.000001076247478
   0.000001313253940
   0.000001261198105
   0.000001192760956
   0.000001160947531
   0.000000955209298
   0.000000968867911
   0.000000937508529
   0.000001197799410
   0.000001182628390
   0.000001128290970
   0.000001226043242
   0.000001172299779
   0.000001153334295
   0.000001128853938
   0.000001610848767
   0.000001594293801
   0.000001785915831
   0.000001740304106
   0.000002575194209
   0.000003174266847
   0.000003844796738
   0.000004213418253
   0.000004745523373
   0.000005396346438
   0.000005935645585
   0.000006427632922
   0.000007113978199
   0.000007607266879
   0.000008050168369
   0.000008596573023
   0.000008962345175
   0.000009393516468
   0.000009746682910
   0.000009983904065
   0.000010020080061
   0.000010288809669
   0.000010511119701
   0.000010552930894
   0.000010535174800
   0.000010591637262
   0.000010587648006
   0.000010616780199
   0.000010620157338
   0.000010618512395
   0.000010604938843
   0.000010599414271
   0.000010560277433
   0.000010518815050
   0.000010480541086
   0.000010449773360
   0.000010416421110
   0.000010376377765
   0.000010315716626
   0.000010314860700
   0.000010242126492
   0.000010175901185
   0.000010093506347
   0.000010009086924
   0.000009904645671
   0.000009804030524
   0.000009736951883
   0.000009641885265
   0.000009538876681
   0.000009444534512
   0.000009344904306
   0.000009234201593
   0.000009121384556
   0.000009034171784
   0.000008915786454
   0.000008795077825
   0.000008682009027
   0.000008571389125
   0.000008451235596
   0.000008324268485
   0.000008213503186
   0.000008081957041
   0.000007947363113
   0.000007819847875
   0.000007691223247
   0.000007551199286
   0.000007416093766
   0.000007287015482
   0.000007144807631
   0.000007004472268
   0.000006868397511
   0.000006723481305
   0.000006580260948
   0.000006439801839
   0.000006283210457
   0.000006138071923
   0.000005979204493
   0.000005747150941
   0.000005606379390
   0.000005462521429
   0.000005227439762
   0.000005090776396
   0.000004963577945
   0.000004867166765
   0.000004747635715
   0.000004609376496
   0.000004497221618
   0.000004370047045
   0.000004234386078
   0.000004108521953
   0.000003979328919
   0.000003837671461
   0.000003711002332
   0.000003579783083
   0.000003453209337
   0.000003322422969
   0.000003198942647
   0.000003078571456
   0.000002956875333
   0.000002834313171
   0.000002720749058
   0.000002552575418
   0.000002421167273
   0.000002320097008
   0.000001978941203
   0.000001837314669
   0.000001758008614
   0.000001668924959
   0.000001599770616
   0.000001520176420
   0.000001448183673
   0.000001374312039
   0.000001302890039
   0.000001234058653
   0.000001167689180
   0.000001105248689
   0.000001042086640
   0.000000982605515
   0.000000924583450
   0.000000869879737
   0.000000815963840
   0.000000751029994
   0.000000702794121
   0.000000649357901
   0.000000604939438
   0.000000570352069
   0.000000531070169
   0.000000499432317
   0.000000465174487
   0.000000433856582
   0.000000402979363
   0.000000374540517
   0.000000347489930
   0.000000321794308
   0.000000296958580
   0.000000273960397
   0.000000252761568
   0.000000233292644
   0.000000214772722
   0.000000197520027
   0.000000181231536
   0.000000166302455
   0.000000151909223
   0.000000138871126
   0.000000125668525
   0.000000114481167
   0.000000101788135
   0.000000092339830
   0.000000078204512
   0.000000070841993
   0.000000063850873
   0.000000057694537
   0.000000051941859
   0.000000046315157
   0.000000041289925
   0.000000036961840
   0.000000033293819
   0.000000029634083
   0.000000026341201
   0.000000023051031
   0.000000020344427
   0.000000017875404
   0.000000015755308
   0.000000014192767
   0.000000012722493
   0.000000011295960
   0.000000010009171
   0.000000008864601
   0.000000007815294
   0.000000006860294
   0.000000006020414
   0.000000005273388
   0.000000004601560
   0.000000004004863
   0.000000003475631
   0.000000003010270
   0.000000002604500
   0.000000002252622
   0.000000001949633
   0.000000001681753
   0.000000001446803
   0.000000001237878
   0.000000001042161
   0.000000000884856
   0.000000000754052
   0.000000000640066
   0.000000000543554
   0.000000000461618
   0.000000000390015
   0.000000000329277
   0.000000000277634
   0.000000000232990
   0.000000000195350
   0.000000000163384
   0.000000000136137
   0.000000000113252
   0.000000000093914
   0.000000000077606
   0.000000000063957
   0.000000000050831
   0.000000000041671
   0.000000000034306
   0.000000000028184
   0.000000000023638
   0.000000000019377
   0.000000000015684
   0.000000000012646
   0.000000000010163
   0.000000000008137
   0.000000000006490
   0.000000000005154
   0.000000000004069
   0.000000000003172
   0.000000000002447
   0.000000000001909
   0.000000000001483
   0.000000000001169
   0.000000000000903
   0.000000000000705
   0.000000000000541
   0.000000000000418
   0.000000000000319
   0.000000000000244
   0.000000000000184
   0.000000000000139
   0.000000000000105
   0.000000000000078
   0.000000000000058
   0.000000000000043
   0.000000000000031
   0.000000000000023
   0.000000000000017
   0.000000000000012
   0.000000000000009
   0.000000000000006
   0.000000000000004
   0.000000000000003
   0.000000000000002
   0.000000000000001
   0.000000000000001
   0.000000000000001
   0.000000000000000
   0.000000000000000
   0.000000000000000
   0.000000000000000
   0.000000000000000
   0.000000000000000
   0.000000000000000
   0.000000000000000
   0.000000000000000
   0.000000000000000
   0.000000010489967
   0.000000013982029
   0.000000025498767
   0.000000020061752
   0.000000022025481
   0.000000012678667
   0.000000027950108
   0.000000017912181
   0.000000018342193
   0.000000024886900
   0.000000026685457
   0.000000023090473
   0.000000024834970
   0.000000026146103
   0.000000028536613
   0.000000030310162
   0.000000029881728
   0.000000034207053
   0.000000033839783
   0.000000033652464
   0.000000049319789
   0.000000026514231
   0.000000037919405
   0.000000054341310
   0.000000043153897
   0.000000040816459
   0.000000065761284
   0.000000045362111
   0.000000048166287
   0.000000064226963
   0.000000075226795
   0.000000077649793
   0.000000076740167
   0.000000069448834
   0.000000094335767
   0.000000091168316
   0.000000076601499
   0.000000077370957
   0.000000111600592
   0.000000086117274
   0.000000086748870
   0.000000101447955
   0.000000288757474
   0.000000290589597
   0.000000305859247
   0.000000406599187
   0.000000512518748
   0.000000399495467
   0.000000429850619
   0.000000613435641
   0.000000647382629
   0.000000577823875
   0.000000593564467
   0.000000933503994
   0.000000923988438
   0.000000955220710
   0.000001040847397
   0.000001223924980
   0.000001995685076
   0.000002241722591
   0.000002561222774
   0.000002855831581
   0.000003177933817
   0.000003495460951
   0.000003964754628
   0.000004230970897
   0.000004556424881
   0.000004817267180
   0.000005023025252
   0.000005195207475
   0.000005389809291
   0.000005665796636
   0.000005874984635
   0.000005945273798
   0.000006005148702
   0.000006053819591
   0.000006072459358
   0.000006064031218
   0.000006116697610
   0.000006144849149
   0.000006195688292
   0.000006202455650
   0.000006147908288
   0.000006125418203
   0.000006057896158
   0.000006029959530
   0.000005975071514
   0.000005846542498
   0.000005954182419
   0.000005887834369
   0.000005829475303
   0.000005751838014
   0.000005703431325
   0.000005658369352
   0.000005554109580
   0.000005584880285
   0.000005511379138
   0.000005440247411
   0.000005357767098
   0.000005287068322
   0.000005219079877
   0.000005139013279
   0.000005152916945
   0.000005076140150
   0.000005002612902
   0.000004925318325
   0.000004888311463
   0.000004843107253
   0.000004767730043
   0.000004741783453
   0.000004662762720
   0.000004585149231
   0.000004506979214
   0.000004449904341
   0.000004370611423
   0.000004295376687
   0.000004241805673
   0.000004162965064
   0.000004084624572
   0.000004010297234
   0.000003941099232
   0.000003864952197
   0.000003790890508
   0.000003717152690
   0.000003633730101
   0.000003552525154
   0.000003468600615
   0.000003394994292
   0.000003320387859
   0.000003244330285
   0.000003167661452
   0.000003089086117
   0.000003015560377
   0.000002941217388
   0.000002866010149
   0.000002792629284
   0.000002717575247
   0.000002640549138
   0.000002567614243
   0.000002494420748
   0.000002419295911
   0.000002345729627
   0.000002269414577
   0.000002183483627
   0.000002079914914
   0.000002014265413
   0.000001947552457
   0.000001907987043
   0.000001848110496
   0.000001769278333
   0.000001678515026
   0.000001607039015
   0.000001546732167
   0.000001467409886
   0.000001404642819
   0.000001340766284
   0.000001280073199
   0.000001230031608
   0.000001183281047
   0.000001139268688
   0.000001087067906
   0.000001034565506
   0.000000987144260
   0.000000944001278
   0.000000906214112
   0.000000860086278
   0.000000816241986
   0.000000774112512
   0.000000735737653
   0.000000700061273
   0.000000661029956
   0.000000623287370
   0.000000586584313
   0.000000546858457
   0.000000514977166
   0.000000485695647
   0.000000464152690
   0.000000439381985
   0.000000409999278
   0.000000384681747
   0.000000361742469
   0.000000342624840
   0.000000321634830
   0.000000299445171
   0.000000279798408
   0.000000261998850
   0.000000245832424
   0.000000228615755
   0.000000212444828
   0.000000196917978
   0.000000183283443
   0.000000168464416
   0.000000155627224
   0.000000139820282
   0.000000128789627
   0.000000110055110
   0.000000100672005
   0.000000072604898
   0.000000066541274
   0.000000060349901
   0.000000055461985
   0.000000050373838
   0.000000044331895
   0.000000039659913
   0.000000036273574
   0.000000033736982
   0.000000029701021
   0.000000026503806
   0.000000024034909
   0.000000021929443
   0.000000019279995
   0.000000017161006
   0.000000015490398
   0.000000013893316
   0.000000012225328
   0.000000010880258
   0.000000009734797
   0.000000008612913
   0.000000007582923
   0.000000006723711
   0.000000005941173
   0.000000005211908
   0.000000004580183
   0.000000004024618
   0.000000003516295
   0.000000003068810
   0.000000002678608
   0.000000002328975
   0.000000002020429
   0.000000001751941
   0.000000001506813
   0.000000001260110
   0.000000001088647
   0.000000000941479
   0.000000000805125
   0.000000000691127
   0.000000000593424
   0.000000000505069
   0.000000000430745
   0.000000000366826
   0.000000000310385
   0.000000000262868
   0.000000000221984
   0.000000000186654
   0.000000000156858
   0.000000000131358
   0.000000000109675
   0.000000000091388
   0.000000000075651
   0.000000000062651
   0.000000000051661
   0.000000000042485
   0.000000000034944
   0.000000000028590
   0.000000000023359
   0.000000000019010
   0.000000000015421
   0.000000000012465
   0.000000000010039
   0.000000000008056
   0.000000000006436
   0.000000000005070
   0.000000000003928
   0.000000000003091
   0.000000000002410
   0.000000000001929
   0.000000000001496
   0.000000000001186
   0.000000000000916
   0.000000000000718
   0.000000000000551
   0.000000000000427
   0.000000000000325
   0.000000000000249
   0.000000000000188
   0.000000000000142
   0.000000000000107
   0.000000000000080
   0.000000000000059
   0.000000000000044
   0.000000000000032
   0.000000000000023
   0.000000000000017
   0.000000000000012
   0.000000000000009
   0.000000000000006
   0.000000000000004
   0.000000000000003
   0.000000000000002
   0.000000000000001
   0.000000000000001
   0.000000000000001
   0.000000000000000
   0.000000000000000
   0.000000000000000
   0.000000000000000
   0.000000000000000
   0.000000000000000
   0.000000000000000
   0.000000000000000
