   0.000000000000000
   0.000000000000000
   0.000000118867369
   0.000000284173082
   0.000000079680638
   0.000000130036847
   0.000000116394249
   0.000000233562343
   0.000000098838226
   0.000000223051564
   0.000000121638110
   0.000000275568118
   0.000000131430268
   0.000000266405439
   0.000000167972686
   0.000000239403127
   0.000000204079835
   0.000000343220910
   0.000000247721979
   0.000000361190279
   0.000000301700643
   0.000000513134017
   0.000000289106020
   0.000000439531226
   0.000000307547215
   0.000000462479944
   0.000000414987312
   0.000000540789543
   0.000000449889088
   0.000000627363223
   0.000001016378061
   0.000000735688835
   0.000001175355261
   0.000000702860481
   0.000001540564086
   0.000001569362300
   0.000002191364045
   0.000003574729123
   0.000002316379107
   0.000003409466207
   0.000002265898424
   0.000002355451846
   0.000002353150063
   0.000011928992857
   0.000003549513234
   0.000040625127658
   0.000003678709199
   0.000041342217842
   0.000010916452892
   0.000080608526048
   0.000012918707389
   0.000083181991756
   0.000016086023342
   0.000128414290425
   0.000018179233772
   0.000129965585799
   0.000019758483238
   0.000137077171989
   0.000021548916462
   0.000151878299151
   0.000022510240518
   0.000163041259525
   0.000023539051699
   0.000171495097119
   0.000023482454987
   0.000172275223254
   0.000023777515632
   0.000174150784075
   0.000023986215217
   0.000175411848138
   0.000025434176315
   0.000203081203105
   0.000025039180046
   0.000199139575313
   0.000024604839377
   0.000194515559427
   0.000024148176132
   0.000188071168839
   0.000022031372465
   0.000154597512228
   0.000021554266396
   0.000149444304248
   0.000020944628716
   0.000144798703308
   0.000020652368619
   0.000137367643004
   0.000019699249219
   0.000127729697421
   0.000018629522373
   0.000115981183307
   0.000018315823606
   0.000115261641966
   0.000017977739508
   0.000108854619031
   0.000018352809391
   0.000105524475366
   0.000017733675193
   0.000088338658786
   0.000019633084227
   0.000115346371084
   0.000018011099884
   0.000101549887057
   0.000020393835591
   0.000124069006640
   0.000020410711350
   0.000117982700227
   0.000022677316028
   0.000140910209149
   0.000022962409457
   0.000141606566602
   0.000024443756700
   0.000158929576188
   0.000023977679050
   0.000157486956617
   0.000025121112242
   0.000169661286548
   0.000025588489722
   0.000172609655828
   0.000026328768196
   0.000181533136317
   0.000026482263180
   0.000185393502802
   0.000027097692104
   0.000191973899442
   0.000027944276773
   0.000197675691484
   0.000028524962429
   0.000203958806968
   0.000028904280429
   0.000209352589085
   0.000028920295828
   0.000213682353845
   0.000029286348744
   0.000218669285414
   0.000029754407519
   0.000223278479181
   0.000030032238409
   0.000226612891527
   0.000030244211690
   0.000228799593679
   0.000030620818945
   0.000231927814068
   0.000031037309856
   0.000234265124460
   0.000031224121519
   0.000235422475354
   0.000031318791849
   0.000237073112708
   0.000031500934765
   0.000238129594539
   0.000031961782644
   0.000239906896884
   0.000032192288573
   0.000240877952913
   0.000032293759170
   0.000241205599215
   0.000032495880051
   0.000241798139211
   0.000032751891050
   0.000242255243479
   0.000032880478732
   0.000242151601199
   0.000032886137067
   0.000241487204276
   0.000033156936683
   0.000241551989101
   0.000033479215547
   0.000241232287206
   0.000033582663013
   0.000240766592247
   0.000033711525415
   0.000240453653746
   0.000033854136261
   0.000239943372764
   0.000033898604814
   0.000239373282305
   0.000033900570666
   0.000238642288947
   0.000033987267657
   0.000237837072030
   0.000034105286340
   0.000237102242929
   0.000034177109699
   0.000236063918748
   0.000034228398827
   0.000235034255539
   0.000034263400556
   0.000233946593047
   0.000034316467366
   0.000232663884890
   0.000034345570351
   0.000231283055120
   0.000034363888383
   0.000229823422618
   0.000034382560787
   0.000228264623874
   0.000034399128758
   0.000226706653619
   0.000034398553567
   0.000225026879651
   0.000034386714796
   0.000223223823347
   0.000034371517206
   0.000221397845123
   0.000034341376861
   0.000219464668026
   0.000034297767853
   0.000217427615611
   0.000034246773579
   0.000215336979946
   0.000034190865154
   0.000213230843361
   0.000034117958048
   0.000210997722318
   0.000034031169032
   0.000208683937802
   0.000033942399571
   0.000206350033047
   0.000033846192717
   0.000203963846593
   0.000033725842730
   0.000201467092885
   0.000033597220585
   0.000198926070394
   0.000033480356230
   0.000196429554526
   0.000033331424338
   0.000193778796341
   0.000033155006483
   0.000191040423418
   0.000033010643876
   0.000188398905929
   0.000032841721836
   0.000185660209342
   0.000032603514228
   0.000182719803616
   0.000032425798336
   0.000179956131515
   0.000032240014192
   0.000177188148429
   0.000031906292203
   0.000174049663037
   0.000031690611969
   0.000171170195996
   0.000031478128204
   0.000168380799954
   0.000030917473231
   0.000165159973245
   0.000030676840873
   0.000162195100853
   0.000030435419164
   0.000159234287287
   0.000029040381019
   0.000155803482573
   0.000028822150773
   0.000152649938074
   0.000028572099459
   0.000149646599576
   0.000023827399496
   0.000147430931281
   0.000023498511791
   0.000144386503953
   0.000023255273779
   0.000141826342196
   0.000004383195416
   0.000138490719020
   0.000004231445393
   0.000136427106788
   0.000004094799965
   0.000133176910962
   0.000003971175814
   0.000130868743792
   0.000003810598104
   0.000127649895170
   0.000003660617574
   0.000124908958587
   0.000003557035414
   0.000120063860370
   0.000003395282326
   0.000117064979009
   0.000003258126021
   0.000112891062662
   0.000003167897870
   0.000110086192299
   0.000003032685943
   0.000106323271305
   0.000002893027035
   0.000104578964632
   0.000002808644201
   0.000101748942033
   0.000002681994486
   0.000099401138958
   0.000002565469672
   0.000096488414183
   0.000002487037164
   0.000093975596857
   0.000002369538822
   0.000091003692189
   0.000002264482378
   0.000088323232633
   0.000002196910077
   0.000085597243738
   0.000002094462570
   0.000082809690759
   0.000002003492198
   0.000080126118155
   0.000001973171447
   0.000077574793218
   0.000001892053245
   0.000075013965399
   0.000001808144095
   0.000072519969508
   0.000001726191378
   0.000070076192771
   0.000001646677172
   0.000067770424921
   0.000001568652494
   0.000065361980072
   0.000001492995428
   0.000063063342120
   0.000001419780917
   0.000060750260726
   0.000001348198980
   0.000058491907787
   0.000001278949346
   0.000056248986610
   0.000001212297688
   0.000054033109800
   0.000001147198917
   0.000051851117959
   0.000001084795366
   0.000049700280440
   0.000001024990535
   0.000047604324322
   0.000000966507830
   0.000045535051656
   0.000000911346431
   0.000043514544002
   0.000000858531787
   0.000041504797527
   0.000000808032120
   0.000039315643157
   0.000000760558317
   0.000037320016040
   0.000000715008109
   0.000035262594219
   0.000000671468970
   0.000033375935370
   0.000000629904441
   0.000031708966718
   0.000000590137537
   0.000030051402423
   0.000000552122954
   0.000028521435721
   0.000000516088133
   0.000027014786591
   0.000000481503019
   0.000025608897171
   0.000000448704201
   0.000024236991741
   0.000000418174675
   0.000022867915074
   0.000000389424390
   0.000021212468244
   0.000000362513844
   0.000019792689331
   0.000000337258492
   0.000018530378215
   0.000000313165078
   0.000017376216442
   0.000000290258284
   0.000016544246990
   0.000000268624735
   0.000015697879184
   0.000000248151619
   0.000014824637568
   0.000000228932358
   0.000013951665819
   0.000000210945496
   0.000013091395042
   0.000000193970957
   0.000012253367528
   0.000000178300440
   0.000011447289733
   0.000000163582287
   0.000010677082134
   0.000000149821818
   0.000009941378236
   0.000000137311339
   0.000009241502922
   0.000000125395290
   0.000008577949183
   0.000000114602331
   0.000007952253295
   0.000000104583564
   0.000007363688547
   0.000000095316297
   0.000006813130602
   0.000000086749739
   0.000006294639516
   0.000000078839560
   0.000005807911071
   0.000000071540748
   0.000005354232807
   0.000000064832703
   0.000004930904563
   0.000000058680229
   0.000004526156602
   0.000000053036595
   0.000004142684558
   0.000000047875900
   0.000003789548231
   0.000000043125678
   0.000003474075751
   0.000000038850051
   0.000003176953846
   0.000000035003793
   0.000002860913898
   0.000000031515290
   0.000002569507319
   0.000000028377648
   0.000002317207283
   0.000000025497386
   0.000002092139717
   0.000000022849735
   0.000001919180442
   0.000000020422414
   0.000001765704799
   0.000000018209870
   0.000001620721611
   0.000000016201045
   0.000001478821967
   0.000000014380097
   0.000001344129300
   0.000000012735586
   0.000001219055613
   0.000000011254886
   0.000001101707411
   0.000000009925983
   0.000000992158804
   0.000000008734057
   0.000000892124087
   0.000000007670826
   0.000000800552743
   0.000000006743836
   0.000000705571265
   0.000000005922265
   0.000000613653810
   0.000000005184938
   0.000000548709759
   0.000000004540576
   0.000000490276892
   0.000000003950852
   0.000000438568122
   0.000000003428152
   0.000000405704730
   0.000000002969009
   0.000000359856141
   0.000000002564591
   0.000000318126466
   0.000000002212209
   0.000000279941631
   0.000000001906297
   0.000000244228192
   0.000000001639505
   0.000000212541582
   0.000000001406952
   0.000000185685922
   0.000000001204796
   0.000000162166995
   0.000000001029068
   0.000000141452212
   0.000000000876655
   0.000000123283306
   0.000000000745093
   0.000000107137330
   0.000000000631370
   0.000000092906668
   0.000000000533705
   0.000000080413844
   0.000000000449747
   0.000000069376230
   0.000000000378102
   0.000000059722723
   0.000000000316681
   0.000000051276874
   0.000000000264837
   0.000000043882035
   0.000000000220402
   0.000000037441073
   0.000000000183501
   0.000000031814222
   0.000000000152003
   0.000000026866795
   0.000000000126308
   0.000000022470182
   0.000000000104944
   0.000000018402285
   0.000000000086691
   0.000000015585445
   0.000000000071476
   0.000000013295303
   0.000000000058444
   0.000000011373853
   0.000000000047493
   0.000000009817877
   0.000000000038463
   0.000000008256714
   0.000000000031010
   0.000000006851732
   0.000000000024926
   0.000000005664364
   0.000000000019931
   0.000000004664706
   0.000000000015903
   0.000000003824857
   0.000000000012614
   0.000000003120664
   0.000000000010006
   0.000000002531474
   0.000000000007890
   0.000000002038778
   0.000000000006240
   0.000000001631189
   0.000000000004897
   0.000000001303746
   0.000000000003850
   0.000000001045622
   0.000000000002998
   0.000000000838335
   0.000000000002335
   0.000000000670951
   0.000000000001804
   0.000000000533039
   0.000000000001392
   0.000000000421821
   0.000000000001067
   0.000000000330828
   0.000000000000816
   0.000000000260569
   0.000000000000619
   0.000000000205203
   0.000000000000467
   0.000000000160986
   0.000000000000350
   0.000000000125722
   0.000000000000261
   0.000000000097917
   0.000000000000193
   0.000000000075207
   0.000000000000142
   0.000000000057285
   0.000000000000104
   0.000000000043372
   0.000000000000076
   0.000000000032636
   0.000000000000054
   0.000000000024398
   0.000000000000039
   0.000000000018116
   0.000000000000028
   0.000000000013356
   0.000000000000019
   0.000000000009774
   0.000000000000014
   0.000000000007097
   0.000000000000009
   0.000000000005113
   0.000000000000006
   0.000000000003653
   0.000000000000004
   0.000000000002585
   0.000000000000003
   0.000000000001800
   0.000000000000002
   0.000000000001236
   0.000000000000001
   0.000000000000842
   0.000000000000001
   0.000000000000568
   0.000000000000000
   0.000000000000378
   0.000000000000000
   0.000000000000248
   0.000000000000000
   0.000000000000161
   0.000000000000000
   0.000000000000103
   0.000000000000000
   0.000000000000066
   0.000000000000000
   0.000000000000042
   0.000000000000000
   0.000000000000027
   0.000000000000000
   0.000000000000016
   0.000000000000000
   0.000000000000009
   0.000000000000000
   0.000000000000000
   0.000000000000000
   0.000000000000000
   0.000000062097658
   0.000000110503538
   0.000000092704379
   0.000000159843018
   0.000000101347898
   0.000000154063912
   0.000000142257350
   0.000000246410318
   0.000000119014276
   0.000000209228419
   0.000000136714716
   0.000000273610933
   0.000000131268248
   0.000000231656762
   0.000000195112742
   0.000000332036974
   0.000000210863261
   0.000000332987819
   0.000000250078389
   0.000000421474738
   0.000000242213007
   0.000000401138395
   0.000000303291878
   0.000000489673844
   0.000000338119547
   0.000000510862466
   0.000000358583469
   0.000000604164681
   0.000000523063770
   0.000000681334367
   0.000000599106305
   0.000000723480224
   0.000000707515609
   0.000000977194703
   0.000000928587463
   0.000001600605813
   0.000001022465287
   0.000001633008363
   0.000001059018116
   0.000001506896166
   0.000000944890527
   0.000001087829434
   0.000001427398101
   0.000002928438773
   0.000001490567945
   0.000003074006113
   0.000001637159186
   0.000003467637585
   0.000001682771587
   0.000003448141223
   0.000002297899438
   0.000005980343123
   0.000002235238991
   0.000005535763987
   0.000002295751617
   0.000005782370182
   0.000002483694037
   0.000006578305515
   0.000002672012240
   0.000007431659002
   0.000002845408722
   0.000007776453121
   0.000002792367753
   0.000007840097528
   0.000002833162416
   0.000008067140440
   0.000002938145659
   0.000008415113377
   0.000003417491849
   0.000010491976519
   0.000003475616180
   0.000010253719985
   0.000003417965704
   0.000010048365826
   0.000003414265988
   0.000009975294127
   0.000003070129414
   0.000008157561885
   0.000003133288897
   0.000008090577203
   0.000003098598122
   0.000008100073734
   0.000004752769901
   0.000007507872918
   0.000004897429680
   0.000006988969643
   0.000004889505612
   0.000006468347104
   0.000005421493602
   0.000006752345420
   0.000005701629229
   0.000005762152025
   0.000005834754306
   0.000005488981206
   0.000006146177530
   0.000011580573121
   0.000008112569649
   0.000023349110093
   0.000007921578644
   0.000023619393270
   0.000024059885572
   0.000102459436242
   0.000026747954562
   0.000114807972819
   0.000033954162275
   0.000165870529958
   0.000038468246045
   0.000200079446654
   0.000043632840292
   0.000232613516710
   0.000046197954454
   0.000266395109872
   0.000049726378148
   0.000296396130201
   0.000053307024276
   0.000328660340908
   0.000055792244629
   0.000358114296055
   0.000057787599639
   0.000381321430504
   0.000060580244076
   0.000404549024559
   0.000062154898349
   0.000425264470228
   0.000062874393091
   0.000449638272484
   0.000064027204880
   0.000470152573674
   0.000064418443292
   0.000485629510021
   0.000065025830149
   0.000501497155266
   0.000065448061351
   0.000514055293771
   0.000065322247311
   0.000520866085812
   0.000064718498351
   0.000519036753094
   0.000064747151716
   0.000524415293869
   0.000065131547899
   0.000527839879844
   0.000064711736841
   0.000526544311758
   0.000063820808299
   0.000528809538282
   0.000063573425575
   0.000529378167648
   0.000063507830822
   0.000528308978340
   0.000063358773382
   0.000527501431874
   0.000063502091273
   0.000526987615793
   0.000063278701850
   0.000524619153044
   0.000063650541734
   0.000524687850687
   0.000063536820577
   0.000522914485547
   0.000064456729954
   0.000524961972664
   0.000064823215243
   0.000524285089687
   0.000065365563986
   0.000523615106680
   0.000065573506223
   0.000522501052512
   0.000065731116204
   0.000521392803647
   0.000065913338453
   0.000520202704449
   0.000066073647652
   0.000517435609893
   0.000066471934615
   0.000517202627502
   0.000066499598553
   0.000514766869651
   0.000066608308814
   0.000512557105500
   0.000066624093216
   0.000509324877923
   0.000066609650490
   0.000506895339909
   0.000066427779931
   0.000504077541739
   0.000066490973969
   0.000500530778142
   0.000066714161107
   0.000498923924354
   0.000066704077674
   0.000495418869287
   0.000066672071931
   0.000491565275722
   0.000066683109331
   0.000488084323636
   0.000066667867087
   0.000484416425063
   0.000066619102200
   0.000480215013253
   0.000066564272554
   0.000475986492772
   0.000066585861634
   0.000472888089170
   0.000066488153237
   0.000468288729575
   0.000066379680538
   0.000463574314514
   0.000066289626083
   0.000459139051008
   0.000066198969620
   0.000454891455447
   0.000066100336349
   0.000450001764616
   0.000065938212659
   0.000444961825766
   0.000065840068802
   0.000440752225965
   0.000065638408999
   0.000435508279879
   0.000065413813416
   0.000430074502958
   0.000065221571729
   0.000425004195493
   0.000065012724892
   0.000419847357096
   0.000064713500258
   0.000414195344067
   0.000064456149418
   0.000408682572881
   0.000064238854219
   0.000403507043768
   0.000063901916068
   0.000397525959779
   0.000063593994630
   0.000391637296909
   0.000063340633035
   0.000386201025873
   0.000062939464244
   0.000380182649474
   0.000062561944231
   0.000374067354277
   0.000062230354775
   0.000368549587792
   0.000061604903159
   0.000362396951941
   0.000061146746087
   0.000355937508424
   0.000060638325846
   0.000349044399091
   0.000059278633579
   0.000339448359161
   0.000058808709640
   0.000333001746966
   0.000058340197548
   0.000326424043290
   0.000056454649677
   0.000318507733961
   0.000055949227778
   0.000312095940723
   0.000055581891376
   0.000305697299099
   0.000055414566433
   0.000301710852689
   0.000054996553083
   0.000296478734761
   0.000054384847701
   0.000290002634879
   0.000054030244381
   0.000285271444148
   0.000053459328397
   0.000279336983295
   0.000052766651066
   0.000272954771656
   0.000052223092441
   0.000267110908304
   0.000051538352438
   0.000260864318047
   0.000050622830633
   0.000254095131234
   0.000050000126260
   0.000248364795105
   0.000049180351092
   0.000241621711851
   0.000048401326644
   0.000235131096551
   0.000047663912785
   0.000228708440853
   0.000046811936051
   0.000222236307462
   0.000045963803582
   0.000215753621008
   0.000045091506471
   0.000210711090111
   0.000044025707951
   0.000204389197870
   0.000043131432088
   0.000198190402002
   0.000041158949012
   0.000192790519791
   0.000039690517155
   0.000186519175059
   0.000038832786534
   0.000180970804627
   0.000032516568971
   0.000176977638870
   0.000030453896236
   0.000171787975854
   0.000029776064458
   0.000166717573435
   0.000003901110612
   0.000160892376130
   0.000003725838637
   0.000156618514320
   0.000003552976885
   0.000151376335489
   0.000003386823443
   0.000146720200195
   0.000003225456154
   0.000141712121372
   0.000003067715531
   0.000136767231253
   0.000002914195076
   0.000131878431383
   0.000002765787396
   0.000127077001098
   0.000002620803678
   0.000122485099218
   0.000002481580372
   0.000117734007375
   0.000002348307047
   0.000113138190645
   0.000002216298971
   0.000108505679418
   0.000002093236870
   0.000104092362023
   0.000001975346527
   0.000099595281741
   0.000001862953528
   0.000093590793173
   0.000001758602624
   0.000089417819097
   0.000001657768916
   0.000084354108683
   0.000001561152570
   0.000080263448825
   0.000001468397408
   0.000077262476790
   0.000001379364819
   0.000073448232561
   0.000001294152109
   0.000070557742935
   0.000001212985876
   0.000067136264786
   0.000001135438169
   0.000064001784871
   0.000001061597687
   0.000060741004147
   0.000000991623800
   0.000057707111591
   0.000000925197913
   0.000054715169210
   0.000000862385692
   0.000051802296016
   0.000000803052864
   0.000048897188237
   0.000000746676611
   0.000046136448404
   0.000000693399667
   0.000043584152394
   0.000000643109909
   0.000041182924140
   0.000000595384040
   0.000038839532679
   0.000000550793280
   0.000036571957377
   0.000000508838549
   0.000034405508378
   0.000000468938028
   0.000032347277217
   0.000000432977846
   0.000030378349106
   0.000000398256925
   0.000028473081525
   0.000000366087546
   0.000026649092738
   0.000000339344120
   0.000024926920558
   0.000000309764055
   0.000023283536262
   0.000000289156793
   0.000021752001699
   0.000000269778810
   0.000020291530424
   0.000000247064038
   0.000018911676406
   0.000000225871254
   0.000017564090715
   0.000000206162393
   0.000016358265125
   0.000000188012330
   0.000015199281365
   0.000000171402894
   0.000014021024351
   0.000000156059931
   0.000012917732284
   0.000000141701310
   0.000011934278309
   0.000000128548508
   0.000011086680409
   0.000000116419108
   0.000010213494329
   0.000000105491462
   0.000009389690888
   0.000000095492408
   0.000008490359577
   0.000000086421771
   0.000007736132991
   0.000000078253246
   0.000007038658215
   0.000000070664001
   0.000006419911600
   0.000000063621324
   0.000005988342403
   0.000000057173453
   0.000005557866363
   0.000000051284782
   0.000005116407580
   0.000000045894637
   0.000004696245234
   0.000000040982310
   0.000004306788640
   0.000000036535551
   0.000003934983883
   0.000000032506871
   0.000003580998357
   0.000000028860335
   0.000003256352429
   0.000000025576462
   0.000002956429297
   0.000000022624767
   0.000002675451621
   0.000000019980823
   0.000002413613375
   0.000000017617494
   0.000002170578387
   0.000000015499733
   0.000001950532589
   0.000000013612523
   0.000001751321075
   0.000000011921373
   0.000001572080759
   0.000000010410629
   0.000001414125370
   0.000000009078431
   0.000001266526578
   0.000000007888635
   0.000001131211857
   0.000000006858977
   0.000001005418571
   0.000000005958413
   0.000000880895104
   0.000000005163800
   0.000000776347960
   0.000000004466633
   0.000000686985912
   0.000000003856603
   0.000000606128921
   0.000000003320593
   0.000000534750868
   0.000000002852582
   0.000000471833931
   0.000000002445512
   0.000000414401844
   0.000000002090073
   0.000000363630781
   0.000000001782450
   0.000000318696701
   0.000000001515876
   0.000000278098379
   0.000000001285858
   0.000000242431416
   0.000000001087245
   0.000000210843509
   0.000000000917650
   0.000000182721718
   0.000000000770819
   0.000000158090385
   0.000000000647529
   0.000000136359145
   0.000000000540263
   0.000000117195037
   0.000000000452207
   0.000000100455513
   0.000000000378439
   0.000000082872107
   0.000000000315101
   0.000000070709111
   0.000000000262331
   0.000000060646538
   0.000000000216704
   0.000000051917364
   0.000000000178008
   0.000000045479039
   0.000000000145719
   0.000000038853700
   0.000000000118787
   0.000000032734468
   0.000000000096526
   0.000000027475560
   0.000000000078038
   0.000000022986594
   0.000000000062933
   0.000000019161295
   0.000000000050423
   0.000000015909699
   0.000000000040382
   0.000000013155482
   0.000000000032085
   0.000000010809389
   0.000000000025666
   0.000000008775858
   0.000000000020340
   0.000000007061362
   0.000000000016230
   0.000000005737442
   0.000000000012771
   0.000000004648443
   0.000000000010094
   0.000000003813479
   0.000000000007885
   0.000000003069814
   0.000000000006172
   0.000000002493770
   0.000000000004784
   0.000000001994429
   0.000000000003705
   0.000000001604740
   0.000000000002846
   0.000000001275878
   0.000000000002179
   0.000000001016028
   0.000000000001657
   0.000000000801456
   0.000000000001254
   0.000000000631239
   0.000000000000943
   0.000000000493107
   0.000000000000706
   0.000000000383759
   0.000000000000524
   0.000000000296688
   0.000000000000387
   0.000000000228238
   0.000000000000284
   0.000000000174466
   0.000000000000207
   0.000000000132576
   0.000000000000149
   0.000000000100083
   0.000000000000107
   0.000000000075054
   0.000000000000076
   0.000000000055889
   0.000000000000054
   0.000000000041315
   0.000000000000038
   0.000000000030309
   0.000000000000026
   0.000000000022059
   0.000000000000018
   0.000000000015900
   0.000000000000012
   0.000000000011346
   0.000000000000008
   0.000000000008020
   0.000000000000005
   0.000000000005611
   0.000000000000003
   0.000000000003883
   0.000000000000002
   0.000000000002656
   0.000000000000001
   0.000000000001790
   0.000000000000001
   0.000000000001192
   0.000000000000000
   0.000000000000787
   0.000000000000000
   0.000000000000506
   0.000000000000000
   0.000000000000331
   0.000000000000000
   0.000000000000225
   0.000000000000000
   0.000000000000154
   0.000000000000000
   0.000000000000110
   0.000000000000000
   0.000000000000000
   0.000000010171708
   0.000000011724818
   0.000000017187521
   0.000000027878601
   0.000000018449358
   0.000000020179182
   0.000000025771140
   0.000000041721282
   0.000000021447621
   0.000000034007402
   0.000000031806018
   0.000000062013140
   0.000000021332236
   0.000000044261767
   0.000000027336840
   0.000000062321963
   0.000000043980595
   0.000000065837537
   0.000000042215920
   0.000000077198897
   0.000000039909383
   0.000000074358182
   0.000000053624157
   0.000000104579299
   0.000000053112502
   0.000000099045197
   0.000000062973203
   0.000000120969238
   0.000000066598501
   0.000000141126407
   0.000000068407144
   0.000000139588586
   0.000000071316236
   0.000000159043124
   0.000000086632065
   0.000000185023286
   0.000000092272864
   0.000000165369433
   0.000000104181220
   0.000000215164114
   0.000000082946803
   0.000000180411565
   0.000000108087352
   0.000000241877498
   0.000000130075601
   0.000000273307168
   0.000000123053382
   0.000000265925989
   0.000000124590772
   0.000000275384943
   0.000000164316249
   0.000000402315279
   0.000000151796888
   0.000000355546777
   0.000000166135577
   0.000000352250651
   0.000000187607072
   0.000000429332422
   0.000000251395691
   0.000000456921769
   0.000000259905492
   0.000000472546642
   0.000000245996429
   0.000000492465208
   0.000000261522658
   0.000000459035098
   0.000000359608932
   0.000000492745417
   0.000000302063932
   0.000000600518869
   0.000000300581082
   0.000000532285346
   0.000000330483380
   0.000000495979616
   0.000000446666347
   0.000000562341926
   0.000000359201446
   0.000000533297044
   0.000000362067502
   0.000000514088983
   0.000000422663399
   0.000000592200708
   0.000001329158897
   0.000000547453102
   0.000001385290788
   0.000000479085552
   0.000001467846930
   0.000000471428466
   0.000002000285285
   0.000000406257562
   0.000002549524253
   0.000000396199165
   0.000002073581186
   0.000000311676986
   0.000002257838143
   0.000000296634158
   0.000003180769954
   0.000000421637315
   0.000003346063447
   0.000001252307712
   0.000002990293222
   0.000002422283001
   0.000011416600849
   0.000039307390851
   0.000018888735440
   0.000068551646340
   0.000022373131396
   0.000087858574647
   0.000025377986665
   0.000103068162596
   0.000029415008875
   0.000123729939934
   0.000031880261756
   0.000134436010012
   0.000036425130151
   0.000170087046108
   0.000037964360126
   0.000194723959958
   0.000040056147563
   0.000213076548604
   0.000041517228392
   0.000226998715479
   0.000042489503490
   0.000240872412471
   0.000044090775759
   0.000253730871653
   0.000044878963448
   0.000268951539110
   0.000044748616383
   0.000285343640043
   0.000044828234155
   0.000295994404968
   0.000044662870019
   0.000303326138275
   0.000044169267806
   0.000307795374840
   0.000043512940145
   0.000310626390748
   0.000041867896311
   0.000309811540290
   0.000041599725473
   0.000313494942505
   0.000040956444749
   0.000316245059831
   0.000039740148805
   0.000317265330617
   0.000038706869170
   0.000316380084731
   0.000037963656843
   0.000314331735500
   0.000037190415891
   0.000312063605885
   0.000036627636338
   0.000308454561466
   0.000036365069240
   0.000307656101620
   0.000036358733770
   0.000308022247160
   0.000034642243622
   0.000301271592375
   0.000036807474787
   0.000310839787719
   0.000036632993390
   0.000308152933724
   0.000036880343000
   0.000305949315443
   0.000036707814612
   0.000302412657836
   0.000036640250690
   0.000300533494955
   0.000036317872340
   0.000299389544446
   0.000035943949822
   0.000293905694438
   0.000036349405052
   0.000298696844440
   0.000036178116315
   0.000295694737646
   0.000036022654688
   0.000292927220053
   0.000035776059335
   0.000289116698019
   0.000035626268784
   0.000286226986827
   0.000035402734811
   0.000283480523822
   0.000035444754840
   0.000280023200783
   0.000036177139963
   0.000283897348621
   0.000036041718497
   0.000280769317428
   0.000035928185497
   0.000277772839506
   0.000035792421056
   0.000274286596768
   0.000035710825633
   0.000271360690750
   0.000035660935064
   0.000268451597938
   0.000035548230596
   0.000265160283099
   0.000035796991872
   0.000266384881887
   0.000035701289418
   0.000263233140168
   0.000035631974791
   0.000260154168038
   0.000035556615173
   0.000256849293617
   0.000035623975668
   0.000255701118397
   0.000035769912809
   0.000253312464339
   0.000035674501908
   0.000250171048088
   0.000035781228705
   0.000249635605038
   0.000035656877044
   0.000246451576342
   0.000035535978127
   0.000243210460568
   0.000035393627586
   0.000240047847904
   0.000035348147837
   0.000237914354206
   0.000035144843732
   0.000234996567604
   0.000034989030469
   0.000231923203460
   0.000034968824347
   0.000229949778087
   0.000034802153606
   0.000226449440278
   0.000034657148002
   0.000223001055949
   0.000034599825377
   0.000220124471119
   0.000034579957651
   0.000217581946522
   0.000034498493075
   0.000214567862286
   0.000034448256943
   0.000211930457967
   0.000034358275054
   0.000209228835279
   0.000034156605280
   0.000205655754448
   0.000033976038772
   0.000202199159216
   0.000033750317331
   0.000198664956136
   0.000033600357158
   0.000195578437645
   0.000033442305146
   0.000192416679492
   0.000033265661497
   0.000189110781122
   0.000033075601703
   0.000185754570997
   0.000032875314466
   0.000182197873521
   0.000032696782828
   0.000179007606776
   0.000032489350378
   0.000175743820953
   0.000032261372556
   0.000172433723730
   0.000032043189704
   0.000169243011015
   0.000031789503616
   0.000165845803391
   0.000031502457856
   0.000162335287593
   0.000031250823362
   0.000159123587050
   0.000030959301673
   0.000155763360286
   0.000030618073625
   0.000152354029746
   0.000030304867850
   0.000149138894937
   0.000029897485767
   0.000145615701126
   0.000029421378412
   0.000141187752414
   0.000028809709065
   0.000135582071926
   0.000028503275246
   0.000132228785293
   0.000028141599898
   0.000128861729063
   0.000028053874140
   0.000128117629974
   0.000027656541787
   0.000125605565746
   0.000027066748956
   0.000121488703408
   0.000026321823245
   0.000117081199267
   0.000025670441445
   0.000113777516752
   0.000025212016088
   0.000110898388482
   0.000024171994307
   0.000109274964395
   0.000023584995670
   0.000106457519437
   0.000023078817056
   0.000102622602449
   0.000022578957052
   0.000099134790901
   0.000022255819318
   0.000096230494636
   0.000021917989197
   0.000093766000853
   0.000021595274380
   0.000091548191582
   0.000021143152427
   0.000088454940328
   0.000020666187161
   0.000085199022726
   0.000020246437005
   0.000082260665003
   0.000019854152966
   0.000079693289174
   0.000019522715092
   0.000077539495399
   0.000018955049795
   0.000074742933369
   0.000018421073824
   0.000071865152057
   0.000017881365984
   0.000069063579917
   0.000017373635305
   0.000066608799413
   0.000016885970636
   0.000064385376059
   0.000016314322184
   0.000061667879510
   0.000015732426094
   0.000059102146717
   0.000015159579061
   0.000056442898315
   0.000014512255510
   0.000053311519519
   0.000014036134960
   0.000050772977073
   0.000013568914667
   0.000048511576874
   0.000013231648807
   0.000047307406226
   0.000012817541478
   0.000045520299447
   0.000012281207032
   0.000043015597421
   0.000011824583235
   0.000040862077846
   0.000011393612045
   0.000039014931129
   0.000011027626296
   0.000037675915281
   0.000010605790052
   0.000035941935431
   0.000010135887488
   0.000033925838893
   0.000009716619424
   0.000032151816851
   0.000009319099874
   0.000030645801642
   0.000008953230187
   0.000029283255839
   0.000008535636143
   0.000027710595750
   0.000008143767446
   0.000026125057968
   0.000007733499838
   0.000024716260504
   0.000007375505236
   0.000023455843556
   0.000006931532228
   0.000022201912965
   0.000006568893611
   0.000020902608503
   0.000006011341655
   0.000019676541686
   0.000005684278359
   0.000018574267934
   0.000004876703203
   0.000017503567923
   0.000004586416703
   0.000016538960656
   0.000003166109937
   0.000015574731524
   0.000002982521821
   0.000014629571960
   0.000000155922567
   0.000013628632427
   0.000000142837449
   0.000012897718108
   0.000000131001306
   0.000012083581501
   0.000000120392767
   0.000011003972839
   0.000000110403656
   0.000010169976448
   0.000000100649200
   0.000009595559103
   0.000000091860399
   0.000009209732003
   0.000000083885215
   0.000008388399711
   0.000000076498069
   0.000007738960740
   0.000000069462598
   0.000007245234532
   0.000000063122285
   0.000006824779204
   0.000000057374055
   0.000006211618526
   0.000000051995532
   0.000005721117684
   0.000000046964991
   0.000005344999495
   0.000000042420335
   0.000004962506468
   0.000000038269401
   0.000004526192109
   0.000000034421305
   0.000004172944854
   0.000000030901694
   0.000003866850373
   0.000000027722486
   0.000003545638816
   0.000000024817093
   0.000003236852918
   0.000000022160977
   0.000002975237693
   0.000000019763399
   0.000002725947571
   0.000000017595261
   0.000002480834308
   0.000000015625556
   0.000002261950721
   0.000000013851538
   0.000002062280234
   0.000000012255619
   0.000001870181528
   0.000000010817362
   0.000001694564851
   0.000000009525644
   0.000001535847160
   0.000000008366341
   0.000001387061804
   0.000000007338151
   0.000001250157335
   0.000000006405309
   0.000001126277626
   0.000000005615799
   0.000001007148464
   0.000000004917527
   0.000000877347033
   0.000000004291284
   0.000000787708611
   0.000000003739437
   0.000000708348055
   0.000000003253255
   0.000000630481036
   0.000000002820764
   0.000000562729124
   0.000000002441619
   0.000000502448911
   0.000000002109316
   0.000000444867697
   0.000000001816221
   0.000000394686729
   0.000000001561132
   0.000000349700476
   0.000000001338351
   0.000000307942024
   0.000000001144176
   0.000000271425616
   0.000000000975742
   0.000000238581403
   0.000000000830184
   0.000000208857388
   0.000000000703814
   0.000000182742936
   0.000000000595851
   0.000000159357823
   0.000000000502346
   0.000000138567419
   0.000000000423019
   0.000000120262467
   0.000000000355386
   0.000000103614819
   0.000000000297431
   0.000000089400910
   0.000000000248459
   0.000000076830782
   0.000000000206592
   0.000000065863174
   0.000000000171191
   0.000000056511658
   0.000000000141357
   0.000000048211914
   0.000000000116259
   0.000000041062078
   0.000000000095296
   0.000000034837361
   0.000000000077733
   0.000000029466220
   0.000000000063218
   0.000000024836547
   0.000000000051074
   0.000000020858804
   0.000000000041210
   0.000000017457570
   0.000000000032928
   0.000000014546313
   0.000000000026565
   0.000000011958358
   0.000000000021195
   0.000000009675941
   0.000000000017109
   0.000000007944420
   0.000000000013560
   0.000000006464066
   0.000000000010841
   0.000000005401196
   0.000000000008534
   0.000000004370967
   0.000000000006753
   0.000000003613953
   0.000000000005278
   0.000000002910414
   0.000000000004131
   0.000000002378676
   0.000000000003203
   0.000000001905818
   0.000000000002479
   0.000000001539182
   0.000000000001904
   0.000000001225580
   0.000000000001457
   0.000000000978167
   0.000000000001108
   0.000000000772873
   0.000000000000838
   0.000000000609691
   0.000000000000630
   0.000000000477286
   0.000000000000470
   0.000000000372130
   0.000000000000349
   0.000000000288224
   0.000000000000257
   0.000000000222021
   0.000000000000188
   0.000000000169914
   0.000000000000137
   0.000000000129219
   0.000000000000098
   0.000000000097596
   0.000000000000070
   0.000000000073196
   0.000000000000050
   0.000000000054490
   0.000000000000035
   0.000000000040251
   0.000000000000024
   0.000000000029489
   0.000000000000017
   0.000000000021413
   0.000000000000011
   0.000000000015402
   0.000000000000008
   0.000000000010969
   0.000000000000005
   0.000000000007731
   0.000000000000003
   0.000000000005389
   0.000000000000002
   0.000000000003713
   0.000000000000001
   0.000000000002528
   0.000000000000001
   0.000000000001700
   0.000000000000001
   0.000000000001082
   0.000000000000000
   0.000000000000689
   0.000000000000000
   0.000000000000466
   0.000000000000000
   0.000000000000322
   0.000000000000000
   0.000000000000389
