   0.000000002897247
   0.000000006416856
   0.000000003136430
   0.000000005367193
   0.000000002465155
   0.000000004045708
   0.000000003549983
   0.000000003761827
   0.000000003633746
   0.000000004546419
   0.000000005118197
   0.000000004802553
   0.000000003990790
   0.000000003848380
   0.000000003934267
   0.000000004384153
   0.000000005741370
   0.000000006057429
   0.000000005308322
   0.000000005464231
   0.000000004935524
   0.000000003892457
   0.000000007915342
   0.000000009936743
   0.000000010116820
   0.000000009002362
   0.000000016582511
   0.000000016329288
   0.000000016464309
   0.000000018191941
   0.000000019490499
   0.000000020042601
   0.000000020209332
   0.000000020795818
   0.000000021365743
   0.000000023799938
   0.000000023559637
   0.000000023044374
   0.000000022759755
   0.000000020447265
   0.000000020362641
   0.000000020104177
   0.000000019068646
   0.000000017939488
   0.000000016769629
   0.000000018057378
   0.000000016018394
   0.000000015607031
   0.000000011639184
   0.000000021011582
   0.000000021677573
   0.000000022475361
   0.000000021129542
   0.000000022314972
   0.000000023500810
   0.000000025414079
   0.000000025342891
   0.000000025580578
   0.000000025320414
   0.000000025622422
   0.000000025914192
   0.000000026068368
   0.000000026362200
   0.000000026766719
   0.000000026964271
   0.000000026812698
   0.000000026490610
   0.000000026135403
   0.000000025909078
   0.000000025692496
   0.000000025687712
   0.000000025426499
   0.000000025197468
   0.000000025102530
   0.000000025072443
   0.000000024892434
   0.000000024704360
   0.000000024672639
   0.000000024885805
   0.000000024766445
   0.000000024589948
   0.000000024542380
   0.000000024550875
   0.000000024413842
   0.000000024179789
   0.000000024204769
   0.000000024218825
   0.000000024089451
   0.000000023902898
   0.000000023773710
   0.000000023631578
   0.000000023427395
   0.000000023282803
   0.000000023134016
   0.000000022977698
   0.000000022819111
   0.000000022653503
   0.000000022476120
   0.000000022293800
   0.000000022095821
   0.000000021886943
   0.000000021669966
   0.000000021443101
   0.000000021208666
   0.000000020967147
   0.000000020717577
   0.000000020457756
   0.000000020190085
   0.000000019917574
   0.000000019632770
   0.000000019335819
   0.000000019035778
   0.000000018728240
   0.000000018400533
   0.000000018071101
   0.000000017743419
   0.000000017379727
   0.000000017011230
   0.000000016665975
   0.000000016255825
   0.000000015842025
   0.000000015492163
   0.000000015014274
   0.000000014549068
   0.000000014199955
   0.000000013615466
   0.000000013129980
   0.000000012819518
   0.000000012206542
   0.000000011737090
   0.000000011451217
   0.000000011137876
   0.000000010744816
   0.000000010445551
   0.000000010094448
   0.000000009703122
   0.000000009332284
   0.000000008981386
   0.000000008439990
   0.000000008098447
   0.000000007766344
   0.000000007373095
   0.000000007052974
   0.000000006818521
   0.000000006506308
   0.000000006183026
   0.000000005849032
   0.000000005511551
   0.000000005208528
   0.000000004881759
   0.000000004577760
   0.000000004311600
   0.000000004023142
   0.000000003765265
   0.000000003556988
   0.000000003363130
   0.000000003179698
   0.000000003011898
   0.000000002841902
   0.000000002677823
   0.000000002519417
   0.000000002367243
   0.000000002221240
   0.000000002080912
   0.000000001947019
   0.000000001818592
   0.000000001696330
   0.000000001580177
   0.000000001469756
   0.000000001364154
   0.000000001258719
   0.000000001166414
   0.000000001079433
   0.000000000997674
   0.000000000925590
   0.000000000851895
   0.000000000782484
   0.000000000717154
   0.000000000655965
   0.000000000598550
   0.000000000543501
   0.000000000485822
   0.000000000441034
   0.000000000399411
   0.000000000360798
   0.000000000329604
   0.000000000295910
   0.000000000264200
   0.000000000235095
   0.000000000208546
   0.000000000184513
   0.000000000162758
   0.000000000143376
   0.000000000126094
   0.000000000110750
   0.000000000097596
   0.000000000085672
   0.000000000075674
   0.000000000066968
   0.000000000059159
   0.000000000052186
   0.000000000045939
   0.000000000040370
   0.000000000035421
   0.000000000031031
   0.000000000027137
   0.000000000023692
   0.000000000020651
   0.000000000017882
   0.000000000015557
   0.000000000013525
   0.000000000011742
   0.000000000010221
   0.000000000008817
   0.000000000007587
   0.000000000006512
   0.000000000005576
   0.000000000004763
   0.000000000004059
   0.000000000003451
   0.000000000002927
   0.000000000002478
   0.000000000002083
   0.000000000001742
   0.000000000001470
   0.000000000001239
   0.000000000001041
   0.000000000000883
   0.000000000000736
   0.000000000000611
   0.000000000000507
   0.000000000000420
   0.000000000000347
   0.000000000000286
   0.000000000000235
   0.000000000000193
   0.000000000000158
   0.000000000000129
   0.000000000000105
   0.000000000000085
   0.000000000000068
   0.000000000000055
   0.000000000000044
   0.000000000000036
   0.000000000000028
   0.000000000000023
   0.000000000000018
   0.000000000000014
   0.000000000000011
   0.000000000000009
   0.000000000000007
   0.000000000000005
   0.000000000000004
   0.000000000000003
   0.000000000000003
   0.000000000000002
   0.000000000000001
   0.000000000000001
   0.000000000000001
   0.000000000000001
   0.000000000000000
   0.000000000000000
   0.000000000000000
   0.000000000000000
   0.000000000000000
   0.000000000000000
   0.000000000000000
   0.000000000000000
   0.000000000000000
   0.000000000000000
   0.000000000000000
   0.000000000000000
   0.000000000000000
   0.000000000000000
   0.000000000000000
   0.000000000000000
   0.000000000000000
   0.000000000000000
   0.000000000000000
   0.000000000000000
   0.000000000000000
   0.000000000000000
   0.000000000000000
   0.000000000000000
   0.000000000000000
   0.000000000000000
   0.000000000000000
   0.000000000000000
   0.000000000000000
   0.000000000000000
   0.000000000000000
   0.000000000000000
   0.000000000000000
   0.000000000000000
   0.000000000000000
   0.000000000000000
   0.000000000000000
   0.000000000000000
   0.000000000000000
   0.000000000000000
   0.000000000817172
   0.000000001909019
   0.000000003882882
   0.000000003634240
   0.000000003910408
   0.000000002605485
   0.000000003636496
   0.000000003934049
   0.000000003439589
   0.000000003769146
   0.000000005107425
   0.000000003767085
   0.000000003937254
   0.000000004181021
   0.000000004284888
   0.000000004359189
   0.000000005306068
   0.000000005508417
   0.000000004677058
   0.000000005656810
   0.000000008123899
   0.000000003433551
   0.000000009169591
   0.000000010094781
   0.000000008816894
   0.000000009354463
   0.000000015490525
   0.000000011790082
   0.000000011875889
   0.000000014168758
   0.000000016948549
   0.000000015730470
   0.000000014945908
   0.000000014746679
   0.000000015593771
   0.000000018894226
   0.000000017588353
   0.000000015637573
   0.000000016053372
   0.000000015278926
   0.000000017330713
   0.000000017920465
   0.000000014956731
   0.000000014071441
   0.000000013900627
   0.000000015625615
   0.000000007815710
   0.000000007293788
   0.000000006311769
   0.000000018487854
   0.000000020031181
   0.000000020221782
   0.000000021316261
   0.000000024175527
   0.000000027474685
   0.000000030929787
   0.000000033359834
   0.000000035477464
   0.000000037919758
   0.000000040562851
   0.000000042654366
   0.000000044089613
   0.000000045542359
   0.000000047921956
   0.000000049114750
   0.000000049521389
   0.000000049346480
   0.000000048744424
   0.000000048053105
   0.000000046443689
   0.000000046326893
   0.000000045613579
   0.000000044849252
   0.000000043957977
   0.000000043176619
   0.000000042314003
   0.000000041653040
   0.000000040926782
   0.000000040567771
   0.000000039994030
   0.000000039610081
   0.000000039214676
   0.000000039008290
   0.000000038778120
   0.000000038705732
   0.000000038833272
   0.000000038895199
   0.000000038497576
   0.000000038484765
   0.000000038230667
   0.000000038059532
   0.000000037709475
   0.000000037424486
   0.000000037151706
   0.000000036885355
   0.000000036628704
   0.000000036357819
   0.000000036079215
   0.000000035845300
   0.000000035556737
   0.000000035188715
   0.000000034897868
   0.000000034639235
   0.000000034276575
   0.000000033904798
   0.000000033528381
   0.000000033180249
   0.000000032789411
   0.000000032379522
   0.000000031956027
   0.000000031512542
   0.000000031054828
   0.000000030588601
   0.000000030106090
   0.000000029604562
   0.000000029102154
   0.000000028586872
   0.000000028044934
   0.000000027510998
   0.000000026974904
   0.000000026388990
   0.000000025855089
   0.000000025302720
   0.000000024655101
   0.000000024075733
   0.000000023399411
   0.000000022507152
   0.000000021954357
   0.000000021391417
   0.000000020736640
   0.000000020195171
   0.000000019680678
   0.000000019363031
   0.000000018854991
   0.000000018276423
   0.000000017697079
   0.000000017108954
   0.000000016518872
   0.000000015877355
   0.000000015290662
   0.000000014708624
   0.000000014115030
   0.000000013528537
   0.000000012967328
   0.000000012363997
   0.000000011784639
   0.000000011214932
   0.000000010656511
   0.000000010091947
   0.000000009529535
   0.000000008948331
   0.000000008421389
   0.000000007905127
   0.000000007356483
   0.000000006931705
   0.000000006571158
   0.000000006198433
   0.000000005923320
   0.000000005618827
   0.000000005324457
   0.000000005037133
   0.000000004760010
   0.000000004492466
   0.000000004234056
   0.000000003987721
   0.000000003743856
   0.000000003513036
   0.000000003290945
   0.000000003080131
   0.000000002872222
   0.000000002633554
   0.000000002459157
   0.000000002292793
   0.000000002130346
   0.000000002015074
   0.000000001869700
   0.000000001737940
   0.000000001609787
   0.000000001485161
   0.000000001367426
   0.000000001255632
   0.000000001148388
   0.000000001050069
   0.000000000957576
   0.000000000870660
   0.000000000790303
   0.000000000713606
   0.000000000641677
   0.000000000574541
   0.000000000511868
   0.000000000453792
   0.000000000400187
   0.000000000351276
   0.000000000306680
   0.000000000266478
   0.000000000231966
   0.000000000200363
   0.000000000174171
   0.000000000153389
   0.000000000133489
   0.000000000118369
   0.000000000104768
   0.000000000092154
   0.000000000081298
   0.000000000071723
   0.000000000063431
   0.000000000055724
   0.000000000048858
   0.000000000042039
   0.000000000036794
   0.000000000032222
   0.000000000028204
   0.000000000025004
   0.000000000021706
   0.000000000018804
   0.000000000016251
   0.000000000014010
   0.000000000012051
   0.000000000010343
   0.000000000008857
   0.000000000007567
   0.000000000006451
   0.000000000005485
   0.000000000004652
   0.000000000003941
   0.000000000003331
   0.000000000002809
   0.000000000002365
   0.000000000001984
   0.000000000001660
   0.000000000001384
   0.000000000001148
   0.000000000000956
   0.000000000000796
   0.000000000000663
   0.000000000000548
   0.000000000000452
   0.000000000000372
   0.000000000000305
   0.000000000000249
   0.000000000000203
   0.000000000000165
   0.000000000000134
   0.000000000000108
   0.000000000000087
   0.000000000000070
   0.000000000000056
   0.000000000000045
   0.000000000000035
   0.000000000000028
   0.000000000000022
   0.000000000000018
   0.000000000000014
   0.000000000000011
   0.000000000000009
   0.000000000000007
   0.000000000000005
   0.000000000000004
   0.000000000000003
   0.000000000000002
   0.000000000000002
   0.000000000000001
   0.000000000000001
   0.000000000000001
   0.000000000000001
   0.000000000000000
   0.000000000000000
   0.000000000000000
   0.000000000000000
   0.000000000000000
   0.000000000000000
   0.000000000000000
   0.000000000000000
   0.000000000000000
   0.000000000000000
   0.000000000000000
   0.000000000000000
   0.000000000000000
   0.000000000000000
   0.000000000000000
   0.000000000000000
   0.000000000000000
   0.000000000000000
   0.000000000000000
   0.000000000000000
   0.000000000000000
   0.000000000000000
   0.000000000000000
   0.000000000000000
   0.000000000000000
   0.000000000000000
   0.000000000000000
   0.000000000000000
   0.000000000000000
   0.000000000000000
   0.000000000000000
   0.000000000000000
   0.000000000000000
   0.000000000000000
   0.000000000000000
   0.000000000000000
   0.000000000014560
   0.000000000440345
   0.000000000311420
   0.000000000472195
   0.000000000319454
   0.000000000731356
   0.000000000570497
   0.000000000619114
   0.000000000651263
   0.000000000902769
   0.000000000605821
   0.000000000848378
   0.000000000891081
   0.000000000884384
   0.000000000920709
   0.000000001047735
   0.000000001182531
   0.000000001158474
   0.000000000902639
   0.000000001846171
   0.000000001182380
   0.000000001428630
   0.000000002200502
   0.000000001838855
   0.000000001636617
   0.000000002943776
   0.000000002009146
   0.000000001904566
   0.000000002909265
   0.000000002517729
   0.000000002541784
   0.000000003159191
   0.000000002281913
   0.000000002473621
   0.000000003681384
   0.000000002827266
   0.000000002395095
   0.000000003553176
   0.000000002946278
   0.000000002893031
   0.000000003587193
   0.000000003419924
   0.000000002607831
   0.000000002792584
   0.000000002067424
   0.000000003356765
   0.000000001816448
   0.000000001608818
   0.000000003080847
   0.000000003411820
   0.000000004585577
   0.000000006816391
   0.000000006857302
   0.000000007336336
   0.000000007789274
   0.000000008298100
   0.000000009105059
   0.000000011598304
   0.000000015749915
   0.000000018042008
   0.000000019766935
   0.000000021697258
   0.000000023445448
   0.000000024807750
   0.000000025843812
   0.000000026477104
   0.000000026618236
   0.000000026624966
   0.000000026864191
   0.000000027143448
   0.000000026969340
   0.000000026676216
   0.000000025971944
   0.000000025325190
   0.000000024652193
   0.000000023836422
   0.000000022779565
   0.000000022087488
   0.000000021292654
   0.000000020726687
   0.000000020171112
   0.000000019539746
   0.000000019022081
   0.000000018524237
   0.000000018476676
   0.000000018262348
   0.000000017099394
   0.000000018106787
   0.000000017931761
   0.000000017847065
   0.000000017661091
   0.000000017490740
   0.000000017309758
   0.000000017131953
   0.000000016947512
   0.000000016738506
   0.000000016522251
   0.000000016368586
   0.000000016221051
   0.000000015933614
   0.000000015936386
   0.000000016085087
   0.000000015903243
   0.000000015725545
   0.000000015557235
   0.000000015536074
   0.000000015408270
   0.000000015243283
   0.000000015078387
   0.000000014893402
   0.000000014703267
   0.000000014510080
   0.000000014304164
   0.000000014075862
   0.000000013851585
   0.000000013626433
   0.000000013400487
   0.000000013171687
   0.000000012935434
   0.000000012692607
   0.000000012447468
   0.000000012196578
   0.000000011936945
   0.000000011672142
   0.000000011434112
   0.000000011198532
   0.000000010993294
   0.000000010803472
   0.000000010599131
   0.000000010365645
   0.000000010122026
   0.000000009910381
   0.000000009665361
   0.000000009411770
   0.000000009157226
   0.000000008898415
   0.000000008639143
   0.000000008375767
   0.000000008113127
   0.000000007846844
   0.000000007578650
   0.000000007308784
   0.000000006988595
   0.000000006608152
   0.000000006351061
   0.000000006091259
   0.000000005940005
   0.000000005715740
   0.000000005449816
   0.000000005179805
   0.000000004924132
   0.000000004669759
   0.000000004407236
   0.000000004169085
   0.000000003945972
   0.000000003735367
   0.000000003547037
   0.000000003379797
   0.000000003221121
   0.000000003063976
   0.000000002912484
   0.000000002764739
   0.000000002622746
   0.000000002490344
   0.000000002347608
   0.000000002215835
   0.000000002086780
   0.000000001963730
   0.000000001844509
   0.000000001724238
   0.000000001616886
   0.000000001513055
   0.000000001391677
   0.000000001292033
   0.000000001208633
   0.000000001150376
   0.000000001083974
   0.000000001008726
   0.000000000937162
   0.000000000868773
   0.000000000803711
   0.000000000742310
   0.000000000683898
   0.000000000628431
   0.000000000575639
   0.000000000525651
   0.000000000478453
   0.000000000433775
   0.000000000391091
   0.000000000350680
   0.000000000312409
   0.000000000277029
   0.000000000242760
   0.000000000211643
   0.000000000182924
   0.000000000156927
   0.000000000131569
   0.000000000112117
   0.000000000090463
   0.000000000080317
   0.000000000071542
   0.000000000062081
   0.000000000055022
   0.000000000049022
   0.000000000044679
   0.000000000039561
   0.000000000034985
   0.000000000030686
   0.000000000027009
   0.000000000023755
   0.000000000020861
   0.000000000018312
   0.000000000016004
   0.000000000013967
   0.000000000012154
   0.000000000010548
   0.000000000009142
   0.000000000007906
   0.000000000006818
   0.000000000005868
   0.000000000005041
   0.000000000004319
   0.000000000003692
   0.000000000003149
   0.000000000002679
   0.000000000002274
   0.000000000001926
   0.000000000001626
   0.000000000001370
   0.000000000001146
   0.000000000000938
   0.000000000000788
   0.000000000000668
   0.000000000000571
   0.000000000000475
   0.000000000000395
   0.000000000000328
   0.000000000000271
   0.000000000000224
   0.000000000000184
   0.000000000000151
   0.000000000000124
   0.000000000000101
   0.000000000000082
   0.000000000000067
   0.000000000000054
   0.000000000000043
   0.000000000000035
   0.000000000000028
   0.000000000000022
   0.000000000000018
   0.000000000000014
   0.000000000000011
   0.000000000000009
   0.000000000000007
   0.000000000000005
   0.000000000000004
   0.000000000000003
   0.000000000000002
   0.000000000000002
   0.000000000000001
   0.000000000000001
   0.000000000000001
   0.000000000000001
   0.000000000000000
   0.000000000000000
   0.000000000000000
   0.000000000000000
   0.000000000000000
   0.000000000000000
   0.000000000000000
   0.000000000000000
   0.000000000000000
   0.000000000000000
   0.000000000000000
   0.000000000000000
   0.000000000000000
   0.000000000000000
   0.000000000000000
   0.000000000000000
   0.000000000000000
   0.000000000000000
   0.000000000000000
   0.000000000000000
   0.000000000000000
   0.000000000000000
   0.000000000000000
   0.000000000000000
   0.000000000000000
   0.000000000000000
   0.000000000000000
   0.000000000000000
   0.000000000000000
   0.000000000000000
   0.000000000000000
   0.000000000000000
   0.000000000000000
   0.000000000000000
   0.000000000000000
