   0.000000001952066
   0.000000004215487
   0.000000003679990
   0.000000005030212
   0.000000003362678
   0.000000004723856
   0.000000005025833
   0.000000005765637
   0.000000006446198
   0.000000008800439
   0.000000010000413
   0.000000010109174
   0.000000010900160
   0.000000015236992
   0.000000016757945
   0.000000032001170
   0.000000036927650
   0.000000066709558
   0.000000131937611
   0.000000131793310
   0.000000103947575
   0.000000104562309
   0.000000254904343
   0.000000264137095
   0.000000327206161
   0.000000292534197
   0.000000522806881
   0.000000501548564
   0.000000515165197
   0.000000575799108
   0.000000621200459
   0.000000656718858
   0.000000677620883
   0.000000696642010
   0.000000714106268
   0.000000909910235
   0.000000906361817
   0.000000899437067
   0.000000890797940
   0.000000692077676
   0.000000684317350
   0.000000664934680
   0.000000643324156
   0.000000597172844
   0.000000547768898
   0.000000579404894
   0.000000558159932
   0.000000535300423
   0.000000388418417
   0.000000643207856
   0.000000572281062
   0.000000758883928
   0.000000696143968
   0.000000852756443
   0.000000852113487
   0.000001012524961
   0.000001018211197
   0.000001134364960
   0.000001164328746
   0.000001255323282
   0.000001305440683
   0.000001384141364
   0.000001452869738
   0.000001527517859
   0.000001597703034
   0.000001654318463
   0.000001718920657
   0.000001780684342
   0.000001836009671
   0.000001882644710
   0.000001937469788
   0.000001978775263
   0.000002014924360
   0.000002053964683
   0.000002089452866
   0.000002119394459
   0.000002152711017
   0.000002184413996
   0.000002217235481
   0.000002245438614
   0.000002271877034
   0.000002298510848
   0.000002326169974
   0.000002351814430
   0.000002374110422
   0.000002398890056
   0.000002421880392
   0.000002442684267
   0.000002461829734
   0.000002482398322
   0.000002504111381
   0.000002521544498
   0.000002539625694
   0.000002556559915
   0.000002572822783
   0.000002588111337
   0.000002603092107
   0.000002616129133
   0.000002629319291
   0.000002640983284
   0.000002651133719
   0.000002660916848
   0.000002669414449
   0.000002676474861
   0.000002682698391
   0.000002688462666
   0.000002692455961
   0.000002695136626
   0.000002697099124
   0.000002697895452
   0.000002697170786
   0.000002695256605
   0.000002693097135
   0.000002688703243
   0.000002683165637
   0.000002677146474
   0.000002669142606
   0.000002659609863
   0.000002649987030
   0.000002638185367
   0.000002623537415
   0.000002610624855
   0.000002594288807
   0.000002570693559
   0.000002554965623
   0.000002532561811
   0.000002477186543
   0.000002457956123
   0.000002433028102
   0.000002280053990
   0.000002258158069
   0.000002244453565
   0.000002215406621
   0.000002211740664
   0.000002184420056
   0.000002172769066
   0.000002146012528
   0.000002126964976
   0.000002062584803
   0.000002037510626
   0.000001985314637
   0.000001956074493
   0.000001910151797
   0.000001905239262
   0.000001872273697
   0.000001851900429
   0.000001817977839
   0.000001787473561
   0.000001749926742
   0.000001716985239
   0.000001674332393
   0.000001635351215
   0.000001598082852
   0.000001536094516
   0.000001494195331
   0.000001458009405
   0.000001422522083
   0.000001389458964
   0.000001353247228
   0.000001318333622
   0.000001282038810
   0.000001245988979
   0.000001209339268
   0.000001172230741
   0.000001134996473
   0.000001097446400
   0.000001060192539
   0.000001022744039
   0.000000985458005
   0.000000947543883
   0.000000904588128
   0.000000864938184
   0.000000823088299
   0.000000784454580
   0.000000750517835
   0.000000716329305
   0.000000684620157
   0.000000652959449
   0.000000623225356
   0.000000593868267
   0.000000563872455
   0.000000525571625
   0.000000492927003
   0.000000464008493
   0.000000437563074
   0.000000419591547
   0.000000400790145
   0.000000380849934
   0.000000360520834
   0.000000340183133
   0.000000320128814
   0.000000300619724
   0.000000281800453
   0.000000263676169
   0.000000246265002
   0.000000229648726
   0.000000213836809
   0.000000198864356
   0.000000184776723
   0.000000171418379
   0.000000158804350
   0.000000146983944
   0.000000135891254
   0.000000125198614
   0.000000114994839
   0.000000105556076
   0.000000097113655
   0.000000089107997
   0.000000080455971
   0.000000072430970
   0.000000065475241
   0.000000059263063
   0.000000054540197
   0.000000050352720
   0.000000046372348
   0.000000042445064
   0.000000038692115
   0.000000035191902
   0.000000031890908
   0.000000028795095
   0.000000025955613
   0.000000023349423
   0.000000020610533
   0.000000017945669
   0.000000016081919
   0.000000014400868
   0.000000012912844
   0.000000011989177
   0.000000010656107
   0.000000009438733
   0.000000008320750
   0.000000007270280
   0.000000006336545
   0.000000005544325
   0.000000004849704
   0.000000004237030
   0.000000003698377
   0.000000003219070
   0.000000002795576
   0.000000002423217
   0.000000002093519
   0.000000001804634
   0.000000001551532
   0.000000001329432
   0.000000001135766
   0.000000000966177
   0.000000000816810
   0.000000000683634
   0.000000000560069
   0.000000000474874
   0.000000000405609
   0.000000000347486
   0.000000000300437
   0.000000000252952
   0.000000000210117
   0.000000000173862
   0.000000000143306
   0.000000000117608
   0.000000000096037
   0.000000000077963
   0.000000000062831
   0.000000000050298
   0.000000000040226
   0.000000000032282
   0.000000000025900
   0.000000000020743
   0.000000000016490
   0.000000000013057
   0.000000000010246
   0.000000000008075
   0.000000000006364
   0.000000000004996
   0.000000000003904
   0.000000000003043
   0.000000000002338
   0.000000000001782
   0.000000000001350
   0.000000000001016
   0.000000000000760
   0.000000000000565
   0.000000000000417
   0.000000000000305
   0.000000000000222
   0.000000000000160
   0.000000000000114
   0.000000000000081
   0.000000000000056
   0.000000000000039
   0.000000000000026
   0.000000000000018
   0.000000000000012
   0.000000000000008
   0.000000000000005
   0.000000000000003
   0.000000000000002
   0.000000000000001
   0.000000000000001
   0.000000000000001
   0.000000000000000
   0.000000000000000
   0.000000001074382
   0.000000003501645
   0.000000004844938
   0.000000003744904
   0.000000005313456
   0.000000002806850
   0.000000006127386
   0.000000004633799
   0.000000006464765
   0.000000006985399
   0.000000008909732
   0.000000009642024
   0.000000010366519
   0.000000012510144
   0.000000011918904
   0.000000018782702
   0.000000022765543
   0.000000030103632
   0.000000048485807
   0.000000053497952
   0.000000050806693
   0.000000036086800
   0.000000092174632
   0.000000095423450
   0.000000111337264
   0.000000105436217
   0.000000179980020
   0.000000162691769
   0.000000167143078
   0.000000189509963
   0.000000212225513
   0.000000225443009
   0.000000225898745
   0.000000230093368
   0.000000239212099
   0.000000303862035
   0.000000298742744
   0.000000291230796
   0.000000288936499
   0.000000234479429
   0.000000239902919
   0.000000236393519
   0.000000265979604
   0.000000259179969
   0.000000245374884
   0.000000267153426
   0.000000248361901
   0.000000244581468
   0.000000217788935
   0.000000347895668
   0.000000348014358
   0.000000431560752
   0.000000423216907
   0.000000677741676
   0.000000861204592
   0.000001063902460
   0.000001224199737
   0.000001409145238
   0.000001620058603
   0.000001821878366
   0.000002000496823
   0.000002223048235
   0.000002408897255
   0.000002608878216
   0.000002819646993
   0.000002984044873
   0.000003168904439
   0.000003329887183
   0.000003453662303
   0.000003507861777
   0.000003639988969
   0.000003750072934
   0.000003809166347
   0.000003871620687
   0.000003943063567
   0.000003990894993
   0.000004052612196
   0.000004105093930
   0.000004155926997
   0.000004204083239
   0.000004256831704
   0.000004298448866
   0.000004340549618
   0.000004381770829
   0.000004430625629
   0.000004479956276
   0.000004527963595
   0.000004565913609
   0.000004627902238
   0.000004665420319
   0.000004705254415
   0.000004736516703
   0.000004769826010
   0.000004797396678
   0.000004820823619
   0.000004860659190
   0.000004887920852
   0.000004911142145
   0.000004939373449
   0.000004964985671
   0.000004984365607
   0.000005002994403
   0.000005035230365
   0.000005050397086
   0.000005064171913
   0.000005082349566
   0.000005101527835
   0.000005113742895
   0.000005122615985
   0.000005141030005
   0.000005146312312
   0.000005148483748
   0.000005155019525
   0.000005159411626
   0.000005156123857
   0.000005154372077
   0.000005155452225
   0.000005146406505
   0.000005136897384
   0.000005129375003
   0.000005114697346
   0.000005098580182
   0.000005084207001
   0.000005059465538
   0.000005036028778
   0.000004998881230
   0.000004906901151
   0.000004878051849
   0.000004843024315
   0.000004746561805
   0.000004712502694
   0.000004681008093
   0.000004683735690
   0.000004666286851
   0.000004624645684
   0.000004608926288
   0.000004574054116
   0.000004528647211
   0.000004484983657
   0.000004438561315
   0.000004376062454
   0.000004325030074
   0.000004262142060
   0.000004204056881
   0.000004133921872
   0.000004070150986
   0.000004003608612
   0.000003941367752
   0.000003869131870
   0.000003799289320
   0.000003691606303
   0.000003602449230
   0.000003534290876
   0.000003309824505
   0.000003209766434
   0.000003148557740
   0.000003070518249
   0.000003025613731
   0.000002957646395
   0.000002899440428
   0.000002831689700
   0.000002763178918
   0.000002693817457
   0.000002623722819
   0.000002556156207
   0.000002481682693
   0.000002408783518
   0.000002333100932
   0.000002259765272
   0.000002182220586
   0.000002067584708
   0.000001992643468
   0.000001894883408
   0.000001818531405
   0.000001767391546
   0.000001694472204
   0.000001641913309
   0.000001575216782
   0.000001514347662
   0.000001448993359
   0.000001387591847
   0.000001325455165
   0.000001264305730
   0.000001202256865
   0.000001142751418
   0.000001087379683
   0.000001034840399
   0.000000982780583
   0.000000931907298
   0.000000882371770
   0.000000835029900
   0.000000788482013
   0.000000743630270
   0.000000698703075
   0.000000656946648
   0.000000613723858
   0.000000575641901
   0.000000530853620
   0.000000497269234
   0.000000464204261
   0.000000434594549
   0.000000405880397
   0.000000376235508
   0.000000348221322
   0.000000323176781
   0.000000301625101
   0.000000279141046
   0.000000257706360
   0.000000233777921
   0.000000213735265
   0.000000195133222
   0.000000178605710
   0.000000167366063
   0.000000155998813
   0.000000144176545
   0.000000132831616
   0.000000122258013
   0.000000112089107
   0.000000102344079
   0.000000093365091
   0.000000085027969
   0.000000077176966
   0.000000069820111
   0.000000062956574
   0.000000056723861
   0.000000051064703
   0.000000045956748
   0.000000041452428
   0.000000037218882
   0.000000033323338
   0.000000029683334
   0.000000026055351
   0.000000023007413
   0.000000020399307
   0.000000018032994
   0.000000015940541
   0.000000014091167
   0.000000012398802
   0.000000010899195
   0.000000009568963
   0.000000008363871
   0.000000007302900
   0.000000006361648
   0.000000005521252
   0.000000004784294
   0.000000004132497
   0.000000003556778
   0.000000003052539
   0.000000002519498
   0.000000002152334
   0.000000001848402
   0.000000001584405
   0.000000001390360
   0.000000001189397
   0.000000001003181
   0.000000000842894
   0.000000000705895
   0.000000000589027
   0.000000000489550
   0.000000000405179
   0.000000000333209
   0.000000000270708
   0.000000000217961
   0.000000000177215
   0.000000000143681
   0.000000000117968
   0.000000000095029
   0.000000000077253
   0.000000000061825
   0.000000000049779
   0.000000000039603
   0.000000000031558
   0.000000000024909
   0.000000000019630
   0.000000000015343
   0.000000000011948
   0.000000000009242
   0.000000000007113
   0.000000000005440
   0.000000000004136
   0.000000000003124
   0.000000000002344
   0.000000000001746
   0.000000000001291
   0.000000000000948
   0.000000000000690
   0.000000000000498
   0.000000000000355
   0.000000000000251
   0.000000000000176
   0.000000000000122
   0.000000000000083
   0.000000000000056
   0.000000000000037
   0.000000000000025
   0.000000000000016
   0.000000000000010
   0.000000000000007
   0.000000000000005
   0.000000000000003
   0.000000000141091
   0.000000000657254
   0.000000000949154
   0.000000000854257
   0.000000001025896
   0.000000000448307
   0.000000001443088
   0.000000000887601
   0.000000000923135
   0.000000001559500
   0.000000001619039
   0.000000001801876
   0.000000001704597
   0.000000001734215
   0.000000002256724
   0.000000002588569
   0.000000002352323
   0.000000003062665
   0.000000003073044
   0.000000003270088
   0.000000004964205
   0.000000002395600
   0.000000003893484
   0.000000005702676
   0.000000004525379
   0.000000004434063
   0.000000007539095
   0.000000005113314
   0.000000005446647
   0.000000007574231
   0.000000009137759
   0.000000009624332
   0.000000009609567
   0.000000008666975
   0.000000011801308
   0.000000012377985
   0.000000010350220
   0.000000010256047
   0.000000014834664
   0.000000011951880
   0.000000012424857
   0.000000014787780
   0.000000037481710
   0.000000038202701
   0.000000040381926
   0.000000052904531
   0.000000066275707
   0.000000051638504
   0.000000055928275
   0.000000083449077
   0.000000090849802
   0.000000085934944
   0.000000090439676
   0.000000154157466
   0.000000168563491
   0.000000185420362
   0.000000215427783
   0.000000257693060
   0.000000467096040
   0.000000576008822
   0.000000677728708
   0.000000772254784
   0.000000879178178
   0.000000976929399
   0.000001127296880
   0.000001248979519
   0.000001368190591
   0.000001468465374
   0.000001553466849
   0.000001628928187
   0.000001714781400
   0.000001817804233
   0.000001908420042
   0.000001969088944
   0.000002020922816
   0.000002063382610
   0.000002099161798
   0.000002121858458
   0.000002165902201
   0.000002204948291
   0.000002252902061
   0.000002287787174
   0.000002299313420
   0.000002316690756
   0.000002322784969
   0.000002344596594
   0.000002364602105
   0.000002348652678
   0.000002430012258
   0.000002439175946
   0.000002451716893
   0.000002455467956
   0.000002470703807
   0.000002488899143
   0.000002480163590
   0.000002534935658
   0.000002541325480
   0.000002548753415
   0.000002550601332
   0.000002557834707
   0.000002565573679
   0.000002568046752
   0.000002620217968
   0.000002624450450
   0.000002629784721
   0.000002632770593
   0.000002659502222
   0.000002677377689
   0.000002681812367
   0.000002716531673
   0.000002719273857
   0.000002722058324
   0.000002724949749
   0.000002740644716
   0.000002744117202
   0.000002747822621
   0.000002765375306
   0.000002764579266
   0.000002763368138
   0.000002764662175
   0.000002769149509
   0.000002767930941
   0.000002768399373
   0.000002768740584
   0.000002760190321
   0.000002751976873
   0.000002740997402
   0.000002737179288
   0.000002731358591
   0.000002722675308
   0.000002712766979
   0.000002699252085
   0.000002690294844
   0.000002679531762
   0.000002666267674
   0.000002653854486
   0.000002637887872
   0.000002618451913
   0.000002601683224
   0.000002582994028
   0.000002561104869
   0.000002539087174
   0.000002512374350
   0.000002469862182
   0.000002401858582
   0.000002376763804
   0.000002349275653
   0.000002361330250
   0.000002344387705
   0.000002295999169
   0.000002231498595
   0.000002191773166
   0.000002161280265
   0.000002128750773
   0.000002093279901
   0.000002042846683
   0.000001997158828
   0.000001965039558
   0.000001938906282
   0.000001915907714
   0.000001873833979
   0.000001827208080
   0.000001786350105
   0.000001751517955
   0.000001724268235
   0.000001678416679
   0.000001630567824
   0.000001582913562
   0.000001541153973
   0.000001503092022
   0.000001452777845
   0.000001404014584
   0.000001352667279
   0.000001289850652
   0.000001241612078
   0.000001197787170
   0.000001176892539
   0.000001142094517
   0.000001089525739
   0.000001044942055
   0.000001006318872
   0.000000978710507
   0.000000941251004
   0.000000896274801
   0.000000856788676
   0.000000822662114
   0.000000791709330
   0.000000754653090
   0.000000717369796
   0.000000682779061
   0.000000652128723
   0.000000618730192
   0.000000586190564
   0.000000549629314
   0.000000520428032
   0.000000480419545
   0.000000453407241
   0.000000397331693
   0.000000375175566
   0.000000351497072
   0.000000334842089
   0.000000315624280
   0.000000288808870
   0.000000268330910
   0.000000254729892
   0.000000246115355
   0.000000225153376
   0.000000208726186
   0.000000196438530
   0.000000186016821
   0.000000169979996
   0.000000157255020
   0.000000147646823
   0.000000137702175
   0.000000126087130
   0.000000116740304
   0.000000108637394
   0.000000099994415
   0.000000091624427
   0.000000084541261
   0.000000077735459
   0.000000070987262
   0.000000064945884
   0.000000059407626
   0.000000054042540
   0.000000049118926
   0.000000044652921
   0.000000040444476
   0.000000036555637
   0.000000033026420
   0.000000029605034
   0.000000025839214
   0.000000023256509
   0.000000020964254
   0.000000018702002
   0.000000016729135
   0.000000014969303
   0.000000013280992
   0.000000011806252
   0.000000010481125
   0.000000009246578
   0.000000008164882
   0.000000007189358
   0.000000006304284
   0.000000005525092
   0.000000004825652
   0.000000004202484
   0.000000003652614
   0.000000003151229
   0.000000002722618
   0.000000002342830
   0.000000002010935
   0.000000001727631
   0.000000001475708
   0.000000001258318
   0.000000001068772
   0.000000000904991
   0.000000000763614
   0.000000000641977
   0.000000000537840
   0.000000000448591
   0.000000000369070
   0.000000000298833
   0.000000000245533
   0.000000000199925
   0.000000000167197
   0.000000000135398
   0.000000000112036
   0.000000000090285
   0.000000000073842
   0.000000000059201
   0.000000000047842
   0.000000000038119
   0.000000000030440
   0.000000000024066
   0.000000000018995
   0.000000000014878
   0.000000000011606
   0.000000000008994
   0.000000000006931
   0.000000000005307
   0.000000000004038
   0.000000000003051
   0.000000000002289
   0.000000000001705
   0.000000000001260
   0.000000000000923
   0.000000000000671
   0.000000000000483
   0.000000000000344
   0.000000000000242
   0.000000000000169
   0.000000000000116
   0.000000000000079
   0.000000000000053
   0.000000000000034
   0.000000000000022
   0.000000000000015
   0.000000000000010
   0.000000000000012
