   0.000000000391286
   0.000000000698450
   0.000000000878782
   0.000000001208465
   0.000000001115682
   0.000000001424825
   0.000000002053849
   0.000000002725788
   0.000000003345481
   0.000000004883465
   0.000000005687136
   0.000000005790563
   0.000000007352601
   0.000000011928039
   0.000000013421276
   0.000000028275527
   0.000000031875886
   0.000000062015613
   0.000000128435507
   0.000000128497722
   0.000000100424803
   0.000000102591515
   0.000000249986041
   0.000000259041488
   0.000000320320625
   0.000000285906148
   0.000000510918669
   0.000000489546297
   0.000000501821941
   0.000000560931136
   0.000000605322412
   0.000000640682988
   0.000000661828653
   0.000000679223655
   0.000000694939112
   0.000000887701064
   0.000000885764783
   0.000000879485557
   0.000000871296501
   0.000000674953270
   0.000000665855439
   0.000000646631446
   0.000000625818439
   0.000000580775856
   0.000000532532359
   0.000000562556059
   0.000000543918372
   0.000000520677793
   0.000000377738096
   0.000000623437824
   0.000000552007495
   0.000000737896581
   0.000000676902528
   0.000000832376866
   0.000000830636091
   0.000000989334328
   0.000000995295123
   0.000001111253437
   0.000001141671586
   0.000001232270792
   0.000001282202342
   0.000001360668324
   0.000001429191881
   0.000001503513441
   0.000001573616839
   0.000001630430033
   0.000001695219071
   0.000001757458604
   0.000001812993701
   0.000001859793835
   0.000001914658577
   0.000001956182291
   0.000001992514294
   0.000002031691819
   0.000002067200097
   0.000002097320903
   0.000002130769547
   0.000002162511510
   0.000002195070940
   0.000002223412380
   0.000002250010228
   0.000002276685950
   0.000002304277296
   0.000002330185224
   0.000002352590793
   0.000002377390479
   0.000002400333996
   0.000002421228965
   0.000002440554302
   0.000002461172632
   0.000002483024125
   0.000002500642912
   0.000002518876247
   0.000002535950421
   0.000002552312154
   0.000002567757862
   0.000002582884764
   0.000002596101545
   0.000002609442526
   0.000002621292541
   0.000002631622846
   0.000002641623502
   0.000002650331219
   0.000002657592863
   0.000002664013678
   0.000002670056890
   0.000002674272677
   0.000002677195249
   0.000002679431362
   0.000002680484946
   0.000002679981379
   0.000002678458168
   0.000002676508040
   0.000002672417323
   0.000002667214563
   0.000002661485847
   0.000002653817554
   0.000002644634346
   0.000002635329243
   0.000002623922986
   0.000002609647878
   0.000002597062655
   0.000002581182662
   0.000002558013380
   0.000002542608084
   0.000002520765783
   0.000002465795683
   0.000002446854747
   0.000002422489041
   0.000002269926724
   0.000002248220197
   0.000002234850423
   0.000002206151680
   0.000002202750983
   0.000002175792754
   0.000002164479933
   0.000002138089459
   0.000002119371523
   0.000002055475907
   0.000002030678929
   0.000001978825853
   0.000001949924722
   0.000001904311555
   0.000001899615243
   0.000001866927902
   0.000001846845195
   0.000001813262696
   0.000001783039915
   0.000001745778451
   0.000001713131549
   0.000001670754518
   0.000001631996081
   0.000001595016618
   0.000001533216564
   0.000001491489453
   0.000001455470876
   0.000001420148565
   0.000001387227257
   0.000001351158503
   0.000001316387049
   0.000001280222724
   0.000001244325490
   0.000001207757503
   0.000001170786073
   0.000001133651737
   0.000001096212822
   0.000001059054986
   0.000001021709006
   0.000000984498525
   0.000000946672656
   0.000000903798429
   0.000000864215906
   0.000000822430014
   0.000000783853206
   0.000000749970548
   0.000000715834890
   0.000000684177690
   0.000000652557701
   0.000000622877892
   0.000000593554951
   0.000000563612117
   0.000000525344664
   0.000000492728017
   0.000000463826153
   0.000000437406652
   0.000000419457833
   0.000000400680671
   0.000000380758609
   0.000000360453555
   0.000000340131461
   0.000000320090852
   0.000000300586750
   0.000000281786571
   0.000000263668931
   0.000000246260861
   0.000000229655609
   0.000000213846871
   0.000000198876638
   0.000000184786960
   0.000000171432777
   0.000000158821940
   0.000000147001273
   0.000000135907413
   0.000000125216091
   0.000000115013298
   0.000000105573510
   0.000000097129877
   0.000000089123254
   0.000000080471712
   0.000000072445066
   0.000000065488358
   0.000000059275468
   0.000000054551946
   0.000000050363081
   0.000000046383704
   0.000000042454673
   0.000000038701804
   0.000000035200933
   0.000000031898969
   0.000000028801303
   0.000000025963293
   0.000000023355713
   0.000000020617355
   0.000000017949873
   0.000000016086797
   0.000000014404715
   0.000000012916331
   0.000000011992845
   0.000000010659216
   0.000000009441635
   0.000000008323264
   0.000000007272401
   0.000000006338090
   0.000000005546022
   0.000000004851247
   0.000000004238231
   0.000000003699663
   0.000000003219982
   0.000000002796434
   0.000000002423918
   0.000000002094144
   0.000000001805208
   0.000000001552003
   0.000000001329863
   0.000000001136105
   0.000000000966457
   0.000000000817046
   0.000000000683840
   0.000000000560236
   0.000000000475009
   0.000000000405716
   0.000000000347584
   0.000000000300519
   0.000000000253025
   0.000000000210173
   0.000000000173912
   0.000000000143351
   0.000000000117642
   0.000000000096064
   0.000000000077984
   0.000000000062849
   0.000000000050311
   0.000000000040236
   0.000000000032290
   0.000000000025907
   0.000000000020748
   0.000000000016495
   0.000000000013061
   0.000000000010249
   0.000000000008077
   0.000000000006365
   0.000000000004997
   0.000000000003905
   0.000000000003044
   0.000000000002339
   0.000000000001783
   0.000000000001350
   0.000000000001017
   0.000000000000760
   0.000000000000565
   0.000000000000417
   0.000000000000305
   0.000000000000222
   0.000000000000160
   0.000000000000114
   0.000000000000081
   0.000000000000056
   0.000000000000039
   0.000000000000026
   0.000000000000018
   0.000000000000012
   0.000000000000008
   0.000000000000005
   0.000000000000003
   0.000000000000002
   0.000000000000001
   0.000000000000001
   0.000000000000001
   0.000000000000000
   0.000000000000000
   0.000000000470667
   0.000000001159467
   0.000000001761458
   0.000000001699925
   0.000000002534287
   0.000000001483091
   0.000000003073114
   0.000000002547208
   0.000000003923798
   0.000000004431711
   0.000000005778184
   0.000000005939729
   0.000000006676837
   0.000000009382220
   0.000000008983918
   0.000000014899209
   0.000000017804902
   0.000000025210082
   0.000000044330345
   0.000000048361706
   0.000000043291248
   0.000000033724388
   0.000000084406815
   0.000000087592787
   0.000000103848865
   0.000000096983982
   0.000000166547950
   0.000000153069684
   0.000000156901135
   0.000000176956565
   0.000000196868657
   0.000000211367982
   0.000000213054363
   0.000000217233552
   0.000000224932430
   0.000000286286949
   0.000000282567534
   0.000000276943614
   0.000000274464341
   0.000000220788061
   0.000000223778784
   0.000000219736297
   0.000000251320727
   0.000000245337605
   0.000000232151978
   0.000000252271742
   0.000000241417781
   0.000000237917560
   0.000000211898209
   0.000000329784590
   0.000000328940504
   0.000000412860746
   0.000000405345821
   0.000000657022301
   0.000000837460004
   0.000001036893100
   0.000001195201029
   0.000001378176413
   0.000001587256331
   0.000001786726586
   0.000001963187323
   0.000002184017112
   0.000002368691136
   0.000002566497790
   0.000002776845215
   0.000002941196765
   0.000003125592960
   0.000003287404666
   0.000003412245425
   0.000003467379877
   0.000003599468412
   0.000003710433422
   0.000003769944759
   0.000003833576190
   0.000003905729438
   0.000003954331968
   0.000004016572131
   0.000004069757716
   0.000004120936526
   0.000004169590335
   0.000004222573202
   0.000004264672888
   0.000004306889780
   0.000004348593321
   0.000004397333501
   0.000004446669097
   0.000004494573454
   0.000004532521849
   0.000004594582887
   0.000004632309599
   0.000004672275182
   0.000004703727725
   0.000004737550242
   0.000004765286428
   0.000004788886136
   0.000004829016049
   0.000004856521389
   0.000004879988908
   0.000004908386906
   0.000004934263473
   0.000004953986599
   0.000004972909794
   0.000005005289844
   0.000005020901918
   0.000005034935144
   0.000005053437765
   0.000005073058545
   0.000005085500945
   0.000005094821592
   0.000005113619066
   0.000005119218032
   0.000005121960870
   0.000005128827661
   0.000005133683419
   0.000005130845928
   0.000005129601174
   0.000005131145310
   0.000005122545659
   0.000005113520355
   0.000005106578541
   0.000005092338326
   0.000005076717411
   0.000005062915196
   0.000005038714680
   0.000005015795020
   0.000004979249519
   0.000004888054370
   0.000004859734930
   0.000004825206202
   0.000004729370352
   0.000004695774460
   0.000004664613374
   0.000004667887494
   0.000004650677245
   0.000004609644442
   0.000004594524770
   0.000004560081127
   0.000004515213213
   0.000004472209538
   0.000004426194988
   0.000004364348654
   0.000004313799210
   0.000004251413021
   0.000004193885830
   0.000004124249684
   0.000004060967961
   0.000003995009458
   0.000003933228618
   0.000003861487399
   0.000003792144649
   0.000003684975542
   0.000003596236863
   0.000003528597021
   0.000003304458867
   0.000003204807799
   0.000003143847894
   0.000003066176471
   0.000003021494077
   0.000002953753180
   0.000002895803020
   0.000002828275062
   0.000002760039597
   0.000002690821394
   0.000002620998296
   0.000002553589867
   0.000002479333916
   0.000002406611266
   0.000002331109819
   0.000002257911146
   0.000002180547135
   0.000002066087194
   0.000001991259540
   0.000001893612239
   0.000001817351629
   0.000001766314657
   0.000001693482353
   0.000001641038256
   0.000001574417478
   0.000001513643244
   0.000001448363944
   0.000001387044855
   0.000001324978819
   0.000001263894768
   0.000001201899243
   0.000001142449427
   0.000001087126356
   0.000001034635276
   0.000000982617423
   0.000000931784585
   0.000000882285003
   0.000000834976178
   0.000000788444540
   0.000000743637989
   0.000000698720741
   0.000000656991777
   0.000000613777196
   0.000000575708687
   0.000000530921786
   0.000000497344294
   0.000000464272201
   0.000000434676083
   0.000000405955478
   0.000000376313503
   0.000000348291772
   0.000000323247969
   0.000000301694057
   0.000000279205818
   0.000000257768187
   0.000000233837174
   0.000000213789319
   0.000000195185540
   0.000000178653611
   0.000000167411278
   0.000000156042312
   0.000000144218090
   0.000000132869525
   0.000000122292763
   0.000000112123571
   0.000000102374240
   0.000000093391833
   0.000000085054912
   0.000000077202205
   0.000000069842489
   0.000000062976074
   0.000000056742684
   0.000000051080376
   0.000000045972114
   0.000000041465829
   0.000000037230946
   0.000000033334555
   0.000000029693418
   0.000000026063920
   0.000000023014268
   0.000000020405983
   0.000000018039151
   0.000000015945461
   0.000000014096289
   0.000000012402787
   0.000000010902660
   0.000000009572072
   0.000000008366538
   0.000000007305391
   0.000000006363631
   0.000000005523176
   0.000000004785859
   0.000000004133795
   0.000000003557901
   0.000000003053533
   0.000000002520311
   0.000000002152997
   0.000000001848929
   0.000000001584896
   0.000000001390795
   0.000000001189748
   0.000000001003474
   0.000000000843150
   0.000000000706129
   0.000000000589202
   0.000000000489697
   0.000000000405292
   0.000000000333312
   0.000000000270785
   0.000000000218023
   0.000000000177260
   0.000000000143723
   0.000000000118000
   0.000000000095055
   0.000000000077274
   0.000000000061842
   0.000000000049793
   0.000000000039614
   0.000000000031566
   0.000000000024915
   0.000000000019635
   0.000000000015347
   0.000000000011951
   0.000000000009244
   0.000000000007115
   0.000000000005441
   0.000000000004137
   0.000000000003125
   0.000000000002344
   0.000000000001746
   0.000000000001292
   0.000000000000948
   0.000000000000690
   0.000000000000498
   0.000000000000355
   0.000000000000251
   0.000000000000176
   0.000000000000122
   0.000000000000083
   0.000000000000056
   0.000000000000037
   0.000000000000025
   0.000000000000016
   0.000000000000010
   0.000000000000007
   0.000000000000005
   0.000000000000003
   0.000000000115801
   0.000000000377734
   0.000000000513496
   0.000000000542559
   0.000000000589446
   0.000000000330378
   0.000000000868891
   0.000000000539340
   0.000000000587819
   0.000000001014771
   0.000000001018215
   0.000000001122075
   0.000000001076082
   0.000000001220986
   0.000000001470440
   0.000000001692273
   0.000000001636455
   0.000000001977712
   0.000000002005568
   0.000000002329859
   0.000000003134827
   0.000000001454122
   0.000000002587598
   0.000000003638925
   0.000000002901878
   0.000000002960684
   0.000000004779762
   0.000000003338120
   0.000000003766564
   0.000000004924346
   0.000000006710696
   0.000000007218981
   0.000000006766577
   0.000000006639249
   0.000000009422597
   0.000000009012486
   0.000000007807068
   0.000000008065684
   0.000000011474397
   0.000000009271620
   0.000000009762757
   0.000000011401314
   0.000000034046505
   0.000000035346862
   0.000000037388731
   0.000000050532039
   0.000000062791678
   0.000000050073261
   0.000000054526240
   0.000000080149743
   0.000000087376858
   0.000000082001342
   0.000000085026728
   0.000000147737208
   0.000000162034915
   0.000000178673847
   0.000000208228266
   0.000000249471107
   0.000000457353375
   0.000000563098683
   0.000000662435853
   0.000000754896947
   0.000000859937130
   0.000000955671226
   0.000001105149113
   0.000001226575142
   0.000001344961428
   0.000001444906685
   0.000001529890408
   0.000001605092527
   0.000001690582319
   0.000001794106675
   0.000001885079789
   0.000001946451627
   0.000001998774662
   0.000002041898385
   0.000002078433615
   0.000002102047145
   0.000002146906062
   0.000002186661351
   0.000002234885768
   0.000002270519840
   0.000002282727550
   0.000002300635852
   0.000002307135405
   0.000002329071861
   0.000002349339653
   0.000002334246355
   0.000002414711376
   0.000002424143062
   0.000002436758559
   0.000002440572285
   0.000002456043957
   0.000002474433597
   0.000002465686092
   0.000002520709325
   0.000002527368616
   0.000002535013198
   0.000002536903166
   0.000002544290798
   0.000002552344521
   0.000002554716174
   0.000002606743486
   0.000002611217730
   0.000002616738940
   0.000002619755257
   0.000002646708070
   0.000002664526127
   0.000002669141973
   0.000002703978468
   0.000002706962901
   0.000002709927646
   0.000002712927082
   0.000002728909047
   0.000002732519671
   0.000002736473584
   0.000002754139398
   0.000002753640702
   0.000002752595141
   0.000002754133915
   0.000002758827201
   0.000002757798991
   0.000002758527854
   0.000002759111064
   0.000002750749126
   0.000002742837752
   0.000002732030489
   0.000002728357592
   0.000002722735303
   0.000002714269271
   0.000002704513540
   0.000002691173882
   0.000002682535836
   0.000002671850100
   0.000002658911575
   0.000002646673715
   0.000002630963658
   0.000002611700069
   0.000002595269655
   0.000002576704149
   0.000002555129359
   0.000002533329738
   0.000002506846982
   0.000002464563007
   0.000002396930893
   0.000002372055323
   0.000002344793616
   0.000002357029768
   0.000002340252947
   0.000002292086449
   0.000002227794404
   0.000002188294903
   0.000002158035234
   0.000002125724365
   0.000002090467494
   0.000002040234944
   0.000001994663255
   0.000001962754577
   0.000001936752900
   0.000001913859270
   0.000001871924661
   0.000001825430203
   0.000001784654633
   0.000001749969263
   0.000001722816480
   0.000001677057993
   0.000001629351583
   0.000001581741603
   0.000001540078282
   0.000001502125554
   0.000001451886174
   0.000001403218426
   0.000001351928234
   0.000001289167980
   0.000001241016484
   0.000001197241363
   0.000001176407374
   0.000001141641490
   0.000001089100431
   0.000001044572748
   0.000001005989421
   0.000000978438173
   0.000000941009270
   0.000000896059959
   0.000000856610892
   0.000000822517357
   0.000000791596845
   0.000000754562903
   0.000000717302893
   0.000000682735532
   0.000000652107532
   0.000000618727962
   0.000000586205118
   0.000000549658491
   0.000000520478162
   0.000000480466473
   0.000000453471326
   0.000000397385784
   0.000000375254829
   0.000000351564709
   0.000000334924612
   0.000000315698977
   0.000000288887666
   0.000000268395104
   0.000000254797367
   0.000000246184346
   0.000000225221988
   0.000000208782622
   0.000000196495913
   0.000000186072135
   0.000000170036208
   0.000000157302232
   0.000000147692050
   0.000000137747829
   0.000000126129231
   0.000000116776291
   0.000000108673670
   0.000000100029528
   0.000000091654203
   0.000000084568370
   0.000000077764224
   0.000000071011768
   0.000000064966722
   0.000000059428916
   0.000000054061872
   0.000000049135777
   0.000000044668788
   0.000000040458959
   0.000000036568312
   0.000000033037814
   0.000000029616012
   0.000000025848110
   0.000000023264450
   0.000000020972009
   0.000000018708130
   0.000000016734943
   0.000000014974933
   0.000000013285233
   0.000000011810486
   0.000000010484775
   0.000000009249646
   0.000000008167680
   0.000000007191923
   0.000000006306396
   0.000000005526986
   0.000000004827248
   0.000000004203890
   0.000000003653874
   0.000000003152230
   0.000000002723511
   0.000000002343589
   0.000000002011595
   0.000000001728206
   0.000000001476162
   0.000000001258727
   0.000000001069116
   0.000000000905279
   0.000000000763849
   0.000000000642183
   0.000000000538002
   0.000000000448732
   0.000000000369180
   0.000000000298926
   0.000000000245600
   0.000000000199984
   0.000000000167244
   0.000000000135437
   0.000000000112067
   0.000000000090310
   0.000000000073863
   0.000000000059216
   0.000000000047856
   0.000000000038128
   0.000000000030449
   0.000000000024072
   0.000000000019000
   0.000000000014882
   0.000000000011609
   0.000000000008996
   0.000000000006933
   0.000000000005308
   0.000000000004039
   0.000000000003052
   0.000000000002290
   0.000000000001705
   0.000000000001260
   0.000000000000924
   0.000000000000671
   0.000000000000483
   0.000000000000344
   0.000000000000242
   0.000000000000169
   0.000000000000117
   0.000000000000079
   0.000000000000053
   0.000000000000034
   0.000000000000022
   0.000000000000015
   0.000000000000010
   0.000000000000012
