 -30.842360545317913
 -30.104270394991463
 -29.581703803897948
 -29.103394621264098
 -28.687594390573658
 -28.290295652768197
 -27.956284558462187
 -27.639704096445097
 -27.372941681575131
 -27.115504566818633
 -26.879626087477188
 -26.656790902969362
 -26.438565760710922
 -26.225717003456754
 -26.027484144848795
 -25.834515030923985
 -25.650120019849794
 -25.471996207131141
 -25.299095280582232
 -25.131078972072739
 -24.967227216861069
 -24.805732652972573
 -24.648374613100046
 -24.493847694418246
 -24.341407518326076
 -24.191476895951904
 -24.044570542322283
 -23.899650558480754
 -23.756555030807728
 -23.615162258745961
 -23.475094800705754
 -23.335730432030605
 -23.194809839020326
 -23.054745480346170
 -22.915935387978127
 -22.778231367919076
 -22.641494692484066
 -22.505674800782224
 -22.370740681321102
 -22.236195809520019
 -22.101632853105119
 -21.967757155288144
 -21.834640170887678
 -21.702158125624585
 -21.570278495805795
 -21.439009517204770
 -21.308272348378029
 -21.177736606647120
 -21.047513717211107
 -20.917630702738595
 -20.787936908473995
 -20.658275821217245
 -20.528533830318462
 -20.398377391476185
 -20.267831703954307
 -20.137540131066658
 -20.007476806009766
 -19.876534411533683
 -19.745632009241291
 -19.614636217192057
 -19.483535441715048
 -19.352457076247561
 -19.221324518502751
 -19.089978134525683
 -18.958421035219207
 -18.826565530638845
 -18.694582479874438
 -18.562680862724935
 -18.430881792631538
 -18.299083998165351
 -18.167230291333929
 -18.035229461487315
 -17.903177558986147
 -17.771195282762907
 -17.639296628519322
 -17.507478346871817
 -17.375721851908697
 -17.244054128598993
 -17.112553014238340
 -16.981265924814231
 -16.850218581452300
 -16.719420567721269
 -16.588875648097325
 -16.458619236038516
 -16.328686625176395
 -16.199100858163686
 -16.069872944295120
 -15.941019508362833
 -15.812593542495298
 -15.684631259001417
 -15.557152667279379
 -15.430166523251394
 -15.303663845910712
 -15.177654980700705
 -15.052160126207109
 -14.927197401982387
 -14.802771072846713
 -14.678892155109798
 -14.555575668501868
 -14.432839679229977
 -14.310699354478920
 -14.189165998299673
 -14.068249401309846
 -13.947957899672646
 -13.828293038389907
 -13.709259363706970
 -13.590864199581516
 -13.473113712390138
 -13.356011377379412
 -13.239563352089418
 -13.123777271138362
 -13.008658013123712
 -12.894208738732182
 -12.780432739233277
 -12.667334007989146
 -12.554915907229526
 -12.443180848853446
 -12.332131075172653
 -12.221769271676152
 -12.112097709077355
 -12.003118112941690
 -11.894832256753313
 -11.787242103563885
 -11.680349189251274
 -11.574154682145995
 -11.468659759307853
 -11.363865544753509
 -11.259772713231831
 -11.156381814816216
 -11.053693022672086
 -10.951706775002998
 -10.850421716585039
 -10.749840139861719
 -10.649962238510511
 -10.550790448400432
 -10.452328736463651
 -10.354574048323828
 -10.257526667819890
 -10.161184950210762
 -10.065547135714120
  -9.970616996090710
  -9.876393731539999
  -9.782873422569784
  -9.690057612355595
  -9.597945845201084
  -9.506536179774120
  -9.415828103962964
  -9.325820328554167
  -9.236511031740797
  -9.147897325793135
  -9.059976758954754
  -8.972747386198320
  -8.886206571942406
  -8.800351791868083
  -8.715180654771460
  -8.630690090488031
  -8.546877128599634
  -8.463738198663185
  -8.381271042431015
  -8.299474153967903
  -8.218343892416021
  -8.137877914096212
  -8.058072552083710
  -7.978925782520141
  -7.900435577600194
  -7.822598531261820
  -7.745412502850410
  -7.668874925092998
  -7.592982686255894
  -7.517733382751933
  -7.443124241151456
  -7.369152293933729
  -7.295814708512336
  -7.223108444504464
  -7.151030333241376
  -7.079577176144773
  -7.008745667743669
  -6.938532447429109
  -6.868934139846567
  -6.799947322591284
  -6.731568571683636
  -6.663794505913639
  -6.596621847032580
  -6.530047305097887
  -6.464067414150856
  -6.398678612156144
  -6.333877221514029
  -6.269659376086102
  -6.206021109141238
  -6.142958521160274
  -6.080467740583562
  -6.018544882503654
  -5.957186094864139
  -5.896387534198979
  -5.836145358742971
  -5.776455726237388
  -5.717314801371504
  -5.658718772995769
  -5.600663832558453
  -5.543146151645620
  -5.486161898662339
  -5.429707322601924
  -5.373778679877400
  -5.318372216265289
  -5.263484141409205
  -5.209110773697256
  -5.155248381074786
  -5.101893286576047
  -5.049041861411816
  -4.996690497669968
  -4.944835619845850
  -4.893473615089333
  -4.842600862399959
  -4.792213701574301
  -4.742308422848589
  -4.692881315303764
  -4.643928674513208
  -4.595446795951366
  -4.547431986667705
  -4.499880562090838
  -4.452788849831828
  -4.406153190634408
  -4.359969940236485
  -4.314235472271141
  -4.268946196254672
  -4.224098715136209
  -4.179689561237391
  -4.135715271652883
  -4.092172366149281
  -4.049057360851368
  -4.006366626130413
  -3.964096540520359
  -3.922243536816308
  -3.880804060639775
  -3.839774591085138
  -3.799151628793312
  -3.758931698178554
  -3.719111346428396
  -3.679687141135406
  -3.640655671482625
  -3.602013546624345
  -3.563757396480391
  -3.525883871044857
  -3.488389640774417
  -3.451271396365633
  -3.414525848990400
  -3.378149730202904
  -3.342139792157981
  -3.306492807714322
  -3.271205570407639
  -3.236274914118473
  -3.201697720868843
  -3.167470886078759
  -3.133591338874276
  -3.100056010195871
  -3.066861845327400
  -3.034005764835348
  -3.001484719343087
  -2.969295650318605
  -2.937435539499295
  -2.905901370591102
  -2.874690164312897
  -2.843798952228639
  -2.813224797835334
  -2.782964779799211
  -2.753016003018243
  -2.723375587908514
  -2.694040678061221
  -2.665008432509244
  -2.636276033502400
  -2.607840679713834
  -2.579699599726084
  -2.551850061602533
  -2.524289349315081
  -2.497014769298532
  -2.470023641416038
  -2.443313303956594
  -2.416881100192892
  -2.390724374383279
  -2.364840493617513
  -2.339226840084844
  -2.313880820954123
  -2.288799862041086
  -2.263981413295566
  -2.239422944257705
  -2.215121947455869
  -2.191075935202673
  -2.167282441873201
  -2.143739677747330
  -2.120445359495649
  -2.097396941807141
  -2.074591976074584
  -2.052027883174043
  -2.029702212005414
  -2.007612459846826
  -1.985756231619776
  -1.964131120984326
  -1.942734810441656
  -1.921564994322090
  -1.900619446376966
 -23.926624635271484
 -23.783755219078259
 -23.651556669205934
 -23.529499922835232
 -23.406483524647072
 -23.292259713208001
 -23.177951494534234
 -23.067456622807757
 -22.957575450780919
 -22.854465505226820
 -22.751319178986257
 -22.648592147319278
 -22.549009451123851
 -22.450043124071748
 -22.353548213823949
 -22.259922752399248
 -22.166635485198231
 -22.075033561533616
 -21.985591428551714
 -21.896531816220460
 -21.808308407890475
 -21.721288941283870
 -21.634633592978524
 -21.548632760368598
 -21.463299127181806
 -21.378084317736210
 -21.292983943249681
 -21.208277828512870
 -21.124186879619877
 -21.040433307868916
 -20.956560261896318
 -20.872648531777703
 -20.788846691946226
 -20.705187606855805
 -20.621561887914641
 -20.537835260501456
 -20.453984680631940
 -20.370180611895613
 -20.286170500003596
 -20.201873320200303
 -20.117406962412261
 -20.032810329728495
 -19.947899167417646
 -19.862661156432839
 -19.777172770651742
 -19.691393766340273
 -19.605261492506543
 -19.518777008169216
 -19.432036446701847
 -19.344879244626298
 -19.257270737212068
 -19.169202036119071
 -19.080559695118762
 -18.991225499847140
 -18.901140464397081
 -18.810553198057431
 -18.717521009911348
 -18.621315662534105
 -18.523857487860706
 -18.425670313517553
 -18.326661994231962
 -18.226900638514500
 -18.126301349578313
 -18.024726220670757
 -17.921598080370554
 -17.817195553570599
 -17.711886020252809
 -17.605789661516589
 -17.499032304663846
 -17.391669637298641
 -17.283556306934798
 -17.174626088051177
 -17.065100829486092
 -16.955076343597387
 -16.844585287764904
 -16.733709042038910
 -16.622410280770865
 -16.510697694302522
 -16.398722749972272
 -16.286492458402332
 -16.174017901881836
 -16.061335246181510
 -15.948470710798732
 -15.835474672728759
 -15.722396272060143
 -15.609260255168389
 -15.496090932984515
 -15.382915213858475
 -15.269768320870011
 -15.156698064461699
 -15.043741669013810
 -14.930907435121474
 -14.818200126658756
 -14.705643002222542
 -14.593275196131998
 -14.481116747161220
 -14.369171558673656
 -14.257453625723997
 -14.145989557184951
 -14.034802820920376
 -13.923903663665852
 -13.813301680227314
 -13.703014206177867
 -13.593059501384726
 -13.483449766988713
 -13.374194344634665
 -13.265305875666746
 -13.156798199973595
 -13.048683105389291
 -12.940978791535342
 -12.833701008464418
 -12.726860838783026
 -12.620465755857325
 -12.514519892950451
 -12.409032392842178
 -12.304012230622023
 -12.199466644963048
 -12.095401828129004
 -11.991827247175170
 -11.888751153026554
 -11.786180095484715
 -11.684120288226953
 -11.582581060957175
 -11.481570532061969
 -11.381094247091259
 -11.281157722316509
 -11.181766704084975
 -11.082926517790694
 -10.984642077841348
 -10.886917913256594
 -10.789758084905172
 -10.693167003430194
 -10.597148024390982
 -10.501701377276021
 -10.406830762159501
 -10.312540048543738
 -10.218831618852111
 -10.125708792458267
 -10.033174099988718
  -9.941229851647321
  -9.849879563938259
  -9.759125623499584
  -9.668969877863701
  -9.579415033789569
  -9.490462962647163
  -9.402114903147393
  -9.314372621177574
  -9.227237850549818
  -9.140713427907491
  -9.054801128306103
  -8.969501680405148
  -8.884816000390629
  -8.800744624841464
  -8.717287651754885
  -8.634444166740591
  -8.552213708671342
  -8.470594201073347
  -8.389581833701740
  -8.309180276715107
  -8.229388726086496
  -8.150204955167350
  -8.071629101671938
  -7.993658176245097
  -7.916292650763759
  -7.839532551076161
  -7.763375893351121
  -7.687822350832135
  -7.612871099121196
  -7.538520723210495
  -7.464769882283122
  -7.391617591176762
  -7.319062394591938
  -7.247102437307253
  -7.175735970968911
  -7.104960824817079
  -7.034774560521186
  -6.965174689490469
  -6.896158636471424
  -6.827723833962196
  -6.759867691424583
  -6.692587577048657
  -6.625880839039915
  -6.559744807353796
  -6.494176761232634
  -6.429173924667666
  -6.364733484283096
  -6.300852570764838
  -6.237528252953294
  -6.174757550367870
  -6.112537455977936
  -6.050864942306573
  -5.989736947998736
  -5.929150365291240
  -5.869102045844921
  -5.809588852222377
  -5.750607645758954
  -5.692155215710400
  -5.634228271080556
  -5.576823579738424
  -5.519938004345713
  -5.463568168642708
  -5.407710946669710
  -5.352363326700372
  -5.297522027062331
  -5.243183434849075
  -5.189344588008932
  -5.136002263901228
  -5.083153237008897
  -5.030794437586216
  -4.978922773773992
  -4.927535214624387
  -4.876628588695336
  -4.826199652047667
  -4.776245071225860
  -4.726761363121676
  -4.677745033588597
  -4.629192633335256
  -4.581100714434294
  -4.533465845385434
  -4.486284604441783
  -4.439553579771675
  -4.393269369967657
  -4.347428584218200
  -4.302027848342983
  -4.257063811411455
  -4.212533154712132
  -4.168432555357314
  -4.124758710347391
  -4.081508307131185
  -4.038678040120327
  -3.996264596120301
  -3.954264650266040
  -3.912674891653805
  -3.871492000520896
  -3.830712643053299
  -3.790333505755266
  -3.750351277022716
  -3.710762662038376
  -3.671564377434939
  -3.632753155836096
  -3.594325745005853
  -3.556278909292998
  -3.518609429750141
  -3.481314104622486
  -3.444389749603505
  -3.407833198400032
  -3.371641302487570
  -3.335810931844406
  -3.300338975862476
  -3.265222341776479
  -3.230458015314470
  -3.196043069126289
  -3.161974513401796
  -3.128249397684924
  -3.094864746859163
  -3.061817569517617
  -3.029104784135168
  -2.996723413830640
  -2.964670457727018
  -2.932942976860006
  -2.901538035662950
  -2.870452738154655
  -2.839684211358763
  -2.809229604503966
  -2.779086078590680
  -2.749250814250315
  -2.719720992662436
  -2.690493819591632
  -2.661566509997453
  -2.632936305135706
  -2.604600459828838
  -2.576556255376642
  -2.548800994589672
  -2.521332004186668
  -2.494146630805878
  -2.467242241452191
  -2.440616221764854
  -2.414265974091915
  -2.388188914587225
  -2.362382476818556
  -2.336844110325895
  -2.311571284158203
  -2.286561484877336
  -2.261812219211524
  -2.237321012142313
  -2.213085408948992
  -2.189102973701457
  -2.165371291030440
  -2.141888091140017
  -2.118651080640733
  -2.095657968291992
  -2.072906421526004
  -2.050394100397137
  -2.028118669605925
  -2.006077799454519
  -1.984269197098743
  -1.962690613676102
  -1.941339867054958
  -1.920214849783168
  -1.899313589380588
 -20.907072388397335
 -20.841244317373533
 -20.777320566577185
 -20.714456080930688
 -20.651039095865617
 -20.590340735749020
 -20.529135663327722
 -20.469132875382869
 -20.408873943573798
 -20.348681982343379
 -20.287854265835712
 -20.228636815902206
 -20.168911983162982
 -20.111359640629040
 -20.053157019166925
 -19.995390838796105
 -19.938129781347580
 -19.881163089074878
 -19.824979788544866
 -19.768366103890205
 -19.712170888510816
 -19.656531392662682
 -19.600630527928800
 -19.544776596772014
 -19.488801959414666
 -19.432762160062826
 -19.376520700360288
 -19.320543819540223
 -19.264553557714279
 -19.208368872064284
 -19.151757736123741
 -19.094878274563175
 -19.037841721134019
 -18.980921792964892
 -18.923671974034331
 -18.866239705807001
 -18.808593604727275
 -18.750660945270642
 -18.692394629146342
 -18.633824371859404
 -18.574903764153667
 -18.515510830827601
 -18.455647168545987
 -18.395389661223685
 -18.334702362182618
 -18.273471190928852
 -18.211659168411856
 -18.149345657682264
 -18.086547863240021
 -18.023153722447059
 -17.959133700096679
 -17.894360521912983
 -17.828752755386986
 -17.762299207369910
 -17.694965276155983
 -17.626668897029695
 -17.556526754819487
 -17.482215668319562
 -17.405252826799114
 -17.327339587549218
 -17.248467936636747
 -17.168586524550161
 -17.087759743267462
 -17.005883936461970
 -16.922893520710364
 -16.838545456555490
 -16.752237321920106
 -16.664721671161018
 -16.576404388310863
 -16.487255446060871
 -16.397257395022901
 -16.306429585344297
 -16.214799713931953
 -16.122262205595611
 -16.028896810248416
 -15.934881379679839
 -15.840252589362931
 -15.745077780330496
 -15.649390193381853
 -15.553171102596551
 -15.456420927317332
 -15.359209805126632
 -15.261587999886711
 -15.163609998605683
 -15.065347765665880
 -14.966815332012096
 -14.868020603274037
 -14.768976513958863
 -14.669711669484125
 -14.570266467608063
 -14.470674309331665
 -14.370948051719600
 -14.271102546004878
 -14.171159551992549
 -14.071152163244115
 -13.971101524605073
 -13.871022947192097
 -13.770938663931686
 -13.670899652216809
 -13.570937180179286
 -13.471045257082213
 -13.371226351669364
 -13.271499006970977
 -13.171890478401926
 -13.072416098812162
 -12.973081840536087
 -12.873900707069968
 -12.774891123810230
 -12.676069841492501
 -12.577451083879367
 -12.479047460741125
 -12.380873021680550
 -12.282941383403655
 -12.185264510173255
 -12.087855030193838
 -11.990725348823213
 -11.893887331811664
 -11.797352014352644
 -11.701139354079118
 -11.605264322849003
 -11.509736710408735
 -11.414563923151276
 -11.319751414045628
 -11.225310910253953
 -11.131250462811673
 -11.037578089021325
 -10.944301107303291
 -10.851428850974832
 -10.758969003053023
 -10.666928232992447
 -10.575313476380799
 -10.484131988112390
 -10.393390117586380
 -10.303093754045777
 -10.213249216971798
 -10.123862719322124
 -10.034939706465765
  -9.946485880681445
  -9.858506644509587
  -9.771006704423145
  -9.683990882662115
  -9.597464617169905
  -9.511432170643008
  -9.425898283538254
  -9.340867388925020
  -9.256342681940680
  -9.172327382965291
  -9.088824979739028
  -9.005838362057945
  -8.923371265055398
  -8.841426738877725
  -8.760007180355126
  -8.679115760733437
  -8.598754263460892
  -8.518923672624682
  -8.439628013716037
  -8.360870247131704
  -8.282651963309069
  -8.204976542709652
  -8.127845219871537
  -8.051258187582622
  -7.975217026018303
  -7.899723098341895
  -7.824776564674879
  -7.750376270671756
  -7.676522324484695
  -7.603214809528450
  -7.530456105888121
  -7.458248009407379
  -7.386586586738089
  -7.315472317512680
  -7.244904590039593
  -7.174881655313893
  -7.105403080782728
  -7.036467702910789
  -6.968073520382513
  -6.900219042873189
  -6.832902803666197
  -6.766123064628127
  -6.699878243717658
  -6.634166722226715
  -6.568986817591886
  -6.504336879238084
  -6.440215131478062
  -6.376619707863628
  -6.313548774496048
  -6.251000515970513
  -6.188973034786387
  -6.127464239610966
  -6.066471946261626
  -6.005994129399611
  -5.946028857708328
  -5.886573883161207
  -5.827626533688730
  -5.769184404649074
  -5.711245674108190
  -5.653808191374723
  -5.596868561286974
  -5.540423713266262
  -5.484472317490499
  -5.429012277818117
  -5.374041404450011
  -5.319557746937034
  -5.265558118549469
  -5.212038616192834
  -5.158997488202898
  -5.106432306072985
  -5.054340292466986
  -5.002719059009166
  -4.951565915611118
  -4.900878220617331
  -4.850653274689647
  -4.800888307297845
  -4.751580521447033
  -4.702727032307307
  -4.654324922612125
  -4.606371255097518
  -4.558863062589462
  -4.511797362530646
  -4.465171155244455
  -4.418981435390993
  -4.373225191048538
  -4.327899394630330
  -4.283001023084319
  -4.238527070821232
  -4.194474504168987
  -4.150840291459692
  -4.107621470425512
  -4.064815016666189
  -4.022417895948410
  -3.980427243449589
  -3.938840057993509
  -3.897653318532203
  -3.856863989595360
  -3.816468834285789
  -3.776464686381447
  -3.736848396532242
  -3.697616840120599
  -3.658766913753559
  -3.620295532589000
  -3.582199629866845
  -3.544476155508879
  -3.507122076331496
  -3.470134374968421
  -3.433510049897182
  -3.397246117038872
  -3.361339607500450
  -3.325787569455794
  -3.290587073088943
  -3.255735200231693
  -3.221229058904243
  -3.187065791305772
  -3.153242527952514
  -3.119756425697163
  -3.086604630681714
  -3.053784309866403
  -3.021292603882892
  -2.989126700761298
  -2.957283783507254
  -2.925761068601636
  -2.894555799999820
  -2.863665232905321
  -2.833086698145750
  -2.802817493325914
  -2.772854886523237
  -2.743196157991441
  -2.713838516059737
  -2.684779226324173
  -2.656015565389122
  -2.627544848846050
  -2.599364407557454
  -2.571471602871166
  -2.543863813351638
  -2.516538443398094
  -2.489492915301739
  -2.462724673689747
  -2.436231180895919
  -2.410009919153679
  -2.384058387802835
  -2.358374104365292
  -2.332954603176528
  -2.307797436546443
  -2.282900173765372
  -2.258260402381675
  -2.233875727569035
  -2.209743773722933
  -2.185862184595255
  -2.162228625946818
  -2.138840787650431
  -2.115696390188983
  -2.092793181017198
  -2.070128907180441
  -2.047701347166640
  -2.025508294697501
  -2.003547598018103
  -1.981817181047970
  -1.960315132848510
  -1.939039741878561
  -1.917989633681027
  -1.897164053998869
