-1000.000000000000000
-1000.000000000000000
 -31.252443002856690
 -29.984054177942888
 -29.110196079503044
 -28.199234124659068
 -28.079914258339862
 -27.332316728818373
 -27.431682663339529
 -26.783551783336485
 -26.970498200508757
 -26.237992616707835
 -26.618092922147920
 -25.888358536328830
 -26.200307770558830
 -25.593826541985820
 -25.929257127665082
 -25.337593347822246
 -25.690875177923768
 -25.104227002910264
 -25.472773630518240
 -24.888853150410970
 -25.270967136396635
 -24.683675755344073
 -25.087746377576416
 -24.490732589862464
 -24.912028562388230
 -24.307145183794500
 -24.743717282064392
 -24.130339483074476
 -24.581506131347577
 -23.959101616809228
 -24.421778446768407
 -23.794316989557764
 -24.269004105299228
 -23.634439181995699
 -24.120630869615667
 -23.477639147067681
 -23.975367620730669
 -23.323719781197539
 -23.834234390157178
 -23.173139318586955
 -23.696298168025944
 -23.025817419889506
 -23.560017668247614
 -22.880936422230281
 -23.425675246558736
 -22.737951632355863
 -23.293148274374222
 -22.582135516597933
 -23.162668814864418
 -22.425022666060386
 -23.034022107722326
 -22.261573924965958
 -22.906519404414848
 -22.095799068293605
 -22.780185777228816
 -21.929001552158358
 -22.655061087423160
 -21.762855756645472
 -22.531126049931636
 -21.598459346661883
 -22.408183160054463
 -21.436395178393060
 -22.286047117885811
 -21.276938641624245
 -22.164674883394252
 -21.120186154818249
 -22.044032551158420
 -20.966034678475388
 -21.924112802578481
 -20.814308617029528
 -21.805024250181496
 -20.664946429435350
 -21.686610806107922
 -20.517815691404646
 -21.568655382999133
 -20.372812741709065
 -21.450907547025675
 -20.229711888411217
 -21.333477694339006
 -20.088198163816497
 -21.216406658637478
 -19.948041896857113
 -21.099620705994433
 -19.808818750745456
 -20.983023603817859
 -19.669766218646750
 -20.866483986119867
 -19.529666372517770
 -20.749997919530731
 -19.386880496641655
 -20.633694815289950
 -19.239766203105521
 -20.517681740690481
 -19.085621748500685
 -20.401886757493507
 -18.931194198592738
 -20.286159067109118
 -18.778442427741670
 -20.170445763526928
 -18.627289158576396
 -20.054772270458372
 -18.477656143038971
 -19.939167745482045
 -18.329473358032981
 -19.823639875411743
 -18.182644888807545
 -19.708154612542707
 -18.037068552242296
 -19.592638009387016
 -17.892647471480505
 -19.477044338152133
 -17.749373762057893
 -19.361331922251864
 -17.607220144355640
 -19.245498502849550
 -17.466144613795922
 -19.129426718198065
 -17.326077286438526
 -19.013156061879446
 -17.186987945863976
 -18.896558093007432
 -17.048876456056892
 -18.779311865122207
 -16.911742162481925
 -18.661482917066593
 -16.775570034597795
 -18.543305624350399
 -16.640321711417005
 -18.424861911666412
 -16.505986089550866
 -18.305993537024520
 -16.372567323883136
 -18.186517351522220
 -16.240056329015449
 -18.066624333577661
 -16.108447864436293
 -17.946555177707605
 -15.977722633365254
 -17.826590380187838
 -15.847865085071250
 -17.706888643180232
 -15.718872585183851
 -17.586752770326910
 -15.590736415519734
 -17.466325295134343
 -15.463448870496231
 -17.345677225120109
 -15.337007841846029
 -17.224839229817476
 -15.211410816813009
 -17.103813007076180
 -15.086650935915870
 -16.982609457706268
 -14.962720990964666
 -16.861282681948147
 -14.839618369435753
 -16.739850889361051
 -14.717341546051324
 -16.618341173532464
 -14.595884889712190
 -16.496802013266585
 -14.475242518924587
 -16.375270564753531
 -14.355412527218157
 -16.253763946725343
 -14.236389938309451
 -16.132311206544756
 -14.118169336496226
 -16.010962550849420
 -14.000750861390024
 -15.889751770889013
 -13.884128885653130
 -15.768701676194084
 -13.768295269574109
 -15.647861019173300
 -13.653251660757196
 -15.527268013001873
 -13.538989656851301
 -15.406940177771249
 -13.425501701881380
 -15.286893866668452
 -13.312782585996960
 -15.167133938835146
 -13.200829680916508
 -15.047680633831062
 -13.089637838261574
 -14.928552714448619
 -12.979202310541519
 -14.809794098491755
 -12.869519450886802
 -14.691390604539682
 -12.760585843995084
 -14.573358512438334
 -12.652397192945406
 -14.455714077563213
 -12.544949558631089
 -14.338476915977720
 -12.438239178593129
 -14.221653351254412
 -12.332262156099455
 -14.105257357762140
 -12.227014598154682
 -13.989302652148300
 -12.122493024884074
 -13.873801719483744
 -12.018694023626132
 -13.758764750156299
 -11.915614027778476
 -13.644203222913175
 -11.813249714063303
 -13.530127667452387
 -11.711597899841591
 -13.416547711950484
 -11.610655267073827
 -13.303472752305110
 -11.510418427033800
 -13.190912036295535
 -11.410884009144818
 -13.078874044783124
 -11.312048770675698
 -12.967366958966688
 -11.213909572388976
 -12.856398826206064
 -11.116463235556669
 -12.745977166163405
 -11.019706561736644
 -12.636108967796289
 -10.923636475291598
 -12.526800972316167
 -10.828249944301508
 -12.418059744524818
 -10.733543805124830
 -12.309891449904306
 -10.639514953743985
 -12.202301867109938
 -10.546160299239107
 -12.095296525326345
 -10.453476488833111
 -11.988880745407235
 -10.361460168034206
 -11.883059523660991
 -10.270107829168229
 -11.777837548335496
 -10.179415361080062
 -11.673219287968456
 -10.089378289639964
 -11.569208996018999
  -9.999991277639559
 -11.465810690714436
  -9.911249175611234
 -11.363028192994488
  -9.823142664620006
 -11.260865068747563
  -9.735670796791286
 -11.159324737008690
  -9.648808316893341
 -11.058410404732076
  -9.562572049673683
 -10.958124937641218
  -9.476899281642677
 -10.858474230421303
  -9.391822799373369
 -10.759463881273847
  -9.307390898580895
 -10.661095783192716
  -9.223602031067278
 -10.563371727899218
  -9.140455422281775
 -10.466083953342148
  -9.057950839370024
 -10.369237267359486
  -8.976090071902657
 -10.273046276902031
  -8.894874224778578
 -10.177511569460952
  -8.814300178988928
 -10.082630213734955
  -8.734363100272766
  -9.988405583581654
  -8.655058196468877
  -9.894838957458592
  -8.576378656811077
  -9.801931100965039
  -8.498318286484258
  -9.709685677321891
  -8.420866247807600
  -9.618103050534897
  -8.344018231560939
  -9.527182523658299
  -8.267770705701412
  -9.436925128312295
  -8.192119635378997
  -9.347330350043036
  -8.117060724238550
  -9.258397093581639
  -8.042590063397682
  -9.170124439394336
  -7.968703543192109
  -9.082511397936155
  -7.895394741450141
  -8.995556926702756
  -7.822662443452962
  -8.909259983908351
  -7.750497669900223
  -8.823619400985612
  -7.678896245046729
  -8.738633947476307
  -7.607863591401062
  -8.654302293925616
  -7.537376415365854
  -8.570622945290857
  -7.467463040125975
  -8.487594252714091
  -7.398120463678935
  -8.405214407838564
  -7.329345533648189
  -8.323387836207242
  -7.261135364474885
  -8.242175940010712
  -7.193486931033485
  -8.161610222773868
  -7.126397433626693
  -8.081689206582968
  -7.059864021340883
  -8.002410690314724
  -6.993883569074176
  -7.923772655045245
  -6.928453328981715
  -7.845772757935660
  -6.863570671909593
  -7.768409765578814
  -6.799232950168406
  -7.691681800970033
  -6.735437371325157
  -7.615586716426424
  -6.672180492506650
  -7.540122826541998
  -6.609458248078469
  -7.465288000707033
  -6.547266406802887
  -7.391080068802183
  -6.485600786739730
  -7.317496981376791
  -6.424457143056569
  -7.244536490667941
  -6.363831653777463
  -7.172196234142025
  -6.303721231127827
  -7.100473763119374
  -6.244122908583917
  -7.029366468622119
  -6.185033944280658
  -6.958871612173191
  -6.126452041914923
  -6.888986349583856
  -6.068375756892127
  -6.819707746546268
  -6.010805495364479
  -6.751032826582167
  -5.953745446107265
  -6.682958570057286
  -5.897195261034527
  -6.615481919753182
  -5.841150214559112
  -6.548599814603478
  -5.785604654790441
  -6.482309223277464
  -5.730551356017294
  -6.416607127984451
  -5.675979991051535
  -6.351490426613185
  -5.621881162701949
  -6.286955907602263
  -5.568251354175873
  -6.223000268180771
  -5.515087138084990
  -6.159620078555601
  -5.462385173672864
  -6.096811792034678
  -5.410142179039333
  -6.034571837004173
  -5.358354794910362
  -5.972896655779823
  -5.307019547453682
  -5.911782678131967
  -5.256133058870732
  -5.851226326647541
  -5.205692213122625
  -5.791224020021162
  -5.155693853792466
  -5.731772169447890
  -5.106134542656761
  -5.672867179110217
  -5.057010699778031
  -5.614505440648244
  -5.008319750422015
  -5.556683335889592
  -4.960059391027079
  -5.499397246834188
  -4.912226685061020
  -5.442643556016452
  -4.864818463117867
  -5.386418613873722
  -4.817831700004298
  -5.330718810994537
  -4.771263522447610
  -5.275540585492526
  -4.725111275788452
  -5.220880344393379
  -4.679372624047365
  -5.166734415176411
  -4.634045611880762
  -5.113099213841364
  -4.589128267071516
  -5.059971163411748
  -4.544617810957693
  -5.007346681479632
  -4.500510642453709
  -4.955222235642927
  -4.456802847305691
  -4.903594315751547
  -4.413490081295299
  -4.852459435444397
  -4.370567881135455
  -4.801814080365952
  -4.328032551494680
  -4.751654704675578
  -4.285881083239944
  -4.701977722752908
  -4.244110480699325
  -4.652779489172697
  -4.202717766451096
  -4.604056334975539
  -4.161699983849824
  -4.555804595513585
  -4.121054199554517
  -4.508020607056236
  -4.080777508619156
  -4.460700712051987
  -4.040867058806842
  -4.413841259772828
  -4.001320090801528
  -4.367438607581212
  -3.962134745669720
  -4.321489122375009
  -3.923317865432553
  -4.275989181965126
  -3.884869074811973
  -4.230935177945155
  -3.846785330260767
  -4.186323526823277
  -3.809063530239978
  -4.142150755929831
  -3.771700508542385
  -4.098413386549746
  -3.734685656606135
  -4.055107936531528
  -3.698010473619734
  -4.012230915312220
  -3.661672107292850
  -3.969778828785714
  -3.625667657403851
  -3.927748104555604
  -3.589994233366824
  -3.886135153162067
  -3.554649057710252
  -3.844936416492221
  -3.519629426277862
  -3.804148350053998
  -3.484932664011101
  -3.763767428281175
  -3.450556115227336
  -3.723790145622842
  -3.416497143465353
  -3.684213014865089
  -3.382753130866646
  -3.645032568761775
  -3.349321478402529
  -3.606245358446148
  -3.316199606026939
  -3.567847954494294
  -3.283384952484748
  -3.529836946278097
  -3.250874975485420
  -3.492208942569447
  -3.218667152633162
  -3.454960571402423
  -3.186758980769270
  -3.418088480420705
  -3.155147976293300
  -3.381589336949945
  -3.123831678725175
  -3.345459828306542
  -3.092807648637738
  -3.309696661840340
  -3.062073797556452
  -3.274296565255204
  -3.031628792565943
  -3.239256286934333
  -3.001471309699105
  -3.204572595794468
  -2.971599347256273
  -3.170242302544056
  -2.942010643026592
  -3.136262269019816
  -2.912702671630921
  -3.102629364987059
  -2.883672251583808
  -3.069340490298224
  -2.854915823547819
  -3.036392548726071
  -2.826430514747776
  -3.003782453181886
  -2.798213797462482
  -2.971507091050598
  -2.770263306668440
  -2.939563384533784
  -2.742576767972819
  -2.907948253478620
  -2.715151958627382
  -2.876658655209910
  -2.687986715917927
  -2.845691556248281
  -2.661078880237139
  -2.815043956494743
  -2.634426245938075
  -2.784712873161983
  -2.608026587729927
  -2.754695351851672
  -2.581877644830934
  -2.724988455675867
  -2.555977160215387
  -2.695589272255251
  -2.530322920128945
  -2.666494904508842
  -2.504912757686526
  -2.637702478670863
  -2.479745160138249
  -2.609209137499751
  -2.454820683783344
  -2.581012047583631
  -2.430138852076104
  -2.553108393473111
  -2.405698423534527
  -2.525495387888768
  -2.381497744811982
  -2.498170277502742
  -2.357534944368887
  -2.471130329277313
  -2.333807054342081
  -2.444372832917499
  -2.310309303380418
  -2.417895095294652
  -2.287038210763896
  -2.391694442900732
  -2.263991016474431
  -2.365768213158142
  -2.241165328979332
  -2.340113750863101
  -2.218558960867869
  -2.314728422236017
  -2.196169843815503
  -2.289609610516426
  -2.173995984440122
  -2.264754722799017
  -2.152035439276944
  -2.240161185944226
  -2.130286301506017
  -2.215826450416226
  -2.108746693208089
  -2.191747987148728
  -2.087498706468554
  -2.167923289976878
  -2.066559751689687
  -2.144349873352271
  -2.045855341826610
  -2.121025274044163
  -2.025364030262165
  -2.097947492928397
  -2.005066632783911
  -2.075114229868745
  -1.984952941980604
  -2.052523017676601
  -1.965015697403081
  -2.030171436636592
  -1.945250292565433
  -2.008056983064902
  -1.925653544914651
  -1.986177238424466
  -1.906223473785295
  -1.964529755775319
  -1.886958983636444
  -1.943112168600506
  -1.867859629874808
  -1.921922115659904
  -1.848925555590737
  -1.900957310463514
  -1.830157664518082
-1000.000000000000000
-1000.000000000000000
 -27.889776574134792
 -26.558759282509811
 -25.777261145501342
 -24.819077287751249
 -24.760437413614817
 -23.973004310019700
 -24.120350323203937
 -23.437014140582299
 -23.664793313791574
 -23.053775675629115
 -23.316587608067298
 -22.640810024243109
 -23.037671703985840
 -22.374441738996218
 -22.719858689993796
 -22.157067999810401
 -22.497570118865490
 -21.974145687317296
 -22.308130685745322
 -21.803302444102918
 -22.143715982344265
 -21.655621827554427
 -21.996419635877931
 -21.518124914418291
 -21.855507405480104
 -21.393934082820543
 -21.729678938014903
 -21.276176419833050
 -21.612430906319755
 -21.162314653823632
 -21.501554643346122
 -21.054217638773270
 -21.397889961941953
 -20.950945331896527
 -21.299070318845754
 -20.850921151311194
 -21.203331789895877
 -20.753499071571518
 -21.111351328478658
 -20.658650083625968
 -21.021888454653205
 -20.565738372991429
 -20.931937749343049
 -20.474438157260860
 -20.845199131024117
 -20.384062574026800
 -20.760592224982663
 -20.294499859756510
 -20.677640464140445
 -20.206125508562394
 -20.595797103659926
 -20.118247447773207
 -20.514478579758716
 -20.030670496026911
 -20.434174620766623
 -19.940738428536307
 -20.354293213099414
 -19.850883246070879
 -20.274841119723366
 -19.760022579969693
 -20.195778526449697
 -19.668646040449399
 -20.116831369728917
 -19.577148541280689
 -20.038142604188526
 -19.485235589714691
 -19.959614912451123
 -19.393188629338614
 -19.880943877824290
 -19.301430682053105
 -19.802180367256231
 -19.209855327588166
 -19.723324035104685
 -19.118394875602554
 -19.644553733622718
 -19.026936927027663
 -19.565655639354048
 -18.935728951139673
 -19.486470522827389
 -18.844526660821952
 -19.406906551234879
 -18.753194145900412
 -19.327030257344095
 -18.661694421045418
 -19.247007955168790
 -18.570113704258361
 -19.166750581502363
 -18.478510156098860
 -19.086065742791018
 -18.386481377422342
 -19.004913042970013
 -18.293712437596604
 -18.923439703518032
 -18.195478152550987
 -18.841585746005279
 -18.054990065738654
 -18.759251931081874
 -17.915863828019909
 -18.676453386410785
 -17.777994718046326
 -18.593213240390231
 -17.641264701783118
 -18.509631997359975
 -17.505619389121787
 -18.425672536872483
 -17.371006040059992
 -18.341175660087742
 -17.237391329828220
 -18.256131342425387
 -17.104738619674823
 -18.170512857809719
 -16.973027000058210
 -18.084297912296581
 -16.842227433717810
 -17.997596151283709
 -16.712302635812868
 -17.910227767766571
 -16.583254944044015
 -17.821867125752270
 -16.455051264282734
 -17.732197000268435
 -16.327668924106348
 -17.641217298569764
 -16.201142110188382
 -17.549117650188133
 -16.075441821700934
 -17.455765007439535
 -15.950545952224381
 -17.361265257718031
 -15.826454053261445
 -17.265705691584586
 -15.703137212412535
 -17.169129018413283
 -15.580573977054364
 -17.071672014139594
 -15.458763102956224
 -16.973441771741598
 -15.337693041112997
 -16.874396045680719
 -15.217359785009947
 -16.774604110410571
 -15.097763835986024
 -16.674105972415273
 -14.978895504636082
 -16.572967474286777
 -14.860749214300931
 -16.471263050642460
 -14.743326968208500
 -16.369044057402494
 -14.626621774745695
 -16.266362416192603
 -14.510625787656052
 -16.163343873322141
 -14.395336397546636
 -16.059992095167519
 -14.280753016863875
 -15.956282893322371
 -14.166870670273946
 -15.852249805230668
 -14.053685558233687
 -15.747933767019484
 -13.941195778013629
 -15.643377418435453
 -13.829395986262064
 -15.538604184032362
 -13.718280737277505
 -15.433642107527771
 -13.607852442783825
 -15.328537938967456
 -13.498107811667436
 -15.223328451129280
 -13.389035591634551
 -15.118042178286428
 -13.280642155387769
 -15.012704623222088
 -13.172932586289532
 -14.907344149209800
 -13.065883883524407
 -14.801978569561324
 -12.959491290550114
 -14.697390542871050
 -12.853752980980531
 -14.592828519476694
 -12.748667327526928
 -14.488264295111534
 -12.644228949774103
 -14.383719477212139
 -12.540434843755476
 -14.279310271724595
 -12.437282380494484
 -14.174958877912800
 -12.334768709072762
 -14.070667857800442
 -12.232890677559810
 -13.966450331036034
 -12.131646015264756
 -13.862340226098976
 -12.031032570254590
 -13.758344751054857
 -11.931047958133249
 -13.654480023234859
 -11.831689949695519
 -13.550761987861982
 -11.732956732935545
 -13.447207430492911
 -11.634846473912237
 -13.343830043590556
 -11.537357439433313
 -13.240644906888338
 -11.440488128056314
 -13.137666656812209
 -11.344236874103421
 -13.034909413719603
 -11.248602007154682
 -12.932386980847328
 -11.153581715459227
 -12.830113217506049
 -11.059174149764575
 -12.728101582792769
 -10.965377838923754
 -12.626365304857034
 -10.872191314238306
 -12.524917430131262
 -10.779612919565972
 -12.423770586319884
 -10.687641217208331
 -12.322937014060150
 -10.596275071791469
 -12.222428532478929
 -10.505512914444196
 -12.122256672227801
 -10.415353471382559
 -12.022432641322018
 -10.325795940325904
 -11.922967210035214
 -10.236838577259110
 -11.823870772669748
 -10.148480343603877
 -11.725153477667572
 -10.060721425251275
 -11.626825174702763
  -9.973559813870056
 -11.528895397189958
  -9.886994796509072
 -11.431373782322320
  -9.801028708745985
 -11.334269472320273
  -9.715659410715681
 -11.237591514846734
  -9.630886685883290
 -11.141348544281401
  -9.546708247894978
 -11.045548840526230
  -9.463116944668256
 -10.950200309486419
  -9.380116111857271
 -10.855310255990311
  -9.297699499524914
 -10.760885745416985
  -9.215863254331163
 -10.666933389928470
  -9.134609378752005
 -10.573459424731873
  -9.053934932541015
 -10.480469837972334
  -8.973838071682927
 -10.387970391408629
  -8.894318523815491
 -10.295942617114516
  -8.815374907893988
 -10.204395918438490
  -8.737004775288712
 -10.113361727553588
  -8.659206199003254
 -10.022840082446391
  -8.581977055867156
  -9.932835789544201
  -8.505314385101141
  -9.843358531700829
  -8.429214870633080
  -9.754411197797184
  -8.353676120493207
  -9.665997669754297
  -8.278695086880333
  -9.578121890599441
  -8.204269122366053
  -9.490783876267574
  -8.130396672466436
  -9.403986907982798
  -8.057074537239190
  -9.317734499756000
  -7.984298635308383
  -9.232028737762036
  -7.912067699338317
  -9.146872224587138
  -7.840375988720203
  -9.062267538560665
  -7.769216650411038
  -8.978216736988342
  -7.698593528527452
  -8.894721855709385
  -7.628490327209128
  -8.811784821998465
  -7.558899084092197
  -8.729407243112059
  -7.489844019383608
  -8.647590584127610
  -7.421233417872012
  -8.566336190014020
  -7.353146407056832
  -8.485645008870192
  -7.285597961200233
  -8.405517852693945
  -7.218586685181394
  -8.325955542527577
  -7.152110836016140
  -8.246693666722546
  -7.086167478742079
  -8.167887332587098
  -7.020754201854036
  -8.089653042726933
  -6.955869936567310
  -8.011992133639742
  -6.891512102000114
  -7.934905298268628
  -6.827682563231946
  -7.858392818027374
  -6.764375505536680
  -7.782454368689834
  -6.701589405811550
  -7.707090940546879
  -6.639322873101235
  -7.632309311768051
  -6.577575445876837
  -7.558116300228956
  -6.516349863151895
  -7.484501516915267
  -6.455646088599781
  -7.411463519416272
  -6.395459214852988
  -7.338999062880060
  -6.335782354934357
  -7.267107261185856
  -6.276609555984329
  -7.195786808009197
  -6.217932280977275
  -7.125036707412181
  -6.159742057658084
  -7.054855706178686
  -6.102036200419499
  -6.985242543787426
  -6.044812164963372
  -6.916195705620652
  -5.988067391844216
  -6.847713543286827
  -5.931799359045511
  -6.779794262806390
  -5.876005163791535
  -6.712436026951133
  -5.820681570795129
  -6.645636938057531
  -5.765825295908472
  -6.579395041945397
  -5.711433017161129
  -6.513708337932506
  -5.657501239644369
  -6.448574788994914
  -5.604026380503393
  -6.383992310367393
  -5.551005203106826
  -6.319958746889609
  -5.498434849188284
  -6.256471871151880
  -5.446312521405610
  -6.193529388823214
  -5.394635074399803
  -6.131128925699407
  -5.343399013707271
  -6.069268027178151
  -5.292601241605116
  -6.007944182880086
  -5.242239331090908
  -5.947154847391650
  -5.192310523999527
  -5.886897433209848
  -5.142810804713221
  -5.827169294089728
  -5.093736174481929
  -5.767967729991407
  -5.045084884825576
  -5.709290015416295
  -4.996855193496496
  -5.651133417879168
  -4.949043366186404
  -5.593495159827299
  -4.901641526355695
  -5.536372374401376
  -4.854651691520017
  -5.479762171799612
  -4.808075686667417
  -5.423661719878362
  -4.761910030418339
  -5.368015819645634
  -4.716151677881067
  -5.312875477583617
  -4.670798169262182
  -5.258238219419022
  -4.625847452266727
  -5.204101120096917
  -4.581298160063832
  -5.150460950785001
  -4.537150301284104
  -5.097314754339941
  -4.493406833529957
  -5.044659639149698
  -4.450069118360848
  -4.992492605442924
  -4.407132910224533
  -4.940810724859342
  -4.364593062042503
  -4.889611077521410
  -4.322442850033089
  -4.838890753325597
  -4.280672679103787
  -4.788646777614399
  -4.239275661240219
  -4.738876094673077
  -4.198248969035887
  -4.689575573848310
  -4.157589790292000
  -4.640741974328209
  -4.117295337124152
  -4.592372001569554
  -4.077362861954613
  -4.544462365733174
  -4.037789650035181
  -4.497009774091801
  -3.998573033918570
  -4.450010932363747
  -3.959710484255693
  -4.403462545195031
  -3.921199720574680
  -4.357361316236829
  -3.883038798770534
  -4.311703949230673
  -3.845225446326854
  -4.266487148072655
  -3.807757166809384
  -4.221707621586443
  -3.770631255721991
  -4.177362090972686
  -3.733844861520830
  -4.133447304841913
  -3.697395038741946
  -4.089960008400790
  -3.661278639655963
  -4.046896955299096
  -3.625492583546661
  -4.004254889013485
  -3.590033936374394
  -3.962030547886546
  -3.554899507576214
  -3.920220663878701
  -3.520086089952758
  -3.878821949441004
  -3.485590915997245
  -3.837831118504387
  -3.451411405500607
  -3.797244879018788
  -3.417544996176263
  -3.757059914957737
  -3.383989142336493
  -3.717272919371275
  -3.350741317355087
  -3.677880590908434
  -3.317799012748510
  -3.638879639808025
  -3.285159739673298
  -3.600266787039152
  -3.252821030493968
  -3.562038766211854
  -3.220780436927843
  -3.524192323738931
  -3.189035532897803
  -3.486724219731503
  -3.157583920277418
  -3.449631228430382
  -3.126423219210585
  -3.412910138689570
  -3.095551078370179
  -3.376557754378667
  -3.064965199988133
  -3.340570895101591
  -3.034663291561744
  -3.304946396185270
  -3.004646524844361
  -3.269681109411808
  -2.974919635320591
  -3.234771904240056
  -2.945480374823789
  -3.200215666468152
  -2.916326231729789
  -3.166009335368911
  -2.887454617699910
  -3.132149916462616
  -2.858860412273078
  -3.098634391247598
  -2.830533590696392
  -3.065459765685304
  -2.802471369171983
  -3.032623036249935
  -2.774671541620912
  -3.000121192614512
  -2.747131945635968
  -2.967951168442184
  -2.719850597729552
  -2.936109958513394
  -2.692825458294583
  -2.904594552754840
  -2.666054795930676
  -2.873401984813791
  -2.639536697341502
  -2.842529300626856
  -2.613268835294945
  -2.811973577407546
  -2.587248864438536
  -2.781731919391854
  -2.561474189598626
  -2.751801449697004
  -2.535942302488402
  -2.722179302005725
  -2.510650961324474
  -2.692862628708022
  -2.485598065875938
  -2.663848582323876
  -2.460781564292482
  -2.635134339691598
  -2.436199470090201
  -2.606717090521181
  -2.411849969152754
  -2.578594050006518
  -2.387731329996405
  -2.550762449638208
  -2.363841771911440
  -2.523219546836618
  -2.340179454270851
  -2.495962622415920
  -2.316742496680193
  -2.468988980653100
  -2.293528957170039
  -2.442295946750903
  -2.270536758041636
  -2.415880866477042
  -2.247763737672738
  -2.389741105096903
  -2.225207802033330
  -2.363874045102979
  -2.202866939843853
  -2.338277083652528
  -2.180739206020149
  -2.312947636622259
  -2.158822705071578
  -2.287883137135218
  -2.137115580519395
  -2.263081038754139
  -2.115616009442811
  -2.238538813749231
  -2.094322202053561
  -2.214253955323933
  -2.073232405689077
  -2.190223976039306
  -2.052346032294905
  -2.166446409499083
  -2.031667546075031
  -2.142918809175824
  -2.011198723303032
  -2.119638749938703
  -1.990934527299285
  -2.096603966600377
  -1.970870264741388
  -2.073812147594804
  -1.951001638690557
  -2.051260966356808
  -1.931325253958154
  -2.028948079633441
  -1.911838642048110
  -2.006871132099374
  -1.892542069853518
  -1.985027786890587
  -1.873436970057885
  -1.963415714249988
  -1.854525815149602
  -1.942032628600410
  -1.835813321555841
  -1.920876291169667
  -1.817308931447200
  -1.899944537971576
  -1.799031173596787
-1000.000000000000000
-1000.000000000000000
 -25.597895469541090
 -24.057077931449466
 -23.597460427903748
 -22.479403426947872
 -22.631598325380715
 -21.708442884546827
 -22.022437936053194
 -21.218607559850049
 -21.588293503939710
 -20.867624722338363
 -21.256093247550009
 -20.469384176262498
 -20.989757990442321
 -20.229481040619572
 -20.769057651285966
 -20.032854854683851
 -20.478970844094629
 -19.867199572846079
 -20.299435202477255
 -19.718224610430482
 -20.143346513927629
 -19.585189897233381
 -20.005682419966341
 -19.467997396045291
 -19.882830293973104
 -19.358732761076354
 -19.764621263210572
 -19.259610240574343
 -19.657069386177394
 -19.166746040117403
 -19.559155123689393
 -19.080634816267555
 -19.468010674663152
 -18.994651170571323
 -19.380453568436405
 -18.915829369423307
 -19.299609713053378
 -18.840048056152764
 -19.222004295288425
 -18.766329226766022
 -19.148600566309597
 -18.695119265206298
 -19.077790295700368
 -18.625847490998837
 -19.010219829928278
 -18.558173497493765
 -18.944440411711636
 -18.491313379216749
 -18.880605209799871
 -18.425386663552096
 -18.815027516182148
 -18.359879026666352
 -18.752886203479495
 -18.294932095630479
 -18.692255867939302
 -18.230156780654756
 -18.632686139739672
 -18.165590940443032
 -18.573846032767882
 -18.100908112862761
 -18.515285677630988
 -18.036226428260402
 -18.457204264359831
 -17.971238232689139
 -18.399547255067137
 -17.906157271319458
 -18.342026030123940
 -17.840570180409035
 -18.284475499865643
 -17.774614236080620
 -18.227021861887472
 -17.708131935120122
 -18.169449261304077
 -17.641357298084149
 -18.111573104008759
 -17.573906336299650
 -18.053619385052134
 -17.506049009960641
 -17.995172043111346
 -17.437516605281804
 -17.936460708085153
 -17.368479807686619
 -17.877493152900456
 -17.298719212512125
 -17.817948707056161
 -17.228255681458382
 -17.757985426875081
 -17.157099666223147
 -17.697585210159289
 -17.081122838620228
 -17.636597306517142
 -16.944611354812210
 -17.575128126113409
 -16.814451919975870
 -17.513017284173017
 -16.685509120910876
 -17.450267719778328
 -16.557726641603420
 -17.386960595995596
 -16.431094502673069
 -17.322885277752174
 -16.305641487205332
 -17.258096701835925
 -16.181317440439713
 -17.192641951681800
 -16.058034357611479
 -17.126271351344183
 -15.935705372370879
 -17.058980396967254
 -15.814314998808840
 -16.990672388131625
 -15.693846276310712
 -16.921141471460373
 -15.574271575911609
 -16.850184073471056
 -15.455561798052267
 -16.777720660377419
 -15.337688233785624
 -16.703748698117881
 -15.220619031182304
 -16.628387917165441
 -15.104352671077450
 -16.551651935688113
 -14.988890398563816
 -16.473619169484003
 -14.874225505382665
 -16.394372063789078
 -14.760337724866956
 -16.314098304519771
 -14.647201952870295
 -16.232756609796066
 -14.534801973215162
 -16.150398862596443
 -14.423137888605542
 -16.067054177055557
 -14.312201345407543
 -15.982828402033331
 -14.201976540718571
 -15.897877861835326
 -14.092460789757620
 -15.812110183830951
 -13.983639715625044
 -15.725583349715963
 -13.875498640178941
 -15.638377937062458
 -13.768033011915399
 -15.550586767546829
 -13.661258082541986
 -15.462213418659811
 -13.555155806757458
 -15.373285288682963
 -13.449709149611815
 -15.283923233409380
 -13.344916672385537
 -15.194053796629177
 -13.240766481063076
 -15.103697189274534
 -13.137247366634497
 -15.012889637456237
 -13.034355400505047
 -14.921664650641786
 -12.932090526166277
 -14.830041275706064
 -12.830444323362498
 -14.738062317244879
 -12.729408483208761
 -14.645853137760282
 -12.628985205370158
 -14.553413148609369
 -12.529161327672549
 -14.460705761359195
 -12.429931819889878
 -14.367780375518434
 -12.331293824305064
 -14.274708122236854
 -12.233247948889503
 -14.181478096128789
 -12.135792040197115
 -14.088069534182852
 -12.038921730229085
 -13.994507296647042
 -11.942632346525510
 -13.900808591606349
 -11.846919633110197
 -13.806997255715638
 -11.751779544231390
 -13.713105070575667
 -11.657208367201092
 -13.619133254469581
 -11.563204035898005
 -13.525104150860431
 -11.469764396155563
 -13.431054731609191
 -11.376886949003731
 -13.337024418512533
 -11.284569801293769
 -13.243029318593281
 -11.192811630231441
 -13.149071892702880
 -11.101610150872174
 -13.055157983810838
 -11.010961443076084
 -12.961296965539464
 -10.920863559054933
 -12.867500398987497
 -10.831315130093225
 -12.773781394767253
 -10.742314908351764
 -12.680153466643977
 -10.653861287339078
 -12.586630054966239
 -10.565952943849661
 -12.493224983134471
 -10.478588475804941
 -12.399952150110122
 -10.391766563750011
 -12.306825284473852
 -10.305485897235755
 -12.213862633380058
 -10.219745397817727
 -12.121084188663923
 -10.134544025704898
 -12.028502227396540
 -10.049880720967575
 -11.936129079469296
  -9.965754617642533
 -11.843975749898810
  -9.882164580200179
 -11.752053218438633
  -9.799109774519351
 -11.660369691913075
  -9.716589152858843
 -11.568931887693321
  -9.634601352236411
 -11.477750457865637
  -9.553145419341677
 -11.386835912852987
  -9.472220444451796
 -11.296198944194829
  -9.391824893506813
 -11.205850758463615
  -9.311957792766146
 -11.115805185380440
  -9.232617998679576
 -11.026072901282378
  -9.153803318235685
 -10.936665578653363
  -9.075512071124461
 -10.847592508902149
  -8.997744042999720
 -10.758863195833442
  -8.920499052255499
 -10.670484855756778
  -8.843776244430977
 -10.582463370531903
  -8.767575419167398
 -10.494805551631680
  -8.691895091335660
 -10.407517488724585
  -8.616732271918019
 -10.320605905942493
  -8.542085501782317
 -10.234077167424630
  -8.467957614839436
 -10.147937705556416
  -8.394346936023377
 -10.062193651043323
  -8.321254437409127
  -9.976851178241844
  -8.248680190639021
  -9.891915991008290
  -8.176619195927245
  -9.807392810852834
  -8.105065789458815
  -9.723287791071932
  -8.034029391342216
  -9.639607408575189
  -7.963506907603700
  -9.556356762979126
  -7.893501773118788
  -9.473541232302702
  -7.824016198648735
  -9.391166132934643
  -7.755041215570581
  -9.309236209426105
  -7.686565337769396
  -9.227756269910559
  -7.618585949663254
  -9.146730732328329
  -7.551089542207779
  -9.066163480167173
  -7.484083284167648
  -8.986058301634886
  -7.417571422125495
  -8.906418754706507
  -7.351546334355319
  -8.827248046108194
  -7.286013135455494
  -8.748549469154224
  -7.220968080012338
  -8.670326113912484
  -7.156387537274927
  -8.592580806569208
  -7.092292825829265
  -8.515316343403738
  -7.028685848883136
  -8.438535188600984
  -6.965573043744126
  -8.362239371297848
  -6.902950955754697
  -8.286431254761533
  -6.840812690658558
  -8.211113009019002
  -6.779154893908848
  -8.136214217167545
  -6.717975248309456
  -8.061767910400439
  -6.657285791841474
  -7.987800834974510
  -6.597097536597626
  -7.914322264804481
  -6.537387049081453
  -7.841339406111515
  -6.478150042852167
  -7.768855522068018
  -6.419378278023952
  -7.696873159766618
  -6.361074760756576
  -7.625849223742861
  -6.303236071815374
  -7.555384300789488
  -6.245859218722654
  -7.485489290673011
  -6.188939129629007
  -7.416063022074434
  -6.132469239331916
  -7.347111435085764
  -6.076459041694203
  -7.278608246462436
  -6.020908232271108
  -7.210556959479809
  -5.965814242908952
  -7.142951790369537
  -5.911170814774176
  -7.075795234660532
  -5.856962240101035
  -7.009087298123732
  -5.803185412115455
  -6.942831393088638
  -5.749838105728282
  -6.877028520879218
  -5.696917380469377
  -6.811680360845046
  -5.644420189620237
  -6.746787757709217
  -5.592344362126892
  -6.682351735104694
  -5.540688468651837
  -6.618372963225873
  -5.489450392948098
  -6.554852148144571
  -5.438626391327639
  -6.491789790477045
  -5.388212635997903
  -6.429186366761850
  -5.338207580621853
  -6.367042235650923
  -5.288611228108683
  -6.305357649159102
  -5.239421134575903
  -6.244132747903786
  -5.190630725074119
  -6.183367593252630
  -5.142234967160459
  -6.123062156423359
  -5.094235912821750
  -6.063216307917935
  -5.046636745287950
  -6.003829782701569
  -4.999429898962219
  -5.944902112794354
  -4.952600046586078
  -5.886432655035128
  -4.906148419140711
  -5.828420938633796
  -4.860090992932357
  -5.770866303820175
  -4.814425692123995
  -5.713768004485241
  -4.769114161485587
  -5.657125264718990
  -4.724149995877021
  -5.600937364600450
  -4.679578215565669
  -5.545203432167694
  -4.635397396737253
  -5.489922274100193
  -4.591611482017024
  -5.435092726150379
  -4.548218120024881
  -5.380599889858467
  -4.505214652063950
  -5.326335406873353
  -4.462589770566023
  -5.272531494848132
  -4.420334770354406
  -5.219187142335851
  -4.378447392183169
  -5.166300518369709
  -4.336924688669522
  -5.113869189396466
  -4.295763806884115
  -5.061891981134393
  -4.254961785553078
  -5.010367419718509
  -4.214515319892701
  -4.959293698656916
  -4.174421308105890
  -4.908669232671463
  -4.134677139032213
  -4.858492227425806
  -4.095280378489099
  -4.808760876200389
  -4.056228585971428
  -4.759473278533942
  -4.017519315097299
  -4.710627438114033
  -3.979150194437314
  -4.662221285686251
  -3.941118922328915
  -4.614252636387604
  -3.903423133923104
  -4.566719241474179
  -3.866060468814878
  -4.519618811823337
  -3.829028829136214
  -4.472949008430248
  -3.792326145736264
  -4.426707453442033
  -3.755949970439494
  -4.380891730451084
  -3.719898225398798
  -4.335499391708360
  -3.684169509707541
  -4.290527959738027
  -3.648761244710920
  -4.245974922669033
  -3.613671042566414
  -4.201837747595653
  -3.578899291548766
  -4.158113891592722
  -3.544443414037278
  -4.114800778665450
  -3.510300259982233
  -4.071895807920752
  -3.476473980949604
  -4.029396400720985
  -3.442961994526882
  -3.987299925734970
  -3.409760168873167
  -3.945603722096341
  -3.376865582904483
  -3.904305207384545
  -3.344268162176343
  -3.863401709659632
  -3.311962652718033
  -3.822890519998098
  -3.279946781773933
  -3.782768900647298
  -3.248218296193115
  -3.743033973358423
  -3.216774962259507
  -3.703682874911499
  -3.185614579017706
  -3.664712741099642
  -3.154734968133008
  -3.626120711819802
  -3.124133975092984
  -3.587903930059799
  -3.093809500256581
  -3.550059541310561
  -3.063759470709833
  -3.512584693697365
  -3.033981847464711
  -3.475476537991338
  -3.004474709992973
  -3.438732228290581
  -2.975236147768006
  -3.402348922089110
  -2.946264323771743
  -3.366323780861550
  -2.917557721075281
  -3.330653971712597
  -2.889114614075425
  -3.295336666622571
  -2.860932723715754
  -3.260369044140312
  -2.833009689721957
  -3.225748293172214
  -2.805343120502092
  -3.191471607215447
  -2.777930489186473
  -3.157536203713039
  -2.750769132576007
  -3.123939332397299
  -2.723857181545470
  -3.090678222619140
  -2.697192993712220
  -3.057750120758351
  -2.670774904202410
  -3.025152258682505
  -2.644601765780549
  -2.992881873048808
  -2.618672095770224
  -2.960936164785843
  -2.592985737638183
  -2.929312376246424
  -2.567541527237063
  -2.898007741450952
  -2.542341237859210
  -2.867019523221475
  -2.517383800661295
  -2.836345001194516
  -2.492664447315935
  -2.805981468255801
  -2.468179748916527
  -2.775926267363316
  -2.443922909843520
  -2.746176726408264
  -2.419889903736913
  -2.716730154939136
  -2.396078890847125
  -2.687583870982429
  -2.372488055844965
  -2.658735146681152
  -2.349115610483712
  -2.630181290979221
  -2.325959783994947
  -2.601919622129902
  -2.303018805761365
  -2.573947488104845
  -2.280290902934450
  -2.546262250326489
  -2.257774301021807
  -2.518861295180764
  -2.235467224631146
  -2.491742025248813
  -2.213367895720536
  -2.464901865097015
  -2.191474540441511
  -2.438338255835606
  -2.169785405647854
  -2.412048657974462
  -2.148298767986864
  -2.386030548343692
  -2.127012935284475
  -2.360281421166883
  -2.105926248530647
  -2.334798785872810
  -2.085037087579147
  -2.309580168459180
  -2.064343882842520
  -2.284623110462312
  -2.043845136186909
  -2.259925170444692
  -2.023539457263848
  -2.235483923111271
  -2.003425624591339
  -2.211296960706249
  -1.983502694620187
  -2.187361892357403
  -1.963769863295135
  -2.163676345562490
  -1.944225743255033
  -2.140237966095417
  -1.924868495776257
  -2.117044420137260
  -1.905696763516296
  -2.094093418665790
  -1.886710002489766
  -2.071382691236845
  -1.867909126327773
  -2.048909988990483
  -1.849297686585130
  -2.026673057462653
  -1.830884387449179
  -2.004669663252560
  -1.812688472845759
  -1.982897585813878
  -1.794742166399946
  -1.961354643600086
  -1.777098876346896
  -1.940038714176066
  -1.759857675364495
  -1.918947794754428
  -1.743232678685833
  -1.898080030262416
  -1.727768793053724
