 -25.689935641092536
 -25.529970925876228
 -25.380725691005406
 -25.234929156939941
 -25.097591924669207
 -24.962245381046476
 -24.828430764494900
 -24.700147858188895
 -24.573109468568322
 -24.447436522780961
 -24.323155914029567
 -24.202140022546839
 -24.083113623917395
 -23.964721366544634
 -23.847129908933884
 -23.730538973422309
 -23.615693651482172
 -23.502074305119962
 -23.388833572294349
 -23.276293321868003
 -23.164249737993725
 -23.053011305567491
 -22.942562888095118
 -22.832647423042580
 -22.723008800399814
 -22.613728917501756
 -22.504724637816679
 -22.396125811499530
 -22.288015937515656
 -22.180191364491623
 -22.072472618071963
 -21.964930676687736
 -21.857556583504707
 -21.750396374555731
 -21.643482100061014
 -21.536678167893193
 -21.429818732616592
 -21.322723608808616
 -21.215445500940834
 -21.108139214709396
 -21.000801284507393
 -20.893361416925448
 -20.785737643874675
 -20.677841457605560
 -20.569717064522202
 -20.461458096492489
 -20.353061957275315
 -20.244521013953275
 -20.135788842904024
 -20.026831363077278
 -19.917695851812240
 -19.808417763194761
 -19.698984392725020
 -19.589364796357032
 -19.479512335262577
 -19.369384530661030
 -19.258934724935987
 -19.148060876519402
 -19.036607609877322
 -18.924667438189463
 -18.812297074555815
 -18.699132176609972
 -18.585000760630898
 -18.470325088018175
 -18.355217597360461
 -18.239670467631914
 -18.123468445119453
 -18.006600402992920
 -17.889281666137080
 -17.771581371731493
 -17.653461980855958
 -17.534888982137492
 -17.415958478071676
 -17.296761455828698
 -17.177305657862334
 -17.057580704807283
 -16.937643966154582
 -16.817569146847777
 -16.697383429371065
 -16.577096191283697
 -16.456742877448683
 -16.336383559622160
 -16.216068893289439
 -16.095815688074971
 -15.975657341751502
 -15.855636272739353
 -15.735761952825465
 -15.616056301959143
 -15.496546264223888
 -15.377258948403480
 -15.258210693774057
 -15.139421752704694
 -15.020914645501961
 -14.902710834071826
 -14.784825942654491
 -14.667277195287195
 -14.550082765916464
 -14.433259713415652
 -14.316822442665950
 -14.200785455604569
 -14.085161881308645
 -13.969965677475967
 -13.855209836133612
 -13.740906157985531
 -13.627065745498252
 -13.513699732990307
 -13.400818480848837
 -13.288431439999522
 -13.176547751906662
 -13.065176366729760
 -12.954325651889434
 -12.844003468168903
 -12.734217533921177
 -12.624975282284289
 -12.516283641594566
 -12.408149194272763
 -12.300578249511872
 -12.193576817627577
 -12.087150585380357
 -11.981304935770105
 -11.876044980725613
 -11.771375596742828
 -11.667301381904423
 -11.563826665831904
 -11.460955555284190
 -11.358692008798709
 -11.257039767531085
 -11.156002266428617
 -11.055582809472851
 -10.955787047846719
 -10.856620274183047
 -10.758084778465347
 -10.660182388786877
 -10.562914965363518
 -10.466283240734121
 -10.370290563948121
 -10.274937374344336
 -10.180226095018444
 -10.086160370814252
  -9.992737532249947
  -9.899958889300450
  -9.807824836145690
  -9.716335972444899
  -9.625495511198414
  -9.535303250139362
  -9.445757878826194
  -9.356860076774629
  -9.268609225403100
  -9.181004137322155
  -9.094044549909219
  -9.007729571295890
  -8.922058049065946
  -8.837029194911185
  -8.752641808240496
  -8.668894535374406
  -8.585786132182985
  -8.503315039643537
  -8.421479542598700
  -8.340277980397751
  -8.259708272612317
  -8.179768337349945
  -8.100457350191688
  -8.021774004216072
  -7.943716263689521
  -7.866282024555770
  -7.789469144099748
  -7.713276465604483
  -7.637702124791292
  -7.562744144134784
  -7.488400856940687
  -7.414670201461445
  -7.341550125515585
  -7.269038627773122
  -7.197133530410234
  -7.125832566374712
  -7.055133355338501
  -6.985033358098558
  -6.915529928414409
  -6.846620300500783
  -6.778301621437304
  -6.710571007702633
  -6.643425526652169
  -6.576862213068494
  -6.510878100702529
  -6.445470248612148
  -6.380635734716412
  -6.316371558653705
  -6.252674610133236
  -6.189541692673788
  -6.126969489664392
  -6.064954570369998
  -6.003493479166183
  -5.942582778322357
  -5.882219021161311
  -5.822398754239628
  -5.763118522432670
  -5.704374864938830
  -5.646164315618393
  -5.588483398279472
  -5.531328628992370
  -5.474696526335893
  -5.418583610609305
  -5.362986372444122
  -5.307901345129655
  -5.253325107054599
  -5.199254212111789
  -5.145685135793944
  -5.092614439122140
  -5.040038694651852
  -4.987954475287681
  -4.936358395881871
  -4.885247100325711
  -4.834617256078609
  -4.784465503711792
  -4.734788455006055
  -4.685582682873440
  -4.636844704279028
  -4.588571013311024
  -4.540758109957846
  -4.493402497189586
  -4.446500684351332
  -4.400049188081096
  -4.354044533386622
  -4.308483254907692
  -4.263361898257600
  -4.218677022674367
  -4.174425211686606
  -4.130603155135836
  -4.087207542658244
  -4.044235056191718
  -4.001682369968957
  -3.959546154268240
  -3.917823004266900
  -3.876509494497238
  -3.835602230668610
  -3.795097832205831
  -3.754992935823678
  -3.715284196891562
  -3.675968287734769
  -3.637041899229209
  -3.598501738905655
  -3.560344532242276
  -3.522567021690588
  -3.485165967471880
  -3.448138147188254
  -3.411480356277675
  -3.375189407915693
  -3.339262133370066
  -3.303695381933875
  -3.268486021248376
  -3.233630937560548
  -3.199127035570046
  -3.164971259259239
  -3.131160601422657
  -3.097692061004376
  -3.064562663715950
  -3.031769437744545
  -2.999309418124641
  -2.967179612951867
  -2.935377062306278
  -2.903898803283794
  -2.872741907292585
  -2.841903453416224
  -2.811380551229371
  -2.781170325699432
  -2.751269927596707
  -2.721676523086930
  -2.692387300414940
  -2.663399461121113
  -2.634710227707069
  -2.606316837270828
  -2.578216548466680
  -2.550406635906727
  -2.522884400132655
  -2.495647173533752
  -2.468692306899824
  -2.442017171397946
  -2.415619153480626
  -2.389495657118109
  -2.363644095488171
  -2.338061887135087
  -2.312746470191402
  -2.287695298216565
  -2.262905846737341
  -2.238375609354805
  -2.214102101424625
  -2.190082857096590
  -2.166315431652838
  -2.142797399365116
  -2.119526355138514
  -2.096500354890498
  -2.073717159007647
  -2.051174346113405
  -2.028869546125053
  -2.006800306721502
  -1.984964258209031
  -1.963359003419903
  -1.941982222472038
  -1.920831600991653
  -1.899904896461164
 -20.470761479547534
 -20.434413730908101
 -20.397613154981073
 -20.360400857926784
 -20.322570688740928
 -20.284436371192509
 -20.245590636593395
 -20.206159803909234
 -20.166417895011403
 -20.125971107667777
 -20.084985353457487
 -20.043546479948844
 -20.001430422403814
 -19.958760250767412
 -19.915718228034144
 -19.871982531452069
 -19.827554131017862
 -19.782591383740364
 -19.737128068945832
 -19.691006329546330
 -19.644232276465157
 -19.596862179204233
 -19.548941821622247
 -19.500334876269420
 -19.451058545525630
 -19.401136947929249
 -19.350699666804250
 -19.299666707001045
 -19.247922279891842
 -19.195451415831286
 -19.142238951828325
 -19.088275600995310
 -19.033670206976261
 -18.978589378812579
 -18.922795543226140
 -18.866272821084703
 -18.809011483975272
 -18.751004681273962
 -18.692248212378331
 -18.632738742848641
 -18.572496129720886
 -18.511578623566191
 -18.449999368907942
 -18.387713018924337
 -18.324696082293048
 -18.260935385887720
 -18.196423541579442
 -18.131155113882308
 -18.065120006830380
 -17.998302246488272
 -17.930685211093778
 -17.862246861957463
 -17.792951087357977
 -17.722782936772884
 -17.651648841320181
 -17.579056050178252
 -17.505161971695905
 -17.429852728741583
 -17.353146128893755
 -17.275043754478812
 -17.195660580604311
 -17.115087646091574
 -17.033401369651088
 -16.950642059131340
 -16.866849510749464
 -16.782079075190858
 -16.696372016779975
 -16.609768832234902
 -16.522299941161034
 -16.434007419827395
 -16.344939082953008
 -16.255137186506619
 -16.164635741884808
 -16.073458669430920
 -15.981640924420336
 -15.889215025980619
 -15.796211366908157
 -15.702665834022213
 -15.608608510409450
 -15.514070190724688
 -15.419080785247896
 -15.323667440228062
 -15.227859893539524
 -15.131703886949575
 -15.035218849205238
 -14.938436556381845
 -14.841379931835831
 -14.744076250548327
 -14.646542216855451
 -14.548800233727698
 -14.450869996951187
 -14.352774422409597
 -14.254534779211337
 -14.156172025239961
 -14.057706774325197
 -13.959163982762943
 -13.860563268367217
 -13.761926685935364
 -13.663276115789468
 -13.564630976836881
 -13.466008857157107
 -13.367426712243310
 -13.268901078577287
 -13.170448260897754
 -13.072084460396999
 -12.973825620827332
 -12.875687397028448
 -12.777685164007591
 -12.679834048812364
 -12.582148911269359
 -12.484644306329884
 -12.387334561938877
 -12.290233742877730
 -12.193355531841146
 -12.096713254766218
 -12.000319873532929
 -11.904188016984680
 -11.808330011670321
 -11.712757829264396
 -11.617483098393974
 -11.522517153083438
 -11.427871079411048
 -11.333555969219411
 -11.239582681533614
 -11.145961620060412
 -11.052703028576152
 -10.959816645113394
 -10.867311816331139
 -10.775197322522638
 -10.683481486157259
 -10.592172372642574
 -10.501277573211366
 -10.410804352119621
 -10.320759699527610
 -10.231150337467653
 -10.141982631454580
 -10.053262870901673
  -9.964997632692828
  -9.877193017191146
  -9.789854663360076
  -9.702987986828754
  -9.616598077129614
  -9.530690299475625
  -9.445269753337541
  -9.360340816087751
  -9.275907884045751
  -9.191975109007796
  -9.108546072560303
  -9.025624221733771
  -8.943212796015548
  -8.861314689366656
  -8.779932720928096
  -8.699069506611174
  -8.618727321631640
  -8.538908332375451
  -8.459614451357925
  -8.380847136785182
  -8.302608002502113
  -8.224898219947342
  -8.147718174499929
  -8.071069719717967
  -7.994955019367172
  -7.919375060332534
  -7.844330527991442
  -7.769821592278467
  -7.695849187779920
  -7.622414551042210
  -7.549518196822686
  -7.477160701246138
  -7.405342797950667
  -7.334064884743338
  -7.263326977964757
  -7.193129073114201
  -7.123471016576370
  -7.054352422492631
  -6.985772699343944
  -6.917731018727315
  -6.850226320168476
  -6.783257327362108
  -6.716822678008921
  -6.650920969870438
  -6.585550727712024
  -6.520710422325654
  -6.456398476530022
  -6.392613264433413
  -6.329353101819722
  -6.266616220693391
  -6.204400776385301
  -6.142704854413531
  -6.081526454138745
  -6.020863483468104
  -5.960713787594116
  -5.901075179211904
  -5.841945436393133
  -5.783322271402486
  -5.725203310928632
  -5.667586156247800
  -5.610468427902633
  -5.553847694116063
  -5.497721368859264
  -5.442086838905990
  -5.386941631570380
  -5.332283173667809
  -5.278108939754423
  -5.224416471835751
  -5.171203139727487
  -5.118466012371299
  -5.066202487934612
  -5.014409953961651
  -4.963085739978580
  -4.912227216375066
  -4.861831765695642
  -4.811896783227846
  -4.762419583999575
  -4.713397410692258
  -4.664827425399107
  -4.616706681854118
  -4.569032184242103
  -4.521800941777355
  -4.475009960283974
  -4.428656242836268
  -4.382736789412395
  -4.337248597697951
  -4.292188663595159
  -4.247553981523374
  -4.203341549167146
  -4.159548374788421
  -4.116171491752936
  -4.073207927862742
  -4.030654717191761
  -3.988508880538982
  -3.946767432430050
  -3.905427379087795
  -3.864485704274582
  -3.823939392553720
  -3.783785419015158
  -3.744020732823660
  -3.704642290398260
  -3.665647050714815
  -3.627031982588540
  -3.588794061730300
  -3.550930274060654
  -3.513437614705711
  -3.476313089575858
  -3.439553715219549
  -3.403156519579775
  -3.367118542116098
  -3.331436834619521
  -3.296108461039162
  -3.261130498256643
  -3.226500037206769
  -3.192214181513936
  -3.158270084777133
  -3.124664962899875
  -3.091396003305962
  -3.058460413789873
  -3.025855388798612
  -2.993578113004175
  -2.961625711070318
  -2.929995366271933
  -2.898684253712495
  -2.867689588747386
  -2.837008594734348
  -2.806638522872857
  -2.776576647242647
  -2.746820257152733
  -2.717366648408878
  -2.688213131917609
  -2.659357015145676
  -2.630795626466196
  -2.602526303746248
  -2.574546406994783
  -2.546853308852006
  -2.519444404600603
  -2.492317109329433
  -2.465468858371072
  -2.438897104390115
  -2.412599317477223
  -2.386572983841362
  -2.360815603898335
  -2.335324689501381
  -2.310097768317203
  -2.285132382297224
  -2.260426090968605
  -2.235976469673413
  -2.211781111882157
  -2.187837627631249
  -2.164143645288584
  -2.140696810414922
  -2.117494787363151
  -2.094535398264430
  -2.071816417105390
  -2.049335596143152
  -2.027090670437822
  -2.005079361320921
  -1.983299406933051
  -1.961748550921000
  -1.940424578957613
  -1.919325322015771
  -1.898448683610710
 -18.060774453370104
 -18.042852672954641
 -18.024597081592567
 -18.005896321638957
 -17.986832437053781
 -17.967320959083850
 -17.947332841063655
 -17.926970760333738
 -17.906096362703103
 -17.884843349306383
 -17.863091812542869
 -17.840828983372226
 -17.818127600302667
 -17.794891412181840
 -17.771166098382331
 -17.746990575120630
 -17.722255920806344
 -17.697023022292118
 -17.671307514629266
 -17.645017423870346
 -17.618205232014464
 -17.590863302566586
 -17.562908401795692
 -17.534332272857235
 -17.505217658584758
 -17.475545012428409
 -17.445260688107304
 -17.414382516825604
 -17.382940693479043
 -17.350839970718877
 -17.318071182764815
 -17.284631535325172
 -17.250633416385039
 -17.215953018939700
 -17.180570680911462
 -17.144477518255862
 -17.107673386751312
 -17.070211938687702
 -17.032008854742362
 -16.993055701108027
 -16.953327639187815
 -16.912785508081114
 -16.871396733482875
 -16.829190595333273
 -16.786056474698832
 -16.741927886453951
 -16.696792094748798
 -16.650496021762468
 -16.602951520638431
 -16.554196115976506
 -16.504204094626168
 -16.452955396146724
 -16.400485719933616
 -16.346801729526955
 -16.291936087967553
 -16.235890899055907
 -16.178711976850046
 -16.120491918756390
 -16.061268354346588
 -16.001049648092305
 -15.939827003199834
 -15.877609875022753
 -15.814411998919702
 -15.750249298206571
 -15.685139074846926
 -15.619099159242795
 -15.552158012457166
 -15.484396333787030
 -15.415884294671525
 -15.346599884729061
 -15.276520966053235
 -15.205640425187138
 -15.133968248817467
 -15.061522435300255
 -14.988322439421781
 -14.914387952957840
 -14.839737842706239
 -14.764391538010823
 -14.688393676609945
 -14.611817703312699
 -14.534661809470323
 -14.457013112689015
 -14.378833324561519
 -14.300101459371318
 -14.220827545404809
 -14.141032047239515
 -14.060733395201728
 -13.979949255488776
 -13.898698809724655
 -13.817001502577323
 -13.734877682292554
 -13.652347041711907
 -13.569429355633444
 -13.486168673787814
 -13.402608700098483
 -13.318769248143925
 -13.234663431874690
 -13.150317886222489
 -13.065739397504077
 -12.980931016946188
 -12.895902926757119
 -12.810669140576321
 -12.725245328281769
 -12.639648041724421
 -12.553894373234511
 -12.468001651361874
 -12.381987194316007
 -12.295868261211531
 -12.209662072069493
 -12.123385750821642
 -12.037056265871316
 -11.950690399767355
 -11.864304718292980
 -11.777915598134031
 -11.691539210323514
 -11.605191462902836
 -11.518887988007107
 -11.432644146737747
 -11.346474996343632
 -11.260395315405608
 -11.174420776614085
 -11.088573014036781
 -11.002871961018709
 -10.917331305869846
 -10.831966081563587
 -10.746788540518065
 -10.661811555229582
 -10.577043065743334
 -10.492487339162519
 -10.408155093234233
 -10.324055966664334
 -10.240200384800010
 -10.156598319220750
 -10.073259801660630
  -9.990194418903636
  -9.907411731947404
  -9.824921247055649
  -9.742732147909006
  -9.660853479811879
  -9.579294004111752
  -9.498062061526127
  -9.417165770586077
  -9.336613368047505
  -9.256412605116234
  -9.176571159709429
  -9.097096499023387
  -9.017995501972562
  -8.939274561717884
  -8.860939860578149
  -8.782997052079578
  -8.705451810932269
  -8.628309793244888
  -8.551576181981915
  -8.475256039513114
  -8.399354252411333
  -8.323874844093808
  -8.248822024917423
  -8.174200334817407
  -8.100013365344308
  -8.026264852847767
  -7.952958964497083
  -7.880099191373536
  -7.807688570137380
  -7.735729914131486
  -7.664226348459402
  -7.593180936584833
  -7.522596215948740
  -7.452474547891986
  -7.382818241646181
  -7.313631236261931
  -7.244915900269026
  -7.176673366224135
  -7.108904888502183
  -7.041611516330107
  -6.974794258793610
  -6.908453937189756
  -6.842591124067089
  -6.777206020989581
  -6.712298647207144
  -6.647869028030600
  -6.583917104137848
  -6.520442731673179
  -6.457445708815404
  -6.394925770805749
  -6.332882579068802
  -6.271315685716075
  -6.210224530225165
  -6.149608486301782
  -6.089466886421538
  -6.029798973486352
  -5.970603829844189
  -5.911880415682961
  -5.853627701971648
  -5.795844680475575
  -5.738530165713532
  -5.681682677561270
  -5.625300757123920
  -5.569383214155010
  -5.513928760448858
  -5.458935421025362
  -5.404401162992516
  -5.350324777221928
  -5.296704907017873
  -5.243540140121882
  -5.190829041466646
  -5.138569590475034
  -5.086759153409889
  -5.035396057305411
  -4.984478541247062
  -4.934004686773187
  -4.883972592766760
  -4.834380286949522
  -4.785225771772177
  -4.736506964706376
  -4.688221721200690
  -4.640367824925610
  -4.592942969905229
  -4.545944793260668
  -4.499370901563192
  -4.453218869579106
  -4.407486244768845
  -4.362170548968098
  -4.317269284956858
  -4.272779937374286
  -4.228699969047629
  -4.185026831329468
  -4.141757975057692
  -4.098890830698841
  -4.056422814089148
  -4.014351367388909
  -3.972673895255498
  -3.931387779821890
  -3.890490478167799
  -3.849979381378729
  -3.809851847851142
  -3.770105208763428
  -3.730736673859001
  -3.691743459949359
  -3.653122789230752
  -3.614871896608224
  -3.576988022741196
  -3.539468416717591
  -3.502310333452363
  -3.465511034695364
  -3.429067788508814
  -3.392977869539758
  -3.357238558946829
  -3.321847145866500
  -3.286800926401437
  -3.252097204967632
  -3.217733297615205
  -3.183706526634854
  -3.150014238043952
  -3.116653810470551
  -3.083622605939496
  -3.050918000939766
  -3.018537359345247
  -2.986478049350188
  -2.954737404864624
  -2.923312797448915
  -2.892201592671261
  -2.861401182843317
  -2.830908976253555
  -2.800722394227734
  -2.770838905000167
  -2.741255963523641
  -2.711971004582190
  -2.682981468504091
  -2.654284750882453
  -2.625878279296862
  -2.597759490640963
  -2.569925849575159
  -2.542374832500505
  -2.515103938931918
  -2.488110682551557
  -2.461392597220468
  -2.434947231177046
  -2.408772150205107
  -2.382864934220053
  -2.357223178645638
  -2.331844491943515
  -2.306726497191782
  -2.281866830894463
  -2.257263144588346
  -2.232913103865044
  -2.208814389837766
  -2.184964698441338
  -2.161361741966662
  -2.138003248949995
  -2.114886966338141
  -2.092010683398033
  -2.069372206888190
  -2.046969361985146
  -2.024799967126357
  -2.002861859418598
  -1.981152887688354
  -1.959670937808860
  -1.938413953186896
  -1.917379995130637
  -1.896567271441764
