 -30.842767634301733
 -30.104669248647898
 -29.582098268683080
 -29.103782573919041
 -28.688417399434208
 -28.291239348355315
 -27.957106744242736
 -27.640511296280838
 -27.373805779583488
 -27.116399338393251
 -26.880608307525048
 -26.657740488718396
 -26.439517454733746
 -26.226689054143350
 -26.028422938607651
 -25.835451962928659
 -25.651031574596448
 -25.472857844819458
 -25.299944668577538
 -25.131931805674679
 -24.968058655340002
 -24.806565993838152
 -24.649167882355044
 -24.494604286125377
 -24.342147067690320
 -24.192200913333732
 -24.045269906994253
 -23.900336802557128
 -23.757218879486683
 -23.615795100174761
 -23.475716230457138
 -23.336309418555434
 -23.195368629559763
 -23.055285682885803
 -22.916452232458308
 -22.778726177553047
 -22.641971925109978
 -22.506135814673513
 -22.371189380410303
 -22.236626332665033
 -22.102043111304980
 -21.968151887266178
 -21.835020528598815
 -21.702526604479321
 -21.570636563099953
 -21.439356506702531
 -21.308606598595254
 -21.178057121450752
 -21.047823104357917
 -20.917930280505008
 -20.788226832824197
 -20.658555794956545
 -20.528804000869290
 -20.398636706353621
 -20.268082078868861
 -20.137782768361028
 -20.007711797686934
 -19.876759790417367
 -19.745849636219052
 -19.614846215883848
 -19.483738577842495
 -19.352653729301689
 -19.221514355531969
 -19.090161866637672
 -18.958598446985715
 -18.826737254872647
 -18.694748992090766
 -18.562842854788727
 -18.431039302851634
 -18.299237060505082
 -18.167378565898488
 -18.035372929014997
 -17.903316699973793
 -17.771330313222229
 -17.639427585181956
 -17.507605098201040
 -17.375844344072565
 -17.244172553846195
 -17.112667535573571
 -16.981376578411098
 -16.850325372239183
 -16.719523450534730
 -16.588974645005617
 -16.458714413910503
 -16.328778051669484
 -16.199188564579053
 -16.069956937024589
 -15.941099877203918
 -15.812670511565896
 -15.684704903073492
 -15.557223031777848
 -15.430233606172784
 -15.303727583711982
 -15.177715463456249
 -15.052217438828427
 -14.927251603709266
 -14.802822234720697
 -14.678940369526696
 -14.555621039593442
 -14.432882326825494
 -14.310739413018094
 -14.189203562101186
 -14.068284563400473
 -13.947990740068384
 -13.828323632039750
 -13.709287801589440
 -13.590890571015699
 -13.473138096325304
 -13.356033852433839
 -13.239584008903597
 -13.123796192354842
 -13.008675268557900
 -12.894224394736156
 -12.780446864920076
 -12.667346668571405
 -12.554927161864441
 -12.443190753449782
 -12.332139685816189
 -12.221776641351642
 -12.112103887078144
 -12.003123146348278
 -11.894836191997991
 -11.787244984694041
 -11.680351057274024
 -11.574155576530453
 -11.468659718474811
 -11.363864604239811
 -11.259770906709978
 -11.156379176075179
 -11.053689579108473
 -10.951702560691883
 -10.850416746712385
 -10.749834475749221
 -10.649955880828724
 -10.550783455646933
 -10.452321155028713
 -10.354565874078942
 -10.257517936837724
 -10.161175678868483
 -10.065537347005860
  -9.970606735649953
  -9.876382995061039
  -9.782862237099547
  -9.690046009264938
  -9.597933849453742
  -9.506523798205299
  -9.415815375832358
  -9.325807265592104
  -9.236497644380492
  -9.147883635730281
  -9.059962775574441
  -8.972733123667780
  -8.886192049942835
  -8.800337016198784
  -8.715165642210970
  -8.630674852210177
  -8.546861672399466
  -8.463722533923136
  -8.381255188459578
  -8.299458118353765
  -8.218327684791380
  -8.137861547635882
  -8.058056030840657
  -7.978909122668145
  -7.900418788902006
  -7.822581620554498
  -7.745395483372787
  -7.668857804892349
  -7.592965473439105
  -7.517716087831778
  -7.443106871465849
  -7.369134857542029
  -7.295797213825853
  -7.223090898422013
  -7.151012743092393
  -7.079559548904437
  -7.008728009797666
  -6.938514765229228
  -6.868916439437492
  -6.799929609738731
  -6.731550852035708
  -6.663776784845994
  -6.596604129780530
  -6.530029596769727
  -6.464049719349331
  -6.398660935550822
  -6.333859567444780
  -6.269641748375304
  -6.206003511776705
  -6.142940957814500
  -6.080450214761482
  -6.018527397610252
  -5.957168654126374
  -5.896370140721066
  -5.836128015464277
  -5.776438435933710
  -5.717297566736330
  -5.658701596635856
  -5.600646716891560
  -5.543129098930113
  -5.486144911072643
  -5.429690402437209
  -5.373761829186887
  -5.318355437064463
  -5.263467435508699
  -5.209094142940568
  -5.155231827193005
  -5.101876811239458
  -5.049025466242804
  -4.996674184241735
  -4.944819389664148
  -4.893457469581658
  -4.842584802838630
  -4.792197729184875
  -4.742292538759187
  -4.692865520577731
  -4.643912970146291
  -4.595431182869893
  -4.547416465737751
  -4.499865134115915
  -4.452773515558867
  -4.406137950754275
  -4.359954795387726
  -4.314220423044839
  -4.268931243264801
  -4.224083858855918
  -4.179674802380666
  -4.135700610735610
  -4.092157803423866
  -4.049042896656468
  -4.006352260634436
  -3.964082273946933
  -3.922229369311600
  -3.880789992345648
  -3.839760622102853
  -3.799137759202201
  -3.758917928028333
  -3.719097675743524
  -3.679673569914140
  -3.640642199699019
  -3.602000174228296
  -3.563744123400170
  -3.525870697186407
  -3.488376566023477
  -3.451258420588139
  -3.414512972033081
  -3.378136951894462
  -3.342127112310268
  -3.306480226123106
  -3.271193086851399
  -3.236262528404025
  -3.201685432771332
  -3.167458695356690
  -3.133579245308783
  -3.100044013485830
  -3.066849945203291
  -3.033993960948940
  -3.001473011380355
  -2.969284037911547
  -2.937424022301932
  -2.905889948222363
  -2.874678836402502
  -2.843787718384704
  -2.813213657667696
  -2.782953732906849
  -2.753005048991188
  -2.723364726334645
  -2.694029908513063
  -2.664997754561467
  -2.636265446712802
  -2.607830183645243
  -2.579689193940947
  -2.551839745672257
  -2.524279122775571
  -2.497004631746385
  -2.470013592375944
  -2.443303342974771
  -2.416871226770628
  -2.390714588038000
  -2.364830793841874
  -2.339217226386636
  -2.313871292822816
  -2.288790418978340
  -2.263972054790389
  -2.239413669806758
  -2.215112756546748
  -2.191066827327955
  -2.167273416518366
  -2.143730734280367
  -2.120436497205571
  -2.097388160023187
  -2.074583274112327
  -2.052019260393223
  -2.029693667775468
  -2.007603993573488
  -1.985747842725367
  -1.964122808916539
  -1.942726574665250
  -1.921556834322086
  -1.900611361647852
 -23.927134003104946
 -23.784267410852109
 -23.652067197039713
 -23.530013244854104
 -23.406999383880059
 -23.292768407128897
 -23.178443276122564
 -23.067947000010566
 -22.958064794997245
 -22.854954985854015
 -22.751807705805767
 -22.649076381514785
 -22.549472524935151
 -22.450499846588929
 -22.353995787710975
 -22.260367137589547
 -22.167075344546824
 -22.075465531239125
 -21.986021483618710
 -21.896959086214984
 -21.808722091318145
 -21.721688616450763
 -21.635027780477159
 -21.549022543177088
 -21.463682262961758
 -21.378461601004052
 -21.293352271081464
 -21.208633794368470
 -21.124538266121192
 -21.040779877785738
 -20.956899488203952
 -20.872982278879679
 -20.789174925475624
 -20.705509291596787
 -20.621875831395943
 -20.538142905776418
 -20.454287749469543
 -20.370479169953768
 -20.286464091845705
 -20.202158980587789
 -20.117685450106290
 -20.033083323858758
 -19.948166430977999
 -19.862923901549486
 -19.777430936611108
 -19.691646573460247
 -19.605508868034700
 -19.519019262250275
 -19.432273985870086
 -19.345111898834077
 -19.257498120594590
 -19.169424375242432
 -19.080776949181526
 -18.991437751345916
 -18.901348662381587
 -18.810757367702674
 -18.717713499972081
 -18.621503535745983
 -18.524041940319638
 -18.425851655305102
 -18.326840662254202
 -18.227076639529617
 -18.126474716749239
 -18.024895803014267
 -17.921763176242450
 -17.817357619818377
 -17.712045020476140
 -17.605945719886197
 -17.499185419214779
 -17.391819642353511
 -17.283702284243780
 -17.174768394228014
 -17.065239687100945
 -16.955211680228558
 -16.844717021907158
 -16.733837017934530
 -16.622534109994042
 -16.510817613719755
 -16.398838841104013
 -16.286604582498619
 -16.174126062640454
 -16.061439434922132
 -15.948570966307205
 -15.835571106892942
 -15.722488893332471
 -15.609349068875884
 -15.496175982719638
 -15.382996545842785
 -15.269846061845945
 -15.156772350278027
 -15.043812565198053
 -14.930974946149860
 -14.818264304528649
 -14.705703958036635
 -14.593333035459192
 -14.481171534618607
 -14.369223389511706
 -14.257502620548314
 -14.146035840370683
 -14.034846493966267
 -13.923944815951646
 -13.813340413524955
 -13.703050627760552
 -13.593093704875757
 -13.483481834922724
 -13.374224361314051
 -13.265333927835393
 -13.156824366343294
 -13.048707469005336
 -12.941001460332949
 -12.833722055259612
 -12.726880327336369
 -12.620483723518058
 -12.514536395070069
 -12.409047484208532
 -12.304025962771330
 -12.199479058562934
 -12.095412972787452
 -11.991837173022306
 -11.888759903736982
 -11.786187708805638
 -11.684126809565024
 -11.582586558688925
 -11.481575025634161
 -11.381097784710770
 -11.281160329467282
 -11.181768414688758
 -11.082927360279720
 -10.984642084950918
 -10.886917107268447
 -10.789756494049973
 -10.693164655827101
 -10.597144934022342
 -10.501697559360398
 -10.406826249455671
 -10.312534865058637
 -10.218825787412239
 -10.125702342042363
 -10.033167047145957
  -9.941222225865465
  -9.849871390983710
  -9.759116920970344
  -9.668960671729002
  -9.579405347278088
  -9.490452814198457
  -9.402104313324168
  -9.314361612625845
  -9.227226443798587
  -9.140701651274327
  -9.054789004789896
  -8.969489218364172
  -8.884803221898922
  -8.800731552948841
  -8.717274289404905
  -8.634430534263839
  -8.552199817120618
  -8.470580053238237
  -8.389567437137675
  -8.309165658621506
  -8.229373892972946
  -8.150189917586276
  -8.071613872335067
  -7.993642758120530
  -7.916277065175514
  -7.839516807334872
  -7.763359999057041
  -7.687806320983992
  -7.612854941845122
  -7.538504447263603
  -7.464753499066224
  -7.391601108428229
  -7.319045820922295
  -7.247085781640441
  -7.175719240802066
  -7.104944028009896
  -7.034757704474257
  -6.965157781045057
  -6.896141682568097
  -6.827706841157176
  -6.759850665961478
  -6.692570525064635
  -6.625863766378674
  -6.559727719650264
  -6.494159663945749
  -6.429156822966311
  -6.364716383201565
  -6.300835475115282
  -6.237511167281851
  -6.174740479078237
  -6.112520403272269
  -6.050847912260770
  -5.989719944453382
  -5.929133391871997
  -5.869085105999111
  -5.809571949457548
  -5.750590783237757
  -5.692138396427173
  -5.634211497651680
  -5.576806855283701
  -5.519921331543841
  -5.463551549550582
  -5.407694384536992
  -5.352346824131865
  -5.297505585881506
  -5.243167057222306
  -5.189328276347180
  -5.135986020325002
  -5.083137063737045
  -5.030778336626598
  -4.978906747149417
  -4.927519264271019
  -4.876612716438834
  -4.826183859380722
  -4.776229359583835
  -4.726745733828436
  -4.677729487895496
  -4.629177172426489
  -4.581085339413353
  -4.533450557290442
  -4.486269404240256
  -4.439538468366929
  -4.393254348201107
  -4.347413652872929
  -4.302013008149901
  -4.257049063058064
  -4.212518498832075
  -4.168417992574359
  -4.124744241190867
  -4.081493932069317
  -4.038663759589316
  -3.996250410483841
  -3.954250559878580
  -3.912660896795745
  -3.871478101431975
  -3.830698839935609
  -3.790319798772551
  -3.750337666306071
  -3.710749147685866
  -3.671550959514511
  -3.632739834387840
  -3.594312520043041
  -3.556265780804023
  -3.518596397699955
  -3.481301168953525
  -3.444376910236636
  -3.407820455235958
  -3.371628655407608
  -3.335798380712714
  -3.300326520526391
  -3.265209982062935
  -3.230445751165652
  -3.196030900382298
  -3.161962439820686
  -3.128237419194436
  -3.094852863087640
  -3.061805780233951
  -3.029093088982952
  -2.996711812528466
  -2.964658949930336
  -2.932931562254014
  -2.901526713906761
  -2.870441508905782
  -2.839673074281968
  -2.809218559229183
  -2.779075124774420
  -2.749239951492500
  -2.719710220593385
  -2.690483137796994
  -2.661555918087404
  -2.632925802684805
  -2.604590046431190
  -2.576545930603632
  -2.548790758026279
  -2.521321855395955
  -2.494136569370032
  -2.467232266928985
  -2.440606333721243
  -2.414256172071847
  -2.388179198141454
  -2.362372845480301
  -2.336834563634388
  -2.311561821638676
  -2.286552106060568
  -2.261802923617597
  -2.237311799295643
  -2.213076278364688
  -2.189093924897140
  -2.165362323515966
  -2.141879204404473
  -2.118642274142231
  -2.095649241478700
  -2.072897773829165
  -2.050385531253782
  -2.028110178446635
  -2.006069385723632
  -1.984260860248505
  -1.962682353162952
  -1.941331682345605
  -1.920206740367703
  -1.899305554712991
 -20.907340128670963
 -20.841509269802422
 -20.777584683789566
 -20.714719453466437
 -20.651301703431084
 -20.590602422172154
 -20.529394864406786
 -20.469391131514833
 -20.409126492027131
 -20.348931153191323
 -20.288101986835777
 -20.228882077537840
 -20.169156157605531
 -20.111602106743703
 -20.053397893944990
 -19.995629206122636
 -19.938367672140220
 -19.881398794964557
 -19.825212876100817
 -19.768596276096254
 -19.712398694651537
 -19.656757834084686
 -19.600854852873251
 -19.544998241814817
 -19.489021447549160
 -19.432980001120519
 -19.376737048596599
 -19.320758316081186
 -19.264766311758262
 -19.208579419700246
 -19.151966134641803
 -19.095084908695423
 -19.038046624914163
 -18.981124169937992
 -18.923872062300024
 -18.866438240149932
 -18.808790502514174
 -18.750855720320025
 -18.692587192796051
 -18.634014738848670
 -18.575091842102132
 -18.515696708147182
 -18.455830975653878
 -18.395571566436043
 -18.334882331812317
 -18.273649023432377
 -18.211834956267285
 -18.149519627702023
 -18.086720088126118
 -18.023324327887867
 -17.959302840782563
 -17.894528090076268
 -17.828918962666098
 -17.762464526180633
 -17.695130038336966
 -17.626833738688859
 -17.556690084607951
 -17.482372486903316
 -17.405408563922890
 -17.327494006126031
 -17.248620874767717
 -17.168737692988749
 -17.087909141689874
 -17.006030940520574
 -16.923038355702609
 -16.838687122766874
 -16.752375090229879
 -16.664856688035325
 -16.576536389391947
 -16.487384134800639
 -16.397382487833003
 -16.306551030957582
 -16.214917270542131
 -16.122375488438315
 -16.029006205683924
 -15.934987218012525
 -15.840355025465987
 -15.745177002802695
 -15.649486144154892
 -15.553263638958398
 -15.456510083999628
 -15.359295735945812
 -15.261670822316503
 -15.163689721505463
 -15.065424331442998
 -14.966888954478014
 -14.868091283309278
 -14.769044279394976
 -14.669776603744889
 -14.570328624548234
 -14.470733736595619
 -14.371004813985714
 -14.271156686146922
 -14.171211140761459
 -14.071201268061115
 -13.971148211640113
 -13.871067299810722
 -13.770980773389939
 -13.670939628982934
 -13.570975067731682
 -13.471081096306934
 -13.371260228077768
 -13.271531007911445
 -13.171920681936623
 -13.072444555627339
 -12.973108608812668
 -12.873925870777400
 -12.774914746280551
 -12.676091974972813
 -12.577471789179718
 -12.479066784493268
 -12.380891013178939
 -12.282958081261974
 -12.185279959661946
 -12.087869274138249
 -11.990738426650962
 -11.893899273526502
 -11.797362860979375
 -11.701149177851979
 -11.605273154537844
 -11.509744570855451
 -11.414570835398113
 -11.319757399019851
 -11.225315989260496
 -11.131254652016173
 -11.037581406126547
 -10.944303578398074
 -10.851430499436143
 -10.758969856103006
 -10.666928312494528
 -10.575312808455374
 -10.484130596904549
 -10.393388025348168
 -10.303090985303299
 -10.213245794422113
 -10.123858663515639
 -10.034935040252838
  -9.946480625046883
  -9.858500819149675
  -9.771000329598289
  -9.683983978178711
  -9.597457199607158
  -9.511424261604443
  -9.425889899970569
  -9.340858548688093
  -9.256333402301781
  -9.172317681429048
  -9.088814872018416
  -9.005827869447483
  -8.923360404583937
  -8.841415524031202
  -8.759995628553417
  -8.679103888934776
  -8.598742079595258
  -8.518911198102254
  -8.439615264321759
  -8.360857239330237
  -8.282638712880191
  -8.204963066548798
  -8.127831528494157
  -8.051244293761597
  -7.975202939055010
  -7.899708827686527
  -7.824762120289984
  -7.750361658343291
  -7.676507552993026
  -7.603199889784597
  -7.530441044678801
  -7.458232814118825
  -7.386571266953037
  -7.315456880075356
  -7.244889042622670
  -7.174866006770352
  -7.105387338128142
  -7.036451873140405
  -6.968057611158653
  -6.900203061004830
  -6.832886755971600
  -6.766106957812841
  -6.699862084050410
  -6.634150516020680
  -6.568970570993574
  -6.504320598116567
  -6.440198821381844
  -6.376603374103476
  -6.313532422533353
  -6.250984151147176
  -6.188956661951840
  -6.127447863014660
  -6.066455570232081
  -6.005977758960497
  -5.946012497384728
  -5.886557536311459
  -5.827610202738779
  -5.769168094548291
  -5.711229389395903
  -5.653791935268180
  -5.596852332590883
  -5.540407517404250
  -5.484456159789629
  -5.428996160264535
  -5.374025331679817
  -5.319541722123878
  -5.265542139540814
  -5.212022687984161
  -5.158981614747650
  -5.106416489167764
  -5.054324535574192
  -5.002703364466431
  -4.951550285752435
  -4.900862657803313
  -4.850637780955771
  -4.800872884582050
  -4.751565171555140
  -4.702711756898598
  -4.654309723245802
  -4.606356133222431
  -4.558848019557345
  -4.511782399606563
  -4.465156273604518
  -4.418966636130845
  -4.373210475192387
  -4.327884763135226
  -4.282986476836963
  -4.238512610641985
  -4.194460130839802
  -4.150826005695697
  -4.107607272872069
  -4.064800907966147
  -4.022403876674837
  -3.980413314103108
  -3.938826219123130
  -3.897639570579988
  -3.856850332823316
  -3.816455268954395
  -3.776451212717443
  -3.736835014732113
  -3.697603550353407
  -3.658753716158720
  -3.620282427280632
  -3.582186616931752
  -3.544463235010061
  -3.507109248308995
  -3.470121639438278
  -3.433497406855130
  -3.397233566461727
  -3.361327149340966
  -3.325775203655551
  -3.290574799575155
  -3.255723018895917
  -3.221216969667736
  -3.187053794047891
  -3.153230622505896
  -3.119744611949640
  -3.086592908399449
  -3.053772678879824
  -3.021281063942566
  -2.989115251648344
  -2.957272424972090
  -2.925749800380778
  -2.894544621860911
  -2.863654144539214
  -2.833075699366294
  -2.802806583754490
  -2.772844065942581
  -2.743185425952899
  -2.713827872242721
  -2.684768670314265
  -2.656005096836019
  -2.627534467344861
  -2.599354112739134
  -2.571461394333305
  -2.543853690711414
  -2.516528406250741
  -2.489482963253256
  -2.462714806330854
  -2.436221397823634
  -2.410000219950117
  -2.384048772054932
  -2.358364571648041
  -2.332945153067098
  -2.307788068610984
  -2.282890887571656
  -2.258251197488463
  -2.233866603535652
  -2.209734730100230
  -2.185853220932532
  -2.162219741784809
  -2.138831982526638
  -2.115687663628879
  -2.092784532540336
  -2.070120336295874
  -2.047692853380869
  -2.025499877509709
  -2.003539256930416
  -1.981808915564176
  -1.960306942487255
  -1.939031626107401
  -1.917981591944881
  -1.897156085640654
