 -45.955992505714178
 -35.031227184203104
 -32.967965513189647
 -31.399100633465039
 -30.391334301513886
 -29.739696302514229
 -29.213916891279986
 -28.747257897630053
 -28.307854814930167
 -27.942530459701672
 -27.604054815408801
 -27.316428877384617
 -27.047530007663394
 -26.794644300710530
 -26.556994532069968
 -26.324714623630953
 -26.108840599573913
 -25.899832047577316
 -25.697786259825619
 -25.506911302767993
 -25.322767385827490
 -25.144075607521778
 -24.970059393877552
 -24.799019189746296
 -24.633065556498579
 -24.470358004370571
 -24.310166755363259
 -24.153562176655161
 -23.999977350252511
 -23.848724042216521
 -23.699629035655629
 -23.552344310228513
 -23.407017936175873
 -23.259683954127716
 -23.113117605111100
 -22.968144018803642
 -22.824614233456348
 -22.682340392620233
 -22.541265420301954
 -22.401305204577749
 -22.262240089465656
 -22.123045325764380
 -21.984649995993308
 -21.847200177299079
 -21.710549881613741
 -21.574644094371745
 -21.439490201729310
 -21.305001087879319
 -21.170812109683016
 -21.037060729439641
 -20.903755428127635
 -20.770813157991626
 -20.638119536689395
 -20.505325908081389
 -20.372034861631729
 -20.238561800162252
 -20.105424114727906
 -19.972276193762070
 -19.838551149113989
 -19.704919152118812
 -19.571216267856791
 -19.437510236757191
 -19.304022805894292
 -19.170606069576333
 -19.037031703607880
 -18.903283870004685
 -18.769319683724891
 -18.635342508790423
 -18.501444815306328
 -18.367589844736575
 -18.233739538944672
 -18.099816717340083
 -17.965831596735558
 -17.831928017228996
 -17.698151775463472
 -17.564550093249000
 -17.431167564449790
 -17.297958913397917
 -17.164928990042359
 -17.032146846367826
 -16.899635738038818
 -16.767415688350152
 -16.635487181216718
 -16.503869794322338
 -16.372604022130538
 -16.241716607405607
 -16.111221986216577
 -15.981132466062318
 -15.851471944060389
 -15.722270071113650
 -15.593551561396266
 -15.465329943049161
 -15.337614936558216
 -15.210423907848858
 -15.083776510529171
 -14.957692965673296
 -14.832199531335634
 -14.707317683512887
 -14.583057910344763
 -14.459434302666336
 -14.336440083492617
 -14.214077647338106
 -14.092355242823874
 -13.971283181709232
 -13.850861650426552
 -13.731093883833335
 -13.611986141532652
 -13.493545048246739
 -13.375773300980125
 -13.258675596504016
 -13.142259334730470
 -13.026529457166555
 -12.911488566641182
 -12.797139335805044
 -12.683485066133654
 -12.570528844075200
 -12.458272640950486
 -12.346718178818671
 -12.235867556343237
 -12.125722683144041
 -12.016284866287164
 -11.907555388514798
 -11.799535742820328
 -11.692227105007202
 -11.585630253782888
 -11.479745941344607
 -11.374574898168373
 -11.270117463125642
 -11.166373809730763
 -11.063343780591641
 -10.961027416627081
 -10.859423200213277
 -10.758531872559697
 -10.658348976906874
 -10.558875636801679
 -10.460115951684378
 -10.362067254758955
 -10.264730281537176
 -10.168108817376684
 -10.072202122711788
  -9.977013544841366
  -9.882543847848096
  -9.788791155141304
  -9.695756328245672
  -9.603438336386168
  -9.511834392474539
  -9.420939992913670
  -9.330752217326882
  -9.241269108865382
  -9.152487549297517
  -9.064404846871250
  -8.977018911575390
  -8.890326917557438
  -8.804326140894672
  -8.719014063831091
  -8.634387424909725
  -8.550443139985317
  -8.467177427181571
  -8.384587777819092
  -8.302672707834923
  -8.221428315617779
  -8.140852226436749
  -8.060940559897432
  -7.981691119590630
  -7.903101862005106
  -7.825169189588297
  -7.747890844119934
  -7.671264196830549
  -7.595285982512900
  -7.519953702774116
  -7.445264497987501
  -7.371215290478951
  -7.297803157901806
  -7.225024973491794
  -7.152877477565749
  -7.081357387159176
  -7.010461315117041
  -6.940185818345967
  -6.870527443804998
  -6.801482693275529
  -6.733048067820714
  -6.665220113575686
  -6.597995479617987
  -6.531370814217992
  -6.465342590096241
  -6.399907183665140
  -6.335060860646846
  -6.270799699959597
  -6.207119678185463
  -6.144016838085181
  -6.081487256496973
  -6.019526996615198
  -5.958132156513058
  -5.897298845199638
  -5.837023174755108
  -5.777301258636520
  -5.718129218378803
  -5.659503201032998
  -5.601419358369665
  -5.543873823752196
  -5.486862728220049
  -5.430382283171202
  -5.374428711339871
  -5.318998224787819
  -5.264087001802304
  -5.209691327090890
  -5.155807440983119
  -5.102431635310019
  -5.049560253766573
  -4.997189661042014
  -4.945316255447655
  -4.893936399816634
  -4.843046448764976
  -4.792642719402257
  -4.742721479785208
  -4.693278997045574
  -4.644311545714429
  -4.595815400984248
  -4.547786850190357
  -4.500222189843202
  -4.453117729226765
  -4.406469791428780
  -4.360274715135556
  -4.314528857518268
  -4.269228612059988
  -4.224370564904833
  -4.179951235017597
  -4.135967145010045
  -4.092414801365834
  -4.049290707064294
  -4.006591220961337
  -3.964312708942528
  -3.922451591719385
  -3.881004303530274
  -3.839967312287811
  -3.799337107993655
  -3.759110204761388
  -3.719283139868710
  -3.679852471368177
  -3.640814779241571
  -3.602166663784550
  -3.563904746376490
  -3.526025668783037
  -3.488526093529456
  -3.451402703672717
  -3.414652203020441
  -3.378271316030802
  -3.342256788021928
  -3.306605385262032
  -3.271313894940127
  -3.236379144743927
  -3.201798010718078
  -3.167567382658493
  -3.133684184176440
  -3.100145341029587
  -3.066947793441222
  -3.034088457234513
  -3.001564278265948
  -2.969372193559427
  -2.937509180398220
  -2.905972218334905
  -2.874758323967954
  -2.843864524981322
  -2.813287881067597
  -2.783025467280754
  -2.753074385005062
  -2.723431751302672
  -2.694094706513082
  -2.665060406557208
  -2.636326030667827
  -2.607888774629375
  -2.579745864213005
  -2.551894564760627
  -2.524332157670645
  -2.497055946882720
  -2.470063249875255
  -2.443351402630050
  -2.416917746220119
  -2.390759622788911
  -2.364874397353894
  -2.339259450123624
  -2.313912186341555
  -2.288830029983147
  -2.264010429216249
  -2.239450851872083
  -2.215148788829532
  -2.191101750817413
  -2.167307270683188
  -2.143763556475486
  -2.120468324129888
  -2.097419027253691
  -2.074613215831887
  -2.052048309635419
  -2.029721856215792
  -2.007631351748985
  -1.985774399929861
  -1.964148593361878
  -1.942751613431163
  -1.921581153469774
  -1.900634986210389
 -42.214365261380365
 -31.289599939869287
 -29.226338268855837
 -27.981631261042388
 -26.973864937304064
 -26.322226972565019
 -25.852170893581636
 -25.463048388601539
 -25.109151346816382
 -24.816854706838178
 -24.537659677928204
 -24.277066908661016
 -24.048603342678305
 -23.845268906898156
 -23.653785609243943
 -23.481917823803450
 -23.318263011204952
 -23.162704652853904
 -23.012211027200003
 -22.871581542354782
 -22.734625700492778
 -22.600662785144586
 -22.470434071735657
 -22.345605264620517
 -22.225631405851622
 -22.108371063457973
 -21.994122983012677
 -21.882670065195356
 -21.773312697832417
 -21.665678888862633
 -21.559510825212588
 -21.455492634211659
 -21.352275714520047
 -21.249821747196510
 -21.148467033969116
 -21.048363329448247
 -20.948843818115893
 -20.849795384115541
 -20.751461441916231
 -20.653708150885787
 -20.556326590058891
 -20.459325826286808
 -20.362845431056162
 -20.266461264613412
 -20.170099991606989
 -20.073883538225367
 -19.977697874706504
 -19.881413572392070
 -19.785129538469935
 -19.688949316478023
 -19.592714856959947
 -19.496343683653315
 -19.399853750010848
 -19.303087801556508
 -19.206027652968039
 -19.108571004281156
 -19.010804724566583
 -18.912364308681720
 -18.813555351008048
 -18.712136436821368
 -18.607626932401420
 -18.501928232862884
 -18.395530708188350
 -18.288426896338482
 -18.180585001421861
 -18.072047881345522
 -17.962263977096793
 -17.851060444699428
 -17.738988407676977
 -17.626165353550952
 -17.512750510829697
 -17.398825642879590
 -17.284251854362640
 -17.168952745475227
 -17.053313186832472
 -16.937313132043016
 -16.820936990530640
 -16.704259129906493
 -16.587260365334842
 -16.470017732782470
 -16.352634037379261
 -16.235112666705596
 -16.117482068086691
 -15.999768554301800
 -15.882015555842818
 -15.764302344510739
 -15.646728613387074
 -15.529309448281291
 -15.412001826425165
 -15.294824289294967
 -15.177825761704270
 -15.061050705273930
 -14.944509929264491
 -14.828201969044727
 -14.712147738288351
 -14.596385652554810
 -14.480937155454360
 -14.365803101756629
 -14.250995804085692
 -14.136541890910792
 -14.022462902302717
 -13.908765871933310
 -13.795459025886728
 -13.682559622598458
 -13.570084119878318
 -13.458042747921921
 -13.346467780063934
 -13.235379005216345
 -13.124786046029142
 -13.014690803132407
 -12.905088266228239
 -12.795988775407551
 -12.687400495705477
 -12.579327962042518
 -12.471774087945773
 -12.364747080214402
 -12.258253707320735
 -12.152299094537726
 -12.046888890225720
 -11.942030865425547
 -11.837731051056902
 -11.733994265471075
 -11.630825415156510
 -11.528229892512080
 -11.426212629531127
 -11.324777909641732
 -11.223930175434164
 -11.123673793850234
 -11.024012721523581
 -10.924950515614748
 -10.826490315881319
 -10.728635368580614
 -10.631388534412608
 -10.534751676835199
 -10.438727543609351
 -10.343319095162444
 -10.248527951202135
 -10.154356257550569
 -10.060805717009979
  -9.967877586357892
  -9.875574382857629
  -9.783897795257475
  -9.692848696622486
  -9.602428964910564
  -9.512639891772976
  -9.423486499381289
  -9.334971993847970
  -9.247096546676275
  -9.159861850341578
  -9.073268697739380
  -8.987316604296209
  -8.902005414879579
  -8.817333998877794
  -8.733297929256503
  -8.649894798112520
  -8.567123423677788
  -8.484982517165053
  -8.403465221727684
  -8.322575524274695
  -8.242312959639717
  -8.162673567198878
  -8.083658150892850
  -8.005262430862533
  -7.927486127558607
  -7.850329541377882
  -7.773789775500375
  -7.697866119417818
  -7.622557426521448
  -7.547861903367831
  -7.473777703988643
  -7.400303468918938
  -7.327437488357192
  -7.255177473688690
  -7.183521359825481
  -7.112466682255964
  -7.042010651952260
  -6.972150465227006
  -6.902883220915777
  -6.834206038086911
  -6.766116029055519
  -6.698610272044973
  -6.631685833203657
  -6.565339771353085
  -6.499569108124318
  -6.434370814493361
  -6.369741832833518
  -6.305679060254181
  -6.242179338054617
  -6.179239465053686
  -6.116856218011846
  -6.055026362007047
  -5.993746635800259
  -5.933013739480328
  -5.872824337330103
  -5.813175105920321
  -5.754062732079334
  -5.695483840615914
  -5.637434979232869
  -5.579912747232442
  -5.522913849843667
  -5.466434786951558
  -5.410472250444396
  -5.355023103719033
  -5.300083947130251
  -5.245651055527014
  -5.191721280632105
  -5.138291333014689
  -5.085357843152863
  -5.032917632538311
  -4.980967501678190
  -4.929504311496704
  -4.878524800921332
  -4.828025627904518
  -4.778003370223669
  -4.728454459368176
  -4.679375310674040
  -4.630762388026531
  -4.582612161795816
  -4.534921120091640
  -4.487685764581959
  -4.440902609185954
  -4.394568180996434
  -4.348679020189176
  -4.303231685797026
  -4.258222762315953
  -4.213648868509351
  -4.169506622638289
  -4.125792663593234
  -4.082503624230250
  -4.039636145271321
  -3.997186862510628
  -3.955152401743982
  -3.913529403727086
  -3.872314502953869
  -3.831504321358405
  -3.791095501855504
  -3.751084691548941
  -3.711468555224270
  -3.672243770854076
  -3.633407033611920
  -3.594955055228831
  -3.556884565271895
  -3.519192311280132
  -3.481875059185372
  -3.444929593535212
  -3.408352718010555
  -3.372141255156509
  -3.336292047055239
  -3.300801956207660
  -3.265667863961379
  -3.230886730118801
  -3.196455602460960
  -3.162371469521844
  -3.128631358010149
  -3.095232272070972
  -3.062171199941095
  -3.029445041488659
  -2.997050799145493
  -2.964985454197855
  -2.933246049104942
  -2.901829631331944
  -2.870733287995218
  -2.839954130114509
  -2.809489291473064
  -2.779335918307333
  -2.749491176930737
  -2.719952234926970
  -2.690716284704328
  -2.661780528529983
  -2.633142195257550
  -2.604798527896253
  -2.576746796243345
  -2.548984292088926
  -2.521508331513022
  -2.494316250944848
  -2.467405407549437
  -2.440773177503980
  -2.414416954056736
  -2.388334144614134
  -2.362522174294052
  -2.336978484509489
  -2.311700536459406
  -2.286685809160947
  -2.261931802059554
  -2.237436033136976
  -2.213196040919780
  -2.189209382985875
  -2.165473637705003
  -2.141986528648745
  -2.118745756913292
  -2.095749025761332
  -2.072993997545685
  -2.050478327253364
  -2.028199674652229
  -2.006155705292344
  -1.984344121623418
  -1.962762670238495
  -1.941409164551742
  -1.920281492810945
  -1.899377678200739
 -39.875182681505102
 -28.950417359994024
 -26.887155688980574
 -25.825654675924735
 -24.817888426232440
 -24.166250480233447
 -23.696194375306440
 -23.334119161028802
 -23.013230717535659
 -22.727851712475967
 -22.490484463355394
 -22.276290951003244
 -22.062884486804201
 -21.867970844513657
 -21.698679368817039
 -21.535557799345614
 -21.388838762557004
 -21.252275683929948
 -21.123452475073954
 -21.003330206672704
 -20.888006056126084
 -20.775601767398513
 -20.668062246216905
 -20.566511250457211
 -20.467345026605702
 -20.370667898959976
 -20.274917897586533
 -20.182210031580684
 -20.093571463565848
 -20.006323590600534
 -19.921183276260802
 -19.837946590119294
 -19.756315491155522
 -19.675955301084706
 -19.597276902981452
 -19.519290115256471
 -19.441734958521806
 -19.365084767501799
 -19.289378918345108
 -19.214046014438409
 -19.138785081835724
 -19.063895886814173
 -18.989748750287795
 -18.915759260718133
 -18.842058666597843
 -18.768547180684376
 -18.695078071626330
 -18.621627108793309
 -18.548054452143120
 -18.474296655343828
 -18.400519744255206
 -18.326516271658839
 -18.252076346458558
 -18.177206250454532
 -18.102207499648316
 -18.026851586299014
 -17.950958128592060
 -17.874305392102414
 -17.796930833928556
 -17.718847659458561
 -17.639836231950643
 -17.558964005596703
 -17.473191067742206
 -17.384678122341850
 -17.295443102157748
 -17.205258717000341
 -17.114105384191738
 -17.021929834733601
 -16.928643527730454
 -16.834125055554555
 -16.737529559329168
 -16.639850531110827
 -16.541446145743134
 -16.442281291058929
 -16.342515026509126
 -16.242105069655434
 -16.140918490698517
 -16.038915844167914
 -15.936366405850904
 -15.833325821513501
 -15.729877244234942
 -15.626052695810676
 -15.521913021372736
 -15.417507468014030
 -15.312815754520866
 -15.207879850133461
 -15.102775513694267
 -14.997557090473187
 -14.892224951650450
 -14.786789238556015
 -14.681274876396202
 -14.575724079480084
 -14.470174547008540
 -14.364639542144628
 -14.259143103549667
 -14.153768748762195
 -14.048551594258859
 -13.943454082787921
 -13.838472253213499
 -13.733634948257983
 -13.628993178812994
 -13.524564518077833
 -13.420339544226117
 -13.316324806654938
 -13.212542452273532
 -13.109012980341326
 -13.005743907372681
 -12.902742224274640
 -12.800022092457750
 -12.697599136028959
 -12.595486476109638
 -12.493695033521547
 -12.392236632406409
 -12.291123082530415
 -12.190365022354166
 -12.089994935748203
 -11.990032919733498
 -11.890486699319293
 -11.791358141944775
 -11.692643659770912
 -11.594353965883156
 -11.496496529050379
 -11.399076227362757
 -11.302097514614966
 -11.205569970539502
 -11.109500644304108
 -11.013895684453283
 -10.918761222428946
 -10.824104387677451
 -10.729930756994101
 -10.636245350754837
 -10.543053585932752
 -10.450360719576999
 -10.358171237736595
 -10.266489637138957
 -10.175320695434957
 -10.084668683510007
  -9.994537710590048
  -9.904931919630364
  -9.815854865358927
  -9.727309816676200
  -9.639300813591451
  -9.551831104374644
  -9.464903991162100
  -9.378522940457028
  -9.292690215724761
  -9.207407682858133
  -9.122677774891631
  -9.038502076007234
  -8.954883170951058
  -8.871823375932696
  -8.789323752061367
  -8.707386597202547
  -8.626016923642903
  -8.545216813929157
  -8.464988815223917
  -8.385335367176962
  -8.306255702400179
  -8.227752399202329
  -8.149826155396525
  -8.072474701790270
  -7.995694868136387
  -7.919486604758480
  -7.843850139635027
  -7.768783014083965
  -7.694284471285927
  -7.620354080101614
  -7.546991586610761
  -7.474201679951355
  -7.401977923289426
  -7.330320071989430
  -7.259227672716648
  -7.188697844933279
  -7.118729556032662
  -7.049321452552985
  -6.980470857683171
  -6.912175619342267
  -6.844433867434085
  -6.777243312437900
  -6.710601852005016
  -6.644507427920651
  -6.578957871083467
  -6.513951092324613
  -6.449484912146153
  -6.385557039151250
  -6.322165223309486
  -6.259307257146727
  -6.196980883492268
  -6.135183674389742
  -6.073913080587695
  -6.013166694079422
  -5.952942257468311
  -5.893237267592141
  -5.834048776123490
  -5.775373981626754
  -5.717210717754669
  -5.659556659145947
  -5.602408294773465
  -5.545762104358462
  -5.489616314277352
  -5.433968847236978
  -5.378817122051703
  -5.324159018498676
  -5.269991278925683
  -5.216309786149579
  -5.163112265117474
  -5.110396362781127
  -5.058158998439009
  -5.006397603613117
  -4.955109339740960
  -4.904291364985607
  -4.853940828357008
  -4.804054792899750
  -4.754630305543325
  -4.705664334492127
  -4.657153812886453
  -4.609095661218532
  -4.561486774771485
  -4.514324036882738
  -4.467604319067195
  -4.421324490379809
  -4.375481418240702
  -4.330071959030163
  -4.285092976020980
  -4.240541353696181
  -4.196413955530544
  -4.152707647347621
  -4.109419364912929
  -4.066545994762405
  -4.024084410231334
  -3.982031649312407
  -3.940384637013439
  -3.899140268064254
  -3.858295429416581
  -3.817846817350100
  -3.777791185118537
  -3.738125313051154
  -3.698846006299279
  -3.659950094628266
  -3.621434428659532
  -3.583295879479229
  -3.545531337141690
  -3.508137710739759
  -3.471111927311444
  -3.434450931732786
  -3.398151688209716
  -3.362211178089581
  -3.326626401505412
  -3.291394382204497
  -3.256512157613097
  -3.221976792450580
  -3.187785387085211
  -3.153935033006840
  -3.120422848161839
  -3.087245942406338
  -3.054401446679595
  -3.021886468220879
  -2.989698160879297
  -2.957833676287806
  -2.926290199556389
  -2.895064944758837
  -2.864155138589222
  -2.833558083097134
  -2.803271050500089
  -2.773291283936213
  -2.743616038905086
  -2.714242501424854
  -2.685167913121942
  -2.656389528630654
  -2.627904641780399
  -2.599710562932634
  -2.571804633404325
  -2.544184212705076
  -2.516846686730960
  -2.489789460083591
  -2.463009960280375
  -2.436505633244833
  -2.410273945371367
  -2.384312380783778
  -2.358618442332012
  -2.333189650238270
  -2.308023543204239
  -2.283117677427871
  -2.258469627833925
  -2.234076987446794
  -2.209937368946210
  -2.186048404802510
  -2.162407749889769
  -2.139013083584422
  -2.115862116210923
  -2.092952585480361
  -2.070282229278073
  -2.047848817004677
  -2.025650133777718
  -2.003684019261500
  -1.981948389003492
  -1.960441323429276
  -1.939161102557574
  -1.918106343016324
  -1.897276280401334
