 -25.689531146642000
 -25.529567967144729
 -25.380325829731174
 -25.233435888002361
 -25.096183427285407
 -24.960534521398792
 -24.826437657536928
 -24.698303658375906
 -24.571236817036610
 -24.445527825378544
 -24.321207012923473
 -24.200366471003484
 -24.081361439109212
 -23.962991308504961
 -23.845415535755510
 -23.728837188244089
 -23.614135540697280
 -23.500559801020710
 -23.387358522390851
 -23.274845021848421
 -23.162825719458592
 -23.051650252681984
 -22.941271792773097
 -22.831392953629976
 -22.721784060523003
 -22.612528797702449
 -22.503549215860634
 -22.394996265029235
 -22.286939753430968
 -22.179145870884774
 -22.071394307106235
 -21.963431417915682
 -21.855427352037122
 -21.747449289761281
 -21.639525499214614
 -21.531535830153665
 -21.423364967303975
 -21.314874446906909
 -21.206149852903661
 -21.097370252920932
 -20.988537044391293
 -20.879576812074887
 -20.770425355927944
 -20.661022178619497
 -20.551437468197044
 -20.441750430686962
 -20.331951296505288
 -20.222018736596802
 -20.111891435109634
 -20.001503872014375
 -19.890827638297647
 -19.779790418611572
 -19.668229796255499
 -19.556207775761536
 -19.443920247867574
 -19.331395937495923
 -19.218023873936421
 -19.103665003463483
 -18.988760527805319
 -18.873499610283858
 -18.757919727601227
 -18.641679046270113
 -18.524630447745334
 -18.407105444101834
 -18.289229753654595
 -18.170993876653384
 -18.052235363728016
 -17.932986475510191
 -17.813421346811129
 -17.693596241067940
 -17.573475019439314
 -17.453041785143526
 -17.332389926338937
 -17.211597011856139
 -17.090672488890554
 -16.969615285088071
 -16.848470473526703
 -16.727300657820660
 -16.606130020417268
 -16.484968417852983
 -16.363855042769707
 -16.242851875825135
 -16.121984404681616
 -16.001266640503228
 -15.880727242769726
 -15.760396957767195
 -15.640293114956169
 -15.520435158780655
 -15.400846404725371
 -15.281551064519233
 -15.162563088497393
 -15.043899914775011
 -14.925581511763056
 -14.807625695527566
 -14.690046338786409
 -14.572859537858314
 -14.456077365936693
 -14.339713900107840
 -14.223781429692099
 -14.108292361880723
 -13.993256831569369
 -13.878686344050024
 -13.764591705273448
 -13.650982688354251
 -13.537868268905779
 -13.425257596211571
 -13.313159188124686
 -13.201580753904208
 -13.090529705834497
 -12.980013329935767
 -12.870038410419928
 -12.760611274275742
 -12.651738112325122
 -12.543424897152068
 -12.435677185843652
 -12.328500230855393
 -12.221899051510107
 -12.115878424221791
 -12.010442850505186
 -11.905596570802880
 -11.801343605563032
 -11.697687761331517
 -11.594632603963449
 -11.492181494734375
 -11.390337560717766
 -11.289103779766856
 -11.188482986078700
 -11.088477621898267
 -10.989090053150424
 -10.890322169542534
 -10.792175997259813
 -10.694651970950899
 -10.597754590854267
 -10.501484169260200
 -10.405843678567853
 -10.310839210285952
 -10.216470901567790
 -10.122740658548667
 -10.029648828249890
  -9.937195649979582
  -9.845385654029073
  -9.754218622360412
  -9.663692236309419
  -9.573807448623459
  -9.484563571077953
  -9.395958781706037
  -9.307992972610549
  -9.220665250516168
  -9.133974154317176
  -9.047919101915673
  -8.962498960536424
  -8.877712275264775
  -8.793557943656685
  -8.710034532704094
  -8.627140385963207
  -8.544873848865416
  -8.463233424612111
  -8.382216579519367
  -8.301822182076281
  -8.222049791014177
  -8.142897216420581
  -8.064362939174133
  -7.986444313349653
  -7.909140529474715
  -7.832450129070271
  -7.756370900447110
  -7.680901618395375
  -7.606040375845896
  -7.531785166036420
  -7.458134333257829
  -7.385085868106178
  -7.312637722312510
  -7.240787813972142
  -7.169533858699005
  -7.098873483162962
  -7.028804228707507
  -6.959323498693042
  -6.890428659167527
  -6.822117024904775
  -6.754385842188857
  -6.687232357041236
  -6.620653825408480
  -6.554647584267578
  -6.489210961563267
  -6.424341099912058
  -6.360035038661387
  -6.296289700203976
  -6.233101815076409
  -6.170468002217782
  -6.108384926708724
  -6.046849272569238
  -5.985857696359185
  -5.925406874452769
  -5.865493481019763
  -5.806114180891591
  -5.747265628815326
  -5.688944475627928
  -5.631147384564763
  -5.573871013072871
  -5.517111991371185
  -5.460866937599737
  -5.405132533851990
  -5.349905463727490
  -5.295182397807821
  -5.240959960967436
  -5.187234867828429
  -5.134003787157054
  -5.081263427923479
  -5.029010534718823
  -4.977241872498912
  -4.925954225583932
  -4.875144339827240
  -4.824808946209082
  -4.774944730649030
  -4.725548327074132
  -4.676616358710881
  -4.628145449266157
  -4.580132216394845
  -4.532573281999428
  -4.485465270435114
  -4.438804811647456
  -4.392588542464413
  -4.346813108498581
  -4.301475166989497
  -4.256571403943449
  -4.212098682672115
  -4.168053801476761
  -4.124433553134693
  -4.081234712541383
  -4.038454044524488
  -3.996088172602980
  -3.954133718596156
  -3.912587353017067
  -3.871445753936386
  -3.830705626801886
  -3.790363693554102
  -3.750416694668572
  -3.710861388386393
  -3.671694548430051
  -3.632912965486453
  -3.594513445441770
  -3.556492810579887
  -3.518847898702222
  -3.481575563853704
  -3.444672675990716
  -3.408136121449417
  -3.371962802818329
  -3.336149639317883
  -3.300693566911218
  -3.265591538406517
  -3.230840542341789
  -3.196437610945237
  -3.162379786961602
  -3.128664142571768
  -3.095287749363644
  -3.062247689830774
  -3.029541020076639
  -2.997164821979931
  -2.965116166344770
  -2.933392159886632
  -2.901989909055785
  -2.870906553407460
  -2.840139240815784
  -2.809685147653450
  -2.779541462836336
  -2.749705398458119
  -2.720174179575542
  -2.690945051570084
  -2.662015272801783
  -2.633382122112928
  -2.605042892359609
  -2.576994903521880
  -2.549235512122611
  -2.521762088591783
  -2.494572023289481
  -2.467662718144505
  -2.441031591159122
  -2.414676063739884
  -2.388593556419010
  -2.362781510410575
  -2.337237380064826
  -2.311958642584867
  -2.286942791916635
  -2.262187344132874
  -2.237689833073206
  -2.213447813684426
  -2.189458858960188
  -2.165720562188888
  -2.142231175312706
  -2.118988472010680
  -2.095989963633216
  -2.073233256606674
  -2.050715827217209
  -2.028435275832247
  -2.006389151368998
  -1.984575106456972
  -1.962990782346704
  -1.941633905645861
  -1.920502214395233
  -1.899593522993146
 -20.470074543678344
 -20.433733143467503
 -20.396945729044820
 -20.359744490468664
 -20.321940601589287
 -20.283818154620171
 -20.244982899938041
 -20.205569376983782
 -20.165835354984111
 -20.125397168126895
 -20.084423660848387
 -20.042999386173403
 -20.000896670433622
 -19.958241799318785
 -19.915209923344207
 -19.871483511068501
 -19.827064132087752
 -19.782114043313737
 -19.736661263820849
 -19.690549583559605
 -19.643785298144532
 -19.596424354814825
 -19.548508870607893
 -19.499889357174602
 -19.450596088234388
 -19.400653301663692
 -19.350184082783173
 -19.299122065477430
 -19.247344047628943
 -19.194835784002912
 -19.141583093647256
 -19.087578718468531
 -19.032924550547126
 -18.977801989214601
 -18.921968972149891
 -18.865405795631929
 -18.808103193561632
 -18.750055016152089
 -18.691257445771623
 -18.631707759343563
 -18.571423688491709
 -18.510464452921319
 -18.448848075289085
 -18.386525490303125
 -18.323471157046754
 -18.259671046806137
 -18.195116210117714
 -18.129797830340589
 -18.063701716200580
 -17.996808656361306
 -17.929104346774004
 -17.860578306148355
 -17.791195391760322
 -17.720028889194925
 -17.647373670911406
 -17.572985010360043
 -17.497062244608749
 -17.419585482431547
 -17.340591640641328
 -17.260157628631386
 -17.178411676428105
 -17.095459434443065
 -17.011376517059514
 -16.926213127078981
 -16.840028882346537
 -16.752882280855442
 -16.664823500924630
 -16.575897132101570
 -16.486142707115320
 -16.395608948419735
 -16.304347455476307
 -16.212402920044681
 -16.119811072996463
 -16.026602288910215
 -15.932812532182187
 -15.838476730550942
 -15.743627497856084
 -15.648295781459471
 -15.552512095367810
 -15.456309422300828
 -15.359718605089377
 -15.262777222588443
 -15.165521069734469
 -15.068000511249810
 -14.970235452379777
 -14.872255562962001
 -14.774072557872776
 -14.675710968807241
 -14.577186546127516
 -14.478522499724356
 -14.379738774204187
 -14.280856646295581
 -14.181895915372774
 -14.082886264281521
 -13.983840213196871
 -13.884777675929392
 -13.785716621944653
 -13.686678884053062
 -13.587683898165615
 -13.488748920531135
 -13.389890156781743
 -13.291123505353324
 -13.192464205578863
 -13.093927133899470
 -12.995527106028774
 -12.897278691557824
 -12.799196138408311
 -12.701293401521529
 -12.603584182499207
 -12.506081893480212
 -12.408799627976698
 -12.311750233755989
 -12.214946314209783
 -12.118400128807703
 -12.022123582679979
 -11.926128225959715
 -11.830425302811429
 -11.735025765300382
 -11.639940221241170
 -11.545178975295562
 -11.450752044902053
 -11.356669199326864
 -11.262940239839526
 -11.169574771306475
 -11.076581902511780
 -10.983970748368247
 -10.891749958263590
 -10.799927695157919
 -10.708511649251014
 -10.617508862030935
 -10.526926183639375
 -10.436770245366059
 -10.347046976103949
 -10.257762193523686
 -10.168922256783969
 -10.080532947968560
  -9.992599699200866
  -9.905127956705067
  -9.818122522977186
  -9.731588572683554
  -9.645531291066337
  -9.559954961216036
  -9.474864072775286
  -9.390263002684257
  -9.306155356951869
  -9.222544663455492
  -9.139434322813981
  -9.056827247725776
  -8.974726186353111
  -8.893133863337511
  -8.812052611220647
  -8.731484490393258
  -8.651431662489568
  -8.571895750580383
  -8.492877827284570
  -8.414380028674465
  -8.336402226706385
  -8.258944701369698
  -8.182011629140709
  -8.105603872084666
  -8.029722741416148
  -7.954368419696839
  -7.879540702817181
  -7.805242038804762
  -7.731473223247193
  -7.658234908943510
  -7.585528094933522
  -7.513353383026292
  -7.441711217267624
  -7.370601814840119
  -7.300025538304462
  -7.229982336195255
  -7.160471965381421
  -7.091493885949780
  -7.023047323327278
  -6.955131256125861
  -6.887744418873162
  -6.820885555507028
  -6.754553363057493
  -6.688746455301344
  -6.623463419415501
  -6.558702781990985
  -6.494463021434950
  -6.430742552184339
  -6.367539708267031
  -6.304852760648822
  -6.242679905912885
  -6.181019259590008
  -6.119868866413380
  -6.059226723137768
  -5.999090782001195
  -5.939458943988454
  -5.880329047830410
  -5.821698871833671
  -5.763566180511718
  -5.705928714820496
  -5.648784138166047
  -5.592130020522118
  -5.535963959905969
  -5.480283614992545
  -5.425086419914663
  -5.370370049527502
  -5.316132215762121
  -5.262370414846289
  -5.209081784448508
  -5.156264058479307
  -5.103914691385310
  -5.052031189340332
  -5.000611110115915
  -4.949652032878602
  -4.899151560127276
  -4.849107144863186
  -4.799516170359423
  -4.750375905799617
  -4.701683473983333
  -4.653435968837661
  -4.605630512602315
  -4.558264219060775
  -4.511334204840566
  -4.464837583884497
  -4.418771468505871
  -4.373132969181258
  -4.327919195700460
  -4.283127262671445
  -4.238754296294769
  -4.194797443349072
  -4.151253836669325
  -4.108120618086332
  -4.065394910539508
  -4.023073834534594
  -3.981154492761284
  -3.939633968429939
  -3.898509348927770
  -3.857777702857466
  -3.817436078095138
  -3.777481531571865
  -3.737911113654115
  -3.698721883364406
  -3.659910901570394
  -3.621475237721985
  -3.583411967349917
  -3.545718175061991
  -3.508390953816479
  -3.471427406255716
  -3.434824644649030
  -3.398579791908147
  -3.362689981307916
  -3.327152357490466
  -3.291964077392865
  -3.257122308981711
  -3.222624289800033
  -3.188467335731084
  -3.154648697634734
  -3.121165658240405
  -3.088015470537171
  -3.055195366853400
  -3.022702486075294
  -2.990534062802769
  -2.958687302987990
  -2.927159468502784
  -2.895947818674963
  -2.865049647587045
  -2.834462266154397
  -2.804183003214897
  -2.774209194197474
  -2.744538189549159
  -2.715167335888617
  -2.686093999683882
  -2.657315552120559
  -2.628829386375942
  -2.600632904752435
  -2.572723532006041
  -2.545098709978956
  -2.517755900687203
  -2.490692581940441
  -2.463906248408375
  -2.437394409531193
  -2.411154588167070
  -2.385184317447042
  -2.359481144702701
  -2.334042629859753
  -2.308866349220029
  -2.283949893396033
  -2.259290870155723
  -2.234886902492448
  -2.210735630823347
  -2.186834711491188
  -2.163181818661008
  -2.139774766586789
  -2.116611344922420
  -2.093689343041065
  -2.071006508153129
  -2.048560577658130
  -2.026349291746728
  -2.004370393886342
  -1.982621661901685
  -1.961100914914057
  -1.939806035910095
  -1.918734979753723
  -1.897885832405072
 -18.060496749966827
 -18.042577071110216
 -18.024325695011758
 -18.005627392249863
 -17.986566986825995
 -17.967058001129569
 -17.947073280779588
 -17.926713573653270
 -17.905841627342284
 -17.884591621483036
 -17.862842164496911
 -17.840581729925869
 -17.817882254726612
 -17.794647738851015
 -17.770924639908554
 -17.746750756901271
 -17.722017843381000
 -17.696787583399956
 -17.671073727828507
 -17.644785169046436
 -17.617974378631409
 -17.590633464526725
 -17.562679559645087
 -17.534104423542672
 -17.504990871486818
 -17.475319215709032
 -17.445035987654840
 -17.414159264135805
 -17.382718769872078
 -17.350619247617079
 -17.317851615914211
 -17.284413173820035
 -17.250416257263847
 -17.215736824550007
 -17.180355391348225
 -17.144263115852450
 -17.107459983329250
 -17.069999578760900
 -17.031797329738477
 -16.992844867809573
 -16.953117310558078
 -16.912575403732202
 -16.871186492728580
 -16.828977154355997
 -16.785839764999135
 -16.741707011477267
 -16.696566737778110
 -16.650264976730153
 -16.602697893875291
 -16.553867841892714
 -16.503395446065802
 -16.451261010541121
 -16.397615473651669
 -16.342536404386600
 -16.286079842148023
 -16.228300271299702
 -16.169269058546160
 -16.109047977809560
 -16.047687054637365
 -15.985233973028892
 -15.921739532529518
 -15.857259128046985
 -15.791757158824737
 -15.725259321577024
 -15.657789758591278
 -15.589379692188603
 -15.520063116604435
 -15.449875119995371
 -15.378855982634656
 -15.307069313223828
 -15.234598451546532
 -15.161390656821260
 -15.087416212718647
 -15.012700247291997
 -14.937266846787670
 -14.861138685839927
 -14.784338881046295
 -14.706890521560593
 -14.628814476909172
 -14.550133326353469
 -14.470908241364041
 -14.391348609025473
 -14.311347827363312
 -14.230843079648647
 -14.149857534882710
 -14.068412699626860
 -13.986526987672201
 -13.904219984034260
 -13.821512732784727
 -13.738426095438777
 -13.654980231339405
 -13.571195404942880
 -13.487094064206897
 -13.402694075061348
 -13.318026262357819
 -13.233156739876033
 -13.148132191037890
 -13.062945485429211
 -12.977584219721418
 -12.892053659794817
 -12.806365553099321
 -12.720533961533576
 -12.634574034079096
 -12.548501642247565
 -12.462333100482699
 -12.376084848885105
 -12.289773225721099
 -12.203414435060663
 -12.117024569201504
 -12.030619558469411
 -11.944215127236985
 -11.857826796202684
 -11.771469913394624
 -11.685159601385481
 -11.598910641999600
 -11.512737548324630
 -11.426654513863880
 -11.340675459351639
 -11.254813944180640
 -11.169084521239824
 -11.083508763643042
 -10.998100768305139
 -10.912876754550458
 -10.827848611674113
 -10.743029495833149
 -10.658428670813938
 -10.574051388358592
 -10.489906850436730
 -10.406002761269921
 -10.322348480768214
 -10.238952737687178
 -10.155824586398438
 -10.072972641061478
  -9.990405733504556
  -9.908132529189652
  -9.826161403199329
  -9.744500809432713
  -9.663158798946473
  -9.582143032725028
  -9.501460919027270
  -9.421120261694378
  -9.341128189210062
  -9.261492040455645
  -9.182218814506260
  -9.103314792609124
  -9.024785747446893
  -8.946637371734310
  -8.868874562395092
  -8.791502776345183
  -8.714527372783257
  -8.637953004668235
  -8.561784608471465
  -8.486026752876418
  -8.410682576428137
  -8.335756606741228
  -8.261253326333799
  -8.187175790530366
  -8.113528338372531
  -8.040314579087273
  -7.967537542010176
  -7.895199991383474
  -7.823304653042854
  -7.751855333107865
  -7.680854604279221
  -7.610304694663586
  -7.540207964331745
  -7.470566591318583
  -7.401386621941549
  -7.332668834275331
  -7.264414122476698
  -7.196623639632221
  -7.129298104083034
  -7.062438592137009
  -6.996045752105458
  -6.930120071539494
  -6.864661486752751
  -6.799669971711799
  -6.735145590611583
  -6.671088257454726
  -6.607497864276580
  -6.544374264359473
  -6.481717271517367
  -6.419526633620582
  -6.357801970058015
  -6.296542800000113
  -6.235748624404359
  -6.175418939990775
  -6.115553130839247
  -6.056150363297887
  -5.997209706387911
  -5.938730353351906
  -5.880711543799682
  -5.823152183678713
  -5.766050766200337
  -5.709406049209984
  -5.653217278142861
  -5.597483343146310
  -5.542201931374199
  -5.487371128653082
  -5.432990557355168
  -5.379059001776381
  -5.325575448822898
  -5.272538741614102
  -5.219946680120262
  -5.167796362724167
  -5.116086968120249
  -5.064816763634684
  -5.013984071548274
  -4.963587220941492
  -4.913624402984476
  -4.864093813361802
  -4.814993532272828
  -4.766321605362792
  -4.718076000427060
  -4.670254600443863
  -4.622855237761073
  -4.575875706165993
  -4.529313759629933
  -4.483167120541230
  -4.437433480424277
  -4.392110511735669
  -4.347195865513606
  -4.302687164411666
  -4.258582021754830
  -4.214878053745715
  -4.171572835956340
  -4.128663934198511
  -4.086148967090991
  -4.044025479181407
  -4.002290997384092
  -3.960943196216657
  -3.919979604336620
  -3.879397727933239
  -3.839195035847369
  -3.799368796585395
  -3.759916334933387
  -3.720834974618953
  -3.682122060295238
  -3.643774941183485
  -3.605790977537146
  -3.568167534787286
  -3.530901985580857
  -3.493991708274000
  -3.457434087171137
  -3.421226512091425
  -3.385366380509704
  -3.349851095297277
  -3.314678066970499
  -3.279844718497229
  -3.245348475544719
  -3.211186780897736
  -3.177357102128203
  -3.143856887615863
  -3.110683603672965
  -3.077834697512784
  -3.045307630099926
  -3.013099827933421
  -2.981208757731216
  -2.949631872516715
  -2.918366653064804
  -2.887410598295408
  -2.856761213305528
  -2.826416069444029
  -2.796372700101474
  -2.766628603862167
  -2.737181284370731
  -2.708028169161450
  -2.679166736086422
  -2.650594467137194
  -2.622308878451345
  -2.594307494648160
  -2.566587866137332
  -2.539147554275260
  -2.511984141600962
  -2.485095222786837
  -2.458478410280108
  -2.432131328926399
  -2.406051619038545
  -2.380236933123076
  -2.354684937592709
  -2.329393311095299
  -2.304359746138154
  -2.279581947919638
  -2.255057635951582
  -2.230784543331515
  -2.206760418601027
  -2.182983025829563
  -2.159450147461934
  -2.136159586378298
  -2.113109172497029
  -2.090296759202011
  -2.067720196596496
  -2.045377362780385
  -2.023266148078257
  -2.001384493868786
  -1.979730413490345
  -1.958302080718688
  -1.937097863755172
  -1.916116461481855
  -1.895357182699626
