 -25.689531146642000
 -25.529567967144729
 -25.380325829731177
 -25.234530877323760
 -25.097199240361807
 -24.961481903303614
 -24.827338421169735
 -24.699186369893475
 -24.572057944508096
 -24.446300292273701
 -24.321935939732153
 -24.201056186723424
 -24.082037645138858
 -23.963650235432581
 -23.846057720926993
 -23.729465937455402
 -23.614746795610881
 -23.501150325626504
 -23.387927851790721
 -23.275399534226150
 -23.163365634693942
 -23.052177468642071
 -22.941786231606269
 -22.831894796116490
 -22.722274628533853
 -22.613008694248862
 -22.504019166534768
 -22.395456192809732
 -22.287389911027983
 -22.179586937652367
 -22.071885127016103
 -21.964357161389586
 -21.856997882107340
 -21.749865150735825
 -21.642983342058031
 -21.536197635869350
 -21.429351486620966
 -21.322264916324098
 -21.214995749815607
 -21.107707106561151
 -21.000390429281186
 -20.892963151186787
 -20.785348991621767
 -20.677459794852133
 -20.569343182999813
 -20.461098068793419
 -20.352717354305614
 -20.244186006217294
 -20.135461397679414
 -20.026510249377917
 -19.917382668296224
 -19.808115238546335
 -19.698691743153528
 -19.589079516635383
 -19.479233368675782
 -19.369112194842454
 -19.258670533546240
 -19.147805055385906
 -19.036358453331886
 -18.924423318498050
 -18.812057887128052
 -18.698900351541329
 -18.584774494393070
 -18.470103146449048
 -18.354999387088192
 -18.239456468267264
 -18.123260077594541
 -18.006396749609038
 -17.889082060336182
 -17.771385727979112
 -17.653270954241233
 -17.534702760168802
 -17.415776650593219
 -17.296583935198580
 -17.177132800917111
 -17.057412745697214
 -16.937480759452633
 -16.817410610218591
 -16.697229764469547
 -16.576947532720144
 -16.456599123583075
 -16.336244471966950
 -16.215934490467401
 -16.095686040505989
 -15.975532237351963
 -15.855515756471451
 -15.735646085034633
 -15.615945084194948
 -15.496439573958030
 -15.377156770977358
 -15.258112970942058
 -15.139328420208377
 -15.020825583419994
 -14.902625975251603
 -14.784745197681991
 -14.667200468306607
 -14.550009929813676
 -14.433190619233704
 -14.316756907465242
 -14.200723293846796
 -14.085102961205017
 -13.969909856514350
 -13.855156961986813
 -13.740856095397064
 -13.627018377100233
 -13.513654939412426
 -13.400776147424924
 -13.288391464563055
 -13.176510037441425
 -13.065140818552699
 -12.954292182716433
 -12.843971996735277
 -12.734187981065181
 -12.624947573007100
 -12.516257705980049
 -12.408124965537962
 -12.300555663688906
 -12.193555814360368
 -12.087131107240287
 -11.981286927842621
 -11.876028390610420
 -11.771360374329518
 -11.667287479215743
 -11.563814036981350
 -11.460944156218996
 -11.358681797205463
 -11.257030703310958
 -11.155994310678668
 -11.055575925120635
 -10.955781168316285
 -10.856615369385946
 -10.758080806490415
 -10.660179320740095
 -10.562912785415387
 -10.466281914918802
 -10.370290040443495
 -10.274937642519838
 -10.180227114720390
 -10.086162108052116
  -9.992739982880757
  -9.899962018760693
  -9.807828628112171
  -9.716340396113848
  -9.625500533475638
  -9.535308857851184
  -9.445764055553276
  -9.356866797000542
  -9.268616470258586
  -9.181011889410234
  -9.094052785843953
  -9.007738273014061
  -8.922067199089986
  -8.837038773945149
  -8.752651799109328
  -8.668904921636010
  -8.585796897067764
  -8.503326167794313
  -8.421491018870674
  -8.340289790420224
  -8.259720402921062
  -8.179780774359969
  -8.100470074295496
  -8.021787002845562
  -7.943729523360627
  -7.866295532181447
  -7.789482887699469
  -7.713290429629984
  -7.637716297560666
  -7.562758513456179
  -7.488415410056136
  -7.414684927469210
  -7.341565013131988
  -7.269053666106707
  -7.197148709435377
  -7.125847876045840
  -7.055148786085475
  -6.985048900755380
  -6.915545574051499
  -6.846636040575626
  -6.778317447690934
  -6.710586912174783
  -6.643441501675826
  -6.576878251225426
  -6.510894194829130
  -6.445486391800085
  -6.380651920282210
  -6.316387780209638
  -6.252690861535385
  -6.189557967979992
  -6.126985783303865
  -6.064970876968920
  -6.003509793509779
  -5.942599095452208
  -5.882235336308211
  -5.822415062832513
  -5.763134820095090
  -5.704391147460393
  -5.646180578992528
  -5.588499638668692
  -5.531344842732108
  -5.474712709873388
  -5.418599760580925
  -5.363002485692161
  -5.307917418429057
  -5.253341137290292
  -5.199270196400700
  -5.145701071408242
  -5.092630323369328
  -5.040054524920003
  -4.987970249072609
  -4.936374110761740
  -4.885262753962119
  -4.834632846220282
  -4.784481028199274
  -4.734803911849722
  -4.685598070193821
  -4.636860020289077
  -4.588586256319843
  -4.540773278359455
  -4.493417589466232
  -4.446515699066495
  -4.400064123878303
  -4.354059388986724
  -4.308498029104773
  -4.263376589916231
  -4.218691630725577
  -4.174439735091465
  -4.130617592946775
  -4.087221893863202
  -4.044249319863023
  -4.001696545385473
  -3.959560240729501
  -3.917837001177988
  -3.876523401286667
  -3.835616046823011
  -3.795111557253148
  -3.755006569336163
  -3.715297738482489
  -3.675981737057223
  -3.637055255974567
  -3.598515002802034
  -3.560357703053076
  -3.522580099212933
  -3.485178951535647
  -3.448151037654617
  -3.411493153037867
  -3.375202110889611
  -3.339274742505097
  -3.303707897204198
  -3.268498442652803
  -3.233643265122378
  -3.199139269336539
  -3.164983399255847
  -3.131172647710800
  -3.097704013681073
  -3.064574522851584
  -3.031781203504960
  -2.999321090659729
  -2.967191192478523
  -2.935388549026500
  -2.903910197443728
  -2.872753209132691
  -2.841914663206495
  -2.811391669242123
  -2.781181352224558
  -2.751280862935864
  -2.721687367548767
  -2.692398054328932
  -2.663410124819704
  -2.634720801544395
  -2.606327321601055
  -2.578226943664216
  -2.550416942345909
  -2.522894618194939
  -2.495657303596443
  -2.468702349368779
  -2.442027126642454
  -2.415629021922131
  -2.389505439167316
  -2.363653791590982
  -2.338071497730509
  -2.312755995741250
  -2.287704739174846
  -2.262915203573454
  -2.238384882532801
  -2.214111291420928
  -2.190091964383444
  -2.166324456713617
  -2.142806342679567
  -2.119535217195136
  -2.096509136237577
  -2.073725860272369
  -2.051182967910976
  -2.028878089081849
  -2.006808771438334
  -1.984972645279902
  -1.963367313414034
  -1.941990455945600
  -1.920839758484409
  -1.899912978498173
 -20.470258063994365
 -20.433913819146635
 -20.397120529786459
 -20.359916951373453
 -20.322108257958337
 -20.283982054704033
 -20.245143505865407
 -20.205724439973729
 -20.165987508484072
 -20.125546122851205
 -20.084567843697609
 -20.043140589344549
 -20.001034991883643
 -19.958375942704794
 -19.915341068841453
 -19.871611815816706
 -19.827189579875235
 -19.782235489598225
 -19.736780163848803
 -19.690665941738743
 -19.643898983404465
 -19.596534606229913
 -19.548618339868469
 -19.500015469506330
 -19.450743521664556
 -19.400827371189447
 -19.350397745318961
 -19.299370577831720
 -19.247630646044186
 -19.195163410937159
 -19.141953967613524
 -19.087992896238209
 -19.033390990278100
 -18.978315583375881
 -18.922527489946884
 -18.866009690720599
 -18.808752417209423
 -18.750749087612160
 -18.691995664742606
 -18.632489161401555
 -18.572250521738134
 -18.511338103790575
 -18.449763337175110
 -18.387480912438900
 -18.324467440181877
 -18.260709974460838
 -18.196201484813681
 -18.130936616272020
 -18.064905003791768
 -17.998090428952054
 -17.930476315966906
 -17.862040655026743
 -17.792747479033334
 -17.722582046633583
 -17.651450612232832
 -17.578858922888294
 -17.504964867037689
 -17.429655289160404
 -17.352948644003536
 -17.274846324724663
 -17.195463493078549
 -17.114891204343010
 -17.033206036283559
 -16.950448352612089
 -16.866657787402335
 -16.781889690997964
 -16.696185290011414
 -16.609585132294711
 -16.522119642022542
 -16.433830771768463
 -16.344766329673483
 -16.254968570006621
 -16.164471491466809
 -16.073298863928859
 -15.981485605994477
 -15.889064210991190
 -15.796065162486570
 -15.702524231576533
 -15.608471433519561
 -15.513937607667353
 -15.418952654572301
 -15.323543726699997
 -15.227740515451677
 -15.131588857215885
 -15.035108100316476
 -14.938330103267159
 -14.841277701713203
 -14.743978186157651
 -14.646448197283384
 -14.548710188304682
 -14.450783822611283
 -14.352692038187003
 -14.254456096164560
 -14.156096962576731
 -14.057635241955966
 -13.959095751478754
 -13.860498155678332
 -13.761864531191531
 -13.663216776480787
 -13.564574319109626
 -13.465954754953355
 -13.367375052069201
 -13.268851759388111
 -13.170401190766999
 -13.072039553524780
 -12.973782798031314
 -12.875646585372090
 -12.777646295124079
 -12.679797058264979
 -12.582113738666850
 -12.484610894457720
 -12.387302855644466
 -12.290203689495710
 -12.193327081426778
 -12.096686359610000
 -12.000294487849688
 -11.904164096619093
 -11.808307514163710
 -11.712736713742650
 -11.617463325297031
 -11.522498683889518
 -11.427853877734169
 -11.333540000862071
 -11.239567912581739
 -11.145948017828609
 -11.052690561717339
 -10.959805282367507
 -10.867301527050488
 -10.775188075956969
 -10.683473252424740
 -10.592165121777004
 -10.501271276739672
 -10.410798981916875
 -10.320755228096550
 -10.231146737329519
 -10.141979875094362
 -10.053260931136297
  -9.964996479939689
  -9.877192626576603
  -9.789855011810795
  -9.702989051547794
  -9.616599834848410
  -9.530692724893855
  -9.445272824296481
  -9.360344511125342
  -9.275912180749845
  -9.191979985511820
  -9.108551507538301
  -9.025630193970960
  -8.943219285088984
  -8.861321675910848
  -8.779940185859692
  -8.699077431595638
  -8.618735689283454
  -8.538917125691281
  -8.459623653984771
  -8.380856733357135
  -8.302617977274275
  -8.224908558954835
  -8.147728865717717
  -8.071080745113269
  -7.994966361308964
  -7.919386705392679
  -7.844342462640264
  -7.769833804566289
  -7.695861662810144
  -7.622427274174379
  -7.549531155758086
  -7.477173882724974
  -7.405356189594581
  -7.334078475012184
  -7.263340755311294
  -7.193143026682361
  -7.123485135929746
  -7.054366697429680
  -6.985787120048819
  -6.917745575657170
  -6.850241004114101
  -6.783272129415464
  -6.716837589545051
  -6.650935982574075
  -6.585565833529645
  -6.520725613449847
  -6.456413745411726
  -6.392628603782030
  -6.329368504598618
  -6.266631680133840
  -6.204416285921983
  -6.142720407705159
  -6.081542045129111
  -6.020879106349598
  -5.960729436769942
  -5.901090849229866
  -5.841961122016652
  -5.783337967690906
  -5.725219013245077
  -5.667601859908138
  -5.610484128410478
  -5.553863387223346
  -5.497737050966459
  -5.442102505971768
  -5.386957279633762
  -5.332298799274033
  -5.278124539075542
  -5.224432041204654
  -5.171218676318424
  -5.118481513110762
  -5.066217949567118
  -5.014425373411134
  -4.963101114249064
  -4.912242542613996
  -4.861847041141065
  -4.811912005227646
  -4.762434750003714
  -4.713412518401310
  -4.664842472651610
  -4.616721666594261
  -4.569047104521256
  -4.521815795741143
  -4.475024746175599
  -4.428670958989075
  -4.382751434248553
  -4.337263169724285
  -4.292203161399514
  -4.247568403769955
  -4.203355894592356
  -4.159562642189291
  -4.116185679996644
  -4.073222035845564
  -4.030668743896036
  -3.988522825042413
  -3.946781293860561
  -3.905441156657404
  -3.864499397226680
  -3.823953000203250
  -3.783798940742798
  -3.744034168059770
  -3.704655638622563
  -3.665660311451003
  -3.627045155404093
  -3.588807146232879
  -3.550943269897164
  -3.513450521560065
  -3.476325907167386
  -3.439566443301913
  -3.403169157939750
  -3.367131090571454
  -3.331449293017189
  -3.296120829256180
  -3.261142776195971
  -3.226512224797022
  -3.192226278712760
  -3.158282091485686
  -3.124676879082119
  -3.091407828994359
  -3.058472148935652
  -3.025867033533230
  -2.993589667409288
  -2.961637175311592
  -2.930006740484261
  -2.898695538077714
  -2.867700783441291
  -2.837019699954777
  -2.806649538832433
  -2.776587574149186
  -2.746831095258051
  -2.717377397943515
  -2.688223793172606
  -2.659367588392510
  -2.630806112018998
  -2.602536701904992
  -2.574556718091312
  -2.546863533210500
  -2.519454542566250
  -2.492327161241776
  -2.465478824591274
  -2.438906985267098
  -2.412609113386979
  -2.386582695155870
  -2.360825231012788
  -2.335334232809964
  -2.310107228232618
  -2.285141759229437
  -2.260435385342784
  -2.235985681912967
  -2.211790242423002
  -2.187846676908135
  -2.164152613747487
  -2.140705698500217
  -2.117503595529811
  -2.094544126987466
  -2.071825066894729
  -2.049344167516693
  -2.027099163931391
  -2.005087777464283
  -1.983307746261939
  -1.961756813960800
  -1.940432766227499
  -1.919333434028041
  -1.898456720873639
 -18.060549905651669
 -18.042629559468178
 -18.024377110812694
 -18.005678195556531
 -17.986616746239928
 -17.967107019617288
 -17.947121240553294
 -17.926760832989892
 -17.905888162460709
 -17.884637184360592
 -17.862887009506810
 -17.840625618841482
 -17.817925360073904
 -17.794690207936853
 -17.770966332504557
 -17.746791943862178
 -17.722058512711584
 -17.696827533752710
 -17.671113472861183
 -17.644824813242117
 -17.618014246387045
 -17.590673500992999
 -17.562719767756693
 -17.534144811573871
 -17.505031473458157
 -17.475359986908067
 -17.445076943427274
 -17.414200472670835
 -17.382760212884758
 -17.350660920657187
 -17.317893527725804
 -17.284455356065269
 -17.250458730041412
 -17.215779568048529
 -17.180398413421223
 -17.144306424956469
 -17.107503629581426
 -17.070043564408259
 -17.031841638370160
 -16.992889510688148
 -16.953162311590006
 -16.912620809362494
 -16.871232483430333
 -16.829026710996136
 -16.785892474699573
 -16.741763438807475
 -16.696627015708465
 -16.650329394828606
 -16.602783051524852
 -16.554026306035905
 -16.504033296465202
 -16.452783856288793
 -16.400313682859306
 -16.346629518480711
 -16.291764101235689
 -16.235719590178530
 -16.178541763704985
 -16.120323269103228
 -16.061101732043298
 -16.000885272520925
 -15.939665154587956
 -15.877450846653041
 -15.814256072898239
 -15.750096732491480
 -15.684990114718056
 -15.618954027778793
 -15.552016919582266
 -15.484260008565380
 -15.415752693484395
 -15.346472843312185
 -15.276398081855866
 -15.205521230717716
 -15.133852321003577
 -15.061409514959124
 -14.988212432995102
 -14.914280828115336
 -14.839633576534089
 -14.764290117854287
 -14.688295299016030
 -14.611722373594842
 -14.534569539552942
 -14.456924001170680
 -14.378747089616418
 -14.300018042745092
 -14.220746940292482
 -14.140954227588969
 -14.060658319775341
 -13.979876875174043
 -13.898629083445776
 -13.816934383042264
 -13.734813128394450
 -13.652285010068269
 -13.569369796401826
 -13.486111650029462
 -13.402554091125797
 -13.318716936307970
 -13.234613302848148
 -13.150269867549669
 -13.065693354508189
 -12.980886847907739
 -12.895860553876721
 -12.810628499281799
 -12.725206361359822
 -12.639610697173937
 -12.553858603468903
 -12.467967412474776
 -12.381954445276389
 -12.295836963184493
 -12.209632188127863
 -12.123357245806705
 -12.037029106008061
 -11.950664552520868
 -11.864280152520053
 -11.777892283618161
 -11.691517117571122
 -11.605170563128443
 -11.518868253270165
 -11.432625549663877
 -11.346457510344020
 -11.260378914214831
 -11.174405454246868
 -11.088558766387616
 -11.002858789052516
 -10.917319177951683
 -10.831954993152992
 -10.746778460072681
 -10.661802470539898
 -10.577034904970544
 -10.492480073032569
 -10.408148690885195
 -10.324050404418136
 -10.240195637000769
 -10.156594362835428
 -10.073256614786198
  -9.990191979405662
  -9.907410018357076
  -9.824920238564365
  -9.742731824118161
  -9.660853821602398
  -9.579294992940293
  -9.498063679037751
  -9.417167997869401
  -9.336616188107630
  -9.256415999580016
  -9.176575110918742
  -9.097100988993377
  -9.018000513035378
  -8.939280076003653
  -8.860945861470952
  -8.783003522672061
  -8.705458734578167
  -8.628317153593743
  -8.551583963936343
  -8.475264227876140
  -8.399362833671656
  -8.323883803766980
  -8.248831348637104
  -8.174210008099315
  -8.100023376418289
  -8.026275188483250
  -7.952969609364913
  -7.880110132470801
  -7.807699795623312
  -7.735741412748633
  -7.664238108202554
  -7.593192944520836
  -7.522608460405918
  -7.452487017272065
  -7.382830924400221
  -7.313644121449161
  -7.244928977729786
  -7.176686626025582
  -7.108918321179812
  -7.041625112629994
  -6.974808009473405
  -6.908467833390599
  -6.842605157162428
  -6.777220182472393
  -6.712312928791341
  -6.647883421685781
  -6.583931602114585
  -6.520457326432576
  -6.457460393005482
  -6.394940537254564
  -6.332897420837060
  -6.271330596174638
  -6.210239502986206
  -6.149623515024119
  -6.089481964906033
  -6.029814095849861
  -5.970618990671054
  -5.911895609684315
  -5.853642923609346
  -5.795859924417107
  -5.738545427307535
  -5.681697952932641
  -5.625316041311651
  -5.569398502235194
  -5.513944048002895
  -5.458950706411215
  -5.404416441645258
  -5.350340044209548
  -5.296720158530268
  -5.243555371835845
  -5.190844249520856
  -5.138584773851361
  -5.086774308366249
  -5.035411179840731
  -4.984493628078153
  -4.934019734521297
  -4.883987598383897
  -4.834395247500948
  -4.785240684474362
  -4.736521826914014
  -4.688236530472951
  -4.640382578957665
  -4.592957666524799
  -4.545959430416524
  -4.499385477313436
  -4.453233382087071
  -4.407500692295302
  -4.362184929867661
  -4.317283597674122
  -4.272794180436464
  -4.228714141059348
  -4.185040930971820
  -4.141772001084577
  -4.098904781923076
  -4.056436689386246
  -4.014365165711859
  -3.972687615600998
  -3.931401421251060
  -3.890504039825381
  -3.849992862411689
  -3.809865247485964
  -3.770118526353982
  -3.730749908803975
  -3.691756611693925
  -3.653135857257933
  -3.614884880442265
  -3.577000921943337
  -3.539481230885467
  -3.502323062219027
  -3.465523677727862
  -3.429080345506946
  -3.392990340235729
  -3.357250943102716
  -3.321859443271799
  -3.286813136876973
  -3.252109328356665
  -3.217745333784692
  -3.183718475487124
  -3.150026099459896
  -3.116665584377293
  -3.083634292316946
  -3.050929599727250
  -3.018548870600212
  -2.986489473096474
  -2.954748741196002
  -2.923324046443195
  -2.892212754440477
  -2.861412257514030
  -2.830919963943772
  -2.800733295110457
  -2.770849719182973
  -2.741266691239213
  -2.711981645974960
  -2.682992023868969
  -2.654295220448120
  -2.625888663362690
  -2.597769789467338
  -2.569936063467443
  -2.542384961743953
  -2.515113983842990
  -2.488120643436019
  -2.461402474406280
  -2.434957024986289
  -2.408781860979992
  -2.382874562300371
  -2.357232724388435
  -2.331853955706065
  -2.306735879347081
  -2.281876131815654
  -2.257272364662148
  -2.232922243478471
  -2.208823449390178
  -2.184973678333898
  -2.161370642610473
  -2.138012070758434
  -2.114895709735264
  -2.092019348814800
  -2.069380794771921
  -2.046977872791233
  -2.024808401323759
  -2.002870217478457
  -1.981161170090689
  -1.959679145028501
  -1.938422085698429
  -1.917388053395425
  -1.896575255947802
