 -64.949824070153682
 -54.025058748642614
 -50.671735527977759
 -48.723986747295754
 -47.453000495778227
 -46.280032114865165
 -45.285072771023678
 -44.394991033576396
 -43.656915560102270
 -43.005262561950666
 -42.389522503337815
 -41.780530158904902
 -41.223844222014996
 -40.692174670698890
 -40.188306726673162
 -39.718116937069020
 -39.267611078009040
 -38.834948442068018
 -38.417485239209171
 -38.007501431654546
 -37.616701356049873
 -37.233424036270797
 -36.857683135396108
 -36.499143477704003
 -36.149425299949073
 -35.806613682528926
 -35.470298321441120
 -35.139019749111689
 -34.816960138202013
 -34.500125735020866
 -34.187665820963140
 -33.881747386335675
 -33.581198664404056
 -33.284933012073388
 -32.992940083925262
 -32.705537963159145
 -32.422184709345743
 -32.133931616149248
 -31.847181010985253
 -31.564124719902598
 -31.284326812060499
 -31.007653579091091
 -30.734112938149469
 -30.463230118506843
 -30.193855265992212
 -29.924779774969313
 -29.658153066357023
 -29.394035432172689
 -29.132095993141409
 -28.872305528881604
 -28.614597162278606
 -28.358457799916522
 -28.103848408792995
 -27.851168026877705
 -27.600415845490112
 -27.351665904845099
 -27.104533370997832
 -26.857354941951154
 -26.610221020023285
 -26.366102379316757
 -26.124861338538466
 -25.884000471369127
 -25.642594525962018
 -25.399431882128468
 -25.157467029718173
 -24.918336207421941
 -24.680773437428694
 -24.443537530405919
 -24.206546461317352
 -23.969574305643551
 -23.733122726586284
 -23.497529702237404
 -23.262685240472504
 -23.028623549101535
 -22.795080124558147
 -22.561878059054351
 -22.329415964424026
 -22.098109315117238
 -21.868064008517315
 -21.639145410770531
 -21.411159605246400
 -21.184255676887972
 -20.958629655912905
 -20.734236314841869
 -20.510987858392038
 -20.288887679000371
 -20.068036536825080
 -19.848543229818095
 -19.630531319681563
 -19.414033655645408
 -19.199028879548912
 -18.985560873755809
 -18.773737837395014
 -18.563621608377826
 -18.355204897295593
 -18.148482526051076
 -17.943512775797505
 -17.740370497890712
 -17.539152132589859
 -17.339901388546004
 -17.142632119916065
 -16.947389411176989
 -16.754133454045224
 -16.562835198429244
 -16.373495293377371
 -16.186139143083476
 -16.000749247750797
 -15.817311229388979
 -15.635854174913757
 -15.456396246225120
 -15.278925429580156
 -15.103428269326487
 -14.929896043756054
 -14.758329745054425
 -14.588717012451035
 -14.421041578755396
 -14.255289226157071
 -14.091452390609492
 -13.929517172717505
 -13.769467056683615
 -13.611288734939516
 -13.454971534181995
 -13.300500394368907
 -13.147859189888841
 -12.997033263912986
 -12.848007660622079
 -12.700766042146928
 -12.555291287402120
 -12.411567029987509
 -12.269576692095786
 -12.129302902498177
 -11.990728666853625
 -11.853836687928599
 -11.718608478425626
 -11.585020464385863
 -11.453040660363083
 -11.322652006631643
 -11.193839855806020
 -11.066580521675215
 -10.940859141982102
 -10.816679452943928
 -10.694025036337141
 -10.572882747862534
 -10.453245094486084
 -10.335099706609888
 -10.218435173967453
 -10.103237913130114
  -9.989495004980084
  -9.877179264559645
  -9.766268876913553
  -9.656749677336974
  -9.548599685564861
  -9.441798885671080
  -9.336331302001353
  -9.232176346583634
  -9.129311639269051
  -9.027718799900175
  -8.927377570155929
  -8.828269560323948
  -8.730371447982076
  -8.633667498041893
  -8.538142753264410
  -8.443775394252979
  -8.350551765447824
  -8.258452883353280
  -8.167461504096863
  -8.077564822204948
  -7.988744855751911
  -7.900986532858549
  -7.814275859943695
  -7.728596887033688
  -7.643935165590192
  -7.560276730974707
  -7.477607228145982
  -7.395912590764069
  -7.315179219493147
  -7.235393377943343
  -7.156541481142550
  -7.078610287789307
  -7.001586602915040
  -6.925457515406849
  -6.850210385001263
  -6.775832749368082
  -6.702312447800202
  -6.629637643065907
  -6.557796718513221
  -6.486778161559022
  -6.416570589276974
  -6.347162738307634
  -6.278543410306087
  -6.210701520918994
  -6.143626226178496
  -6.077306919510908
  -6.011733189108960
  -5.946894835329121
  -5.882781856229674
  -5.819384443531725
  -5.756692980513948
  -5.694698023015839
  -5.633390302996360
  -5.572760734772475
  -5.512800415855801
  -5.453500573029716
  -5.394852639876206
  -5.336848300762255
  -5.279479317240619
  -5.222737519608365
  -5.166615016860637
  -5.111104076671900
  -5.056197057697828
  -5.001886565455361
  -4.948165328543126
  -4.895026241156253
  -4.842462284279999
  -4.790466518270322
  -4.739032084748528
  -4.688152167382804
  -4.637820045852593
  -4.588029118856695
  -4.538772891275891
  -4.490044979475683
  -4.441839107034649
  -4.394149103202108
  -4.346968901495857
  -4.300292537841450
  -4.254114151028287
  -4.208427993058126
  -4.163228530820630
  -4.118510281545093
  -4.074267839852733
  -4.030495860374712
  -3.987189066393247
  -3.944342155408231
  -3.901949883307847
  -3.860007107535800
  -3.818508762027063
  -3.777449861396845
  -3.736825499646838
  -3.696630846261268
  -3.656861145267323
  -3.617511712072292
  -3.578577931913296
  -3.540055257915327
  -3.501939209318695
  -3.464225370001309
  -3.426909386777921
  -3.389986968062495
  -3.353453882410752
  -3.317305957127727
  -3.281539077021659
  -3.246149183366812
  -3.211132272274036
  -3.176484416767646
  -3.142201774722295
  -3.108280539231021
  -3.074716963157843
  -3.041507329634722
  -3.008647957083798
  -2.976135160969738
  -2.943965319351594
  -2.912134830650954
  -2.880640155259600
  -2.849477783910239
  -2.818644262613098
  -2.788136174559280
  -2.757950150984212
  -2.728082858756034
  -2.698531007170512
  -2.669291337435683
  -2.640360630544256
  -2.611735699459542
  -2.583413396050702
  -2.555390604332261
  -2.527664250522150
  -2.500231308668066
  -2.473088785015145
  -2.446233720479200
  -2.419663184117533
  -2.393374275592759
  -2.367364115304676
  -2.341629840548301
  -2.316168619944342
  -2.290977648392083
  -2.266054153588441
  -2.241395391365735
  -2.216998649244954
  -2.192861242830960
  -2.168980517966629
  -2.145353848051993
  -2.121978635476411
  -2.098852774316348
  -2.075973843109743
  -2.053339245979713
  -2.030946447464256
  -2.008792833087664
  -1.986875881739690
  -1.965193048302058
  -1.943741874702155
  -1.922519912304468
  -1.901524792885396
 -58.679489887725573
 -47.754724566214499
 -45.319039609029844
 -43.371290961547082
 -42.363524620698129
 -41.506521681916972
 -40.824173022455383
 -40.173936046596005
 -39.577738062658362
 -39.078986919157003
 -38.646640798881059
 -38.239804721410316
 -37.860745774196758
 -37.490366617672443
 -37.152664085992562
 -36.819044906253282
 -36.495173314977734
 -36.187420298410757
 -35.893221956058994
 -35.608682183342147
 -35.333843145224520
 -35.068822924089062
 -34.810212966497332
 -34.556527948561289
 -34.307393663566344
 -34.066009593086115
 -33.826849519794237
 -33.589631576303340
 -33.356031489303440
 -33.127455027873623
 -32.903057309486371
 -32.681085883703993
 -32.461903905282554
 -32.245724783346922
 -32.031857601619905
 -31.819698529648075
 -31.609754548704096
 -31.401701228417156
 -31.193973964688343
 -30.987069638396150
 -30.781810407578472
 -30.577530910933888
 -30.373944562557824
 -30.171527482640290
 -29.970104401575565
 -29.769364685810171
 -29.569207957082916
 -29.370204089502327
 -29.171492784062288
 -28.973066406389588
 -28.775121482353669
 -28.577455951472547
 -28.379989469946278
 -28.182979359489629
 -27.986573001201293
 -27.790622881212236
 -27.595083157182962
 -27.400609356856055
 -27.207193553365592
 -27.014734017196030
 -26.823474201273367
 -26.632709321253159
 -26.442674181525888
 -26.248181705950135
 -26.047970270618070
 -25.845798372156040
 -25.642028096325159
 -25.437246303743983
 -25.231680796708606
 -25.024346336853540
 -24.814219450326931
 -24.602250013517953
 -24.388875059930129
 -24.174311109061740
 -23.958983367602912
 -23.742426208559049
 -23.524618201144307
 -23.306443341473532
 -23.087773940422572
 -22.868541607450339
 -22.648817747958297
 -22.428698888503011
 -22.208447396229563
 -21.988143816964325
 -21.767782424652481
 -21.547418498515309
 -21.327133233354715
 -21.107119345671855
 -20.887707578104305
 -20.669021635117591
 -20.450947914300876
 -20.233489915361385
 -20.016791230693887
 -19.801002534918144
 -19.586164147177701
 -19.372249480765650
 -19.159360228996970
 -18.947625194670159
 -18.737110349280258
 -18.527779979120410
 -18.319639659411404
 -18.112783211944748
 -17.907289538125685
 -17.703173163191725
 -17.500446923800066
 -17.299164111296143
 -17.099375301024182
 -16.901122295030941
 -16.704510775887002
 -16.509600502013285
 -16.316414415501338
 -16.124945932789075
 -15.935176058623460
 -15.747131481488122
 -15.560827969488544
 -15.376267952953949
 -15.193456093329543
 -15.012421153513664
 -14.833178078056839
 -14.655730625120359
 -14.480083110040171
 -14.306242970514862
 -14.134214669877723
 -13.963999193811443
 -13.795595868592384
 -13.629006770149184
 -13.464233817568442
 -13.301277169942072
 -13.140138639725819
 -12.980818789945582
 -12.823317790147261
 -12.667633805959781
 -12.513763537248794
 -12.361703669925690
 -12.211448638004601
 -12.062988917991120
 -11.916318051830640
 -11.771429804234298
 -11.628313567420214
 -11.486961558280582
 -11.347366061328113
 -11.209515119367246
 -11.073400562371905
 -10.939013248558092
 -10.806340408629863
 -10.675372611720023
 -10.546103830966448
 -10.418537461887381
 -10.292666526669834
 -10.168477551422162
 -10.045961469639240
  -9.925104423098684
  -9.805889652639133
  -9.688300826981971
  -9.572315850145955
  -9.457905554457724
  -9.345047880918779
  -9.233722812117115
  -9.123913261062286
  -9.015582437841589
  -8.908722893140206
  -8.803317822319599
  -8.699336396955310
  -8.596767594915994
  -8.495583548713439
  -8.395764572395851
  -8.297296572347390
  -8.200154399845989
  -8.104320737231422
  -8.009776355704872
  -7.916504596832898
  -7.824483567020410
  -7.733696126177264
  -7.644124998550180
  -7.555749909556946
  -7.468553736036609
  -7.382518437513045
  -7.297625600071258
  -7.213858166815294
  -7.131198024941667
  -7.049627230064473
  -6.969128338333417
  -6.889684022951465
  -6.811277197666957
  -6.733891172643505
  -6.657509438410687
  -6.582115688120044
  -6.507693892567313
  -6.434228226209106
  -6.361703106658720
  -6.290103175101077
  -6.219413287543481
  -6.149618593990507
  -6.080704544353106
  -6.012656847959767
  -5.945461370491803
  -5.879104230520736
  -5.813571787877938
  -5.748850612734928
  -5.684927608137933
  -5.621789808783912
  -5.559424861137339
  -5.497820676237280
  -5.436965066032832
  -5.376846725668383
  -5.317454110217738
  -5.258775575097970
  -5.200800072393678
  -5.143517231844490
  -5.086916202814811
  -5.030986935648701
  -4.975719395441123
  -4.921103825557420
  -4.867130643467103
  -4.813790323528014
  -4.761073522010589
  -4.708970944070705
  -4.657473454628730
  -4.606572143209212
  -4.556258282852679
  -4.506523335276920
  -4.457358947120848
  -4.408756941491252
  -4.360709317608364
  -4.313208243731578
  -4.266246058931826
  -4.219815277263526
  -4.173908602163048
  -4.128518875341850
  -4.083639095608048
  -4.039262390668225
  -3.995382016621222
  -3.951991355419406
  -3.909083898086753
  -3.866653259787459
  -3.824693174387200
  -3.783197461926184
  -3.742160068346665
  -3.701575057474884
  -3.661436607989426
  -3.621739014243167
  -3.582476679977887
  -3.543644118410362
  -3.505235947362346
  -3.467246887978674
  -3.429671760931923
  -3.392505484374751
  -3.355743071207667
  -3.319379626346025
  -3.283410344412300
  -3.247830508434416
  -3.212635485446556
  -3.177820765829070
  -3.143381972978809
  -3.109314757387361
  -3.075614853359746
  -3.042278039114295
  -3.009300136549011
  -2.976676957272972
  -2.944404430806931
  -2.912478527565825
  -2.880895308265194
  -2.849650889683044
  -2.818741461212739
  -2.788163280484433
  -2.757912661103898
  -2.727985963186493
  -2.698379600678167
  -2.669090020151368
  -2.640113725276165
  -2.611447263651922
  -2.583087237838001
  -2.555030295056875
  -2.527273135377302
  -2.499812508626043
  -2.472645212350134
  -2.445768088775874
  -2.419178022816544
  -2.392871940553560
  -2.366846805408460
  -2.341099614986096
  -2.315627404304764
  -2.290427243653442
  -2.265496240875912
  -2.240831538928969
  -2.216430317301301
  -2.192289789769938
  -2.168407205368498
  -2.144779846596935
  -2.121405030310822
  -2.098280253554086
  -2.075402972687730
  -2.052770635890085
  -2.030380685346179
  -2.008230561586056
  -1.986317734108253
  -1.964639689141989
  -1.943193967151625
  -1.921978165152744
  -1.900989964644932
 -54.828980162438341
 -43.904214840927267
 -41.840953169913817
 -39.967934994832490
 -38.960168658676523
 -38.270767279763980
 -37.638265592131091
 -37.161686692701842
 -36.660978480491764
 -36.224925848867478
 -35.836880067376555
 -35.502970436550598
 -35.184654910803758
 -34.900409314142287
 -34.626039360913566
 -34.365298749261328
 -34.116395932400799
 -33.878677605514788
 -33.646851546123870
 -33.416110402503811
 -33.193159111736449
 -32.982684002241278
 -32.775250024819080
 -32.576460516095096
 -32.383026633567852
 -32.193233743508110
 -32.009026951096963
 -31.827536633469840
 -31.646883332593024
 -31.468741725310412
 -31.294929671542661
 -31.123088903759342
 -30.952550892124528
 -30.782049818229936
 -30.613777165994453
 -30.448835156893534
 -30.284628893118768
 -30.121965838908508
 -29.961007941065709
 -29.801181222120974
 -29.642189231016218
 -29.484599186915769
 -29.327320785801120
 -29.170162334331543
 -29.013728903438874
 -28.857848253561617
 -28.701831634441863
 -28.545809167278605
 -28.390515692083465
 -28.235367435794515
 -28.080403222313141
 -27.925781242745771
 -27.771353869837203
 -27.617025845423612
 -27.462690499691636
 -27.308544289004853
 -27.154987738722880
 -27.001676057563678
 -26.848444299933895
 -26.695644755106670
 -26.543253724029288
 -26.390885193737159
 -26.237993767810313
 -26.084589666676258
 -25.929697874932284
 -25.772188950329443
 -25.608573452320620
 -25.437003599960690
 -25.263191994811393
 -25.087882751667717
 -24.910839104359802
 -24.731574872732743
 -24.550047214361740
 -24.365243726583589
 -24.176984818771498
 -23.986908738084736
 -23.795205998257416
 -23.602234015800274
 -23.408018976234441
 -23.212243688408670
 -23.015002428745643
 -22.816662197730182
 -22.617351556000816
 -22.417150498101087
 -22.215940657429599
 -22.014020465773733
 -21.811519610516079
 -21.608459022268658
 -21.405033493520868
 -21.201443837202582
 -20.997725393790457
 -20.793868501711074
 -20.589935100394655
 -20.386044809637973
 -20.182303513831592
 -19.978754275710269
 -19.775448170128055
 -19.572527498008643
 -19.370050443930129
 -19.167954982306828
 -18.966314480421232
 -18.765271099467647
 -18.564986718378336
 -18.365506663398435
 -18.166770733726878
 -17.968806264807526
 -17.771689814101904
 -17.575486298254599
 -17.380239438293717
 -17.185983264060365
 -16.992763842076524
 -16.800622546188951
 -16.609589786331576
 -16.419702052304007
 -16.230995763252238
 -16.043503197050352
 -15.857276941406454
 -15.672420120460202
 -15.488989796815467
 -15.307003093026903
 -15.126454110399010
 -14.947330546769418
 -14.769642747803339
 -14.593400473661646
 -14.418604899241325
 -14.245269451394702
 -14.073417364239710
 -13.903076386972378
 -13.734274315294108
 -13.567033552623169
 -13.401376269597353
 -13.237317314076227
 -13.074870646294027
 -12.914050287981036
 -12.754867540428169
 -12.597330266921110
 -12.441447284268421
 -12.287226335628414
 -12.134672677093624
 -11.983792043774127
 -11.834588806777175
 -11.687064253391934
 -11.541220696871495
 -11.397059996794788
 -11.254581343436907
 -11.113786145954613
 -10.974677437259377
 -10.837256324172341
 -10.701521992706342
 -10.567472126380032
 -10.435103063588702
 -10.304412476287588
 -10.175394582758472
 -10.048041826904575
  -9.922355399955565
  -9.798337103023760
  -9.675979995466568
  -9.555281046661699
  -9.436229502226192
  -9.318808755708723
  -9.203014986855276
  -9.088831608237269
  -8.976231709472374
  -8.865191305411116
  -8.755691329522115
  -8.647714589866634
  -8.541239032641080
  -8.436245896302665
  -8.332714313377926
  -8.230626710160935
  -8.129978739749587
  -8.030738260348674
  -7.932892574361589
  -7.836425475684178
  -7.741313953941604
  -7.647542301709475
  -7.555092742116122
  -7.463944859481995
  -7.374080104578263
  -7.285480078888092
  -7.198125488138345
  -7.111997781064414
  -7.027078511351993
  -6.943349030422932
  -6.860791171252129
  -6.779386790313264
  -6.699117676809843
  -6.619965872687646
  -6.541913637873452
  -6.464943440965912
  -6.389037831444292
  -6.314179292669308
  -6.240350575001255
  -6.167534950713600
  -6.095715887164202
  -6.024876560812789
  -5.955000042821017
  -5.886070442473304
  -5.818072486689878
  -5.750990282436908
  -5.684806833980011
  -5.619507176056135
  -5.555077948056113
  -5.491503360202507
  -5.428770655419435
  -5.366866021092869
  -5.305774135137026
  -5.245480445145374
  -5.185973211973955
  -5.127237811653991
  -5.069261877398585
  -5.012032574619033
  -4.955537266776372
  -4.899763794047548
  -4.844699939214432
  -4.790333845574184
  -4.736653772598939
  -4.683648169729237
  -4.631305754811045
  -4.579615458102882
  -4.528566436592444
  -4.478148083795461
  -4.428350007484394
  -4.379162059380329
  -4.330574297541271
  -4.282577005394962
  -4.235160623820613
  -4.188315797950898
  -4.142033475691046
  -4.096304854164292
  -4.051121309610411
  -4.006474371686796
  -3.962355865714918
  -3.918757758361179
  -3.875672123167331
  -3.833091228747211
  -3.791007370173546
  -3.749413014523967
  -3.708300833801359
  -3.667663653699224
  -3.627494481378280
  -3.587786479325249
  -3.548532972187522
  -3.509727435112653
  -3.471363493367939
  -3.433434915384225
  -3.395935609873343
  -3.358859622111178
  -3.322201129261564
  -3.285954437037538
  -3.250113979796654
  -3.214674310422569
  -3.179630115707735
  -3.144976222812618
  -3.110707538783829
  -3.076819082766706
  -3.043305955846592
  -3.010163350424674
  -2.977386511544502
  -2.944970806831498
  -2.912911681465106
  -2.881204682496877
  -2.849845452859383
  -2.818829717532077
  -2.788153322865336
  -2.757812166216756
  -2.727802186234270
  -2.698119390555849
  -2.668759798133818
  -2.639719518294952
  -2.610994727109683
  -2.582581679717762
  -2.554476696136481
  -2.526676167031455
  -2.499176545953907
  -2.471974350666002
  -2.445066157791067
  -2.418448602227209
  -2.392118373646200
  -2.366072214820661
  -2.340306918675929
  -2.314819327463808
  -2.289606330863280
  -2.264664865603704
  -2.239991913633402
  -2.215584501908246
  -2.191439700780114
  -2.167554624088223
  -2.143926428143954
  -2.120552312647205
  -2.097429545074537
  -2.074555432619663
  -2.051927323040570
  -2.029542577083111
  -2.007398594583363
  -1.985492806082512
  -1.963822698175892
  -1.942385833879156
  -1.921179913652595
  -1.900202803974496
