 -25.689935641092536
 -25.529970925876228
 -25.380725691005409
 -25.234929156939945
 -25.097451793675646
 -24.962010151949539
 -24.828125518309079
 -24.699787060058181
 -24.572704534223252
 -24.446990935033416
 -24.322682630928277
 -24.201646158224399
 -24.082610194096322
 -23.964214549229808
 -23.846622775444299
 -23.730031867061104
 -23.615188749967448
 -23.501576674545859
 -23.388345817954232
 -23.275812048208916
 -23.163775291885941
 -23.052542946062815
 -22.942100710111902
 -22.832191692014487
 -22.722558847994108
 -22.613284412581976
 -22.504285444215242
 -22.395692350361330
 -22.287587957956219
 -22.179768526104521
 -22.071997938883008
 -21.964024806021062
 -21.856009055096969
 -21.748006313265055
 -21.640052598736972
 -21.532046145799633
 -21.423862622003448
 -21.315363538559492
 -21.206629468232848
 -21.097831468803005
 -20.988976459551665
 -20.880003943947482
 -20.770843050115264
 -20.661432740562582
 -20.551839488127534
 -20.442138561124249
 -20.332324932368603
 -20.222382626164062
 -20.112247371994886
 -20.001852645354536
 -19.891167281905751
 -19.780118687247299
 -19.668547856352319
 -19.556518184991884
 -19.444224104625654
 -19.331692590199197
 -19.218309771538440
 -19.103942662115315
 -18.989031696513457
 -18.873765742768054
 -18.758180624425009
 -18.641932242450398
 -18.524877338297568
 -18.407347212285959
 -18.289467157082459
 -18.171226297707808
 -18.052461804393090
 -17.933207659189971
 -17.813637818573046
 -17.693807973018458
 -17.573681413456548
 -17.453242768018633
 -17.332585836559552
 -17.211787913130934
 -17.090858031546663
 -16.969795273243051
 -16.848645048201611
 -16.727469887112619
 -16.606293730976383
 -16.485126512090048
 -16.364007812587520
 -16.242999489223255
 -16.122126829269526
 -16.001403846760216
 -15.880859387942834
 -15.760524021699009
 -15.640415121469490
 -15.520552138555432
 -15.400958494953452
 -15.281658313422534
 -15.162665584493638
 -15.043997750346033
 -14.925674824764824
 -14.807714572324832
 -14.690130944443544
 -14.572940132257289
 -14.456154082436642
 -14.339786883172488
 -14.223850852224798
 -14.108358403662526
 -13.993319621883401
 -13.878746017370537
 -13.764648404608593
 -13.651036543595113
 -13.537919392894585
 -13.425306103203548
 -13.313205188531477
 -13.201624346529741
 -13.090570984167826
 -12.980052385882395
 -12.870075329765552
 -12.760646137254335
 -12.651770996817959
 -12.543455877121414
 -12.435706330560890
 -12.328527606651239
 -12.221924721960066
 -12.115902449532914
 -12.010465288210726
 -11.905617476099758
 -11.801363031128254
 -11.697705757659973
 -11.594649219535011
 -11.492196775784665
 -11.390351551696206
 -11.289116523529884
 -11.188494522562072
 -11.088487989986575
 -10.989099291118587
 -10.890330309740490
 -10.792183078541967
 -10.694658014938991
 -10.597759676795617
 -10.501488288424035
 -10.405846899935421
 -10.310841583585285
 -10.216472445798313
 -10.122741417787296
 -10.029648812544162
  -9.937194896055891
  -9.845384205805139
  -9.754216490088552
  -9.663689432981297
  -9.573804006685235
  -9.484559507470033
  -9.395954114965081
  -9.307987729478835
  -9.220659450581795
  -9.133967815362627
  -9.047912247582815
  -8.962491609505882
  -8.877704445058722
  -8.793549654071974
  -8.710025800834835
  -8.627131228948052
  -8.544864282175130
  -8.463223466441079
  -8.382206240484470
  -8.301811486819101
  -8.222038753819302
  -8.142885850956437
  -8.064351263458773
  -7.986432337291604
  -7.909128272202175
  -7.832437604332871
  -7.756358120384674
  -7.680888598794007
  -7.606027128827827
  -7.531771704013821
  -7.458120669348160
  -7.385072013469045
  -7.312623688479071
  -7.240773612127684
  -7.169519499209015
  -7.098858976388084
  -7.028789584507586
  -6.959308726571206
  -6.890413768353745
  -6.822102024251771
  -6.754370740271219
  -6.687217162147959
  -6.620638545546692
  -6.554632227180798
  -6.489195534773049
  -6.424325610483384
  -6.360019493565615
  -6.296274106109324
  -6.233086178087700
  -6.170452328541287
  -6.108369222166099
  -6.046833542744270
  -5.985841946664805
  -5.925391110057636
  -5.865477706908403
  -5.806098401823326
  -5.747249849328870
  -5.688928700121418
  -5.631131617288245
  -5.573855258051840
  -5.517096252413919
  -5.460851218391559
  -5.405116838122429
  -5.349889794947792
  -5.295166759366643
  -5.240944356018596
  -5.187219299487548
  -5.133988258411486
  -5.081247941645504
  -5.028995093710889
  -4.977226479456183
  -4.925938883110997
  -4.875129050423467
  -4.824793712187778
  -4.774929554250583
  -4.725533210424278
  -4.676601303835755
  -4.628130458099598
  -4.580117290771967
  -4.532558423667865
  -4.485450481053226
  -4.438790092789294
  -4.392573895622940
  -4.346798535088461
  -4.301460668352827
  -4.256556981412970
  -4.212084337421267
  -4.168039534878441
  -4.124419366363276
  -4.081220606489626
  -4.038440020142573
  -3.996074230670480
  -3.954119859910154
  -3.912573578287927
  -3.871432063843946
  -3.830692021970280
  -3.790350174565869
  -3.750403262060790
  -3.710848042653176
  -3.671681290024251
  -3.632899794820478
  -3.594500362889741
  -3.556479816479041
  -3.518834993354225
  -3.481562747526161
  -3.444659948918155
  -3.408123483834554
  -3.371950254833686
  -3.336137181106984
  -3.300681198589591
  -3.265579260062322
  -3.230828354075746
  -3.196425512819824
  -3.162367779010736
  -3.128652224841335
  -3.095275921811178
  -3.062235952433864
  -3.029529372729353
  -2.997153264599426
  -2.965104698786936
  -2.933380782021406
  -2.901978620709910
  -2.870895354410873
  -2.840128130969767
  -2.809674126753565
  -2.779530530660167
  -2.749694554768572
  -2.720163424125938
  -2.690934384092851
  -2.662004693025602
  -2.633371629744270
  -2.605032487103234
  -2.576984585077566
  -2.549225280192698
  -2.521751942839590
  -2.494561963432390
  -2.467652743825989
  -2.441021702037547
  -2.414666259427592
  -2.388583836538333
  -2.362771874557070
  -2.337227827842647
  -2.311949173578679
  -2.286933405717577
  -2.262178040316835
  -2.237680611221033
  -2.213438673363578
  -2.189449799741150
  -2.165711583630623
  -2.142222276858030
  -2.118979653019377
  -2.095981223503236
  -2.073224594718979
  -2.050707242994147
  -2.028426768702601
  -2.006380720796080
  -1.984566751917356
  -1.962982503340384
  -1.941625701687276
  -1.920494085017858
  -1.899585467736506
 -20.470708339068434
 -20.434356425072540
 -20.397548728814485
 -20.360334004929889
 -20.322499312332962
 -20.284361921980707
 -20.245513699372168
 -20.206079697878689
 -20.166336228409790
 -20.125887720699499
 -20.084899419572835
 -20.043459358143174
 -20.001342196693564
 -19.958670618939067
 -19.915627631564664
 -19.871891122265801
 -19.827461996731149
 -19.782498442319476
 -19.737034687335424
 -19.690912538112741
 -19.644138091256153
 -19.596767559017781
 -19.548846747352947
 -19.500223177721171
 -19.450925873921292
 -19.400978062448942
 -19.350501834559765
 -19.299434631279833
 -19.247652756200988
 -19.195141413898181
 -19.141886178286622
 -19.087879880770899
 -19.033222597708562
 -18.978094773525605
 -18.922256169683727
 -18.865688204196779
 -18.808381601490570
 -18.750329950860920
 -18.691529278555738
 -18.631976528392940
 -18.571688404088526
 -18.510723909794422
 -18.449102782350650
 -18.386776039076889
 -18.323717996452487
 -18.259914408221928
 -18.195355983550407
 -18.130033849839990
 -18.063934112511014
 -17.997037791291572
 -17.929330482844019
 -17.860801619735195
 -17.791415925182633
 -17.720248667443155
 -17.647594359875292
 -17.573207652984280
 -17.497287129285763
 -17.419812131712821
 -17.340819393552980
 -17.260385942401452
 -17.178640050193923
 -17.095687344839263
 -17.011603254734148
 -16.926438017718862
 -16.840251397265014
 -16.753101936653092
 -16.665039828592072
 -16.576109640329161
 -16.486350954220971
 -16.395812607262638
 -16.304546237777007
 -16.212596541327837
 -16.119999260110877
 -16.026784897285864
 -15.932989510414808
 -15.838648207243141
 -15.743793570403438
 -15.648456491124326
 -15.552667506142399
 -15.456459615569157
 -15.359863583183170
 -15.262916909477347
 -15.165655487820441
 -15.068129631324789
 -14.970359379699504
 -14.872374381232413
 -14.774186471419940
 -14.675820059016349
 -14.577290964230015
 -14.478622342948087
 -14.379834172211025
 -14.280947699005887
 -14.181982736701300
 -14.082969268854999
 -13.983919596729889
 -13.884853665749210
 -13.785789388214639
 -13.686748587745965
 -13.587750681080635
 -13.488812912096749
 -13.389951474567413
 -13.291182256851194
 -13.192520487936921
 -13.093981035998295
 -12.995578711165193
 -12.897328077063193
 -12.799243375659586
 -12.701338557823771
 -12.603627322132853
 -12.506123077412553
 -12.408838914359187
 -12.311787678539339
 -12.214981970950145
 -12.118434048729428
 -12.022155815026350
 -11.926158818075082
 -11.830454300438952
 -11.735053212831993
 -11.639966161703940
 -11.545203450227207
 -11.450775094864481
 -11.356690863258153
 -11.262960554193086
 -11.169593772003500
 -11.076599625015470
 -10.983987225650338
 -10.891765222814669
 -10.799941780628487
 -10.708524588661485
 -10.617520686637132
 -10.526936926385048
 -10.436779936768195
 -10.347055645521658
 -10.257769874046881
 -10.168928981368399
 -10.080538744785775
  -9.992604595261048
  -9.905131978136588
  -9.818125694654951
  -9.731590925614062
  -9.645532850295888
  -9.559955751998293
  -9.474864123290379
  -9.390262337820472
  -9.306154002094496
  -9.222542644610618
  -9.139431664006793
  -9.056823971523121
  -8.974722315254649
  -8.893129419014141
  -8.812047614207495
  -8.731478960409683
  -8.651425619175683
  -8.571889212133682
  -8.492870810295368
  -8.414372553084776
  -8.336394304474499
  -8.258936347665205
  -8.182002871640849
  -8.105594724185082
  -8.029713221186334
  -7.954358540493255
  -7.879530478491849
  -7.805231490464360
  -7.731462364018414
  -7.658223754171118
  -7.585516660154088
  -7.513341681311124
  -7.441699262467200
  -7.370589620041284
  -7.300013115645341
  -7.229969697846817
  -7.160459122806023
  -7.091480850485300
  -7.023034105934205
  -6.955117867273644
  -6.887730868827178
  -6.820871854135402
  -6.754539519904695
  -6.688732479631487
  -6.623449320168059
  -6.558688567835771
  -6.494448700747110
  -6.430728133065990
  -6.367525198496168
  -6.304838167802026
  -6.242665237257907
  -6.181004522112909
  -6.119854066870843
  -6.059211868024553
  -5.999075877619346
  -5.939443996336514
  -5.880314062657649
  -5.821683854621589
  -5.763551136745664
  -5.705913649562059
  -5.648769056349843
  -5.592114926557126
  -5.535948858712797
  -5.480268510862246
  -5.425071316745428
  -5.370354952083789
  -5.316117128186261
  -5.262355340631465
  -5.209066727247257
  -5.156249022078173
  -5.103899679407159
  -5.052016205306202
  -5.000596157390651
  -4.949637114757823
  -4.899136679762583
  -4.849092305317567
  -4.799501374306306
  -4.750361155845816
  -4.701668772609451
  -4.653421318408349
  -4.605615915380885
  -4.558249677197471
  -4.511319720386523
  -4.464823158790326
  -4.418757104627101
  -4.373118668281935
  -4.327904959458780
  -4.283113092685019
  -4.238740194090421
  -4.194783410373002
  -4.151239874331505
  -4.108106727679433
  -4.065381093272311
  -4.023060091558142
  -3.981140825131565
  -3.939620377171716
  -3.898495834971029
  -3.857764267074137
  -3.817422721299196
  -3.777468254519889
  -3.737897917051646
  -3.698708767865005
  -3.659897867780917
  -3.621462286203019
  -3.583399098619127
  -3.545705389595439
  -3.508378252050973
  -3.471414788589850
  -3.434812111444944
  -3.398567343493414
  -3.362677617975393
  -3.327140079503217
  -3.291951884982343
  -3.257110202346905
  -3.222612269233096
  -3.188455401416782
  -3.154636849665752
  -3.121153896859965
  -3.088003795689989
  -3.055183778610811
  -3.022690984373851
  -2.990522647643225
  -2.958675974297380
  -2.927148226228702
  -2.895936662728044
  -2.865038577869202
  -2.834451282563127
  -2.804172105606343
  -2.774198382445055
  -2.744527463463401
  -2.715156695302074
  -2.686083444377361
  -2.657305081892492
  -2.628819000982428
  -2.600622603961912
  -2.572713315557698
  -2.545088577619898
  -2.517745852136058
  -2.490682616929460
  -2.463896366639792
  -2.437384610711101
  -2.411144871973186
  -2.385174683559216
  -2.359471592778058
  -2.334033159557790
  -2.308856960180821
  -2.283940585261809
  -2.259281642552374
  -2.234877755047651
  -2.210726563149970
  -2.186825723203193
  -2.163172909359171
  -2.139765935848684
  -2.116602592291164
  -2.093680668047524
  -2.070997910307616
  -2.048552056473730
  -2.026340846727360
  -2.004362024546504
  -1.982613367760703
  -1.961092695493436
  -1.939797890738349
  -1.918726908379688
  -1.897877834340513
 -18.060750421041664
 -18.042827987397466
 -18.024571365527297
 -18.005870022625373
 -17.986805226537975
 -17.967293161517343
 -17.947304271539604
 -17.926941711148665
 -17.906066816364149
 -17.884813171424984
 -17.863061196550156
 -17.840797820618889
 -17.818096032642611
 -17.794859499080928
 -17.771133708443880
 -17.746957889274931
 -17.722222931481109
 -17.696989614840710
 -17.671273828664521
 -17.644983452849200
 -17.618170851422647
 -17.590828620543920
 -17.562873415329236
 -17.534296970271324
 -17.505181988289014
 -17.475509061292851
 -17.445224438145711
 -17.414345876898334
 -17.382903702795950
 -17.350802642509606
 -17.318033509938267
 -17.284593479804641
 -17.250594954410939
 -17.215914186439022
 -17.180531471986303
 -17.144437925841082
 -17.107633350041102
 -17.070171458309908
 -17.031967958275715
 -16.993014378820686
 -16.953285865665787
 -16.912743239105112
 -16.871353799042073
 -16.829144102741704
 -16.786006810830955
 -16.741874488140105
 -16.696734821973887
 -16.650434576092724
 -16.602869572669949
 -16.554041780122592
 -16.503573542694909
 -16.451442782773160
 -16.397799929431756
 -16.342722611759488
 -16.286266946562943
 -16.228487473428462
 -16.169455683187909
 -16.109233390440725
 -16.047870553788222
 -15.985415105714328
 -15.921917445633362
 -15.857433537479023
 -15.791927727762955
 -15.725425683993292
 -15.657951548911480
 -15.589536583817651
 -15.520214810725433
 -15.450021327718087
 -15.378996430384577
 -15.307203581200449
 -15.234726625849326
 -15.161513772132441
 -15.087535282625344
 -15.012816058724972
 -14.937379653142539
 -14.861248519453424
 -14.784445767754624
 -14.706994477135824
 -14.628915514342793
 -14.550231455443395
 -14.471003050362341
 -14.391439874835696
 -14.311436233905029
 -14.230928604365054
 -14.149940194576329
 -14.068492526368615
 -13.986604030922781
 -13.904294293369645
 -13.821584355005898
 -13.738495078183659
 -13.655046616460439
 -13.571259253215475
 -13.487155491503540
 -13.402753164632340
 -13.318083017437983
 -13.233211149014643
 -13.148184327135526
 -13.062995549961437
 -12.977632336553064
 -12.892099916612619
 -12.806410020104616
 -12.720576699347880
 -12.634615096848385
 -12.548541078902835
 -12.462370955986152
 -12.376121165109655
 -12.289808041995300
 -12.203447788662659
 -12.117056495689857
 -12.030650091842285
 -11.944244299926714
 -11.857854639416598
 -11.771496457975614
 -11.685184877265607
 -11.598934678123515
 -11.512760373134986
 -11.426676155149451
 -11.340695944209322
 -11.254833298428633
 -11.169102748866784
 -11.083525871919001
 -10.998116778343430
 -10.912891666809557
 -10.827862461277425
 -10.743042288707914
 -10.658440459321312
 -10.574062202615435
 -10.489916728029051
 -10.406011727580610
 -10.322356565700362
 -10.238959965571668
 -10.155830980953901
 -10.072978226774396
  -9.990410532460936
  -9.908136562366264
  -9.826164692425893
  -9.744503374516984
  -9.663160659327106
  -9.582144207988367
  -9.501461428093961
  -9.421120121094052
  -9.341127419378656
  -9.261490658279284
  -9.182216839284596
  -9.103312242526167
  -9.024782641334335
  -8.946633725939533
  -8.868870395494639
  -8.791498105601294
  -8.714522215555014
  -8.637947376225485
  -8.561778525398751
  -8.486020227678045
  -8.410675626192161
  -8.335749246654087
  -8.261245571915905
  -8.187167653299410
  -8.113519834812490
  -8.040305723883550
  -7.967528348259149
  -7.895190471024372
  -7.823294818039537
  -7.751845197521827
  -7.680844181051353
  -7.610293995898316
  -7.540197002876615
  -7.470555379079257
  -7.401375170310364
  -7.332657153796673
  -7.264402223684474
  -7.196611532406487
  -7.129285798331678
  -7.062426097849400
  -6.996033078591314
  -6.930107228097055
  -6.864648482644360
  -6.799656815872386
  -6.735132291730645
  -6.671074823885551
  -6.607484304189058
  -6.544360585733263
  -6.481703482188683
  -6.419512741125481
  -6.357787981528943
  -6.296528722371678
  -6.235734464714096
  -6.175404705052892
  -6.115538827031290
  -6.056135996314365
  -5.997195282090836
  -5.938715878147505
  -5.880697023518533
  -5.823137623110545
  -5.766036169102544
  -5.709391422085013
  -5.653202626326857
  -5.597468671544563
  -5.542187239637214
  -5.487356424449843
  -5.432975845809873
  -5.379044287055720
  -5.325560736298813
  -5.272524035332800
  -5.219931979292008
  -5.167781673891046
  -5.116072295367847
  -5.064802110668142
  -5.013969442447757
  -4.963572619056773
  -4.913609831749047
  -4.864079275929282
  -4.814979031674222
  -4.766307144398710
  -4.718061581775477
  -4.670240226618816
  -4.622840911147914
  -4.575861429026025
  -4.529299534107037
  -4.483152948674142
  -4.437419364145152
  -4.392096452877675
  -4.347181865821897
  -4.302673225546901
  -4.258568145291385
  -4.214864241175099
  -4.171559088714848
  -4.128650253638961
  -4.086135354482709
  -4.044011935774194
  -4.002277524337698
  -3.960929794590746
  -3.919966275235785
  -3.879384472337240
  -3.839181854562709
  -3.799355690408881
  -3.759903304604078
  -3.720822020838770
  -3.682109183719481
  -3.643762142428649
  -3.605778257178964
  -3.568154893363210
  -3.530889423591382
  -3.493979226184728
  -3.457421685411467
  -3.421214191058910
  -3.385354140571189
  -3.349838936784269
  -3.314665990192148
  -3.279832723737232
  -3.245336563041244
  -3.211174950905830
  -3.177345354851020
  -3.143845223202376
  -3.110672022313862
  -3.077823199270718
  -3.045296215093236
  -3.013088496189275
  -2.981197509301954
  -2.949620707411928
  -2.918355571275235
  -2.887399599831035
  -2.856750298094030
  -2.826405237521697
  -2.796361951311595
  -2.766617938199819
  -2.737170701595071
  -2.708017669157397
  -2.679156318631068
  -2.650584132072136
  -2.622298625550551
  -2.594297323720300
  -2.566577776947646
  -2.539137546606170
  -2.511974215203825
  -2.485085377421294
  -2.458468645683233
  -2.432121644837353
  -2.406042015176178
  -2.380227409206591
  -2.354675493323815
  -2.329383946174627
  -2.304350460249861
  -2.279572740746595
  -2.255048507162619
  -2.230775492592505
  -2.206751445565139
  -2.182974130145759
  -2.159441328766234
  -2.136150844300367
  -2.113100506651604
  -2.090288169194245
  -2.067711682017958
  -2.045368923218243
  -2.023257783107734
  -2.001376203067283
  -1.979722196432306
  -1.958293936990134
  -1.937089792890241
  -1.916108462989828
  -1.895349255987397
