   0.026346764905808
   0.008076065675263
   0.004005325472319
   0.005300073650610
   0.003264025473210
   0.004188738351282
   0.004493405107611
   0.002979359765030
   0.003388999762773
   0.004345597498059
   0.004257465468041
   0.003039117074299
   0.003101468839271
   0.003559315842715
   0.003873333847661
   0.003807560792889
   0.003443008124555
   0.003439995745670
   0.003701616384868
   0.003411598038197
   0.003549309486396
   0.003505784566901
   0.003343207737897
   0.003369767710646
   0.003270978023713
   0.003350460222115
   0.003163651822211
   0.003148376493234
   0.003079667599197
   0.003004247384830
   0.002881811016262
   0.002866271419177
   0.002549259102065
   0.002472963735124
   0.002334016247765
   0.002214309543085
   0.002076031947276
   0.001960117933003
   0.001826991409673
   0.001703322463302
   0.001635096857762
   0.001560093011754
   0.001453198223986
   0.001361923105250
   0.001231008739467
   0.001148121441222
   0.001070904002393
   0.001022338312420
   0.000953036005390
   0.000924354089300
   0.000762669401388
   0.000814163893476
   0.000748450942965
   0.000775590245684
   0.000749770502234
   0.000728536905229
   0.000686496567834
   0.000667375098148
   0.000652304696545
   0.000633481641097
   0.000605966768962
   0.000586691584362
   0.000574036500315
   0.000557685640500
   0.000539178672361
   0.000518906580024
   0.000504460209068
   0.000493396947556
   0.000479952285872
   0.000465540930109
   0.000454312498359
   0.000448021467778
   0.000440939733843
   0.000430489870585
   0.000421392143803
   0.000420282281676
   0.000418634848179
   0.000409707855343
   0.000402446292891
   0.000399086105973
   0.000395135796782
   0.000384486687021
   0.000380686963902
   0.000377434405174
   0.000372625365895
   0.000367679688917
   0.000363420399593
   0.000358737073255
   0.000353960701847
   0.000349366584625
   0.000345213245335
   0.000340770915934
   0.000336703896468
   0.000332385475340
   0.000328121454915
   0.000323746011681
   0.000319323887754
   0.000314999437565
   0.000310677797518
   0.000306296452488
   0.000301887173109
   0.000297517085907
   0.000293077006581
   0.000288577672828
   0.000284071869429
   0.000279585662395
   0.000275009258815
   0.000270370064740
   0.000265768794853
   0.000261181757545
   0.000256402461820
   0.000251598450338
   0.000246989772274
   0.000242115435658
   0.000236925471019
   0.000232297389420
   0.000227360287709
   0.000221522256087
   0.000216814349294
   0.000211871089279
   0.000204855870261
   0.000200047251554
   0.000195221474552
   0.000186457174042
   0.000181659295301
   0.000177197011981
   0.000166253092731
   0.000161539856314
   0.000157353675677
   0.000145580004124
   0.000140890215301
   0.000136221563951
   0.000131879052269
   0.000127184865090
   0.000122414543153
   0.000118089868164
   0.000113318460730
   0.000108577830655
   0.000104267928962
   0.000099580933782
   0.000094910790728
   0.000090891558850
   0.000086610479274
   0.000082820628656
   0.000078822428445
   0.000074707655403
   0.000071151476093
   0.000067124838672
   0.000063188359324
   0.000060077912132
   0.000056049502199
   0.000052624363966
   0.000050005264757
   0.000046402748328
   0.000043792452681
   0.000041552347941
   0.000039340570175
   0.000037253528883
   0.000035201036831
   0.000033233496248
   0.000031339558773
   0.000029514459309
   0.000027760515773
   0.000026085105479
   0.000024472869310
   0.000022935052665
   0.000021475668569
   0.000020069125446
   0.000018742440791
   0.000017484300141
   0.000016275095957
   0.000015149593160
   0.000014075280129
   0.000013061527539
   0.000012110832595
   0.000011206199921
   0.000010354631665
   0.000009550581624
   0.000008791407759
   0.000008075782488
   0.000007407810993
   0.000006770580949
   0.000006182868447
   0.000005637610163
   0.000005128770733
   0.000004660415250
   0.000004223057238
   0.000003816237699
   0.000003438686487
   0.000003090547607
   0.000002772857001
   0.000002480657591
   0.000002218547711
   0.000001981952087
   0.000001766624266
   0.000001582555379
   0.000001409702023
   0.000001263871252
   0.000001131520709
   0.000001011449406
   0.000000902735913
   0.000000804435787
   0.000000715795025
   0.000000635936291
   0.000000563957185
   0.000000499481449
   0.000000441626903
   0.000000390218161
   0.000000343953789
   0.000000302803481
   0.000000266668753
   0.000000234427597
   0.000000206018755
   0.000000180705999
   0.000000158134478
   0.000000138005374
   0.000000120130401
   0.000000104340600
   0.000000090417320
   0.000000078163575
   0.000000067426803
   0.000000058027536
   0.000000049858975
   0.000000042683411
   0.000000036583613
   0.000000031339040
   0.000000026731155
   0.000000022839133
   0.000000019392264
   0.000000016416066
   0.000000013870635
   0.000000011692669
   0.000000009834487
   0.000000008259953
   0.000000006923931
   0.000000005790052
   0.000000004830240
   0.000000004019673
   0.000000003335565
   0.000000002761200
   0.000000002278805
   0.000000001876070
   0.000000001539344
   0.000000001260427
   0.000000001027845
   0.000000000837153
   0.000000000678533
   0.000000000549919
   0.000000000443935
   0.000000000358478
   0.000000000289308
   0.000000000232336
   0.000000000185842
   0.000000000147845
   0.000000000116782
   0.000000000092044
   0.000000000072121
   0.000000000056454
   0.000000000043871
   0.000000000034121
   0.000000000026314
   0.000000000020358
   0.000000000015613
   0.000000000012021
   0.000000000009167
   0.000000000007001
   0.000000000005297
   0.000000000004005
   0.000000000003005
   0.000000000002250
   0.000000000001675
   0.000000000001242
   0.000000000000914
   0.000000000000670
   0.000000000000487
   0.000000000000352
   0.000000000000253
   0.000000000000180
   0.000000000000128
   0.000000000000090
   0.000000000000063
   0.000000000000043
   0.000000000000030
   0.000000000000020
   0.000000000000014
   0.000000000000009
   0.000000000000006
   0.000000000000004
   0.000000000000002
   0.000000000000002
   0.000000000000001
   0.000000000000001
   0.000000000000000
   0.000000000000000
   0.000000000000000
   0.000000000000000
   0.000000000000000
   0.000000000000000
   0.000000000000000
   0.000000000000000
   0.007582371855847
   0.002543803301703
   0.001266720031275
   0.001608736328113
   0.001219929473855
   0.001537482620418
   0.001499634544837
   0.000973339581327
   0.003126557313233
   0.006821501146684
   0.003220555784487
   0.002690758270429
   0.002785305680258
   0.003178286427448
   0.007071312620307
   0.004917739162999
   0.004086630888679
   0.005423208022777
   0.007252337307281
   0.005451609032505
   0.007158003922855
   0.007521325999286
   0.007606252200506
   0.008233210306205
   0.008657678172319
   0.009261825955317
   0.009635834947277
   0.010009237878241
   0.010473877518260
   0.010601412492135
   0.010542301949541
   0.011203136299590
   0.009690834615750
   0.010008997491235
   0.009542969747065
   0.009152062953104
   0.008912483830175
   0.008438189545003
   0.008137120341489
   0.007735725823165
   0.007817939342911
   0.007498668874961
   0.007122472656064
   0.006746158198469
   0.006297451135725
   0.005929008192266
   0.005455719177701
   0.005082793064436
   0.004564450356496
   0.004312666079993
   0.003551860612322
   0.003695625407900
   0.003094833818214
   0.003252691359632
   0.003074771246424
   0.002942359352712
   0.002877038366344
   0.002773245874553
   0.002691604324115
   0.002591879312335
   0.002479070619222
   0.002370108581245
   0.002251715322599
   0.002145173271062
   0.002033104763020
   0.001928241519063
   0.001825685083307
   0.001730125835497
   0.001632858153041
   0.001542598901511
   0.001450100558948
   0.001379154073683
   0.001310902315941
   0.001249836739207
   0.001193441412449
   0.001152143002883
   0.001105737536040
   0.001076773431113
   0.001031745337469
   0.001015656924813
   0.000984326346662
   0.000988245275246
   0.000981604588099
   0.000968309778051
   0.000949842998384
   0.000930390669599
   0.000913417241971
   0.000895532951078
   0.000880536938857
   0.000863381445289
   0.000848248901737
   0.000831821457714
   0.000818370912883
   0.000802756441818
   0.000792132165850
   0.000782528330503
   0.000769034180558
   0.000755903673691
   0.000743119533276
   0.000730603560454
   0.000718136078987
   0.000706023518056
   0.000693886125587
   0.000681714569624
   0.000669630830329
   0.000657710027758
   0.000645642301592
   0.000633782111149
   0.000621855698810
   0.000609990180511
   0.000598108453056
   0.000586098067485
   0.000574326678477
   0.000562516133451
   0.000550729583270
   0.000538624703967
   0.000527838997797
   0.000515316949201
   0.000504147700572
   0.000493527598351
   0.000481860835495
   0.000470021516735
   0.000459930272223
   0.000446527205846
   0.000434750857161
   0.000423840672848
   0.000410108287205
   0.000399119938016
   0.000388568246854
   0.000376546494871
   0.000366223689635
   0.000355612356220
   0.000346201647079
   0.000335705972138
   0.000324920990682
   0.000314952093656
   0.000304452678098
   0.000293696105369
   0.000283749454453
   0.000273277039784
   0.000262660694418
   0.000252786280450
   0.000242387454716
   0.000232188116695
   0.000222520480695
   0.000211817145633
   0.000201956036598
   0.000191678910514
   0.000180454570983
   0.000171561819311
   0.000159530769633
   0.000148585753126
   0.000141495063172
   0.000127176501023
   0.000119300774394
   0.000113738607890
   0.000108120271872
   0.000102925712124
   0.000097695223854
   0.000092688495381
   0.000087825113526
   0.000083128970390
   0.000078588404195
   0.000074204428712
   0.000070006502660
   0.000065913310727
   0.000062047637809
   0.000058288510381
   0.000054727268790
   0.000051348257941
   0.000048026238064
   0.000045005963149
   0.000042085485504
   0.000039338195613
   0.000036797123359
   0.000034310532811
   0.000031974186511
   0.000029730955524
   0.000027606443545
   0.000025585778898
   0.000023670477206
   0.000021849464159
   0.000020130628043
   0.000018501519294
   0.000016964424683
   0.000015512412281
   0.000014140711695
   0.000012851590563
   0.000011634517516
   0.000010491750173
   0.000009422467762
   0.000008419768033
   0.000007488844554
   0.000006645871334
   0.000005816890653
   0.000005180864004
   0.000004432688814
   0.000003999496098
   0.000003416616917
   0.000003067815786
   0.000002751606251
   0.000002464110917
   0.000002202529717
   0.000001966865097
   0.000001752558976
   0.000001561914088
   0.000001387369078
   0.000001232071636
   0.000001090139393
   0.000000965113315
   0.000000854116810
   0.000000754563407
   0.000000667057693
   0.000000588459814
   0.000000517562896
   0.000000454112194
   0.000000397642712
   0.000000347464673
   0.000000302883831
   0.000000263494262
   0.000000228798623
   0.000000198215616
   0.000000171377756
   0.000000147870081
   0.000000127328622
   0.000000109436613
   0.000000093872619
   0.000000080333228
   0.000000068646164
   0.000000058433524
   0.000000049728757
   0.000000042147766
   0.000000035704728
   0.000000030218729
   0.000000025518525
   0.000000021500202
   0.000000018081309
   0.000000015164933
   0.000000012685706
   0.000000010589869
   0.000000008812950
   0.000000007317063
   0.000000006057396
   0.000000005002489
   0.000000004116321
   0.000000003382208
   0.000000002764484
   0.000000002260218
   0.000000001835051
   0.000000001491879
   0.000000001213735
   0.000000000982628
   0.000000000794714
   0.000000000639194
   0.000000000510345
   0.000000000406477
   0.000000000321977
   0.000000000254698
   0.000000000200010
   0.000000000157189
   0.000000000122296
   0.000000000095602
   0.000000000073762
   0.000000000057545
   0.000000000044242
   0.000000000034365
   0.000000000026248
   0.000000000020183
   0.000000000015308
   0.000000000011646
   0.000000000008765
   0.000000000006595
   0.000000000004919
   0.000000000003659
   0.000000000002701
   0.000000000001986
   0.000000000001450
   0.000000000001053
   0.000000000000759
   0.000000000000544
   0.000000000000387
   0.000000000000273
   0.000000000000192
   0.000000000000133
   0.000000000000092
   0.000000000000063
   0.000000000000042
   0.000000000000029
   0.000000000000019
   0.000000000000012
   0.000000000000008
   0.000000000000005
   0.000000000000003
   0.000000000000002
   0.000000000000001
   0.000000000000001
   0.000000000000000
   0.000000000000000
   0.000000000000000
   0.000000000000000
   0.000042532676869
   0.000095828673081
   0.000062156690932
   0.000029339346689
   0.000099865792663
   0.000095067752880
   0.000080063390150
   0.000048834338390
   0.000356748200846
   0.000861242563872
   0.000336908814677
   0.000298387102799
   0.000335009252380
   0.000363767567937
   0.000926423911427
   0.000637240619678
   0.000615449642861
   0.000769898658008
   0.001086401474078
   0.000813389531947
   0.001392148090186
   0.001672129744571
   0.001429613366827
   0.001513867052110
   0.002130523820845
   0.001962185804280
   0.002313668355941
   0.002378093323879
   0.003004456283178
   0.003003913623018
   0.003159310059004
   0.003661241828075
   0.003514994684308
   0.003968825033966
   0.004189223212022
   0.004207813174267
   0.004838081358470
   0.004566552947133
   0.004888310657062
   0.004903963465443
   0.005536593893996
   0.005205666677766
   0.005365938115123
   0.005522672882246
   0.005396896939132
   0.005478611344883
   0.005298371181221
   0.005101540793396
   0.005052908499497
   0.004566349200230
   0.004365586088285
   0.004337671646173
   0.003334822680284
   0.003653099167575
   0.003370426902848
   0.003024446849488
   0.003065523852253
   0.002833099141616
   0.002743679469198
   0.002621847629113
   0.002504797347932
   0.002374746644862
   0.002207219137853
   0.002121540207820
   0.001982140948974
   0.001870332590245
   0.001748591406365
   0.001634358996740
   0.001521264433544
   0.001414105080831
   0.001263182730808
   0.001163684862316
   0.001073385319196
   0.000989611526203
   0.000912712596858
   0.000847935654460
   0.000790170873298
   0.000743903716431
   0.000703370293479
   0.000680130128156
   0.000589909425728
   0.000647923445973
   0.000630624424154
   0.000616258453308
   0.000598477655093
   0.000580805608619
   0.000563002389597
   0.000546917924148
   0.000534190678923
   0.000519667669250
   0.000505080347452
   0.000489945238318
   0.000474374661053
   0.000457118680530
   0.000457671281742
   0.000461882229742
   0.000451374035848
   0.000441462215571
   0.000432214344528
   0.000423504847386
   0.000415250379677
   0.000407132949656
   0.000399637825133
   0.000391827993717
   0.000384220949459
   0.000376882906073
   0.000369635139249
   0.000362581391989
   0.000355242831215
   0.000347835078654
   0.000340524823636
   0.000332696496702
   0.000325577605225
   0.000317430359636
   0.000310718855698
   0.000301760278897
   0.000295955318158
   0.000286167972125
   0.000280753025293
   0.000275081941935
   0.000271555622200
   0.000265565162798
   0.000263065940178
   0.000256944908790
   0.000250600790425
   0.000244536627887
   0.000238414715604
   0.000232482920450
   0.000226629697359
   0.000220832098847
   0.000215078597805
   0.000209229561080
   0.000203531943689
   0.000197753574936
   0.000191948468223
   0.000186234903859
   0.000180510328866
   0.000174726385834
   0.000169093084860
   0.000163389952228
   0.000157617904484
   0.000152041999832
   0.000146344277007
   0.000140678372302
   0.000135249633890
   0.000129903682117
   0.000124375260869
   0.000119359923797
   0.000113736690929
   0.000108481002189
   0.000103390749163
   0.000098093033574
   0.000093886190823
   0.000089048026288
   0.000085062445247
   0.000081534870641
   0.000077974006357
   0.000074728977074
   0.000071411420857
   0.000068239363212
   0.000065089295816
   0.000062046215260
   0.000059115487067
   0.000056224891052
   0.000053510678523
   0.000050680364180
   0.000048045946579
   0.000045489138998
   0.000043027777315
   0.000040677422548
   0.000038393312438
   0.000036203990007
   0.000034146493426
   0.000032154231124
   0.000030346659490
   0.000028578228827
   0.000026883938543
   0.000025264573099
   0.000023670851647
   0.000022185693725
   0.000020745177335
   0.000019370259609
   0.000018048525021
   0.000016773972306
   0.000015563915067
   0.000014401498993
   0.000013281341698
   0.000012208889539
   0.000011166952215
   0.000010170072870
   0.000009193876601
   0.000008268266993
   0.000007338337810
   0.000006510472894
   0.000005562779720
   0.000004929594958
   0.000003883739394
   0.000003537224760
   0.000002551790507
   0.000002301261883
   0.000002076808625
   0.000001870381706
   0.000001677559566
   0.000001506885273
   0.000001351605928
   0.000001217890803
   0.000001086132056
   0.000000969798401
   0.000000865096201
   0.000000773252076
   0.000000686154270
   0.000000608774161
   0.000000540073882
   0.000000478636469
   0.000000422081899
   0.000000372076390
   0.000000327848683
   0.000000288066455
   0.000000252372638
   0.000000220961904
   0.000000193123456
   0.000000168290653
   0.000000146397822
   0.000000127169436
   0.000000110171980
   0.000000095223671
   0.000000082186388
   0.000000070706972
   0.000000060765368
   0.000000051976551
   0.000000044551517
   0.000000037849608
   0.000000032340520
   0.000000027612076
   0.000000023480002
   0.000000019933218
   0.000000016901829
   0.000000014277897
   0.000000012038005
   0.000000010132075
   0.000000008497360
   0.000000007113178
   0.000000005939347
   0.000000004944748
   0.000000004106047
   0.000000003401823
   0.000000002808410
   0.000000002314094
   0.000000001900180
   0.000000001556257
   0.000000001271111
   0.000000001034491
   0.000000000839679
   0.000000000679202
   0.000000000547358
   0.000000000439899
   0.000000000351763
   0.000000000280758
   0.000000000222545
   0.000000000176428
   0.000000000138386
   0.000000000109102
   0.000000000084492
   0.000000000066606
   0.000000000051454
   0.000000000040567
   0.000000000031165
   0.000000000024318
   0.000000000018575
   0.000000000014328
   0.000000000010875
   0.000000000008291
   0.000000000006247
   0.000000000004707
   0.000000000003515
   0.000000000002617
   0.000000000001935
   0.000000000001424
   0.000000000001040
   0.000000000000756
   0.000000000000545
   0.000000000000391
   0.000000000000278
   0.000000000000197
   0.000000000000138
   0.000000000000096
   0.000000000000066
   0.000000000000045
   0.000000000000030
   0.000000000000020
   0.000000000000013
   0.000000000000009
   0.000000000000006
   0.000000000000004
   0.000000000000002
   0.000000000000001
   0.000000000000001
   0.000000000000001
   0.000000000000000
   0.000000000000000
