 -30.842767617972427
 -30.104669233007989
 -29.582098253451605
 -29.103782558959761
 -28.688417384856045
 -28.291239334067381
 -27.957106730197367
 -27.640511282412131
 -27.373805765852897
 -27.116399324767603
 -26.880608294145340
 -26.657740475547662
 -26.439517441772221
 -26.226689041305608
 -26.028422925995827
 -25.835451950436813
 -25.651031562211458
 -25.472857832613059
 -25.299944656502795
 -25.131931793788212
 -24.968058643653233
 -24.806565982309657
 -24.649167870974548
 -24.494604274923777
 -24.342147056645707
 -24.192200902416079
 -24.045269896247625
 -23.900336791961376
 -23.757218869059429
 -23.615795089939962
 -23.475716220390673
 -23.336309408767548
 -23.195368619957303
 -23.055285673462901
 -22.916452223221629
 -22.778726168511199
 -22.641971916261191
 -22.506135806018989
 -22.371189371939945
 -22.236626324424318
 -22.102043103285503
 -21.968151879434728
 -21.835020520956167
 -21.702526597030374
 -21.570636555842693
 -21.439356499642141
 -21.308606591750067
 -21.178057114836825
 -21.047823097960716
 -20.917930274328974
 -20.788226826881115
 -20.658555789252009
 -20.528803995389730
 -20.398636701161838
 -20.268082073908058
 -20.137782763624724
 -20.007711793181116
 -19.876759786200573
 -19.745849632250877
 -19.614846212183437
 -19.483738574397744
 -19.352653726105494
 -19.221514352602266
 -19.090161863962674
 -18.958598444589537
 -18.826737252741850
 -18.694748990211309
 -18.562842853122930
 -18.431039301420597
 -18.299237059319861
 -18.167378564975095
 -18.035372928349375
 -17.903316699546590
 -17.771330313028891
 -17.639427585222389
 -17.507605098476780
 -17.375844344580965
 -17.244172554575218
 -17.112667536512497
 -16.981376579554269
 -16.850325373577284
 -16.719523452067705
 -16.588974646730051
 -16.458714415817870
 -16.328778053752082
 -16.199188566828102
 -16.069956939441504
 -15.941099879781143
 -15.812670514290524
 -15.684704905937640
 -15.557223034764244
 -15.430233609293065
 -15.303727586966883
 -15.177715466838828
 -15.052217442333564
 -14.927251607334622
 -14.802822238461744
 -14.678940373379461
 -14.555621043552723
 -14.432882330885505
 -14.310739417169581
 -14.189203566350214
 -14.068284567743195
 -13.947990744490269
 -13.828323636542001
 -13.709287806174176
 -13.590890575679660
 -13.473138101064267
 -13.356033857245350
 -13.239584013786313
 -13.123796197305262
 -13.008675273571198
 -12.894224399811071
 -12.780446870055840
 -12.667346673764698
 -12.554927167111217
 -12.443190758749658
 -12.332139691167875
 -12.221776646752007
 -12.112103892524743
 -12.003123151840176
 -11.894836197533072
 -11.787244990269709
 -11.680351062888732
 -11.574155582183016
 -11.468659724163251
 -11.363864609962102
 -11.259770912464599
 -11.156379181860654
 -11.053689584922854
 -10.951702566533593
 -10.850416752580124
 -10.749834481640544
 -10.649955886742445
 -10.550783461581124
 -10.452321160981754
 -10.354565880035009
 -10.257517942808892
 -10.161175684855310
 -10.065537353005592
  -9.970606741658930
  -9.876383001073140
  -9.782862243120885
  -9.690046015290285
  -9.597933855477699
  -9.506523804243393
  -9.415815381861790
  -9.325807271621148
  -9.236497650420137
  -9.147883641758041
  -9.059962781596376
  -8.972733129696225
  -8.886192055962363
  -8.800337022208346
  -8.715165648220841
  -8.630674858205909
  -8.546861678386106
  -8.463722539904992
  -8.381255194427085
  -8.299458124310075
  -8.218327690738242
  -8.137861553567053
  -8.058056036760815
  -7.978909128574982
  -7.900418794792960
  -7.822581626431524
  -7.745395489234570
  -7.668857810738126
  -7.592965479269165
  -7.517716093644194
  -7.443106877260526
  -7.369134863319690
  -7.295797219584865
  -7.223090904161871
  -7.151012748813018
  -7.079559554605366
  -7.008728015478787
  -6.938514770890048
  -6.868916445077653
  -6.799929615358041
  -6.731550857633829
  -6.663776790422530
  -6.596604135335067
  -6.530029602301982
  -6.464049724859075
  -6.398660941037739
  -6.333859572908627
  -6.269641753815884
  -6.206003517193810
  -6.142940963207964
  -6.080450220131127
  -6.018527402955870
  -5.957168659447746
  -5.896370146017979
  -5.836128020736533
  -5.776438441181119
  -5.717297571958693
  -5.658701601832961
  -5.600646722063216
  -5.543129104076137
  -5.486144916192843
  -5.429690407531370
  -5.373761834254831
  -5.318355442105990
  -5.263467440523629
  -5.209094147928718
  -5.155231832154192
  -5.101876816173494
  -5.049025471149507
  -4.996674189120927
  -4.944819394515672
  -4.893457474405352
  -4.842584807634354
  -4.792197733952491
  -4.742292543498570
  -4.692865525288753
  -4.643912974828835
  -4.595431187523856
  -4.547416470363028
  -4.499865138712395
  -4.452773520126447
  -4.406137955292857
  -4.359954799897216
  -4.314220427525155
  -4.268931247715836
  -4.224083863277619
  -4.179674806772844
  -4.135700615098359
  -4.092157807756968
  -4.049042900960000
  -4.006352264908334
  -3.964082278191214
  -3.922229373526267
  -3.880789996530707
  -3.839760626258320
  -3.799137763328098
  -3.758917932124683
  -3.719097679810349
  -3.679673573951471
  -3.640642203706892
  -3.602000178206751
  -3.563744127349251
  -3.525870701106162
  -3.488376569913959
  -3.451258424449406
  -3.414512975865194
  -3.378136955697485
  -3.342127116084268
  -3.306480229868156
  -3.271193090567575
  -3.236262532091399
  -3.201685436429961
  -3.167458698986662
  -3.133579248910161
  -3.100044017058715
  -3.066849948747764
  -3.033993964465110
  -3.001473014868312
  -2.969284041371405
  -2.937424025733789
  -2.905889951626337
  -2.874678839778691
  -2.843787721733227
  -2.813213660988660
  -2.782953736200373
  -2.753005052257379
  -2.723364729573629
  -2.694029911724956
  -2.664997757746395
  -2.636265449870886
  -2.607830186776612
  -2.579689197045720
  -2.551839748750563
  -2.524279125827523
  -2.497004634772123
  -2.470013595375578
  -2.443303345948445
  -2.416871229718460
  -2.390714590960141
  -2.364830796738451
  -2.339217229257803
  -2.313871295668704
  -2.288790421799097
  -2.263972057586151
  -2.239413672577673
  -2.215112759292956
  -2.191066830049601
  -2.167273419215589
  -2.143730736953339
  -2.120436499854469
  -2.097388162648207
  -2.074583276713660
  -2.052019262971056
  -2.029693670329980
  -2.007603996104858
  -1.985747845233762
  -1.964122811402118
  -1.942726577128166
  -1.921556836762496
  -1.900611364065909
 -23.927133990523885
 -23.784267398345243
 -23.652067184776801
 -23.530013232693175
 -23.406999371816248
 -23.292768395232780
 -23.178443264357920
 -23.067946988362067
 -22.958064783472341
 -22.854954974436016
 -22.751807694496172
 -22.649076370296640
 -22.549472513860447
 -22.450499835609232
 -22.353995776812209
 -22.260367126785543
 -22.167075333845119
 -22.075465520630807
 -21.986021473101218
 -21.896959075787130
 -21.808722080982619
 -21.721688606271702
 -21.635027770397404
 -21.549022533180739
 -21.463682253068718
 -21.378461591229247
 -21.293352261429863
 -21.208633784859970
 -21.124538256714775
 -21.040779868485259
 -20.956899479032860
 -20.872982269824540
 -20.789174916537000
 -20.705509282778763
 -20.621875822703817
 -20.538142897221800
 -20.454287741037952
 -20.370479161662303
 -20.286464083717259
 -20.202158972616989
 -20.117685442282387
 -20.033083316180090
 -19.948166423456403
 -19.862923894179723
 -19.777430929394789
 -19.691646566402305
 -19.605508861141235
 -19.519019255520167
 -19.432273979317497
 -19.345111892469816
 -19.257498114416475
 -19.169424369255875
 -19.080776943400085
 -18.991437745785021
 -18.901348657011475
 -18.810757362526132
 -18.717713495263997
 -18.621503531268750
 -18.524041936076397
 -18.425851651315217
 -18.326840658510555
 -18.227076636037886
 -18.126474713507665
 -18.024895800070215
 -17.921763173612600
 -17.817357617448742
 -17.712045018375431
 -17.605945718036516
 -17.499185417606359
 -17.391819640983499
 -17.283702283137572
 -17.174768393360520
 -17.065239686459979
 -16.955211679798477
 -16.844717021695068
 -16.733837017923914
 -16.622534110202430
 -16.510817614125486
 -16.398838841695632
 -16.286604583282706
 -16.174126063611990
 -16.061439436075897
 -15.948570967636790
 -15.835571108388800
 -15.722488894991532
 -15.609349070696071
 -15.496175984696897
 -15.382996547971787
 -15.269846064117081
 -15.156772352685810
 -15.043812567739822
 -14.930974948821483
 -14.818264307328679
 -14.705703960958369
 -14.593333038499502
 -14.481171537774243
 -14.369223392779499
 -14.257502623925173
 -14.146035843852575
 -14.034846497549109
 -13.923944819633448
 -13.813340417304419
 -13.703050631633236
 -13.593093708836884
 -13.483481838970640
 -13.374224365447304
 -13.265333932051314
 -13.156824370638127
 -13.048707473376718
 -12.941001464777589
 -12.833722059774564
 -12.726880331912419
 -12.620483728159350
 -12.514536399775686
 -12.409047488975498
 -12.304025967592667
 -12.199479063441920
 -12.095412977722440
 -11.991837178010101
 -11.888759908773391
 -11.786187713891733
 -11.684126814698610
 -11.582586563866391
 -11.481575030852689
 -11.381097789971006
 -11.281160334767396
 -11.181768420026291
 -11.082927365639907
 -10.984642090346370
 -10.886917112710163
 -10.789756499509870
 -10.693164661317033
 -10.597144939541142
 -10.501697564906863
 -10.406826255028250
 -10.312534870655616
 -10.218825793032060
 -10.125702347683450
 -10.033167052807059
  -9.941222231544803
  -9.849871396679600
  -9.759116926681092
  -9.668960677453729
  -9.579405353014343
  -9.490452819944727
  -9.402104319081561
  -9.314361618389679
  -9.227226449569248
  -9.140701657052867
  -9.054789010568332
  -8.969489224140512
  -8.884803227684593
  -8.800731558726309
  -8.717274295176935
  -8.634430540040379
  -8.552199822885513
  -8.470580058997522
  -8.389567442896974
  -8.309165664369715
  -8.229373898713039
  -8.150189923320822
  -8.071613878057681
  -7.993642763835223
  -7.916277070879519
  -7.839516813026709
  -7.763360004738153
  -7.687806326652755
  -7.612854947501138
  -7.538504452907047
  -7.464753504695047
  -7.391601114042408
  -7.319045826522697
  -7.247085787225316
  -7.175719246370952
  -7.104944033562757
  -7.034757710010602
  -6.965157786564771
  -6.896141688070679
  -6.827706846642196
  -6.759850671428702
  -6.692570530513722
  -6.625863771809199
  -6.559727725061828
  -6.494159669338040
  -6.429156828339088
  -6.364716388554529
  -6.300835480448106
  -6.237511172594264
  -6.174740484369980
  -6.112520408543094
  -6.050847917510421
  -5.989719949681588
  -5.929133397078492
  -5.869085111183646
  -5.809571954619841
  -5.750590788377574
  -5.692138401544266
  -5.634211502745831
  -5.576806860354622
  -5.519921336591289
  -5.463551554574379
  -5.407694389536799
  -5.352346829107420
  -5.297505590832631
  -5.243167062148754
  -5.189328281248683
  -5.135986025201317
  -5.083137068587916
  -5.030778341451775
  -4.978906751948640
  -4.927519269044074
  -4.876612721185514
  -4.826183864100850
  -4.776229364277248
  -4.726745738494985
  -4.677729492535025
  -4.629177177038859
  -4.581085343998432
  -4.533450561848094
  -4.486269408770345
  -4.439538472869318
  -4.393254352675667
  -4.347413657319542
  -4.302013012568454
  -4.257049067448452
  -4.212518503194198
  -4.168417996908117
  -4.124744245496208
  -4.081493936346137
  -4.038663763837595
  -3.996250414703506
  -3.954250564069607
  -3.912660900958107
  -3.871478105565652
  -3.830698844040601
  -3.790319802848856
  -3.750337670353695
  -3.710749151704815
  -3.671550963504802
  -3.632739838349496
  -3.594312523976089
  -3.556265784708493
  -3.518596401575884
  -3.481301172800951
  -3.444376914055605
  -3.407820459026518
  -3.371628659169811
  -3.335798384446616
  -3.300326524232051
  -3.265209985740416
  -3.230445754815007
  -3.196030904003524
  -3.161962443413903
  -3.128237422759678
  -3.094852866625016
  -3.061805783743537
  -3.029093092464857
  -2.996711815982774
  -2.964658953357155
  -2.932931565653434
  -2.901526717278889
  -2.870441512250706
  -2.839673077599800
  -2.809218562520011
  -2.779075128038364
  -2.749239954729653
  -2.719710223803869
  -2.690483140980914
  -2.661555921244885
  -2.632925805815956
  -2.604590049536134
  -2.576545933682487
  -2.548790761079165
  -2.521321858422989
  -2.494136572371339
  -2.467232269904683
  -2.440606336671459
  -2.414256174996699
  -2.388179201041077
  -2.362372848354815
  -2.336834566483932
  -2.311561824463376
  -2.286552108860560
  -2.261802926393012
  -2.237311802046618
  -2.213076281091354
  -2.189093927599637
  -2.165362326194426
  -2.141879207059043
  -2.118642276773056
  -2.095649244085944
  -2.072897776412983
  -2.050385533814340
  -2.028110180984094
  -2.006069388238156
  -1.984260862740250
  -1.962682355632073
  -1.941331684792256
  -1.920206742792043
  -1.899305557115182
 -20.907340118265232
 -20.841509259459031
 -20.777584673558501
 -20.714719443294420
 -20.651301693364399
 -20.590602412162053
 -20.529394854445393
 -20.469391121635681
 -20.409126482258589
 -20.348931143488830
 -20.288101977211635
 -20.228882067968801
 -20.169156148110449
 -20.111602097304779
 -20.053397884573950
 -19.995629196820847
 -19.938367662893199
 -19.881398785779854
 -19.825212866995791
 -19.768596267071938
 -19.712398685695447
 -19.656757825190997
 -19.600854844052456
 -19.544998233092453
 -19.489021438909344
 -19.432979992553872
 -19.376737040098874
 -19.320758307665979
 -19.264766303442475
 -19.208579411477512
 -19.151966126512988
 -19.095084900650015
 -19.038046616951600
 -18.981124162080672
 -18.923872054550859
 -18.866438232492882
 -18.808790494951339
 -18.750855712869676
 -18.692587185456393
 -18.634014731615700
 -18.575091834987262
 -18.515696701158365
 -18.455830968790195
 -18.395571559699768
 -18.334882325210426
 -18.273649016975465
 -18.211834949957126
 -18.149519621535234
 -18.086720082112606
 -18.023324322032863
 -17.959302835093570
 -17.894528084574326
 -17.828918957355590
 -17.762464521071344
 -17.695130033416689
 -17.626833733985247
 -17.556690080181291
 -17.482372482941532
 -17.405408560170265
 -17.327494002590861
 -17.248620871450832
 -17.168737689896084
 -17.087909138802541
 -17.006030937861169
 -16.923038353268339
 -16.838687120614917
 -16.752375088360715
 -16.664856686365116
 -16.576536387926417
 -16.487384133542221
 -16.397382486782817
 -16.306551030108270
 -16.214917269900528
 -16.122375488016264
 -16.029006205454195
 -15.934987217966180
 -15.840355025595059
 -15.745177003096989
 -15.649486144612419
 -15.553263639593677
 -15.456510084800851
 -15.359295736900423
 -15.261670823429228
 -15.163689722766007
 -15.065424332853837
 -14.966888956023707
 -14.868091284994017
 -14.769044281215033
 -14.669776605695370
 -14.570328626628543
 -14.470733738797938
 -14.371004816305689
 -14.271156688585327
 -14.171211143312721
 -14.071201270723915
 -13.971148214410332
 -13.871067302686956
 -13.770980776368386
 -13.670939632059101
 -13.570975070900744
 -13.471081099571688
 -13.371260231435611
 -13.271531011359622
 -13.171920685469214
 -13.072444559243820
 -12.973108612512114
 -12.873925874546758
 -12.774914750136466
 -12.676091978902924
 -12.577471793182184
 -12.479066788566220
 -12.380891017317909
 -12.282958085466991
 -12.185279963931146
 -12.087869278458788
 -11.990738431029074
 -11.893899277962806
 -11.797362865471948
 -11.701149182397428
 -11.605273159127249
 -11.509744575494391
 -11.414570840085730
 -11.319757403753515
 -11.225315994034165
 -11.131254656835273
 -11.037581410988535
 -10.944303583301895
 -10.851430504378309
 -10.758969861084848
 -10.666928317512875
 -10.575312813509017
 -10.484130601991394
 -10.393388030467440
 -10.303090990453033
 -10.213245799600955
 -10.123858668721880
 -10.034935045484893
  -9.946480630303460
  -9.858500824429120
  -9.771000334899341
  -9.683983983500060
  -9.597457204947426
  -9.511424266962017
  -9.425889905344347
  -9.340858554076505
  -9.256333407703830
  -9.172317686843453
  -9.088814877443930
  -9.005827874883131
  -8.923360410027446
  -8.841415529481033
  -8.759995634011371
  -8.679103894395428
  -8.598742085058143
  -8.518911203570475
  -8.439615269785778
  -8.360857244790996
  -8.282638718347769
  -8.204963072009615
  -8.127831533946942
  -8.051244299212474
  -7.975202944498937
  -7.899708833124273
  -7.824762125717864
  -7.750361663763365
  -7.676507558405514
  -7.603199895187502
  -7.530441050072893
  -7.458232819504118
  -7.386571272327521
  -7.315456885439410
  -7.244889047977365
  -7.174866012114000
  -7.105387343460118
  -7.036451878461008
  -6.968057616467229
  -6.900203066301192
  -6.832886761255359
  -6.766106963083415
  -6.699862089307485
  -6.634150521263899
  -6.568970576222436
  -6.504320603330628
  -6.440198826580740
  -6.376603379286910
  -6.313532427700991
  -6.250984156298554
  -6.188956667086657
  -6.127447868132683
  -6.066455575332998
  -6.005977764043851
  -5.946012502450126
  -5.886557541358629
  -5.827610207767630
  -5.769168099558337
  -5.711229394386656
  -5.653791940239323
  -5.596852337542736
  -5.540407522336151
  -5.484456164700936
  -5.428996165155040
  -5.374025336548992
  -5.319541726971393
  -5.265542144367025
  -5.212022692788383
  -5.158981619529357
  -5.106416493926778
  -5.054324540310103
  -5.002703369178956
  -4.951550290441270
  -4.900862662468125
  -4.850637785596293
  -4.800872889198054
  -4.751565176146403
  -4.702711761464901
  -4.654309727786937
  -4.606356137738205
  -4.558848024047583
  -4.511782404071080
  -4.465156278043131
  -4.418966640543379
  -4.373210479578670
  -4.327884767495102
  -4.282986481170292
  -4.238512614948633
  -4.194460135119633
  -4.150826009948609
  -4.107607277097952
  -4.064800912164886
  -4.022403880846380
  -3.980413318247356
  -3.938826223240007
  -3.897639574669455
  -3.856850336885322
  -3.816455272988941
  -3.776451216724511
  -3.736835018711695
  -3.697603554305494
  -3.658753720083312
  -3.620282431177738
  -3.582186620801386
  -3.544463238852235
  -3.507109252123724
  -3.470121643225585
  -3.433497410615047
  -3.397233570194281
  -3.361327153046191
  -3.325775207333484
  -3.290574803225834
  -3.255723022519388
  -3.221216973264051
  -3.187053797617080
  -3.153230626048037
  -3.119744615464769
  -3.086592911887650
  -3.053772682341152
  -3.021281067377105
  -2.989115255056155
  -2.957272428353263
  -2.925749803735380
  -2.894544625189039
  -2.863654147840917
  -2.833075702641680
  -2.802806587003618
  -2.772844069165576
  -2.743185429149830
  -2.713827875413719
  -2.684768673459423
  -2.656005099955460
  -2.627534470438679
  -2.599354115807449
  -2.571461397376224
  -2.543853693729054
  -2.516528409243206
  -2.489482966220664
  -2.462714809273316
  -2.436221400741268
  -2.410000222843033
  -2.384048774923250
  -2.358364574491875
  -2.332945155886573
  -2.307788071406217
  -2.282890890342772
  -2.258251200235581
  -2.233866606258900
  -2.209734732799730
  -2.185853223608415
  -2.162219744437201
  -2.138831985155671
  -2.115687666234686
  -2.092784535123057
  -2.070120338855646
  -2.047692855917838
  -2.025499880024016
  -2.003539259422207
  -1.981808918033592
  -1.960306944934444
  -1.939031628532519
  -1.917981594348108
  -1.897156088022194
