 -25.670899341591905
 -25.511386265913170
 -25.362592747050154
 -25.217173719941012
 -25.080247895506005
 -24.945241539504600
 -24.811741869822608
 -24.683830407317387
 -24.557099981312764
 -24.431711423623909
 -24.307701689417133
 -24.187017306429400
 -24.068257271133145
 -23.950123948133736
 -23.832778582905974
 -23.716419412547719
 -23.601867140088018
 -23.488504163072122
 -23.375504388993729
 -23.263188261430429
 -23.151361716309186
 -23.040349369271997
 -22.930135357627385
 -22.820446192248475
 -22.711022759595533
 -22.601952124572389
 -22.493150596530317
 -22.384758846724367
 -22.276867350073946
 -22.169255734323709
 -22.061742013030269
 -21.954399588112011
 -21.847221495261763
 -21.740259113820709
 -21.633549341393625
 -21.526945383310444
 -21.420256673800807
 -21.313332220722632
 -21.206229701493491
 -21.099100172582581
 -20.991944231577818
 -20.884684775112738
 -20.777223660788405
 -20.669492029838189
 -20.561537431949873
 -20.453449662625442
 -20.345229058057264
 -20.236862138781731
 -20.128294042603056
 -20.019501148166892
 -19.910531442831957
 -19.801421478946683
 -19.692157241251600
 -19.582703374768652
 -19.473012795464950
 -19.363045195348278
 -19.252753347211623
 -19.142031162553852
 -19.030717649181764
 -18.918921328080284
 -18.806695961368082
 -18.693625746065194
 -18.579621133219430
 -18.465064679853459
 -18.350087567183369
 -18.234669702667205
 -18.118579016270775
 -18.001842955932524
 -17.884653154619805
 -17.767081396006244
 -17.649088707907392
 -17.530644228083098
 -17.411844953236912
 -17.292778782604664
 -17.173453357002231
 -17.053859979593671
 -16.934055833554254
 -16.814113462397565
 -16.694060136104284
 -16.573906233038148
 -16.453686619219649
 -16.333455338547484
 -16.213264262183642
 -16.093134955590259
 -15.973097289871024
 -15.853199084188713
 -15.733450697477492
 -15.613870735828730
 -15.494484639249269
 -15.375323146137385
 -15.256399807548696
 -15.137734652179663
 -15.019349548042211
 -14.901267629028986
 -14.783503267633431
 -14.666073650527350
 -14.548997039842622
 -14.432290743960356
 -14.315968646229162
 -14.200045381948909
 -14.084534087040961
 -13.969448614035286
 -13.854801758564181
 -13.740605314808057
 -13.626870366922914
 -13.513608006338519
 -13.400828551498959
 -13.288541484323151
 -13.176755898774108
 -13.065480690266192
 -12.954724243913434
 -12.844494419288518
 -12.734798843570431
 -12.625644942069037
 -12.517039689051851
 -12.408989658889389
 -12.301501140398491
 -12.194580159603133
 -12.088232420940143
 -11.982463316221395
 -11.877277962482925
 -11.772681243177917
 -11.668677781820602
 -11.565271926265503
 -11.462467798266312
 -11.360269373540440
 -11.258680438495059
 -11.157704445804580
 -11.057344721893321
 -10.957604680354988
 -10.858490722878278
 -10.760006404903308
 -10.662153705210496
 -10.564934256371929
 -10.468349246689742
 -10.372400202403149
 -10.277088898577681
 -10.182417095691916
 -10.088389220476360
  -9.995004672622581
  -9.902262321239222
  -9.810163301821699
  -9.718707175200633
  -9.627897731798676
  -9.537735353710227
  -9.448219150565563
  -9.359349423531075
  -9.271125458337538
  -9.183546292959566
  -9.096611493829867
  -9.010320153563837
  -8.924671230657145
  -8.839663918430871
  -8.755296983546026
  -8.671569150758362
  -8.588479194476468
  -8.506025556013016
  -8.424206578195266
  -8.343020638764377
  -8.262465699827775
  -8.182539687970992
  -8.103241335240387
  -8.024569730677856
  -7.946522875590544
  -7.869098722862828
  -7.792295111213916
  -7.716110552474760
  -7.640543573795335
  -7.565592085520897
  -7.491254370829457
  -7.417528540824267
  -7.344412473817155
  -7.271904198876974
  -7.200001608771834
  -7.128702416061565
  -7.058004280272678
  -6.987904693197735
  -6.918401015306777
  -6.849490512944510
  -6.781170351478319
  -6.713437662691137
  -6.646289536538118
  -6.579723022568350
  -6.513735169757343
  -6.448323051047697
  -6.383483758808562
  -6.319214313960805
  -6.255511625364303
  -6.192372515823051
  -6.129793691586878
  -6.067771740509372
  -6.006303220054806
  -5.945384706729230
  -5.885012769563703
  -5.825183968268073
  -5.765894861621476
  -5.707141999853481
  -5.648921933219015
  -5.591231198328025
  -5.534066324713004
  -5.477423834375539
  -5.421300264753329
  -5.365692129595079
  -5.310595933825925
  -5.256008259359175
  -5.201925688418808
  -5.148344717260836
  -5.095261895384240
  -5.042673797851080
  -4.990577006995790
  -4.938968141196553
  -4.887843849358331
  -4.837200806937898
  -4.787035664366460
  -4.737345043173555
  -4.688125527933900
  -4.639373648099791
  -4.591085905777882
  -4.543258809152807
  -4.495888869362767
  -4.448972603402727
  -4.402506535581343
  -4.356487198183046
  -4.310911132961581
  -4.265774892278084
  -4.221075041652473
  -4.176808167248613
  -4.132970957537678
  -4.089560111886761
  -4.046572318924418
  -4.004004260727106
  -3.961852614676459
  -3.920113994354152
  -3.878784975611266
  -3.837862169762503
  -3.797342200397288
  -3.757221708884849
  -3.717497354591585
  -3.678165814144178
  -3.639223782242119
  -3.600667970443318
  -3.562495107865950
  -3.524701940689665
  -3.487285232574308
  -3.450241764561866
  -3.413568335321273
  -3.377261761196400
  -3.341318876462079
  -3.305736533350106
  -3.270511602263204
  -3.235640972146475
  -3.201121550339969
  -3.166950278542736
  -3.133124152636559
  -3.099640172787042
  -3.066495368134701
  -3.033686769037197
  -3.001211417240687
  -2.969066323445632
  -2.937248531002877
  -2.905755078759846
  -2.874583040200167
  -2.843729495959771
  -2.813191557198039
  -2.782966350162422
  -2.753051027200101
  -2.723442755867661
  -2.694138725953661
  -2.665136140623094
  -2.636432223637267
  -2.608024213662542
  -2.579909370332943
  -2.552084969735123
  -2.524548311704966
  -2.497296729169709
  -2.470327573644751
  -2.443638217592053
  -2.417226048564088
  -2.391088471861798
  -2.365222903562191
  -2.339626763586499
  -2.314297491239924
  -2.289232540746875
  -2.264429388295740
  -2.239885527980337
  -2.215598475645546
  -2.191565765881011
  -2.167784954388037
  -2.144253615852960
  -2.120969345567329
  -2.097930210022594
  -2.075133981456335
  -2.052578237107413
  -2.030260607924435
  -2.008178638041759
  -1.986329955916502
  -1.964712161035591
  -1.943322930932998
  -1.922159947988457
  -1.901220967628797
 -20.456117878943733
 -20.419892662685012
 -20.383196956592858
 -20.346112751631875
 -20.308403945326432
 -20.270391013618923
 -20.231669669218732
 -20.192352328562500
 -20.152734593555039
 -20.112411942972532
 -20.071543358032990
 -20.030233543229038
 -19.988246765515139
 -19.945697601983259
 -19.902782353582875
 -19.859174848051531
 -19.814875229842908
 -19.770036821049523
 -19.724702899689337
 -19.678711823830849
 -19.632069472098564
 -19.584828365462247
 -19.537039569519322
 -19.488565212596768
 -19.439422271136511
 -19.389634684904589
 -19.339332814850803
 -19.288435993376471
 -19.236827418147186
 -19.184490541357373
 -19.131410669400008
 -19.077581909987462
 -19.023113323407689
 -18.968170241054310
 -18.912515527104983
 -18.856133065940924
 -18.799011247736299
 -18.741142665752605
 -18.682524523103062
 -18.623154196364670
 -18.563052877956405
 -18.502279616201317
 -18.440844116755688
 -18.378699574835700
 -18.315823954492302
 -18.252203960353064
 -18.187832468029189
 -18.122704757225268
 -18.056809997861780
 -17.990130655080989
 -17.922651115142038
 -17.854349644362728
 -17.785186417077099
 -17.715152256541074
 -17.644138033008829
 -17.571625800935397
 -17.497826484041507
 -17.422607530308124
 -17.345989651733348
 -17.267985487449767
 -17.188705691405321
 -17.108242146043818
 -17.026668279166611
 -16.944023973727372
 -16.860351954578753
 -16.775704617697713
 -16.690123614458013
 -16.603649081407859
 -16.516310622416793
 -16.428151247697830
 -16.339217622659625
 -16.249551916656884
 -16.159187315088545
 -16.068148825302234
 -15.976470464584285
 -15.884184838226389
 -15.791323575828981
 -15.697922119669869
 -15.604009288711268
 -15.509615913197040
 -15.414771478791625
 -15.319503466587715
 -15.223839691582922
 -15.127828183097082
 -15.031487207159943
 -14.934849414648999
 -14.837936654896472
 -14.740775893502759
 -14.643382997764309
 -14.545780985921370
 -14.447989127996529
 -14.350030663385322
 -14.251926723936288
 -14.153698375287396
 -14.055366145611790
 -13.956955007224039
 -13.858484849637073
 -13.759977670911255
 -13.661455266426685
 -13.562936684289186
 -13.464439398071653
 -13.365980353872702
 -13.267576063106258
 -13.169242801879559
 -13.070996717110544
 -12.972853721032706
 -12.874829463604028
 -12.776939302463536
 -12.679198336804104
 -12.581621408798961
 -12.484223057201273
 -12.387017550712232
 -12.290018929795679
 -12.193240899064914
 -12.096696788572673
 -12.000399567385003
 -11.904361856676172
 -11.808595982717135
 -11.713113930887276
 -11.617927334361534
 -11.523047513887274
 -11.428485654287789
 -11.334252945316571
 -11.240360219112457
 -11.146817891582751
 -11.053636210368657
 -10.960824923062560
 -10.868393293417254
 -10.776350063553707
 -10.684703591201160
 -10.593461892100510
 -10.502632621733611
 -10.412223031924295
 -10.322240120981935
 -10.232690608579395
 -10.143580785979825
 -10.054916953764531
  -9.966705647833153
  -9.878953058514396
  -9.791664884597440
  -9.704846606418407
  -9.618503277683430
  -9.532640209021270
  -9.447262694981909
  -9.362375160537930
  -9.277982037996763
  -9.194087537682018
  -9.110695282994419
  -9.027808770818563
  -8.945431270859940
  -8.863565699514020
  -8.782214907864736
  -8.701381551224214
  -8.621067945502420
  -8.541276290850124
  -8.462008539431400
  -8.383266227497693
  -8.305050927568757
  -8.227363943365326
  -8.150205835087046
  -8.073577950493666
  -7.997482452346648
  -7.921920675260552
  -7.846893350761985
  -7.772400786286453
  -7.698443552352243
  -7.625022908509287
  -7.552139606786429
  -7.479794096494180
  -7.407987200440722
  -7.336719393415683
  -7.265990668971935
  -7.195801078386916
  -7.126150498517912
  -7.057038551213842
  -6.988464683601409
  -6.920428086100398
  -6.852927718038263
  -6.785962329757746
  -6.719530575762582
  -6.653631075333379
  -6.588262374423349
  -6.523422959000511
  -6.459111268595056
  -6.395325695749224
  -6.332064577664415
  -6.269326166839584
  -6.207108632102740
  -6.145410074503114
  -6.084228517136726
  -6.023561894768588
  -5.963408067465227
  -5.903764849944661
  -5.844630038752313
  -5.786001378699605
  -5.727876533996809
  -5.670253076954960
  -5.613128640340607
  -5.556500822377718
  -5.500367140179066
  -5.444724885468684
  -5.389571575987365
  -5.334904718826297
  -5.280721708034502
  -5.227020094076524
  -5.173797374242461
  -5.121050597833161
  -5.068777092926155
  -5.016974265010981
  -4.965639453100386
  -4.914770038361937
  -4.864363410827259
  -4.814416978882163
  -4.764928074361904
  -4.715893954370027
  -4.667311798236160
  -4.619178678222954
  -4.571491608433109
  -4.524247607868754
  -4.477443692323387
  -4.431076874151553
  -4.385144162566788
  -4.339642563918003
  -4.294569082578368
  -4.249920721019939
  -4.205694484178204
  -4.161887386246812
  -4.118496466180574
  -4.075518759740451
  -4.032951307168923
  -3.990791137741645
  -3.949035272604874
  -3.907680726928709
  -3.866724491071237
  -3.826163555783679
  -3.785994903060537
  -3.746215489451920
  -3.706822275787523
  -3.667812226769542
  -3.629182315569041
  -3.590929522842127
  -3.553050838698355
  -3.515543262659815
  -3.478403804591253
  -3.441629485010546
  -3.405217335581751
  -3.369164399376763
  -3.333467731607810
  -3.298124399621061
  -3.263131483347316
  -3.228486076775044
  -3.194185286690554
  -3.160226260871758
  -3.126606220693518
  -3.093322356205214
  -3.060371879864018
  -3.027751989114963
  -2.995459879240768
  -2.963492677027212
  -2.931847568019780
  -2.900521728813678
  -2.869512376581886
  -2.838816735990716
  -2.808432059907619
  -2.778355623066056
  -2.748584717549530
  -2.719116641078209
  -2.689948706740057
  -2.661078225118177
  -2.632502525246412
  -2.604218947392542
  -2.576224852120490
  -2.548517614097398
  -2.521094628666319
  -2.493953312265103
  -2.467091100705678
  -2.440505448076254
  -2.414193825248282
  -2.388153719795011
  -2.362382633632071
  -2.336878080038665
  -2.311637587825018
  -2.286658699987560
  -2.261938976923905
  -2.237475994820544
  -2.213267347878812
  -2.189310646874599
  -2.165603520836173
  -2.142143616013034
  -2.118928597399291
  -2.095956291042945
  -2.073224475910969
  -2.050730906022042
  -2.028473318601955
  -2.006449434610538
  -1.984656992525673
  -1.963093734769645
  -1.941757445943713
  -1.920645954125925
  -1.899757163405881
 -18.048134994192985
 -18.030277368883176
 -18.012078247167999
 -17.993442755449681
 -17.974440222230673
 -17.954995458096022
 -17.935071777232231
 -17.914777511004239
 -17.893972671023811
 -17.872786771651132
 -17.851107512178739
 -17.828915241855416
 -17.806286561133117
 -17.783126004330438
 -17.759471755551431
 -17.735374420718070
 -17.710719229988008
 -17.685562835730593
 -17.659928367225312
 -17.633720638906247
 -17.606988393705290
 -17.579730909777027
 -17.551861526237232
 -17.523371627282764
 -17.494341112368403
 -17.464756771552526
 -17.434561605528721
 -17.403771867057799
 -17.372421177052590
 -17.340413537849976
 -17.307738698876303
 -17.274392300483445
 -17.240485626359774
 -17.205899858336323
 -17.170613395628095
 -17.134617050248789
 -17.097908263379335
 -17.060540275671798
 -17.022432002036069
 -16.983574655439085
 -16.943940375424489
 -16.903487379655751
 -16.862185845034837
 -16.820068904200518
 -16.777011384022618
 -16.732955341826603
 -16.687899973020595
 -16.641657164787919
 -16.594166349788097
 -16.545478844725409
 -16.495552037332764
 -16.444370900661578
 -16.391975424314563
 -16.338370922480348
 -16.283589641263120
 -16.227632692486544
 -16.170549183648003
 -16.112426860899458
 -16.053306742914270
 -15.993197253174214
 -15.932087507827585
 -15.869986250461658
 -15.806907055042284
 -15.742865738350162
 -15.677879215885641
 -15.611965093724953
 -15.545152014931524
 -15.477519940816299
 -15.409139617438971
 -15.339988600390990
 -15.270044705402855
 -15.199300435118490
 -15.127765523368549
 -15.055457821113162
 -14.982396654006038
 -14.908601632217698
 -14.834091529129886
 -14.758885786049392
 -14.683031698842592
 -14.606600527490487
 -14.529590454595533
 -14.452089731752283
 -14.374054475835615
 -14.295466508003155
 -14.216336532854950
 -14.136684509881039
 -14.056528532644489
 -13.975886206802585
 -13.894776785674027
 -13.813219547378646
 -13.731234884710704
 -13.648842462902770
 -13.566062212166619
 -13.482942884923711
 -13.399523348155221
 -13.315823162835873
 -13.231855041842437
 -13.147646439961898
 -13.063201488610590
 -12.978524034754830
 -12.893624840586725
 -12.808518200499741
 -12.723219834851745
 -12.637746288755224
 -12.552114658066305
 -12.466342282669805
 -12.380446482999929
 -12.294444490766512
 -12.208353487389273
 -12.122190572540747
 -12.035972692247160
 -11.949716600854909
 -11.863438861467849
 -11.777155828369054
 -11.690883657079340
 -11.604638242202512
 -11.518435209754955
 -11.432289914418279
 -11.346217412383456
 -11.260232471006548
 -11.174352821032359
 -11.088600547409067
 -11.002993875434976
 -10.917546433584802
 -10.832272923351450
 -10.747185541883404
 -10.662296677763210
 -10.577610517397362
 -10.493134863506130
 -10.408880130544595
 -10.324856464394827
 -10.241074132408219
 -10.157543294342217
 -10.074274013555288
  -9.991275909500180
  -9.908558573962928
  -9.826131567856500
  -9.744004087416645
  -9.662185191351103
  -9.580683679697717
  -9.499507905684347
  -9.418665980003736
  -9.338166236484675
  -9.258016429457221
  -9.178224223163191
  -9.098797110228857
  -9.019742020497054
  -8.941065352501484
  -8.862773361267520
  -8.784871745991630
  -8.707366175234297
  -8.630262312562571
  -8.553565446726527
  -8.477280633845595
  -8.401412830879718
  -8.325966121765285
  -8.250944682003773
  -8.176352988388413
  -8.102194892421641
  -8.028474014639064
  -7.955194334874602
  -7.882359541068574
  -7.809972775078968
  -7.738036936371055
  -7.666555070320442
  -7.595530132167040
  -7.524964788667150
  -7.454861398949803
  -7.385222271530180
  -7.316051420614616
  -7.247351303646269
  -7.179123049642699
  -7.111367949616409
  -7.044087061003641
  -6.977281401660498
  -6.910951819626604
  -6.845098897202877
  -6.779722851752463
  -6.714823715759449
  -6.650401533672890
  -6.586456275846621
  -6.522987819827855
  -6.459995971050875
  -6.397480473014965
  -6.335441011857075
  -6.273877179642892
  -6.212788439735790
  -6.152174156683726
  -6.092033663582368
  -6.032366246472412
  -5.973171057564440
  -5.914447061188659
  -5.856193164198339
  -5.798408378567519
  -5.741091629435855
  -5.684241570587769
  -5.627856525835742
  -5.571935284767788
  -5.516476645265598
  -5.461479140370639
  -5.406940197494396
  -5.352858491327516
  -5.299232866784664
  -5.246061821867412
  -5.193343980811766
  -5.141077764469610
  -5.089260189491122
  -5.037889433983539
  -4.986963850543909
  -4.936481511052969
  -4.886440551734219
  -4.836839018409453
  -4.787674933608857
  -4.738946237425423
  -4.690650802443153
  -4.642786432321556
  -4.595350840233101
  -4.548341677422892
  -4.501756564409726
  -4.455593088772650
  -4.409848810161769
  -4.364521261950055
  -4.319607957362274
  -4.275106391289148
  -4.231014036646849
  -4.187328353298366
  -4.144046799807914
  -4.101166816337357
  -4.058685826147455
  -4.016601276188728
  -3.974910582712608
  -3.933611133645636
  -3.892700386880277
  -3.852175748341930
  -3.812034581684550
  -3.772274228686814
  -3.732891912639193
  -3.693884852780467
  -3.655250277824162
  -3.616985426675983
  -3.579087545324958
  -3.541553887153224
  -3.504381711823877
  -3.467568285298414
  -3.431110879922935
  -3.395006774429590
  -3.359253253875117
  -3.323847611077059
  -3.288787145990863
  -3.254069166117102
  -3.219690990754970
  -3.185649946070533
  -3.151943376755069
  -3.118568666574718
  -3.085523180073188
  -3.052804298562216
  -3.020409388535648
  -2.988335825518321
  -2.956580945528765
  -2.925142123329353
  -2.894016726157284
  -2.863202148875621
  -2.832695800591376
  -2.802495105012248
  -2.772597529317992
  -2.743000534664331
  -2.713701559498880
  -2.684698047145633
  -2.655987400307773
  -2.627567044393581
  -2.599434419992029
  -2.571586991090182
  -2.544022236730254
  -2.516737656385140
  -2.489730765693347
  -2.462999098881521
  -2.436540205855852
  -2.410351653063075
  -2.384431021910849
  -2.358775908770697
  -2.333383923524576
  -2.308252690267723
  -2.283379846734567
  -2.258763045429076
  -2.234399953033093
  -2.210288251582369
  -2.186425638021237
  -2.162809825551226
  -2.139438543713610
  -2.116309540442420
  -2.093420606682221
  -2.070769551238194
  -2.048354201105819
  -2.026172376410189
  -2.004221915022760
  -1.982500666700183
  -1.961006517083731
  -1.939737409023793
  -1.918691401055604
  -1.897866706016263
