 TYPE	 PROD	               ASSET	              VEtoWW
    0	    0	   0.000000000000000	   0.000003101058272
    1	    0	   0.000000000000000	   0.000003694888100
    0	    0	   0.028895878633786	   0.000001779015631
    1	    0	   0.028895878633786	   0.000003268730394
    0	    0	   0.058626729069591	   0.000001695111675
    1	    0	   0.058626729069591	   0.000001657254933
    0	    0	   0.089216678551268	   0.000001370948264
    1	    0	   0.089216678551268	   0.000002331987238
    0	    0	   0.120690551500581	   0.000001234386987
    1	    0	   0.120690551500581	   0.000001047439367
    0	    0	   0.153073889662773	   0.000001239910074
    1	    0	   0.153073889662773	   0.000001517019165
    0	    0	   0.186392972834257	   0.000001316157649
    1	    0	   0.186392972834257	   0.000001406487941
    0	    0	   0.220674840189252	   0.000001740694378
    1	    0	   0.220674840189252	   0.000001167316915
    0	    0	   0.255947312222677	   0.000001827401926
    1	    0	   0.255947312222677	   0.000001229783268
    0	    0	   0.292239013327094	   0.000002359137316
    1	    0	   0.292239013327094	   0.000001502592657
    0	    0	   0.329579395022038	   0.000002485867236
    1	    0	   0.329579395022038	   0.000001670284459
    0	    0	   0.367998759854577	   0.000002432447151
    1	    0	   0.367998759854577	   0.000001577066425
    0	    0	   0.407528285990505	   0.000002547019038
    1	    0	   0.407528285990505	   0.000001562825573
    0	    0	   0.448200052516108	   0.000003470406189
    1	    0	   0.448200052516108	   0.000002003972439
    0	    0	   0.490047065471057	   0.000003559843263
    1	    0	   0.490047065471057	   0.000002186352914
    0	    0	   0.533103284633538	   0.000008656125292
    1	    0	   0.533103284633538	   0.000002482623163
    0	    0	   0.577403651079368	   0.000009959351068
    1	    0	   0.577403651079368	   0.000002517652149
    0	    0	   0.622984115537448	   0.000012281369565
    1	    0	   0.622984115537448	   0.000007498147929
    0	    0	   0.669881667564581	   0.000016190831477
    1	    0	   0.669881667564581	   0.000018449675628
    0	    0	   0.718134365563312	   0.000016909410493
    1	    0	   0.718134365563312	   0.000016913757495
    0	    0	   0.767781367667167	   0.000016770351009
    1	    0	   0.767781367667167	   0.000010931698885
    0	    0	   0.818862963518346	   0.000016864398044
    1	    0	   0.818862963518346	   0.000000240496134
    0	    0	   0.871420606963662	   0.000023032544026
    1	    0	   0.871420606963662	   0.000000850837385
    0	    0	   0.925496949695250	   0.000023098239555
    1	    0	   0.925496949695250	   0.000000854443664
    0	    0	   0.981135875863370	   0.000025310457664
    1	    0	   0.981135875863370	   0.000001073102290
    0	    0	   1.038382537689358	   0.000024132124117
    1	    0	   1.038382537689358	   0.000000926256314
    0	    0	   1.097283392107659	   0.000032544765431
    1	    0	   1.097283392107659	   0.000001743407922
    0	    0	   1.157886238466658	   0.000033013085557
    1	    0	   1.157886238466658	   0.000001589743062
    0	    0	   1.220240257318908	   0.000032785990135
    1	    0	   1.220240257318908	   0.000001602382108
    0	    0	   1.284396050332241	   0.000034094430862
    1	    0	   1.284396050332241	   0.000001783059889
    0	    0	   1.350405681354142	   0.000033101979536
    1	    0	   1.350405681354142	   0.000001928969455
    0	    0	   1.418322718662713	   0.000032896211522
    1	    0	   1.418322718662713	   0.000002016238626
    0	    0	   1.488202278438519	   0.000032720746503
    1	    0	   1.488202278438519	   0.000002040237400
    0	    0	   1.560101069492589	   0.000032517960723
    1	    0	   1.560101069492589	   0.000002057154090
    0	    0	   1.634077439286873	   0.000032293861149
    1	    0	   1.634077439286873	   0.000002067961339
    0	    0	   1.710191421284502	   0.000037037492944
    1	    0	   1.710191421284502	   0.000002616759433
    0	    0	   1.788504783668267	   0.000035925820692
    1	    0	   1.788504783668267	   0.000002549179834
    0	    0	   1.869081079466878	   0.000034722814153
    1	    0	   1.869081079466878	   0.000002473238425
    0	    0	   1.951985698129646	   0.000034680142683
    1	    0	   1.951985698129646	   0.000002378781795
    0	    0	   2.037285918591472	   0.000029214270894
    1	    0	   2.037285918591472	   0.000001763416169
    0	    0	   2.125050963871200	   0.000028900623125
    1	    0	   2.125050963871200	   0.000001697709308
    0	    0	   2.215352057247619	   0.000026790452701
    1	    0	   2.215352057247619	   0.000001622618140
    0	    0	   2.308262480058741	   0.000027998443045
    1	    0	   2.308262480058741	   0.000001504074779
    0	    0	   2.403857631171228	   0.000026260788104
    1	    0	   2.403857631171228	   0.000001357193548
    0	    0	   2.502215088168239	   0.000025478812350
    1	    0	   2.502215088168239	   0.000001195054492
    0	    0	   2.603414670305364	   0.000026592357442
    1	    0	   2.603414670305364	   0.000001231479989
    0	    0	   2.707538503285713	   0.000026501256507
    1	    0	   2.707538503285713	   0.000001125559967
    0	    0	   2.814671085906746	   0.000026598325951
    1	    0	   2.814671085906746	   0.000001025973614
    0	    0	   2.924899358632921	   0.000024056484061
    1	    0	   2.924899358632921	   0.000000671703132
    0	    0	   3.038312774149804	   0.000030389722978
    1	    0	   3.038312774149804	   0.000001187584098
    0	    0	   3.155003369956905	   0.000028736354427
    1	    0	   3.155003369956905	   0.000001019431517
    0	    0	   3.275065843058154	   0.000033625719144
    1	    0	   3.275065843058154	   0.000001378453153
    0	    0	   3.398597626810607	   0.000032222537670
    1	    0	   3.398597626810607	   0.000001227456930
    0	    0	   3.525698969993787	   0.000034596502971
    1	    0	   3.525698969993787	   0.000001552706659
    0	    0	   3.656473018163779	   0.000034662615601
    1	    0	   3.656473018163779	   0.000001543711553
    0	    0	   3.791025897358140	   0.000038472206948
    1	    0	   3.791025897358140	   0.000001844586999
    0	    0	   3.929466800219529	   0.000037669081126
    1	    0	   3.929466800219529	   0.000001851492947
    0	    0	   4.071908074607951	   0.000040245679253
    1	    0	   4.071908074607951	   0.000002058209138
    0	    0	   4.218465314773542	   0.000041101327823
    1	    0	   4.218465314773542	   0.000002097531221
    0	    0	   4.369257455163862	   0.000042825673834
    1	    0	   4.369257455163862	   0.000002254780493
    0	    0	   4.524406866941830	   0.000043425233701
    1	    0	   4.524406866941830	   0.000002336133568
    0	    0	   4.684039457292635	   0.000045612760568
    1	    0	   4.684039457292635	   0.000002459435270
    0	    0	   4.848284771600217	   0.000047899102854
    1	    0	   4.848284771600217	   0.000002552929586
    0	    0	   5.017276098576197	   0.000049128783331
    1	    0	   5.017276098576197	   0.000002667436450
    0	    0	   5.191150578426639	   0.000050240931396
    1	    0	   5.191150578426639	   0.000002771979566
    0	    0	   5.370049314144351	   0.000050052640917
    1	    0	   5.370049314144351	   0.000002859254412
    0	    0	   5.554117486017097	   0.000050832347007
    1	    0	   5.554117486017097	   0.000002949410107
    0	    0	   5.743504469444626	   0.000051793205360
    1	    0	   5.743504469444626	   0.000003026980622
    0	    0	   5.938363956160092	   0.000052470755017
    1	    0	   5.938363956160092	   0.000003089688587
    0	    0	   6.138854078954332	   0.000052937589582
    1	    0	   6.138854078954332	   0.000003130127775
    0	    0	   6.345137540004107	   0.000053926905890
    1	    0	   6.345137540004107	   0.000003184711045
    0	    0	   6.557381742908535	   0.000054653661169
    1	    0	   6.557381742908535	   0.000003213597011
    0	    0	   6.775758928540808	   0.000054961551699
    1	    0	   6.775758928540808	   0.000003231895817
    0	    0	   7.000446314825505	   0.000054731563847
    1	    0	   7.000446314825505	   0.000003260201728
    0	    0	   7.231626240554826	   0.000055000427057
    1	    0	   7.231626240554826	   0.000003275986845
    0	    0	   7.469486313360592	   0.000055164353898
    1	    0	   7.469486313360592	   0.000003279873317
    0	    0	   7.714219561961972	   0.000055383823917
    1	    0	   7.714219561961972	   0.000003288649697
    0	    0	   7.966024592812593	   0.000055508295407
    1	    0	   7.966024592812593	   0.000003293757905
    0	    0	   8.225105751274045	   0.000055718092871
    1	    0	   8.225105751274045	   0.000003297714373
    0	    0	   8.491673287446705	   0.000055871547713
    1	    0	   8.491673287446705	   0.000003293134830
    0	    0	   8.765943526792318	   0.000055903710291
    1	    0	   8.765943526792318	   0.000003285809459
    0	    0	   9.048139045686920	   0.000055898923692
    1	    0	   9.048139045686920	   0.000003277323148
    0	    0	   9.338488852046499	   0.000056150094800
    1	    0	   9.338488852046499	   0.000003266761905
    0	    0	   9.637228571171983	   0.000056593539449
    1	    0	   9.637228571171983	   0.000003249437847
    0	    0	   9.944600636964415	   0.000056426873163
    1	    0	   9.944600636964415	   0.000003233402976
    0	    0	  10.260854488665400	   0.000056297714481
    1	    0	  10.260854488665400	   0.000003219342966
    0	    0	  10.586246773282603	   0.000056207818994
    1	    0	  10.586246773282603	   0.000003201045485
    0	    0	  10.921041553864477	   0.000055797356628
    1	    0	  10.921041553864477	   0.000003182115889
    0	    0	  11.265510523793269	   0.000055293203285
    1	    0	  11.265510523793269	   0.000003160863831
    0	    0	  11.619933227270224	   0.000055030856892
    1	    0	  11.619933227270224	   0.000003138126443
    0	    0	  11.984597286171908	   0.000054839709633
    1	    0	  11.984597286171908	   0.000003115836742
    0	    0	  12.359798633461725	   0.000054535589786
    1	    0	  12.359798633461725	   0.000003088433846
    0	    0	  12.745841753346063	   0.000054173480585
    1	    0	  12.745841753346063	   0.000003062143865
    0	    0	  13.143039928369985	   0.000053724673761
    1	    0	  13.143039928369985	   0.000003034339118
    0	    0	  13.551715493652951	   0.000053416862943
    1	    0	  13.551715493652951	   0.000003004012245
    0	    0	  13.972200098470935	   0.000053058675107
    1	    0	  13.972200098470935	   0.000002972589100
    0	    0	  14.404834975397117	   0.000052697542863
    1	    0	  14.404834975397117	   0.000002940591597
    0	    0	  14.849971217219700	   0.000052306525210
    1	    0	  14.849971217219700	   0.000002905977685
    0	    0	  15.307970061861486	   0.000051918805672
    1	    0	  15.307970061861486	   0.000002871721943
    0	    0	  15.779203185532456	   0.000051493226554
    1	    0	  15.779203185532456	   0.000002835695056
    0	    0	  16.264053004353240	   0.000051043524603
    1	    0	  16.264053004353240	   0.000002797717905
    0	    0	  16.762912984694282	   0.000050587421163
    1	    0	  16.762912984694282	   0.000002759455122
    0	    0	  17.276187962482517	   0.000050112268721
    1	    0	  17.276187962482517	   0.000002719981520
    0	    0	  17.804294471734682	   0.000049612925579
    1	    0	  17.804294471734682	   0.000002679087376
    0	    0	  18.347661082583901	   0.000049100121541
    1	    0	  18.347661082583901	   0.000002637515855
    0	    0	  18.906728749073878	   0.000048584652580
    1	    0	  18.906728749073878	   0.000002595975586
    0	    0	  19.481951167002819	   0.000048042441540
    1	    0	  19.481951167002819	   0.000002552830113
    0	    0	  20.073795142107674	   0.000047475746478
    1	    0	  20.073795142107674	   0.000002508692970
    0	    0	  20.682740968887291	   0.000046907099246
    1	    0	  20.682740968887291	   0.000002464302868
    0	    0	  21.309282820372090	   0.000046329768278
    1	    0	  21.309282820372090	   0.000002419369538
    0	    0	  21.953929149156366	   0.000045723758417
    1	    0	  21.953929149156366	   0.000002373566292
    0	    0	  22.617203100018923	   0.000045104474527
    1	    0	  22.617203100018923	   0.000002327193936
    0	    0	  23.299642934466547	   0.000044500940929
    1	    0	  23.299642934466547	   0.000002281271969
    0	    0	  24.001802467545247	   0.000043862118093
    1	    0	  24.001802467545247	   0.000002234025928
    0	    0	  24.724251517273323	   0.000043196946900
    1	    0	  24.724251517273323	   0.000002186524698
    0	    0	  25.467576367061440	   0.000042559088490
    1	    0	  25.467576367061440	   0.000002139183517
    0	    0	  26.232380241494525	   0.000041893926678
    1	    0	  26.232380241494525	   0.000002091120992
    0	    0	  27.019283795861874	   0.000041168189766
    1	    0	  27.019283795861874	   0.000002042947067
    0	    0	  27.828925619832713	   0.000040500239597
    1	    0	  27.828925619832713	   0.000001995063003
    0	    0	  28.661962755685852	   0.000039800034711
    1	    0	  28.661962755685852	   0.000001946664324
    0	    0	  29.519071231514047	   0.000038944183778
    1	    0	  29.519071231514047	   0.000001898011596
    0	    0	  30.400946609835739	   0.000038256852465
    1	    0	  30.400946609835739	   0.000001850261447
    0	    0	  31.308304552059560	   0.000037500171280
    1	    0	  31.308304552059560	   0.000001801582146
    0	    0	  32.241881399259285	   0.000036184678997
    1	    0	  32.241881399259285	   0.000001753016080
    0	    0	  33.202434769730999	   0.000035517480910
    1	    0	  33.202434769730999	   0.000001705949347
    0	    0	  34.190744173817144	   0.000034748986032
    1	    0	  34.190744173817144	   0.000001655525915
    0	    0	  35.207611646496368	   0.000031618639957
    1	    0	  35.207611646496368	   0.000001601353008
    0	    0	  36.253862398252807	   0.000031115740228
    1	    0	  36.253862398252807	   0.000001553936982
    0	    0	  37.330345484752499	   0.000030435560614
    1	    0	  37.330345484752499	   0.000001505184326
    0	    0	  38.437934495871005	   0.000020040489038
    1	    0	  38.437934495871005	   0.000001452285777
    0	    0	  39.577528264630907	   0.000019489477116
    1	    0	  39.577528264630907	   0.000001408228002
    0	    0	  40.750051596624701	   0.000019045621775
    1	    0	  40.750051596624701	   0.000001369625259
    0	    0	  41.956456020515084	   0.000018490892381
    1	    0	  41.956456020515084	   0.000001322014445
    0	    0	  43.197720560221484	   0.000018014872359
    1	    0	  43.197720560221484	   0.000001288386643
    0	    0	  44.474852529419636	   0.000017416298093
    1	    0	  44.474852529419636	   0.000001241763922
    0	    0	  45.788888348999080	   0.000016922944202
    1	    0	  45.788888348999080	   0.000001205283687
    0	    0	  47.140894388141525	   0.000016346682342
    1	    0	  47.140894388141525	   0.000001161549710
    0	    0	  48.531967829703191	   0.000015815743573
    1	    0	  48.531967829703191	   0.000001122655658
    0	    0	  49.963237560602892	   0.000015128586951
    1	    0	  49.963237560602892	   0.000001061968726
    0	    0	  51.435865087938907	   0.000014606884257
    1	    0	  51.435865087938907	   0.000001022761023
    0	    0	  52.951045481577594	   0.000013936834635
    1	    0	  52.951045481577594	   0.000000972157783
    0	    0	  54.510008343979123	   0.000013439759409
    1	    0	  54.510008343979123	   0.000000933510163
    0	    0	  56.114018808047234	   0.000012875126223
    1	    0	  56.114018808047234	   0.000000888604951
    0	    0	  57.764378563812329	   0.000012489395058
    1	    0	  57.764378563812329	   0.000000862652391
    0	    0	  59.462426914782107	   0.000012017515759
    1	    0	  59.462426914782107	   0.000000825700836
    0	    0	  61.209541864815861	   0.000011580881872
    1	    0	  61.209541864815861	   0.000000795227210
    0	    0	  63.007141236405005	   0.000011116626735
    1	    0	  63.007141236405005	   0.000000760222026
    0	    0	  64.856683821267822	   0.000010627609872
    1	    0	  64.856683821267822	   0.000000727973045
    0	    0	  66.759670564190785	   0.000010139226042
    1	    0	  66.759670564190785	   0.000000694048122
    0	    0	  68.717645781079014	   0.000009720541511
    1	    0	  68.717645781079014	   0.000000662949954
    0	    0	  70.732198412202351	   0.000009004576061
    1	    0	  70.732198412202351	   0.000000630971588
    0	    0	  72.804963311656010	   0.000008486886145
    1	    0	  72.804963311656010	   0.000000600381777
    0	    0	  74.937622574080706	   0.000008097524761
    1	    0	  74.937622574080706	   0.000000571067547
    0	    0	  77.131906899719596	   0.000006354428201
    1	    0	  77.131906899719596	   0.000000541421692
    0	    0	  79.389596998920211	   0.000005722966979
    1	    0	  79.389596998920211	   0.000000514259710
    0	    0	  81.712525037219976	   0.000005431460739
    1	    0	  81.712525037219976	   0.000000488510781
    0	    0	  84.102576122189461	   0.000005135937188
    1	    0	  84.102576122189461	   0.000000463134686
    0	    0	  86.561689833238859	   0.000004875204001
    1	    0	  86.561689833238859	   0.000000439362595
    0	    0	  89.091861795629356	   0.000004603320030
    1	    0	  89.091861795629356	   0.000000415210662
    0	    0	  91.695145299967734	   0.000004347137948
    1	    0	  91.695145299967734	   0.000000392551628
    0	    0	  94.373652968496771	   0.000004097675393
    1	    0	  94.373652968496771	   0.000000370387366
    0	    0	  97.129558469535269	   0.000003859128488
    1	    0	  97.129558469535269	   0.000000349215821
    0	    0	  99.965098281458040	   0.000003629126074
    1	    0	  99.965098281458040	   0.000000328746370
    0	    0	 102.882573507647322	   0.000003407907300
    1	    0	 102.882573507647322	   0.000000308998422
    0	    0	 105.884351743889738	   0.000003196119361
    1	    0	 105.884351743889738	   0.000000290086431
    0	    0	 108.972868999732071	   0.000002993030068
    1	    0	 108.972868999732071	   0.000000271919756
    0	    0	 112.150631675357559	   0.000002800508654
    1	    0	 112.150631675357559	   0.000000254657497
    0	    0	 115.420218595584998	   0.000002616172998
    1	    0	 115.420218595584998	   0.000000238087292
    0	    0	 118.784283102641851	   0.000002441192897
    1	    0	 118.784283102641851	   0.000000222307413
    0	    0	 122.245555209410981	   0.000002272755289
    1	    0	 122.245555209410981	   0.000000207047115
    0	    0	 125.806843814895657	   0.000002098912082
    1	    0	 125.806843814895657	   0.000000191041077
    0	    0	 129.471038983704346	   0.000001944582853
    1	    0	 129.471038983704346	   0.000000176987307
    0	    0	 133.241114291401544	   0.000001791596904
    1	    0	 133.241114291401544	   0.000000162929746
    0	    0	 137.120129237630067	   0.000001654291803
    1	    0	 137.120129237630067	   0.000000150426142
    0	    0	 141.111231728963531	   0.000001533120820
    1	    0	 141.111231728963531	   0.000000139525046
    0	    0	 145.217660633501509	   0.000001415577820
    1	    0	 145.217660633501509	   0.000000128883275
    0	    0	 149.442748409283439	   0.000001309086262
    1	    0	 149.442748409283439	   0.000000119310972
    0	    0	 153.789923808651281	   0.000001207188983
    1	    0	 153.789923808651281	   0.000000110098781
    0	    0	 158.262714660759030	   0.000001114421084
    1	    0	 158.262714660759030	   0.000000101741987
    0	    0	 162.864750734483721	   0.000001026436078
    1	    0	 162.864750734483721	   0.000000093781527
    0	    0	 167.599766684062956	   0.000000942585972
    1	    0	 167.599766684062956	   0.000000086153581
    0	    0	 172.471605079850434	   0.000000852604793
    1	    0	 172.471605079850434	   0.000000077763176
    0	    0	 177.484219526645859	   0.000000774955151
    1	    0	 177.484219526645859	   0.000000070618249
    0	    0	 182.641677872133812	   0.000000705913899
    1	    0	 182.641677872133812	   0.000000064317932
    0	    0	 187.948165508031963	   0.000000643499556
    1	    0	 187.948165508031963	   0.000000058651119
    0	    0	 193.407988766628506	   0.000000593406206
    1	    0	 193.407988766628506	   0.000000054237172
    0	    0	 199.025578415467606	   0.000000545664364
    1	    0	 199.025578415467606	   0.000000049998752
    0	    0	 204.805493253013822	   0.000000499692063
    1	    0	 204.805493253013822	   0.000000045881044
    0	    0	 210.752423808219334	   0.000000456098645
    1	    0	 210.752423808219334	   0.000000041950062
    0	    0	 216.871196146991878	   0.000000415102087
    1	    0	 216.871196146991878	   0.000000038231891
    0	    0	 223.166775788653098	   0.000000376801000
    1	    0	 223.166775788653098	   0.000000034749364
    0	    0	 229.644271735569305	   0.000000341419767
    1	    0	 229.644271735569305	   0.000000031517275
    0	    0	 236.308940619218248	   0.000000308833475
    1	    0	 236.308940619218248	   0.000000028533828
    0	    0	 243.166190966063510	   0.000000278811297
    1	    0	 243.166190966063510	   0.000000025782095
    0	    0	 250.221587586692891	   0.000000251414771
    1	    0	 250.221587586692891	   0.000000023248517
    0	    0	 257.480856091785029	   0.000000226296070
    1	    0	 257.480856091785029	   0.000000020930775
    0	    0	 264.949887538570579	   0.000000203273523
    1	    0	 264.949887538570579	   0.000000018815293
    0	    0	 272.634743211554110	   0.000000182336005
    1	    0	 272.634743211554110	   0.000000016890760
    0	    0	 280.541659541382273	   0.000000163382993
    1	    0	 280.541659541382273	   0.000000015148602
    0	    0	 288.677053165845052	   0.000000146088660
    1	    0	 288.677053165845052	   0.000000013558575
    0	    0	 297.047526137118098	   0.000000130448158
    1	    0	 297.047526137118098	   0.000000012114695
    0	    0	 305.659871279476704	   0.000000116331451
    1	    0	 305.659871279476704	   0.000000010813552
    0	    0	 314.521077701820843	   0.000000103603155
    1	    0	 314.521077701820843	   0.000000009640016
    0	    0	 323.638336469493936	   0.000000091928043
    1	    0	 323.638336469493936	   0.000000008559383
    0	    0	 333.019046439990916	   0.000000081329921
    1	    0	 333.019046439990916	   0.000000007576035
    0	    0	 342.670820267293834	   0.000000071927132
    1	    0	 342.670820267293834	   0.000000006702977
    0	    0	 352.601490579711538	   0.000000063748477
    1	    0	 352.601490579711538	   0.000000005945945
    0	    0	 362.819116336228660	   0.000000056327371
    1	    0	 362.819116336228660	   0.000000005256275
    0	    0	 373.331989366531559	   0.000000048981641
    1	    0	 373.331989366531559	   0.000000004561845
    0	    0	 384.148641100010821	   0.000000042537592
    1	    0	 384.148641100010821	   0.000000003954734
    0	    0	 395.277849489204300	   0.000000037081550
    1	    0	 395.277849489204300	   0.000000003445149
    0	    0	 406.728646133302504	   0.000000032338530
    1	    0	 406.728646133302504	   0.000000003003950
    0	    0	 418.510323607488203	   0.000000028625419
    1	    0	 418.510323607488203	   0.000000002666088
    0	    0	 430.632443004070865	   0.000000025383001
    1	    0	 430.632443004070865	   0.000000002371857
    0	    0	 443.104841691520960	   0.000000022444012
    1	    0	 443.104841691520960	   0.000000002103840
    0	    0	 455.937641297715857	   0.000000019728282
    1	    0	 455.937641297715857	   0.000000001853958
    0	    0	 469.141255923863469	   0.000000017275551
    1	    0	 469.141255923863469	   0.000000001627156
    0	    0	 482.726400595775146	   0.000000015094221
    1	    0	 482.726400595775146	   0.000000001424904
    0	    0	 496.704099959349207	   0.000000013140821
    1	    0	 496.704099959349207	   0.000000001243020
    0	    0	 511.085697227312266	   0.000000011400749
    1	    0	 511.085697227312266	   0.000000001080316
    0	    0	 525.882863384490292	   0.000000009875766
    1	    0	 525.882863384490292	   0.000000000937292
    0	    0	 541.107606659070711	   0.000000008537145
    1	    0	 541.107606659070711	   0.000000000811487
    0	    0	 556.772282267543233	   0.000000007267698
    1	    0	 556.772282267543233	   0.000000000690660
    0	    0	 572.889602441236434	   0.000000006118732
    1	    0	 572.889602441236434	   0.000000000580570
    0	    0	 589.472646742570191	   0.000000005261119
    1	    0	 589.472646742570191	   0.000000000500221
    0	    0	 606.534872679413866	   0.000000004518872
    1	    0	 606.534872679413866	   0.000000000430624
    0	    0	 624.090126626151346	   0.000000003883701
    1	    0	 624.090126626151346	   0.000000000371055
    0	    0	 642.152655060318466	   0.000000003425526
    1	    0	 642.152655060318466	   0.000000000329311
    0	    0	 660.737116123939131	   0.000000002923514
    1	    0	 660.737116123939131	   0.000000000281615
    0	    0	 679.858591518928051	   0.000000002486773
    1	    0	 679.858591518928051	   0.000000000239962
    0	    0	 699.532598746229382	   0.000000002105903
    1	    0	 699.532598746229382	   0.000000000203507
    0	    0	 719.775103698611815	   0.000000001768429
    1	    0	 719.775103698611815	   0.000000000171018
    0	    0	 740.602533617341351	   0.000000001480834
    1	    0	 740.602533617341351	   0.000000000143301
    0	    0	 762.031790423256780	   0.000000001244139
    1	    0	 762.031790423256780	   0.000000000120561
    0	    0	 784.080264433047546	   0.000000001044735
    1	    0	 784.080264433047546	   0.000000000101401
    0	    0	 806.765848471885533	   0.000000000876067
    1	    0	 806.765848471885533	   0.000000000085176
    0	    0	 830.106952393847109	   0.000000000733853
    1	    0	 830.106952393847109	   0.000000000071485
    0	    0	 854.122518021915312	   0.000000000612969
    1	    0	 854.122518021915312	   0.000000000059821
    0	    0	 878.832034519694730	   0.000000000510774
    1	    0	 878.832034519694730	   0.000000000049942
    0	    0	 904.255554207292789	   0.000000000424809
    1	    0	 904.255554207292789	   0.000000000041617
    0	    0	 930.413708834228146	   0.000000000352110
    1	    0	 930.413708834228146	   0.000000000034561
    0	    0	 957.327726322546596	   0.000000000291199
    1	    0	 957.327726322546596	   0.000000000028636
    0	    0	 985.019447993754852	   0.000000000240168
    1	    0	 985.019447993754852	   0.000000000023665
    0	    0	1013.511346293535780	   0.000000000197447
    1	    0	1013.511346293535780	   0.000000000019489
    0	    0	1042.826543028632614	   0.000000000161834
    1	    0	1042.826543028632614	   0.000000000016004
    0	    0	1072.988828130713273	   0.000000000132174
    1	    0	1072.988828130713273	   0.000000000013087
    0	    0	1104.022678962420287	   0.000000000107361
    1	    0	1104.022678962420287	   0.000000000010639
    0	    0	1135.953280181299306	   0.000000000086460
    1	    0	1135.953280181299306	   0.000000000008572
    0	    0	1168.806544177704154	   0.000000000067839
    1	    0	1168.806544177704154	   0.000000000006715
    0	    0	1202.609132103271577	   0.000000000055074
    1	    0	1202.609132103271577	   0.000000000005463
    0	    0	1237.388475507045314	   0.000000000045022
    1	    0	1237.388475507045314	   0.000000000004480
    0	    0	1273.172798596775920	   0.000000000036871
    1	    0	1273.172798596775920	   0.000000000003682
    0	    0	1309.991141143499590	   0.000000000030574
    1	    0	1309.991141143499590	   0.000000000003068
    0	    0	1347.873382047951964	   0.000000000024698
    1	    0	1347.873382047951964	   0.000000000002485
    0	    0	1386.850263587954032	   0.000000000019674
    1	    0	1386.850263587954032	   0.000000000001984
    0	    0	1426.953416366460715	   0.000000000015613
    1	    0	1426.953416366460715	   0.000000000001577
    0	    0	1468.215384980486078	   0.000000000012342
    1	    0	1468.215384980486078	   0.000000000001249
    0	    0	1510.669654431772869	   0.000000000009716
    1	    0	1510.669654431772869	   0.000000000000985
    0	    0	1554.350677300611778	   0.000000000007612
    1	    0	1554.350677300611778	   0.000000000000773
    0	    0	1599.293901704867267	   0.000000000005933
    1	    0	1599.293901704867267	   0.000000000000603
    0	    0	1645.535800066920501	   0.000000000004590
    1	    0	1645.535800066920501	   0.000000000000467
    0	    0	1693.113898711837692	   0.000000000003526
    1	    0	1693.113898711837692	   0.000000000000359
    0	    0	1742.066808320824975	   0.000000000002703
    1	    0	1742.066808320824975	   0.000000000000275
    0	    0	1792.434255264645572	   0.000000000002080
    1	    0	1792.434255264645572	   0.000000000000212
    0	    0	1844.257113842446870	   0.000000000001599
    1	    0	1844.257113842446870	   0.000000000000163
    0	    0	1897.577439452170211	   0.000000000001229
    1	    0	1897.577439452170211	   0.000000000000126
    0	    0	1952.438502719424378	   0.000000000000937
    1	    0	1952.438502719424378	   0.000000000000096
    0	    0	2008.884824612568991	   0.000000000000712
    1	    0	2008.884824612568991	   0.000000000000073
    0	    0	2066.962212572464068	   0.000000000000536
    1	    0	2066.962212572464068	   0.000000000000055
    0	    0	2126.717797686213089	   0.000000000000405
    1	    0	2126.717797686213089	   0.000000000000042
    0	    0	2188.200072935102071	   0.000000000000306
    1	    0	2188.200072935102071	   0.000000000000032
    0	    0	2251.458932547709992	   0.000000000000230
    1	    0	2251.458932547709992	   0.000000000000024
    0	    0	2316.545712490196365	   0.000000000000172
    1	    0	2316.545712490196365	   0.000000000000018
    0	    0	2383.513232126565981	   0.000000000000128
    1	    0	2383.513232126565981	   0.000000000000013
    0	    0	2452.415837082751750	   0.000000000000094
    1	    0	2452.415837082751750	   0.000000000000010
    0	    0	2523.309443349305639	   0.000000000000069
    1	    0	2523.309443349305639	   0.000000000000007
    0	    0	2596.251582658446296	   0.000000000000050
    1	    0	2596.251582658446296	   0.000000000000005
    0	    0	2671.301449172356115	   0.000000000000036
    1	    0	2671.301449172356115	   0.000000000000004
    0	    0	2748.519947520530422	   0.000000000000026
    1	    0	2748.519947520530422	   0.000000000000003
    0	    0	2827.969742225257505	   0.000000000000018
    1	    0	2827.969742225257505	   0.000000000000002
    0	    0	2909.715308555253614	   0.000000000000013
    1	    0	2909.715308555253614	   0.000000000000001
    0	    0	2993.822984848768556	   0.000000000000009
    1	    0	2993.822984848768556	   0.000000000000001
    0	    0	3080.361026348630730	   0.000000000000006
    1	    0	3080.361026348630730	   0.000000000000001
    0	    0	3169.399660592879627	   0.000000000000004
    1	    0	3169.399660592879627	   0.000000000000000
    0	    0	3261.011144405973482	   0.000000000000003
    1	    0	3261.011144405973482	   0.000000000000000
    0	    0	3355.269822536785341	   0.000000000000002
    1	    0	3355.269822536785341	   0.000000000000000
    0	    0	3452.252187991046867	   0.000000000000001
    1	    0	3452.252187991046867	   0.000000000000000
    0	    0	3552.036944107091585	   0.000000000000001
    1	    0	3552.036944107091585	   0.000000000000000
    0	    0	3654.705068425367699	   0.000000000000001
    1	    0	3654.705068425367699	   0.000000000000000
    0	    0	3760.339878403509374	   0.000000000000000
    1	    0	3760.339878403509374	   0.000000000000000
    0	    0	3869.027099030277441	   0.000000000000000
    1	    0	3869.027099030277441	   0.000000000000000
    0	    0	3980.854932393318904	   0.000000000000000
    1	    0	3980.854932393318904	   0.000000000000000
    0	    0	4095.914129257097557	   0.000000000000000
    1	    0	4095.914129257097557	   0.000000000000000
    0	    0	4214.298062709161059	   0.000000000000000
    1	    0	4214.298062709161059	   0.000000000000000
    0	    0	4336.102803934437361	   0.000000000000000
    1	    0	4336.102803934437361	   0.000000000000000
    0	    0	4461.427200179180545	   0.000000000000000
    1	    0	4461.427200179180545	   0.000000000000000
    0	    0	4590.372954967662736	   0.000000000000000
    1	    0	4590.372954967662736	   0.000000000000000
    0	    0	4723.044710636855598	   0.000000000000000
    1	    0	4723.044710636855598	   0.000000000000000
    0	    0	4859.550133256005211	   0.000000000000000
    1	    0	4859.550133256005211	   0.000000000000000
    0	    0	5000.000000000002728	   0.000000000000000
    1	    0	5000.000000000002728	   0.000000000000000
    0	    1	   0.000000000000000	   0.000001937087511
    1	    1	   0.000000000000000	   0.000001870798484
    0	    1	   0.028895878633786	   0.000002138232612
    1	    1	   0.028895878633786	   0.000002512452746
    0	    1	   0.058626729069591	   0.000002262928691
    1	    1	   0.058626729069591	   0.000002762842425
    0	    1	   0.089216678551268	   0.000001777240657
    1	    1	   0.089216678551268	   0.000001456690061
    0	    1	   0.120690551500581	   0.000002290681381
    1	    1	   0.120690551500581	   0.000001976080140
    0	    1	   0.153073889662773	   0.000001402848650
    1	    1	   0.153073889662773	   0.000000575829498
    0	    1	   0.186392972834257	   0.000001826330208
    1	    1	   0.186392972834257	   0.000002172193845
    0	    1	   0.220674840189252	   0.000001590398459
    1	    1	   0.220674840189252	   0.000001193552892
    0	    1	   0.255947312222677	   0.000002051771677
    1	    1	   0.255947312222677	   0.000001646311217
    0	    1	   0.292239013327094	   0.000002266999685
    1	    1	   0.292239013327094	   0.000001488222858
    0	    1	   0.329579395022038	   0.000002504909951
    1	    1	   0.329579395022038	   0.000002024997534
    0	    1	   0.367998759854577	   0.000002603497356
    1	    1	   0.367998759854577	   0.000002108949091
    0	    1	   0.407528285990505	   0.000003044090216
    1	    1	   0.407528285990505	   0.000001865730687
    0	    1	   0.448200052516108	   0.000003369850561
    1	    1	   0.448200052516108	   0.000002197839966
    0	    1	   0.490047065471057	   0.000003209967753
    1	    1	   0.490047065471057	   0.000001877178008
    0	    1	   0.533103284633538	   0.000004673789708
    1	    1	   0.533103284633538	   0.000002895415946
    0	    1	   0.577403651079368	   0.000005396822851
    1	    1	   0.577403651079368	   0.000003504410669
    0	    1	   0.622984115537448	   0.000005893274706
    1	    1	   0.622984115537448	   0.000004479170165
    0	    1	   0.669881667564581	   0.000007213606616
    1	    1	   0.669881667564581	   0.000007274915288
    0	    1	   0.718134365563312	   0.000008100585869
    1	    1	   0.718134365563312	   0.000008032006159
    0	    1	   0.767781367667167	   0.000008422665795
    1	    1	   0.767781367667167	   0.000007681183971
    0	    1	   0.818862963518346	   0.000006776410431
    1	    1	   0.818862963518346	   0.000003355996627
    0	    1	   0.871420606963662	   0.000009589779906
    1	    1	   0.871420606963662	   0.000013896922600
    0	    1	   0.925496949695250	   0.000009714739162
    1	    1	   0.925496949695250	   0.000013877872352
    0	    1	   0.981135875863370	   0.000010548012344
    1	    1	   0.981135875863370	   0.000015447398093
    0	    1	   1.038382537689358	   0.000010696712302
    1	    1	   1.038382537689358	   0.000014506189351
    0	    1	   1.097283392107659	   0.000013375885991
    1	    1	   1.097283392107659	   0.000026142302175
    0	    1	   1.157886238466658	   0.000012241324355
    1	    1	   1.157886238466658	   0.000021819672263
    0	    1	   1.220240257318908	   0.000012186360873
    1	    1	   1.220240257318908	   0.000022041253044
    0	    1	   1.284396050332241	   0.000012841836111
    1	    1	   1.284396050332241	   0.000025198914021
    0	    1	   1.350405681354142	   0.000013705928795
    1	    1	   1.350405681354142	   0.000028396618084
    0	    1	   1.418322718662713	   0.000014750410719
    1	    1	   1.418322718662713	   0.000029131305863
    0	    1	   1.488202278438519	   0.000013685375008
    1	    1	   1.488202278438519	   0.000028518583967
    0	    1	   1.560101069492589	   0.000013426644949
    1	    1	   1.560101069492589	   0.000028382803778
    0	    1	   1.634077439286873	   0.000013789131927
    1	    1	   1.634077439286873	   0.000029028497998
    0	    1	   1.710191421284502	   0.000015483653597
    1	    1	   1.710191421284502	   0.000036822432060
    0	    1	   1.788504783668267	   0.000015909003004
    1	    1	   1.788504783668267	   0.000034352518083
    0	    1	   1.869081079466878	   0.000015246442227
    1	    1	   1.869081079466878	   0.000032283499874
    0	    1	   1.951985698129646	   0.000014842589319
    1	    1	   1.951985698129646	   0.000031356257224
    0	    1	   2.037285918591472	   0.000013651471914
    1	    1	   2.037285918591472	   0.000024319029437
    0	    1	   2.125050963871200	   0.000014155362620
    1	    1	   2.125050963871200	   0.000024430185264
    0	    1	   2.215352057247619	   0.000013702899027
    1	    1	   2.215352057247619	   0.000023619577027
    0	    1	   2.308262480058741	   0.000027245260252
    1	    1	   2.308262480058741	   0.000020759115392
    0	    1	   2.403857631171228	   0.000028573905381
    1	    1	   2.403857631171228	   0.000018833295997
    0	    1	   2.502215088168239	   0.000028317747171
    1	    1	   2.502215088168239	   0.000016774880105
    0	    1	   2.603414670305364	   0.000031626291151
    1	    1	   2.603414670305364	   0.000017355019381
    0	    1	   2.707538503285713	   0.000033916806138
    1	    1	   2.707538503285713	   0.000012835203601
    0	    1	   2.814671085906746	   0.000034428958917
    1	    1	   2.814671085906746	   0.000011595789579
    0	    1	   2.924899358632921	   0.000037521401557
    1	    1	   2.924899358632921	   0.000000189454729
    0	    1	   3.038312774149804	   0.000048073257572
    1	    1	   3.038312774149804	   0.000000411089385
    0	    1	   3.155003369956905	   0.000046631393805
    1	    1	   3.155003369956905	   0.000000426907688
    0	    1	   3.275065843058154	   0.000045898729829
    1	    1	   3.275065843058154	   0.000000633187266
    0	    1	   3.398597626810607	   0.000044073309922
    1	    1	   3.398597626810607	   0.000000626801679
    0	    1	   3.525698969993787	   0.000054126741407
    1	    1	   3.525698969993787	   0.000001211785254
    0	    1	   3.656473018163779	   0.000060729804640
    1	    1	   3.656473018163779	   0.000001644061912
    0	    1	   3.791025897358140	   0.000071820519790
    1	    1	   3.791025897358140	   0.000002038744513
    0	    1	   3.929466800219529	   0.000068162700974
    1	    1	   3.929466800219529	   0.000002496919202
    0	    1	   4.071908074607951	   0.000073186459608
    1	    1	   4.071908074607951	   0.000002903068191
    0	    1	   4.218465314773542	   0.000080108567003
    1	    1	   4.218465314773542	   0.000003379498524
    0	    1	   4.369257455163862	   0.000082939324408
    1	    1	   4.369257455163862	   0.000003846603465
    0	    1	   4.524406866941830	   0.000087064956243
    1	    1	   4.524406866941830	   0.000004236027813
    0	    1	   4.684039457292635	   0.000097963446339
    1	    1	   4.684039457292635	   0.000004653001891
    0	    1	   4.848284771600217	   0.000102324096293
    1	    1	   4.848284771600217	   0.000005036524586
    0	    1	   5.017276098576197	   0.000101422419156
    1	    1	   5.017276098576197	   0.000005500380280
    0	    1	   5.191150578426639	   0.000106265921657
    1	    1	   5.191150578426639	   0.000005923172110
    0	    1	   5.370049314144351	   0.000107582944196
    1	    1	   5.370049314144351	   0.000006254915399
    0	    1	   5.554117486017097	   0.000110936650675
    1	    1	   5.554117486017097	   0.000006605150988
    0	    1	   5.743504469444626	   0.000113638897165
    1	    1	   5.743504469444626	   0.000006890576205
    0	    1	   5.938363956160092	   0.000115287622365
    1	    1	   5.938363956160092	   0.000007085701061
    0	    1	   6.138854078954332	   0.000115554496151
    1	    1	   6.138854078954332	   0.000007117229421
    0	    1	   6.345137540004107	   0.000119077993418
    1	    1	   6.345137540004107	   0.000007299039353
    0	    1	   6.557381742908535	   0.000123281644529
    1	    1	   6.557381742908535	   0.000007416181955
    0	    1	   6.775758928540808	   0.000123758571002
    1	    1	   6.775758928540808	   0.000007446979022
    0	    1	   7.000446314825505	   0.000119818528102
    1	    1	   7.000446314825505	   0.000007526105070
    0	    1	   7.231626240554826	   0.000120075938968
    1	    1	   7.231626240554826	   0.000007576658771
    0	    1	   7.469486313360592	   0.000120131081938
    1	    1	   7.469486313360592	   0.000007571534983
    0	    1	   7.714219561961972	   0.000120650173821
    1	    1	   7.714219561961972	   0.000007588235948
    0	    1	   7.966024592812593	   0.000121044393357
    1	    1	   7.966024592812593	   0.000007581871999
    0	    1	   8.225105751274045	   0.000121447973961
    1	    1	   8.225105751274045	   0.000007570273340
    0	    1	   8.491673287446705	   0.000121622814546
    1	    1	   8.491673287446705	   0.000007552601983
    0	    1	   8.765943526792318	   0.000121856405984
    1	    1	   8.765943526792318	   0.000007541744220
    0	    1	   9.048139045686920	   0.000121613789545
    1	    1	   9.048139045686920	   0.000007508577140
    0	    1	   9.338488852046499	   0.000121464448747
    1	    1	   9.338488852046499	   0.000007471214843
    0	    1	   9.637228571171983	   0.000121716450199
    1	    1	   9.637228571171983	   0.000007425992631
    0	    1	   9.944600636964415	   0.000121682945541
    1	    1	   9.944600636964415	   0.000007396594928
    0	    1	  10.260854488665400	   0.000121471432099
    1	    1	  10.260854488665400	   0.000007368401085
    0	    1	  10.586246773282603	   0.000121175550290
    1	    1	  10.586246773282603	   0.000007336058239
    0	    1	  10.921041553864477	   0.000121148803050
    1	    1	  10.921041553864477	   0.000007277323351
    0	    1	  11.265510523793269	   0.000121732720357
    1	    1	  11.265510523793269	   0.000007262062163
    0	    1	  11.619933227270224	   0.000120971546172
    1	    1	  11.619933227270224	   0.000007208582515
    0	    1	  11.984597286171908	   0.000120399649082
    1	    1	  11.984597286171908	   0.000007156788109
    0	    1	  12.359798633461725	   0.000119779682050
    1	    1	  12.359798633461725	   0.000007090356634
    0	    1	  12.745841753346063	   0.000118667244637
    1	    1	  12.745841753346063	   0.000007033182175
    0	    1	  13.143039928369985	   0.000116985723949
    1	    1	  13.143039928369985	   0.000006971071588
    0	    1	  13.551715493652951	   0.000116191808484
    1	    1	  13.551715493652951	   0.000006890586501
    0	    1	  13.972200098470935	   0.000115563802181
    1	    1	  13.972200098470935	   0.000006839244918
    0	    1	  14.404834975397117	   0.000114720707428
    1	    1	  14.404834975397117	   0.000006765384680
    0	    1	  14.849971217219700	   0.000113816048852
    1	    1	  14.849971217219700	   0.000006685165543
    0	    1	  15.307970061861486	   0.000113009302834
    1	    1	  15.307970061861486	   0.000006611216806
    0	    1	  15.779203185532456	   0.000112117577263
    1	    1	  15.779203185532456	   0.000006534020163
    0	    1	  16.264053004353240	   0.000111153864420
    1	    1	  16.264053004353240	   0.000006447530980
    0	    1	  16.762912984694282	   0.000110142861471
    1	    1	  16.762912984694282	   0.000006360106881
    0	    1	  17.276187962482517	   0.000109324675363
    1	    1	  17.276187962482517	   0.000006293639404
    0	    1	  17.804294471734682	   0.000108263474886
    1	    1	  17.804294471734682	   0.000006201710871
    0	    1	  18.347661082583901	   0.000107183693478
    1	    1	  18.347661082583901	   0.000006108289872
    0	    1	  18.906728749073878	   0.000106172547952
    1	    1	  18.906728749073878	   0.000006020683564
    0	    1	  19.481951167002819	   0.000105128111573
    1	    1	  19.481951167002819	   0.000005936109855
    0	    1	  20.073795142107674	   0.000104133691007
    1	    1	  20.073795142107674	   0.000005841168592
    0	    1	  20.682740968887291	   0.000102944922710
    1	    1	  20.682740968887291	   0.000005743956040
    0	    1	  21.309282820372090	   0.000101859699283
    1	    1	  21.309282820372090	   0.000005660472409
    0	    1	  21.953929149156366	   0.000100589069185
    1	    1	  21.953929149156366	   0.000005560955783
    0	    1	  22.617203100018923	   0.000099288587310
    1	    1	  22.617203100018923	   0.000005458802394
    0	    1	  23.299642934466547	   0.000098043024160
    1	    1	  23.299642934466547	   0.000005362718115
    0	    1	  24.001802467545247	   0.000096777138141
    1	    1	  24.001802467545247	   0.000005265833851
    0	    1	  24.724251517273323	   0.000095328871179
    1	    1	  24.724251517273323	   0.000005162180431
    0	    1	  25.467576367061440	   0.000093990456507
    1	    1	  25.467576367061440	   0.000005060612508
    0	    1	  26.232380241494525	   0.000092707116610
    1	    1	  26.232380241494525	   0.000004963768959
    0	    1	  27.019283795861874	   0.000091279873016
    1	    1	  27.019283795861874	   0.000004857457478
    0	    1	  27.828925619832713	   0.000089896010966
    1	    1	  27.828925619832713	   0.000004751856938
    0	    1	  28.661962755685852	   0.000088514736577
    1	    1	  28.661962755685852	   0.000004650335352
    0	    1	  29.519071231514047	   0.000086953681193
    1	    1	  29.519071231514047	   0.000004544710647
    0	    1	  30.400946609835739	   0.000085490537824
    1	    1	  30.400946609835739	   0.000004438207063
    0	    1	  31.308304552059560	   0.000083940815285
    1	    1	  31.308304552059560	   0.000004336535889
    0	    1	  32.241881399259285	   0.000081896936812
    1	    1	  32.241881399259285	   0.000004231239948
    0	    1	  33.202434769730999	   0.000080403655778
    1	    1	  33.202434769730999	   0.000004123582659
    0	    1	  34.190744173817144	   0.000078737126851
    1	    1	  34.190744173817144	   0.000004006532518
    0	    1	  35.207611646496368	   0.000075502063498
    1	    1	  35.207611646496368	   0.000003855532961
    0	    1	  36.253862398252807	   0.000074075944290
    1	    1	  36.253862398252807	   0.000003750522168
    0	    1	  37.330345484752499	   0.000072645966291
    1	    1	  37.330345484752499	   0.000003642539842
    0	    1	  38.437934495871005	   0.000068386485305
    1	    1	  38.437934495871005	   0.000003514015683
    0	    1	  39.577528264630907	   0.000067005414686
    1	    1	  39.577528264630907	   0.000003412048307
    0	    1	  40.750051596624701	   0.000065973607970
    1	    1	  40.750051596624701	   0.000003310943718
    0	    1	  41.956456020515084	   0.000064977794219
    1	    1	  41.956456020515084	   0.000003239223581
    0	    1	  43.197720560221484	   0.000063634179595
    1	    1	  43.197720560221484	   0.000003153614443
    0	    1	  44.474852529419636	   0.000062093128367
    1	    1	  44.474852529419636	   0.000003053908954
    0	    1	  45.788888348999080	   0.000060811436522
    1	    1	  45.788888348999080	   0.000002973836103
    0	    1	  47.140894388141525	   0.000059359753080
    1	    1	  47.140894388141525	   0.000002883159181
    0	    1	  48.531967829703191	   0.000057745812056
    1	    1	  48.531967829703191	   0.000002787938037
    0	    1	  49.963237560602892	   0.000056335435077
    1	    1	  49.963237560602892	   0.000002697393617
    0	    1	  51.435865087938907	   0.000054816019160
    1	    1	  51.435865087938907	   0.000002606387316
    0	    1	  52.951045481577594	   0.000052957194869
    1	    1	  52.951045481577594	   0.000002511145406
    0	    1	  54.510008343979123	   0.000051429473922
    1	    1	  54.510008343979123	   0.000002422842759
    0	    1	  56.114018808047234	   0.000049881061085
    1	    1	  56.114018808047234	   0.000002330450875
    0	    1	  57.764378563812329	   0.000048392490432
    1	    1	  57.764378563812329	   0.000002241130112
    0	    1	  59.462426914782107	   0.000046876183044
    1	    1	  59.462426914782107	   0.000002148390929
    0	    1	  61.209541864815861	   0.000045364110008
    1	    1	  61.209541864815861	   0.000002062823252
    0	    1	  63.007141236405005	   0.000043917959504
    1	    1	  63.007141236405005	   0.000001978631113
    0	    1	  64.856683821267822	   0.000042064199925
    1	    1	  64.856683821267822	   0.000001903394345
    0	    1	  66.759670564190785	   0.000040330629846
    1	    1	  66.759670564190785	   0.000001824272847
    0	    1	  68.717645781079014	   0.000038906852657
    1	    1	  68.717645781079014	   0.000001746375116
    0	    1	  70.732198412202351	   0.000035302863862
    1	    1	  70.732198412202351	   0.000001668413773
    0	    1	  72.804963311656010	   0.000033062063853
    1	    1	  72.804963311656010	   0.000001593133256
    0	    1	  74.937622574080706	   0.000031773325004
    1	    1	  74.937622574080706	   0.000001524311927
    0	    1	  77.131906899719596	   0.000020916466615
    1	    1	  77.131906899719596	   0.000001454847437
    0	    1	  79.389596998920211	   0.000017821007178
    1	    1	  79.389596998920211	   0.000001390653076
    0	    1	  81.712525037219976	   0.000017084687419
    1	    1	  81.712525037219976	   0.000001329842338
    0	    1	  84.102576122189461	   0.000016235062986
    1	    1	  84.102576122189461	   0.000001262020253
    0	    1	  86.561689833238859	   0.000015624166380
    1	    1	  86.561689833238859	   0.000001208187336
    0	    1	  89.091861795629356	   0.000014885568036
    1	    1	  89.091861795629356	   0.000001147124392
    0	    1	  91.695145299967734	   0.000014202439800
    1	    1	  91.695145299967734	   0.000001092255216
    0	    1	  94.373652968496771	   0.000013512967435
    1	    1	  94.373652968496771	   0.000001035675471
    0	    1	  97.129558469535269	   0.000012848247638
    1	    1	  97.129558469535269	   0.000000980896810
    0	    1	  99.965098281458040	   0.000012212787186
    1	    1	  99.965098281458040	   0.000000928028584
    0	    1	 102.882573507647322	   0.000011593972994
    1	    1	 102.882573507647322	   0.000000877145390
    0	    1	 105.884351743889738	   0.000011010741665
    1	    1	 105.884351743889738	   0.000000829342425
    0	    1	 108.972868999732071	   0.000010394842927
    1	    1	 108.972868999732071	   0.000000781608086
    0	    1	 112.150631675357559	   0.000009829291162
    1	    1	 112.150631675357559	   0.000000736304856
    0	    1	 115.420218595584998	   0.000009277231241
    1	    1	 115.420218595584998	   0.000000692117877
    0	    1	 118.784283102641851	   0.000008750894282
    1	    1	 118.784283102641851	   0.000000650615900
    0	    1	 122.245555209410981	   0.000008231715254
    1	    1	 122.245555209410981	   0.000000609704117
    0	    1	 125.806843814895657	   0.000007634762657
    1	    1	 125.806843814895657	   0.000000559730608
    0	    1	 129.471038983704346	   0.000007159455504
    1	    1	 129.471038983704346	   0.000000523412497
    0	    1	 133.241114291401544	   0.000006656304516
    1	    1	 133.241114291401544	   0.000000482584719
    0	    1	 137.120129237630067	   0.000006226789980
    1	    1	 137.120129237630067	   0.000000448938606
    0	    1	 141.111231728963531	   0.000005892397792
    1	    1	 141.111231728963531	   0.000000422725422
    0	    1	 145.217660633501509	   0.000005518505387
    1	    1	 145.217660633501509	   0.000000392818154
    0	    1	 149.442748409283439	   0.000005193695624
    1	    1	 149.442748409283439	   0.000000369314637
    0	    1	 153.789923808651281	   0.000004858868909
    1	    1	 153.789923808651281	   0.000000343451077
    0	    1	 158.262714660759030	   0.000004550803174
    1	    1	 158.262714660759030	   0.000000319851819
    0	    1	 162.864750734483721	   0.000004253937643
    1	    1	 162.864750734483721	   0.000000296414538
    0	    1	 167.599766684062956	   0.000003972896604
    1	    1	 167.599766684062956	   0.000000275017254
    0	    1	 172.471605079850434	   0.000003700388385
    1	    1	 172.471605079850434	   0.000000254794714
    0	    1	 177.484219526645859	   0.000003444383912
    1	    1	 177.484219526645859	   0.000000235513504
    0	    1	 182.641677872133812	   0.000003198637508
    1	    1	 182.641677872133812	   0.000000216836234
    0	    1	 187.948165508031963	   0.000002971137164
    1	    1	 187.948165508031963	   0.000000199537769
    0	    1	 193.407988766628506	   0.000002754802961
    1	    1	 193.407988766628506	   0.000000183759558
    0	    1	 199.025578415467606	   0.000002555383010
    1	    1	 199.025578415467606	   0.000000169286802
    0	    1	 204.805493253013822	   0.000002363306630
    1	    1	 204.805493253013822	   0.000000155579129
    0	    1	 210.752423808219334	   0.000002188636393
    1	    1	 210.752423808219334	   0.000000142702466
    0	    1	 216.871196146991878	   0.000002014549316
    1	    1	 216.871196146991878	   0.000000130775203
    0	    1	 223.166775788653098	   0.000001857465900
    1	    1	 223.166775788653098	   0.000000119781493
    0	    1	 229.644271735569305	   0.000001691875892
    1	    1	 229.644271735569305	   0.000000109537476
    0	    1	 236.308940619218248	   0.000001554533026
    1	    1	 236.308940619218248	   0.000000099936988
    0	    1	 243.166190966063510	   0.000001383118324
    1	    1	 243.166190966063510	   0.000000091028408
    0	    1	 250.221587586692891	   0.000001264680414
    1	    1	 250.221587586692891	   0.000000082806451
    0	    1	 257.480856091785029	   0.000001058351608
    1	    1	 257.480856091785029	   0.000000075279054
    0	    1	 264.949887538570579	   0.000000958329708
    1	    1	 264.949887538570579	   0.000000068335895
    0	    1	 272.634743211554110	   0.000000649969501
    1	    1	 272.634743211554110	   0.000000061917112
    0	    1	 280.541659541382273	   0.000000587999682
    1	    1	 280.541659541382273	   0.000000056106979
    0	    1	 288.677053165845052	   0.000000529786217
    1	    1	 288.677053165845052	   0.000000050576173
    0	    1	 297.047526137118098	   0.000000478362260
    1	    1	 297.047526137118098	   0.000000045706678
    0	    1	 305.659871279476704	   0.000000430317956
    1	    1	 305.659871279476704	   0.000000041158895
    0	    1	 314.521077701820843	   0.000000383621673
    1	    1	 314.521077701820843	   0.000000036701807
    0	    1	 323.638336469493936	   0.000000341907131
    1	    1	 323.638336469493936	   0.000000032722698
    0	    1	 333.019046439990916	   0.000000305832341
    1	    1	 333.019046439990916	   0.000000029298261
    0	    1	 342.670820267293834	   0.000000275104948
    1	    1	 342.670820267293834	   0.000000026400298
    0	    1	 352.601490579711538	   0.000000244761020
    1	    1	 352.601490579711538	   0.000000023501058
    0	    1	 362.819116336228660	   0.000000217494549
    1	    1	 362.819116336228660	   0.000000020891514
    0	    1	 373.331989366531559	   0.000000190527070
    1	    1	 373.331989366531559	   0.000000018276979
    0	    1	 384.148641100010821	   0.000000168154947
    1	    1	 384.148641100010821	   0.000000016131115
    0	    1	 395.277849489204300	   0.000000147763546
    1	    1	 395.277849489204300	   0.000000014172851
    0	    1	 406.728646133302504	   0.000000130194811
    1	    1	 406.728646133302504	   0.000000012493133
    0	    1	 418.510323607488203	   0.000000116990036
    1	    1	 418.510323607488203	   0.000000011261523
    0	    1	 430.632443004070865	   0.000000104634758
    1	    1	 430.632443004070865	   0.000000010100795
    0	    1	 443.104841691520960	   0.000000092756008
    1	    1	 443.104841691520960	   0.000000008971892
    0	    1	 455.937641297715857	   0.000000082063970
    1	    1	 455.937641297715857	   0.000000007953111
    0	    1	 469.141255923863469	   0.000000072559077
    1	    1	 469.141255923863469	   0.000000007046735
    0	    1	 482.726400595775146	   0.000000063875611
    1	    1	 482.726400595775146	   0.000000006214855
    0	    1	 496.704099959349207	   0.000000056000794
    1	    1	 496.704099959349207	   0.000000005457292
    0	    1	 511.085697227312266	   0.000000049077631
    1	    1	 511.085697227312266	   0.000000004790937
    0	    1	 525.882863384490292	   0.000000042928290
    1	    1	 525.882863384490292	   0.000000004197832
    0	    1	 541.107606659070711	   0.000000037413905
    1	    1	 541.107606659070711	   0.000000003664150
    0	    1	 556.772282267543233	   0.000000032524543
    1	    1	 556.772282267543233	   0.000000003190013
    0	    1	 572.889602441236434	   0.000000028195170
    1	    1	 572.889602441236434	   0.000000002769275
    0	    1	 589.472646742570191	   0.000000024390814
    1	    1	 589.472646742570191	   0.000000002399179
    0	    1	 606.534872679413866	   0.000000021076131
    1	    1	 606.534872679413866	   0.000000002076524
    0	    1	 624.090126626151346	   0.000000018202780
    1	    1	 624.090126626151346	   0.000000001796576
    0	    1	 642.152655060318466	   0.000000015728528
    1	    1	 642.152655060318466	   0.000000001555603
    0	    1	 660.737116123939131	   0.000000013549267
    1	    1	 660.737116123939131	   0.000000001342323
    0	    1	 679.858591518928051	   0.000000011641855
    1	    1	 679.858591518928051	   0.000000001155145
    0	    1	 699.532598746229382	   0.000000009950364
    1	    1	 699.532598746229382	   0.000000000988593
    0	    1	 719.775103698611815	   0.000000008376408
    1	    1	 719.775103698611815	   0.000000000832323
    0	    1	 740.602533617341351	   0.000000007106570
    1	    1	 740.602533617341351	   0.000000000706855
    0	    1	 762.031790423256780	   0.000000006048478
    1	    1	 762.031790423256780	   0.000000000602535
    0	    1	 784.080264433047546	   0.000000005128444
    1	    1	 784.080264433047546	   0.000000000511591
    0	    1	 806.765848471885533	   0.000000004349752
    1	    1	 806.765848471885533	   0.000000000434602
    0	    1	 830.106952393847109	   0.000000003688561
    1	    1	 830.106952393847109	   0.000000000369205
    0	    1	 854.122518021915312	   0.000000003112656
    1	    1	 854.122518021915312	   0.000000000312047
    0	    1	 878.832034519694730	   0.000000002624360
    1	    1	 878.832034519694730	   0.000000000263541
    0	    1	 904.255554207292789	   0.000000002209622
    1	    1	 904.255554207292789	   0.000000000222286
    0	    1	 930.413708834228146	   0.000000001851922
    1	    1	 930.413708834228146	   0.000000000186604
    0	    1	 957.327726322546596	   0.000000001550608
    1	    1	 957.327726322546596	   0.000000000156507
    0	    1	 985.019447993754852	   0.000000001295069
    1	    1	 985.019447993754852	   0.000000000130946
    0	    1	1013.511346293535780	   0.000000001077723
    1	    1	1013.511346293535780	   0.000000000109139
    0	    1	1042.826543028632614	   0.000000000895311
    1	    1	1042.826543028632614	   0.000000000090826
    0	    1	1072.988828130713273	   0.000000000741599
    1	    1	1072.988828130713273	   0.000000000075340
    0	    1	1104.022678962420287	   0.000000000612201
    1	    1	1104.022678962420287	   0.000000000062273
    0	    1	1135.953280181299306	   0.000000000503984
    1	    1	1135.953280181299306	   0.000000000051334
    0	    1	1168.806544177704154	   0.000000000400784
    1	    1	1168.806544177704154	   0.000000000040793
    0	    1	1202.609132103271577	   0.000000000328159
    1	    1	1202.609132103271577	   0.000000000033452
    0	    1	1237.388475507045314	   0.000000000269733
    1	    1	1237.388475507045314	   0.000000000027551
    0	    1	1273.172798596775920	   0.000000000221232
    1	    1	1273.172798596775920	   0.000000000022643
    0	    1	1309.991141143499590	   0.000000000185065
    1	    1	1309.991141143499590	   0.000000000019003
    0	    1	1347.873382047951964	   0.000000000151445
    1	    1	1347.873382047951964	   0.000000000015584
    0	    1	1386.850263587954032	   0.000000000122417
    1	    1	1386.850263587954032	   0.000000000012618
    0	    1	1426.953416366460715	   0.000000000098579
    1	    1	1426.953416366460715	   0.000000000010177
    0	    1	1468.215384980486078	   0.000000000079114
    1	    1	1468.215384980486078	   0.000000000008181
    0	    1	1510.669654431772869	   0.000000000063271
    1	    1	1510.669654431772869	   0.000000000006553
    0	    1	1554.350677300611778	   0.000000000050394
    1	    1	1554.350677300611778	   0.000000000005227
    0	    1	1599.293901704867267	   0.000000000039990
    1	    1	1599.293901704867267	   0.000000000004153
    0	    1	1645.535800066920501	   0.000000000031536
    1	    1	1645.535800066920501	   0.000000000003279
    0	    1	1693.113898711837692	   0.000000000024574
    1	    1	1693.113898711837692	   0.000000000002556
    0	    1	1742.066808320824975	   0.000000000018950
    1	    1	1742.066808320824975	   0.000000000001972
    0	    1	1792.434255264645572	   0.000000000014771
    1	    1	1792.434255264645572	   0.000000000001539
    0	    1	1844.257113842446870	   0.000000000011467
    1	    1	1844.257113842446870	   0.000000000001196
    0	    1	1897.577439452170211	   0.000000000009027
    1	    1	1897.577439452170211	   0.000000000000943
    0	    1	1952.438502719424378	   0.000000000006965
    1	    1	1952.438502719424378	   0.000000000000728
    0	    1	2008.884824612568991	   0.000000000005431
    1	    1	2008.884824612568991	   0.000000000000569
    0	    1	2066.962212572464068	   0.000000000004164
    1	    1	2066.962212572464068	   0.000000000000436
    0	    1	2126.717797686213089	   0.000000000003214
    1	    1	2126.717797686213089	   0.000000000000337
    0	    1	2188.200072935102071	   0.000000000002450
    1	    1	2188.200072935102071	   0.000000000000257
    0	    1	2251.458932547709992	   0.000000000001871
    1	    1	2251.458932547709992	   0.000000000000197
    0	    1	2316.545712490196365	   0.000000000001415
    1	    1	2316.545712490196365	   0.000000000000149
    0	    1	2383.513232126565981	   0.000000000001069
    1	    1	2383.513232126565981	   0.000000000000113
    0	    1	2452.415837082751750	   0.000000000000800
    1	    1	2452.415837082751750	   0.000000000000085
    0	    1	2523.309443349305639	   0.000000000000597
    1	    1	2523.309443349305639	   0.000000000000063
    0	    1	2596.251582658446296	   0.000000000000443
    1	    1	2596.251582658446296	   0.000000000000047
    0	    1	2671.301449172356115	   0.000000000000327
    1	    1	2671.301449172356115	   0.000000000000035
    0	    1	2748.519947520530422	   0.000000000000240
    1	    1	2748.519947520530422	   0.000000000000025
    0	    1	2827.969742225257505	   0.000000000000175
    1	    1	2827.969742225257505	   0.000000000000019
    0	    1	2909.715308555253614	   0.000000000000126
    1	    1	2909.715308555253614	   0.000000000000013
    0	    1	2993.822984848768556	   0.000000000000091
    1	    1	2993.822984848768556	   0.000000000000010
    0	    1	3080.361026348630730	   0.000000000000065
    1	    1	3080.361026348630730	   0.000000000000007
    0	    1	3169.399660592879627	   0.000000000000046
    1	    1	3169.399660592879627	   0.000000000000005
    0	    1	3261.011144405973482	   0.000000000000032
    1	    1	3261.011144405973482	   0.000000000000003
    0	    1	3355.269822536785341	   0.000000000000023
    1	    1	3355.269822536785341	   0.000000000000002
    0	    1	3452.252187991046867	   0.000000000000016
    1	    1	3452.252187991046867	   0.000000000000002
    0	    1	3552.036944107091585	   0.000000000000011
    1	    1	3552.036944107091585	   0.000000000000001
    0	    1	3654.705068425367699	   0.000000000000007
    1	    1	3654.705068425367699	   0.000000000000001
    0	    1	3760.339878403509374	   0.000000000000005
    1	    1	3760.339878403509374	   0.000000000000001
    0	    1	3869.027099030277441	   0.000000000000003
    1	    1	3869.027099030277441	   0.000000000000000
    0	    1	3980.854932393318904	   0.000000000000002
    1	    1	3980.854932393318904	   0.000000000000000
    0	    1	4095.914129257097557	   0.000000000000001
    1	    1	4095.914129257097557	   0.000000000000000
    0	    1	4214.298062709161059	   0.000000000000001
    1	    1	4214.298062709161059	   0.000000000000000
    0	    1	4336.102803934437361	   0.000000000000001
    1	    1	4336.102803934437361	   0.000000000000000
    0	    1	4461.427200179180545	   0.000000000000000
    1	    1	4461.427200179180545	   0.000000000000000
    0	    1	4590.372954967662736	   0.000000000000000
    1	    1	4590.372954967662736	   0.000000000000000
    0	    1	4723.044710636855598	   0.000000000000000
    1	    1	4723.044710636855598	   0.000000000000000
    0	    1	4859.550133256005211	   0.000000000000000
    1	    1	4859.550133256005211	   0.000000000000000
    0	    1	5000.000000000002728	   0.000000000000000
    1	    1	5000.000000000002728	   0.000000000000000
    0	    2	   0.000000000000000	   0.000000310331727
    1	    2	   0.000000000000000	   0.000000200581092
    0	    2	   0.028895878633786	   0.000000496111396
    1	    2	   0.028895878633786	   0.000000432282380
    0	    2	   0.058626729069591	   0.000000502537987
    1	    2	   0.058626729069591	   0.000000536184899
    0	    2	   0.089216678551268	   0.000000492319507
    1	    2	   0.089216678551268	   0.000000330679962
    0	    2	   0.120690551500581	   0.000000502207015
    1	    2	   0.120690551500581	   0.000000372079392
    0	    2	   0.153073889662773	   0.000000272754218
    1	    2	   0.153073889662773	   0.000000090197822
    0	    2	   0.186392972834257	   0.000000517578158
    1	    2	   0.186392972834257	   0.000000515338540
    0	    2	   0.220674840189252	   0.000000304803790
    1	    2	   0.220674840189252	   0.000000291172610
    0	    2	   0.255947312222677	   0.000000271113863
    1	    2	   0.255947312222677	   0.000000300270638
    0	    2	   0.292239013327094	   0.000000586990112
    1	    2	   0.292239013327094	   0.000000370311077
    0	    2	   0.329579395022038	   0.000000491432344
    1	    2	   0.329579395022038	   0.000000431002404
    0	    2	   0.367998759854577	   0.000000501907356
    1	    2	   0.367998759854577	   0.000000477131327
    0	    2	   0.407528285990505	   0.000000532458300
    1	    2	   0.407528285990505	   0.000000363023650
    0	    2	   0.448200052516108	   0.000000537206130
    1	    2	   0.448200052516108	   0.000000343172082
    0	    2	   0.490047065471057	   0.000000660802251
    1	    2	   0.490047065471057	   0.000000462978343
    0	    2	   0.533103284633538	   0.000000641180245
    1	    2	   0.533103284633538	   0.000000581131095
    0	    2	   0.577403651079368	   0.000000619490794
    1	    2	   0.577403651079368	   0.000000447286131
    0	    2	   0.622984115537448	   0.000000603514670
    1	    2	   0.622984115537448	   0.000000737840540
    0	    2	   0.669881667564581	   0.000000700233502
    1	    2	   0.669881667564581	   0.000000631297548
    0	    2	   0.718134365563312	   0.000000813108175
    1	    2	   0.718134365563312	   0.000000563981631
    0	    2	   0.767781367667167	   0.000000903467190
    1	    2	   0.767781367667167	   0.000001085633217
    0	    2	   0.818862963518346	   0.000000518849387
    1	    2	   0.818862963518346	   0.000000452719522
    0	    2	   0.871420606963662	   0.000000715620074
    1	    2	   0.871420606963662	   0.000000763004349
    0	    2	   0.925496949695250	   0.000001001156628
    1	    2	   0.925496949695250	   0.000001145652481
    0	    2	   0.981135875863370	   0.000000816747836
    1	    2	   0.981135875863370	   0.000000842402113
    0	    2	   1.038382537689358	   0.000000759980076
    1	    2	   1.038382537689358	   0.000000817528790
    0	    2	   1.097283392107659	   0.000001078151281
    1	    2	   1.097283392107659	   0.000001514256261
    0	    2	   1.157886238466658	   0.000000884801288
    1	    2	   1.157886238466658	   0.000000864564604
    0	    2	   1.220240257318908	   0.000000988175552
    1	    2	   1.220240257318908	   0.000000867236979
    0	    2	   1.284396050332241	   0.000001149515001
    1	    2	   1.284396050332241	   0.000001350150741
    0	    2	   1.350405681354142	   0.000001762480067
    1	    2	   1.350405681354142	   0.000001242997037
    0	    2	   1.418322718662713	   0.000001751353837
    1	    2	   1.418322718662713	   0.000001328667065
    0	    2	   1.488202278438519	   0.000001535337678
    1	    2	   1.488202278438519	   0.000001450581988
    0	    2	   1.560101069492589	   0.000001674292172
    1	    2	   1.560101069492589	   0.000001037045172
    0	    2	   1.634077439286873	   0.000002593012884
    1	    2	   1.634077439286873	   0.000001170042689
    0	    2	   1.710191421284502	   0.000001848982558
    1	    2	   1.710191421284502	   0.000001723869154
    0	    2	   1.788504783668267	   0.000001824335037
    1	    2	   1.788504783668267	   0.000001169555851
    0	    2	   1.869081079466878	   0.000002117123157
    1	    2	   1.869081079466878	   0.000000929581895
    0	    2	   1.951985698129646	   0.000003127325124
    1	    2	   1.951985698129646	   0.000001306416546
    0	    2	   2.037285918591472	   0.000002270224594
    1	    2	   2.037285918591472	   0.000001114657701
    0	    2	   2.125050963871200	   0.000002314789900
    1	    2	   2.125050963871200	   0.000001105733604
    0	    2	   2.215352057247619	   0.000002729006951
    1	    2	   2.215352057247619	   0.000001299230096
    0	    2	   2.308262480058741	   0.000010495999121
    1	    2	   2.308262480058741	   0.000001094664521
    0	    2	   2.403857631171228	   0.000010904758732
    1	    2	   2.403857631171228	   0.000000825278787
    0	    2	   2.502215088168239	   0.000011502500996
    1	    2	   2.502215088168239	   0.000000825596622
    0	    2	   2.603414670305364	   0.000015873880640
    1	    2	   2.603414670305364	   0.000000508367054
    0	    2	   2.707538503285713	   0.000020082036142
    1	    2	   2.707538503285713	   0.000000484232261
    0	    2	   2.814671085906746	   0.000015849890463
    1	    2	   2.814671085906746	   0.000000073400322
    0	    2	   2.924899358632921	   0.000017138749316
    1	    2	   2.924899358632921	   0.000000000000000
    0	    2	   3.038312774149804	   0.000024182133069
    1	    2	   3.038312774149804	   0.000000447239579
    0	    2	   3.155003369956905	   0.000025120663045
    1	    2	   3.155003369956905	   0.000000020469765
    0	    2	   3.275065843058154	   0.000021364760968
    1	    2	   3.275065843058154	   0.000000039871908
    0	    2	   3.398597626810607	   0.000021349600580
    1	    2	   3.398597626810607	   0.000000052066130
    0	    2	   3.525698969993787	   0.000032382600944
    1	    2	   3.525698969993787	   0.000000123603477
    0	    2	   3.656473018163779	   0.000029338535681
    1	    2	   3.656473018163779	   0.000000187366006
    0	    2	   3.791025897358140	   0.000028654000768
    1	    2	   3.791025897358140	   0.000000234309895
    0	    2	   3.929466800219529	   0.000028988737675
    1	    2	   3.929466800219529	   0.000000311445979
    0	    2	   4.071908074607951	   0.000033752361608
    1	    2	   4.071908074607951	   0.000000377288346
    0	    2	   4.218465314773542	   0.000044442673687
    1	    2	   4.218465314773542	   0.000000879822872
    0	    2	   4.369257455163862	   0.000039980123922
    1	    2	   4.369257455163862	   0.000001231747878
    0	    2	   4.524406866941830	   0.000042755078563
    1	    2	   4.524406866941830	   0.000001482242189
    0	    2	   4.684039457292635	   0.000045902533976
    1	    2	   4.684039457292635	   0.000001700472710
    0	    2	   4.848284771600217	   0.000048565073543
    1	    2	   4.848284771600217	   0.000001956688514
    0	    2	   5.017276098576197	   0.000053312309899
    1	    2	   5.017276098576197	   0.000002157569661
    0	    2	   5.191150578426639	   0.000058448476615
    1	    2	   5.191150578426639	   0.000002497450617
    0	    2	   5.370049314144351	   0.000055328054942
    1	    2	   5.370049314144351	   0.000002838012398
    0	    2	   5.554117486017097	   0.000057690980242
    1	    2	   5.554117486017097	   0.000003105533755
    0	    2	   5.743504469444626	   0.000059669009852
    1	    2	   5.743504469444626	   0.000003317786071
    0	    2	   5.938363956160092	   0.000061069083003
    1	    2	   5.938363956160092	   0.000003489048031
    0	    2	   6.138854078954332	   0.000062132898639
    1	    2	   6.138854078954332	   0.000003635042469
    0	    2	   6.345137540004107	   0.000063383148598
    1	    2	   6.345137540004107	   0.000003798854537
    0	    2	   6.557381742908535	   0.000067432272134
    1	    2	   6.557381742908535	   0.000003972820929
    0	    2	   6.775758928540808	   0.000069425868320
    1	    2	   6.775758928540808	   0.000004131855393
    0	    2	   7.000446314825505	   0.000067591460173
    1	    2	   7.000446314825505	   0.000004247818505
    0	    2	   7.231626240554826	   0.000066993416427
    1	    2	   7.231626240554826	   0.000004323283730
    0	    2	   7.469486313360592	   0.000067416011662
    1	    2	   7.469486313360592	   0.000004361401264
    0	    2	   7.714219561961972	   0.000067153272351
    1	    2	   7.714219561961972	   0.000004386793649
    0	    2	   7.966024592812593	   0.000067420292178
    1	    2	   7.966024592812593	   0.000004372048893
    0	    2	   8.225105751274045	   0.000068360954547
    1	    2	   8.225105751274045	   0.000004400868610
    0	    2	   8.491673287446705	   0.000068672780944
    1	    2	   8.491673287446705	   0.000004421438965
    0	    2	   8.765943526792318	   0.000069380865811
    1	    2	   8.765943526792318	   0.000004455379897
    0	    2	   9.048139045686920	   0.000069267977594
    1	    2	   9.048139045686920	   0.000004464524023
    0	    2	   9.338488852046499	   0.000068788333932
    1	    2	   9.338488852046499	   0.000004421840632
    0	    2	   9.637228571171983	   0.000069727881086
    1	    2	   9.637228571171983	   0.000004375900763
    0	    2	   9.944600636964415	   0.000069352880925
    1	    2	   9.944600636964415	   0.000004317955777
    0	    2	  10.260854488665400	   0.000069299386365
    1	    2	  10.260854488665400	   0.000004291239912
    0	    2	  10.586246773282603	   0.000067698513597
    1	    2	  10.586246773282603	   0.000004276280153
    0	    2	  10.921041553864477	   0.000066453877936
    1	    2	  10.921041553864477	   0.000004179701071
    0	    2	  11.265510523793269	   0.000067252723184
    1	    2	  11.265510523793269	   0.000004267278749
    0	    2	  11.619933227270224	   0.000066643168249
    1	    2	  11.619933227270224	   0.000004216014803
    0	    2	  11.984597286171908	   0.000066133783635
    1	    2	  11.984597286171908	   0.000004170469313
    0	    2	  12.359798633461725	   0.000065499534999
    1	    2	  12.359798633461725	   0.000004109019907
    0	    2	  12.745841753346063	   0.000065277672343
    1	    2	  12.745841753346063	   0.000004066050999
    0	    2	  13.143039928369985	   0.000064915408966
    1	    2	  13.143039928369985	   0.000004030074083
    0	    2	  13.551715493652951	   0.000064095292251
    1	    2	  13.551715493652951	   0.000003946779784
    0	    2	  13.972200098470935	   0.000064251651156
    1	    2	  13.972200098470935	   0.000003973560341
    0	    2	  14.404834975397117	   0.000063595843017
    1	    2	  14.404834975397117	   0.000003916380019
    0	    2	  14.849971217219700	   0.000062973554275
    1	    2	  14.849971217219700	   0.000003860869566
    0	    2	  15.307970061861486	   0.000062278758176
    1	    2	  15.307970061861486	   0.000003796035077
    0	    2	  15.779203185532456	   0.000061689308095
    1	    2	  15.779203185532456	   0.000003740123976
    0	    2	  16.264053004353240	   0.000061206002424
    1	    2	  16.264053004353240	   0.000003684215971
    0	    2	  16.762912984694282	   0.000060511558936
    1	    2	  16.762912984694282	   0.000003621762407
    0	    2	  17.276187962482517	   0.000060529210117
    1	    2	  17.276187962482517	   0.000003635285009
    0	    2	  17.804294471734682	   0.000059868397564
    1	    2	  17.804294471734682	   0.000003574983354
    0	    2	  18.347661082583901	   0.000059288386690
    1	    2	  18.347661082583901	   0.000003515983541
    0	    2	  18.906728749073878	   0.000058712876660
    1	    2	  18.906728749073878	   0.000003453392219
    0	    2	  19.481951167002819	   0.000058322319248
    1	    2	  19.481951167002819	   0.000003425868646
    0	    2	  20.073795142107674	   0.000058400964690
    1	    2	  20.073795142107674	   0.000003379077837
    0	    2	  20.682740968887291	   0.000057741119221
    1	    2	  20.682740968887291	   0.000003320210929
    0	    2	  21.309282820372090	   0.000057386522919
    1	    2	  21.309282820372090	   0.000003303257923
    0	    2	  21.953929149156366	   0.000056618642865
    1	    2	  21.953929149156366	   0.000003243398834
    0	    2	  22.617203100018923	   0.000055905685326
    1	    2	  22.617203100018923	   0.000003183680740
    0	    2	  23.299642934466547	   0.000055115983195
    1	    2	  23.299642934466547	   0.000003125448584
    0	    2	  24.001802467545247	   0.000054503539877
    1	    2	  24.001802467545247	   0.000003083605951
    0	    2	  24.724251517273323	   0.000053497544557
    1	    2	  24.724251517273323	   0.000003029647805
    0	    2	  25.467576367061440	   0.000052710485985
    1	    2	  25.467576367061440	   0.000002974126350
    0	    2	  26.232380241494525	   0.000052149808760
    1	    2	  26.232380241494525	   0.000002934780400
    0	    2	  27.019283795861874	   0.000051429943836
    1	    2	  27.019283795861874	   0.000002873886207
    0	    2	  27.828925619832713	   0.000050733675119
    1	    2	  27.828925619832713	   0.000002813090555
    0	    2	  28.661962755685852	   0.000050041596327
    1	    2	  28.661962755685852	   0.000002756106457
    0	    2	  29.519071231514047	   0.000049382412610
    1	    2	  29.519071231514047	   0.000002703479792
    0	    2	  30.400946609835739	   0.000048665027121
    1	    2	  30.400946609835739	   0.000002645392866
    0	    2	  31.308304552059560	   0.000047901079406
    1	    2	  31.308304552059560	   0.000002590467310
    0	    2	  32.241881399259285	   0.000047105472963
    1	    2	  32.241881399259285	   0.000002536685319
    0	    2	  33.202434769730999	   0.000046266885196
    1	    2	  33.202434769730999	   0.000002474369236
    0	    2	  34.190744173817144	   0.000045458217326
    1	    2	  34.190744173817144	   0.000002413351156
    0	    2	  35.207611646496368	   0.000044561897172
    1	    2	  35.207611646496368	   0.000002351954105
    0	    2	  36.253862398252807	   0.000043813228947
    1	    2	  36.253862398252807	   0.000002297181321
    0	    2	  37.330345484752499	   0.000043059335147
    1	    2	  37.330345484752499	   0.000002241455440
    0	    2	  38.437934495871005	   0.000042300482331
    1	    2	  38.437934495871005	   0.000002184395076
    0	    2	  39.577528264630907	   0.000041529432312
    1	    2	  39.577528264630907	   0.000002127136472
    0	    2	  40.750051596624701	   0.000040774958953
    1	    2	  40.750051596624701	   0.000002067547120
    0	    2	  41.956456020515084	   0.000040020381372
    1	    2	  41.956456020515084	   0.000002012805041
    0	    2	  43.197720560221484	   0.000039239310632
    1	    2	  43.197720560221484	   0.000001958205710
    0	    2	  44.474852529419636	   0.000038429615972
    1	    2	  44.474852529419636	   0.000001903201724
    0	    2	  45.788888348999080	   0.000037632417809
    1	    2	  45.788888348999080	   0.000001849876808
    0	    2	  47.140894388141525	   0.000036822075538
    1	    2	  47.140894388141525	   0.000001795108661
    0	    2	  48.531967829703191	   0.000035974025900
    1	    2	  48.531967829703191	   0.000001739406145
    0	    2	  49.963237560602892	   0.000035154715517
    1	    2	  49.963237560602892	   0.000001686922922
    0	    2	  51.435865087938907	   0.000034328744793
    1	    2	  51.435865087938907	   0.000001634538833
    0	    2	  52.951045481577594	   0.000033426805900
    1	    2	  52.951045481577594	   0.000001581944450
    0	    2	  54.510008343979123	   0.000032539388470
    1	    2	  54.510008343979123	   0.000001530647365
    0	    2	  56.114018808047234	   0.000031588339067
    1	    2	  56.114018808047234	   0.000001478176271
    0	    2	  57.764378563812329	   0.000030648678251
    1	    2	  57.764378563812329	   0.000001415841512
    0	    2	  59.462426914782107	   0.000029588813114
    1	    2	  59.462426914782107	   0.000001338802280
    0	    2	  61.209541864815861	   0.000028884244416
    1	    2	  61.209541864815861	   0.000001290827256
    0	    2	  63.007141236405005	   0.000028111541539
    1	    2	  63.007141236405005	   0.000001243483175
    0	    2	  64.856683821267822	   0.000027403700734
    1	    2	  64.856683821267822	   0.000001221619884
    0	    2	  66.759670564190785	   0.000026502885352
    1	    2	  66.759670564190785	   0.000001184342949
    0	    2	  68.717645781079014	   0.000025510264729
    1	    2	  68.717645781079014	   0.000001130375377
    0	    2	  70.732198412202351	   0.000024245296079
    1	    2	  70.732198412202351	   0.000001071312549
    0	    2	  72.804963311656010	   0.000023128535458
    1	    2	  72.804963311656010	   0.000001027799468
    0	    2	  74.937622574080706	   0.000022286825466
    1	    2	  74.937622574080706	   0.000000988574181
    0	    2	  77.131906899719596	   0.000020269129084
    1	    2	  77.131906899719596	   0.000000959754925
    0	    2	  79.389596998920211	   0.000019270126679
    1	    2	  79.389596998920211	   0.000000922004328
    0	    2	  81.712525037219976	   0.000018582578226
    1	    2	  81.712525037219976	   0.000000875347540
    0	    2	  84.102576122189461	   0.000017870040662
    1	    2	  84.102576122189461	   0.000000832540691
    0	    2	  86.561689833238859	   0.000017346638180
    1	    2	  86.561689833238859	   0.000000795589714
    0	    2	  89.091861795629356	   0.000016766157643
    1	    2	  89.091861795629356	   0.000000763389340
    0	    2	  91.695145299967734	   0.000016191328662
    1	    2	  91.695145299967734	   0.000000733795255
    0	    2	  94.373652968496771	   0.000015571243374
    1	    2	  94.373652968496771	   0.000000697123431
    0	    2	  97.129558469535269	   0.000014963294166
    1	    2	  97.129558469535269	   0.000000659850706
    0	    2	  99.965098281458040	   0.000014415603425
    1	    2	  99.965098281458040	   0.000000626165950
    0	    2	 102.882573507647322	   0.000013883480928
    1	    2	 102.882573507647322	   0.000000596341803
    0	    2	 105.884351743889738	   0.000013401583956
    1	    2	 105.884351743889738	   0.000000570633257
    0	    2	 108.972868999732071	   0.000012754611376
    1	    2	 108.972868999732071	   0.000000540716397
    0	    2	 112.150631675357559	   0.000012190187550
    1	    2	 112.150631675357559	   0.000000510991814
    0	    2	 115.420218595584998	   0.000011638537166
    1	    2	 115.420218595584998	   0.000000482703843
    0	    2	 118.784283102641851	   0.000011104786668
    1	    2	 118.784283102641851	   0.000000457695401
    0	    2	 122.245555209410981	   0.000010586653878
    1	    2	 122.245555209410981	   0.000000434987339
    0	    2	 125.806843814895657	   0.000010052873088
    1	    2	 125.806843814895657	   0.000000409329984
    0	    2	 129.471038983704346	   0.000009507633216
    1	    2	 129.471038983704346	   0.000000385235174
    0	    2	 133.241114291401544	   0.000009002819307
    1	    2	 133.241114291401544	   0.000000361179406
    0	    2	 137.120129237630067	   0.000008489055936
    1	    2	 137.120129237630067	   0.000000334330315
    0	    2	 141.111231728963531	   0.000008102866326
    1	    2	 141.111231728963531	   0.000000312116474
    0	    2	 145.217660633501509	   0.000007714033331
    1	    2	 145.217660633501509	   0.000000292574748
    0	    2	 149.442748409283439	   0.000007347496273
    1	    2	 149.442748409283439	   0.000000280203160
    0	    2	 153.789923808651281	   0.000006984197668
    1	    2	 153.789923808651281	   0.000000264533299
    0	    2	 158.262714660759030	   0.000006596704451
    1	    2	 158.262714660759030	   0.000000244861096
    0	    2	 162.864750734483721	   0.000006261552043
    1	    2	 162.864750734483721	   0.000000227932226
    0	    2	 167.599766684062956	   0.000005929746575
    1	    2	 167.599766684062956	   0.000000213304683
    0	    2	 172.471605079850434	   0.000005614563746
    1	    2	 172.471605079850434	   0.000000202073985
    0	    2	 177.484219526645859	   0.000005302934295
    1	    2	 177.484219526645859	   0.000000188889292
    0	    2	 182.641677872133812	   0.000004990963512
    1	    2	 182.641677872133812	   0.000000174512804
    0	    2	 187.948165508031963	   0.000004709447500
    1	    2	 187.948165508031963	   0.000000161913343
    0	    2	 193.407988766628506	   0.000004429136862
    1	    2	 193.407988766628506	   0.000000151131934
    0	    2	 199.025578415467606	   0.000004170754869
    1	    2	 199.025578415467606	   0.000000141434254
    0	    2	 204.805493253013822	   0.000003901576747
    1	    2	 204.805493253013822	   0.000000130957025
    0	    2	 210.752423808219334	   0.000003664244396
    1	    2	 210.752423808219334	   0.000000120728093
    0	    2	 216.871196146991878	   0.000003404361658
    1	    2	 216.871196146991878	   0.000000111707464
    0	    2	 223.166775788653098	   0.000003179987043
    1	    2	 223.166775788653098	   0.000000103690790
    0	    2	 229.644271735569305	   0.000002897912964
    1	    2	 229.644271735569305	   0.000000095930473
    0	    2	 236.308940619218248	   0.000002692131620
    1	    2	 236.308940619218248	   0.000000088245899
    0	    2	 243.166190966063510	   0.000002344972289
    1	    2	 243.166190966063510	   0.000000081125588
    0	    2	 250.221587586692891	   0.000002162335660
    1	    2	 250.221587586692891	   0.000000074666113
    0	    2	 257.480856091785029	   0.000001649885423
    1	    2	 257.480856091785029	   0.000000068754249
    0	    2	 264.949887538570579	   0.000001498512397
    1	    2	 264.949887538570579	   0.000000063158998
    0	    2	 272.634743211554110	   0.000000591067971
    1	    2	 272.634743211554110	   0.000000057793164
    0	    2	 280.541659541382273	   0.000000540261937
    1	    2	 280.541659541382273	   0.000000052999664
    0	    2	 288.677053165845052	   0.000000490649637
    1	    2	 288.677053165845052	   0.000000048054794
    0	    2	 297.047526137118098	   0.000000450214597
    1	    2	 297.047526137118098	   0.000000044177908
    0	    2	 305.659871279476704	   0.000000408578903
    1	    2	 305.659871279476704	   0.000000040134438
    0	    2	 314.521077701820843	   0.000000359965555
    1	    2	 314.521077701820843	   0.000000035309720
    0	    2	 323.638336469493936	   0.000000322016726
    1	    2	 323.638336469493936	   0.000000031590627
    0	    2	 333.019046439990916	   0.000000294009626
    1	    2	 333.019046439990916	   0.000000028905576
    0	    2	 342.670820267293834	   0.000000272629204
    1	    2	 342.670820267293834	   0.000000026904623
    0	    2	 352.601490579711538	   0.000000240171869
    1	    2	 352.601490579711538	   0.000000023681490
    0	    2	 362.819116336228660	   0.000000214270370
    1	    2	 362.819116336228660	   0.000000021134606
    0	    2	 373.331989366531559	   0.000000194032225
    1	    2	 373.331989366531559	   0.000000019172563
    0	    2	 384.148641100010821	   0.000000176675543
    1	    2	 384.148641100010821	   0.000000017502143
    0	    2	 395.277849489204300	   0.000000155370434
    1	    2	 395.277849489204300	   0.000000015386036
    0	    2	 406.728646133302504	   0.000000138216591
    1	    2	 406.728646133302504	   0.000000013697620
    0	    2	 418.510323607488203	   0.000000124556650
    1	    2	 418.510323607488203	   0.000000012369316
    0	    2	 430.632443004070865	   0.000000111556619
    1	    2	 430.632443004070865	   0.000000011097729
    0	    2	 443.104841691520960	   0.000000098135995
    1	    2	 443.104841691520960	   0.000000009766088
    0	    2	 455.937641297715857	   0.000000087246565
    1	    2	 455.937641297715857	   0.000000008694256
    0	    2	 469.141255923863469	   0.000000077938275
    1	    2	 469.141255923863469	   0.000000007781821
    0	    2	 482.726400595775146	   0.000000068886628
    1	    2	 482.726400595775146	   0.000000006886653
    0	    2	 496.704099959349207	   0.000000060602432
    1	    2	 496.704099959349207	   0.000000006064493
    0	    2	 511.085697227312266	   0.000000053664792
    1	    2	 511.085697227312266	   0.000000005379173
    0	    2	 525.882863384490292	   0.000000047357413
    1	    2	 525.882863384490292	   0.000000004754391
    0	    2	 541.107606659070711	   0.000000041506627
    1	    2	 541.107606659070711	   0.000000004171903
    0	    2	 556.772282267543233	   0.000000036434743
    1	    2	 556.772282267543233	   0.000000003667393
    0	    2	 572.889602441236434	   0.000000031973615
    1	    2	 572.889602441236434	   0.000000003223452
    0	    2	 589.472646742570191	   0.000000027905155
    1	    2	 589.472646742570191	   0.000000002817087
    0	    2	 606.534872679413866	   0.000000024326223
    1	    2	 606.534872679413866	   0.000000002459331
    0	    2	 624.090126626151346	   0.000000021206726
    1	    2	 624.090126626151346	   0.000000002147265
    0	    2	 642.152655060318466	   0.000000018415831
    1	    2	 642.152655060318466	   0.000000001867557
    0	    2	 660.737116123939131	   0.000000015961394
    1	    2	 660.737116123939131	   0.000000001620537
    0	    2	 679.858591518928051	   0.000000013826960
    1	    2	 679.858591518928051	   0.000000001405534
    0	    2	 699.532598746229382	   0.000000011883331
    1	    2	 699.532598746229382	   0.000000001209063
    0	    2	 719.775103698611815	   0.000000009943362
    1	    2	 719.775103698611815	   0.000000001011005
    0	    2	 740.602533617341351	   0.000000008580735
    1	    2	 740.602533617341351	   0.000000000873683
    0	    2	 762.031790423256780	   0.000000007410844
    1	    2	 762.031790423256780	   0.000000000755798
    0	    2	 784.080264433047546	   0.000000006332326
    1	    2	 784.080264433047546	   0.000000000646502
    0	    2	 806.765848471885533	   0.000000005429555
    1	    2	 806.765848471885533	   0.000000000555106
    0	    2	 830.106952393847109	   0.000000004656028
    1	    2	 830.106952393847109	   0.000000000476766
    0	    2	 854.122518021915312	   0.000000003959286
    1	    2	 854.122518021915312	   0.000000000405896
    0	    2	 878.832034519694730	   0.000000003372735
    1	    2	 878.832034519694730	   0.000000000346248
    0	    2	 904.255554207292789	   0.000000002868952
    1	    2	 904.255554207292789	   0.000000000294954
    0	    2	 930.413708834228146	   0.000000002425180
    1	    2	 930.413708834228146	   0.000000000249636
    0	    2	 957.327726322546596	   0.000000002051638
    1	    2	 957.327726322546596	   0.000000000211474
    0	    2	 985.019447993754852	   0.000000001730610
    1	    2	 985.019447993754852	   0.000000000178628
    0	    2	1013.511346293535780	   0.000000001453790
    1	    2	1013.511346293535780	   0.000000000150238
    0	    2	1042.826543028632614	   0.000000001220381
    1	    2	1042.826543028632614	   0.000000000126288
    0	    2	1072.988828130713273	   0.000000001021003
    1	    2	1072.988828130713273	   0.000000000105784
    0	    2	1104.022678962420287	   0.000000000851675
    1	    2	1104.022678962420287	   0.000000000088342
    0	    2	1135.953280181299306	   0.000000000708972
    1	    2	1135.953280181299306	   0.000000000073629
    0	    2	1168.806544177704154	   0.000000000586430
    1	    2	1168.806544177704154	   0.000000000060963
    0	    2	1202.609132103271577	   0.000000000485185
    1	    2	1202.609132103271577	   0.000000000050498
    0	    2	1237.388475507045314	   0.000000000399712
    1	    2	1237.388475507045314	   0.000000000041649
    0	    2	1273.172798596775920	   0.000000000328410
    1	    2	1273.172798596775920	   0.000000000034259
    0	    2	1309.991141143499590	   0.000000000269843
    1	    2	1309.991141143499590	   0.000000000028185
    0	    2	1347.873382047951964	   0.000000000220582
    1	    2	1347.873382047951964	   0.000000000023066
    0	    2	1386.850263587954032	   0.000000000180036
    1	    2	1386.850263587954032	   0.000000000018849
    0	    2	1426.953416366460715	   0.000000000146377
    1	    2	1426.953416366460715	   0.000000000015343
    0	    2	1468.215384980486078	   0.000000000118627
    1	    2	1468.215384980486078	   0.000000000012450
    0	    2	1510.669654431772869	   0.000000000095803
    1	    2	1510.669654431772869	   0.000000000010066
    0	    2	1554.350677300611778	   0.000000000077075
    1	    2	1554.350677300611778	   0.000000000008108
    0	    2	1599.293901704867267	   0.000000000061812
    1	    2	1599.293901704867267	   0.000000000006508
    0	    2	1645.535800066920501	   0.000000000049343
    1	    2	1645.535800066920501	   0.000000000005200
    0	    2	1693.113898711837692	   0.000000000038859
    1	    2	1693.113898711837692	   0.000000000004097
    0	    2	1742.066808320824975	   0.000000000030093
    1	    2	1742.066808320824975	   0.000000000003174
    0	    2	1792.434255264645572	   0.000000000023673
    1	    2	1792.434255264645572	   0.000000000002498
    0	    2	1844.257113842446870	   0.000000000018445
    1	    2	1844.257113842446870	   0.000000000001948
    0	    2	1897.577439452170211	   0.000000000014751
    1	    2	1897.577439452170211	   0.000000000001560
    0	    2	1952.438502719424378	   0.000000000011436
    1	    2	1952.438502719424378	   0.000000000001210
    0	    2	2008.884824612568991	   0.000000000009059
    1	    2	2008.884824612568991	   0.000000000000959
    0	    2	2066.962212572464068	   0.000000000006989
    1	    2	2066.962212572464068	   0.000000000000741
    0	    2	2126.717797686213089	   0.000000000005472
    1	    2	2126.717797686213089	   0.000000000000581
    0	    2	2188.200072935102071	   0.000000000004199
    1	    2	2188.200072935102071	   0.000000000000446
    0	    2	2251.458932547709992	   0.000000000003248
    1	    2	2251.458932547709992	   0.000000000000345
    0	    2	2316.545712490196365	   0.000000000002477
    1	    2	2316.545712490196365	   0.000000000000263
    0	    2	2383.513232126565981	   0.000000000001894
    1	    2	2383.513232126565981	   0.000000000000202
    0	    2	2452.415837082751750	   0.000000000001433
    1	    2	2452.415837082751750	   0.000000000000153
    0	    2	2523.309443349305639	   0.000000000001082
    1	    2	2523.309443349305639	   0.000000000000115
    0	    2	2596.251582658446296	   0.000000000000811
    1	    2	2596.251582658446296	   0.000000000000087
    0	    2	2671.301449172356115	   0.000000000000606
    1	    2	2671.301449172356115	   0.000000000000065
    0	    2	2748.519947520530422	   0.000000000000449
    1	    2	2748.519947520530422	   0.000000000000048
    0	    2	2827.969742225257505	   0.000000000000331
    1	    2	2827.969742225257505	   0.000000000000035
    0	    2	2909.715308555253614	   0.000000000000243
    1	    2	2909.715308555253614	   0.000000000000026
    0	    2	2993.822984848768556	   0.000000000000177
    1	    2	2993.822984848768556	   0.000000000000019
    0	    2	3080.361026348630730	   0.000000000000128
    1	    2	3080.361026348630730	   0.000000000000014
    0	    2	3169.399660592879627	   0.000000000000092
    1	    2	3169.399660592879627	   0.000000000000010
    0	    2	3261.011144405973482	   0.000000000000065
    1	    2	3261.011144405973482	   0.000000000000007
    0	    2	3355.269822536785341	   0.000000000000046
    1	    2	3355.269822536785341	   0.000000000000005
    0	    2	3452.252187991046867	   0.000000000000032
    1	    2	3452.252187991046867	   0.000000000000003
    0	    2	3552.036944107091585	   0.000000000000023
    1	    2	3552.036944107091585	   0.000000000000002
    0	    2	3654.705068425367699	   0.000000000000016
    1	    2	3654.705068425367699	   0.000000000000002
    0	    2	3760.339878403509374	   0.000000000000011
    1	    2	3760.339878403509374	   0.000000000000001
    0	    2	3869.027099030277441	   0.000000000000007
    1	    2	3869.027099030277441	   0.000000000000001
    0	    2	3980.854932393318904	   0.000000000000005
    1	    2	3980.854932393318904	   0.000000000000001
    0	    2	4095.914129257097557	   0.000000000000003
    1	    2	4095.914129257097557	   0.000000000000000
    0	    2	4214.298062709161059	   0.000000000000002
    1	    2	4214.298062709161059	   0.000000000000000
    0	    2	4336.102803934437361	   0.000000000000001
    1	    2	4336.102803934437361	   0.000000000000000
    0	    2	4461.427200179180545	   0.000000000000001
    1	    2	4461.427200179180545	   0.000000000000000
    0	    2	4590.372954967662736	   0.000000000000000
    1	    2	4590.372954967662736	   0.000000000000000
    0	    2	4723.044710636855598	   0.000000000000000
    1	    2	4723.044710636855598	   0.000000000000000
    0	    2	4859.550133256005211	   0.000000000000000
    1	    2	4859.550133256005211	   0.000000000000000
    0	    2	5000.000000000002728	   0.000000000000000
    1	    2	5000.000000000002728	   0.000000000000000
