ASSET	                 all	                  VE	                  WW	                  US	                  UL
   0.000000000000000	   0.035801741265987	   0.000000000000000	   0.033977157741885	   0.001755502742099	   0.000069080782002
   0.028895878633786	   0.011663160111192	   0.000000512491421	   0.010736356482740	   0.000446221079784	   0.000480070057247
   0.058626729069591	   0.005751374559026	   0.000002089303899	   0.005366262595538	   0.000251720277107	   0.000131302382482
   0.089216678551268	   0.007428130300271	   0.000003220878470	   0.006939607909224	   0.000334139845508	   0.000151161667069
   0.120690551500581	   0.005097452792333	   0.000002510135069	   0.004626842376646	   0.000193570748395	   0.000274529532224
   0.153073889662773	   0.006346805489572	   0.000003973657207	   0.005821021917413	   0.000258699944086	   0.000263109970866
   0.186392972834257	   0.006575131001360	   0.000004612440710	   0.006083508475889	   0.000284526364487	   0.000202483720273
   0.220674840189252	   0.004362651061857	   0.000003305834769	   0.004030409303431	   0.000189114157100	   0.000139821766557
   0.255947312222677	   0.007518614919848	   0.000004112903441	   0.006994125458201	   0.000275741971857	   0.000244634586350
   0.292239013327094	   0.012646647201407	   0.000005349924697	   0.011983840389832	   0.000451556590258	   0.000205900296620
   0.329579395022038	   0.008327278304173	   0.000005300421526	   0.007760691152802	   0.000325416433021	   0.000235870296825
   0.367998759854577	   0.006584521352782	   0.000004292622227	   0.006122771721908	   0.000248097928942	   0.000209359079705
   0.407528285990505	   0.006717431942784	   0.000004499679192	   0.006209815209944	   0.000247277878006	   0.000255839175641
   0.448200052516108	   0.007686767544782	   0.000005171395858	   0.007173950278363	   0.000293250724340	   0.000214395146221
   0.490047065471057	   0.012624872166593	   0.000006105124798	   0.011920839544088	   0.000434770955386	   0.000263156542322
   0.533103284633538	   0.009939752907602	   0.000006745470419	   0.009306423324622	   0.000357328368721	   0.000269255743840
   0.577403651079368	   0.008752677129610	   0.000006632412032	   0.008194995145761	   0.000317958549909	   0.000233091021908
   0.622984115537448	   0.010351321064346	   0.000008369495580	   0.009733409190613	   0.000361054811705	   0.000248487566448
   0.669881667564581	   0.012777369869034	   0.000012280000523	   0.012035528497635	   0.000429382845049	   0.000300178525826
   0.718134365563312	   0.010337192832879	   0.000011900141174	   0.009710665228569	   0.000358206743258	   0.000256420719877
   0.767781367667167	   0.012857281465796	   0.000011154238099	   0.012168680072247	   0.000430299999146	   0.000247147156305
   0.818862963518346	   0.013439075732860	   0.000020000147351	   0.012721308106903	   0.000444690215944	   0.000253077262661
   0.871420606963662	   0.013205509991494	   0.000051913997520	   0.012439203133307	   0.000431241693826	   0.000283151166842
   0.925496949695250	   0.014010417356144	   0.000052782271992	   0.013221181583999	   0.000455073650065	   0.000281379850088
   0.981135875863370	   0.014876264169092	   0.000100022655848	   0.014059787142594	   0.000475050050270	   0.000241404320380
   1.038382537689358	   0.015488419017808	   0.000106153229398	   0.014617686407233	   0.000494092782001	   0.000270486599177
   1.097283392107659	   0.016064742292401	   0.000158409765610	   0.015134160099903	   0.000499030033991	   0.000273142392897
   1.157886238466658	   0.016502558278144	   0.000163012847690	   0.015561729034364	   0.000511221279827	   0.000266595116263
   1.220240257318908	   0.017553020717331	   0.000173461122636	   0.016592914878137	   0.000533948506321	   0.000252696210237
   1.284396050332241	   0.017632178807260	   0.000192002497508	   0.016664244919781	   0.000534599719020	   0.000241331670951
   1.350405681354142	   0.017639143686238	   0.000205886852135	   0.016662124833705	   0.000528898270893	   0.000242233729505
   1.418322718662713	   0.018739601002333	   0.000216630938665	   0.017742976184054	   0.000556090160676	   0.000223903718938
   1.488202278438519	   0.016662796059970	   0.000216720605636	   0.015749964361942	   0.000489825847818	   0.000206285244574
   1.560101069492589	   0.017435093988221	   0.000220049377747	   0.016502807757899	   0.000505203602285	   0.000207033250290
   1.634077439286873	   0.017040801185598	   0.000222522600737	   0.016123920277130	   0.000487656629667	   0.000206701678064
   1.710191421284502	   0.016595056523875	   0.000254313516137	   0.015667767600701	   0.000470178013248	   0.000202797393790
   1.788504783668267	   0.016808241614653	   0.000249376861875	   0.015895155443492	   0.000466866979325	   0.000196842329961
   1.869081079466878	   0.015904682861119	   0.000243758246581	   0.015029597795599	   0.000440974107534	   0.000190352711405
   1.951985698129646	   0.015784470051348	   0.000236598357816	   0.014932452215240	   0.000431404869907	   0.000184014608385
   2.037285918591472	   0.015205006778257	   0.000198354305990	   0.014419249851545	   0.000413141209731	   0.000174261410991
   2.125050963871200	   0.015801392238263	   0.000192873944621	   0.015031179598928	   0.000423384168282	   0.000153954526432
   2.215352057247619	   0.015098443253565	   0.000187588282099	   0.014344147359296	   0.000404296320809	   0.000162411291362
   2.308262480058741	   0.014758530522636	   0.000181520748354	   0.014033342165153	   0.000390544353655	   0.000153123255473
   2.403857631171228	   0.014408335961892	   0.000170131900200	   0.013721965920349	   0.000377265466202	   0.000138972675142
   2.502215088168239	   0.013673460710225	   0.000156273286769	   0.013028982359622	   0.000355304076181	   0.000132900987654
   2.603414670305364	   0.013226116624177	   0.000156195567734	   0.012605714722301	   0.000339138686985	   0.000125067647156
   2.707538503285713	   0.012555721011679	   0.000148940342011	   0.011964711800928	   0.000319434425389	   0.000122634443350
   2.814671085906746	   0.011784430132353	   0.000145328603789	   0.011222576345623	   0.000298924329023	   0.000117600853918
   2.924899358632921	   0.011300983100855	   0.000134016418054	   0.010766903818411	   0.000285008024283	   0.000115054840107
   3.038312774149804	   0.010292992809880	   0.000177361856161	   0.009748126597504	   0.000257152200863	   0.000110352155353
   3.155003369956905	   0.009526903777382	   0.000162362669103	   0.009049355649488	   0.000237232584161	   0.000077952874629
   3.275065843058154	   0.009103076912287	   0.000284540485514	   0.008484350280938	   0.000220955986327	   0.000113230159508
   3.398597626810607	   0.007895343117554	   0.000339600845826	   0.007274282384596	   0.000196058298897	   0.000085401588235
   3.525698969993787	   0.008443796521657	   0.000462219700703	   0.007672555674077	   0.000204736388251	   0.000104284758626
   3.656473018163779	   0.007992813430812	   0.000525862368821	   0.007174061005365	   0.000192217125350	   0.000100672931276
   3.791025897358140	   0.007603280793469	   0.000601562278920	   0.006721881876155	   0.000180978572612	   0.000098858065783
   3.929466800219529	   0.007530108384986	   0.000661349242475	   0.006597344349157	   0.000176158675304	   0.000095256118050
   4.071908074607951	   0.007248144626698	   0.000722211457367	   0.006264154453285	   0.000167873040615	   0.000093905675431
   4.218465314773542	   0.007131930599735	   0.000801902585180	   0.006076964224722	   0.000162472027511	   0.000090591762322
   4.369257455163862	   0.006942840835924	   0.000869998608164	   0.005828223434692	   0.000155859717388	   0.000088759075679
   4.524406866941830	   0.006731083890051	   0.000919876594021	   0.005575592583190	   0.000148644820156	   0.000086969892684
   4.684039457292635	   0.006503813407447	   0.000968443885520	   0.005311609582902	   0.000141259267560	   0.000082500671466
   4.848284771600217	   0.006243472637395	   0.001012075687600	   0.005015236202786	   0.000133562593524	   0.000082598153486
   5.017276098576197	   0.006074887173358	   0.001058658932982	   0.004806218518188	   0.000127662761991	   0.000082346960197
   5.191150578426639	   0.005839499432815	   0.001101509905443	   0.004537479689329	   0.000120366588066	   0.000080143249977
   5.370049314144351	   0.005630157534332	   0.001137567711299	   0.004300570932773	   0.000114032826288	   0.000077986063972
   5.554117486017097	   0.005418466935611	   0.001169793705967	   0.004063319463839	   0.000107682361842	   0.000077671403963
   5.743504469444626	   0.005218685333104	   0.001194706623472	   0.003843595164970	   0.000101854397656	   0.000078529147007
   5.938363956160092	   0.005000922158829	   0.001208461566736	   0.003619705625420	   0.000095923626615	   0.000076831340058
   6.138854078954332	   0.004785602345539	   0.001210197833583	   0.003409753460018	   0.000090415839948	   0.000075235211991
   6.345137540004107	   0.004532932888863	   0.001216116671310	   0.003157744294512	   0.000084040609679	   0.000075031313362
   6.557381742908535	   0.004362884610966	   0.001225614641096	   0.002983665424615	   0.000079556153472	   0.000074048391782
   6.775758928540808	   0.004191942868091	   0.001226920258901	   0.002817183224545	   0.000075275927906	   0.000072563456739
   7.000446314825505	   0.004037140681537	   0.001229460837457	   0.002663355948831	   0.000071475688806	   0.000072848206443
   7.231626240554826	   0.003893436390633	   0.001228690969208	   0.002523959577255	   0.000067894402337	   0.000072891441832
   7.469486313360592	   0.003787233361637	   0.001226794468668	   0.002421241883435	   0.000065562950882	   0.000073634058652
   7.714219561961972	   0.003673132222433	   0.001223656200836	   0.002313256395997	   0.000062787617265	   0.000073432008335
   7.966024592812593	   0.003581875429790	   0.001219262914066	   0.002229252238281	   0.000060554197509	   0.000072806079935
   8.225105751274045	   0.003488931002518	   0.001216235791131	   0.002141025638480	   0.000058124946830	   0.000073544626076
   8.491673287446705	   0.003445486015096	   0.001217623361607	   0.002096068319216	   0.000056928088950	   0.000074866245323
   8.765943526792318	   0.003301095768522	   0.001206889626868	   0.001964638687453	   0.000053785369316	   0.000075782084884
   9.048139045686920	   0.003375420333987	   0.001221079401990	   0.002023666159738	   0.000054664472030	   0.000076010300229
   9.338488852046499	   0.003336412232439	   0.001218074029520	   0.001988756745868	   0.000053777857483	   0.000075803599567
   9.637228571171983	   0.003312049496621	   0.001215943384947	   0.001967206745126	   0.000053165721900	   0.000075733644648
   9.944600636964415	   0.003264777988203	   0.001210839211421	   0.001925866727743	   0.000052028256983	   0.000076043792056
  10.260854488665400	   0.003219713564204	   0.001207559358026	   0.001884776629676	   0.000050887353470	   0.000076490223032
  10.586246773282603	   0.003177072141803	   0.001204550541555	   0.001845719203999	   0.000049854288544	   0.000076948107706
  10.921041553864477	   0.003130099709623	   0.001195452014651	   0.001808551835597	   0.000048844843848	   0.000077251015526
  11.265510523793269	   0.003101403806679	   0.001199871626304	   0.001776061758750	   0.000047891276134	   0.000077579145491
  11.619933227270224	   0.003058725008608	   0.001193397093319	   0.001740219776554	   0.000046916400753	   0.000078191737983
  11.984597286171908	   0.003018967744148	   0.001187595925687	   0.001706661390671	   0.000046008329320	   0.000078702098470
  12.359798633461725	   0.002975174087839	   0.001179220433722	   0.001671378295833	   0.000045053582390	   0.000079521775894
  12.745841753346063	   0.002934554379099	   0.001172586480572	   0.001638122421206	   0.000044189222541	   0.000079656254781
  13.143039928369985	   0.002891195896871	   0.001165399625753	   0.001602392917338	   0.000043286800952	   0.000080116552828
  13.551715493652951	   0.002865232218669	   0.001157166274545	   0.001584829968075	   0.000042741784324	   0.000080494191726
  13.972200098470935	   0.002860161640437	   0.001158949064744	   0.001577957146520	   0.000042398119442	   0.000080857309732
  14.404834975397117	   0.002822871426884	   0.001150561276867	   0.001549756827165	   0.000041626439219	   0.000080926883633
  14.849971217219700	   0.002786742880494	   0.001141863475529	   0.001522503696724	   0.000040875027999	   0.000081500680242
  15.307970061861486	   0.002751366825630	   0.001133096497224	   0.001496306547194	   0.000040150570544	   0.000081813210668
  15.779203185532456	   0.002716990292322	   0.001124566215732	   0.001470754409492	   0.000039438352844	   0.000082231314254
  16.264053004353240	   0.002682937205153	   0.001115388074705	   0.001445872627394	   0.000038738524618	   0.000082937978436
  16.762912984694282	   0.002648741524142	   0.001105711291812	   0.001421222265299	   0.000038049507586	   0.000083758459445
  17.276187962482517	   0.002620824257298	   0.001101998874739	   0.001397374342570	   0.000037361601292	   0.000084089438697
  17.804294471734682	   0.002585952155004	   0.001091808779522	   0.001372933120197	   0.000036680749500	   0.000084529505786
  18.347661082583901	   0.002551475316109	   0.001081549614090	   0.001348896243272	   0.000036007302205	   0.000085022156542
  18.906728749073878	   0.002516861645325	   0.001071343183445	   0.001325160540786	   0.000035344565892	   0.000085013355201
  19.481951167002819	   0.002484837136336	   0.001063435781905	   0.001301474064563	   0.000034675584464	   0.000085251705405
  20.073795142107674	   0.002451759997109	   0.001053676090158	   0.001278282290705	   0.000034001226441	   0.000085800389804
  20.682740968887291	   0.002416542233680	   0.001042655163669	   0.001254162557755	   0.000033328491017	   0.000086396021239
  21.309282820372090	   0.002385618012881	   0.001035287819823	   0.001230617848687	   0.000032660551199	   0.000087051793172
  21.953929149156366	   0.002349965521650	   0.001023769316329	   0.001206387901680	   0.000031983747053	   0.000087824556587
  22.617203100018923	   0.002313805089100	   0.001011904570011	   0.001182084510238	   0.000031304283544	   0.000088511725307
  23.299642934466547	   0.002278765656820	   0.001000594924340	   0.001158150492648	   0.000030641900782	   0.000089378339048
  24.001802467545247	   0.002244331577982	   0.000990090795223	   0.001134152154957	   0.000029967253653	   0.000090121374150
  24.724251517273323	   0.002207325856965	   0.000977952635979	   0.001109375849089	   0.000029274994319	   0.000090722377578
  25.467576367061440	   0.002171683487367	   0.000966017689766	   0.001085216652587	   0.000028610028744	   0.000091839116270
  26.232380241494525	   0.002138720814451	   0.000955583898617	   0.001062017354962	   0.000027952012445	   0.000093167548426
  27.019283795861874	   0.002099427087955	   0.000942266908160	   0.001035936553273	   0.000027199024511	   0.000094024602011
  27.828925619832713	   0.002063380578642	   0.000929396144590	   0.001012045038452	   0.000026537666809	   0.000095401728792
  28.661962755685852	   0.002033111580015	   0.000917684105293	   0.000991774248034	   0.000025949487704	   0.000097703738984
  29.519071231514047	   0.001997569384476	   0.000905080707528	   0.000968003135325	   0.000025194477812	   0.000099291063810
  30.400946609835739	   0.001963578553323	   0.000892270532914	   0.000946618307334	   0.000024587060187	   0.000100102652889
  31.308304552059560	   0.001935821276357	   0.000880603127141	   0.000927966321706	   0.000024049015543	   0.000103202811966
  32.241881399259285	   0.001897898295677	   0.000867088557025	   0.000900650019344	   0.000023163093919	   0.000106996625388
  33.202434769730999	   0.001860308792193	   0.000853066172449	   0.000877531107465	   0.000022525858136	   0.000107185654142
  34.190744173817144	   0.001827837178180	   0.000838708145435	   0.000857054387296	   0.000021982562439	   0.000110092083009
  35.207611646496368	   0.001782644970682	   0.000819003530226	   0.000824745296586	   0.000021014993992	   0.000117881149878
  36.253862398252807	   0.001746415090578	   0.000805358912984	   0.000802900500537	   0.000020402777435	   0.000117752899622
  37.330345484752499	   0.001714483797817	   0.000791639167264	   0.000783606752303	   0.000019904935164	   0.000119332943087
  38.437934495871005	   0.001674921158591	   0.000771274903741	   0.000751941720018	   0.000019348544157	   0.000132355990675
  39.577528264630907	   0.001639094329612	   0.000757335537463	   0.000730862216399	   0.000018756832635	   0.000132139743114
  40.750051596624701	   0.001604534283679	   0.000743903043785	   0.000710158499882	   0.000018162509118	   0.000132310230894
  41.956456020515084	   0.001573155760674	   0.000714049613630	   0.000690010836394	   0.000017589545620	   0.000151505765031
  43.197720560221484	   0.001539459745503	   0.000702629315152	   0.000668824382120	   0.000016985853628	   0.000151020194602
  44.474852529419636	   0.001503199258784	   0.000688494019277	   0.000647499871467	   0.000016396479891	   0.000150808888149
  45.788888348999080	   0.001472657597279	   0.000677464724626	   0.000627330411529	   0.000015825521219	   0.000152036939905
  47.140894388141525	   0.001435575421897	   0.000663828520414	   0.000605874902896	   0.000015219862655	   0.000150652135932
  48.531967829703191	   0.001398681323190	   0.000649968614884	   0.000584672959052	   0.000014640866280	   0.000149398882974
  49.963237560602892	   0.001365428530553	   0.000635060267340	   0.000564722747300	   0.000014086061657	   0.000151559454256
  51.435865087938907	   0.001327949282703	   0.000621235208592	   0.000543228898131	   0.000013474410273	   0.000150010765707
  52.951045481577594	   0.001288717197362	   0.000605383614235	   0.000522277328395	   0.000012927097152	   0.000148129157581
  54.510008343979123	   0.001260170001962	   0.000592522190875	   0.000502988373408	   0.000012385852575	   0.000152273585104
  56.114018808047234	   0.001221696348107	   0.000577043938540	   0.000482382111641	   0.000011831088929	   0.000150439208997
  57.764378563812329	   0.001184916157121	   0.000562902001104	   0.000462499729687	   0.000011299388793	   0.000148215037536
  59.462426914782107	   0.001153750637410	   0.000546526276470	   0.000443171449228	   0.000010754512082	   0.000153298399629
  61.209541864815861	   0.001117863473841	   0.000532985594873	   0.000422895198033	   0.000010194642970	   0.000151788037964
  63.007141236405005	   0.001081795642263	   0.000518814191869	   0.000403690115262	   0.000009686351654	   0.000149604983479
  64.856683821267822	   0.001059860561615	   0.000509393968988	   0.000384263510138	   0.000009126156852	   0.000157076925638
  66.759670564190785	   0.001023163997315	   0.000495929384144	   0.000363345036306	   0.000008567359887	   0.000155322216978
  68.717645781079014	   0.000987908589293	   0.000481281218239	   0.000345775479071	   0.000008119493349	   0.000152732398634
  70.732198412202351	   0.000960901873526	   0.000465890564630	   0.000324467072732	   0.000007571730823	   0.000162972505341
  72.804963311656010	   0.000923923006507	   0.000451244014238	   0.000304536049683	   0.000007074439417	   0.000161068503169
  74.937622574080706	   0.000893953166914	   0.000438672824630	   0.000290369204991	   0.000006722437501	   0.000158188699792
  77.131906899719596	   0.000869486068612	   0.000423083990227	   0.000267236524871	   0.000006405253837	   0.000172760299677
  79.389596998920211	   0.000838873343839	   0.000409743148906	   0.000252504279734	   0.000006102589741	   0.000170523325458
  81.712525037219976	   0.000810824321028	   0.000397040510099	   0.000240914221876	   0.000005808043351	   0.000167061545702
  84.102576122189461	   0.000782387645574	   0.000358806578463	   0.000229403883502	   0.000005520313173	   0.000188656870436
  86.561689833238859	   0.000757365903942	   0.000348706070120	   0.000218662370876	   0.000005242250302	   0.000184755212645
  89.091861795629356	   0.000731286866555	   0.000337970686752	   0.000207921132907	   0.000004970900048	   0.000180424146848
  91.695145299967734	   0.000706812717935	   0.000328203014574	   0.000197632538281	   0.000004710139847	   0.000176267025232
  94.373652968496771	   0.000681049115339	   0.000317071971894	   0.000187558798373	   0.000004457776095	   0.000171960568978
  97.129558469535269	   0.000655423030325	   0.000305873928234	   0.000177822359150	   0.000004214386350	   0.000167512356592
  99.965098281458040	   0.000630591116209	   0.000295142355718	   0.000168451784439	   0.000003979349393	   0.000163017626659
 102.882573507647322	   0.000606513936612	   0.000284918854009	   0.000159342631715	   0.000003751741426	   0.000158500709463
 105.884351743889738	   0.000583502749991	   0.000275428358829	   0.000150680791960	   0.000003534315332	   0.000153859283871
 108.972868999732071	   0.000559495396016	   0.000264938172353	   0.000142075814624	   0.000003324821313	   0.000149156587726
 112.150631675357559	   0.000536214386269	   0.000254618584352	   0.000133968404807	   0.000003125872518	   0.000144501524591
 115.420218595584998	   0.000513049143036	   0.000244367687543	   0.000126111823243	   0.000002933637302	   0.000139635994949
 118.784283102641851	   0.000491125349776	   0.000234776289617	   0.000118624846551	   0.000002750830714	   0.000134973382894
 122.245555209410981	   0.000469753916555	   0.000225368920383	   0.000111507301246	   0.000002578226265	   0.000130299468661
 125.806843814895657	   0.000445977762837	   0.000213709128292	   0.000104550581130	   0.000002413695483	   0.000125304357931
 129.471038983704346	   0.000425434723191	   0.000204226486430	   0.000098077679746	   0.000002259161664	   0.000120871395352
 133.241114291401544	   0.000403967560779	   0.000193715175772	   0.000091906506185	   0.000002113093463	   0.000116232785359
 137.120129237630067	   0.000383620788621	   0.000183809647100	   0.000086015830199	   0.000001973015282	   0.000111822296041
 141.111231728963531	   0.000366176415141	   0.000175979151643	   0.000080608294176	   0.000001839871726	   0.000107749097596
 145.217660633501509	   0.000348190187105	   0.000167640446730	   0.000075343995778	   0.000001712473127	   0.000103493271470
 149.442748409283439	   0.000332979199075	   0.000161542752226	   0.000070370081676	   0.000001591034691	   0.000099475330483
 153.789923808651281	   0.000316768458791	   0.000154288264253	   0.000065605794717	   0.000001476046864	   0.000095398352957
 158.262714660759030	   0.000300393740993	   0.000146586398488	   0.000061030605007	   0.000001366419044	   0.000091410318454
 162.864750734483721	   0.000284678340977	   0.000139229293843	   0.000056714059392	   0.000001262442322	   0.000087472545420
 167.599766684062956	   0.000269878870935	   0.000132439672683	   0.000052600990574	   0.000001163984435	   0.000083674223244
 172.471605079850434	   0.000255620768457	   0.000125985086648	   0.000048680879258	   0.000001070763676	   0.000079884038876
 177.484219526645859	   0.000241606106557	   0.000119401258796	   0.000044967745546	   0.000000982809676	   0.000076254292538
 182.641677872133812	   0.000227743102119	   0.000112658591740	   0.000041429632154	   0.000000899645271	   0.000072755232954
 187.948165508031963	   0.000214745162895	   0.000106464768016	   0.000038097867080	   0.000000820946894	   0.000069361580905
 193.407988766628506	   0.000202921038778	   0.000101095686063	   0.000034925780400	   0.000000746269369	   0.000066153302946
 199.025578415467606	   0.000191706064197	   0.000096043246275	   0.000031940355978	   0.000000675962811	   0.000063046499133
 204.805493253013822	   0.000180434066299	   0.000090764527935	   0.000029074190539	   0.000000609480948	   0.000059985866877
 210.752423808219334	   0.000169600226941	   0.000085579028062	   0.000026386630643	   0.000000546829291	   0.000057087738945
 216.871196146991878	   0.000159228047346	   0.000080670085472	   0.000023813763107	   0.000000488381367	   0.000054255817400
 223.166775788653098	   0.000149452254941	   0.000076095642803	   0.000021404039042	   0.000000433257441	   0.000051519315655
 229.644271735569305	   0.000140052562912	   0.000071569311433	   0.000019072038604	   0.000000382339983	   0.000049028872892
 236.308940619218248	   0.000131011195310	   0.000067179319415	   0.000017002757623	   0.000000336115101	   0.000046493003172
 243.166190966063510	   0.000122009923761	   0.000062788664786	   0.000014795324299	   0.000000291316495	   0.000044134618181
 250.221587586692891	   0.000114594263977	   0.000058896395696	   0.000013220229396	   0.000000256938745	   0.000042220700140
 257.480856091785029	   0.000105601551843	   0.000054668935405	   0.000011027243126	   0.000000218886839	   0.000039686486473
 264.949887538570579	   0.000099716399597	   0.000051224938432	   0.000010017175655	   0.000000197189835	   0.000038277095676
 272.634743211554110	   0.000091567159361	   0.000046762887642	   0.000008101602921	   0.000000177281817	   0.000036525386981
 280.541659541382273	   0.000085256091653	   0.000043670968440	   0.000007303011153	   0.000000159210678	   0.000034122901382
 288.677053165845052	   0.000079095223659	   0.000037950092559	   0.000006565474507	   0.000000142710726	   0.000034436945867
 297.047526137118098	   0.000073621238836	   0.000035484820126	   0.000005897237677	   0.000000127644735	   0.000032111536298
 305.659871279476704	   0.000068321174282	   0.000033021325491	   0.000005289909864	   0.000000114108611	   0.000029895830316
 314.521077701820843	   0.000062877831337	   0.000030306097325	   0.000004728189608	   0.000000101930478	   0.000027741613927
 323.638336469493936	   0.000057996096118	   0.000027933378708	   0.000004228399468	   0.000000090975564	   0.000025743342379
 333.019046439990916	   0.000053686329386	   0.000025962114673	   0.000003775269786	   0.000000080902127	   0.000023868042801
 342.670820267293834	   0.000049969809470	   0.000024348500095	   0.000003376762875	   0.000000071906391	   0.000022172640108
 352.601490579711538	   0.000045835732730	   0.000022313868466	   0.000003000534462	   0.000000063795790	   0.000020457534012
 362.819116336228660	   0.000042138670851	   0.000020521543783	   0.000002668437945	   0.000000056596354	   0.000018892092770
 373.331989366531559	   0.000038607640695	   0.000018791657860	   0.000002366983947	   0.000000050102494	   0.000017398896394
 384.148641100010821	   0.000035501754062	   0.000017307017391	   0.000002101817048	   0.000000044331502	   0.000016048588121
 395.277849489204300	   0.000032389140192	   0.000015727106739	   0.000001859972762	   0.000000039221616	   0.000014762839074
 406.728646133302504	   0.000029628706445	   0.000014377460057	   0.000001644789753	   0.000000034617338	   0.000013571839296
 418.510323607488203	   0.000027371759296	   0.000013382274270	   0.000001455443099	   0.000000030459446	   0.000012503582481
 430.632443004070865	   0.000025209030859	   0.000012402529835	   0.000001285381772	   0.000000026755487	   0.000011494363765
 443.104841691520960	   0.000023044574028	   0.000011367698001	   0.000001130784424	   0.000000023458735	   0.000010522632870
 455.937641297715857	   0.000021074370574	   0.000010441555502	   0.000000993402539	   0.000000020516968	   0.000009618895564
 469.141255923863469	   0.000019271307103	   0.000009601173605	   0.000000871478446	   0.000000017903580	   0.000008780751472
 482.726400595775146	   0.000017546128638	   0.000008773902017	   0.000000762533502	   0.000000015597094	   0.000007994096025
 496.704099959349207	   0.000015923539045	   0.000007985743094	   0.000000665487465	   0.000000013559302	   0.000007258749184
 511.085697227312266	   0.000014457509293	   0.000007282586553	   0.000000580029924	   0.000000011760562	   0.000006583132255
 525.882863384490292	   0.000013099826772	   0.000006626365806	   0.000000504545716	   0.000000010180135	   0.000005958735116
 541.107606659070711	   0.000011829207643	   0.000006002781091	   0.000000437764082	   0.000000008795065	   0.000005379867405
 556.772282267543233	   0.000010657001768	   0.000005421751313	   0.000000379114759	   0.000000007586812	   0.000004848548883
 572.889602441236434	   0.000009577815202	   0.000004882346860	   0.000000327691067	   0.000000006532657	   0.000004361244618
 589.472646742570191	   0.000008606866029	   0.000004400882269	   0.000000282709026	   0.000000005613368	   0.000003917661366
 606.534872679413866	   0.000007727003890	   0.000003963881011	   0.000000243451864	   0.000000004814611	   0.000003514856405
 624.090126626151346	   0.000006929453835	   0.000003570703915	   0.000000209229791	   0.000000004117763	   0.000003145402367
 642.152655060318466	   0.000006223293657	   0.000003228018391	   0.000000179445309	   0.000000003511465	   0.000002812318493
 660.737116123939131	   0.000005557167442	   0.000002894974770	   0.000000153566489	   0.000000002990486	   0.000002505635697
 679.858591518928051	   0.000004949668822	   0.000002591607475	   0.000000130936963	   0.000000002536972	   0.000002224587412
 699.532598746229382	   0.000004394426524	   0.000002306396326	   0.000000111628104	   0.000000002153945	   0.000001974248149
 719.775103698611815	   0.000003852517235	   0.000002014590295	   0.000000094623445	   0.000000001826481	   0.000001741477013
 740.602533617341351	   0.000003409130106	   0.000001787140123	   0.000000080380577	   0.000000001544738	   0.000001540064667
 762.031790423256780	   0.000003021123473	   0.000001590089911	   0.000000068223471	   0.000000001303928	   0.000001361506163
 784.080264433047546	   0.000002665584956	   0.000001406626150	   0.000000057729367	   0.000000001098532	   0.000001200130907
 806.765848471885533	   0.000002351369441	   0.000001245701615	   0.000000048757719	   0.000000000922807	   0.000001055987299
 830.106952393847109	   0.000002073086959	   0.000001103334464	   0.000000041113917	   0.000000000773406	   0.000000927865171
 854.122518021915312	   0.000001819278762	   0.000000971400596	   0.000000034559438	   0.000000000646798	   0.000000812671930
 878.832034519694730	   0.000001595275323	   0.000000855476136	   0.000000028983451	   0.000000000539228	   0.000000710276509
 904.255554207292789	   0.000001396848870	   0.000000752439517	   0.000000024261819	   0.000000000448577	   0.000000619698957
 930.413708834228146	   0.000001217944014	   0.000000658508860	   0.000000020240085	   0.000000000372090	   0.000000538822979
 957.327726322546596	   0.000001060992188	   0.000000576193205	   0.000000016852174	   0.000000000307874	   0.000000467638934
 985.019447993754852	   0.000000921888591	   0.000000502915008	   0.000000013990666	   0.000000000253922	   0.000000404728994
1013.511346293535780	   0.000000798536624	   0.000000437326064	   0.000000011586782	   0.000000000209036	   0.000000349414743
1042.826543028632614	   0.000000690247876	   0.000000379843810	   0.000000009563839	   0.000000000171348	   0.000000300668879
1072.988828130713273	   0.000000595258745	   0.000000328853246	   0.000000007882013	   0.000000000140338	   0.000000258383150
1104.022678962420287	   0.000000511196909	   0.000000283732709	   0.000000006465217	   0.000000000114322	   0.000000220884661
1135.953280181299306	   0.000000438468620	   0.000000244108779	   0.000000005301557	   0.000000000093209	   0.000000188965075
1168.806544177704154	   0.000000370510192	   0.000000205662844	   0.000000004321164	   0.000000000075902	   0.000000160450281
1202.609132103271577	   0.000000316541308	   0.000000176339125	   0.000000003523988	   0.000000000061527	   0.000000136616667
1237.388475507045314	   0.000000270543582	   0.000000151309176	   0.000000002870873	   0.000000000049806	   0.000000116313727
1273.172798596775920	   0.000000230468266	   0.000000129595198	   0.000000002327563	   0.000000000040070	   0.000000098505434
1309.991141143499590	   0.000000197544354	   0.000000112169543	   0.000000001885386	   0.000000000032079	   0.000000083457346
1347.873382047951964	   0.000000167352946	   0.000000095619145	   0.000000001518278	   0.000000000025599	   0.000000070189923
1386.850263587954032	   0.000000140849369	   0.000000080889611	   0.000000001216749	   0.000000000020338	   0.000000058722670
1426.953416366460715	   0.000000118128324	   0.000000068172827	   0.000000000972158	   0.000000000016116	   0.000000048967222
1468.215384980486078	   0.000000098721016	   0.000000057274793	   0.000000000773113	   0.000000000012701	   0.000000040660408
1510.669654431772869	   0.000000082239881	   0.000000047950318	   0.000000000613418	   0.000000000009994	   0.000000033666151
1554.350677300611778	   0.000000068209834	   0.000000039990925	   0.000000000483794	   0.000000000007808	   0.000000027727308
1599.293901704867267	   0.000000056403375	   0.000000033226516	   0.000000000381194	   0.000000000006103	   0.000000022789562
1645.535800066920501	   0.000000046359356	   0.000000027458891	   0.000000000297927	   0.000000000004728	   0.000000018597810
1693.113898711837692	   0.000000037831326	   0.000000022417429	   0.000000000233225	   0.000000000003689	   0.000000015176984
1742.066808320824975	   0.000000030522410	   0.000000018082112	   0.000000000180475	   0.000000000002848	   0.000000012256975
1792.434255264645572	   0.000000024899065	   0.000000014760770	   0.000000000141078	   0.000000000002216	   0.000000009995001
1844.257113842446870	   0.000000020143356	   0.000000011976689	   0.000000000108880	   0.000000000001699	   0.000000008056088
1897.577439452170211	   0.000000016558012	   0.000000009906189	   0.000000000084938	   0.000000000001309	   0.000000006565577
1952.438502719424378	   0.000000013313536	   0.000000007989796	   0.000000000065128	   0.000000000000997	   0.000000005257616
2008.884824612568991	   0.000000010836736	   0.000000006542052	   0.000000000050318	   0.000000000000760	   0.000000004243605
2066.962212572464068	   0.000000008660102	   0.000000005245382	   0.000000000038320	   0.000000000000574	   0.000000003375825
2126.717797686213089	   0.000000006978606	   0.000000004251455	   0.000000000029300	   0.000000000000434	   0.000000002697417
2188.200072935102071	   0.000000005546248	   0.000000003392696	   0.000000000022151	   0.000000000000325	   0.000000002131076
2251.458932547709992	   0.000000004422388	   0.000000002720564	   0.000000000016754	   0.000000000000242	   0.000000001684828
2316.545712490196365	   0.000000003488850	   0.000000002156149	   0.000000000012558	   0.000000000000180	   0.000000001319962
2383.513232126565981	   0.000000002751371	   0.000000001709824	   0.000000000009393	   0.000000000000133	   0.000000001032022
2452.415837082751750	   0.000000002150909	   0.000000001343101	   0.000000000006972	   0.000000000000097	   0.000000000800739
2523.309443349305639	   0.000000001676197	   0.000000001052150	   0.000000000005154	   0.000000000000071	   0.000000000618822
2596.251582658446296	   0.000000001297315	   0.000000000818403	   0.000000000003785	   0.000000000000051	   0.000000000475075
2671.301449172356115	   0.000000000999455	   0.000000000633789	   0.000000000002765	   0.000000000000037	   0.000000000362863
2748.519947520530422	   0.000000000765035	   0.000000000487654	   0.000000000002006	   0.000000000000026	   0.000000000275348
2827.969742225257505	   0.000000000582302	   0.000000000373127	   0.000000000001447	   0.000000000000019	   0.000000000207709
2909.715308555253614	   0.000000000440309	   0.000000000283654	   0.000000000001037	   0.000000000000013	   0.000000000155606
2993.822984848768556	   0.000000000330827	   0.000000000214260	   0.000000000000738	   0.000000000000009	   0.000000000115820
3080.361026348630730	   0.000000000246808	   0.000000000160735	   0.000000000000521	   0.000000000000006	   0.000000000085546
3169.399660592879627	   0.000000000182855	   0.000000000119731	   0.000000000000365	   0.000000000000004	   0.000000000062755
3261.011144405973482	   0.000000000134407	   0.000000000088526	   0.000000000000254	   0.000000000000003	   0.000000000045624
3355.269822536785341	   0.000000000098064	   0.000000000064946	   0.000000000000175	   0.000000000000002	   0.000000000032941
3452.252187991046867	   0.000000000070863	   0.000000000047224	   0.000000000000119	   0.000000000000001	   0.000000000023519
3552.036944107091585	   0.000000000050786	   0.000000000034019	   0.000000000000081	   0.000000000000001	   0.000000000016686
3654.705068425367699	   0.000000000035999	   0.000000000024279	   0.000000000000054	   0.000000000000001	   0.000000000011665
3760.339878403509374	   0.000000000025326	   0.000000000017158	   0.000000000000036	   0.000000000000000	   0.000000000008131
3869.027099030277441	   0.000000000017563	   0.000000000011998	   0.000000000000023	   0.000000000000000	   0.000000000005541
3980.854932393318904	   0.000000000012110	   0.000000000008297	   0.000000000000015	   0.000000000000000	   0.000000000003797
4095.914129257097557	   0.000000000008174	   0.000000000005665	   0.000000000000010	   0.000000000000000	   0.000000000002499
4214.298062709161059	   0.000000000005525	   0.000000000003824	   0.000000000000006	   0.000000000000000	   0.000000000001694
4336.102803934437361	   0.000000000003612	   0.000000000002554	   0.000000000000004	   0.000000000000000	   0.000000000001055
4461.427200179180545	   0.000000000002355	   0.000000000001631	   0.000000000000002	   0.000000000000000	   0.000000000000722
4590.372954967662736	   0.000000000001447	   0.000000000001047	   0.000000000000001	   0.000000000000000	   0.000000000000399
4723.044710636855598	   0.000000000001017	   0.000000000000708	   0.000000000000001	   0.000000000000000	   0.000000000000309
4859.550133256005211	   0.000000000000612	   0.000000000000485	   0.000000000000000	   0.000000000000000	   0.000000000000127
5000.000000000002728	   0.000000000000629	   0.000000000000499	   0.000000000000000	   0.000000000000000	   0.000000000000131
