 PROD	               ASSET	   searchEffortWWUS0	   searchEffortWWUL0	    searchEffortVEWW
    0	   0.000000000000000	   1.168935969289802	   1.580700913778126	   0.000000000000000
    0	   0.028895878633786	   1.095257080169669	   1.580700913778126	   0.000000000000000
    0	   0.058626729069591	   1.021584769968744	   1.212165274242859	   0.000000000000000
    0	   0.089216678551268	   0.956194937658178	   1.212165257272883	   0.000000000000000
    0	   0.120690551500581	   0.950526538866174	   1.108958284695015	   0.013325495800773
    0	   0.153073889662773	   0.912516107018778	   1.021584866083507	   0.016899889515766
    0	   0.186392972834257	   0.878593176174300	   0.976275189491661	   0.019135562359470
    0	   0.220674840189252	   0.854623637968279	   0.956194848301594	   0.020745252668840
    0	   0.255947312222677	   0.824403149781809	   0.912516128907612	   0.021935448141310
    0	   0.292239013327094	   0.808911598459523	   0.877447159714828	   0.022962635404886
    0	   0.329579395022038	   0.786230838401549	   0.849270828245785	   0.023637061642673
    0	   0.367998759854577	   0.765266121839756	   0.815736788689415	   0.024126415595847
    0	   0.407528285990505	   0.745409595218269	   0.799644328682495	   0.024350409902124
    0	   0.448200052516108	   0.730325076931160	   0.775144875474215	   0.024428956801309
    0	   0.490047065471057	   0.715892284541129	   0.759503776511778	   0.024436290387941
    0	   0.533103284633538	   0.701797771602028	   0.741387469207910	   0.024435667683170
    0	   0.577403651079368	   0.686942864378124	   0.724410871123030	   0.024384465590360
    0	   0.622984115537448	   0.674840093300202	   0.708295843812265	   0.024214805728048
    0	   0.669881667564581	   0.661652669354265	   0.691943083301375	   0.023982402301335
    0	   0.718134365563312	   0.648898087063047	   0.677173806014218	   0.023828416202654
    0	   0.767781367667167	   0.636064657315830	   0.662970841429927	   0.023665086622097
    0	   0.818862963518346	   0.624076111845509	   0.649247169951310	   0.023518426699534
    0	   0.871420606963662	   0.613515631210997	   0.636064724397479	   0.023368472111315
    0	   0.925496949695250	   0.603320309831924	   0.624076125655125	   0.023210944612505
    0	   0.981135875863370	   0.593381529250503	   0.612684881865751	   0.023068760017930
    0	   1.038382537689358	   0.583498371801205	   0.601716262461599	   0.022933855991980
    0	   1.097283392107659	   0.574734340147026	   0.591128444259735	   0.022801501363376
    0	   1.157886238466658	   0.565711609539926	   0.580840658478417	   0.022657650041746
    0	   1.220240257318908	   0.556816511843457	   0.571149349535059	   0.022519215383614
    0	   1.284396050332241	   0.548547283152365	   0.561770992774450	   0.022388535117570
    0	   1.350405681354142	   0.540418397248509	   0.552647393735495	   0.023670602742963
    0	   1.418322718662713	   0.532382260173162	   0.543914103159423	   0.032298608082252
    0	   1.488202278438519	   0.524572853621621	   0.535483735609592	   0.041760757920276
    0	   1.560101069492589	   0.517057517730218	   0.527292346019375	   0.051417940022688
    0	   1.634077439286873	   0.509718505514137	   0.519351857154191	   0.061092070376135
    0	   1.710191421284502	   0.501206073477471	   0.511693248908925	   0.070494639300869
    0	   1.788504783668267	   0.493350899764972	   0.504268603457684	   0.079440144231811
    0	   1.869081079466878	   0.485912781329817	   0.496081900298231	   0.087825569084727
    0	   1.951985698129646	   0.478618315862045	   0.488237919513251	   0.095732847072080
    0	   2.037285918591472	   0.471494477698967	   0.480572124042238	   0.103154888990803
    0	   2.125050963871200	   0.464567257038723	   0.473103171662214	   0.110142789803594
    0	   2.215352057247619	   0.457767932038767	   0.465856011196824	   0.116711497815355
    0	   2.308262480058741	   0.451033197557905	   0.458766256823998	   0.122852953226006
    0	   2.403857631171228	   0.444056583777148	   0.451765620505814	   0.128512120464800
    0	   2.502215088168239	   0.437424168791859	   0.444551275248668	   0.133735127332737
    0	   2.603414670305364	   0.430966343057463	   0.437677194051726	   0.138641687460530
    0	   2.707538503285713	   0.424601231608517	   0.430993556636701	   0.143274820379593
    0	   2.814671085906746	   0.418347935853679	   0.424418844384977	   0.147691996919474
    0	   2.924899358632921	   0.412212537471901	   0.417969638720167	   0.151973732802020
    0	   3.038312774149804	   0.406162745745292	   0.411651551208621	   0.156238256068558
    0	   3.155003369956905	   0.400116417325953	   0.405430002067488	   0.160719259036710
    0	   3.275065843058154	   0.394223424539418	   0.399216256310193	   0.165697288981206
    0	   3.398597626810607	   0.388444455566849	   0.393173094506782	   0.171546228700415
    0	   3.525698969993787	   0.382769096869475	   0.387255746962416	   0.177718455896911
    0	   3.656473018163779	   0.377222280343073	   0.381452251175896	   0.183653282070725
    0	   3.791025897358140	   0.371719200315994	   0.375791712233813	   0.189275248754581
    0	   3.929466800219529	   0.366064706788851	   0.370175545766009	   0.196418212741712
    0	   4.071908074607951	   0.360497674416775	   0.364374298770724	   0.203912446534359
    0	   4.218465314773542	   0.355373141023668	   0.358685113542233	   0.210981396495396
    0	   4.369257455163862	   0.350368972061494	   0.353526342428590	   0.217227677231360
    0	   4.524406866941830	   0.345227690512993	   0.348480997406583	   0.223150885519642
    0	   4.684039457292635	   0.340043213594258	   0.343233805444164	   0.228976547708000
    0	   4.848284771600217	   0.334682562370471	   0.337931185570287	   0.234393360030308
    0	   5.017276098576197	   0.329583936882968	   0.332682819261113	   0.239413818372112
    0	   5.191150578426639	   0.324780044114794	   0.327707226203340	   0.244119230472218
    0	   5.370049314144351	   0.319997880272269	   0.322923815682677	   0.248576915354384
    0	   5.554117486017097	   0.315164680706192	   0.318164346309080	   0.252723674809511
    0	   5.743504469444626	   0.310345288255218	   0.313253183880252	   0.256515573463396
    0	   5.938363956160092	   0.305507821829280	   0.308333051507369	   0.260031303252407
    0	   6.138854078954332	   0.300728817039234	   0.303458646525535	   0.263302317342371
    0	   6.345137540004107	   0.296025632426925	   0.298654242250568	   0.266336912399933
    0	   6.557381742908535	   0.291341543641886	   0.293881061813979	   0.269120112193644
    0	   6.775758928540808	   0.286701820201588	   0.289150775986557	   0.271665420244790
    0	   7.000446314825505	   0.282077099860432	   0.284444278954856	   0.273999091003060
    0	   7.231626240554826	   0.277423574586522	   0.279727114634832	   0.276124928188895
    0	   7.469486313360592	   0.272791297674204	   0.275028468622214	   0.278035821525505
    0	   7.714219561961972	   0.268235629444394	   0.270392210600876	   0.279757131228719
    0	   7.966024592812593	   0.263738508432872	   0.265812783420041	   0.281306889198064
    0	   8.225105751274045	   0.259288693612839	   0.261284418758904	   0.282692595126944
    0	   8.491673287446705	   0.254842265058476	   0.256772123304600	   0.283916488068146
    0	   8.765943526792318	   0.250412165772108	   0.252275356761866	   0.284956822673166
    0	   9.048139045686920	   0.246102531807537	   0.247830488780940	   0.285854491487252
    0	   9.338488852046499	   0.241828545825382	   0.243429786275368	   0.286625033183503
    0	   9.637228571171983	   0.237578672078890	   0.239052099487898	   0.287271708334782
    0	   9.944600636964415	   0.233347109353818	   0.234693607790108	   0.287804145263623
    0	  10.260854488665400	   0.229134434808462	   0.230358908652882	   0.288234327592828
    0	  10.586246773282603	   0.224946115644200	   0.226058386147100	   0.288554145643046
    0	  10.921041553864477	   0.220785886141733	   0.221794367793300	   0.288768463033077
    0	  11.265510523793269	   0.216634811945409	   0.217575167611885	   0.288882330949222
    0	  11.619933227270224	   0.212497827962786	   0.213392728582107	   0.288899936206022
    0	  11.984597286171908	   0.208396454875536	   0.209242325388191	   0.288824471426797
    0	  12.359798633461725	   0.204336717222885	   0.205131068204227	   0.288659654439395
    0	  12.745841753346063	   0.200320267250878	   0.201068161921391	   0.288408664258189
    0	  13.143039928369985	   0.196344597144145	   0.197051897761505	   0.288076245843347
    0	  13.551715493652951	   0.192408358313307	   0.193076182374092	   0.287664410220007
    0	  13.972200098470935	   0.188515060587880	   0.189140299055459	   0.287173926093888
    0	  14.404834975397117	   0.184668645725864	   0.185251847691088	   0.286612898212104
    0	  14.849971217219700	   0.180874597244650	   0.181415034524233	   0.285984914277630
    0	  15.307970061861486	   0.177134398656733	   0.177637082320879	   0.285292307797853
    0	  15.779203185532456	   0.173447966245230	   0.173916062441180	   0.284537323690084
    0	  16.264053004353240	   0.169818006556147	   0.170250533203281	   0.283723557486863
    0	  16.762912984694282	   0.166240929664939	   0.166645276333549	   0.282853805644025
    0	  17.276187962482517	   0.162714789848053	   0.163091503983129	   0.281930478321407
    0	  17.804294471734682	   0.159239579698942	   0.159588081306332	   0.280955756944925
    0	  18.347661082583901	   0.155816746711213	   0.156136769103887	   0.279932003990167
    0	  18.906728749073878	   0.152444947041952	   0.152740541142392	   0.278861385466832
    0	  19.481951167002819	   0.149123172297057	   0.149395261035261	   0.277745840393753
    0	  20.073795142107674	   0.145853380918403	   0.146100307064493	   0.276587222705992
    0	  20.682740968887291	   0.142636769335982	   0.142860235442595	   0.275387348020255
    0	  21.309282820372090	   0.139472496753978	   0.139679995110074	   0.274147992097647
    0	  21.953929149156366	   0.136360008600523	   0.136557059943010	   0.272870793723971
    0	  22.617203100018923	   0.133298757638819	   0.133485140548530	   0.271557354542725
    0	  23.299642934466547	   0.130289209149993	   0.130463751504950	   0.270209294030174
    0	  24.001802467545247	   0.127330714208707	   0.127493383015241	   0.268828181205337
    0	  24.724251517273323	   0.124422578589951	   0.124573519539657	   0.267415433129132
    0	  25.467576367061440	   0.121564180134987	   0.121703430930700	   0.265972434592676
    0	  26.232380241494525	   0.118755389252882	   0.118882465088790	   0.264500603058376
    0	  27.019283795861874	   0.115995667364907	   0.116110643599901	   0.263001225076686
    0	  27.828925619832713	   0.113284424489388	   0.113387427113853	   0.261475536395099
    0	  28.661962755685852	   0.110621152979869	   0.110712198864376	   0.259924845801228
    0	  29.519071231514047	   0.108005629383395	   0.108084544919021	   0.258350239496836
    0	  30.400946609835739	   0.105437390551563	   0.105504297990694	   0.256752969228505
    0	  31.308304552059560	   0.102915881797180	   0.102970935956455	   0.255134120252025
    0	  32.241881399259285	   0.100440659951804	   0.100483964948301	   0.253494820690735
    0	  33.202434769730999	   0.098011261169456	   0.098042942816623	   0.251836192374720
    0	  34.190744173817144	   0.095627189201559	   0.095647455333912	   0.250159355642209
    0	  35.207611646496368	   0.093287922927582	   0.093297040050578	   0.248465410884203
    0	  36.253862398252807	   0.090991082859012	   0.090991093327846	   0.246755595365758
    0	  37.330345484752499	   0.088729166150701	   0.088729200314327	   0.245031157092749
    0	  38.437934495871005	   0.086510818486522	   0.086510864910722	   0.243293722825923
    0	  39.577528264630907	   0.084335502701553	   0.084335526379915	   0.241544262681186
    0	  40.750051596624701	   0.082202719487410	   0.082202760791402	   0.239785985634340
    0	  41.956456020515084	   0.080112010567460	   0.080114554863938	   0.238041038481303
    0	  43.197720560221484	   0.078062874232964	   0.078070294424797	   0.236297888535359
    0	  44.474852529419636	   0.076054254980520	   0.076066241012237	   0.234548696643127
    0	  45.788888348999080	   0.074084595921763	   0.074100418415562	   0.232788512769414
    0	  47.140894388141525	   0.072153383391099	   0.072173112914081	   0.231017657642603
    0	  48.531967829703191	   0.070260087489946	   0.070283877222462	   0.229236746203976
    0	  49.963237560602892	   0.068403758625886	   0.068431258704453	   0.227452988715829
    0	  51.435865087938907	   0.066584083057697	   0.066615412836327	   0.225666137415274
    0	  52.951045481577594	   0.064802199011613	   0.064838401856233	   0.223870283708344
    0	  54.510008343979123	   0.063057732191833	   0.063098771732962	   0.222064370500277
    0	  56.114018808047234	   0.061350343793273	   0.061396329564572	   0.220228494025881
    0	  57.764378563812329	   0.059680409299706	   0.059731701856257	   0.218386639830129
    0	  59.462426914782107	   0.058047993824514	   0.058104671478301	   0.216539670536033
    0	  61.209541864815861	   0.056453096247300	   0.056515287476274	   0.214688524137641
    0	  63.007141236405005	   0.054895596235214	   0.054963261090694	   0.212834629980952
    0	  64.856683821267822	   0.053375538310991	   0.053448666718622	   0.210978610508812
    0	  66.759670564190785	   0.051891654700020	   0.051969552623089	   0.209120993467513
    0	  68.717645781079014	   0.050443140152814	   0.050525454707807	   0.207262446449904
    0	  70.732198412202351	   0.049034822239123	   0.049116593801197	   0.205403523790290
    0	  72.804963311656010	   0.047664184867567	   0.047741750977000	   0.203544889570700
    0	  74.937622574080706	   0.046326822177876	   0.046400349097926	   0.201687310926451
    0	  77.131906899719596	   0.045022617444825	   0.045092314366728	   0.199831408010138
    0	  79.389596998920211	   0.043750597370432	   0.043816628706037	   0.197977892684397
    0	  81.712525037219976	   0.042509773765416	   0.042572340745806	   0.196127953139936
    0	  84.102576122189461	   0.041299847861117	   0.041359144979052	   0.194281480353757
    0	  86.561689833238859	   0.040119976838104	   0.040176154731734	   0.192440645936238
    0	  89.091861795629356	   0.038969695518036	   0.039022928859792	   0.190604660966961
    0	  91.695145299967734	   0.037847764834518	   0.037898192524166	   0.188769834804390
    0	  94.373652968496771	   0.036754135775479	   0.036801910890018	   0.186936436204770
    0	  97.129558469535269	   0.035688378336220	   0.035733624286101	   0.185106065420821
    0	  99.965098281458040	   0.034649216819259	   0.034692081867199	   0.183282532883193
    0	 102.882573507647322	   0.033636798982312	   0.033677388542438	   0.181463007007762
    0	 105.884351743889738	   0.032650128984563	   0.032688547682024	   0.179646110175835
    0	 108.972868999732071	   0.031688618235932	   0.031725007390856	   0.177832179475530
    0	 112.150631675357559	   0.030752197556570	   0.030786638680504	   0.176021524063212
    0	 115.420218595584998	   0.029839878672476	   0.029872489794251	   0.174214516435227
    0	 118.784283102641851	   0.028951315954010	   0.028982182840618	   0.172411371802217
    0	 122.245555209410981	   0.028086117881592	   0.028115328337736	   0.170612326272749
    0	 125.806843814895657	   0.027243591173536	   0.027271228003695	   0.168817473499726
    0	 129.471038983704346	   0.026423329367609	   0.026449470968425	   0.167027029944414
    0	 133.241114291401544	   0.025624867053645	   0.025649602202944	   0.165241467970519
    0	 137.120129237630067	   0.024847697535686	   0.024871100461853	   0.163461298331778
    0	 141.111231728963531	   0.024091361447036	   0.024113477538133	   0.161687149819343
    0	 145.217660633501509	   0.023355407801612	   0.023376317411702	   0.159919541125033
    0	 149.442748409283439	   0.022639360085353	   0.022659140283506	   0.158159000252394
    0	 153.789923808651281	   0.021942766299980	   0.021961469251588	   0.156405810760492
    0	 158.262714660759030	   0.021265211232751	   0.021282891684702	   0.154660185616865
    0	 162.864750734483721	   0.020606240317880	   0.020622947665520	   0.152922145583194
    0	 167.599766684062956	   0.019965437891872	   0.019981225419364	   0.151191737489836
    0	 172.471605079850434	   0.019342388184726	   0.019357300039828	   0.149468757490081
    0	 177.484219526645859	   0.018736671194274	   0.018750763785094	   0.147752697712342
    0	 182.641677872133812	   0.018147883823021	   0.018161196527062	   0.146042914572742
    0	 187.948165508031963	   0.017575651976445	   0.017588232697439	   0.144339515030864
    0	 193.407988766628506	   0.017019583488296	   0.017031462883108	   0.142642935403795
    0	 199.025578415467606	   0.016479300448303	   0.016490510670129	   0.140953834930503
    0	 204.805493253013822	   0.015954402578454	   0.015964989877574	   0.139273069678748
    0	 210.752423808219334	   0.015444540045083	   0.015454526236663	   0.137601732789865
    0	 216.871196146991878	   0.014949321871823	   0.014958759849939	   0.135940404044630
    0	 223.166775788653098	   0.014468395549135	   0.014477293742541	   0.134289194663314
    0	 229.644271735569305	   0.014001401693949	   0.014009802521617	   0.132648227545821
    0	 236.308940619218248	   0.013548000339795	   0.013555926482908	   0.131017622584470
    0	 243.166190966063510	   0.013107837384969	   0.013115314098244	   0.129397471734698
    0	 250.221587586692891	   0.012680594677535	   0.012687649399411	   0.127787910646256
    0	 257.480856091785029	   0.012265942613908	   0.012272591113675	   0.126189015376438
    0	 264.949887538570579	   0.011863553976436	   0.011869829894465	   0.124600983425606
    0	 272.634743211554110	   0.011473127247697	   0.011479042197542	   0.123023840865417
    0	 280.541659541382273	   0.011094346181879	   0.011099927669202	   0.121457625209197
    0	 288.677053165845052	   0.010726919230241	   0.010732180349950	   0.119902484814000
    0	 297.047526137118098	   0.010370539151900	   0.010375499006239	   0.118358595161945
    0	 305.659871279476704	   0.010024929089306	   0.010029606776621	   0.116825892058792
    0	 314.521077701820843	   0.009689804433236	   0.009694208079984	   0.115304147448514
    0	 323.638336469493936	   0.009364882316073	   0.009369033819951	   0.113793369008104
    0	 333.019046439990916	   0.009049902739453	   0.009053811595478	   0.112293942427441
    0	 342.670820267293834	   0.008744594857573	   0.008748275890704	   0.110805788322110
    0	 352.601490579711538	   0.008448698343402	   0.008452170342199	   0.109328642150229
    0	 362.819116336228660	   0.008161961682824	   0.008165232312039	   0.107862436012994
    0	 373.331989366531559	   0.007884144657762	   0.007887218982376	   0.106407008804543
    0	 384.148641100010821	   0.007614992710465	   0.007617887381024	   0.104962005635667
    0	 395.277849489204300	   0.007354281956797	   0.007357006822522	   0.103527263515080
    0	 406.728646133302504	   0.007101774252095	   0.007104342046148	   0.102102817670816
    0	 418.510323607488203	   0.006857249540698	   0.006859665702597	   0.100688912397459
    0	 430.632443004070865	   0.006620485179975	   0.006622758122401	   0.099285948188749
    0	 443.104841691520960	   0.006391265277450	   0.006393402990345	   0.097894394675925
    0	 455.937641297715857	   0.006169374717759	   0.006171385870873	   0.096514636954199
    0	 469.141255923863469	   0.005954605600971	   0.005956496213226	   0.095146798148524
    0	 482.726400595775146	   0.005746750944261	   0.005748532233874	   0.093790872459956
    0	 496.704099959349207	   0.005545613485234	   0.005547289945438	   0.092446886746560
    0	 511.085697227312266	   0.005351002320343	   0.005352577291456	   0.091114863877731
    0	 525.882863384490292	   0.005162724039617	   0.005164205754280	   0.089794771792969
    0	 541.107606659070711	   0.004980596073244	   0.004981991292261	   0.088486640380663
    0	 556.772282267543233	   0.004804437772175	   0.004805746195241	   0.087190459233329
    0	 572.889602441236434	   0.004634071647016	   0.004635303260164	   0.085906179482853
    0	 589.472646742570191	   0.004469329672114	   0.004470485324873	   0.084633659330580
    0	 606.534872679413866	   0.004310040158821	   0.004311129703784	   0.083371787645382
    0	 624.090126626151346	   0.004156044644866	   0.004157068546887	   0.082119824639613
    0	 642.152655060318466	   0.004007189667859	   0.004008149708073	   0.080877720455788
    0	 660.737116123939131	   0.003863315791160	   0.003864217549624	   0.079645528314668
    0	 679.858591518928051	   0.003724276373958	   0.003725123199720	   0.078423289789663
    0	 699.532598746229382	   0.003589925250473	   0.003590718542289	   0.077211926231927
    0	 719.775103698611815	   0.003460115850480	   0.003460863203042	   0.076012394855245
    0	 740.602533617341351	   0.003334708941064	   0.003335411350889	   0.074824943629289
    0	 762.031790423256780	   0.003213568473515	   0.003214225964911	   0.073649526875220
    0	 784.080264433047546	   0.003096558636349	   0.003097176933082	   0.072486207219370
    0	 806.765848471885533	   0.002983553152862	   0.002984132474262	   0.071334933245163
    0	 830.106952393847109	   0.002874423134321	   0.002874968649463	   0.070195710394725
    0	 854.122518021915312	   0.002769048709917	   0.002769560133801	   0.069068494187516
    0	 878.832034519694730	   0.002667312339846	   0.002667791678063	   0.067953232935795
    0	 904.255554207292789	   0.002569094905237	   0.002569545345833	   0.066849903180294
    0	 930.413708834228146	   0.002474286902472	   0.002474709662681	   0.065758473338806
    0	 957.327726322546596	   0.002382779897828	   0.002383176609107	   0.064678877755040
    0	 985.019447993754852	   0.002294466656366	   0.002294838136695	   0.063611086638443
    0	1013.511346293535780	   0.002209244207028	   0.002209591956984	   0.062555039799253
    0	1042.826543028632614	   0.002127012997664	   0.002127340187154	   0.061510689422497
    0	1072.988828130713273	   0.002047676514215	   0.002047983307275	   0.060477999038514
    0	1104.022678962420287	   0.001971139361531	   0.001971427357919	   0.059456902577504
    0	1135.953280181299306	   0.001897310971281	   0.001897580915820	   0.058447353967466
    0	1168.806544177704154	   0.001826101810588	   0.001826354781823	   0.057449291727340
    0	1202.609132103271577	   0.001757426721667	   0.001757664081911	   0.056462658806956
    0	1237.388475507045314	   0.001691202204304	   0.001691423138351	   0.055487200758997
    0	1273.172798596775920	   0.001627344674493	   0.001627552912759	   0.054522435464780
    0	1309.991141143499590	   0.001565777478892	   0.001565972766722	   0.053568051778020
    0	1347.873382047951964	   0.001506424909815	   0.001506607724398	   0.052623956193246
    0	1386.850263587954032	   0.001449212747905	   0.001449384131042	   0.051690062078267
    0	1426.953416366460715	   0.001394069226492	   0.001394230038392	   0.050766461287151
    0	1468.215384980486078	   0.001340925372938	   0.001341075650516	   0.049853517073874
    0	1510.669654431772869	   0.001289712954927	   0.001289853918222	   0.048951443203334
    0	1554.350677300611778	   0.001240366191551	   0.001240498250938	   0.048060268395798
    0	1599.293901704867267	   0.001192821164316	   0.001192944621467	   0.047179974466436
    0	1645.535800066920501	   0.001147016458576	   0.001147131467086	   0.046310484880330
    0	1693.113898711837692	   0.001102891074299	   0.001102999100315	   0.045451741991868
    0	1742.066808320824975	   0.001060387947460	   0.001060488853172	   0.044603641707692
    0	1792.434255264645572	   0.001019450708420	   0.001019545473686	   0.043766087285228
    0	1844.257113842446870	   0.000980024680017	   0.000980113678137	   0.042939002929874
    0	1897.577439452170211	   0.000942057815855	   0.000942141397544	   0.042122329161911
    0	1952.438502719424378	   0.000905499474349	   0.000905577187806	   0.041316010656803
    0	2008.884824612568991	   0.000870300341007	   0.000870373306332	   0.040520027854231
    0	2066.962212572464068	   0.000836411652851	   0.000836479712415	   0.039734307328686
    0	2126.717797686213089	   0.000803788288527	   0.000803852179210	   0.038958795671327
    0	2188.200072935102071	   0.000772385115184	   0.000772444835947	   0.038193438222858
    0	2251.458932547709992	   0.000742159085694	   0.000742215142466	   0.037438051584151
    0	2316.545712490196365	   0.000713068396763	   0.000713121014500	   0.036692127150235
    0	2383.513232126565981	   0.000685072889830	   0.000685121909695	   0.035955309956423
    0	2452.415837082751750	   0.000658133610826	   0.000658179038692	   0.035227342918565
    0	2523.309443349305639	   0.000632212276766	   0.000632255238813	   0.034508069867380
    0	2596.251582658446296	   0.000607273191289	   0.000607313175646	   0.033797385196930
    0	2671.301449172356115	   0.000583281126146	   0.000583318321189	   0.033095343125143
    0	2748.519947520530422	   0.000560201117384	   0.000560236310386	   0.032402304634018
    0	2827.969742225257505	   0.000538001331321	   0.000538034055207	   0.031718479483086
    0	2909.715308555253614	   0.000516648821591	   0.000516679341492	   0.031043937193768
    0	2993.822984848768556	   0.000496113014730	   0.000496141805834	   0.030378664908217
    0	3080.361026348630730	   0.000476364240273	   0.000476390823866	   0.029722637390390
    0	3169.399660592879627	   0.000457373684234	   0.000457398610154	   0.029075788623729
    0	3261.011144405973482	   0.000439113132553	   0.000439136504386	   0.028438054509807
    0	3355.269822536785341	   0.000421556246429	   0.000421578161295	   0.027809348481378
    0	3452.252187991046867	   0.000404676785859	   0.000404697334849	   0.027189599854629
    0	3552.036944107091585	   0.000388450196663	   0.000388469250502	   0.026578724036954
    0	3654.705068425367699	   0.000372851773223	   0.000372869634981	   0.025962788236745
    0	3760.339878403509374	   0.000357858908227	   0.000357875209088	   0.025337385828992
    0	3869.027099030277441	   0.000343452166927	   0.000343467552575	   0.024714198975794
    0	3980.854932393318904	   0.000329609626534	   0.000329624223088	   0.024097112498778
    0	4095.914129257097557	   0.000316309294020	   0.000316322796836	   0.023489197808485
    0	4214.298062709161059	   0.000303530687337	   0.000303543337598	   0.022892013334746
    0	4336.102803934437361	   0.000291253087558	   0.000291264939890	   0.022306532898315
    0	4461.427200179180545	   0.000279457629820	   0.000279468578899	   0.021733235348613
    0	4590.372954967662736	   0.000268125386033	   0.000268135641956	   0.021172190930658
    0	4723.044710636855598	   0.000257238581248	   0.000257248279140	   0.020623235300186
    0	4859.550133256005211	   0.000246780434597	   0.000246789355585	   0.020085981469764
    0	5000.000000000002728	   0.000236734352318	   0.000236742681430	   0.019559835889423
    1	   0.000000000000000	   0.875384782752107	   1.517806594249406	   0.008229830752093
    1	   0.028895878633786	   0.874307767486546	   1.517806594249406	   0.008534982589031
    1	   0.058626729069591	   0.854679236564927	   1.203570796980824	   0.009032004206178
    1	   0.089216678551268	   0.839423839405340	   1.203570782213683	   0.009194307954250
    1	   0.120690551500581	   0.829645670869505	   1.203570762557974	   0.009489334614199
    1	   0.153073889662773	   0.815811498987728	   1.114347234589224	   0.009684889361812
    1	   0.186392972834257	   0.803550091727309	   1.051446961434449	   0.009839782292907
    1	   0.220674840189252	   0.797451863687017	   1.002734042105801	   0.010033383618573
    1	   0.255947312222677	   0.783455382584047	   0.994985177812928	   0.010127451312530
    1	   0.292239013327094	   0.772891499715461	   0.955668269720018	   0.010229939950774
    1	   0.329579395022038	   0.766812949492920	   0.941412512148891	   0.010379629853773
    1	   0.367998759854577	   0.755877235903821	   0.924163052996872	   0.010448743012804
    1	   0.407528285990505	   0.745248345072221	   0.898442532016065	   0.010512473471255
    1	   0.448200052516108	   0.737652288627405	   0.875384697734314	   0.010593050538116
    1	   0.490047065471057	   0.729194422797387	   0.854679272761315	   0.010647988579930
    1	   0.533103284633538	   0.720199972537641	   0.834658280070560	   0.010694014979010
    1	   0.577403651079368	   0.711207643340823	   0.815811531872151	   0.010734902862617
    1	   0.622984115537448	   0.703463594212159	   0.800937131081992	   0.010780226551557
    1	   0.669881667564581	   0.695465627741149	   0.789275636032403	   0.010804856372865
    1	   0.718134365563312	   0.687899787206650	   0.775517262620384	   0.010827734144229
    1	   0.767781367667167	   0.679600604074935	   0.764487539385953	   0.010849667457188
    1	   0.818862963518346	   0.670929477991340	   0.752291248038520	   0.010873840037106
    1	   0.871420606963662	   0.664755851948230	   0.740374503925703	   0.010899017690968
    1	   0.925496949695250	   0.657940950690461	   0.728174829068548	   0.011786501331120
    1	   0.981135875863370	   0.651276626651404	   0.718531171418523	   0.012808895336312
    1	   1.038382537689358	   0.644851637314188	   0.707490900662978	   0.013965929089652
    1	   1.097283392107659	   0.636923361524634	   0.696513810236894	   0.015524576859339
    1	   1.157886238466658	   0.629975751591339	   0.686217630079432	   0.016777155639036
    1	   1.220240257318908	   0.623742836947599	   0.677009725639224	   0.018031575605047
    1	   1.284396050332241	   0.617584554443225	   0.668200824789212	   0.019288791686589
    1	   1.350405681354142	   0.611805103327041	   0.659140250506647	   0.020527090396266
    1	   1.418322718662713	   0.605711422937128	   0.650440746316802	   0.021693908397964
    1	   1.488202278438519	   0.599455399163768	   0.642199152360222	   0.023010792216754
    1	   1.560101069492589	   0.593503311738329	   0.634141544067935	   0.024152429401683
    1	   1.634077439286873	   0.587089370259053	   0.626135021784558	   0.025179858321301
    1	   1.710191421284502	   0.580592254361700	   0.618350582388342	   0.026173847327307
    1	   1.788504783668267	   0.574754153936537	   0.611093769819673	   0.027128831304427
    1	   1.869081079466878	   0.569092025087664	   0.603639035209651	   0.028040268391132
    1	   1.951985698129646	   0.563618888442987	   0.596066552150704	   0.028908163038440
    1	   2.037285918591472	   0.558168214484048	   0.588946296040054	   0.029731398931151
    1	   2.125050963871200	   0.552705083163962	   0.582112634625519	   0.030567234358822
    1	   2.215352057247619	   0.547271819673486	   0.575219308549145	   0.031409127992192
    1	   2.308262480058741	   0.542018364128487	   0.568463848993075	   0.032142891257720
    1	   2.403857631171228	   0.536702058614342	   0.561981334944682	   0.032830128609692
    1	   2.502215088168239	   0.531422980655531	   0.555804199084385	   0.033513875466823
    1	   2.603414670305364	   0.526238306053281	   0.549894526746225	   0.034211748665216
    1	   2.707538503285713	   0.521086975632505	   0.544064073543173	   0.034952868814551
    1	   2.814671085906746	   0.515959417816599	   0.538062875027716	   0.035787454716745
    1	   2.924899358632921	   0.510900460516519	   0.531994819073678	   0.036764949170929
    1	   3.038312774149804	   0.505722051968495	   0.526064564616363	   0.037916745978064
    1	   3.155003369956905	   0.500573523084860	   0.520211859209331	   0.039190434125956
    1	   3.275065843058154	   0.495521941006296	   0.514420606947499	   0.040423487276583
    1	   3.398597626810607	   0.490672532282774	   0.508739751553322	   0.041608854229743
    1	   3.525698969993787	   0.486018730802503	   0.503214777513733	   0.053939825337456
    1	   3.656473018163779	   0.481656178392503	   0.497791069204222	   0.067604922074393
    1	   3.791025897358140	   0.477356540540313	   0.492453345205025	   0.080220448206355
    1	   3.929466800219529	   0.473210164948731	   0.487228725601173	   0.092113949065628
    1	   4.071908074607951	   0.469252840415608	   0.482315363954709	   0.103085821008648
    1	   4.218465314773542	   0.465312960542098	   0.477525506555642	   0.113325782339690
    1	   4.369257455163862	   0.461547772750975	   0.472936616938003	   0.122744127731713
    1	   4.524406866941830	   0.457151307562888	   0.468587632839101	   0.131485445573980
    1	   4.684039457292635	   0.452283533297347	   0.464289105132821	   0.139643592143067
    1	   4.848284771600217	   0.447738344856546	   0.460209282555075	   0.147325439579730
    1	   5.017276098576197	   0.443165897454219	   0.455287994058329	   0.154575340233198
    1	   5.191150578426639	   0.438631967752977	   0.450403037455162	   0.161404688838159
    1	   5.370049314144351	   0.434147612807745	   0.445489943654154	   0.167863372442706
    1	   5.554117486017097	   0.429658237746863	   0.440605664020291	   0.173973393768208
    1	   5.743504469444626	   0.424932110833640	   0.435770156442719	   0.179765463628792
    1	   5.938363956160092	   0.420018570064503	   0.430943531295038	   0.185252643555680
    1	   6.138854078954332	   0.415208026720129	   0.425912545673118	   0.190448969782339
    1	   6.345137540004107	   0.410390066503141	   0.420694500668056	   0.195373028044955
    1	   6.557381742908535	   0.405514957754855	   0.415521685603915	   0.200042920397240
    1	   6.775758928540808	   0.400612950819434	   0.410390078160924	   0.204474309071873
    1	   7.000446314825505	   0.395659514129991	   0.405514870101584	   0.208673043260205
    1	   7.231626240554826	   0.390634315481953	   0.400249187635200	   0.212652208179989
    1	   7.469486313360592	   0.385604988393885	   0.394898813659292	   0.216420693460153
    1	   7.714219561961972	   0.380561029852572	   0.389581686184788	   0.219985241516287
    1	   7.966024592812593	   0.375489324195596	   0.384251462250027	   0.223353793653690
    1	   8.225105751274045	   0.370393269079661	   0.378892027793060	   0.226533089544886
    1	   8.491673287446705	   0.365269276876030	   0.373516329746913	   0.229528569032713
    1	   8.765943526792318	   0.360128460221319	   0.368115346893575	   0.232372934414745
    1	   9.048139045686920	   0.354985425176122	   0.362711041796000	   0.235105399942742
    1	   9.338488852046499	   0.349827691487099	   0.357322726802986	   0.237664511662792
    1	   9.637228571171983	   0.344651506756774	   0.351918103133602	   0.240061915330580
    1	   9.944600636964415	   0.339465843050660	   0.346508589414222	   0.242302102536761
    1	  10.260854488665400	   0.334283261009400	   0.341090885849787	   0.244367135008900
    1	  10.586246773282603	   0.329094086848129	   0.335672930233861	   0.246254373016383
    1	  10.921041553864477	   0.323928921510101	   0.330274990598102	   0.248011272039526
    1	  11.265510523793269	   0.318788173965064	   0.324928286315582	   0.249642503724821
    1	  11.619933227270224	   0.313659844068972	   0.319613203515304	   0.251149835579932
    1	  11.984597286171908	   0.308543980958726	   0.314303479681338	   0.252535444472496
    1	  12.359798633461725	   0.303448919082232	   0.309012113145212	   0.253804783464474
    1	  12.745841753346063	   0.298381945678631	   0.303756199590011	   0.254962107112227
    1	  13.143039928369985	   0.293342819492843	   0.298542795694472	   0.255994050005385
    1	  13.551715493652951	   0.288325828947359	   0.293362929290278	   0.256917398671980
    1	  13.972200098470935	   0.283334409812322	   0.288325841757030	   0.257740639224871
    1	  14.404834975397117	   0.278375425189004	   0.283334377718279	   0.258467469814231
    1	  14.849971217219700	   0.273451499891020	   0.278375317567979	   0.259099208167170
    1	  15.307970061861486	   0.268558708443530	   0.273451425511809	   0.259640646076406
    1	  15.779203185532456	   0.263697281260338	   0.268507998350532	   0.260095785202711
    1	  16.264053004353240	   0.258872250967315	   0.263548775960694	   0.260467310511000
    1	  16.762912984694282	   0.254087575527499	   0.258635135368403	   0.260757289534756
    1	  17.276187962482517	   0.249378702451530	   0.253766032358429	   0.260968083550199
    1	  17.804294471734682	   0.244712351753636	   0.248940316493035	   0.261102129860505
    1	  18.347661082583901	   0.240088551682693	   0.244160614873731	   0.261161710977804
    1	  18.906728749073878	   0.235509605199748	   0.239429183562857	   0.261149006250312
    1	  19.481951167002819	   0.230974609817973	   0.234746459338031	   0.261066171977163
    1	  20.073795142107674	   0.226496032182181	   0.230120049308396	   0.260915314570569
    1	  20.682740968887291	   0.222073722322183	   0.225552499111678	   0.260698488341751
    1	  21.309282820372090	   0.217705794752028	   0.221044072076339	   0.260417721585987
    1	  21.953929149156366	   0.213389382341913	   0.216593116050513	   0.260075011047572
    1	  22.617203100018923	   0.209119795402301	   0.212196126751050	   0.259672364306649
    1	  23.299642934466547	   0.204902084708937	   0.207854924340952	   0.259211693142175
    1	  24.001802467545247	   0.200736164194706	   0.203569700229555	   0.258694836478209
    1	  24.724251517273323	   0.196620715399533	   0.199339691088951	   0.258123593801336
    1	  25.467576367061440	   0.192554435898852	   0.195163730957538	   0.257499741747621
    1	  26.232380241494525	   0.188541214848289	   0.191043775825342	   0.256824971680991
    1	  27.019283795861874	   0.184580955839482	   0.186980300032790	   0.256100953556137
    1	  27.828925619832713	   0.180672560669272	   0.182972768349694	   0.255329339620454
    1	  28.661962755685852	   0.176815812172241	   0.179020748488593	   0.254511714140504
    1	  29.519071231514047	   0.173011295557846	   0.175124338284507	   0.253649620010385
    1	  30.400946609835739	   0.169258880268220	   0.171283489208886	   0.252744619292254
    1	  31.308304552059560	   0.165558178463142	   0.167497834319861	   0.251798228139873
    1	  32.241881399259285	   0.161908747938109	   0.163766853027481	   0.250811916745515
    1	  33.202434769730999	   0.158310715441228	   0.160090373556394	   0.249787205735864
    1	  34.190744173817144	   0.154764210331072	   0.156468348844186	   0.248725384513500
    1	  35.207611646496368	   0.151268914231442	   0.152900512632383	   0.247627649917938
    1	  36.253862398252807	   0.147825219292375	   0.149386919020730	   0.246495398963115
    1	  37.330345484752499	   0.144433083280859	   0.145927537740574	   0.245329853941034
    1	  38.437934495871005	   0.141092733473207	   0.142522444351803	   0.244132587889158
    1	  39.577528264630907	   0.137804115413225	   0.139171523176344	   0.242905111871506
    1	  40.750051596624701	   0.134567115662424	   0.135874677324421	   0.241648487160778
    1	  41.956456020515084	   0.131381815834429	   0.132631760908005	   0.240364412607669
    1	  43.197720560221484	   0.128248138071891	   0.129442717374979	   0.239054485965513
    1	  44.474852529419636	   0.125165417460855	   0.126306929892092	   0.237718828698595
    1	  45.788888348999080	   0.122133651706810	   0.123224269460369	   0.236357900965193
    1	  47.140894388141525	   0.119152991431063	   0.120194637967184	   0.234972690883931
    1	  48.531967829703191	   0.116222711401412	   0.117217447547677	   0.233564640067928
    1	  49.963237560602892	   0.113342812173464	   0.114292545022660	   0.232135671870239
    1	  51.435865087938907	   0.110513400947941	   0.111419874900790	   0.230686224972556
    1	  52.951045481577594	   0.107733764912099	   0.108598812750391	   0.229216190757731
    1	  54.510008343979123	   0.105004012930054	   0.105829337132721	   0.227726566193359
    1	  56.114018808047234	   0.102324124804562	   0.103111251144360	   0.226218563167465
    1	  57.764378563812329	   0.099693538152368	   0.100444076741208	   0.224693086492912
    1	  59.462426914782107	   0.097112242938391	   0.097827697773554	   0.223151174381711
    1	  61.209541864815861	   0.094580223375252	   0.095261968602987	   0.221594094133945
    1	  63.007141236405005	   0.092098988669893	   0.092748092247664	   0.220022937614791
    1	  64.856683821267822	   0.089668718452339	   0.090286348061320	   0.218438653174263
    1	  66.759670564190785	   0.087288755369189	   0.087876257565965	   0.216842309531816
    1	  68.717645781079014	   0.084959448922617	   0.085518031091109	   0.215234650876899
    1	  70.732198412202351	   0.082680619858524	   0.083211437393875	   0.213616471880017
    1	  72.804963311656010	   0.080451646249455	   0.080955950701430	   0.211989073953093
    1	  74.937622574080706	   0.078272300906904	   0.078751243340762	   0.210353201242209
    1	  77.131906899719596	   0.076141815040223	   0.076596585391029	   0.208709846948760
    1	  79.389596998920211	   0.074058602279608	   0.074490496849052	   0.207061247528937
    1	  81.712525037219976	   0.072021953069040	   0.072432090187975	   0.205406910594213
    1	  84.102576122189461	   0.070031154953118	   0.070420574495112	   0.203749470662320
    1	  86.561689833238859	   0.068086212055312	   0.068455722669257	   0.202092671529450
    1	  89.091861795629356	   0.066184620745719	   0.066535553265710	   0.200429748248412
    1	  91.695145299967734	   0.064327055668185	   0.064660032839613	   0.198759410696031
    1	  94.373652968496771	   0.062513058876415	   0.062828921889562	   0.197082680960364
    1	  97.129558469535269	   0.060740917227051	   0.061040673148497	   0.195403434396968
    1	  99.965098281458040	   0.059010846779962	   0.059295093595421	   0.193724924332770
    1	 102.882573507647322	   0.057321528369659	   0.057591130345823	   0.192043149556397
    1	 105.884351743889738	   0.055672250078291	   0.055927932010189	   0.190356469885016
    1	 108.972868999732071	   0.054062763661134	   0.054305148873506	   0.188665442813722
    1	 112.150631675357559	   0.052491988456836	   0.052721778931352	   0.186970480961268
    1	 115.420218595584998	   0.050959354985779	   0.051177139311956	   0.185271452080487
    1	 118.784283102641851	   0.049464160589871	   0.049670571817660	   0.183568431171825
    1	 122.245555209410981	   0.048005917666923	   0.048201450224147	   0.181862623984781
    1	 125.806843814895657	   0.046583773947505	   0.046769008608514	   0.180154151140414
    1	 129.471038983704346	   0.045197135169305	   0.045372599666943	   0.178443101345863
    1	 133.241114291401544	   0.043845451591378	   0.044011603674328	   0.176730024730808
    1	 137.120129237630067	   0.042528026087109	   0.042685350870574	   0.175015877036664
    1	 141.111231728963531	   0.041244230696783	   0.041393135469618	   0.173301689831908
    1	 145.217660633501509	   0.039993489824680	   0.040134410404620	   0.171588643438337
    1	 149.442748409283439	   0.038775109768910	   0.038908461700850	   0.169877982093919
    1	 153.789923808651281	   0.037588507799710	   0.037707222110077	   0.168170415779082
    1	 158.262714660759030	   0.036433055358554	   0.036536921922230	   0.166466225529035
    1	 162.864750734483721	   0.035308159611573	   0.035398091942117	   0.164765612757544
    1	 167.599766684062956	   0.034213168046450	   0.034290023796313	   0.163068883479769
    1	 172.471605079850434	   0.033147505854837	   0.033212133204127	   0.161376152650481
    1	 177.484219526645859	   0.032110561577071	   0.032163765065632	   0.159687691420479
    1	 182.641677872133812	   0.031101755943494	   0.031144281636033	   0.158003727302193
    1	 187.948165508031963	   0.030120508587654	   0.030153094166827	   0.156324573288673
    1	 193.407988766628506	   0.029166217537066	   0.029189560276087	   0.154650656219036
    1	 199.025578415467606	   0.028238313388038	   0.028253089515958	   0.152982346540697
    1	 204.805493253013822	   0.027336217863027	   0.027343081703175	   0.151320069867388
    1	 210.752423808219334	   0.026458925618270	   0.026458938831942	   0.149664203747906
    1	 216.871196146991878	   0.025600058619966	   0.025600078387688	   0.148015132086920
    1	 223.166775788653098	   0.024765899800585	   0.024765909580302	   0.146373061808485
    1	 229.644271735569305	   0.023955851349274	   0.023955857539224	   0.144738123737972
    1	 236.308940619218248	   0.023169364747057	   0.023169372772525	   0.143110600260795
    1	 243.166190966063510	   0.022405880964194	   0.022405892248958	   0.141490868295709
    1	 250.221587586692891	   0.021664848824517	   0.021664859505551	   0.139879129723346
    1	 257.480856091785029	   0.020945731129527	   0.020945739049380	   0.138275446861481
    1	 264.949887538570579	   0.020247980635003	   0.020247993250146	   0.136679957461355
    1	 272.634743211554110	   0.019571072998872	   0.019573899083675	   0.135093254779963
    1	 280.541659541382273	   0.018914513273199	   0.018920221169947	   0.133515663344733
    1	 288.677053165845052	   0.018277774859643	   0.018286100471050	   0.131946788306637
    1	 297.047526137118098	   0.017660351067490	   0.017671018094474	   0.130386900788170
    1	 305.659871279476704	   0.017061756620674	   0.017074517256721	   0.128835893883745
    1	 314.521077701820843	   0.016481516232765	   0.016496165812430	   0.127293180108259
    1	 323.638336469493936	   0.015919123487066	   0.015935436398657	   0.125759067204096
    1	 333.019046439990916	   0.015374151724798	   0.015391937481883	   0.124235485507789
    1	 342.670820267293834	   0.014846132669875	   0.014865198515563	   0.122721665289610
    1	 352.601490579711538	   0.014334614532555	   0.014354782320144	   0.121216576141081
    1	 362.819116336228660	   0.013839138664445	   0.013860240026564	   0.119720173940698
    1	 373.331989366531559	   0.013359317560617	   0.013381210764906	   0.118232274575507
    1	 384.148641100010821	   0.012896484793448	   0.012917220915255	   0.116752267568354
    1	 395.277849489204300	   0.012448404833922	   0.012467915870144	   0.115279662772873
    1	 406.728646133302504	   0.012014518998074	   0.012032882557477	   0.113814456665257
    1	 418.510323607488203	   0.011594458187481	   0.011611732515008	   0.112357183982916
    1	 430.632443004070865	   0.011187852029068	   0.011204097651372	   0.110908399585961
    1	 443.104841691520960	   0.010794311303404	   0.010809591300799	   0.109469104970600
    1	 455.937641297715857	   0.010413493379868	   0.010427861871324	   0.108040113926972
    1	 469.141255923863469	   0.010045023250417	   0.010058531713871	   0.106621676849038
    1	 482.726400595775146	   0.009688554441873	   0.009701262214024	   0.105213848606505
    1	 496.704099959349207	   0.009343754778805	   0.009355689571110	   0.103816663330157
    1	 511.085697227312266	   0.009010270920683	   0.009021493884639	   0.102430216216042
    1	 525.882863384490292	   0.008687792313201	   0.008698334439438	   0.101054521079539
    1	 541.107606659070711	   0.008375991359760	   0.008385898318123	   0.099689593987503
    1	 556.772282267543233	   0.008074554967324	   0.008083860697488	   0.098335492243485
    1	 572.889602441236434	   0.007783185364414	   0.007791926820778	   0.096992197427900
    1	 589.472646742570191	   0.007501575925664	   0.007509785621823	   0.095659591348124
    1	 606.534872679413866	   0.007229444938197	   0.007237153587493	   0.094337472665850
    1	 624.090126626151346	   0.006966501901657	   0.006973744156543	   0.093025774706033
    1	 642.152655060318466	   0.006712472296993	   0.006719273076416	   0.091724470835782
    1	 660.737116123939131	   0.006467092325559	   0.006473474023303	   0.090433615317293
    1	 679.858591518928051	   0.006230092553004	   0.006236081554922	   0.089153320904766
    1	 699.532598746229382	   0.006001216926945	   0.006006840360663	   0.087883651044297
    1	 719.775103698611815	   0.005780218270521	   0.005785491665621	   0.086624859692668
    1	 740.602533617341351	   0.005566846817493	   0.005571798161248	   0.085377059174842
    1	 762.031790423256780	   0.005360870611380	   0.005365513353378	   0.084140357332264
    1	 784.080264433047546	   0.005162051899471	   0.005166409547655	   0.082914983927370
    1	 806.765848471885533	   0.004970166408918	   0.004974254208290	   0.081701095604850
    1	 830.106952393847109	   0.004784995197160	   0.004788825747319	   0.080498680567705
    1	 854.122518021915312	   0.004606322666477	   0.004609914553641	   0.079307770862336
    1	 878.832034519694730	   0.004433938215878	   0.004437308459195	   0.078128328363784
    1	 904.255554207292789	   0.004267641218465	   0.004270799454603	   0.076960340814684
    1	 930.413708834228146	   0.004107234301127	   0.004110194018336	   0.075803799897446
    1	 957.327726322546596	   0.003952523961046	   0.003955301636656	   0.074658720987279
    1	 985.019447993754852	   0.003803328286964	   0.003805930382992	   0.073525059928516
    1	1013.511346293535780	   0.003659463257859	   0.003661900789077	   0.072402779609282
    1	1042.826543028632614	   0.003520753992403	   0.003523037576846	   0.071291878507544
    1	1072.988828130713273	   0.003387028715434	   0.003389169413976	   0.070192292203363
    1	1104.022678962420287	   0.003258122784815	   0.003260128566405	   0.069104033418895
    1	1135.953280181299306	   0.003133875368728	   0.003135754396483	   0.068027010403540
    1	1168.806544177704154	   0.003014130034654	   0.003015889618590	   0.066961222441246
    1	1202.609132103271577	   0.002898735601899	   0.002900383362247	   0.065906581028517
    1	1237.388475507045314	   0.002787543375893	   0.002789086680915	   0.064862593723979
    1	1273.172798596775920	   0.002680414473226	   0.002681859144703	   0.063828178418734
    1	1309.991141143499590	   0.002577207847710	   0.002578560429553	   0.062803102345436
    1	1347.873382047951964	   0.002477793013802	   0.002479059937600	   0.061787393570957
    1	1386.850263587954032	   0.002382040300609	   0.002383225531687	   0.060781028956081
    1	1426.953416366460715	   0.002289822585796	   0.002290932361472	   0.059784398149811
    1	1468.215384980486078	   0.002201018821279	   0.002202058218143	   0.058798555303368
    1	1510.669654431772869	   0.002115511233503	   0.002116483014258	   0.057823758376920
    1	1554.350677300611778	   0.002033182470071	   0.002034092327275	   0.056859898364314
    1	1599.293901704867267	   0.001953921780188	   0.001954773785650	   0.055906946213584
    1	1645.535800066920501	   0.001877622679401	   0.001878418148125	   0.054964782846573
    1	1693.113898711837692	   0.001804178292320	   0.001804923296061	   0.054033285302440
    1	1742.066808320824975	   0.001733490058574	   0.001734186783319	   0.053112272854888
    1	1792.434255264645572	   0.001665460084597	   0.001666111535482	   0.052201610111651
    1	1844.257113842446870	   0.001599992941618	   0.001600603339552	   0.051301317047678
    1	1897.577439452170211	   0.001536998883664	   0.001537569743500	   0.050411419645951
    1	1952.438502719424378	   0.001476389271386	   0.001476922754201	   0.049532050055157
    1	2008.884824612568991	   0.001418077766948	   0.001418577461820	   0.048663245113815
    1	2066.962212572464068	   0.001361982878286	   0.001362448946884	   0.047804985401717
    1	2126.717797686213089	   0.001308023019051	   0.001308458571728	   0.046957238671618
    1	2188.200072935102071	   0.001256121936099	   0.001256529739843	   0.046119917216166
    1	2251.458932547709992	   0.001206205216871	   0.001206585940313	   0.045292921650603
    1	2316.545712490196365	   0.001158200008376	   0.001158555997419	   0.044476137648565
    1	2383.513232126565981	   0.001112037143118	   0.001112369955691	   0.043669385287236
    1	2452.415837082751750	   0.001067648351334	   0.001067959448355	   0.042872534403818
    1	2523.309443349305639	   0.001024970117263	   0.001025260654380	   0.042085495070652
    1	2596.251582658446296	   0.000983938519252	   0.000984210006468	   0.041308193782951
    1	2671.301449172356115	   0.000944493772969	   0.000944747417015	   0.040540567413932
    1	2748.519947520530422	   0.000906576693670	   0.000906814127824	   0.039782610497664
    1	2827.969742225257505	   0.000870131512649	   0.000870353093602	   0.039034365668108
    1	2909.715308555253614	   0.000835102645044	   0.000835309560900	   0.038295785740985
    1	2993.822984848768556	   0.000801438565461	   0.000801631750962	   0.037566835023137
    1	3080.361026348630730	   0.000769087355209	   0.000769267951458	   0.036847450534395
    1	3169.399660592879627	   0.000738000031579	   0.000738168997096	   0.036137580835627
    1	3261.011144405973482	   0.000708129556583	   0.000708287479194	   0.035437135686008
    1	3355.269822536785341	   0.000679430685823	   0.000679577890031	   0.034746048694472
    1	3452.252187991046867	   0.000651858700082	   0.000651996015204	   0.034064206254623
    1	3552.036944107091585	   0.000625371324757	   0.000625499386677	   0.033391535536356
    1	3654.705068425367699	   0.000599927158600	   0.000600047108221	   0.032725834562457
    1	3760.339878403509374	   0.000575487457207	   0.000575599286689	   0.032065447736244
    1	3869.027099030277441	   0.000552015049619	   0.000552119781607	   0.031411344944298
    1	3980.854932393318904	   0.000529473614181	   0.000529571400694	   0.030764477214573
    1	4095.914129257097557	   0.000507827966778	   0.000507918613088	   0.030125673352395
    1	4214.298062709161059	   0.000487043016024	   0.000487128052960	   0.029495450409484
    1	4336.102803934437361	   0.000467086298948	   0.000467165492360	   0.028874013845723
    1	4461.427200179180545	   0.000447925433070	   0.000447999574602	   0.028261253398810
    1	4590.372954967662736	   0.000429529879137	   0.000429598655437	   0.027656302864275
    1	4723.044710636855598	   0.000411869840778	   0.000411934290132	   0.027057747753423
    1	4859.550133256005211	   0.000394917341093	   0.000394977473946	   0.026463472164620
    1	5000.000000000002728	   0.000378645479748	   0.000378701455301	   0.025869849357865
    2	   0.000000000000000	   0.791326724607002	   1.443706047849340	   0.005606383712079
    2	   0.028895878633786	   0.786254184221359	   1.443706047849340	   0.005679450959224
    2	   0.058626729069591	   0.778537315270537	   1.443706047849340	   0.005793029340930
    2	   0.089216678551268	   0.770025648259912	   1.161574184867004	   0.005856136054136
    2	   0.120690551500581	   0.766223360128680	   1.161574167046624	   0.005953438723825
    2	   0.153073889662773	   0.758061532078543	   1.080614552637749	   0.006015189930032
    2	   0.186392972834257	   0.754963045887935	   1.080614573130531	   0.006095357202799
    2	   0.220674840189252	   0.744821723344687	   1.034868514717044	   0.006144675703922
    2	   0.255947312222677	   0.741052675152278	   0.979707961543725	   0.006195271921830
    2	   0.292239013327094	   0.734260224511459	   0.979707935772436	   0.006258992160374
    2	   0.329579395022038	   0.728986669783551	   0.943608338020181	   0.006302762982429
    2	   0.367998759854577	   0.724303555896510	   0.932284578782170	   0.006356926867972
    2	   0.407528285990505	   0.715768080885534	   0.915980928883652	   0.006396752129006
    2	   0.448200052516108	   0.710086723778283	   0.893401271572685	   0.006430504593506
    2	   0.490047065471057	   0.705714462824492	   0.872418930602778	   0.006476790519295
    2	   0.533103284633538	   0.698272466766700	   0.857346054430716	   0.006505333800164
    2	   0.577403651079368	   0.694045516300045	   0.849022196304522	   0.006534471389401
    2	   0.622984115537448	   0.689317445384260	   0.834959788901533	   0.006574391233328
    2	   0.669881667564581	   0.682438821376528	   0.815572621331656	   0.006600837034659
    2	   0.718134365563312	   0.676797829149006	   0.803396101203670	   0.006627789132758
    2	   0.767781367667167	   0.671498423507431	   0.791326736168403	   0.006666309531384
    2	   0.818862963518346	   0.667042627182661	   0.778537313174577	   0.006694507134261
    2	   0.871420606963662	   0.660104466813720	   0.766223389018107	   0.006722858250666
    2	   0.925496949695250	   0.656031822420309	   0.754963113668458	   0.006752157788708
    2	   0.981135875863370	   0.651252588049898	   0.744501647492607	   0.006786078998452
    2	   1.038382537689358	   0.646554273234778	   0.734737195819723	   0.006811861668381
    2	   1.097283392107659	   0.640069582678013	   0.726960226719051	   0.006839180904176
    2	   1.157886238466658	   0.635908409871889	   0.717408130064725	   0.006874653151274
    2	   1.220240257318908	   0.631518396813166	   0.707348097346690	   0.006906401152992
    2	   1.284396050332241	   0.627029626088571	   0.698762981744822	   0.006936800478287
    2	   1.350405681354142	   0.621762124890043	   0.691600843612130	   0.006967692201698
    2	   1.418322718662713	   0.616784053301082	   0.683282403593228	   0.007001821654271
    2	   1.488202278438519	   0.612440903458217	   0.675099231643455	   0.007037885392614
    2	   1.560101069492589	   0.607948387486463	   0.667331424796796	   0.007070586088203
    2	   1.634077439286873	   0.603655371293461	   0.660104430226284	   0.007103642119433
    2	   1.710191421284502	   0.599432665509705	   0.653257045831101	   0.007137150488583
    2	   1.788504783668267	   0.594171574714977	   0.646554331096356	   0.007175758200760
    2	   1.869081079466878	   0.589669564175773	   0.640069523060667	   0.007214099257401
    2	   1.951985698129646	   0.585345486317613	   0.633813881928015	   0.007249856085458
    2	   2.037285918591472	   0.581176681332705	   0.627640990536113	   0.007286254465082
    2	   2.125050963871200	   0.577222169920714	   0.621429904856991	   0.007324614683870
    2	   2.215352057247619	   0.573094985675971	   0.615134905483858	   0.007366490913202
    2	   2.308262480058741	   0.569054555732558	   0.608844878664234	   0.007422326567422
    2	   2.403857631171228	   0.564635537934103	   0.602872575698828	   0.007713762042776
    2	   2.502215088168239	   0.560206648655721	   0.597142226128821	   0.007963748661343
    2	   2.603414670305364	   0.556356849716774	   0.591372310107733	   0.008247826979537
    2	   2.707538503285713	   0.552572666853485	   0.585595869348247	   0.008531825897356
    2	   2.814671085906746	   0.548842257495220	   0.580065602856253	   0.008826781437192
    2	   2.924899358632921	   0.545187718329151	   0.574879791626013	   0.010175426847695
    2	   3.038312774149804	   0.541733089300689	   0.569585346556605	   0.013808569334941
    2	   3.155003369956905	   0.538343544160470	   0.564635569534041	   0.028395873874522
    2	   3.275065843058154	   0.534998976330184	   0.560095813882860	   0.042898680069506
    2	   3.398597626810607	   0.531768040217735	   0.555589955717239	   0.056128736928746
    2	   3.525698969993787	   0.528359005976470	   0.550855281737490	   0.068192333193135
    2	   3.656473018163779	   0.525176640714786	   0.546278389651400	   0.079442573219918
    2	   3.791025897358140	   0.522349355816079	   0.541975350475375	   0.089884223318940
    2	   3.929466800219529	   0.519563624460395	   0.537837354722682	   0.099646869335577
    2	   4.071908074607951	   0.516760322705681	   0.533820526595076	   0.108855774866408
    2	   4.218465314773542	   0.514039766730823	   0.529999585661574	   0.117581397623440
    2	   4.369257455163862	   0.511189739639478	   0.526437145474892	   0.125956074844061
    2	   4.524406866941830	   0.508204292851272	   0.523000907502926	   0.134925969564869
    2	   4.684039457292635	   0.505005825195596	   0.519676641347305	   0.142713508875043
    2	   4.848284771600217	   0.500693805418675	   0.516382940238292	   0.149938419751616
    2	   5.017276098576197	   0.496631983323804	   0.513211304764527	   0.156853265114090
    2	   5.191150578426639	   0.492736964277441	   0.510093359752783	   0.163484800092570
    2	   5.370049314144351	   0.488875969417872	   0.506531722637822	   0.169834532837309
    2	   5.554117486017097	   0.484919023679797	   0.501973750768753	   0.175922808421231
    2	   5.743504469444626	   0.480849558483044	   0.497313977899917	   0.181758496683305
    2	   5.938363956160092	   0.476702261065371	   0.493019578560534	   0.187349195106044
    2	   6.138854078954332	   0.472407443967007	   0.488812497359978	   0.193058507492111
    2	   6.345137540004107	   0.467810733823247	   0.484500090817703	   0.198862805545227
    2	   6.557381742908535	   0.463194664928478	   0.479928068246421	   0.203808516199480
    2	   6.775758928540808	   0.458529642052077	   0.475220221593647	   0.208557956966191
    2	   7.000446314825505	   0.453800485516248	   0.470125697255734	   0.213112139261349
    2	   7.231626240554826	   0.449107711462850	   0.465046995025029	   0.217479206325401
    2	   7.469486313360592	   0.444387093851208	   0.459966579763225	   0.221666667747977
    2	   7.714219561961972	   0.439555984819452	   0.454806626465826	   0.225677199164923
    2	   7.966024592812593	   0.434631097979438	   0.449665628795203	   0.229516821092388
    2	   8.225105751274045	   0.429712956436967	   0.444469843676712	   0.233191211435184
    2	   8.491673287446705	   0.424767201986652	   0.439371234838024	   0.236697935675387
    2	   8.765943526792318	   0.419799389219035	   0.434257277890468	   0.240268085541250
    2	   9.048139045686920	   0.414740795100946	   0.428900153725905	   0.243784049749121
    2	   9.338488852046499	   0.409667035219039	   0.423521519987459	   0.246817707737887
    2	   9.637228571171983	   0.404587670823387	   0.418081342358036	   0.249725840339593
    2	   9.944600636964415	   0.399472335653383	   0.412611016992343	   0.252494065093076
    2	  10.260854488665400	   0.394342851663812	   0.407131466068443	   0.255127029356177
    2	  10.586246773282603	   0.389223421087347	   0.401627338967259	   0.257629642737324
    2	  10.921041553864477	   0.384110423840893	   0.396114157817418	   0.260003077698370
    2	  11.265510523793269	   0.378984015315962	   0.390614849372598	   0.262248761254282
    2	  11.619933227270224	   0.373847977443426	   0.385130913793269	   0.264368908535803
    2	  11.984597286171908	   0.368710619156314	   0.379645116648874	   0.266367410354705
    2	  12.359798633461725	   0.363581245529573	   0.374159640187019	   0.268246015285646
    2	  12.745841753346063	   0.358460650960672	   0.368681995078539	   0.270004904943081
    2	  13.143039928369985	   0.353343187032996	   0.363222311254209	   0.271650956914395
    2	  13.551715493652951	   0.348231699233010	   0.357781805435715	   0.273248055221586
    2	  13.972200098470935	   0.343138341766872	   0.352354407324074	   0.274761571993395
    2	  14.404834975397117	   0.338055184878774	   0.346942721391961	   0.276141525131874
    2	  14.849971217219700	   0.332968691643087	   0.341560574026370	   0.277349755367037
    2	  15.307970061861486	   0.327888176581989	   0.336198023073493	   0.278468182617777
    2	  15.779203185532456	   0.322824853190230	   0.330844882103712	   0.279495042399386
    2	  16.264053004353240	   0.317792170910197	   0.325681912189380	   0.280429565665903
    2	  16.762912984694282	   0.312786120842693	   0.320535486076682	   0.281272926911666
    2	  17.276187962482517	   0.307798853150434	   0.315416201467015	   0.282026861583405
    2	  17.804294471734682	   0.302833218537215	   0.310240250969463	   0.282693198705994
    2	  18.347661082583901	   0.297894902666244	   0.305037989983320	   0.283273786908488
    2	  18.906728749073878	   0.292986036251810	   0.299870215675111	   0.283770485942813
    2	  19.481951167002819	   0.288107028542792	   0.294739541312186	   0.284185183626361
    2	  20.073795142107674	   0.283257769427089	   0.289647013167353	   0.284519769347013
    2	  20.682740968887291	   0.278440196918316	   0.284592412166349	   0.284776139623252
    2	  21.309282820372090	   0.273655547095239	   0.279577364124458	   0.284956183476586
    2	  21.953929149156366	   0.268903717622913	   0.274603015525060	   0.285061779836591
    2	  22.617203100018923	   0.264185684613055	   0.269669171230475	   0.285094752127140
    2	  23.299642934466547	   0.259502754951923	   0.264776674164880	   0.285056795329693
    2	  24.001802467545247	   0.254855422034700	   0.259926457912521	   0.284949584165552
    2	  24.724251517273323	   0.250244109928537	   0.255119073074552	   0.284774926827249
    2	  25.467576367061440	   0.245677862891656	   0.250354632986311	   0.284534575354071
    2	  26.232380241494525	   0.241158787013267	   0.245642110447469	   0.284230305083515
    2	  27.019283795861874	   0.236686255909628	   0.240983933592858	   0.283863831664005
    2	  27.828925619832713	   0.232258593809061	   0.236379185388813	   0.283436919073846
    2	  28.661962755685852	   0.227872813044559	   0.231826003024007	   0.282944178872595
    2	  29.519071231514047	   0.223528722607713	   0.227320753756044	   0.282384425883842
    2	  30.400946609835739	   0.219226364880010	   0.222863046281611	   0.281767235898318
    2	  31.308304552059560	   0.214963993451131	   0.218452798098021	   0.281095643591970
    2	  32.241881399259285	   0.210741302543162	   0.214087823240448	   0.280371664558007
    2	  33.202434769730999	   0.206559046172223	   0.209767644443566	   0.279597489010605
    2	  34.190744173817144	   0.202418115588022	   0.205493235170184	   0.278785604380121
    2	  35.207611646496368	   0.198320310237063	   0.201265296863209	   0.277936433836611
    2	  36.253862398252807	   0.194266389283708	   0.197085895391301	   0.277043024328236
    2	  37.330345484752499	   0.190257805775251	   0.192955355404004	   0.276105829040196
    2	  38.437934495871005	   0.186295199347279	   0.188875280254093	   0.275126287350867
    2	  39.577528264630907	   0.182379140162147	   0.184845883771611	   0.274105148569581
    2	  40.750051596624701	   0.178510061655118	   0.180867615586116	   0.273043842723069
    2	  41.956456020515084	   0.174688753649385	   0.176940816417996	   0.271943728618009
    2	  43.197720560221484	   0.170915358358268	   0.173066099146704	   0.270806053249967
    2	  44.474852529419636	   0.167175026623899	   0.169243359522460	   0.269631564377830
    2	  45.788888348999080	   0.163444388785154	   0.165472719401769	   0.268421446413427
    2	  47.140894388141525	   0.159764073988940	   0.161754676154647	   0.267176668215000
    2	  48.531967829703191	   0.156134233391532	   0.158089057157255	   0.265898342851413
    2	  49.963237560602892	   0.152554978156715	   0.154475934912986	   0.264587976295702
    2	  51.435865087938907	   0.149026606969513	   0.150915695232244	   0.263247023486688
    2	  52.951045481577594	   0.145549229869531	   0.147408076221574	   0.261875833608097
    2	  54.510008343979123	   0.142127649872290	   0.143952976887194	   0.260475311169951
    2	  56.114018808047234	   0.138803854388062	   0.140550698023286	   0.259046289780886
    2	  57.764378563812329	   0.135529553260401	   0.137200962565397	   0.257589392038728
    2	  59.462426914782107	   0.132304929429056	   0.133903845901992	   0.256106157308825
    2	  61.209541864815861	   0.129130613280906	   0.130659597265520	   0.254598769338316
    2	  63.007141236405005	   0.126007087027553	   0.127468625846011	   0.253068681637677
    2	  64.856683821267822	   0.122934287103565	   0.124330918412771	   0.251517744292634
    2	  66.759670564190785	   0.119912594859547	   0.121246702190136	   0.249946842241805
    2	  68.717645781079014	   0.116941626099476	   0.118215733219291	   0.248355988383226
    2	  70.732198412202351	   0.114021962252444	   0.115238232149735	   0.246746353541764
    2	  72.804963311656010	   0.111153656821165	   0.112314321982233	   0.245118829900089
    2	  74.937622574080706	   0.108336174397382	   0.109443502538425	   0.243473985105319
    2	  77.131906899719596	   0.105569799706148	   0.106625925522879	   0.241814527106110
    2	  79.389596998920211	   0.102856748249493	   0.103863109204889	   0.240141056947263
    2	  81.712525037219976	   0.100196046548436	   0.101154628022620	   0.238452396399101
    2	  84.102576122189461	   0.097587843646071	   0.098500616428555	   0.236749987998131
    2	  86.561689833238859	   0.095033433486990	   0.095901894876993	   0.235034161412480
    2	  89.091861795629356	   0.092529823889809	   0.093356262124611	   0.233304378273654
    2	  91.695145299967734	   0.090079057529059	   0.090864979757925	   0.231561599473740
    2	  94.373652968496771	   0.087680677611719	   0.088427735855134	   0.229807887158138
    2	  97.129558469535269	   0.085332490555429	   0.086042653084620	   0.228044581688691
    2	  99.965098281458040	   0.083033379063759	   0.083708572451255	   0.226270216788631
    2	 102.882573507647322	   0.080782559208169	   0.081424501250062	   0.224484632185585
    2	 105.884351743889738	   0.078580030033845	   0.079190155122143	   0.222689334074844
    2	 108.972868999732071	   0.076424383756299	   0.077004270353107	   0.220885418114887
    2	 112.150631675357559	   0.074315030421541	   0.074866106468729	   0.219073470785542
    2	 115.420218595584998	   0.072251592221848	   0.072775172525236	   0.217246795934989
    2	 118.784283102641851	   0.070231799773408	   0.070729517567199	   0.215406529003232
    2	 122.245555209410981	   0.068258725485637	   0.068731126660788	   0.213559072418801
    2	 125.806843814895657	   0.066328516406948	   0.066777245875167	   0.211706528452295
    2	 129.471038983704346	   0.064441776483050	   0.064867810266326	   0.209849974980255
    2	 133.241114291401544	   0.062598393518698	   0.063002680043020	   0.207989548515549
    2	 137.120129237630067	   0.060796905945037	   0.061180619313621	   0.206126037824117
    2	 141.111231728963531	   0.059037182180437	   0.059401235859452	   0.204260475205826
    2	 145.217660633501509	   0.057318745924695	   0.057664037016390	   0.202394670382178
    2	 149.442748409283439	   0.055640775527074	   0.055968250928996	   0.200530080648869
    2	 153.789923808651281	   0.054002745465376	   0.054313208616304	   0.198667179259631
    2	 158.262714660759030	   0.052404093353916	   0.052698394498186	   0.196806256387458
    2	 162.864750734483721	   0.050844158982086	   0.051123069440059	   0.194947801319873
    2	 167.599766684062956	   0.049322358825993	   0.049586643555996	   0.193092096008594
    2	 172.471605079850434	   0.047838077101720	   0.048088427694311	   0.191239485654971
    2	 177.484219526645859	   0.046390699667019	   0.046627816086708	   0.189390265917086
    2	 182.641677872133812	   0.044979633839405	   0.045204159792411	   0.187544795415704
    2	 187.948165508031963	   0.043604244695279	   0.043816820736706	   0.185703711416481
    2	 193.407988766628506	   0.042263964983173	   0.042465154440583	   0.183867365024313
    2	 199.025578415467606	   0.040958139852945	   0.041148541384895	   0.182035814501256
    2	 204.805493253013822	   0.039686183681028	   0.039866324962137	   0.180209363235517
    2	 210.752423808219334	   0.038447471457113	   0.038617855589598	   0.178388579031273
    2	 216.871196146991878	   0.037241423044870	   0.037402555152847	   0.176574230902562
    2	 223.166775788653098	   0.036067396289443	   0.036219752272290	   0.174766390952714
    2	 229.644271735569305	   0.034924806246951	   0.035068826137000	   0.172964625811781
    2	 236.308940619218248	   0.033813030195076	   0.033949153450533	   0.171169412209712
    2	 243.166190966063510	   0.032731507199687	   0.032860113649434	   0.169382306823250
    2	 250.221587586692891	   0.031679615100963	   0.031801111358541	   0.167603945153929
    2	 257.480856091785029	   0.030656739322553	   0.030771506308358	   0.165832872623957
    2	 264.949887538570579	   0.029662308912320	   0.029770685911376	   0.164068343613849
    2	 272.634743211554110	   0.028695729908538	   0.028798045829438	   0.162313601811882
    2	 280.541659541382273	   0.027756441688209	   0.027853031607373	   0.160571086782826
    2	 288.677053165845052	   0.026843846405517	   0.026934984770487	   0.158837124777702
    2	 297.047526137118098	   0.025957319823597	   0.026043324033670	   0.157109410410643
    2	 305.659871279476704	   0.025096337621924	   0.025177471351796	   0.155387758023834
    2	 314.521077701820843	   0.024260345732383	   0.024336878186571	   0.153671856531532
    2	 323.638336469493936	   0.023448740211009	   0.023520921099689	   0.151964195490275
    2	 333.019046439990916	   0.022661048587461	   0.022723459792085	   0.150269606181335
    2	 342.670820267293834	   0.021896660465450	   0.021949962235596	   0.148585511884747
    2	 352.601490579711538	   0.021155050666747	   0.021199920375899	   0.146909279048967
    2	 362.819116336228660	   0.020435658977739	   0.020472627809067	   0.145241347316967
    2	 373.331989366531559	   0.019738009527766	   0.019767731790901	   0.143581796212043
    2	 384.148641100010821	   0.019061519005690	   0.019084519115427	   0.141930701987763
    2	 395.277849489204300	   0.018405720299681	   0.018422532629886	   0.140288169630695
    2	 406.728646133302504	   0.017770099640185	   0.017781219409606	   0.138654457756339
    2	 418.510323607488203	   0.017154123976842	   0.017160030104360	   0.137029837388194
    2	 430.632443004070865	   0.016557336474012	   0.016558474864029	   0.135414617200377
    2	 443.104841691520960	   0.015976016042278	   0.015976021281760	   0.133809126628828
    2	 455.937641297715857	   0.015412168988683	   0.015412171336340	   0.132213737309864
    2	 469.141255923863469	   0.014866428229470	   0.014866439101300	   0.130628570014353
    2	 482.726400595775146	   0.014338307690779	   0.014338317493451	   0.129053722876891
    2	 496.704099959349207	   0.013827328205173	   0.013827329047473	   0.127489257841264
    2	 511.085697227312266	   0.013333011142593	   0.013333017022382	   0.125935304376203
    2	 525.882863384490292	   0.012854889537408	   0.012854897479357	   0.124391875808430
    2	 541.107606659070711	   0.012392521636515	   0.012392518848807	   0.122859016084356
    2	 556.772282267543233	   0.011945446742994	   0.011945451832090	   0.121336805051873
    2	 572.889602441236434	   0.011513240295485	   0.011513241907102	   0.119825260618264
    2	 589.472646742570191	   0.011095461400212	   0.011095464626957	   0.118324302745759
    2	 606.534872679413866	   0.010691701164435	   0.010691700227871	   0.116833973050103
    2	 624.090126626151346	   0.010301539425983	   0.010302854553765	   0.115354318760190
    2	 642.152655060318466	   0.009924582768243	   0.009927172335962	   0.113885132906227
    2	 660.737116123939131	   0.009560439691630	   0.009564146122986	   0.112426406713276
    2	 679.858591518928051	   0.009208716650616	   0.009213415603109	   0.110978265959694
    2	 699.532598746229382	   0.008869051247507	   0.008874610035588	   0.109540119341770
    2	 719.775103698611815	   0.008541069411112	   0.008547376694815	   0.108111822079801
    2	 740.602533617341351	   0.008224414642277	   0.008231366065907	   0.106693682461672
    2	 762.031790423256780	   0.007918736930779	   0.007926241864529	   0.105285844002635
    2	 784.080264433047546	   0.007623706177615	   0.007631662951196	   0.103889263597453
    2	 806.765848471885533	   0.007338982358989	   0.007347315317750	   0.102504581208563
    2	 830.106952393847109	   0.007064240436049	   0.007072873568540	   0.101131892083327
    2	 854.122518021915312	   0.006799169168633	   0.006808028955111	   0.099771203186042
    2	 878.832034519694730	   0.006543689045805	   0.006552484006152	   0.098422480378895
    2	 904.255554207292789	   0.006297691514944	   0.006305934567725	   0.097085770536318
    2	 930.413708834228146	   0.006060374408932	   0.006068103569666	   0.095761051658828
    2	 957.327726322546596	   0.005831460576189	   0.005838706553944	   0.094448305924071
    2	 985.019447993754852	   0.005610684588655	   0.005617471551757	   0.093147529563551
    2	1013.511346293535780	   0.005397779786813	   0.005404139917472	   0.091858720003631
    2	1042.826543028632614	   0.005192490164084	   0.005198451864726	   0.090581796986839
    2	1072.988828130713273	   0.004994571912426	   0.005000158171894	   0.089316768256540
    2	1104.022678962420287	   0.004803778948123	   0.004809009304857	   0.088063583452066
    2	1135.953280181299306	   0.004619879257011	   0.004624780745711	   0.086822169754843
    2	1168.806544177704154	   0.004442642962848	   0.004447234048466	   0.085592421025982
    2	1202.609132103271577	   0.004271848597286	   0.004276145871675	   0.084374277727288
    2	1237.388475507045314	   0.004107281588594	   0.004111306500028	   0.083167587426422
    2	1273.172798596775920	   0.003948733556383	   0.003952501405902	   0.081972123021374
    2	1309.991141143499590	   0.003796000393836	   0.003799528150933	   0.080787827782680
    2	1347.873382047951964	   0.003648885442628	   0.003652186588515	   0.079614766462641
    2	1386.850263587954032	   0.003507198127951	   0.003510289610027	   0.078453051503601
    2	1426.953416366460715	   0.003370753498881	   0.003373646374568	   0.077302718009511
    2	1468.215384980486078	   0.003239370417978	   0.003242076911945	   0.076163989695879
    2	1510.669654431772869	   0.003112874703372	   0.003115408005051	   0.075036879875202
    2	1554.350677300611778	   0.002991097405875	   0.002993468206032	   0.073921190749562
    2	1599.293901704867267	   0.002873873784313	   0.002876090593542	   0.072816823354487
    2	1645.535800066920501	   0.002761042961956	   0.002763116833399	   0.071723459994100
    2	1693.113898711837692	   0.002652452558677	   0.002654393818517	   0.070640898634637
    2	1742.066808320824975	   0.002547955629643	   0.002549769733142	   0.069568593274712
    2	1792.434255264645572	   0.002447402632224	   0.002449099683334	   0.068506257290482
    2	1844.257113842446870	   0.002350658122507	   0.002352244623346	   0.067454230688392
    2	1897.577439452170211	   0.002257585389423	   0.002259069484067	   0.066412731912470
    2	1952.438502719424378	   0.002168053466921	   0.002169440374451	   0.065382441828382
    2	2008.884824612568991	   0.002081935848216	   0.002083231673733	   0.064363718993028
    2	2066.962212572464068	   0.001999105709621	   0.002000317964444	   0.063356511292917
    2	2126.717797686213089	   0.001919448888468	   0.001920581120436	   0.062360762204716
    2	2188.200072935102071	   0.001842846782920	   0.001843905688703	   0.061376396165651
    2	2251.458932547709992	   0.001769188842107	   0.001770178071090	   0.060403347874385
    2	2316.545712490196365	   0.001698367283597	   0.001699293119952	   0.059441529468714
    2	2383.513232126565981	   0.001630280387342	   0.001631143908842	   0.058490863996689
    2	2452.415837082751750	   0.001564825734150	   0.001565633715680	   0.057551272043119
    2	2523.309443349305639	   0.001501907628531	   0.001502661913917	   0.056622683002750
    2	2596.251582658446296	   0.001441432426237	   0.001442136434058	   0.055705045273949
    2	2671.301449172356115	   0.001383309258707	   0.001383966491716	   0.054798281315733
    2	2748.519947520530422	   0.001327449958935	   0.001328065056143	   0.053902328911793
    2	2827.969742225257505	   0.001273772597558	   0.001274346640614	   0.053017143670313
    2	2909.715308555253614	   0.001222194332247	   0.001222731053699	   0.052142655748671
    2	2993.822984848768556	   0.001172637125023	   0.001173137590209	   0.051278802612757
    2	3080.361026348630730	   0.001125025734458	   0.001125493535379	   0.050425495296327
    2	3169.399660592879627	   0.001079285813241	   0.001079722431310	   0.049582652352668
    2	3261.011144405973482	   0.001035347985995	   0.001035756006035	   0.048750172069609
    2	3355.269822536785341	   0.000993144003274	   0.000993524698197	   0.047927944418315
    2	3452.252187991046867	   0.000952608020383	   0.000952962818731	   0.047115824043278
    2	3552.036944107091585	   0.000913676946855	   0.000914008161852	   0.046313646849883
    2	3654.705068425367699	   0.000876289583242	   0.000876599418929	   0.045521115015689
    2	3760.339878403509374	   0.000840387609397	   0.000840676484356	   0.044737874486085
    2	3869.027099030277441	   0.000805914954282	   0.000806184225024	   0.043963692704732
    2	3980.854932393318904	   0.000772816186046	   0.000773067833054	   0.043198625351156
    2	4095.914129257097557	   0.000741039296031	   0.000741274193157	   0.042442547683305
    2	4214.298062709161059	   0.000710534226761	   0.000710753457627	   0.041695144240476
    2	4336.102803934437361	   0.000681251166940	   0.000681455358641	   0.040955565793443
    2	4461.427200179180545	   0.000653143520673	   0.000653334027009	   0.040222118588555
    2	4590.372954967662736	   0.000626166094710	   0.000626344025434	   0.039491277996800
    2	4723.044710636855598	   0.000600275233027	   0.000600440977802	   0.038757285649137
    2	4859.550133256005211	   0.000575430321908	   0.000575584913429	   0.038010864695390
    2	5000.000000000002728	   0.000551592465646	   0.000551736637102	   0.037235177010783
