   0.042133877304138
   0.063810787809561
   0.089216669252050
   0.120690506091376
   0.125072294357243
   0.153073878580587
   0.185295287080060
   0.211170824599285
   0.245073237107011
   0.264289379438229
   0.297136979432322
   0.329579446481819
   0.366871550754212
   0.398667855528879
   0.431517491935243
   0.466399925051849
   0.505991114501155
   0.540331759536800
   0.581625180047079
   0.624098260590645
   0.669881908320250
   0.718134355706763
   0.763938163820805
   0.811146626205068
   0.860001476132170
   0.911287514880369
   0.960370115489899
   1.014082052381194
   1.070137235475749
   1.125500537098273
   1.183458676338027
   1.244193424643282
   1.306554155623029
   1.370288748617149
   1.437183016541413
   1.516519883271971
   1.589764174758019
   1.662537657203054
   1.737892258574494
   1.815588901504421
   1.895508980124135
   1.978157647434040
   2.064550712713848
   2.157142223704060
   2.247867971436939
   2.340910679086562
   2.437409193778876
   2.536765106445158
   2.638956991076364
   2.744607320355462
   2.854772717884674
   2.966718666905455
   3.081783651517367
   3.200445765659401
   3.321987901204241
   3.448809788105519
   3.584429791988025
   3.720318107507878
   3.852152859198651
   3.992941849641870
   4.142103098909679
   4.299372404569452
   4.462151308478368
   4.621721992637416
   4.783376347843197
   4.952733568637300
   5.129845790114766
   5.313159399985950
   5.502457976939889
   5.695659773340569
   5.893470229966864
   6.097524655618903
   6.307187597127868
   6.523972229560789
   6.748388890241454
   6.978394544041365
   7.213141072635023
   7.454353336700447
   7.702531650761672
   7.958816349000688
   8.223040971670191
   8.491671681137973
   8.765942016396222
   9.048137617153413
   9.338486476429363
   9.637229313264404
   9.944602394655469
  10.260856279604070
  10.586250128524352
  10.923538810076945
  11.271684349454230
  11.629225120241035
  11.996764624050471
  12.374995771898195
  12.764266865752855
  13.164374845555340
  13.575495658707274
  13.998037404657927
  14.432090743849054
  14.878504758034209
  15.337283484703271
  15.809393227113146
  16.295415053356837
  16.795366152530161
  17.309322269993391
  17.838064146521720
  18.382136796264309
  18.941568069413307
  19.516554247498899
  20.108025628665050
  20.716492503410073
  21.342434692122648
  21.986092798336877
  22.648184060927374
  23.329270680509858
  24.029943407074118
  24.750596681990434
  25.491876328629939
  26.254441700324158
  27.038861096168734
  27.845692090286828
  28.675621691883801
  29.529356860544738
  30.407548253475781
  31.310884317393672
  32.241890106642060
  33.202446463247199
  34.190759415074638
  35.207618348009305
  36.253859700144396
  37.330356000184437
  38.437940653673948
  39.577539649847310
  40.750045892275296
  41.956465148910304
  43.197716318832285
  44.474849831438846
  45.788892544412583
  47.140896031002967
  48.531963536229917
  49.963226494203006
  51.435853967453397
  52.951037350134627
  54.510002240955401
  56.114009421386157
  57.764377501568482
  59.462398033977152
  61.209524547489487
  63.005480426131470
  64.843920500521463
  66.735212987096460
  68.680512365065553
  70.682281413311443
  72.741711774748168
  74.860171471077237
  77.040060513382585
  79.283125350560084
  81.590709743432839
  83.964965341696455
  86.408438649012709
  88.922224891292004
  91.508310493035282
  94.169682274220278
  96.907572575968942
  99.724735170599743
 102.623654284761301
 105.605825511011304
 108.674402810190415
 111.831835241551218
 115.080185481467765
 118.422632835323085
 121.861740137055037
 125.400169941265858
 129.040940522816641
 132.787082381957873
 136.641438924677743
 140.607437561534596
 144.688162855051928
 148.886908401756784
 153.207282252379230
 157.652822026524063
 162.226910652418411
 166.933499636390707
 171.776377142539047
 176.759436272478268
 181.886703902353247
 187.162521010686731
 192.591045106396336
 198.176827735682224
 203.924515990255031
 209.838790217885247
 215.924445674126332
 222.186548212529232
 228.630114182478394
 235.260397377632700
 242.082880590181560
 249.103153488810449
 256.326872568259716
 263.760049089139443
 271.408509355977230
 279.278775624642776
 287.377234465705783
 295.710368242957713
 304.285036582969724
 313.108212774296760
 322.187086968805545
 331.529239405337933
 341.141990687404245
 351.033372933199530
 361.211512044673270
 371.684428315290575
 382.460813152933440
 393.549418609923123
 404.959210422230910
 416.699600053587460
 428.780242640586380
 441.210952754026664
 454.001955043231987
 467.163643054168290
 480.706664203421042
 494.642266074257918
 508.981775168311685
 523.736794440598942
 538.919378867270098
 554.541854031221646
 570.616927896518973
 587.157861142461229
 604.177944421171787
 621.690834841905598
 639.711137063103934
 658.253072625968912
 677.332563256853177
 696.964209590339692
 717.165022694565323
 737.951358017628650
 759.339462317852394
 781.347523865573862
 803.992931909961840
 827.294267551481198
 851.270538691434695
 875.941507201969671
 901.326978859540645
 927.447570437010427
 954.324657903979414
 981.980297474932854
1010.436907411805464
1039.717210640832036
1069.845938816518583
1100.846359547450220
1132.745046955401449
1165.566905515213421
1199.339538383302170
1234.089289741753646
1269.845471770251834
1306.635844344348925
1344.491725346652174
1383.442823786785766
1423.521663946347189
1464.760896896904796
1507.193554610935735
1550.854379055947447
1595.778679412525207
1642.003616085183467
1689.565821044055610
1738.505406566998772
1788.861444633457495
1840.673541256618819
1893.985602591094676
1948.841052558488173
2005.283357790926630
2063.358864787226139
2123.114317986111473
2184.598781017279634
2247.863099773465365
2312.957397044150639
2379.934566033997726
2448.849593857623404
2519.757939565196466
2592.717214238798988
2667.787309575869585
2745.028631137692173
2824.505637918971843
2906.280865586988966
2990.421562850928240
3076.997097260547889
3166.076450847065644
3257.731980163243406
3352.038131144118324
3449.072296523358546
3548.913352741559265
3651.633618776473213
3757.322649005025141
3866.067584084535611
3977.959121508289627
4093.089255696766941
4211.548231326773021
4333.436464970573070
4458.850317305861608
4587.893842055695131
4720.665985307234223
   0.255947199031121
   0.258121582751274
   0.292238906309069
   0.321146573336634
   0.340156386901358
   0.367998782007731
   0.396898167404192
   0.411285448345514
   0.448200067236849
   0.479162566359266
   0.497432170197867
   0.533103330490988
   0.571345600351769
   0.600012342305313
   0.633214963652816
   0.669881708370343
   0.711129566458907
   0.748189159496754
   0.787882339672054
   0.826636663577781
   0.871420798794607
   0.922203630539005
   0.961210491105717
   1.005897974718538
   1.051500376710324
   1.097283888757520
   1.157886025686227
   1.214232356542765
   1.267330048502576
   1.322318729811916
   1.376340143655637
   1.436338483950079
   1.500231904623429
   1.562781848083749
   1.634077104025567
   1.710190834871864
   1.781582497050857
   1.853830143520073
   1.927104624110602
   2.003296398475755
   2.082958592196827
   2.165365495670224
   2.248225683628902
   2.335843322708514
   2.426336402129775
   2.518690524354546
   2.614433036145911
   2.713606371873920
   2.815346346798775
   2.924899113644932
   3.038312961956193
   3.155002407472659
   3.271211665882716
   3.388679405392641
   3.506435311231947
   3.629859074167763
   3.756398124389582
   3.886191862461727
   4.022665614892833
   4.161678363968738
   4.330355993069007
   4.500463257134631
   4.663035255666797
   4.830864777871355
   5.000521174474362
   5.173986211437978
   5.352865163379285
   5.544446624932934
   5.740618033427854
   5.938361905603341
   6.138852128990567
   6.345137565619673
   6.557380967631250
   6.775758639964016
   7.000447131106051
   7.231627729467446
   7.469489396366486
   7.714220096704266
   7.966025973980519
   8.225109633869243
   8.491675564588830
   8.765943060144794
   9.048140043201039
   9.338491520518636
   9.637232914047951
   9.944604730017614
  10.260857274221213
  10.586251267248196
  10.921044162887332
  11.265510333685020
  11.619935641600197
  11.984599689664797
  12.359796808268488
  12.745838710219850
  13.143040530206218
  13.551715834314257
  13.972198660422599
  14.404835534493508
  14.849963899533169
  15.307963703370504
  15.779178199416943
  16.259671395811043
  16.754000939022237
  17.262680481157119
  17.785766819621539
  18.323572207482968
  18.876747595755557
  19.445246901093206
  20.029197586087484
  20.629718250802355
  21.247412710294043
  21.883344331233168
  22.537363305301440
  23.209982713294046
  23.901837974150592
  24.613703163082413
  25.345715814316712
  26.098405821711101
  26.872613212749748
  27.668972190149510
  28.488077786263638
  29.330510474864116
  30.197015109084671
  31.088290764136236
  32.005010390555675
  32.947823873575381
  33.917509431825756
  34.914801381890491
  35.940462783343463
  36.995307530589933
  38.080159648450369
  39.195901144746628
  40.343397236716264
  41.523515680583664
  42.737340133149310
  43.985789711009062
  45.269680815355336
  46.590228265603820
  47.948414210487691
  49.345179934389243
  50.781782732424112
  52.259225822044911
  53.778686411054963
  55.341438714713341
  56.948571229086681
  58.601370254814334
  60.301071895373823
  62.048003686754811
  63.844565815276979
  65.692359121001928
  67.592023967752255
  69.545857075725976
  71.555489848289042
  73.621990516863846
  75.747791604950152
  77.935315898898722
  80.185074054838438
  82.498691841484614
  84.880077210567933
  87.328911898438093
  89.847093721623409
  92.438512513021536
  95.103321424188266
  97.844961725972766
 100.665699828213917
 103.566384810408451
 106.550769585617630
 109.620848309921911
 112.778781507854561
 116.026981843847963
 119.368965497544096
 122.806563506142723
 126.342705373002360
 129.980754269872079
 133.723058929766864
 137.572925979457921
 141.533678936015690
 145.608241319059971
 149.800183327843598
 154.112844348899984
 158.549655839448121
 163.114289069633429
 167.810519932539023
 172.642056377360404
 177.612838171989040
 182.727022431601853
 187.988637099223638
 193.408041962854128
 199.025681654604739
 204.805594552194634
 210.752503802066315
 216.871253309617998
 223.166816744642603
 229.644271961992246
 236.308971358284197
 243.166205771311240
 250.221546535062686
 257.480837537970331
 264.949866166316383
 272.634679989428491
 280.541670461259514
 288.676970151184719
 297.047445865956661
 305.659746259848134
 314.521063051828889
 323.638318710962722
 333.018967528892347
 342.631135019015517
 352.517241866457880
 362.689791727650857
 373.156766091386714
 383.926670012515501
 395.008273724153696
 406.410824382802844
 418.143408547858087
 430.215778172594412
 442.637983661072724
 455.420147778208957
 468.572575448680254
 482.106176267342335
 496.031906697548038
 510.361250382122421
 525.105639574753809
 540.277390749799565
 555.888894930237711
 571.952655646702738
 588.481905004130454
 605.490095167943650
 622.990864212213182
 640.998816679571746
 659.528550250592843
 678.595232486331611
 698.214050121757055
 718.401633208068006
 739.174186562647151
 760.548601774240751
 782.542365288741507
 805.173588167811772
 828.460682064578577
 852.422190499472890
 877.078544154227870
 902.449072480971950
 928.554502968280531
 955.416523677723035
 983.056748053926071
1011.497765948961160
1040.762824255197984
1070.875598194524628
1101.860527616894615
1133.743073395011834
1166.549386368648584
1200.305447022901944
1235.039524839506157
1270.778870827102764
1307.552970222240447
1345.392121521360650
1384.326172196318566
1424.388412810024647
1465.610493058802604
1508.026016939641750
1551.669784656218098
1596.578135124595292
1642.785775504099320
1690.331953223700793
1739.254188568687141
1789.592574068223712
1841.388122211248856
1894.682762898243936
1949.520904411753236
2005.946253653751228
2064.004285904293738
2123.743037870052376
2185.210875124304039
2248.458180306983650
2313.535626802449769
2380.496171959960975
2449.394305508995785
2520.286093906019232
2593.230196032912318
2668.284057849277360
2745.509697902314656
2824.969959194411331
2906.729503166686300
2990.853052357755132
3077.412632056497841
3166.475737472729634
3258.113989673858214
3352.405070801404690
3449.422436440396268
3549.246493063181333
3651.955891057157714
3757.635677440788641
3866.369377116125634
3978.250513317289005
4093.364698540425252
4211.809365192710175
4333.680870536496514
4459.078394030987511
4588.099784738274138
4720.850186038962420
   0.448200019193316
   0.465574585164185
   0.490047007862649
   0.520413609522318
   0.533103408711324
   0.565915318693919
   0.577554816691203
   0.621437848899820
   0.638986009574604
   0.669881652068766
   0.697418235734239
   0.721514821970074
   0.767781252389609
   0.800786459661212
   0.826054954280879
   0.871420675675033
   0.900298096793317
   0.932405110023495
   0.981135841289191
   1.023808049074993
   1.064944382027000
   1.099846049545002
   1.157885814105644
   1.195225031030884
   1.239555572070880
   1.284396519570192
   1.350405034935979
   1.395756778181763
   1.444682908868274
   1.496542709984102
   1.560100908064204
   1.624117973351697
   1.682361025507012
   1.744726861772043
   1.806161688374953
   1.869081632268867
   1.951984951484496
   2.026008393222825
   2.099895346510921
   2.174010117417157
   2.247284215447850
   2.327169245025519
   2.408390353841809
   2.502214872899865
   2.600261023833423
   2.690427810180918
   2.783196190817061
   2.879074674199835
   2.978125143725479
   3.076178737057006
   3.179524496644151
   3.287845871274579
   3.398682773307601
   3.525698271260830
   3.651362227074473
   3.772478581721746
   3.899708572504656
   4.033259850356652
   4.170367379662149
   4.319734685763716
   4.475075215256981
   4.642162387850965
   4.845039514379759
   5.017275934488283
   5.190832173892250
   5.366259266899923
   5.549322283939714
   5.738443655346715
   5.932619729324814
   6.134803850229313
   6.345137782197299
   6.557380565252685
   6.775757659590059
   7.000446176707745
   7.227218126143737
   7.460753024469783
   7.703421329467045
   7.953622476400333
   8.208266617846697
   8.469828251088279
   8.738549573359956
   9.016455481308668
   9.301144734092238
   9.592801853036580
   9.893486585644281
  10.202574578059057
  10.519390874394281
  10.844890236099690
  11.180372109428571
  11.525632023763261
  11.880720686666917
  12.245560389461939
  12.620612057555295
  13.006606200725033
  13.403902501681022
  13.812015125916952
  14.231542363844033
  14.663637435820922
  15.108544177605992
  15.565758496385063
  16.035110267467346
  16.517707108359136
  17.014738104123666
  17.526259554213166
  18.052159557095159
  18.592906046805982
  19.149136190988337
  19.721337207812702
  20.309860103784299
  20.915129579689811
  21.537831262383545
  22.178358259527371
  22.837171260640986
  23.514792702365106
  24.211889362819996
  24.928328450755146
  25.664226236549229
  26.421112664141347
  27.199724723378193
  28.001507294070183
  28.826394512987303
  29.674902341147824
  30.547895719522771
  31.446091190757109
  32.369891075426658
  33.319740985421127
  34.296527401862420
  35.301097627413029
  36.334170430415774
  37.396608359445906
  38.489305905648841
  39.613077239265785
  40.768776923784017
  41.957407378566614
  43.197738026700378
  44.474846536573516
  45.788887875548511
  47.140900975635546
  48.531963888567326
  49.963225909301990
  51.435855798317725
  52.933611848233532
  54.468380912344472
  56.046848053011075
  57.670154248660026
  59.339467657982084
  61.056163071623956
  62.821404362962326
  64.636536566885312
  66.503460478475233
  68.423024063483439
  70.396914728704914
  72.427009630584536
  74.514454477596999
  76.660662925830707
  78.867546531745091
  81.136187760855194
  83.468789106021646
  85.868258522279021
  88.334979977064549
  90.871340134401677
  93.480410158764045
  96.163723394329210
  98.924581193624221
 101.763833780023461
 104.684014978948255
 107.688006558896575
 110.777616865381987
 113.956362847110412
 117.222740921535916
 120.584852148511501
 124.042086141290284
 127.597289864860855
 131.255017228445610
 135.016664013806718
 138.885481731212479
 142.865237120230034
 146.958690846285805
 151.169086663555987
 155.500027391040476
 159.954885263902185
 164.537267709733698
 169.250890743568732
 174.099517658000082
 179.086912036147197
 184.217379623288650
 189.494922145051419
 194.923764229718614
 200.508447537970994
 206.253259284073380
 212.163006887102256
 218.242654147218417
 224.496888734669000
 230.930793893668664
 237.549672081768534
 244.358976507583236
 251.364609561308072
 258.571081566392422
 265.985379122408858
 273.612977948286925
 281.461951284501708
 289.534858621410365
 297.841511160044149
 306.387247759677393
 315.178905020880620
 324.224567004289099
 333.532530636960416
 343.107303868904353
 352.959537984850897
 363.095899731336317
 373.524796972447234
 384.254918404374564
 395.294814514649659
 406.728678617628361
 418.510355432070867
 430.632541486240314
 443.104856181456455
 455.937599978173353
 469.141346356637087
 482.726404022613224
 496.704175063892251
 511.085806626407418
 525.882825850322661
 541.107736330062153
 556.772356763841117
 572.889707621029061
 589.472500445966602
 606.534743366284260
 624.090198689644126
 642.152424505347312
 660.736968392913241
 679.858358855393362
 699.532403207182483
 719.774995779630444
 740.602166528786825
 762.029100020167448
 784.006712740966350
 806.621825239166014
 829.892537702589834
 853.837118852664730
 878.476349520445638
 903.829273297501231
 929.916993416910827
 956.760764646831376
 984.382505152627914
1012.804710910687504
1042.050671670328484
1072.144109532369612
1103.109260503582618
1134.972144158092533
1167.757747132728809
1201.494041317154370
1236.206921156299131
1271.925600568955815
1308.679195661263293
1346.497083945760551
1385.410353294628521
1425.451342679069967
1466.652071289380501
1509.045857433111223
1552.667898668280486
1597.553270579484888
1643.739248322194953
1691.261954554436670
1740.160527463418475
1790.476201408786210
1842.247651807435886
1895.518887291081910
1950.333442208343058
2006.734902291736262
2064.769265782691036
2124.485151865575517
2185.929238016258751
2249.153259897521366
2314.207135613800801
2381.144756569206038
2450.019820490293569
2520.888447438596359
2593.808754868489814
2668.840431426295709
2746.043405405584053
2825.480540245417160
2907.216104954610273
2991.318858920745697
3077.853719037414066
3166.893192846684087
3258.509992294970289
3352.777810990382022
3449.771293691925621
3549.574015147711179
3652.261654941696179
3757.919814715262874
3866.634424752618997
3978.492413632870011
4093.587687007975092
4212.009856647750894
4333.858637614000145
4459.229076490455554
4588.220028471822843
4720.935250563336922
