 -25.683785039305178
 -25.524006075628915
 -25.374964746890338
 -25.229323884789423
 -25.092045594428310
 -24.956753702187310
 -24.823003915452649
 -24.694854953529639
 -24.567913069508034
 -24.442325592109061
 -24.318137063087811
 -24.197276702712159
 -24.078366468258814
 -23.960090595859935
 -23.842611062254779
 -23.726124463107318
 -23.611439035411955
 -23.497956075219516
 -23.384844954354520
 -23.272417418618808
 -23.160482962141351
 -23.049361705295745
 -22.939039563498682
 -22.829246449518720
 -22.719720953634980
 -22.610549281380784
 -22.501648993054992
 -22.393160182324170
 -22.285170228674957
 -22.177462190172591
 -22.069749528173791
 -21.961860046353618
 -21.853918660742124
 -21.745993898091641
 -21.638126338168860
 -21.530205927244523
 -21.422076807284881
 -21.313635885061395
 -21.204972617130011
 -21.096247266072680
 -20.987471901911320
 -20.878578789497624
 -20.769477412732883
 -20.660131572721070
 -20.550609277209379
 -20.440981822554356
 -20.331247034981875
 -20.221381092524449
 -20.111311499371165
 -20.000979892750870
 -19.890351413623755
 -19.779351750564064
 -19.667812723712192
 -19.555828029113854
 -19.443598070266397
 -19.331127299614025
 -19.217655823738692
 -19.103317705529381
 -18.988431339603775
 -18.873196999356392
 -18.757643263556854
 -18.641342036200349
 -18.524307042016417
 -18.406796204643470
 -18.288940899809297
 -18.170715823449065
 -18.051948941897955
 -17.932720802339020
 -17.813179313123978
 -17.693378596985742
 -17.573275448908007
 -17.452866565050844
 -17.332247436626318
 -17.211490212282971
 -17.090600072030703
 -16.969580245802483
 -16.848478762868755
 -16.727355309564654
 -16.606231541759303
 -16.485119168397659
 -16.364054216199595
 -16.243098861688342
 -16.122280015595461
 -16.001612590185530
 -15.881124125783078
 -15.760851317072813
 -15.640806327135520
 -15.521008634770524
 -15.401480805984201
 -15.282249652081099
 -15.163326376592119
 -15.044728357574728
 -14.926475225918390
 -14.808586028495059
 -14.691073383521044
 -14.573953733214994
 -14.457238950202765
 -14.340943179118856
 -14.225078189518065
 -14.109656577904515
 -13.994688386670022
 -13.880184980345611
 -13.766156938440558
 -13.652613997513587
 -13.539565041291956
 -13.427019139769248
 -13.314984735241447
 -13.203469527628322
 -13.092480844345292
 -12.982025886636032
 -12.872111421056053
 -12.762743741362394
 -12.653928935148040
 -12.545672940541973
 -12.437981328536170
 -12.330859319542920
 -12.224311893979065
 -12.118343819346325
 -12.012959588348641
 -11.908163428997469
 -11.803959350439412
 -11.700351143832211
 -11.597342377458286
 -11.494936418751358
 -11.393136390119935
 -11.291945267368146
 -11.191365915133352
 -11.091400774110564
 -10.992052193024930
 -10.893322148938886
 -10.795212517383296
 -10.697723992132516
 -10.600858882372851
 -10.504618235368103
 -10.409005750228243
 -10.314026978996758
 -10.219682480735591
 -10.125974578741319
 -10.032903824260845
  -9.940469690679755
  -9.848677494302470
  -9.757527174874841
  -9.667017761766092
  -9.577149724840195
  -9.487921553268420
  -9.399332192869888
  -9.311381244404661
  -9.224067406277555
  -9.137389641330051
  -9.051347219857238
  -8.965938795908752
  -8.881163163102155
  -8.797019171918729
  -8.713505286340434
  -8.630619944726273
  -8.548361593695848
  -8.466728477037027
  -8.385718519879559
  -8.305329866222820
  -8.225562499456194
  -8.146414327240308
  -8.067883625033645
  -7.989968164598865
  -7.912666499910714
  -7.835977591731377
  -7.759899257095960
  -7.684430021813625
  -7.609568245063148
  -7.535311851992303
  -7.461659138975295
  -7.388608223897592
  -7.316157011711092
  -7.244303438882437
  -7.173045274865352
  -7.102380131266081
  -7.032305578466748
  -6.962819043535567
  -6.893917893529474
  -6.825599466532942
  -6.757861020344986
  -6.690699808839968
  -6.624113100086761
  -6.558098232020829
  -6.492652549898149
  -6.427773219948977
  -6.363457293976108
  -6.299701717315206
  -6.236503244047441
  -6.173858503276286
  -6.111764167616401
  -6.050216937043824
  -5.989213477102119
  -5.928750470893986
  -5.868824603276437
  -5.809432553278387
  -5.750570989498692
  -5.692236565361488
  -5.634425946567687
  -5.577135809555984
  -5.520362803467098
  -5.464103548664783
  -5.408354697509758
  -5.353112961093287
  -5.298375010045708
  -5.244137495824370
  -5.190397117658143
  -5.137150555702918
  -5.084394523906671
  -5.032125765113427
  -4.980341049821885
  -4.929037168733006
  -4.878210875187415
  -4.827858908359997
  -4.777977965223070
  -4.728564690401948
  -4.679615712613231
  -4.631127664313949
  -4.583097170131178
  -4.535520859024130
  -4.488395362485355
  -4.441717317019922
  -4.395483366081770
  -4.349690161397493
  -4.304334365925775
  -4.259412663977815
  -4.214921911323363
  -4.170858924369221
  -4.127220499581977
  -4.084003421029800
  -4.041204461103293
  -3.998820274520337
  -3.956847471852236
  -3.915282734260836
  -3.874122740863271
  -3.833364202022256
  -3.793003843058170
  -3.753038408486773
  -3.713464660097622
  -3.674279375531263
  -3.635479348914132
  -3.597061389843331
  -3.559022323921869
  -3.521358992407105
  -3.484068252522117
  -3.447146977425252
  -3.410592056458353
  -3.374400395190571
  -3.338568915642236
  -3.303094556541717
  -3.267974273368820
  -3.233205052302997
  -3.198783929008987
  -3.164707946090317
  -3.130974179959137
  -3.097579703665947
  -3.064521606992306
  -3.031796948326983
  -2.999402814447539
  -2.967336277620129
  -2.935594447440486
  -2.904174431885735
  -2.873073372475063
  -2.842288418533157
  -2.811816748056362
  -2.781655551406905
  -2.751802042314370
  -2.722253447380419
  -2.693007013511794
  -2.664060000698366
  -2.635409688963448
  -2.607053372812695
  -2.578988370566715
  -2.551212039270487
  -2.523721750346320
  -2.496514895761322
  -2.469588878918780
  -2.442941119517276
  -2.416569043433182
  -2.390470072682760
  -2.364641649988500
  -2.339081230334204
  -2.313786291701982
  -2.288754328526678
  -2.263982857435364
  -2.239469412740436
  -2.215211549862365
  -2.191206842268084
  -2.167452883687879
  -2.143947949355951
  -2.120689827664895
  -2.097676023581295
  -2.074904145340097
  -2.052371661590000
  -2.030076170295039
  -2.008015214351852
  -1.986186443044369
  -1.964587492870271
  -1.943216087429430
  -1.922069961311476
  -1.901146927068686
 -20.466447471623948
 -20.430150646987137
 -20.393400826218869
 -20.356243661285113
 -20.318471030028050
 -20.280392115128929
 -20.241602638502098
 -20.202232919355897
 -20.162547481845660
 -20.122157747692395
 -20.081231254528962
 -20.039852630841729
 -19.997797091483207
 -19.955193479316918
 -19.912213144224634
 -19.868538616603075
 -19.824171485536993
 -19.779275576160423
 -19.733876553907024
 -19.687818873218845
 -19.641109206225998
 -19.593808106320601
 -19.545952392571827
 -19.497392229181887
 -19.448161190230124
 -19.398282157249771
 -19.347878877816864
 -19.296878575786675
 -19.245163071715982
 -19.192715612563191
 -19.139522356991762
 -19.085579930956982
 -19.030999797248015
 -18.975941556465500
 -18.920170842803291
 -18.863671581243118
 -18.806432591309509
 -18.748446843591463
 -18.689711947548670
 -18.630225627657211
 -18.570007154141130
 -18.509117277134784
 -18.447568928090263
 -18.385310814959798
 -18.322320250280857
 -18.258582575994620
 -18.194088307727451
 -18.128829781371003
 -18.062791500280056
 -17.995952717742565
 -17.928302940245050
 -17.859829362634912
 -17.790435554440727
 -17.719206215350347
 -17.646484349454642
 -17.572037266217706
 -17.496063410930034
 -17.418533038072116
 -17.339488865107299
 -17.259018974787601
 -17.177247493732011
 -17.094279974446202
 -17.010186445168220
 -16.925019202418554
 -16.838838729230964
 -16.751701055773225
 -16.663656311865619
 -16.574747838002164
 -16.485015390657978
 -16.394508633467492
 -16.303278055641908
 -16.211368045954718
 -16.118813173170668
 -16.025644812370274
 -15.931898543150226
 -15.837609188899409
 -15.742808834167937
 -15.647528505258386
 -15.551798341335585
 -15.455651556650986
 -15.359120238383930
 -15.262242889053120
 -15.165054522896343
 -15.067605351918672
 -14.969912716226240
 -14.872005047850154
 -14.773893091947924
 -14.675603054015495
 -14.577149812146420
 -14.478557269527981
 -14.379845039570975
 -14.281034690079357
 -14.182145746104373
 -14.083208500299653
 -13.984235211329528
 -13.885245540661248
 -13.786257764891252
 -13.687293669867730
 -13.588372531534038
 -13.489511099051896
 -13.390725430131267
 -13.292031348141567
 -13.193444008416989
 -13.094978238718946
 -12.996648790836687
 -12.898470180536894
 -12.800456629274786
 -12.702622049879860
 -12.604980092544279
 -12.507544128432537
 -12.410327210336190
 -12.313342119281598
 -12.216601422601407
 -12.120117377059008
 -12.023901868959083
 -11.927966438817094
 -11.832322310316089
 -11.736980411026719
 -11.641951341262658
 -11.547245401454379
 -11.452872576015400
 -11.358842720182606
 -11.265165751133026
 -11.171851209323449
 -11.078908197647863
 -10.986345833666276
 -10.894172764309358
 -10.802396978283323
 -10.711026103570143
 -10.620067241498720
 -10.529527106859785
 -10.439412413924851
 -10.349729096579841
 -10.260482864676636
 -10.171680076076409
 -10.083326506174163
  -9.995427590922217
  -9.907988843850553
  -9.821015019755606
  -9.734511231023424
  -9.648482834794107
  -9.562934074566529
  -9.477869416297743
  -9.393293368807576
  -9.309209571580183
  -9.225621635401863
  -9.142532987602095
  -9.059946556690951
  -8.977865152608356
  -8.896291495263624
  -8.815227922199655
  -8.734676566626806
  -8.654639562519820
  -8.575118584136078
  -8.496114807927967
  -8.417630152929975
  -8.339664951109402
  -8.262219285587758
  -8.185296612563702
  -8.108898601942604
  -8.033026286893120
  -7.957680232351741
  -7.882860099804384
  -7.808567781927142
  -7.734804693005287
  -7.661571271017339
  -7.588868505225244
  -7.516697171173813
  -7.445057642191196
  -7.373950165989809
  -7.303375169811278
  -7.233332580773065
  -7.163822192108433
  -7.094843490675578
  -7.026395702614572
  -6.958477838171519
  -6.891088644810193
  -6.824226871366696
  -6.757891235489106
  -6.692080359326136
  -6.626792840467846
  -6.562027219323505
  -6.497781985276123
  -6.434055568112099
  -6.370846314753657
  -6.308152505985049
  -6.245972354142287
  -6.184303991795202
  -6.123145479154353
  -6.062494822023345
  -6.002349978964341
  -5.942708874333245
  -5.883569362195430
  -5.824929243996286
  -5.766786253694247
  -5.709138182067206
  -5.651982694249244
  -5.595317432426393
  -5.539139875941711
  -5.483447770484625
  -5.428238609892301
  -5.373509881739897
  -5.319259386465471
  -5.265484716585457
  -5.212183005126101
  -5.159351888742416
  -5.106988860934528
  -5.055091425997039
  -5.003657150197870
  -4.952683611313701
  -4.902168430176315
  -4.852109075857299
  -4.802502945474485
  -4.753347328660087
  -4.704639369269105
  -4.656376164160895
  -4.608554845614181
  -4.561172535655260
  -4.514226358800856
  -4.467713437279228
  -4.421630890872594
  -4.375975837643311
  -4.330745394282648
  -4.285936681478596
  -4.241546830333081
  -4.197572992938363
  -4.154012309962856
  -4.110861928254240
  -4.068118979301053
  -4.025780589296936
  -3.983843870707059
  -3.942305911312933
  -3.901163805152567
  -3.860414627517216
  -3.820055432946868
  -3.780083282325909
  -3.740495232261449
  -3.701288345484786
  -3.662459688062382
  -3.624006333179945
  -3.585925360794097
  -3.548213859154132
  -3.510868925112882
  -3.473887664806939
  -3.437267193993568
  -3.401004638841351
  -3.365097135906204
  -3.329541832703853
  -3.294335889162403
  -3.259476476323153
  -3.224960818998503
  -3.190786243559389
  -3.156950002009380
  -3.123449383770224
  -3.090281644204290
  -3.057444032734671
  -3.024933687183222
  -2.992747844959151
  -2.960883712611797
  -2.929338553922596
  -2.898109629166700
  -2.867194234060252
  -2.836589680005003
  -2.806293298612110
  -2.776302426909510
  -2.746614417715391
  -2.717226620705140
  -2.688136403108189
  -2.659341138963578
  -2.630838221753065
  -2.602625056298455
  -2.574699067075339
  -2.547057697644946
  -2.519698410194191
  -2.492618684237169
  -2.465816015067344
  -2.439287913737103
  -2.413031904605000
  -2.387045522484722
  -2.361326316002433
  -2.335871846322320
  -2.310679690730702
  -2.285747440825930
  -2.261072705197444
  -2.236653107695687
  -2.212486289479521
  -2.188569907691599
  -2.164901637221712
  -2.141479297539655
  -2.118300683576889
  -2.095363587588167
  -2.072665759606447
  -2.050204936670425
  -2.027978859729887
  -2.005985270660122
  -1.984221946247682
  -1.962686701772463
  -1.941377421014392
  -1.920292057552994
  -1.899428700448833
 -18.057346035906903
 -18.039453668054840
 -18.021230403425637
 -18.002560871906145
 -17.983529277569119
 -17.964049824318998
 -17.944095305045959
 -17.923766775309346
 -17.902926647854475
 -17.881709399011811
 -17.859992859691737
 -17.837766507665066
 -17.815101303971915
 -17.791901701730431
 -17.768216351906606
 -17.744078884081915
 -17.719383081054385
 -17.694192288070493
 -17.668516752746005
 -17.642267135521987
 -17.615497607429976
 -17.588196622021506
 -17.560283169567029
 -17.531749178461617
 -17.502679123974506
 -17.473049841472321
 -17.442809543642113
 -17.411976450519109
 -17.380578814183561
 -17.348522461290042
 -17.315798531907177
 -17.282404820168320
 -17.248450820830708
 -17.213813154827189
 -17.178473903468973
 -17.142424271861767
 -17.105663792015278
 -17.068241791439995
 -17.030076088605274
 -16.991161064496289
 -16.951467846192845
 -16.910951527118552
 -16.869584320456219
 -16.827401067603759
 -16.784267431849038
 -16.740131576503874
 -16.694996133921908
 -16.648658605934475
 -16.601045348279467
 -16.552190233944756
 -16.501591128541925
 -16.449385548676705
 -16.395682247931187
 -16.340557015219602
 -16.284060698335004
 -16.226251124509425
 -16.167201297806859
 -16.106969452985812
 -16.045603772971614
 -15.983152667925877
 -15.919663146633127
 -15.855193847211433
 -15.789707724421504
 -15.723229418258482
 -15.655782898238312
 -15.587399785529136
 -15.518113947795205
 -15.447960002640825
 -15.376978635960993
 -15.305234934302959
 -15.232810783781295
 -15.159648738090409
 -15.085723359349442
 -15.011059294146406
 -14.935679817254089
 -14.859607298753760
 -14.782864926863985
 -14.705475884813826
 -14.627460868442528
 -14.548842365964779
 -14.469695614329074
 -14.390222357340503
 -14.310290198752364
 -14.229856057313015
 -14.148942283826100
 -14.067569694633379
 -13.985756452169818
 -13.903522176150057
 -13.820887946055208
 -13.737874564890570
 -13.654502200109595
 -13.570790977176898
 -13.486763498836105
 -13.402437490104539
 -13.317850137502658
 -13.233067631355228
 -13.148130916365725
 -13.063025078290881
 -12.977741454404013
 -12.892286818190104
 -12.806673503287168
 -12.720915776396566
 -12.635028910163213
 -12.549028841675479
 -12.462931899394027
 -12.376754516868830
 -12.290513019858555
 -12.204223584191256
 -12.117902262028814
 -12.031564952299069
 -11.945227356537284
 -11.858904968628707
 -11.772613099226158
 -11.686366844279418
 -11.600180972838869
 -11.514069967590013
 -11.428048004501292
 -11.342128986844287
 -11.256326483483535
 -11.170658253365280
 -11.085144037567462
 -10.999798195667527
 -10.914635899406303
 -10.829669230924969
 -10.744910724369317
 -10.660366305562494
 -10.576043658617708
 -10.491951060258847
 -10.408097438778404
 -10.324491638655982
 -10.241142960278047
 -10.158060310257229
 -10.075252473697404
  -9.992728289720240
  -9.910496545047719
  -9.828565566875570
  -9.746943858843865
  -9.665639472742143
  -9.584660077645426
  -9.504013099489800
  -9.423706434178527
  -9.343747122522444
  -9.264142543586074
  -9.184899681884612
  -9.106024857449976
  -9.027523820860269
  -8.949402387520051
  -8.871665390903180
  -8.794318317914113
  -8.717366530600227
  -8.640814803793578
  -8.564667998729401
  -8.488930872384413
  -8.413606407281421
  -8.338699144236811
  -8.264213572111887
  -8.190152990185117
  -8.116521442712534
  -8.043322646110724
  -7.970559717314738
  -7.898235481380805
  -7.826352706836731
  -7.754915045928174
  -7.683925154352985
  -7.613385303866100
  -7.543297794919915
  -7.473664867095957
  -7.404492661369241
  -7.335782051592192
  -7.267533844867714
  -7.199749267918677
  -7.132428981056580
  -7.065574081611135
  -6.999185225399002
  -6.933262893655338
  -6.867807030972788
  -6.802817603385901
  -6.738294695517306
  -6.674238248282800
  -6.610648159968433
  -6.547524272541872
  -6.484866399459593
  -6.422674318804731
  -6.360947697849444
  -6.299686060650786
  -6.238888865105267
  -6.178555609272608
  -6.118685746896938
  -6.059278538269251
  -6.000332997403157
  -5.941848191537776
  -5.883823441988975
  -5.826257829078886
  -5.769150025891021
  -5.712498248660744
  -5.656301923578114
  -5.600560020467045
  -5.545271209355483
  -5.490432055956604
  -5.436042575026486
  -5.382101758109626
  -5.328608361719591
  -5.275561433132617
  -5.222959530453417
  -5.170798738520816
  -5.119078358323733
  -5.067796822027652
  -5.016952361358038
  -4.966543404580550
  -4.916568133256872
  -4.867024776289451
  -4.817911433991809
  -4.769226167451131
  -4.720966966403438
  -4.673131731311839
  -4.625718307836330
  -4.578724504486825
  -4.532148087075604
  -4.485986790113246
  -4.440238315955400
  -4.394900346449751
  -4.349970542393947
  -4.305446536185871
  -4.261325948091637
  -4.217606401081885
  -4.174285481907150
  -4.131360760959417
  -4.088829858680779
  -4.046690335725120
  -4.004939719795752
  -3.963575679615378
  -3.922595769746847
  -3.881997494148681
  -3.841778337785479
  -3.801935586237130
  -3.762466560261760
  -3.723368592405087
  -3.684639028793865
  -3.646275224302349
  -3.608274542277022
  -3.570634352703892
  -3.533352031696081
  -3.496424961525423
  -3.459850530127254
  -3.423626130756351
  -3.387749164105677
  -3.352217036733097
  -3.317027161447331
  -3.282176964192653
  -3.247663874708799
  -3.213485334149212
  -3.179638816411110
  -3.146121770847937
  -3.112931669734745
  -3.080065961451067
  -3.047522114806714
  -3.015297556786727
  -2.983389758529366
  -2.951796173768014
  -2.920514286439075
  -2.889541595117979
  -2.858875607751552
  -2.828513892510093
  -2.798453992587022
  -2.768693410863425
  -2.739229654100226
  -2.710060160874305
  -2.681182402477104
  -2.652593867078735
  -2.624292067927283
  -2.596274533518963
  -2.568538813101221
  -2.541082470711002
  -2.513903088593409
  -2.486998263492696
  -2.460365608115583
  -2.434002749054643
  -2.407907327247554
  -2.382076996780409
  -2.356509424944252
  -2.331202291776617
  -2.306153290741884
  -2.281360128292189
  -2.256820524931040
  -2.232532214948067
  -2.208492947941438
  -2.184700489234536
  -2.161152622537230
  -2.137847152326368
  -2.114781910364190
  -2.091954752176683
  -2.069363529503312
  -2.047006121676874
  -2.024880420212358
  -2.002984366568301
  -1.981315973755882
  -1.959873412723625
  -1.938655062084574
  -1.917659625729435
  -1.896886430554362
