   0.001369233493322
   0.000347520991225
   0.000195348734787
   0.000259657374194
   0.000149803261176
   0.000202045898872
   0.000220898764611
   0.000146637634325
   0.000158494680959
   0.000200525263828
   0.000202173327439
   0.000144224662289
   0.000147623566658
   0.000171032787829
   0.000175969142711
   0.000177124176325
   0.000162816390231
   0.000158428965850
   0.000164867685528
   0.000156668162153
   0.000158985504698
   0.000157011002657
   0.000148222497305
   0.000147819834175
   0.000144591746736
   0.000146690634982
   0.000134394858904
   0.000133389595462
   0.000129433989628
   0.000125088653386
   0.000119152834139
   0.000117337962007
   0.000104619220373
   0.000100183893037
   0.000094878996000
   0.000089591006265
   0.000083694613869
   0.000078907573480
   0.000073114099627
   0.000068113711807
   0.000065142742710
   0.000061880581690
   0.000057552920624
   0.000054173166276
   0.000048545544976
   0.000045248932144
   0.000042598417882
   0.000041101070192
   0.000039069142878
   0.000037596529601
   0.000031416937143
   0.000033032967755
   0.000030832789828
   0.000031980954310
   0.000030954052876
   0.000029701207926
   0.000027751188799
   0.000026818269192
   0.000026203172962
   0.000025345781999
   0.000024082990269
   0.000023257651336
   0.000022701818798
   0.000022025798468
   0.000021239996628
   0.000020420051529
   0.000019866845563
   0.000019430909947
   0.000018896304789
   0.000018294273778
   0.000017825691890
   0.000017609606750
   0.000017363493031
   0.000016936656050
   0.000016559432739
   0.000016581364580
   0.000016578442572
   0.000016151853965
   0.000015875507281
   0.000015715676356
   0.000015532082276
   0.000015000531295
   0.000014818027346
   0.000014636399281
   0.000014440130143
   0.000014235482919
   0.000014056795950
   0.000013868490401
   0.000013695038163
   0.000013510730046
   0.000013338391359
   0.000013155459652
   0.000012989306874
   0.000012819034972
   0.000012645711000
   0.000012469211349
   0.000012294207387
   0.000012119974218
   0.000011945657826
   0.000011769301322
   0.000011592486359
   0.000011415913589
   0.000011238554312
   0.000011058815614
   0.000010878351436
   0.000010699383796
   0.000010517982632
   0.000010332388087
   0.000010148304443
   0.000009965755487
   0.000009774158120
   0.000009580766827
   0.000009396872857
   0.000009199636560
   0.000008988190960
   0.000008802751690
   0.000008599875283
   0.000008355245386
   0.000008167380544
   0.000007961608992
   0.000007659752446
   0.000007470803696
   0.000007272274107
   0.000006893538699
   0.000006707686320
   0.000006526951537
   0.000006107850331
   0.000005924011484
   0.000005748217634
   0.000005637540405
   0.000005450694555
   0.000005256493592
   0.000005079637933
   0.000004888377228
   0.000004694311778
   0.000004515883707
   0.000004326938871
   0.000004133104850
   0.000003965391196
   0.000003777400627
   0.000003590347713
   0.000003427432745
   0.000003259301952
   0.000003109382739
   0.000002944540540
   0.000002779472449
   0.000002643550487
   0.000002477175446
   0.000002325117151
   0.000002207588541
   0.000002053312548
   0.000001927727923
   0.000001830096587
   0.000001737711105
   0.000001649689626
   0.000001563851393
   0.000001480574620
   0.000001400321884
   0.000001322674331
   0.000001247902484
   0.000001176157349
   0.000001106982589
   0.000001040628171
   0.000000977352375
   0.000000916478798
   0.000000858484123
   0.000000803450468
   0.000000750484965
   0.000000700527198
   0.000000653249098
   0.000000608303481
   0.000000566103186
   0.000000526061851
   0.000000488036676
   0.000000452072294
   0.000000417973327
   0.000000385718650
   0.000000355345031
   0.000000326528296
   0.000000299408442
   0.000000274186090
   0.000000250590395
   0.000000228633264
   0.000000208164868
   0.000000188999873
   0.000000171105503
   0.000000154443204
   0.000000139053897
   0.000000124852501
   0.000000111835161
   0.000000100035401
   0.000000089242186
   0.000000079627319
   0.000000071013540
   0.000000063219540
   0.000000056589820
   0.000000050406579
   0.000000045151820
   0.000000040384597
   0.000000036065390
   0.000000032158310
   0.000000028628676
   0.000000025447206
   0.000000022590101
   0.000000020023057
   0.000000017723355
   0.000000015652480
   0.000000013816766
   0.000000012191551
   0.000000010745385
   0.000000009466648
   0.000000008323270
   0.000000007299123
   0.000000006384488
   0.000000005571171
   0.000000004850660
   0.000000004213577
   0.000000003651867
   0.000000003158362
   0.000000002725521
   0.000000002346743
   0.000000002015537
   0.000000001731845
   0.000000001485813
   0.000000001271511
   0.000000001087672
   0.000000000925879
   0.000000000785831
   0.000000000665786
   0.000000000562538
   0.000000000474519
   0.000000000399734
   0.000000000336049
   0.000000000281851
   0.000000000235865
   0.000000000196874
   0.000000000163890
   0.000000000136101
   0.000000000112693
   0.000000000093074
   0.000000000076639
   0.000000000062949
   0.000000000051526
   0.000000000042095
   0.000000000034247
   0.000000000027837
   0.000000000022530
   0.000000000018250
   0.000000000014775
   0.000000000011909
   0.000000000009568
   0.000000000007644
   0.000000000006064
   0.000000000004798
   0.000000000003776
   0.000000000002967
   0.000000000002317
   0.000000000001808
   0.000000000001401
   0.000000000001087
   0.000000000000837
   0.000000000000647
   0.000000000000495
   0.000000000000381
   0.000000000000289
   0.000000000000220
   0.000000000000166
   0.000000000000125
   0.000000000000093
   0.000000000000070
   0.000000000000052
   0.000000000000038
   0.000000000000028
   0.000000000000020
   0.000000000000015
   0.000000000000011
   0.000000000000008
   0.000000000000005
   0.000000000000004
   0.000000000000003
   0.000000000000002
   0.000000000000001
   0.000000000000001
   0.000000000000001
   0.000000000000000
   0.000000000000000
   0.000000000000000
   0.000000000000000
   0.000000000000000
   0.000000000000000
   0.000000000000000
   0.000000000000000
   0.000000000000000
   0.000000000000000
   0.000000000000000
   0.000000000000000
   0.000000000000000
   0.000000000000000
   0.000000000000000
   0.000000000000000
   0.000386194062219
   0.000098018741115
   0.000055555866392
   0.000073998921296
   0.000042754311279
   0.000056987304810
   0.000062304779762
   0.000041359332758
   0.000108171120085
   0.000226132161273
   0.000114600758131
   0.000092722560863
   0.000093078330129
   0.000112076895089
   0.000232337704589
   0.000161874810235
   0.000137860514930
   0.000180858102088
   0.000233376169490
   0.000179807357355
   0.000233122849165
   0.000241975963516
   0.000244990094523
   0.000262998777502
   0.000276382933676
   0.000295318716230
   0.000302288066600
   0.000316356809841
   0.000328907418999
   0.000332006901081
   0.000329007139166
   0.000350310254540
   0.000296713219713
   0.000307271916017
   0.000291504534463
   0.000278392555288
   0.000268416395697
   0.000253878511543
   0.000243044886348
   0.000230202851634
   0.000232223862557
   0.000221665429596
   0.000208953992635
   0.000196545995303
   0.000182538031952
   0.000170367592022
   0.000155850924540
   0.000144608314828
   0.000128789236545
   0.000121547574671
   0.000098915521207
   0.000104916263408
   0.000089309192234
   0.000092956956808
   0.000088135776786
   0.000084348611428
   0.000082279787942
   0.000079426404736
   0.000076918136738
   0.000073925731876
   0.000070447319894
   0.000067035326577
   0.000063553865292
   0.000060444227101
   0.000057102952111
   0.000053998330850
   0.000050977644802
   0.000048120984079
   0.000045278469888
   0.000042711048740
   0.000040096065810
   0.000038006351566
   0.000036101686379
   0.000034491754611
   0.000032895767174
   0.000031797755941
   0.000030482528724
   0.000029669819710
   0.000028307222026
   0.000027867618542
   0.000027142842740
   0.000027023536106
   0.000026913479549
   0.000026487092689
   0.000025934799821
   0.000025363294402
   0.000024864590704
   0.000024343601872
   0.000023866061700
   0.000023374543137
   0.000022941086826
   0.000022470455444
   0.000022105759949
   0.000021707138604
   0.000021389060994
   0.000021072044360
   0.000020686313174
   0.000020310713065
   0.000019944041702
   0.000019585302147
   0.000019229365828
   0.000018877625802
   0.000018528713885
   0.000018183312535
   0.000017840190612
   0.000017501253486
   0.000017162517581
   0.000016823504898
   0.000016485070627
   0.000016148096606
   0.000015813467449
   0.000015476200193
   0.000015143199312
   0.000014813387404
   0.000014481758077
   0.000014143971150
   0.000013840285418
   0.000013487839151
   0.000013173786451
   0.000012871122852
   0.000012525866078
   0.000012194651493
   0.000011904360509
   0.000011511099583
   0.000011186106932
   0.000010891103980
   0.000010511973995
   0.000010211495860
   0.000009924005100
   0.000009667379493
   0.000009386157444
   0.000009090394736
   0.000008807394444
   0.000008520637400
   0.000008225261003
   0.000007942419116
   0.000007657060620
   0.000007363728990
   0.000007085803586
   0.000006801825591
   0.000006516266182
   0.000006245791802
   0.000005965535342
   0.000005693151146
   0.000005417843326
   0.000005127694832
   0.000004866377856
   0.000004575737798
   0.000004277478567
   0.000004047354888
   0.000003747475261
   0.000003475066872
   0.000003297885227
   0.000003141622910
   0.000002992544820
   0.000002847790314
   0.000002705699751
   0.000002568638284
   0.000002435227126
   0.000002306596973
   0.000002182421962
   0.000002062590003
   0.000001946763595
   0.000001835180856
   0.000001728259830
   0.000001625401172
   0.000001527835932
   0.000001433274145
   0.000001343655440
   0.000001259322341
   0.000001178853222
   0.000001103659619
   0.000001032291952
   0.000000963783472
   0.000000898712243
   0.000000836458421
   0.000000777266075
   0.000000721070773
   0.000000667612510
   0.000000616885452
   0.000000568868545
   0.000000523388104
   0.000000480461864
   0.000000439860651
   0.000000401499182
   0.000000365267182
   0.000000331041429
   0.000000298867062
   0.000000268621354
   0.000000240263692
   0.000000214025868
   0.000000189363611
   0.000000166985724
   0.000000146616233
   0.000000127533668
   0.000000112598495
   0.000000096977662
   0.000000087176222
   0.000000078281792
   0.000000070164352
   0.000000062778885
   0.000000056103629
   0.000000050092198
   0.000000044685203
   0.000000039747520
   0.000000035314076
   0.000000031310151
   0.000000027762472
   0.000000024584398
   0.000000021752937
   0.000000019249174
   0.000000016994626
   0.000000014958679
   0.000000013139999
   0.000000011520007
   0.000000010076572
   0.000000008793471
   0.000000007659773
   0.000000006658962
   0.000000005775606
   0.000000004999559
   0.000000004318874
   0.000000003724370
   0.000000003205810
   0.000000002753817
   0.000000002360929
   0.000000002019407
   0.000000001721904
   0.000000001466612
   0.000000001244290
   0.000000001055908
   0.000000000895027
   0.000000000756830
   0.000000000638661
   0.000000000537903
   0.000000000451770
   0.000000000378523
   0.000000000316457
   0.000000000263767
   0.000000000219339
   0.000000000181888
   0.000000000150434
   0.000000000124028
   0.000000000102046
   0.000000000083610
   0.000000000068428
   0.000000000055690
   0.000000000045364
   0.000000000036941
   0.000000000029962
   0.000000000024258
   0.000000000019536
   0.000000000015629
   0.000000000012470
   0.000000000009899
   0.000000000007843
   0.000000000006175
   0.000000000004860
   0.000000000003791
   0.000000000002966
   0.000000000002294
   0.000000000001791
   0.000000000001380
   0.000000000001074
   0.000000000000822
   0.000000000000634
   0.000000000000482
   0.000000000000368
   0.000000000000277
   0.000000000000209
   0.000000000000156
   0.000000000000117
   0.000000000000086
   0.000000000000064
   0.000000000000047
   0.000000000000034
   0.000000000000025
   0.000000000000018
   0.000000000000013
   0.000000000000009
   0.000000000000006
   0.000000000000004
   0.000000000000003
   0.000000000000002
   0.000000000000001
   0.000000000000001
   0.000000000000001
   0.000000000000000
   0.000000000000000
   0.000000000000000
   0.000000000000000
   0.000000000000000
   0.000000000000000
   0.000000000000000
   0.000000000000000
   0.000000000000000
   0.000000000000000
   0.000000000000000
   0.000000000000000
   0.000000000000000
   0.000000000000000
   0.000000000000000
   0.000000000000000
   0.000000000000000
   0.000000000000000
   0.000000000000000
   0.000000000000000
   0.000000000000000
   0.000009321312605
   0.000024904875133
   0.000008456265874
   0.000007643544839
   0.000007554998993
   0.000009375563391
   0.000026833484766
   0.000016712450494
   0.000015713372109
   0.000021437280583
   0.000029763896456
   0.000021977789930
   0.000037493674966
   0.000042545907980
   0.000037930848936
   0.000041242165535
   0.000054212082370
   0.000052027197042
   0.000059342067176
   0.000061715678763
   0.000075685760400
   0.000075555803420
   0.000079287151069
   0.000090674147128
   0.000084787864976
   0.000095462575135
   0.000099073519798
   0.000099132996702
   0.000111945355791
   0.000105394132799
   0.000111968972778
   0.000111838185824
   0.000125543102003
   0.000117625268848
   0.000120556498918
   0.000123376231851
   0.000120084623992
   0.000121502951779
   0.000116552595639
   0.000112188164056
   0.000110596766668
   0.000099250698767
   0.000095004031805
   0.000093822175710
   0.000073321918714
   0.000079803991870
   0.000073532226199
   0.000066140738515
   0.000067092577572
   0.000061935979431
   0.000059764930429
   0.000057158507373
   0.000054517873791
   0.000051672032113
   0.000047886150729
   0.000045848072123
   0.000042667487056
   0.000040247958946
   0.000037504049741
   0.000034940733249
   0.000032427610110
   0.000030048768467
   0.000026712162452
   0.000024453359339
   0.000022432187697
   0.000020637584477
   0.000018975409067
   0.000017555313422
   0.000016294210687
   0.000015302613913
   0.000014365154853
   0.000013874082940
   0.000011933210683
   0.000013148367456
   0.000012814002058
   0.000012472668028
   0.000012076556487
   0.000011682387031
   0.000011316758645
   0.000010996934643
   0.000010689902132
   0.000010370836069
   0.000010058845775
   0.000009732547089
   0.000009397438574
   0.000009024905619
   0.000009079738341
   0.000009127278640
   0.000008903319962
   0.000008694706951
   0.000008501162511
   0.000008316957399
   0.000008140135308
   0.000007970027713
   0.000007799660562
   0.000007634792840
   0.000007474683437
   0.000007318659160
   0.000007161503755
   0.000007003262448
   0.000006846806239
   0.000006685799954
   0.000006532614005
   0.000006369986705
   0.000006223772307
   0.000006051946260
   0.000005922250652
   0.000005735605127
   0.000005620033900
   0.000005406242863
   0.000005304574497
   0.000005190130132
   0.000005117242880
   0.000004997440106
   0.000004948553915
   0.000004819232064
   0.000004690742160
   0.000004569192165
   0.000004446544927
   0.000004326857337
   0.000004209336524
   0.000004093173471
   0.000003978445112
   0.000003861099844
   0.000003745040253
   0.000003630205556
   0.000003514021866
   0.000003399000818
   0.000003285603840
   0.000003170481500
   0.000003056494242
   0.000002944163891
   0.000002830356490
   0.000002718999884
   0.000002608972094
   0.000002499890874
   0.000002391662184
   0.000002283658141
   0.000002174372927
   0.000002065996456
   0.000001956291701
   0.000001859064912
   0.000001759435983
   0.000001661563312
   0.000001586419010
   0.000001517839572
   0.000001451700776
   0.000001388486905
   0.000001325775414
   0.000001264929874
   0.000001205206208
   0.000001147638032
   0.000001091685270
   0.000001037705026
   0.000000984956884
   0.000000932719962
   0.000000883406301
   0.000000835206129
   0.000000789464694
   0.000000745149350
   0.000000702548870
   0.000000662101176
   0.000000623538572
   0.000000587200697
   0.000000553143032
   0.000000520227227
   0.000000488800894
   0.000000458393979
   0.000000429126416
   0.000000401406503
   0.000000374787551
   0.000000349347011
   0.000000324883370
   0.000000301458968
   0.000000279157893
   0.000000257788313
   0.000000237294661
   0.000000217616924
   0.000000198665076
   0.000000180472146
   0.000000162955382
   0.000000146073279
   0.000000129915879
   0.000000114241634
   0.000000099358114
   0.000000085484275
   0.000000071437196
   0.000000061219369
   0.000000048474710
   0.000000043739778
   0.000000039463676
   0.000000035505575
   0.000000031864715
   0.000000028602362
   0.000000025697410
   0.000000023081896
   0.000000020597929
   0.000000018386350
   0.000000016408725
   0.000000014638042
   0.000000012995711
   0.000000011536611
   0.000000010242023
   0.000000009072271
   0.000000008005367
   0.000000007060187
   0.000000006219544
   0.000000005463431
   0.000000004787836
   0.000000004191804
   0.000000003662507
   0.000000003191532
   0.000000002776565
   0.000000002411319
   0.000000002088867
   0.000000001805861
   0.000000001558351
   0.000000001341289
   0.000000001152281
   0.000000000986762
   0.000000000844532
   0.000000000718449
   0.000000000613807
   0.000000000523720
   0.000000000445314
   0.000000000378067
   0.000000000320430
   0.000000000270674
   0.000000000228204
   0.000000000192009
   0.000000000161022
   0.000000000134773
   0.000000000112508
   0.000000000093652
   0.000000000077757
   0.000000000064403
   0.000000000053159
   0.000000000043794
   0.000000000035939
   0.000000000029438
   0.000000000024057
   0.000000000019591
   0.000000000015914
   0.000000000012879
   0.000000000010378
   0.000000000008340
   0.000000000006670
   0.000000000005322
   0.000000000004220
   0.000000000003344
   0.000000000002626
   0.000000000002067
   0.000000000001604
   0.000000000001262
   0.000000000000977
   0.000000000000769
   0.000000000000592
   0.000000000000461
   0.000000000000352
   0.000000000000272
   0.000000000000206
   0.000000000000157
   0.000000000000118
   0.000000000000089
   0.000000000000067
   0.000000000000050
   0.000000000000037
   0.000000000000027
   0.000000000000020
   0.000000000000014
   0.000000000000010
   0.000000000000007
   0.000000000000005
   0.000000000000004
   0.000000000000003
   0.000000000000002
   0.000000000000001
   0.000000000000001
   0.000000000000001
   0.000000000000000
   0.000000000000000
   0.000000000000000
   0.000000000000000
   0.000000000000000
   0.000000000000000
   0.000000000000000
   0.000000000000000
   0.000000000000000
   0.000000000000000
   0.000000000000000
   0.000000000000000
   0.000000000000000
