   0.001369292188712
   0.000348052451676
   0.000195983925543
   0.000260035299194
   0.000150592480098
   0.000201785912194
   0.000221930576616
   0.000147509128051
   0.000158229599696
   0.000200606296214
   0.000202235931145
   0.000146775099170
   0.000146842169855
   0.000171581840707
   0.000176135265959
   0.000177779701108
   0.000163909434998
   0.000159214031809
   0.000165476849909
   0.000156716782290
   0.000159662623840
   0.000158921949420
   0.000148419710830
   0.000148754246915
   0.000145199177414
   0.000146790964221
   0.000135262598984
   0.000133935626955
   0.000129750367964
   0.000125924099964
   0.000120001237531
   0.000117551446998
   0.000105153617777
   0.000100862552600
   0.000095182620720
   0.000090323394012
   0.000084572416476
   0.000079421796545
   0.000074102739782
   0.000068605433325
   0.000065182202851
   0.000062159711538
   0.000058322256446
   0.000054326515733
   0.000049499297354
   0.000045282270827
   0.000042259598027
   0.000040982351374
   0.000039691219434
   0.000037021636563
   0.000032686894782
   0.000031517191068
   0.000030790767010
   0.000031929289068
   0.000030763355205
   0.000029576365980
   0.000027367714012
   0.000026636475518
   0.000026005403050
   0.000025154984637
   0.000023964837786
   0.000023031798570
   0.000022526413253
   0.000021841206512
   0.000021060384742
   0.000020260828460
   0.000019697293341
   0.000019275620027
   0.000018707578200
   0.000018127017251
   0.000017675860138
   0.000017514158569
   0.000017168409720
   0.000016764844492
   0.000016408379829
   0.000016578079685
   0.000016361444150
   0.000015974871646
   0.000015723058559
   0.000015579591285
   0.000015290836287
   0.000014820922727
   0.000014668556651
   0.000014518561104
   0.000014324142180
   0.000014128510821
   0.000013952535074
   0.000013768562936
   0.000013594334585
   0.000013416186421
   0.000013247255300
   0.000013067503072
   0.000012902413904
   0.000012737459042
   0.000012567181259
   0.000012393473608
   0.000012221416600
   0.000012049796330
   0.000011878313466
   0.000011704484574
   0.000011530447907
   0.000011356531048
   0.000011181818466
   0.000011004673466
   0.000010826669273
   0.000010650305036
   0.000010471650506
   0.000010287752168
   0.000010105800126
   0.000009926689568
   0.000009736815212
   0.000009544043341
   0.000009364739399
   0.000009170021739
   0.000008956635428
   0.000008776860528
   0.000008579927360
   0.000008328630605
   0.000008147089513
   0.000007954444008
   0.000007638323685
   0.000007455351566
   0.000007279657571
   0.000006876134530
   0.000006694311216
   0.000006549537308
   0.000006093346702
   0.000005906486616
   0.000005790280536
   0.000005622680622
   0.000005430149454
   0.000005243559792
   0.000005067108627
   0.000004866128746
   0.000004683748049
   0.000004506693566
   0.000004301895971
   0.000004126274074
   0.000003959063148
   0.000003746002554
   0.000003588874463
   0.000003427780546
   0.000003260916490
   0.000003110043065
   0.000002946826076
   0.000002782403746
   0.000002645356285
   0.000002480954780
   0.000002328735836
   0.000002210286763
   0.000002057595718
   0.000001931410915
   0.000001833139290
   0.000001740983444
   0.000001652878248
   0.000001566898841
   0.000001483584447
   0.000001403242551
   0.000001325394779
   0.000001250635000
   0.000001178664260
   0.000001109352417
   0.000001042895446
   0.000000979390085
   0.000000918398557
   0.000000860207271
   0.000000804982681
   0.000000751855179
   0.000000701697650
   0.000000654244221
   0.000000609114251
   0.000000566726964
   0.000000526510166
   0.000000488306000
   0.000000452152139
   0.000000417889092
   0.000000385461699
   0.000000354919770
   0.000000325949332
   0.000000298704556
   0.000000273353082
   0.000000249661776
   0.000000227602746
   0.000000207080272
   0.000000187868138
   0.000000169927981
   0.000000153312184
   0.000000137940942
   0.000000123806509
   0.000000110970844
   0.000000099204091
   0.000000088688302
   0.000000079258324
   0.000000070684728
   0.000000063392708
   0.000000056559825
   0.000000050748868
   0.000000045459020
   0.000000040660147
   0.000000036312225
   0.000000032378281
   0.000000028824359
   0.000000025620768
   0.000000022744332
   0.000000020158638
   0.000000017843474
   0.000000015756658
   0.000000013909770
   0.000000012273716
   0.000000010817651
   0.000000009530491
   0.000000008378406
   0.000000007346573
   0.000000006425104
   0.000000005606013
   0.000000004880418
   0.000000004238874
   0.000000003673388
   0.000000003176519
   0.000000002741005
   0.000000002359385
   0.000000002026817
   0.000000001741390
   0.000000001493825
   0.000000001278268
   0.000000001093234
   0.000000000930317
   0.000000000789510
   0.000000000668766
   0.000000000565012
   0.000000000476552
   0.000000000401403
   0.000000000337395
   0.000000000282943
   0.000000000236736
   0.000000000197569
   0.000000000164434
   0.000000000136532
   0.000000000113022
   0.000000000093333
   0.000000000076829
   0.000000000063100
   0.000000000051630
   0.000000000042180
   0.000000000034300
   0.000000000027883
   0.000000000022556
   0.000000000018277
   0.000000000014798
   0.000000000011919
   0.000000000009578
   0.000000000007642
   0.000000000006062
   0.000000000004794
   0.000000000003773
   0.000000000002963
   0.000000000002313
   0.000000000001804
   0.000000000001398
   0.000000000001084
   0.000000000000835
   0.000000000000645
   0.000000000000494
   0.000000000000379
   0.000000000000288
   0.000000000000219
   0.000000000000165
   0.000000000000124
   0.000000000000093
   0.000000000000069
   0.000000000000051
   0.000000000000038
   0.000000000000028
   0.000000000000020
   0.000000000000015
   0.000000000000010
   0.000000000000007
   0.000000000000005
   0.000000000000004
   0.000000000000003
   0.000000000000002
   0.000000000000001
   0.000000000000001
   0.000000000000001
   0.000000000000000
   0.000000000000000
   0.000000000000000
   0.000000000000000
   0.000000000000000
   0.000000000000000
   0.000000000000000
   0.000000000000000
   0.000000000000000
   0.000000000000000
   0.000000000000000
   0.000000000000000
   0.000000000000000
   0.000000000000000
   0.000000000000000
   0.000000000000000
   0.000386210617329
   0.000098168640216
   0.000055736382384
   0.000074104540926
   0.000042978331155
   0.000056913975234
   0.000062595803661
   0.000041605138681
   0.000108178862310
   0.000226059438141
   0.000114710711809
   0.000093649043091
   0.000092877693093
   0.000112285395281
   0.000231876770682
   0.000162738853722
   0.000138315332061
   0.000180490148824
   0.000234060803278
   0.000179547860651
   0.000233216476374
   0.000243097114305
   0.000244888040306
   0.000264928140701
   0.000275705348000
   0.000295333165933
   0.000304154284325
   0.000315764508224
   0.000328539650729
   0.000332938279296
   0.000329591875624
   0.000348221426819
   0.000299393045798
   0.000308822170927
   0.000293119565699
   0.000280407240832
   0.000270232416227
   0.000255673123761
   0.000245010210735
   0.000232182972874
   0.000232431879002
   0.000223810676975
   0.000211142507584
   0.000198584519610
   0.000184869756689
   0.000171895818339
   0.000158796652224
   0.000144996232643
   0.000133748408543
   0.000118914287368
   0.000108373532280
   0.000095955060377
   0.000090049206389
   0.000092900246633
   0.000087892540166
   0.000084418785784
   0.000081813562126
   0.000079155416653
   0.000076600611014
   0.000073587841104
   0.000070156461117
   0.000066655326276
   0.000063224489708
   0.000060097765803
   0.000056760222496
   0.000053665055866
   0.000050631044385
   0.000047792496458
   0.000044949774369
   0.000042398162383
   0.000039792021242
   0.000037725225853
   0.000035809511114
   0.000034208073399
   0.000032639685188
   0.000031558333939
   0.000030245699308
   0.000029397137158
   0.000028135377239
   0.000027618876816
   0.000026722813662
   0.000026788711857
   0.000026467124204
   0.000026275338738
   0.000025726413457
   0.000025170588347
   0.000024673715024
   0.000024161711915
   0.000023687858592
   0.000023205306881
   0.000022773586796
   0.000022316114804
   0.000021945083557
   0.000021568487170
   0.000021230029016
   0.000020937803741
   0.000020558033169
   0.000020186259401
   0.000019825256395
   0.000019469509916
   0.000019118784227
   0.000018771705683
   0.000018427268520
   0.000018086168297
   0.000017748846742
   0.000017414889260
   0.000017080023365
   0.000016745152299
   0.000016410638613
   0.000016078200342
   0.000015746663876
   0.000015413630961
   0.000015084088136
   0.000014758655447
   0.000014426515034
   0.000014098172759
   0.000013785756788
   0.000013447295953
   0.000013122909918
   0.000012829733893
   0.000012480673298
   0.000012157859815
   0.000011871986847
   0.000011482934526
   0.000011155294776
   0.000010877143123
   0.000010487305975
   0.000010181903373
   0.000009916638738
   0.000009643164645
   0.000009358919910
   0.000009067526248
   0.000008786230638
   0.000008497648184
   0.000008206253118
   0.000007926515651
   0.000007638293535
   0.000007349523057
   0.000007075174062
   0.000006787599665
   0.000006510859948
   0.000006241549070
   0.000005963435192
   0.000005691148722
   0.000005417257484
   0.000005129277713
   0.000004866942040
   0.000004579023695
   0.000004281918272
   0.000004050070239
   0.000003753808234
   0.000003480624540
   0.000003302114009
   0.000003145720669
   0.000002997015983
   0.000002851893458
   0.000002709923111
   0.000002572957375
   0.000002439179765
   0.000002310706541
   0.000002186269434
   0.000002066253460
   0.000001950359591
   0.000001838491816
   0.000001731416715
   0.000001628335843
   0.000001530448031
   0.000001435696254
   0.000001345730269
   0.000001261140183
   0.000001180372526
   0.000001104806176
   0.000001033141227
   0.000000964305273
   0.000000898889378
   0.000000836314868
   0.000000776747049
   0.000000720211888
   0.000000666372242
   0.000000615289130
   0.000000566890927
   0.000000521046145
   0.000000477728913
   0.000000436774449
   0.000000398077374
   0.000000361441637
   0.000000326991044
   0.000000294509529
   0.000000263972349
   0.000000235651811
   0.000000209027233
   0.000000184711753
   0.000000162691002
   0.000000141798944
   0.000000125594719
   0.000000108395468
   0.000000097638819
   0.000000087776122
   0.000000078815844
   0.000000070646950
   0.000000063199949
   0.000000056486710
   0.000000050434219
   0.000000044991369
   0.000000040012706
   0.000000035552751
   0.000000031518245
   0.000000027949959
   0.000000024748670
   0.000000021899865
   0.000000019379820
   0.000000017107434
   0.000000015056132
   0.000000013224427
   0.000000011593220
   0.000000010139125
   0.000000008847254
   0.000000007706034
   0.000000006698248
   0.000000005809168
   0.000000005027937
   0.000000004343109
   0.000000003744861
   0.000000003223077
   0.000000002768365
   0.000000002373081
   0.000000002029364
   0.000000001730258
   0.000000001473333
   0.000000001250012
   0.000000001060670
   0.000000000898949
   0.000000000760041
   0.000000000641281
   0.000000000540023
   0.000000000453479
   0.000000000379885
   0.000000000317544
   0.000000000264618
   0.000000000220017
   0.000000000182400
   0.000000000150840
   0.000000000124322
   0.000000000102284
   0.000000000083765
   0.000000000068563
   0.000000000055760
   0.000000000045441
   0.000000000037006
   0.000000000029993
   0.000000000024293
   0.000000000019541
   0.000000000015632
   0.000000000012465
   0.000000000009896
   0.000000000007835
   0.000000000006169
   0.000000000004850
   0.000000000003786
   0.000000000002958
   0.000000000002290
   0.000000000001785
   0.000000000001378
   0.000000000001070
   0.000000000000820
   0.000000000000631
   0.000000000000480
   0.000000000000366
   0.000000000000276
   0.000000000000208
   0.000000000000156
   0.000000000000116
   0.000000000000086
   0.000000000000063
   0.000000000000046
   0.000000000000034
   0.000000000000024
   0.000000000000017
   0.000000000000012
   0.000000000000009
   0.000000000000006
   0.000000000000004
   0.000000000000003
   0.000000000000002
   0.000000000000001
   0.000000000000001
   0.000000000000001
   0.000000000000000
   0.000000000000000
   0.000000000000000
   0.000000000000000
   0.000000000000000
   0.000000000000000
   0.000000000000000
   0.000000000000000
   0.000000000000000
   0.000000000000000
   0.000000000000000
   0.000000000000000
   0.000000000000000
   0.000000000000000
   0.000000000000000
   0.000000000000000
   0.000000000000000
   0.000000000000000
   0.000000000000000
   0.000000000000000
   0.000000000000000
   0.000009333430458
   0.000024890837768
   0.000008469821191
   0.000007673965247
   0.000007557900645
   0.000009383441236
   0.000026758907032
   0.000016809873944
   0.000015734005527
   0.000021350486495
   0.000029845125231
   0.000021942122225
   0.000037420861186
   0.000042671663626
   0.000037933931121
   0.000041391059044
   0.000054145420267
   0.000051968627610
   0.000059613104274
   0.000061521146077
   0.000075659153901
   0.000075736694203
   0.000079305146827
   0.000090317235267
   0.000085279234344
   0.000095518973122
   0.000099355307327
   0.000099446405039
   0.000112062150444
   0.000105879199959
   0.000112291930265
   0.000112352810235
   0.000125770083026
   0.000118325945502
   0.000121079587565
   0.000124354430416
   0.000120935023219
   0.000121960612829
   0.000118378183045
   0.000112945748307
   0.000111568409971
   0.000101216275731
   0.000096172166623
   0.000093483734605
   0.000075218324275
   0.000079906853880
   0.000073561242864
   0.000066983437337
   0.000066977403014
   0.000062081154012
   0.000059866017797
   0.000057116894218
   0.000054523528517
   0.000051572151726
   0.000047811694347
   0.000045723795819
   0.000042545984420
   0.000040106944750
   0.000037354029324
   0.000034786278972
   0.000032266287500
   0.000029890656640
   0.000026572750357
   0.000024316744946
   0.000022298040579
   0.000020502738756
   0.000018846395849
   0.000017426474603
   0.000016180544745
   0.000015182112734
   0.000014266621148
   0.000013729502481
   0.000011771848216
   0.000013054710575
   0.000012642336966
   0.000012371658773
   0.000011977876419
   0.000011588066369
   0.000011228329231
   0.000010914241854
   0.000010609077374
   0.000010294909940
   0.000009987475468
   0.000009669958151
   0.000009341720495
   0.000008980847134
   0.000008944568690
   0.000009066836887
   0.000008846983245
   0.000008638967154
   0.000008446995581
   0.000008264353244
   0.000008089287614
   0.000007921266174
   0.000007752509567
   0.000007589903227
   0.000007431781833
   0.000007279367245
   0.000007123906396
   0.000006968317881
   0.000006812048352
   0.000006655657372
   0.000006500264209
   0.000006346605573
   0.000006193069640
   0.000006038572957
   0.000005891840465
   0.000005734992162
   0.000005586325019
   0.000005423094860
   0.000005267664337
   0.000005165306746
   0.000005075477992
   0.000004973846021
   0.000004897368275
   0.000004804022292
   0.000004676249637
   0.000004555879338
   0.000004434339017
   0.000004314385219
   0.000004198013408
   0.000004082696801
   0.000003967761259
   0.000003851420739
   0.000003736204472
   0.000003622074941
   0.000003506476457
   0.000003392310357
   0.000003279671652
   0.000003165066950
   0.000003051822980
   0.000002940806854
   0.000002827360571
   0.000002716521686
   0.000002606736300
   0.000002498194809
   0.000002390427479
   0.000002282960846
   0.000002174050977
   0.000002066177690
   0.000001956705433
   0.000001859133686
   0.000001760326860
   0.000001662403906
   0.000001587181257
   0.000001518551154
   0.000001452695324
   0.000001389251372
   0.000001326805691
   0.000001266050443
   0.000001206325521
   0.000001148798290
   0.000001092842360
   0.000001038780414
   0.000000986094285
   0.000000933859441
   0.000000884499971
   0.000000836278105
   0.000000790441711
   0.000000746085773
   0.000000703402700
   0.000000662841766
   0.000000624208614
   0.000000587628436
   0.000000553441985
   0.000000520403928
   0.000000488830132
   0.000000458269094
   0.000000428825874
   0.000000400915141
   0.000000374097410
   0.000000348448580
   0.000000323740373
   0.000000300055706
   0.000000277477972
   0.000000255790508
   0.000000235001346
   0.000000214899717
   0.000000195659552
   0.000000177030449
   0.000000159050408
   0.000000141758690
   0.000000125026098
   0.000000108939910
   0.000000094165760
   0.000000078832810
   0.000000067951306
   0.000000053931537
   0.000000048802139
   0.000000044046667
   0.000000039734680
   0.000000035751544
   0.000000032066500
   0.000000028797537
   0.000000025875487
   0.000000023239859
   0.000000020730780
   0.000000018510164
   0.000000016520884
   0.000000014736622
   0.000000013080106
   0.000000011613984
   0.000000010311304
   0.000000009131496
   0.000000008056739
   0.000000007105954
   0.000000006259500
   0.000000005497424
   0.000000004817451
   0.000000004217671
   0.000000003684534
   0.000000003210389
   0.000000002792812
   0.000000002425139
   0.000000002100561
   0.000000001815754
   0.000000001566734
   0.000000001348295
   0.000000001158081
   0.000000000991697
   0.000000000848387
   0.000000000721948
   0.000000000616724
   0.000000000526129
   0.000000000447301
   0.000000000379703
   0.000000000321773
   0.000000000271760
   0.000000000229087
   0.000000000192721
   0.000000000161589
   0.000000000135228
   0.000000000112862
   0.000000000093934
   0.000000000077971
   0.000000000064573
   0.000000000053283
   0.000000000043892
   0.000000000036006
   0.000000000029492
   0.000000000024098
   0.000000000019616
   0.000000000015935
   0.000000000012888
   0.000000000010385
   0.000000000008340
   0.000000000006670
   0.000000000005319
   0.000000000004218
   0.000000000003339
   0.000000000002624
   0.000000000002062
   0.000000000001603
   0.000000000001258
   0.000000000000976
   0.000000000000766
   0.000000000000591
   0.000000000000459
   0.000000000000352
   0.000000000000270
   0.000000000000206
   0.000000000000156
   0.000000000000118
   0.000000000000089
   0.000000000000066
   0.000000000000049
   0.000000000000036
   0.000000000000027
   0.000000000000020
   0.000000000000014
   0.000000000000010
   0.000000000000007
   0.000000000000005
   0.000000000000004
   0.000000000000003
   0.000000000000002
   0.000000000000001
   0.000000000000001
   0.000000000000001
   0.000000000000000
   0.000000000000000
   0.000000000000000
   0.000000000000000
   0.000000000000000
   0.000000000000000
   0.000000000000000
   0.000000000000000
   0.000000000000000
   0.000000000000000
   0.000000000000000
   0.000000000000000
   0.000000000000000
