 TYPE	 PROD	ASSET	               endoK	                  VE
    0	    0	    0	   0.000000000000000	   0.000000000000000
    1	    0	    0	   0.000000000000000	   0.000000000000000
    0	    0	    1	   0.042439785885592	   0.000000055318112
    1	    0	    1	   0.045998880934881	   0.000000169223930
    0	    0	    2	   0.085868135676009	   0.000000144011465
    1	    0	    2	   0.092261878794426	   0.000000613347375
    0	    0	    3	   0.130652112583324	   0.000000279264377
    1	    0	    3	   0.139721160725085	   0.000001193657243
    0	    0	    4	   0.176895750331662	   0.000000296818231
    1	    0	    4	   0.188571326948144	   0.000001297378196
    0	    0	    5	   0.224675150215939	   0.000000289002327
    1	    0	    5	   0.238928442238712	   0.000001260558750
    0	    0	    6	   0.274057989690573	   0.000000346787816
    1	    0	    6	   0.290882865355600	   0.000001487615482
    0	    0	    7	   0.325109120828842	   0.000000341159892
    1	    0	    7	   0.344514239101517	   0.000001462994810
    0	    0	    8	   0.377892815642974	   0.000000331047013
    1	    0	    8	   0.399897410926004	   0.000001370047585
    0	    0	    9	   0.432473862843201	   0.000000347491090
    1	    0	    9	   0.457105256514683	   0.000001376570659
    0	    0	   10	   0.488918185104239	   0.000000439052187
    1	    0	   10	   0.516210211884659	   0.000001683032286
    0	    0	   11	   0.547293228449844	   0.000000377811368
    1	    0	   11	   0.577285190918930	   0.000001492233824
    0	    0	   12	   0.607668233030093	   0.000000392015646
    1	    0	   12	   0.640404181565018	   0.000001461664042
    0	    0	   13	   0.670114438004700	   0.000000411602925
    1	    0	   13	   0.705642661793804	   0.000001470359582
    0	    0	   14	   0.734705248101788	   0.000000459542202
    1	    0	   14	   0.773077908914369	   0.000001635042174
    0	    0	   15	   0.801516377235837	   0.000000624422030
    1	    0	   15	   0.842789243179119	   0.000001532493532
    0	    0	   16	   0.870625978242184	   0.000000830421656
    1	    0	   16	   0.914858229678843	   0.000001478888805
    0	    0	   17	   0.942114764311021	   0.000001225173814
    1	    0	   17	   0.989368853236212	   0.000002551081719
    0	    0	   18	   1.016066125704172	   0.000001590370841
    1	    0	   18	   1.066407675662540	   0.000003633124056
    0	    0	   19	   1.092566244140638	   0.000001232064142
    1	    0	   19	   1.146063981543940	   0.000001428137595
    0	    0	   20	   1.171704206495467	   0.000001867329044
    1	    0	   20	   1.228429916741520	   0.000024375545080
    0	    0	   21	   1.253572118983851	   0.000002345639833
    1	    0	   21	   1.313600622525926	   0.000044315926860
    0	    0	   22	   1.338265222693604	   0.000002293515762
    1	    0	   22	   1.401674367438639	   0.000037357317585
    0	    0	   23	   1.425882011123068	   0.000010379399324
    1	    0	   23	   1.492752678417948	   0.000105201355541
    0	    0	   24	   1.516524350241613	   0.000014520098848
    1	    0	   24	   1.586940472348892	   0.000141681178115
    0	    0	   25	   1.610297601493476	   0.000018073337020
    1	    0	   25	   1.684346188933249	   0.000151372693016
    0	    0	   26	   1.707310748098619	   0.000020272091192
    1	    0	   26	   1.785081925590204	   0.000172869894100
    0	    0	   27	   1.807676524957300	   0.000022465357379
    1	    0	   27	   1.889263574965897	   0.000191362142800
    0	    0	   28	   1.911511552432063	   0.000023474056358
    1	    0	   28	   1.997010965534592	   0.000202466369315
    0	    0	   29	   2.018936474257907	   0.000024757773594
    1	    0	   29	   2.108448005704972	   0.000213790961089
    0	    0	   30	   2.130076099815525	   0.000025667782729
    1	    0	   30	   2.223702831794511	   0.000221140751726
    0	    0	   31	   2.245059550992065	   0.000025197428770
    1	    0	   31	   2.342907960198131	   0.000218105990034
    0	    0	   32	   2.364020413847196	   0.000024730091102
    1	    0	   32	   2.466200444050583	   0.000220058380575
    0	    0	   33	   2.487096895298706	   0.000023373425679
    1	    0	   33	   2.593722034662868	   0.000222487702014
    0	    0	   34	   2.614431985040503	   0.000022711441707
    1	    0	   34	   2.725619347999598	   0.000216362572394
    0	    0	   35	   2.746173622906371	   0.000021886312339
    1	    0	   35	   2.862044036455132	   0.000208793016962
    0	    0	   36	   2.882474871894729	   0.000019809957877
    1	    0	   36	   3.003152966180722	   0.000176851424273
    0	    0	   37	   3.023494097084981	   0.000018143770828
    1	    0	   37	   3.149108400212012	   0.000155444837118
    0	    0	   38	   3.169395150591001	   0.000016963891768
    1	    0	   38	   3.300078187645376	   0.000144279937239
    0	    0	   39	   3.320347562978823	   0.000016021559033
    1	    0	   39	   3.456235959112651	   0.000134614469769
    0	    0	   40	   3.476526741103074	   0.000015111523142
    1	    0	   40	   3.617761328806119	   0.000123360812360
    0	    0	   41	   3.638114172818868	   0.000013560632461
    1	    0	   41	   3.784840103309292	   0.000108329649777
    0	    0	   42	   3.805297638723388	   0.000012638495851
    1	    0	   42	   3.957664497493575	   0.000095735246491
    0	    0	   43	   3.978271431195797	   0.000012822116840
    1	    0	   43	   4.136433357746463	   0.000103323960926
    0	    0	   44	   4.157236580995754	   0.000012678684603
    1	    0	   44	   4.321352392803144	   0.000084777037245
    0	    0	   45	   4.342401091689024	   0.000013117192380
    1	    0	   45	   4.512634412460396	   0.000099995628708
    0	    0	   46	   4.533980182177093	   0.000012091863746
    1	    0	   46	   4.710499574459192	   0.000095820688734
    0	    0	   47	   4.732196537616805	   0.000013059909495
    1	    0	   47	   4.915175639830752	   0.000103229784883
    0	    0	   48	   4.937280569025257	   0.000013945508404
    1	    0	   48	   5.126898237009329	   0.000108220230154
    0	    0	   49	   5.149470681875089	   0.000015087967236
    1	    0	   49	   5.345911135024443	   0.000121870535495
    0	    0	   50	   5.369013553995435	   0.000015430929400
    1	    0	   50	   5.572466526094959	   0.000128528810176
    0	    0	   51	   5.596164423104418	   0.000015541375381
    1	    0	   51	   5.806825317957648	   0.000138348558570
    0	    0	   52	   5.791562463234022	   0.000016151829326
    1	    0	   52	   6.049257436273692	   0.000145492396946
    0	    0	   53	   5.791562463234022	   0.000016795376122
    1	    0	   53	   6.300042137467734	   0.000155332373889
    0	    0	   54	   5.791562463234022	   0.000016958654453
    1	    0	   54	   6.559468332365848	   0.000161483019485
    0	    0	   55	   5.791562463234022	   0.000017447168478
    1	    0	   55	   6.827834921010949	   0.000170271438886
    0	    0	   56	   5.791562463234022	   0.000018062214009
    1	    0	   56	   7.105451139046869	   0.000177168354158
    0	    0	   57	   5.791562463234022	   0.000018605169820
    1	    0	   57	   7.392636916075533	   0.000185105684330
    0	    0	   58	   5.791562463234022	   0.000018995402510
    1	    0	   58	   7.689723246405305	   0.000193925624437
    0	    0	   59	   5.791562463234022	   0.000019303529747
    1	    0	   59	   7.997052572622786	   0.000200936725392
    0	    0	   60	   5.791562463234022	   0.000019803489089
    1	    0	   60	   8.314979182435156	   0.000208424989670
    0	    0	   61	   5.791562463234022	   0.000020253075985
    1	    0	   61	   8.643869619245306	   0.000214419747225
    0	    0	   62	   5.791562463234022	   0.000020645894974
    1	    0	   62	   8.984103106937953	   0.000220393881181
    0	    0	   63	   5.791562463234022	   0.000021041001546
    1	    0	   63	   9.336071989371300	   0.000225558502950
    0	    0	   64	   5.791562463234022	   0.000021417491859
    1	    0	   64	   9.700182185085730	   0.000230600690500
    0	    0	   65	   5.791562463234022	   0.000021758510497
    1	    0	   65	  10.076853657758818	   0.000234930631168
    0	    0	   66	   5.791562463234022	   0.000022083805837
    1	    0	   66	  10.466520902953922	   0.000238023898735
    0	    0	   67	   5.791562463234022	   0.000022473421270
    1	    0	   67	  10.869633451728729	   0.000241592321546
    0	    0	   68	   5.791562463234022	   0.000022756846186
    1	    0	   68	  11.286656391689599	   0.000244540345523
    0	    0	   69	   5.791562463234022	   0.000023055371255
    1	    0	   69	  11.718070906097633	   0.000247725619120
    0	    0	   70	   5.791562463234022	   0.000023459792470
    1	    0	   70	  12.164374831653722	   0.000251113674628
    0	    0	   71	   5.791562463234022	   0.000023699950039
    1	    0	   71	  12.626083235610999	   0.000253845159476
    0	    0	   72	   5.791562463234022	   0.000023946978011
    1	    0	   72	  13.103729012886127	   0.000256541856928
    0	    0	   73	   5.791562463234022	   0.000024181400699
    1	    0	   73	  13.597863503863570	   0.000258867968961
    0	    0	   74	   5.791562463234022	   0.000024138449837
    1	    0	   74	  14.109057133611483	   0.000259928615244
    0	    0	   75	   5.791562463234022	   0.000024354081013
    1	    0	   75	  14.637900073252316	   0.000261800671042
    0	    0	   76	   5.791562463234022	   0.000024558233181
    1	    0	   76	  15.185002924257434	   0.000262908088639
    0	    0	   77	   5.791562463234022	   0.000024397903045
    1	    0	   77	  15.750997426461328	   0.000262919477014
    0	    0	   78	   5.791562463234022	   0.000024606137380
    1	    0	   78	  16.336537190618689	   0.000263700352517
    0	    0	   79	   5.791562463234022	   0.000024775194116
    1	    0	   79	  16.942298456356383	   0.000264145247952
    0	    0	   80	   5.791562463234022	   0.000023940445317
    1	    0	   80	  17.568980876401461	   0.000265408094450
    0	    0	   81	   5.791562463234022	   0.000024076602870
    1	    0	   81	  18.217308327997383	   0.000266054923615
    0	    0	   82	   5.791562463234022	   0.000024163756505
    1	    0	   82	  18.888029752451793	   0.000266590206265
    0	    0	   83	   5.791562463234022	   0.000012851221703
    1	    0	   83	  19.581920023792463	   0.000266146636526
    0	    0	   84	   5.791562463234022	   0.000012759237235
    1	    0	   84	  20.299780847541175	   0.000266869797952
    0	    0	   85	   5.791562463234022	   0.000012623564232
    1	    0	   85	  21.042441690651170	   0.000264405251422
    0	    0	   86	   5.791562463234022	   0.000012466658839
    1	    0	   86	  21.810760743689318	   0.000264187950170
    0	    0	   87	   5.791562463234022	   0.000012304616163
    1	    0	   87	  22.605625916382227	   0.000261988254445
    0	    0	   88	   5.791562463234022	   0.000012151809053
    1	    0	   88	  23.427955867684020	   0.000261142619081
    0	    0	   89	   5.791562463234022	   0.000011975259381
    1	    0	   89	  24.278701071563745	   0.000258991668122
    0	    0	   90	   5.791562463234022	   0.000011789249291
    1	    0	   90	  25.158844919752244	   0.000257522998505
    0	    0	   91	   5.791562463234022	   0.000011635503446
    1	    0	   91	  26.069404862730654	   0.000255385896437
    0	    0	   92	   5.791562463234022	   0.000011460993183
    1	    0	   92	  27.011433590288263	   0.000253511435261
    0	    0	   93	   5.791562463234022	   0.000011297651680
    1	    0	   93	  27.986020253022183	   0.000251276072378
    0	    0	   94	   5.791562463234022	   0.000011105949821
    1	    0	   94	  28.994291726200398	   0.000250955527575
    0	    0	   95	   5.791562463234022	   0.000010895945711
    1	    0	   95	  30.037413917457712	   0.000249374223000
    0	    0	   96	   5.791562463234022	   0.000010708785097
    1	    0	   96	  31.116593119846335	   0.000248092175697
    0	    0	   97	   5.791562463234022	   0.000010491824523
    1	    0	   97	  32.233077411814605	   0.000245890756104
    0	    0	   98	   5.791562463234022	   0.000010250183063
    1	    0	   98	  33.388158105742896	   0.000243684478186
    0	    0	   99	   5.791562463234022	   0.000010061578290
    1	    0	   99	  34.583171246721598	   0.000241160730121
    0	    0	  100	   5.791562463234022	   0.000009825235582
    1	    0	  100	  35.819499163314866	   0.000238316457194
    0	    0	  101	   5.791562463234022	   0.000009581507984
    1	    0	  101	  37.098572072114571	   0.000235236593891
    0	    0	  102	   5.791562463234022	   0.000009436272201
    1	    0	  102	  38.421869737950850	   0.000232376717536
    0	    0	  103	   5.791562463234022	   0.000009220416615
    1	    0	  103	  39.790923191691434	   0.000228928649953
    0	    0	  104	   5.791562463234022	   0.000008990188565
    1	    0	  104	  41.207316507627816	   0.000225835707116
    0	    0	  105	   5.791562463234022	   0.000008751664193
    1	    0	  105	  42.672688642517073	   0.000221892425168
    0	    0	  106	   5.791562463234022	   0.000008510435424
    1	    0	  106	  44.188735338418446	   0.000218621912312
    0	    0	  107	   5.791562463234022	   0.000008264955901
    1	    0	  107	  45.757211091539688	   0.000214566777168
    0	    0	  108	   5.791562463234022	   0.000008017728457
    1	    0	  108	  47.379931189383498	   0.000210747552976
    0	    0	  109	   5.791562463234022	   0.000007768166808
    1	    0	  109	  49.058773818565030	   0.000206522605437
    0	    0	  110	   5.791562463234022	   0.000007516831175
    1	    0	  110	  50.795682245753547	   0.000202285250571
    0	    0	  111	   5.791562463234022	   0.000007263260209
    1	    0	  111	  52.592667074275738	   0.000197794113207
    0	    0	  112	   5.791562463234022	   0.000007010230362
    1	    0	  112	  54.451808579007569	   0.000193150484938
    0	    0	  113	   5.791562463234022	   0.000006754970394
    1	    0	  113	  56.375259122271522	   0.000188382388746
    0	    0	  114	   5.791562463234022	   0.000006502470782
    1	    0	  114	  58.365245653551447	   0.000183489346145
    0	    0	  115	   5.791562463234022	   0.000006247571576
    1	    0	  115	  60.424072295933783	   0.000178569929066
    0	    0	  116	   5.791562463234022	   0.000005997757207
    1	    0	  116	  62.554123022286390	   0.000173547608505
    0	    0	  117	   5.791562463234022	   0.000005746541550
    1	    0	  117	  64.757864424289124	   0.000168426727720
    0	    0	  118	   5.791562463234022	   0.000005503651268
    1	    0	  118	  67.037848577539762	   0.000163265706257
    0	    0	  119	   5.791562463234022	   0.000005262776572
    1	    0	  119	  69.396716006070179	   0.000157496605691
    0	    0	  120	   5.791562463234022	   0.000005030654300
    1	    0	  120	  71.837198749723541	   0.000151846840130
    0	    0	  121	   5.791562463234022	   0.000004799746535
    1	    0	  121	  74.362123537963257	   0.000146002247044
    0	    0	  122	   5.791562463234022	   0.000004577708104
    1	    0	  122	  76.974415073808316	   0.000140305713621
    0	    0	  123	   5.791562463234022	   0.000004354296771
    1	    0	  123	  79.677099431717735	   0.000134833762859
    0	    0	  124	   5.791562463234022	   0.000004139373336
    1	    0	  124	  82.473307573380865	   0.000129884774101
    0	    0	  125	   5.791562463234022	   0.000003924126926
    1	    0	  125	  85.366278985504806	   0.000124830919262
    0	    0	  126	   5.791562463234022	   0.000003717686207
    1	    0	  126	  88.359365443836296	   0.000120017896414
    0	    0	  127	   5.791562463234022	   0.000003512192694
    1	    0	  127	  91.456034907798340	   0.000115114553389
    0	    0	  128	   5.791562463234022	   0.000003315757002
    1	    0	  128	  94.659875550278031	   0.000110325954958
    0	    0	  129	   5.791562463234022	   0.000003122021163
    1	    0	  129	  97.974599927256065	   0.000105518722938
    0	    0	  130	   5.791562463234022	   0.000002936569638
    1	    0	  130	 101.404049292133521	   0.000100774916315
    0	    0	  131	   5.791562463234022	   0.000002756363613
    1	    0	  131	 104.952198059779661	   0.000096052682889
    0	    0	  132	   5.791562463234022	   0.000002583389884
    1	    0	  132	 108.623158425497763	   0.000091399648274
    0	    0	  133	   5.791562463234022	   0.000002417416865
    1	    0	  133	 112.421185144289481	   0.000086828533003
    0	    0	  134	   5.791562463234022	   0.000002260184957
    1	    0	  134	 116.350680475980681	   0.000082357293214
    0	    0	  135	   5.791562463234022	   0.000002112856931
    1	    0	  135	 120.416199301969257	   0.000076864996525
    0	    0	  136	   5.791562463234022	   0.000001972683980
    1	    0	  136	 124.622454419552213	   0.000071786225733
    0	    0	  137	   5.791562463234022	   0.000001840584642
    1	    0	  137	 128.974322019999448	   0.000067281817579
    0	    0	  138	   5.791562463234022	   0.000001713711775
    1	    0	  138	 133.476847356751477	   0.000063169167795
    0	    0	  139	   5.791562463234022	   0.000001590617402
    1	    0	  139	 138.135250610344599	   0.000060282671566
    0	    0	  140	   5.791562463234022	   0.000001473991837
    1	    0	  140	 142.954932956892975	   0.000057221229442
    0	    0	  141	   5.791562463234022	   0.000001361596849
    1	    0	  141	 147.941482847195346	   0.000053976694065
    0	    0	  142	   5.791562463234022	   0.000001256671122
    1	    0	  142	 153.100682503781314	   0.000050689998923
    0	    0	  143	   5.791562463234022	   0.000001155766637
    1	    0	  143	 158.438514643462042	   0.000047462746222
    0	    0	  144	   5.791562463234022	   0.000001062761526
    1	    0	  144	 163.961169433217833	   0.000044340761586
    0	    0	  145	   5.791562463234022	   0.000000973156379
    1	    0	  145	 169.675051687522938	   0.000041300049493
    0	    0	  146	   5.791562463234022	   0.000000889422314
    1	    0	  146	 175.586788315493493	   0.000038368489631
    0	    0	  147	   5.791562463234022	   0.000000807875419
    1	    0	  147	 181.703236026530845	   0.000035561314738
    0	    0	  148	   5.791562463234022	   0.000000733060872
    1	    0	  148	 188.031489303438264	   0.000032883828105
    0	    0	  149	   5.791562463234022	   0.000000662399635
    1	    0	  149	 194.578888652297366	   0.000030319788990
    0	    0	  150	   5.791562463234022	   0.000000597840873
    1	    0	  150	 201.353029138717631	   0.000027890365341
    0	    0	  151	   5.791562463234022	   0.000000537257274
    1	    0	  151	 208.361769220399594	   0.000025599514894
    0	    0	  152	   5.791562463234022	   0.000000481636690
    1	    0	  152	 215.613239886304825	   0.000023436382115
    0	    0	  153	   5.791562463234022	   0.000000430416371
    1	    0	  153	 223.115854113078228	   0.000021396787116
    0	    0	  154	   5.791562463234022	   0.000000383862591
    1	    0	  154	 230.878316649739446	   0.000019490894766
    0	    0	  155	   5.791562463234022	   0.000000341324200
    1	    0	  155	 238.909634142045945	   0.000017713743592
    0	    0	  156	   5.791562463234022	   0.000000303370181
    1	    0	  156	 247.219125608319871	   0.000015984054837
    0	    0	  157	   5.791562463234022	   0.000000269308168
    1	    0	  157	 255.816433278947216	   0.000014266099455
    0	    0	  158	   5.791562463234022	   0.000000238721673
    1	    0	  158	 264.711533812176526	   0.000012704829405
    0	    0	  159	   5.791562463234022	   0.000000211172188
    1	    0	  159	 273.914749899289177	   0.000011324447184
    0	    0	  160	   5.791562463234022	   0.000000185739545
    1	    0	  160	 283.436762272658711	   0.000010232937735
    0	    0	  161	   5.791562463234022	   0.000000163067789
    1	    0	  161	 293.288622130695387	   0.000009259806195
    0	    0	  162	   5.791562463234022	   0.000000142201427
    1	    0	  162	 303.481763994152629	   0.000008346042613
    0	    0	  163	   5.791562463234022	   0.000000124161382
    1	    0	  163	 314.028019008775175	   0.000007488721493
    0	    0	  164	   5.791562463234022	   0.000000108088349
    1	    0	  164	 324.939628709793908	   0.000006689047233
    0	    0	  165	   5.791562463234022	   0.000000093796425
    1	    0	  165	 336.229259264304403	   0.000005946883184
    0	    0	  166	   5.791562463234022	   0.000000081199308
    1	    0	  166	 347.910016208128297	   0.000005257370319
    0	    0	  167	   5.791562463234022	   0.000000070125062
    1	    0	  167	 359.995459694329497	   0.000004612408341
    0	    0	  168	   5.791562463234022	   0.000000060420401
    1	    0	  168	 372.499620271160438	   0.000004040537528
    0	    0	  169	   5.791562463234022	   0.000000051904687
    1	    0	  169	 385.437015207820764	   0.000003540878482
    0	    0	  170	   5.791562463234022	   0.000000044450775
    1	    0	  170	 398.822665387059885	   0.000003088392953
    0	    0	  171	   5.791562463234022	   0.000000037950878
    1	    0	  171	 412.672112784307046	   0.000002690619170
    0	    0	  172	   5.791562463234022	   0.000000032302885
    1	    0	  172	 427.001438553707317	   0.000002340953180
    0	    0	  173	   5.791562463234022	   0.000000027541784
    1	    0	  173	 441.827281742136336	   0.000001981694684
    0	    0	  174	   5.791562463234022	   0.000000023364210
    1	    0	  174	 457.166858653009854	   0.000001680950598
    0	    0	  175	   5.791562463234022	   0.000000019799621
    1	    0	  175	 473.037982882458266	   0.000001456526931
    0	    0	  176	   5.791562463234022	   0.000000016659763
    1	    0	  176	 489.459086051216445	   0.000001258137458
    0	    0	  177	   5.791562463234022	   0.000000013937962
    1	    0	  177	 506.449239256401768	   0.000001120045448
    0	    0	  178	   5.791562463234022	   0.000000011613370
    1	    0	  178	 524.028175268177733	   0.000000965718619
    0	    0	  179	   5.791562463234022	   0.000000009632669
    1	    0	  179	 542.216311497181437	   0.000000822166704
    0	    0	  180	   5.791562463234022	   0.000000007959618
    1	    0	  180	 561.034773759485915	   0.000000696859170
    0	    0	  181	   5.791562463234022	   0.000000006545202
    1	    0	  181	 580.505420866805252	   0.000000587896744
    0	    0	  182	   5.791562463234022	   0.000000005362276
    1	    0	  182	 600.650870070601059	   0.000000494025650
    0	    0	  183	   5.791562463234022	   0.000000004369055
    1	    0	  183	 621.494523389758001	   0.000000413345309
    0	    0	  184	   5.791562463234022	   0.000000003547619
    1	    0	  184	 643.060594852517170	   0.000000344435468
    0	    0	  185	   5.791562463234022	   0.000000002861993
    1	    0	  185	 665.374138684428431	   0.000000285725265
    0	    0	  186	   5.791562463234022	   0.000000002302614
    1	    0	  186	 688.461078475184422	   0.000000236021292
    0	    0	  187	   5.791562463234022	   0.000000001837711
    1	    0	  187	 712.348237358339702	   0.000000194006085
    0	    0	  188	   5.791562463234022	   0.000000001465194
    1	    0	  188	 737.063369239098961	   0.000000158751737
    0	    0	  189	   5.791562463234022	   0.000000001156266
    1	    0	  189	 762.635191106584216	   0.000000129146376
    0	    0	  190	   5.791562463234022	   0.000000000915933
    1	    0	  190	 789.093416468261012	   0.000000104435051
    0	    0	  191	   5.791562463234022	   0.000000000718493
    1	    0	  191	 816.468789945492858	   0.000000083495597
    0	    0	  192	   5.791562463234022	   0.000000000570659
    1	    0	  192	 844.793123070573643	   0.000000065376004
    0	    0	  193	   5.791562463234022	   0.000000000449717
    1	    0	  193	 874.099331326968127	   0.000000049912142
    0	    0	  194	   5.791562463234022	   0.000000000354702
    1	    0	  194	 904.421472475960172	   0.000000040579285
    0	    0	  195	   5.791562463234022	   0.000000000276002
    1	    0	  195	 935.794786214386022	   0.000000032792750
    0	    0	  196	   5.791562463234022	   0.000000000213545
    1	    0	  196	 968.255735209704312	   0.000000027196058
    0	    0	  197	   5.791562463234022	   0.000000000163709
    1	    0	  197	1001.842047560253491	   0.000000021660235
    0	    0	  198	   5.791562463234022	   0.000000000125016
    1	    0	  198	1036.592760730200098	   0.000000017123263
    0	    0	  199	   5.791562463234022	   0.000000000094756
    1	    0	  199	1072.548267010425889	   0.000000013328248
    0	    0	  200	   5.791562463234022	   0.000000000071439
    1	    0	  200	1109.750360558353577	   0.000000010396276
    0	    0	  201	   5.791562463234022	   0.000000000053476
    1	    0	  201	1148.242286071575563	   0.000000008015010
    0	    0	  202	   5.791562463234022	   0.000000000039776
    1	    0	  202	1188.068789152041745	   0.000000006166930
    0	    0	  203	   5.791562463234022	   0.000000000029373
    1	    0	  203	1229.276168419551368	   0.000000004701342
    0	    0	  204	   5.791562463234022	   0.000000000021535
    1	    0	  204	1271.912329435314859	   0.000000003567294
    0	    0	  205	   5.791562463234022	   0.000000000015668
    1	    0	  205	1316.026840498473121	   0.000000002684974
    0	    0	  206	   5.791562463234022	   0.000000000011310
    1	    0	  206	1361.670990380661351	   0.000000002007938
    0	    0	  207	   5.791562463234022	   0.000000000008097
    1	    0	  207	1408.897848065931157	   0.000000001489778
    0	    0	  208	   5.791562463234022	   0.000000000005746
    1	    0	  208	1457.762324565729841	   0.000000001097003
    0	    0	  209	   5.791562463234022	   0.000000000004042
    1	    0	  209	1508.321236881011600	   0.000000000801087
    0	    0	  210	   5.791562463234022	   0.000000000002815
    1	    0	  210	1560.633374186092169	   0.000000000580046
    0	    0	  211	   5.791562463234022	   0.000000000001942
    1	    0	  211	1614.759566311484377	   0.000000000416205
    0	    0	  212	   5.791562463234022	   0.000000000001325
    1	    0	  212	1670.762754605368627	   0.000000000295807
    0	    0	  213	   5.791562463234022	   0.000000000000894
    1	    0	  213	1728.708065256892041	   0.000000000208116
    0	    0	  214	   5.791562463234022	   0.000000000000596
    1	    0	  214	1788.662885166073465	   0.000000000144828
    0	    0	  215	   5.791562463234022	   0.000000000000393
    1	    0	  215	1850.696940449422527	   0.000000000099566
    0	    0	  216	   5.791562463234022	   0.000000000000255
    1	    0	  216	1907.983823252039656	   0.000000000067289
    0	    0	  217	   5.791562463234022	   0.000000000000164
    1	    0	  217	1907.983823252039656	   0.000000000045395
    0	    0	  218	   5.791562463234022	   0.000000000000103
    1	    0	  218	1907.983823252039656	   0.000000000030302
    0	    0	  219	   5.791562463234022	   0.000000000000064
    1	    0	  219	1907.983823252039656	   0.000000000019951
    0	    0	  220	   5.791562463234022	   0.000000000000039
    1	    0	  220	1907.983823252039656	   0.000000000012792
    0	    0	  221	   5.791562463234022	   0.000000000000024
    1	    0	  221	1907.983823252039656	   0.000000000008054
    0	    0	  222	   5.791562463234022	   0.000000000000014
    1	    0	  222	1907.983823252039656	   0.000000000004969
    0	    0	  223	   5.791562463234022	   0.000000000000008
    1	    0	  223	1907.983823252039656	   0.000000000003020
    0	    0	  224	   5.791562463234022	   0.000000000000005
    1	    0	  224	1907.983823252039656	   0.000000000001828
    0	    0	  225	   5.791562463234022	   0.000000000000003
    1	    0	  225	1907.983823252039656	   0.000000000001107
    0	    0	  226	   5.791562463234022	   0.000000000000002
    1	    0	  226	1907.983823252039656	   0.000000000000667
    0	    0	  227	   5.791562463234022	   0.000000000000001
    1	    0	  227	1907.983823252039656	   0.000000000000396
    0	    0	  228	   5.791562463234022	   0.000000000000001
    1	    0	  228	1907.983823252039656	   0.000000000000232
    0	    0	  229	   5.791562463234022	   0.000000000000000
    1	    0	  229	1907.983823252039656	   0.000000000000133
    0	    0	  230	   5.791562463234022	   0.000000000000000
    1	    0	  230	1907.983823252039656	   0.000000000000075
    0	    0	  231	   5.791562463234022	   0.000000000000000
    1	    0	  231	1907.983823252039656	   0.000000000000041
    0	    0	  232	   5.791562463234022	   0.000000000000000
    1	    0	  232	1907.983823252039656	   0.000000000000022
    0	    0	  233	   5.791562463234022	   0.000000000000000
    1	    0	  233	1907.983823252039656	   0.000000000000012
    0	    0	  234	   5.791562463234022	   0.000000000000000
    1	    0	  234	1907.983823252039656	   0.000000000000006
    0	    0	  235	   5.791562463234022	   0.000000000000000
    1	    0	  235	1907.983823252039656	   0.000000000000003
    0	    0	  236	   5.791562463234022	   0.000000000000000
    1	    0	  236	1907.983823252039656	   0.000000000000002
    0	    0	  237	   5.791562463234022	   0.000000000000000
    1	    0	  237	1907.983823252039656	   0.000000000000001
    0	    0	  238	   5.791562463234022	   0.000000000000000
    1	    0	  238	1907.983823252039656	   0.000000000000000
    0	    0	  239	   5.791562463234022	   0.000000000000000
    1	    0	  239	1907.983823252039656	   0.000000000000000
    0	    0	  240	   5.791562463234022	   0.000000000000000
    1	    0	  240	1907.983823252039656	   0.000000000000000
    0	    0	  241	   5.791562463234022	   0.000000000000000
    1	    0	  241	1907.983823252039656	   0.000000000000000
    0	    0	  242	   5.791562463234022	   0.000000000000000
    1	    0	  242	1907.983823252039656	   0.000000000000000
    0	    0	  243	   5.791562463234022	   0.000000000000000
    1	    0	  243	1907.983823252039656	   0.000000000000000
    0	    0	  244	   5.791562463234022	   0.000000000000000
    1	    0	  244	1907.983823252039656	   0.000000000000000
    0	    0	  245	   5.791562463234022	   0.000000000000000
    1	    0	  245	1907.983823252039656	   0.000000000000000
    0	    0	  246	   5.791562463234022	   0.000000000000000
    1	    0	  246	1907.983823252039656	   0.000000000000000
    0	    0	  247	   5.791562463234022	   0.000000000000000
    1	    0	  247	1907.983823252039656	   0.000000000000000
    0	    0	  248	   5.791562463234022	   0.000000000000000
    1	    0	  248	1907.983823252039656	   0.000000000000000
    0	    0	  249	   5.791562463234022	   0.000000000000000
    1	    0	  249	1907.983823252039656	   0.000000000000000
    0	    1	    0	   0.000000000000000	   0.000000000000000
    1	    1	    0	   0.000000000000000	   0.000000000000000
    0	    1	    1	   0.042664372419859	   0.000000042564547
    1	    1	    1	   0.046622403441468	   0.000000093834485
    0	    1	    2	   0.086274373155984	   0.000000032779792
    1	    1	    2	   0.093372540310497	   0.000000073561177
    0	    1	    3	   0.131230471873840	   0.000000053635867
    1	    1	    3	   0.141289335186001	   0.000000118610611
    0	    1	    4	   0.177642212905400	   0.000000048058409
    1	    1	    4	   0.190583924811741	   0.000000130883849
    0	    1	    5	   0.225588146682030	   0.000000058751197
    1	    1	    5	   0.241379610783644	   0.000000134716623
    0	    1	    6	   0.275137348525355	   0.000000173691193
    1	    1	    6	   0.293770832596055	   0.000000633238642
    0	    1	    7	   0.326355586803255	   0.000000258683568
    1	    1	    7	   0.347839878362316	   0.000001087035591
    0	    1	    8	   0.379307791987476	   0.000000215107832
    1	    1	    8	   0.403663476006593	   0.000000797673360
    0	    1	    9	   0.434059258816481	   0.000000231312055
    1	    1	    9	   0.461315930954601	   0.000000818763333
    0	    1	   10	   0.490676319522463	   0.000000262727053
    1	    1	   10	   0.520870824215700	   0.000000918733333
    0	    1	   11	   0.549226765582207	   0.000000391022481
    1	    1	   11	   0.582402025541544	   0.000001485204742
    0	    1	   12	   0.609780138469223	   0.000000351377873
    1	    1	   12	   0.645984348433451	   0.000001259304190
    0	    1	   13	   0.672407947512434	   0.000000331740741
    1	    1	   13	   0.711694004180357	   0.000001181945266
    0	    1	   14	   0.737183845242935	   0.000000507184969
    1	    1	   14	   0.779608936885610	   0.000001952704457
    0	    1	   15	   0.804183777175642	   0.000000482153805
    1	    1	   15	   0.849809085052048	   0.000001558695446
    0	    1	   16	   0.873486115998432	   0.000000625517306
    1	    1	   16	   0.922376596432105	   0.000001850335864
    0	    1	   17	   0.945171786311181	   0.000000781658454
    1	    1	   17	   0.997396012502697	   0.000002304314787
    0	    1	   18	   1.019324383852833	   0.000000921274729
    1	    1	   18	   1.074954432974737	   0.000002841658957
    0	    1	   19	   1.096030291834643	   0.000000820662061
    1	    1	   19	   1.155141667185955	   0.000002235565494
    0	    1	   20	   1.175378796180320	   0.000001067684612
    1	    1	   20	   1.238050377019928	   0.000003113778313
    0	    1	   21	   1.257462200952525	   0.000001224373200
    1	    1	   21	   1.323776214586746	   0.000003643926516
    0	    1	   22	   1.342375944904535	   0.000001245745266
    1	    1	   22	   1.412417956979088	   0.000003491390536
    0	    1	   23	   1.430218719868421	   0.000001524542454
    1	    1	   23	   1.504077639800182	   0.000004805673331
    0	    1	   24	   1.521092591536447	   0.000001784633500
    1	    1	   24	   1.598860690738364	   0.000006217741050
    0	    1	   25	   1.615103123085786	   0.000001925349816
    1	    1	   25	   1.696876064169758	   0.000006807279555
    0	    1	   26	   1.712359502022247	   0.000002069284210
    1	    1	   26	   1.798236377563794	   0.000007562107564
    0	    1	   27	   1.812974670566476	   0.000002206310687
    1	    1	   27	   1.903058050318462	   0.000008167819474
    0	    1	   28	   1.917065459869271	   0.000002339503230
    1	    1	   28	   2.011461445545547	   0.000008818474785
    0	    1	   29	   2.024752728316808	   0.000002435848798
    1	    1	   29	   2.123571015248495	   0.000009405564979
    0	    1	   30	   2.136161504168620	   0.000002477152601
    1	    1	   30	   2.239515449278783	   0.000009668121291
    0	    1	   31	   2.251421132759061	   0.000002485932401
    1	    1	   31	   2.359427828415206	   0.000009745360583
    0	    1	   32	   2.370665428485119	   0.000002577295137
    1	    1	   32	   2.483445781880113	   0.000009903965714
    0	    1	   33	   2.494032831798884	   0.000002668938053
    1	    1	   33	   2.611711649584698	   0.000010201230345
    0	    1	   34	   2.621666571420917	   0.000002630173552
    1	    1	   34	   2.744372649379882	   0.000010196766460
    0	    1	   35	   2.753714831990624	   0.000002544476369
    1	    1	   35	   2.881581049578550	   0.000010063043239
    0	    1	   36	   2.890330927371185	   0.000002309131952
    1	    1	   36	   3.023494347007957	   0.000009011492670
    0	    1	   37	   3.031673479829279	   0.000002171494398
    1	    1	   37	   3.170275450847132	   0.000008279345460
    0	    1	   38	   3.177906605313522	   0.000002060664384
    1	    1	   38	   3.322092872502442	   0.000007739114810
    0	    1	   39	   3.329200105060200	   0.000002082886881
    1	    1	   39	   3.479120921774815	   0.000007327004761
    0	    1	   40	   3.485729663760087	   0.000002912078865
    1	    1	   40	   3.641539909573876	   0.000006758620805
    0	    1	   41	   3.647677054526246	   0.000002888000471
    1	    1	   41	   3.809536357437489	   0.000005970331382
    0	    1	   42	   3.815230350909159	   0.000002967185531
    1	    1	   42	   3.983303214119357	   0.000005395051183
    0	    1	   43	   3.988584146212696	   0.000003063124768
    1	    1	   43	   4.163040079512609	   0.000005304350244
    0	    1	   44	   4.167939780371958	   0.000003032982813
    1	    1	   44	   4.348953436183255	   0.000013469429872
    0	    1	   45	   4.353505574662117	   0.000003396164126
    1	    1	   45	   4.541256888794208	   0.000018513624273
    0	    1	   46	   4.545497074515796	   0.000003850898923
    1	    1	   46	   4.740171411707956	   0.000024851941182
    0	    1	   47	   4.744137300735539	   0.000019761145960
    1	    1	   47	   4.945925605064088	   0.000100521826940
    0	    1	   48	   4.949657009397137	   0.000023330091588
    1	    1	   48	   5.158755959636383	   0.000123115264614
    0	    1	   49	   5.162294960749429	   0.000028498281509
    1	    1	   49	   5.378907130783460	   0.000186138446965
    0	    1	   50	   5.382298197451265	   0.000031131352054
    1	    1	   50	   5.606632221816593	   0.000211258530215
    0	    1	   51	   5.609922332316990	   0.000033714158787
    1	    1	   51	   5.842193077118501	   0.000253363619220
    0	    1	   52	   5.845431846309032	   0.000036164035899
    1	    1	   52	   6.085860585357658	   0.000279807897560
    0	    1	   53	   6.089100396571705	   0.000037954501632
    1	    1	   53	   6.337914993153801	   0.000312972688293
    0	    1	   54	   6.341211135298573	   0.000038694278726
    1	    1	   54	   6.598646229562030	   0.000334946084197
    0	    1	   55	   6.602057039626939	   0.000039621728940
    1	    1	   55	   6.868354241755027	   0.000357744274130
    0	    1	   56	   6.871941252976253	   0.000040177335185
    1	    1	   56	   7.147349342295604	   0.000374243743474
    0	    1	   57	   7.151177438229433	   0.000040687955422
    1	    1	   57	   7.435952568404995	   0.000392945774524
    0	    1	   58	   7.440090143169762	   0.000040966060415
    1	    1	   58	   7.734496053645903	   0.000408453700681
    0	    1	   59	   7.739015178600257	   0.000041094755479
    1	    1	   59	   8.043323412453580	   0.000421276457515
    0	    1	   60	   8.048300009587157	   0.000041504971752
    1	    1	   60	   8.362790137962964	   0.000433940199557
    0	    1	   61	   8.368304160284369	   0.000042048863381
    1	    1	   61	   8.693264013595094	   0.000443963128978
    0	    1	   62	   8.699399632811557	   0.000042503451679
    1	    1	   62	   9.035125538881958	   0.000454233833487
    0	    1	   63	   9.041971340674921	   0.000042923636997
    1	    1	   63	   9.388768370025348	   0.000464328435583
    0	    1	   64	   9.396417557236504	   0.000043255635471
    1	    1	   64	   9.754599775702143	   0.000473271289078
    0	    1	   65	   9.763150379755638	   0.000043707136325
    1	    1	   65	  10.133041108646372	   0.000481234690764
    0	    1	   66	  10.142596209544006	   0.000044184218080
    1	    1	   66	  10.524528293556299	   0.000488479773008
    0	    1	   67	  10.518474463201178	   0.000044706545168
    1	    1	   67	  10.929512331893951	   0.000495487418290
    0	    1	   68	  10.518474463201178	   0.000045216380391
    1	    1	   68	  11.348459824164010	   0.000502036064738
    0	    1	   69	  10.518474463201178	   0.000045672223688
    1	    1	   69	  11.781853510279046	   0.000508278108217
    0	    1	   70	  10.518474463201178	   0.000046105860664
    1	    1	   70	  12.230192828639478	   0.000513823837542
    0	    1	   71	  10.518474463201178	   0.000046753040400
    1	    1	   71	  12.693994494577789	   0.000519914631716
    0	    1	   72	  10.518474463201178	   0.000047131303267
    1	    1	   72	  13.173793098839610	   0.000524516242297
    0	    1	   73	  10.518474463201178	   0.000047501259725
    1	    1	   73	  13.670141726796958	   0.000528923484368
    0	    1	   74	  10.518474463201178	   0.000047794349493
    1	    1	   74	  14.183612599113514	   0.000532944060979
    0	    1	   75	  10.518474463201178	   0.000048098323584
    1	    1	   75	  14.714797734606282	   0.000536138115765
    0	    1	   76	  10.518474463201178	   0.000048419719014
    1	    1	   76	  15.264309636074133	   0.000539228954254
    0	    1	   77	  10.518474463201178	   0.000048631249490
    1	    1	   77	  15.832781999890209	   0.000541987410208
    0	    1	   78	  10.518474463201178	   0.000048882780793
    1	    1	   78	  16.420870450182743	   0.000543853957688
    0	    1	   79	  10.518474463201178	   0.000049149352516
    1	    1	   79	  17.029253298457711	   0.000545677570442
    0	    1	   80	  10.518474463201178	   0.000049122203596
    1	    1	   80	  17.658632329545856	   0.000547180005310
    0	    1	   81	  10.518474463201178	   0.000049336669032
    1	    1	   81	  18.309733614787771	   0.000548269305488
    0	    1	   82	  10.518474463201178	   0.000049485747034
    1	    1	   82	  18.983308353401796	   0.000548923171461
    0	    1	   83	  10.518474463201178	   0.000049811130877
    1	    1	   83	  19.680133743012910	   0.000549298728346
    0	    1	   84	  10.518474463201178	   0.000049993117211
    1	    1	   84	  20.401013880353965	   0.000549435091109
    0	    1	   85	  10.518474463201178	   0.000050132855478
    1	    1	   85	  21.146780693186539	   0.000548635185537
    0	    1	   86	  10.518474463201178	   0.000050365670081
    1	    1	   86	  21.918294904524124	   0.000548515932262
    0	    1	   87	  10.518474463201178	   0.000050454526980
    1	    1	   87	  22.716447030278744	   0.000546974831564
    0	    1	   88	  10.518474463201178	   0.000050416732804
    1	    1	   88	  23.542158411490323	   0.000545229595640
    0	    1	   89	  10.518474463201178	   0.000050367748720
    1	    1	   89	  24.396382282338674	   0.000542881922704
    0	    1	   90	  10.518474463201178	   0.000050345900813
    1	    1	   90	  25.280104875179823	   0.000540040975413
    0	    1	   91	  10.518474463201178	   0.000050448797872
    1	    1	   91	  26.194346563890662	   0.000537650887307
    0	    1	   92	  10.518474463201178	   0.000050492768297
    1	    1	   92	  27.140163046851690	   0.000534741379772
    0	    1	   93	  10.518474463201178	   0.000050551068317
    1	    1	   93	  28.118646570942339	   0.000531495497474
    0	    1	   94	  10.518474463201178	   0.000050551177555
    1	    1	   94	  29.130927197972486	   0.000528329218359
    0	    1	   95	  10.518474463201178	   0.000050494255040
    1	    1	   95	  30.178174115021879	   0.000524435845439
    0	    1	   96	  10.518474463201178	   0.000050509940457
    1	    1	   96	  31.261596990211341	   0.000520899834192
    0	    1	   97	  10.518474463201178	   0.000050392506090
    1	    1	   97	  32.382447375481632	   0.000516496218033
    0	    1	   98	  10.518474463201178	   0.000050177980129
    1	    1	   98	  33.542020158011276	   0.000511497513837
    0	    1	   99	  10.518474463201178	   0.000050090202247
    1	    1	   99	  34.741655061960635	   0.000507243381980
    0	    1	  100	  10.518474463201178	   0.000049705030090
    1	    1	  100	  35.982738202288537	   0.000501260187795
    0	    1	  101	  10.518474463201178	   0.000049376701166
    1	    1	  101	  37.266703692448232	   0.000495250001218
    0	    1	  102	  10.518474463201178	   0.000047639987573
    1	    1	  102	  38.595035307831893	   0.000491747857989
    0	    1	  103	  10.518474463201178	   0.000046221963941
    1	    1	  103	  39.969268206898413	   0.000485452461513
    0	    1	  104	  10.518474463201178	   0.000045983890176
    1	    1	  104	  41.390990711985388	   0.000480218091462
    0	    1	  105	  10.518474463201178	   0.000019014549763
    1	    1	  105	  42.861846151876996	   0.000472447093500
    0	    1	  106	  10.518474463201178	   0.000018515821600
    1	    1	  106	  44.383534768269719	   0.000467060582898
    0	    1	  107	  10.518474463201178	   0.000018009692606
    1	    1	  107	  45.957815688354017	   0.000459415126181
    0	    1	  108	  10.518474463201178	   0.000017498918103
    1	    1	  108	  47.586508965805464	   0.000452279446311
    0	    1	  109	  10.518474463201178	   0.000016986500660
    1	    1	  109	  49.271497692559315	   0.000443971083297
    0	    1	  110	  10.518474463201178	   0.000016473307928
    1	    1	  110	  51.014730183825179	   0.000434802045174
    0	    1	  111	  10.518474463201178	   0.000015947242014
    1	    1	  111	  52.818222238882427	   0.000426167020763
    0	    1	  112	  10.518474463201178	   0.000015425957700
    1	    1	  112	  54.684059480286948	   0.000416889331761
    0	    1	  113	  10.518474463201178	   0.000014886722470
    1	    1	  113	  56.614399774209502	   0.000408549429022
    0	    1	  114	  10.518474463201178	   0.000014363628141
    1	    1	  114	  58.611475734721751	   0.000399216218041
    0	    1	  115	  10.518474463201178	   0.000013822210777
    1	    1	  115	  60.677597314942517	   0.000389306178043
    0	    1	  116	  10.518474463201178	   0.000013298790095
    1	    1	  116	  62.815154488059349	   0.000379604170012
    0	    1	  117	  10.518474463201178	   0.000012757768684
    1	    1	  117	  65.026620021343675	   0.000369509249487
    0	    1	  118	  10.518474463201178	   0.000012245882954
    1	    1	  118	  67.314552346387174	   0.000359931429294
    0	    1	  119	  10.518474463201178	   0.000011732708079
    1	    1	  119	  69.681598528898846	   0.000345714480146
    0	    1	  120	  10.518474463201178	   0.000011247321271
    1	    1	  120	  72.130497341517525	   0.000333478048692
    0	    1	  121	  10.518474463201178	   0.000010755555288
    1	    1	  121	  74.664082443215420	   0.000320861057636
    0	    1	  122	  10.518474463201178	   0.000010288127372
    1	    1	  122	  77.285285668991989	   0.000309629124886
    0	    1	  123	  10.518474463201178	   0.000009803590319
    1	    1	  123	  79.997140433685487	   0.000299855004046
    0	    1	  124	  10.518474463201178	   0.000009344530297
    1	    1	  124	  82.802785253864002	   0.000292309373771
    0	    1	  125	  10.518474463201178	   0.000008871707112
    1	    1	  125	  85.705467391892398	   0.000282073741870
    0	    1	  126	  10.518474463201178	   0.000008427717466
    1	    1	  126	  88.708546626417544	   0.000273255293438
    0	    1	  127	  10.518474463201178	   0.000007969583937
    1	    1	  127	  91.815499153657726	   0.000263151467356
    0	    1	  128	  10.518474463201178	   0.000007547050523
    1	    1	  128	  95.029921624038181	   0.000253718024670
    0	    1	  129	  10.518474463201178	   0.000007108793201
    1	    1	  129	  98.355535318868903	   0.000243506128544
    0	    1	  130	  10.518474463201178	   0.000006711115017
    1	    1	  130	 101.796190471926195	   0.000233644037587
    0	    1	  131	  10.518474463201178	   0.000006308686247
    1	    1	  131	 105.355870740967887	   0.000223727281773
    0	    1	  132	  10.518474463201178	   0.000005937016693
    1	    1	  132	 109.038697834385360	   0.000214027830759
    0	    1	  133	  10.518474463201178	   0.000005626097279
    1	    1	  133	 112.848936298379257	   0.000204508312678
    0	    1	  134	  10.518474463201178	   0.000005280005835
    1	    1	  134	 116.790998470228644	   0.000194892165142
    0	    1	  135	  10.518474463201178	   0.000004947721520
    1	    1	  135	 120.869449603420691	   0.000185241280650
    0	    1	  136	  10.518474463201178	   0.000004628347108
    1	    1	  136	 125.089013170605185	   0.000175920107615
    0	    1	  137	  10.518474463201178	   0.000004323602186
    1	    1	  137	 129.454576350548820	   0.000166764123847
    0	    1	  138	  10.518474463201178	   0.000004033525741
    1	    1	  138	 133.971195705473406	   0.000157802769773
    0	    1	  139	  10.518474463201178	   0.000003756221522
    1	    1	  139	 138.644103055389678	   0.000149103280445
    0	    1	  140	  10.518474463201178	   0.000003494252772
    1	    1	  140	 143.478711556263505	   0.000140456606710
    0	    1	  141	  10.518474463201178	   0.000003240576752
    1	    1	  141	 148.480621989090935	   0.000132439882409
    0	    1	  142	  10.518474463201178	   0.000003000794963
    1	    1	  142	 153.655629267204517	   0.000125103443037
    0	    1	  143	  10.518474463201178	   0.000002771750688
    1	    1	  143	 159.009729169385366	   0.000117747240651
    0	    1	  144	  10.518474463201178	   0.000002557878304
    1	    1	  144	 164.549125306621079	   0.000110415509365
    0	    1	  145	  10.518474463201178	   0.000002351748150
    1	    1	  145	 170.280236330619971	   0.000103503389236
    0	    1	  146	  10.518474463201178	   0.000002160041047
    1	    1	  146	 176.209703392476399	   0.000097038327247
    0	    1	  147	  10.518474463201178	   0.000001976516790
    1	    1	  147	 182.344397860168726	   0.000090642302429
    0	    1	  148	  10.518474463201178	   0.000001808489535
    1	    1	  148	 188.691429303878749	   0.000084410722894
    0	    1	  149	  10.518474463201178	   0.000001646570032
    1	    1	  149	 195.258153758428307	   0.000078536672212
    0	    1	  150	  10.518474463201178	   0.000001500893772
    1	    1	  150	 202.052182272457003	   0.000072995400731
    0	    1	  151	  10.518474463201178	   0.000001359569860
    1	    1	  151	 209.081389754293156	   0.000067603115919
    0	    1	  152	  10.518474463201178	   0.000001228292545
    1	    1	  152	 216.353924124821248	   0.000062449422390
    0	    1	  153	  10.518474463201178	   0.000001106694767
    1	    1	  153	 223.878215788003473	   0.000057611501904
    0	    1	  154	  10.518474463201178	   0.000000994770597
    1	    1	  154	 231.662987430083831	   0.000053029741331
    0	    1	  155	  10.518474463201178	   0.000000891857725
    1	    1	  155	 239.717264158889378	   0.000048675577906
    0	    1	  156	  10.518474463201178	   0.000000799400516
    1	    1	  156	 248.050383995033258	   0.000044232223136
    0	    1	  157	  10.518474463201178	   0.000000715907247
    1	    1	  157	 256.672008727240836	   0.000039690238049
    0	    1	  158	  10.518474463201178	   0.000000640205262
    1	    1	  158	 265.592135144439794	   0.000035786425564
    0	    1	  159	  10.518474463201178	   0.000000570593033
    1	    1	  159	 274.821106657698977	   0.000032363656886
    0	    1	  160	  10.518474463201178	   0.000000506168855
    1	    1	  160	 284.369625325548611	   0.000029875440225
    0	    1	  161	  10.518474463201178	   0.000000447860884
    1	    1	  161	 294.248764296691547	   0.000027366057999
    0	    1	  162	  10.518474463201178	   0.000000394503944
    1	    1	  162	 304.469980684597431	   0.000024916027973
    0	    1	  163	  10.518474463201178	   0.000000346718841
    1	    1	  163	 315.045128888975057	   0.000022583921011
    0	    1	  164	  10.518474463201178	   0.000000303692169
    1	    1	  164	 325.986474379643596	   0.000020381055556
    0	    1	  165	  10.518474463201178	   0.000000265440568
    1	    1	  165	 337.306707958855384	   0.000018299917598
    0	    1	  166	  10.518474463201178	   0.000000231663918
    1	    1	  166	 349.018960518686697	   0.000016246871873
    0	    1	  167	  10.518474463201178	   0.000000201412187
    1	    1	  167	 361.136818310685555	   0.000014429886530
    0	    1	  168	  10.518474463201178	   0.000000175008497
    1	    1	  168	 373.674338745569401	   0.000012882859267
    0	    1	  169	  10.518474463201178	   0.000000151842122
    1	    1	  169	 386.646066741372920	   0.000011406357995
    0	    1	  170	  10.518474463201178	   0.000000131175670
    1	    1	  170	 400.067051639096462	   0.000010089332914
    0	    1	  171	  10.518474463201178	   0.000000113015265
    1	    1	  171	 413.952864705558454	   0.000008944896993
    0	    1	  172	  10.518474463201178	   0.000000097136173
    1	    1	  172	 428.319617243848882	   0.000007867665742
    0	    1	  173	  10.518474463201178	   0.000000083239372
    1	    1	  173	 443.183979332478145	   0.000006896852227
    0	    1	  174	  10.518474463201178	   0.000000071107016
    1	    1	  174	 458.563199215057978	   0.000006037329451
    0	    1	  175	  10.518474463201178	   0.000000060618923
    1	    1	  175	 474.475123363106093	   0.000005262310740
    0	    1	  176	  10.518474463201178	   0.000000051441777
    1	    1	  176	 490.938217235347622	   0.000004587184365
    0	    1	  177	  10.518474463201178	   0.000000043481784
    1	    1	  177	 507.971586757708451	   0.000004004554715
    0	    1	  178	  10.518474463201178	   0.000000036614462
    1	    1	  178	 525.595000549022302	   0.000003474428593
    0	    1	  179	  10.518474463201178	   0.000000030697587
    1	    1	  179	 543.828912918353353	   0.000003003620890
    0	    1	  180	  10.518474463201178	   0.000000025649207
    1	    1	  180	 562.694487660731056	   0.000002584326822
    0	    1	  181	  10.518474463201178	   0.000000021329751
    1	    1	  181	 582.213622679030550	   0.000002214282005
    0	    1	  182	  10.518474463201178	   0.000000017677305
    1	    1	  182	 602.408975460683223	   0.000001890905757
    0	    1	  183	  10.518474463201178	   0.000000014572641
    1	    1	  183	 623.303989438913163	   0.000001607881536
    0	    1	  184	  10.518474463201178	   0.000000011975394
    1	    1	  184	 644.922921269216772	   0.000001362266243
    0	    1	  185	  10.518474463201178	   0.000000009777989
    1	    1	  185	 667.290869052874086	   0.000001149372947
    0	    1	  186	  10.518474463201178	   0.000000007965030
    1	    1	  186	 690.433801540385161	   0.000000965968812
    0	    1	  187	  10.518474463201178	   0.000000006433570
    1	    1	  187	 714.378588348865947	   0.000000808177953
    0	    1	  188	  10.518474463201178	   0.000000005194513
    1	    1	  188	 739.153031228618602	   0.000000673454237
    0	    1	  189	  10.518474463201178	   0.000000004142557
    1	    1	  189	 764.785896415318348	   0.000000558314941
    0	    1	  190	  10.518474463201178	   0.000000003319812
    1	    1	  190	 791.306948105531546	   0.000000461012463
    0	    1	  191	  10.518474463201178	   0.000000002617408
    1	    1	  191	 818.746983094566986	   0.000000378161093
    0	    1	  192	  10.518474463201178	   0.000000002099443
    1	    1	  192	 847.137866617046143	   0.000000305559068
    0	    1	  193	  10.518474463201178	   0.000000001665590
    1	    1	  193	 876.512569431960515	   0.000000233093457
    0	    1	  194	  10.518474463201178	   0.000000001331399
    1	    1	  194	 906.905206195449864	   0.000000192230237
    0	    1	  195	  10.518474463201178	   0.000000001046948
    1	    1	  195	 938.351075166020905	   0.000000154616370
    0	    1	  196	  10.518474463201178	   0.000000000822283
    1	    1	  196	 970.886699288495379	   0.000000131464452
    0	    1	  197	  10.518474463201178	   0.000000000638246
    1	    1	  197	1004.549868704579922	   0.000000105827353
    0	    1	  198	  10.518474463201178	   0.000000000494807
    1	    1	  198	1039.379684739603817	   0.000000086018781
    0	    1	  199	  10.518474463201178	   0.000000000380172
    1	    1	  199	1075.416605416714447	   0.000000067862935
    0	    1	  200	  10.518474463201178	   0.000000000291028
    1	    1	  200	1112.702492551578416	   0.000000054325214
    0	    1	  201	  10.518474463201178	   0.000000000221069
    1	    1	  201	1151.280660482492067	   0.000000042588817
    0	    1	  202	  10.518474463201178	   0.000000000167030
    1	    1	  202	1191.195926492712033	   0.000000033583855
    0	    1	  203	  10.518474463201178	   0.000000000125286
    1	    1	  203	1232.494662983796616	   0.000000026109317
    0	    1	  204	  10.518474463201178	   0.000000000093366
    1	    1	  204	1275.224851460769742	   0.000000020292066
    0	    1	  205	  10.518474463201178	   0.000000000069066
    1	    1	  205	1319.436138392056137	   0.000000015611031
    0	    1	  206	  10.518474463201178	   0.000000000050717
    1	    1	  206	1365.179893009317084	   0.000000011960601
    0	    1	  207	  10.518474463201178	   0.000000000036952
    1	    1	  207	1412.509267114563727	   0.000000009087353
    0	    1	  208	  10.518474463201178	   0.000000000026705
    1	    1	  208	1461.479256964298429	   0.000000006861383
    0	    1	  209	  10.518474463201178	   0.000000000019136
    1	    1	  209	1512.146767302818716	   0.000000005139560
    0	    1	  210	  10.518474463201178	   0.000000000013590
    1	    1	  210	1564.570677619357639	   0.000000003820991
    0	    1	  211	  10.518474463201178	   0.000000000009561
    1	    1	  211	1618.811910706308709	   0.000000002817222
    0	    1	  212	  10.518474463201178	   0.000000000006660
    1	    1	  212	1674.933503598490688	   0.000000002059539
    0	    1	  213	  10.518474463201178	   0.000000000004591
    1	    1	  213	1733.000680976148487	   0.000000001492084
    0	    1	  214	  10.518474463201178	   0.000000000003129
    1	    1	  214	1793.080931117298860	   0.000000001070791
    0	    1	  215	  10.518474463201178	   0.000000000002108
    1	    1	  215	1855.244084487987720	   0.000000000760911
    0	    1	  216	  10.518474463201178	   0.000000000001402
    1	    1	  216	1919.562395062086352	   0.000000000535084
    0	    1	  217	  10.518474463201178	   0.000000000000919
    1	    1	  217	1986.110624465491583	   0.000000000371535
    0	    1	  218	  10.518474463201178	   0.000000000000594
    1	    1	  218	2054.966129042810735	   0.000000000254841
    0	    1	  219	  10.518474463201178	   0.000000000000378
    1	    1	  219	2126.208949948101235	   0.000000000172541
    0	    1	  220	  10.518474463201178	   0.000000000000237
    1	    1	  220	2199.921906364703773	   0.000000000115137
    0	    1	  221	  10.518474463201178	   0.000000000000146
    1	    1	  221	2276.190691962913661	   0.000000000075618
    0	    1	  222	  10.518474463201178	   0.000000000000089
    1	    1	  222	2355.103974707937596	   0.000000000048711
    0	    1	  223	  10.518474463201178	   0.000000000000054
    1	    1	  223	2436.753500134587284	   0.000000000030516
    0	    1	  224	  10.518474463201178	   0.000000000000032
    1	    1	  224	2521.234198209106580	   0.000000000018796
    0	    1	  225	  10.518474463201178	   0.000000000000019
    1	    1	  225	2608.644293902824302	   0.000000000011593
    0	    1	  226	  10.518474463201178	   0.000000000000011
    1	    1	  226	2699.085421606529053	   0.000000000007190
    0	    1	  227	  10.518474463201178	   0.000000000000007
    1	    1	  227	2792.662743519065771	   0.000000000004437
    0	    1	  228	  10.518474463201178	   0.000000000000004
    1	    1	  228	2889.485072148211657	   0.000000000002698
    0	    1	  229	  10.518474463201178	   0.000000000000002
    1	    1	  229	2989.664997066736760	   0.000000000001615
    0	    1	  230	  10.518474463201178	   0.000000000000001
    1	    1	  230	3093.319016071353872	   0.000000000000951
    0	    1	  231	  10.518474463201178	   0.000000000000001
    1	    1	  231	3200.567670897979042	   0.000000000000550
    0	    1	  232	  10.518474463201178	   0.000000000000000
    1	    1	  232	3311.535687650918135	   0.000000000000313
    0	    1	  233	  10.518474463201178	   0.000000000000000
    1	    1	  233	3426.352122110386972	   0.000000000000174
    0	    1	  234	  10.518474463201178	   0.000000000000000
    1	    1	  234	3465.227086555653386	   0.000000000000094
    0	    1	  235	  10.518474463201178	   0.000000000000000
    1	    1	  235	3465.227086555653386	   0.000000000000050
    0	    1	  236	  10.518474463201178	   0.000000000000000
    1	    1	  236	3465.227086555653386	   0.000000000000026
    0	    1	  237	  10.518474463201178	   0.000000000000000
    1	    1	  237	3465.227086555653386	   0.000000000000013
    0	    1	  238	  10.518474463201178	   0.000000000000000
    1	    1	  238	3465.227086555653386	   0.000000000000007
    0	    1	  239	  10.518474463201178	   0.000000000000000
    1	    1	  239	3465.227086555653386	   0.000000000000003
    0	    1	  240	  10.518474463201178	   0.000000000000000
    1	    1	  240	3465.227086555653386	   0.000000000000001
    0	    1	  241	  10.518474463201178	   0.000000000000000
    1	    1	  241	3465.227086555653386	   0.000000000000001
    0	    1	  242	  10.518474463201178	   0.000000000000000
    1	    1	  242	3465.227086555653386	   0.000000000000000
    0	    1	  243	  10.518474463201178	   0.000000000000000
    1	    1	  243	3465.227086555653386	   0.000000000000000
    0	    1	  244	  10.518474463201178	   0.000000000000000
    1	    1	  244	3465.227086555653386	   0.000000000000000
    0	    1	  245	  10.518474463201178	   0.000000000000000
    1	    1	  245	3465.227086555653386	   0.000000000000000
    0	    1	  246	  10.518474463201178	   0.000000000000000
    1	    1	  246	3465.227086555653386	   0.000000000000000
    0	    1	  247	  10.518474463201178	   0.000000000000000
    1	    1	  247	3465.227086555653386	   0.000000000000000
    0	    1	  248	  10.518474463201178	   0.000000000000000
    1	    1	  248	3465.227086555653386	   0.000000000000000
    0	    1	  249	  10.518474463201178	   0.000000000000000
    1	    1	  249	3465.227086555653386	   0.000000000000000
    0	    2	    0	   0.000000000000000	   0.000000000000000
    1	    2	    0	   0.000000000000000	   0.000000000000000
    0	    2	    1	   0.043610255017076	   0.000000008806514
    1	    2	    1	   0.049344408523298	   0.000000013986315
    0	    2	    2	   0.087981145731267	   0.000000010242165
    1	    2	    2	   0.098189333803696	   0.000000017820346
    0	    2	    3	   0.133657191780022	   0.000000012839475
    1	    2	    3	   0.148066291089360	   0.000000022270663
    0	    2	    4	   0.180771459277259	   0.000000011642200
    1	    2	    4	   0.199260707435900	   0.000000029602605
    0	    2	    5	   0.229412925580553	   0.000000015518134
    1	    2	    5	   0.251928200221307	   0.000000025511998
    0	    2	    6	   0.279656605087339	   0.000000020603100
    1	    2	    6	   0.306181346533282	   0.000000051535641
    0	    2	    7	   0.331572151851476	   0.000000031746606
    1	    2	    7	   0.362114142262120	   0.000000123395113
    0	    2	    8	   0.385227283509307	   0.000000026622889
    1	    2	    8	   0.419811603830202	   0.000000089194032
    0	    2	    9	   0.440689432854378	   0.000000035127090
    1	    2	    9	   0.479354312777709	   0.000000106602991
    0	    2	   10	   0.498026659479443	   0.000000035230022
    1	    2	   10	   0.540820855943871	   0.000000097110674
    0	    2	   11	   0.557308209330304	   0.000000059631426
    1	    2	   11	   0.604289265477318	   0.000000198579508
    0	    2	   12	   0.618604890453468	   0.000000053522422
    1	    2	   12	   0.669837935995184	   0.000000174056549
    0	    2	   13	   0.681989346037026	   0.000000046743453
    1	    2	   13	   0.737546248153307	   0.000000163518847
    0	    2	   14	   0.747536267112199	   0.000000083365205
    1	    2	   14	   0.807495018009700	   0.000000307029878
    0	    2	   15	   0.815322568521652	   0.000000075880366
    1	    2	   15	   0.879766838471149	   0.000000250206555
    0	    2	   16	   0.885427542024458	   0.000000086346276
    1	    2	   16	   0.954446351618767	   0.000000309164554
    0	    2	   17	   0.957932995061904	   0.000000116467144
    1	    2	   17	   1.031620475639861	   0.000000447323218
    0	    2	   18	   1.032923380632136	   0.000000117088107
    1	    2	   18	   1.111378601434758	   0.000000420555250
    0	    2	   19	   1.110485921879545	   0.000000130845745
    1	    2	   19	   1.193812768787980	   0.000000487955505
    0	    2	   20	   1.190710733863695	   0.000000142726910
    1	    2	   20	   1.279017828786634	   0.000000571306473
    0	    2	   21	   1.273690944244540	   0.000000146221658
    1	    2	   21	   1.367091597123392	   0.000000558069844
    0	    2	   22	   1.359522814144440	   0.000000174094224
    1	    2	   22	   1.458135001582175	   0.000000643643839
    0	    2	   23	   1.448305860128887	   0.000000185948679
    1	    2	   23	   1.552252226107401	   0.000000744125572
    0	    2	   24	   1.540142978030863	   0.000000207381157
    1	    2	   24	   1.649550853194299	   0.000000854765428
    0	    2	   25	   1.635140569193424	   0.000000257456639
    1	    2	   25	   1.750142006260959	   0.000001037425227
    0	    2	   26	   1.733408669599799	   0.000000273203792
    1	    2	   26	   1.854140492311172	   0.000001119725667
    0	    2	   27	   1.835061082285637	   0.000000286482108
    1	    2	   27	   1.961664946730974	   0.000001198341801
    0	    2	   28	   1.940215513374870	   0.000000313791094
    1	    2	   28	   2.072837980155234	   0.000001314223176
    0	    2	   29	   2.048993712042730	   0.000000354402253
    1	    2	   29	   2.187786328276100	   0.000001447329346
    0	    2	   30	   2.161521614682345	   0.000000356090412
    1	    2	   30	   2.306641005030636	   0.000001464005202
    0	    2	   31	   2.277929493532402	   0.000000387592176
    1	    2	   31	   2.429537459592610	   0.000001586395739
    0	    2	   32	   2.398352110010184	   0.000000424601434
    1	    2	   32	   2.556615737546947	   0.000001641248505
    0	    2	   33	   2.522928872985677	   0.000000449166882
    1	    2	   33	   2.688020646591113	   0.000001633698114
    0	    2	   34	   2.651804002227201	   0.000000437549582
    1	    2	   34	   2.823901927082464	   0.000001721724462
    0	    2	   35	   2.785126697246381	   0.000000448625943
    1	    2	   35	   2.964414427732271	   0.000001786520277
    0	    2	   36	   2.923051311769771	   0.000000454380624
    1	    2	   36	   3.109718286734242	   0.000001771882253
    0	    2	   37	   3.065737534065529	   0.000000496918768
    1	    2	   37	   3.259979118606597	   0.000001753846757
    0	    2	   38	   3.213350573356014	   0.000000458970306
    1	    2	   38	   3.415368207021289	   0.000001710815753
    0	    2	   39	   3.366061352550767	   0.000000642688244
    1	    2	   39	   3.576062703891244	   0.000001706647335
    0	    2	   40	   3.524046707538789	   0.000000898139940
    1	    2	   40	   3.742245834985767	   0.000001619782303
    0	    2	   41	   3.687489593284428	   0.000001417273637
    1	    2	   41	   3.914107112345489	   0.000001461627150
    0	    2	   42	   3.856579296977118	   0.000001512800332
    1	    2	   42	   4.091842553770739	   0.000001466437031
    0	    2	   43	   4.031511658491915	   0.000001362470916
    1	    2	   43	   4.275654909661156	   0.000001274171360
    0	    2	   44	   4.212489298424963	   0.000001407331298
    1	    2	   44	   4.465753897489192	   0.000001183094757
    0	    2	   45	   4.399721853975768	   0.000001907999682
    1	    2	   45	   4.662356444196104	   0.000001195335133
    0	    2	   46	   4.593426222956389	   0.000001758611736
    1	    2	   46	   4.865686936805582	   0.000002354395679
    0	    2	   47	   4.793826816216403	   0.000010907055235
    1	    2	   47	   5.075977481557759	   0.000045352122369
    0	    2	   48	   5.001155818781598	   0.000018388149968
    1	    2	   48	   5.293468171874271	   0.000080463631272
    0	    2	   49	   5.215653460014026	   0.000023189810924
    1	    2	   49	   5.518407365473916	   0.000105318460083
    0	    2	   50	   5.437568293111084	   0.000026670296054
    1	    2	   50	   5.751051970967746	   0.000124297151843
    0	    2	   51	   5.667157484271749	   0.000028051926870
    1	    2	   51	   5.991667744272319	   0.000135951343274
    0	    2	   52	   5.904687111869092	   0.000030388130871
    1	    2	   52	   6.240529595190347	   0.000170380466695
    0	    2	   53	   6.150432475979509	   0.000031236634557
    1	    2	   53	   6.497921904518930	   0.000195250643384
    0	    2	   54	   6.404678418631002	   0.000031945626689
    1	    2	   54	   6.764138852057135	   0.000209828756207
    0	    2	   55	   6.667719655145027	   0.000031874949175
    1	    2	   55	   7.039484755896685	   0.000219505689951
    0	    2	   56	   6.939861116959290	   0.000031106565976
    1	    2	   56	   7.324274423392136	   0.000224757059087
    0	    2	   57	   7.221418306332019	   0.000030684957498
    1	    2	   57	   7.618833514220035	   0.000239192401791
    0	    2	   58	   7.512717663341977	   0.000030161008971
    1	    2	   58	   7.923498915950145	   0.000250813454623
    0	    2	   59	   7.814096945612682	   0.000028715390793
    1	    2	   59	   8.238619132566042	   0.000253927402491
    0	    2	   60	   8.125905621204078	   0.000027989838043
    1	    2	   60	   8.564554686387117	   0.000257177361591
    0	    2	   61	   8.448505275130076	   0.000027216249449
    1	    2	   61	   8.901678533859274	   0.000257802506912
    0	    2	   62	   8.782270029976276	   0.000026650866686
    1	    2	   62	   9.250376495697495	   0.000261251146378
    0	    2	   63	   9.127586981108513	   0.000026424465000
    1	    2	   63	   9.611047701879972	   0.000266671328115
    0	    2	   64	   9.484856646979752	   0.000026137385124
    1	    2	   64	   9.984105052010340	   0.000269862241409
    0	    2	   65	   9.854493435060606	   0.000025753110361
    1	    2	   65	  10.369975691582567	   0.000270974131344
    0	    2	   66	  10.236926123936625	   0.000025531696421
    1	    2	   66	  10.769101504700973	   0.000271701138134
    0	    2	   67	  10.632598362134576	   0.000025436433777
    1	    2	   67	  11.181939623827150	   0.000272829602695
    0	    2	   68	  11.041969184259315	   0.000025526024682
    1	    2	   68	  11.608962957145085	   0.000275594756188
    0	    2	   69	  11.465513545042844	   0.000025169794190
    1	    2	   69	  12.050660734155963	   0.000276565956364
    0	    2	   70	  11.903722871928375	   0.000024902390668
    1	    2	   70	  12.507539070135621	   0.000276783779251
    0	    2	   71	  12.357105636833284	   0.000026016833409
    1	    2	   71	  12.980121550108834	   0.000282495010211
    0	    2	   72	  12.826187947757793	   0.000026070130870
    1	    2	   72	  13.468949833017881	   0.000283323204383
    0	    2	   73	  13.311514160928715	   0.000026155082997
    1	    2	   73	  13.974584276785542	   0.000284707548264
    0	    2	   74	  13.813647514192096	   0.000026265806867
    1	    2	   74	  14.497604584997458	   0.000286336601125
    0	    2	   75	  14.333170782392834	   0.000026346177701
    1	    2	   75	  15.038610475953293	   0.000287011067714
    0	    2	   76	  14.870686955505427	   0.000026452573866
    1	    2	   76	  15.598222374862544	   0.000288529799772
    0	    2	   77	  15.426819940306245	   0.000026577550056
    1	    2	   77	  16.177082129987326	   0.000290915398189
    0	    2	   78	  16.002215286405146	   0.000026632660647
    1	    2	   78	  16.775853753562266	   0.000291446863217
    0	    2	   79	  16.597540937482950	   0.000026726604470
    1	    2	   79	  17.395224188350610	   0.000292275976281
    0	    2	   80	  17.213488008610256	   0.000026830155934
    1	    2	   80	  18.035904100724974	   0.000292749421796
    0	    2	   81	  17.850771590553869	   0.000026812570081
    1	    2	   81	  18.698628701192359	   0.000292839566961
    0	    2	   82	  18.510131582008249	   0.000026756512060
    1	    2	   82	  19.384158593314442	   0.000293154447338
    0	    2	   83	  19.192333550722349	   0.000026690091953
    1	    2	   83	  20.093280652007618	   0.000293029128697
    0	    2	   84	  19.898169624525337	   0.000026485995329
    1	    2	   84	  20.826808932240706	   0.000291822156449
    0	    2	   85	  20.628459413290276	   0.000026623359601
    1	    2	   85	  21.585585609184228	   0.000292332559771
    0	    2	   86	  21.384050962910155	   0.000027188719565
    1	    2	   86	  22.370481950900977	   0.000294432093739
    0	    2	   87	  22.165821742398737	   0.000027368620240
    1	    2	   87	  23.182399324705937	   0.000294608122149
    0	    2	   88	  22.974679665266684	   0.000027356642258
    1	    2	   88	  24.022270238362275	   0.000293837714291
    0	    2	   89	  23.811564146363740	   0.000027352300619
    1	    2	   89	  24.891059417320704	   0.000292659605841
    0	    2	   90	  24.677447195419258	   0.000027371346752
    1	    2	   90	  25.789764919251638	   0.000291602178049
    0	    2	   91	  25.573334548555543	   0.000027438820762
    1	    2	   91	  26.719419287162104	   0.000291576173839
    0	    2	   92	  26.500266839093712	   0.000027487298267
    1	    2	   92	  27.681090742435327	   0.000291281412550
    0	    2	   93	  27.459320809016461	   0.000027503696893
    1	    2	   93	  28.675884419175816	   0.000290096415579
    0	    2	   94	  28.451610562500825	   0.000027478131533
    1	    2	   94	  29.704943641292257	   0.000288354699711
    0	    2	   95	  29.478288862981817	   0.000027442100380
    1	    2	   95	  30.769451243798795	   0.000286460992714
    0	    2	   96	  30.540548475259765	   0.000027444869384
    1	    2	   96	  31.870630939867709	   0.000285099215526
    0	    2	   97	  31.639623554215703	   0.000027405522102
    1	    2	   97	  33.009748735218771	   0.000283581093695
    0	    2	   98	  32.776791081754425	   0.000027327879669
    1	    2	   98	  34.188114391486280	   0.000281561927083
    0	    2	   99	  33.953372353650359	   0.000027272862370
    1	    2	   99	  35.407082940260956	   0.000279360457024
    0	    2	  100	  35.170734518030017	   0.000027114471881
    1	    2	  100	  36.668056249563371	   0.000276481536527
    0	    2	  101	  36.430292167285174	   0.000026972511301
    1	    2	  101	  37.972484644566109	   0.000273916390922
    0	    2	  102	  37.733508985272479	   0.000026660181461
    1	    2	  102	  39.321868584444793	   0.000271698261318
    0	    2	  103	  39.081899451720979	   0.000026379637377
    1	    2	  103	  40.717760397303877	   0.000268820286426
    0	    2	  104	  40.477030605834287	   0.000026258793585
    1	    2	  104	  42.161766075189611	   0.000265979714352
    0	    2	  105	  41.920523871144638	   0.000026077897333
    1	    2	  105	  43.655547131273650	   0.000262220743599
    0	    2	  106	  43.414056943746239	   0.000025968786391
    1	    2	  106	  45.200822521361566	   0.000259179370329
    0	    2	  107	  44.959365746110485	   0.000025819887153
    1	    2	  107	  46.799370631956748	   0.000255866049667
    0	    2	  108	  46.558246448760990	   0.000025640198346
    1	    2	  108	  48.453031337186125	   0.000252271378386
    0	    2	  109	  48.212557562166310	   0.000025386440211
    1	    2	  109	  50.163708126975159	   0.000247088082430
    0	    2	  110	  49.924222101283178	   0.000024988744131
    1	    2	  110	  51.933370308942024	   0.000239283595431
    0	    2	  111	  51.695229825305056	   0.000024824838252
    1	    2	  111	  53.764055286566112	   0.000235435462285
    0	    2	  112	  53.527639555231573	   0.000024639576993
    1	    2	  112	  55.657870916275684	   0.000231335524755
    0	    2	  113	  55.423581571679989	   0.000024615960926
    1	    2	  113	  57.616997946189798	   0.000230355532343
    0	    2	  114	  57.385260096507942	   0.000024437026805
    1	    2	  114	  59.643692539346141	   0.000226771080607
    0	    2	  115	  59.414955860116159	   0.000024046053791
    1	    2	  115	  61.740288884342789	   0.000219921673393
    0	    2	  116	  61.515028758183668	   0.000023807414323
    1	    2	  116	  63.909201896425465	   0.000215326437936
    0	    2	  117	  63.687920600633312	   0.000023557230717
    1	    2	  117	  66.152930012155181	   0.000210842357462
    0	    2	  118	  65.936157956084273	   0.000023391917801
    1	    2	  118	  68.474058080901116	   0.000207818559145
    0	    2	  119	  68.262355095109470	   0.000023051392930
    1	    2	  119	  70.875260356515909	   0.000202327627479
    0	    2	  120	  70.669217035730370	   0.000022654088895
    1	    2	  120	  73.359303592666265	   0.000195904706493
    0	    2	  121	  73.159542694702210	   0.000022319993801
    1	    2	  121	  75.929050245413492	   0.000190503019650
    0	    2	  122	  75.736228148264900	   0.000022040101488
    1	    2	  122	  78.587461786762191	   0.000185662455276
    0	    2	  123	  78.402270006184438	   0.000021755095959
    1	    2	  123	  81.337602133024561	   0.000181267005263
    0	    2	  124	  78.420970511950088	   0.000021347121035
    1	    2	  124	  84.182641191982654	   0.000175668235766
    0	    2	  125	  78.420970511950088	   0.000020912635475
    1	    2	  125	  87.125858532965793	   0.000169719881678
    0	    2	  126	  78.420970511950088	   0.000020533168969
    1	    2	  126	  90.170647184107438	   0.000164513574356
    0	    2	  127	  78.420970511950088	   0.000020141854670
    1	    2	  127	  93.320517561189632	   0.000159553554089
    0	    2	  128	  78.420970511950088	   0.000019746429365
    1	    2	  128	  96.579101532639811	   0.000154458835993
    0	    2	  129	  78.420970511950088	   0.000019239244467
    1	    2	  129	  99.950156625400055	   0.000148659624813
    0	    2	  130	  78.420970511950088	   0.000018772460914
    1	    2	  130	 103.437570376554262	   0.000143090235825
    0	    2	  131	  78.420970511950088	   0.000018119755206
    1	    2	  131	 107.045364835768297	   0.000138088001619
    0	    2	  132	  78.420970511950088	   0.000017542470275
    1	    2	  132	 110.777701223772297	   0.000133245923349
    0	    2	  133	  78.420970511950088	   0.000015538666643
    1	    2	  133	 114.638884752298125	   0.000128623972751
    0	    2	  134	  78.420970511950088	   0.000014416570264
    1	    2	  134	 118.633369611069327	   0.000123203682164
    0	    2	  135	  78.420970511950088	   0.000003055411494
    1	    2	  135	 122.765764127638619	   0.000117685349221
    0	    2	  136	  78.420970511950088	   0.000002865135217
    1	    2	  136	 127.040836106066436	   0.000113356992735
    0	    2	  137	  78.420970511950088	   0.000002684204335
    1	    2	  137	 131.463518350644762	   0.000108669703854
    0	    2	  138	  78.420970511950088	   0.000002511806342
    1	    2	  138	 136.038914381081469	   0.000103572607901
    0	    2	  139	  78.420970511950088	   0.000002351416650
    1	    2	  139	 140.772304345788456	   0.000097647176943
    0	    2	  140	  78.420970511950088	   0.000002200642618
    1	    2	  140	 145.669151140142304	   0.000091413192846
    0	    2	  141	  78.420970511950088	   0.000002050909519
    1	    2	  141	 150.735106736828016	   0.000087138546575
    0	    2	  142	  78.420970511950088	   0.000001906712556
    1	    2	  142	 155.976018735622205	   0.000084397469923
    0	    2	  143	  78.420970511950088	   0.000001771579790
    1	    2	  143	 161.397937140225821	   0.000080013164484
    0	    2	  144	  78.420970511950088	   0.000001644936108
    1	    2	  144	 167.007121370022929	   0.000074857304477
    0	    2	  145	  78.420970511950088	   0.000001521095770
    1	    2	  145	 172.810047514913833	   0.000070998804166
    0	    2	  146	  78.420970511950088	   0.000001404161010
    1	    2	  146	 178.813415841655058	   0.000067854001439
    0	    2	  147	  78.420970511950088	   0.000001294276397
    1	    2	  147	 185.024158560428816	   0.000063799781696
    0	    2	  148	  78.420970511950088	   0.000001191588118
    1	    2	  148	 191.449447860670659	   0.000059622071331
    0	    2	  149	  78.420970511950088	   0.000001092724853
    1	    2	  149	 198.096704225493511	   0.000056238433687
    0	    2	  150	  78.420970511950088	   0.000001000568563
    1	    2	  150	 204.973605034375566	   0.000053037788220
    0	    2	  151	  78.420970511950088	   0.000000914461087
    1	    2	  151	 212.088093464108567	   0.000049475289301
    0	    2	  152	  78.420970511950088	   0.000000833250224
    1	    2	  152	 219.448387698355759	   0.000046117807698
    0	    2	  153	  78.420970511950088	   0.000000757842337
    1	    2	  153	 227.062990456524432	   0.000043161358846
    0	    2	  154	  78.420970511950088	   0.000000687348000
    1	    2	  154	 234.940698853030227	   0.000040205126770
    0	    2	  155	  78.420970511950088	   0.000000623313931
    1	    2	  155	 243.090614598417915	   0.000037256787758
    0	    2	  156	  78.420970511950088	   0.000000563029105
    1	    2	  156	 251.522154554194458	   0.000034504011012
    0	    2	  157	  78.420970511950088	   0.000000509577093
    1	    2	  157	 260.245061653649941	   0.000031867709041
    0	    2	  158	  78.420970511950088	   0.000000457829466
    1	    2	  158	 269.269416201360173	   0.000029325323553
    0	    2	  159	  78.420970511950088	   0.000000410233145
    1	    2	  159	 278.605647564513674	   0.000026949455612
    0	    2	  160	  78.420970511950088	   0.000000366084701
    1	    2	  160	 288.264546269652328	   0.000024800238023
    0	    2	  161	  78.420970511950088	   0.000000326084472
    1	    2	  161	 298.257276518895821	   0.000022724415302
    0	    2	  162	  78.420970511950088	   0.000000289064896
    1	    2	  162	 308.595389140202769	   0.000020769259390
    0	    2	  163	  78.420970511950088	   0.000000255830676
    1	    2	  163	 319.290834986726736	   0.000018975941898
    0	    2	  164	  78.420970511950088	   0.000000225457964
    1	    2	  164	 330.355978800852995	   0.000017271313565
    0	    2	  165	  78.420970511950088	   0.000000198846780
    1	    2	  165	 341.803613559036478	   0.000015614601273
    0	    2	  166	  78.420970511950088	   0.000000175756461
    1	    2	  166	 353.646975314124688	   0.000013734977875
    0	    2	  167	  78.420970511950088	   0.000000154080659
    1	    2	  167	 365.899758552426533	   0.000012434356928
    0	    2	  168	  78.420970511950088	   0.000000134886929
    1	    2	  168	 378.576132083392963	   0.000011447376321
    0	    2	  169	  78.420970511950088	   0.000000118123229
    1	    2	  169	 391.690755480384382	   0.000010147984389
    0	    2	  170	  78.420970511950088	   0.000000102696848
    1	    2	  170	 405.258796091652812	   0.000009124212138
    0	    2	  171	  78.420970511950088	   0.000000089102726
    1	    2	  171	 419.295946641321621	   0.000008277145184
    0	    2	  172	  78.420970511950088	   0.000000077217019
    1	    2	  172	 433.818443440842429	   0.000007309937071
    0	    2	  173	  78.420970511950088	   0.000000066451444
    1	    2	  173	 448.843085232107285	   0.000006527547210
    0	    2	  174	  78.420970511950088	   0.000000057113707
    1	    2	  174	 464.387252684139469	   0.000005830834300
    0	    2	  175	  78.420970511950088	   0.000000049081382
    1	    2	  175	 480.468928566044838	   0.000005127769867
    0	    2	  176	  78.420970511950088	   0.000000041987701
    1	    2	  176	 497.106718619687626	   0.000004540568404
    0	    2	  177	  78.420970511950088	   0.000000035822557
    1	    2	  177	 514.319873156381732	   0.000004002006820
    0	    2	  178	  78.420970511950088	   0.000000030446956
    1	    2	  178	 532.128309402715558	   0.000003502390119
    0	    2	  179	  78.420970511950088	   0.000000025770946
    1	    2	  179	 550.552634621513675	   0.000003069736035
    0	    2	  180	  78.420970511950088	   0.000000021745856
    1	    2	  180	 569.614170034834274	   0.000002674936476
    0	    2	  181	  78.420970511950088	   0.000000018263785
    1	    2	  181	 589.334975576842794	   0.000002323116046
    0	    2	  182	  78.420970511950088	   0.000000015289495
    1	    2	  182	 609.737875505356214	   0.000002012549112
    0	    2	  183	  78.420970511950088	   0.000000012734302
    1	    2	  183	 630.846484901864301	   0.000001735363504
    0	    2	  184	  78.420970511950088	   0.000000010573628
    1	    2	  184	 652.685237090863325	   0.000001491713520
    0	    2	  185	  78.420970511950088	   0.000000008724703
    1	    2	  185	 675.279412010409374	   0.000001276995097
    0	    2	  186	  78.420970511950088	   0.000000007183254
    1	    2	  186	 698.655165566907158	   0.000001089016115
    0	    2	  187	  78.420970511950088	   0.000000005864307
    1	    2	  187	 722.839560008295166	   0.000000924790647
    0	    2	  188	  78.420970511950088	   0.000000004786772
    1	    2	  188	 747.860595350973085	   0.000000782206016
    0	    2	  189	  78.420970511950088	   0.000000003856990
    1	    2	  189	 773.747241897046820	   0.000000658494983
    0	    2	  190	  78.420970511950088	   0.000000003123609
    1	    2	  190	 800.529473879744160	   0.000000552176928
    0	    2	  191	  78.420970511950088	   0.000000002482130
    1	    2	  191	 828.238304276143936	   0.000000460516217
    0	    2	  192	  78.420970511950088	   0.000000002004804
    1	    2	  192	 856.905820827754383	   0.000000381779837
    0	    2	  193	  78.420970511950088	   0.000000001596090
    1	    2	  193	 886.565223310852502	   0.000000302969503
    0	    2	  194	  78.420970511950088	   0.000000001285029
    1	    2	  194	 917.250862099980168	   0.000000250907770
    0	    2	  195	  78.420970511950088	   0.000000001015949
    1	    2	  195	 948.998278069472121	   0.000000201929013
    0	    2	  196	  78.420970511950088	   0.000000000807390
    1	    2	  196	 981.844243879468308	   0.000000169452651
    0	    2	  197	  78.420970511950088	   0.000000000632615
    1	    2	  197	1015.826806694475522	   0.000000135789263
    0	    2	  198	  78.420970511950088	   0.000000000496407
    1	    2	  198	1050.985332384193725	   0.000000112350612
    0	    2	  199	  78.420970511950088	   0.000000000385317
    1	    2	  199	1087.360551258080250	   0.000000089588118
    0	    2	  200	  78.420970511950088	   0.000000000298491
    1	    2	  200	1124.994605386879130	   0.000000072972709
    0	    2	  201	  78.420970511950088	   0.000000000229232
    1	    2	  201	1163.931097566216295	   0.000000057875435
    0	    2	  202	  78.420970511950088	   0.000000000175264
    1	    2	  202	1204.215141979256714	   0.000000046401091
    0	    2	  203	  78.420970511950088	   0.000000000132989
    1	    2	  203	1245.893416617424691	   0.000000036540118
    0	    2	  204	  78.420970511950088	   0.000000000100303
    1	    2	  204	1289.014217520199509	   0.000000028852020
    0	    2	  205	  78.420970511950088	   0.000000000075098
    1	    2	  205	1333.627514897151059	   0.000000022507152
    0	    2	  206	  78.420970511950088	   0.000000000055831
    1	    2	  206	1379.785011197562426	   0.000000017512475
    0	    2	  207	  78.420970511950088	   0.000000000041190
    1	    2	  207	1427.540201195244890	   0.000000013502676
    0	    2	  208	  78.420970511950088	   0.000000000030150
    1	    2	  208	1476.948434158522559	   0.000000010353535
    0	    2	  209	  78.420970511950088	   0.000000000021887
    1	    2	  209	1528.066978177766032	   0.000000007874976
    0	    2	  210	  78.420970511950088	   0.000000000015752
    1	    2	  210	1580.955086725393130	   0.000000005947000
    0	    2	  211	  78.420970511950088	   0.000000000011233
    1	    2	  211	1635.674067525835198	   0.000000004454537
    0	    2	  212	  78.420970511950088	   0.000000000007934
    1	    2	  212	1692.287353815689357	   0.000000003309305
    0	    2	  213	  78.420970511950088	   0.000000000005547
    1	    2	  213	1750.860578077019454	   0.000000002436977
    0	    2	  214	  78.420970511950088	   0.000000000003837
    1	    2	  214	1811.461648329689979	   0.000000001778185
    0	    2	  215	  78.420970511950088	   0.000000000002623
    1	    2	  215	1874.160827071585345	   0.000000001284959
    0	    2	  216	  78.420970511950088	   0.000000000001771
    1	    2	  216	1939.030812958633533	   0.000000000919121
    0	    2	  217	  78.420970511950088	   0.000000000001180
    1	    2	  217	2006.146825319802701	   0.000000000650144
    0	    2	  218	  78.420970511950088	   0.000000000000775
    1	    2	  218	2075.586691605458327	   0.000000000454401
    0	    2	  219	  78.420970511950088	   0.000000000000501
    1	    2	  219	2147.430937870974503	   0.000000000313578
    0	    2	  220	  78.420970511950088	   0.000000000000319
    1	    2	  220	2221.762882400960734	   0.000000000213484
    0	    2	  221	  78.420970511950088	   0.000000000000199
    1	    2	  221	2298.668732583195379	   0.000000000143234
    0	    2	  222	  78.420970511950088	   0.000000000000122
    1	    2	  222	2378.237685145054002	   0.000000000094578
    0	    2	  223	  78.420970511950088	   0.000000000000075
    1	    2	  223	2460.562029869246544	   0.000000000060373
    0	    2	  224	  78.420970511950088	   0.000000000000045
    1	    2	  224	2545.737256909627376	   0.000000000037548
    0	    2	  225	  78.420970511950088	   0.000000000000028
    1	    2	  225	2633.862167832151044	   0.000000000023337
    0	    2	  226	  78.420970511950088	   0.000000000000017
    1	    2	  226	2725.038990510262920	   0.000000000014663
    0	    2	  227	  78.420970511950088	   0.000000000000010
    1	    2	  227	2819.373498008621937	   0.000000000009213
    0	    2	  228	  78.420970511950088	   0.000000000000006
    1	    2	  228	2916.975131593633250	   0.000000000005705
    0	    2	  229	  78.420970511950088	   0.000000000000003
    1	    2	  229	3017.957128014092177	   0.000000000003478
    0	    2	  230	  78.420970511950088	   0.000000000000002
    1	    2	  230	3122.436651200257074	   0.000000000002087
    0	    2	  231	  78.420970511950088	   0.000000000000001
    1	    2	  231	3230.534928534746086	   0.000000000001231
    0	    2	  232	  78.420970511950088	   0.000000000000001
    1	    2	  232	3342.377391854062353	   0.000000000000713
    0	    2	  233	  78.420970511950088	   0.000000000000000
    1	    2	  233	3458.093823345001056	   0.000000000000406
    0	    2	  234	  78.420970511950088	   0.000000000000000
    1	    2	  234	3577.818506505972891	   0.000000000000225
    0	    2	  235	  78.420970511950088	   0.000000000000000
    1	    2	  235	3701.690382349072479	   0.000000000000122
    0	    2	  236	  78.420970511950088	   0.000000000000000
    1	    2	  236	3829.853211024973007	   0.000000000000065
    0	    2	  237	  78.420970511950088	   0.000000000000000
    1	    2	  237	3962.455739058912059	   0.000000000000033
    0	    2	  238	  78.420970511950088	   0.000000000000000
    1	    2	  238	4099.651872392686528	   0.000000000000017
    0	    2	  239	  78.420970511950088	   0.000000000000000
    1	    2	  239	4241.600855434262485	   0.000000000000008
    0	    2	  240	  78.420970511950088	   0.000000000000000
    1	    2	  240	4388.467456323678562	   0.000000000000004
    0	    2	  241	  78.420970511950088	   0.000000000000000
    1	    2	  241	4540.422158631112325	   0.000000000000002
    0	    2	  242	  78.420970511950088	   0.000000000000000
    1	    2	  242	4697.641359710515644	   0.000000000000001
    0	    2	  243	  78.420970511950088	   0.000000000000000
    1	    2	  243	4860.307575939988055	   0.000000000000000
    0	    2	  244	  78.420970511950088	   0.000000000000000
    1	    2	  244	5028.609655088018371	   0.000000000000000
    0	    2	  245	  78.420970511950088	   0.000000000000000
    1	    2	  245	5202.742996053209026	   0.000000000000000
    0	    2	  246	  78.420970511950088	   0.000000000000000
    1	    2	  246	5382.909776233447701	   0.000000000000000
    0	    2	  247	  78.420970511950088	   0.000000000000000
    1	    2	  247	5569.319186789585729	   0.000000000000000
    0	    2	  248	  78.420970511950088	   0.000000000000000
    1	    2	  248	5762.187676077826836	   0.000000000000000
    0	    2	  249	  78.420970511950088	   0.000000000000000
    1	    2	  249	5961.739201534538552	   0.000000000000000
