 PROD	               ASSET	               endoK
    0	   0.000000000000000	   0.000000000000000
    0	   0.017215430659988	   0.000000000000000
    0	   0.034727232372785	   0.000000000000000
    0	   0.052540507293700	   0.000000000000000
    0	   0.070660445413842	   0.000000000000000
    0	   0.089092326072256	   0.000000000000000
    0	   0.107841519494078	   0.000000000000000
    0	   0.126913488355184	   0.000000000000000
    0	   0.146313789373768	   0.000000000000000
    0	   0.166048074929320	   0.000000000000000
    0	   0.186122094709478	   0.000000000000000
    0	   0.206541697385228	   0.000000000000000
    0	   0.227312832314948	   0.000000000000000
    0	   0.248441551277779	   0.000000000000000
    0	   0.269934010236849	   0.000000000000000
    0	   0.291796471132842	   0.000000000000000
    0	   0.314035303708446	   0.000000000000000
    0	   0.336656987364215	   0.000000000000000
    0	   0.359668113046372	   0.000000000000000
    0	   0.383075385167118	   0.000000000000000
    0	   0.406885623557999	   0.000000000000000
    0	   0.431105765456895	   0.000000000000000
    0	   0.455742867529228	   0.000000000000000
    0	   0.480804107923949	   0.000000000000000
    0	   0.506296788364939	   0.000000000000000
    0	   0.532228336278398	   0.000000000000000
    0	   0.558606306956867	   0.000000000000000
    0	   0.585438385760503	   0.000000000000000
    0	   0.612732390356246	   0.000000000000000
    0	   0.640496272995540	   0.000000000000000
    0	   0.668738122831263	   0.000000000000000
    0	   0.697466168274543	   1.026062351096652
    0	   0.726688779392149	   1.068257393553625
    0	   0.756414470345154	   1.111152029187781
    0	   0.786651901869580	   1.154758629160068
    0	   0.817409883799751	   1.199089746324955
    0	   0.848697377635082	   1.244158120932943
    0	   0.880523499151061	   1.289976686132017
    0	   0.912897521055173	   1.336558573306030
    0	   0.945828875688561	   1.383917117281950
    0	   0.979327157774180	   1.432065861433021
    0	   1.013402127212272	   1.481018562700832
    0	   1.048063711923966	   1.530789196555975
    0	   1.083322010743831	   1.581391961914233
    0	   1.119187296362218	   1.632841286022962
    0	   1.155670018318269	   1.685151829330453
    0	   1.192780806044442	   1.738338490349395
    0	   1.230530471963453	   1.792416410524337
    0	   1.268930014638529	   1.847400979111807
    0	   1.307990621977904	   1.903307838080868
    0	   1.347723674494467	   1.960152887041029
    0	   1.388140748621538	   2.017952288203789
    0	   1.429253620085724	   2.076722471383452
    0	   1.471074267337834	   2.136480139042390
    0	   1.513614875042869	   2.197242271385479
    0	   1.556887837630083	   2.259026131508052
    0	   1.600905762904170	   2.321849270601442
    0	   1.645681475718610	   2.385729533219855
    0	   1.691228021712258	   2.450685062612112
    0	   1.737558671110262	   2.516734306121623
    0	   1.784686922590408	   2.583896020657691
    0	   1.832626507216039	   2.652189278241222
    0	   1.881391392436660	   2.721633471627662
    0	   1.930995786157439	   2.792248320009986
    0	   1.981454140878749	   2.864053874804371
    0	   2.032781157906982	   2.937070525521179
    0	   2.084991791637847	   3.011319005723770
    0	   2.138101253913419	   3.086820399077625
    0	   2.192125018454187	   3.163596145492212
    0	   2.247078825367398	   3.241668047357960
    0	   2.302978685733025	   3.321058275880743
    0	   2.359840886268679	   3.401789377516174
    0	   2.417681994074830	   3.483884280506053
    0	   2.476518861461714	   3.567366301519252
    0	   2.536368630859349	   3.652259152399358
    0	   2.597248739812064	   3.738586947021360
    0	   2.659176926059027	   3.826374208259684
    0	   2.722171232702224	   3.915645875069863
    0	   2.786250013463410	   4.006427309686166
    0	   2.851431938031567	   4.098744304937515
    0	   2.917735997502413	   4.192623091683993
    0	   2.985181509911553	   4.288090346376320
    0	   3.053788125862902	   4.385173198740679
    0	   3.123575834253977	   4.483899239591227
    0	   3.194564968099778	   4.584296528772776
    0	   3.266776210456914	   4.686393603236021
    0	   3.340230600449719	   4.790219485247815
    0	   3.414949539400119	   4.895803690738981
    0	   3.490954797063008	   5.003176237792155
    0	   3.568268517968987	   5.112367655272254
    0	   3.646913227876286	   5.223408991602133
    0	   3.726911840333772	   5.336331823686058
    0	   3.808287663356912	   5.451168265983640
    0	   3.891064406218709	   5.567950979736962
    0	   3.975266186357501	   5.686713182353576
    0	   4.060917536403720	   5.807488656948189
    0	   4.148043411327596	   5.930311762045844
    0	   4.236669195709914	   6.055217441449407
    0	   4.326820711137953	   6.182241234274335
    0	   4.418524223728734	   6.311419285153601
    0	   4.511806451781801	   6.442788354615798
    0	   4.606694573563725	   6.576385829639433
    0	   4.703216235226639	   6.712249734386528
    0	   4.801399558863102	   6.850418741118654
    0	   4.901273150699593	   6.990932181298498
    0	   5.002866109431112	   7.133830056880359
    0	   5.106208034699213	   7.279153051792673
    0	   5.211329035716037	   7.426942543616071
    0	   5.318259740036776	   7.577240615460218
    0	   5.427031302483172	   7.730090068042990
    0	   5.537675414220643	   7.885534431975448
    0	   5.650224311991666	   8.043617980256155
    0	   5.764710787508124	   8.204385740978495
    0	   5.881168197005342	   8.367883510254659
    0	   5.999630470960602	   8.534157865360028
    0	   6.120132123978962	   8.703256178101775
    0	   6.242708264849274	   8.875226628415554
    0	   6.367394606773308	   9.050118218194195
    0	   6.494227477770981	   9.227980785352413
    0	   6.623243831264724	   9.408865018131619
    0	   6.754481256846042	   9.592822469648903
    0	   6.887977991227449	   9.779905572694489
    0	   7.023772929382938	   9.970167654781848
    0	   7.161905635880217	  10.163662953454853
    0	   7.302416356408076	  10.360446631856428
    0	   7.445346029502169	  10.560574794563136
    0	   7.590736298472667	  10.764104503690282
    0	   7.738629523537263	  10.971093795272232
    0	   7.889068794163041	  11.181601695922620
    0	   8.042097941620815	  11.395688239779266
    0	   8.197761551755610	  11.613414485738735
    0	   8.356104977976962	  11.834842534985425
    0	   8.517174354472891	  12.060035548820345
    0	   8.681016609651333	  12.289057766794654
    0	   8.847679479812975	  12.521974525153215
    0	   9.017211523059483	  12.758852275593499
    0	   9.189662133441143	  12.999758604345189
    0	   9.365081555348102	  13.244762251576125
    0	   9.543520898149319	  13.493933131130023
    0	   9.725032151083541	  13.747342350601734
    0	   9.909668198406658	  14.005062231755913
    0	  10.097482834799802	  14.267166331294824
    0	  10.288530781042704	  14.533729461981405
    0	  10.482867699956886	  14.804827714123622
    0	  10.680550212623306	  15.080538477426318
    0	  10.881635914879228	  15.360940463216897
    0	  11.086183394099054	  15.646113727051176
    0	  11.294252246264062	  15.936139691705979
    0	  11.505903093326024	  16.231101170565140
    0	  11.721197600869703	  16.531082391405519
    0	  11.940198496079478	  16.836169020590113
    0	  12.162969586015217	  17.146448187674974
    0	  12.389575776202788	  17.462008510437247
    0	  12.620083089544659	  17.782940120331482
    0	  12.854558685555993	  18.109334688381477
    0	  13.093070879931910	  18.441285451515206
    0	  13.335689164451670	  18.778887239350475
    0	  13.582484227225430	  19.122236501438877
    0	  13.833527973289593	  19.471431334975989
    0	  14.088893545556754	  19.826571512985918
    0	  14.348655346126225	  20.187758512988037
    0	  14.612889057961508	  20.555095546154480
    0	  14.881671666940933	  20.928687586966671
    0	  15.155081484287848	  21.308641403379308
    0	  15.433198169387062	  21.695065587500839
    0	  15.716102752993983	  22.088070586798914
    0	  16.003877660843379	  22.487768735840064
    0	  16.296606737664550	  22.894274288572653
    0	  16.594375271609888	  23.307703451162393
    0	  16.897270019104088	  23.728174415390040
    0	  17.205379230121064	  24.155807392620705
    0	  17.518792673895991	  24.590724648354644
    0	  17.837601665080133	  25.033050537369686
    0	  18.161899090345798	  25.482911539465121
    0	  18.491779435449331	  25.940436295817502
    0	  18.827338812760090	  26.405755645958994
    0	  19.168674989263241	  26.879002665388647
    0	  19.515887415044730	  27.360312703827713
    0	  19.869077252266553	  27.849823424129841
    0	  20.228347404640882	  28.347674841857472
    0	  20.593802547411613	  28.854009365535877
    0	  20.965549157852045	  29.368971837596391
    0	  21.343695546287599	  29.892709576020664
    0	  21.728351887652593	  30.425372416697954
    0	  22.119630253590280	  30.967112756507699
    0	  22.517644645105516	  31.518085597139766
    0	  22.922511025779571	  32.078448589665086
    0	  23.334347355556670	  32.648362079869351
    0	  23.753273625112310	  33.227989154363179
    0	  24.179411890813146	  33.817495687481738
    0	  24.612886310278707	  34.417050388987427
    0	  25.053823178555472	  35.026824852589641
    0	  25.502350964913468	  35.646993605295144
    0	  25.958600350276598	  36.277734157603881
    0	  26.422704265297114	  36.919227054564061
    0	  26.894797929085687	  37.571655927701784
    0	  27.375018888608246	  38.235207547839991
    0	  27.863507058760920	  38.910071878821846
    0	  28.360404763135083	  39.596442132154358
    0	  28.865856775484019	  40.294514822587715
    0	  29.380010361903491	  41.004489824646505
    0	  29.903015323738543	  41.726570430129229
    0	  30.435024041228917	  42.460963406592555
    0	  30.976191517905736	  43.207879056837115
    0	  31.526675425752735	  43.967531279412420
    0	  32.086636151144717	  44.740137630157811
    0	  32.656236841576984	  45.525919384797575
    0	  33.235643453199302	  46.325101602608342
    0	  33.825024799167906	  47.137913191176587
    0	  34.424552598830338	  47.964586972265941
    0	  35.034401527756600	  48.805359748812130
    0	  35.654749268631853	  49.660472373065808
    0	  36.285776563025237	  50.530169815902596
    0	  36.927667264049795	  51.414701237320145
    0	  37.580608389929125	  52.314320058143139
    0	  38.244790178486099	  53.229284032956272
    0	  38.920406142569604	  54.159855324286681
    0	  39.607653126435551	  55.106300578057166
    0	  40.306731363098557	  56.068891000332037
    0	  41.017844532670722	  57.047902435377345
    0	  41.741199821705052	  58.043615445058791
    0	  42.477007983560306	  59.056315389599533
    0	  43.225483399805015	  60.086292509721410
    0	  43.986844142678827	  61.133842010193696
    0	  44.761312038628780	  62.199264144812666
    0	  45.549112732939861	  63.282864302837694
    0	  46.350475755477753	  64.384953096907552
    0	  47.165634587563609	  65.505846452463217
    0	  47.994826730000142	  66.645865698702778
    0	  48.838293772268564	  67.805337661094313
    0	  49.696281462917156	  68.984594755474276
    0	  50.569039781161244	  70.183975083757602
    0	  51.456823009715968	  71.403822531287787
    0	  52.359889808882990	  72.644486865855171
    0	  53.278503291912422	  73.906323838411353
    0	  54.212931101662271	  75.189695285509458
    0	  55.163445488577594	  76.494969233499589
    0	  56.130323390012215	  77.822520004509713
    0	  57.113846510915678	  79.172728324242144
    0	  58.114301405909487	  80.545981431617207
    0	  59.131979562776564	  81.942673190296077
    0	  60.167177487387363	  83.363204202113650
    0	  61.220196790088615	  84.807981922455909
    0	  62.291344273579192	  86.277420777614125
    0	  63.380932022298438	  87.771942284149603
    0	  64.489277493353654	  89.291975170304156
    0	  65.616703609013229	  90.837955499491486
    0	  66.763538850791164	  92.410326795903487
    0	  67.930117355152319	  94.009540172270320
    0	  69.116779010864789	  95.636054459809245
    0	  70.323869558028022	  97.290336340399975
    0	  71.551740688806305	  98.972860481025933
    0	  72.800750149895819	 100.684109670518566
    0	  74.071261846756485	 102.424574958646105
    0	  75.363645949637117	 104.194755797584563
    0	  76.678279001426915	 105.995160185814512
    0	  78.015544027363177	 107.826304814483393
    0	  79.375830646627492	 109.688715216275824
    0	  80.759535185863385	 111.582925916835734
    0	  82.167060794648478	 113.509480588783859
    0	  83.598817562953769	 115.468932208373886
    0	  85.055222640625701	 117.461843214834360
    0	  86.536700358925245	 119.488785672441580
    0	  88.043682354158491	 121.550341435369219
    0	  89.576607693436486	 123.647102315364492
    0	  91.135923002599739	 125.779670252297649
    0	  92.722082596344976	 127.948657487634733
    0	  94.335548610592056	 130.154686740883477
    0	  95.976791137129524	 132.398391389063221
    0	  97.646288360578936	 134.680415649252211
    0	  99.344526697715679	 137.001414764261767
    0	 101.072000939189437	 139.362055191494591
    0	 102.829214393684310	 141.763014795040078
    0	 104.616679034559823	 144.204983041061098
    0	 106.434915649017427	 146.688661196531115
    0	 108.284453989834731	 149.214762531377858
    0	 110.165832929711414	 151.784012524090855
    0	 112.079600618272579	 154.397149070854283
    0	 114.026314641775599	 157.054922698265273
    0	 116.006542185565067	 159.758096779696643
    0	 118.020860199325540	 162.507447755370464
    0	 120.069855565179168	 165.303765356203485
    0	 122.154125268676296	 168.147852831489075
    0	 124.274276572730670	 171.040527180483167
    0	 126.430927194548573	 173.982619387959687
    0	 128.624705485604323	 176.974974663804744
    0	 130.856250614713133	 180.018452686716614
    0	 133.126212754256642	 183.113927852085084
    0	 135.435253269614350	 186.262289524120007
    0	 137.784044911855290	 189.464442292301158
    0	 140.173272013747919	 192.721306232225686
    0	 142.603630689144239	 196.033817170927335
    0	 145.075829035795749	 199.402926956743414
    0	 147.590587341661632	 202.829603733809336
    0	 150.148638294768915	 206.314832221259309
    0	 152.750727196684153	 209.859613997212421
    0	 155.397612179661422	 213.464967787628979
    0	 158.090064427527949	 217.131929760118396
    0	 160.828868400373096	 220.861553822785453
    0	 163.614822063104072	 224.654911928198317
    0	 166.448737117937583	 228.513094382569932
    0	 169.331439240894014	 232.437210160240596
    0	 172.263768322361614	 236.428387223550573
    0	 175.246578711803267	 240.487772848198830
    0	 178.280739466676494	 244.616533954180937
    0	 181.367134605636465	 248.815857442398482
    0	 184.506663366100383	 253.086950537042696
    0	 187.700240466245248	 257.431041133848453
    0	 190.948796371514959	 261.849378154317549
    0	 194.253277565716814	 266.343231906017991
    0	 197.614646826784792	 270.913894449060876
    0	 201.033883507289346	 275.562679968859811
    0	 204.511983819777015	 280.290925155283333
    0	 208.049961127023010	 285.099989588309597
    0	 211.648846237278491	 289.991256130291390
    0	 215.309687704602823	 294.966131324950368
    0	 219.033552134364925	 300.026045803211161
    0	 222.821524494004933	 305.172454695996748
    0	 226.674708429144317	 310.406838054099637
    0	 230.594226585139069	 315.730701275255342
    0	 234.581220934169153	 321.145575538539902
    0	 238.636853107956654	 326.653018246213492
    0	 242.762304736214219	 332.254613473144673
    0	 246.958777790919385	 337.951972423940674
    0	 251.227494936514347	 343.746733897915078
    0	 255.569699886136277	 349.640564762031715
    0	 259.986657763979906	 355.635160431958695
    0	 264.479655473897878	 361.732245361371497
    0	 269.050002074346196	 367.933573539647000
    0	 273.699029159786562	 374.240928998095285
    0	 278.428091248652947	 380.656126324871082
    0	 283.238566177996972	 387.181011188715559
    0	 288.131855504928410	 393.817460871682044
    0	 293.109384914967279	 400.567384810999044
    0	 298.172604637422694	 407.432725150222041
    0	 303.322989867925969	 414.415457299842558
    0	 308.562041198237523	 421.517590507511329
    0	 313.891285053450190	 428.741168438038130
    0	 319.312274136722124	 436.088269763342623
    0	 324.826587881665944	 443.561008762523613
    0	 330.435832912523267	 451.161535932217191
    0	 336.141643512263954	 458.892038607426286
    0	 341.945682098743760	 466.754741592998926
    0	 347.849639709057044	 474.751907805934025
    0	 353.855236492229835	 482.885838928707244
    0	 359.964222210395519	 491.158876073803356
    0	 366.178376748595156	 499.573400459642130
    0	 372.499510633357602	 508.131834098103297
    0	 378.929465560205244	 516.836640493841060
    0	 385.470114930243369	 525.690325355596769
    0	 392.123364395982605	 534.695437319707480
    0	 398.891152416562591	 543.854568686029779
    0	 405.775450822532662	 553.170356166486613
    0	 412.778265390353340	 562.645481646449753
    0	 419.901636426790731	 572.282672959187153
    0	 427.147639363371809	 582.084704673595070
    0	 434.518385361069477	 592.054398895436634
    0	 442.016021925402526	 602.194626082332547
    0	 449.642733532123088	 612.508305872728329
    0	 457.400742263672896	 622.998407929079690
    0	 465.292308456600267	 633.667952795506380
    0	 473.319731360120215	 644.520012770155176
    0	 481.485349806014597	 655.557712792532470
    0	 489.791542890060043	 666.784231346051229
    0	 498.240730665192132	 678.202801376067669
    0	 506.835374846600530	 689.816711223665379
    0	 515.577979528961350	 701.629305575455646
    0	 524.471091916018509	 713.643986429673646
    0	 533.517303062726796	 725.864214078852115
    0	 542.719248630167044	 738.293508109345794
    0	 552.079609653460125	 750.935448418008036
    0	 561.601113322902620	 763.793676246311634
    0	 571.286533778545049	 776.871895232203201
    0	 581.138692918454126	 790.173872480010914
    0	 591.160461220887896	 803.703439648705398
    0	 601.354758580622729	 817.464494058827540
    0	 611.724555159680790	 831.460999818411324
    0	 622.272872252704133	 845.696988968225469
    0	 633.002783167222333	 860.176562646656976
    0	 643.917414119077080	 874.903892274584905
    0	 655.019945143262362	 889.883220760583072
    0	 666.313611020445478	 905.118863726801806
    0	 677.801702219434219	 920.615210755875751
    0	 689.487565855874209	 936.376726659232986
    0	 701.374606667450053	 952.407952767164488
    0	 713.466288005869956	 968.713508241019895
    0	 725.766132845933271	 985.298091407927927
    0	 738.277724811970415	1002.166481118415732
    0	 751.004709221944609	1019.323538127313327
    0	 763.950794149538865	1036.774206498363355
    0	 777.119751504523151	1054.523515032928572
    0	 790.515418131716388	1072.576578723206467
    0	 804.141696928874580	1090.938600230389738
    0	 818.002557983817951	1109.614871388180063
    0	 832.102039731141417	1128.610774732112532
    0	 846.444250128827434	1147.931785055105593
    0	 861.033367855125221	1167.583470989716488
    0	 875.873643526031060	1187.571496617544199
    0	 890.969400933724728	1207.901623106240777
    0	 906.325038306329475	1228.579710374621527
    0	 921.945029589363230	1249.611718786348774
    0	 937.833925749239597	1271.003710872667398
    0	 953.996356099219156	1292.761853084714403
    0	 970.437029648186808	1314.892417575896616
    0	 987.160736472639996	1337.401784014842633
    0	1004.172349112306506	1360.296441429479955
    0	1021.476823989786908	1383.582990082752985
    0	1039.079202854627965	1407.268143380520769
    0	1056.984614252266510	1431.358729812204729
    0	1075.198275018260574	1455.861694924741641
    0	1093.725491798236362	1480.784103330398466
    0	1112.571662594010377	1506.133140749055656
    0	1131.742278336324262	1531.916116085530348
    0	1151.242924484660307	1558.140463542560383
    0	1171.079282654587587	1584.813744770030326
    0	1191.257132273135539	1611.943651051102279
    0	1211.782352262659970	1639.538005525851986
    0	1232.660922753695104	1667.604765453067102
    0	1253.898926827297146	1696.152024510865886
    0	1275.502552287386152	1725.188015136802505
    0	1297.478093463587356	1754.721110908118362
    0	1319.831953045122191	1784.759828962860183
    0	1342.570643946267182	1815.312832462547249
    0	1365.700791203919607	1846.388933097090785
    0	1389.229133907841970	1877.997093632722681
    0	1413.162527164126459	1910.146430503637248
    0	1437.507944092473963	1942.846216448131827
    0	1462.272477857839931	1976.105883189967244
    0	1487.463343737069408	2009.935024165767572
    0	1513.087881221109228	2044.343397299227263
    0	1539.153556153399450	2079.340927822922367
    0	1565.667962905090917	2114.937711148564631
    0	1592.638826587708536	2151.144015786523141
    0	1620.074005303894182	2187.970286315436169
    0	1647.981492436911140	2225.427146402809285
    0	1676.369418979562170	2263.525401877462173
    0	1705.246055903189927	2302.276043854693398
    0	1734.619816567467296	2341.690251915092176
    0	1764.499259171686390	2381.779397337936189
    0	1794.893089248216711	2422.555046390040843
    0	1825.810162198919670	2464.028963671102701
    0	1857.259485875217024	2506.213115516451580
    0	1889.250223202566985	2549.119673458192210
    0	1921.791694850137901	2592.761017745782283
    0	1954.893381946429827	2637.149740927021867
    0	1988.564928841658229	2682.298651490528300
    0	2022.816145917675840	2728.220777570709743
    0	2057.657012446284170	2774.929370716357425
    0	2093.097679496751880	2822.437909723927078
    0	2129.148472893370126	2870.760104536597282
    0	2165.819896223943488	2919.909900210283467
    0	2203.122633900069104	2969.901480947727578
    0	2241.067554270086930	3020.749274201818480
    0	2279.665712785630603	3072.467954849360012
    0	2318.928355222703885	3125.072449436507668
    0	2358.866920958180799	3178.577940497039890
    0	2399.493046302735820	3232.999870944793201
    0	2440.818567891141811	3288.353948541485352
    0	2482.855526130943872	3344.656150441247974
    0	2525.616168710479542	3401.922727813143865
    0	2569.112954167316730	3460.170210543068151
    0	2613.358555518121648	3519.415412016368919
    0	2658.365863950990843	3579.675433996338143
    0	2704.147992581376002	3640.967671538550348
    0	2750.718280272667016	3703.309818042483585
    0	2798.090295522522865	3766.719870380651173
    0	2846.277840416134040	3831.216134098153361
    0	2895.294954647538816	3896.817228709550363
    0	2945.155919610147066	3963.542093086643945
    0	2995.875262557706264	4031.409990938780538
    0	3047.467760836904745	4100.440516387247044
    0	3099.948446192799111	4170.653599635314094
    0	3153.332609148425945	4242.069512735708486
    0	3207.635803459763338	4314.708875457033173
    0	3262.873850647376912	4388.592661070681061
    0	3319.062844606142789	4463.742203120230442
    0	3376.219156294265758	4540.179200578157179
    0	3434.359438503030105	4617.925724781410281
    0	3493.500630708711924	4697.004225660838529
    0	3553.659964007965755	4777.437538238457819
    0	3614.854966138177588	4859.248889236268951
    0	3677.103466584299440	4942.461903798612184
    0	3740.423601773547489	5027.100612329874821
    0	3804.833820359518995	5113.189457449577276
    0	3870.352888597353285	5200.753301066975837
    0	3936.999895811349234	5289.817431577028401
    0	4004.794259956726364	5380.407571179933257
    0	4073.755733277186664	5472.549883326407326
    0	4143.904408059811431	5566.270980290722036
    0	4215.260722489041655	5661.597930873776932
    0	4287.845466601478620	5758.558268238485653
    0	4361.679788343165455	5857.179997879664370
    0	4436.785199731115426	5957.491605730703668
    0	4513.183583121003721	6059.522066409574109
    0	4590.897197582683475	6163.300851606298238
    0	4669.948685385458703	6268.857938614451086
    0	4750.361078595070467	6376.223819009236649
    0	4832.157805784193442	6485.429507474489583
    0	4915.362698858448312	6596.506550781237820
    0	5000.000000000002728	6709.487036920534592
    1	   0.000000000000000	   0.000000000000000
    1	   0.017215430659988	   0.000000000000000
    1	   0.034727232372785	   0.000000000000000
    1	   0.052540507293700	   0.000000000000000
    1	   0.070660445413842	   0.000000000000000
    1	   0.089092326072256	   0.000000000000000
    1	   0.107841519494078	   0.000000000000000
    1	   0.126913488355184	   0.000000000000000
    1	   0.146313789373768	   0.000000000000000
    1	   0.166048074929320	   0.000000000000000
    1	   0.186122094709478	   0.000000000000000
    1	   0.206541697385228	   0.000000000000000
    1	   0.227312832314948	   0.000000000000000
    1	   0.248441551277779	   0.000000000000000
    1	   0.269934010236849	   0.000000000000000
    1	   0.291796471132842	   0.000000000000000
    1	   0.314035303708446	   0.000000000000000
    1	   0.336656987364215	   0.000000000000000
    1	   0.359668113046372	   0.000000000000000
    1	   0.383075385167118	   0.000000000000000
    1	   0.406885623557999	   0.000000000000000
    1	   0.431105765456895	   0.000000000000000
    1	   0.455742867529228	   0.000000000000000
    1	   0.480804107923949	   0.000000000000000
    1	   0.506296788364939	   0.000000000000000
    1	   0.532228336278398	   0.000000000000000
    1	   0.558606306956867	   0.000000000000000
    1	   0.585438385760503	   0.000000000000000
    1	   0.612732390356246	   0.000000000000000
    1	   0.640496272995540	   0.000000000000000
    1	   0.668738122831263	   0.000000000000000
    1	   0.697466168274543	   1.043995049697773
    1	   0.726688779392149	   1.086815078950381
    1	   0.756414470345154	   1.130341361501131
    1	   0.786651901869580	   1.174586437424610
    1	   0.817409883799751	   1.219563026402851
    1	   0.848697377635082	   1.265284033810023
    1	   0.880523499151061	   1.311762556553844
    1	   0.912897521055173	   1.359011888717758
    1	   0.945828875688561	   1.407045527040904
    1	   0.979327157774180	   1.455877176267177
    1	   1.013402127212272	   1.505520754389966
    1	   1.048063711923966	   1.555990397815295
    1	   1.083322010743831	   1.607300466462920
    1	   1.119187296362218	   1.659465548822229
    1	   1.155670018318269	   1.712500466977659
    1	   1.192780806044442	   1.766420281616381
    1	   1.230530471963453	   1.821240297029552
    1	   1.268930014638529	   1.876976066117041
    1	   1.307990621977904	   1.933643395404462
    1	   1.347723674494467	   1.991258350080361
    1	   1.388140748621538	   2.049837259060664
    1	   1.429253620085724	   2.109396720086729
    1	   1.471074267337834	   2.169953604862810
    1	   1.513614875042869	   2.231525064238216
    1	   1.556887837630083	   2.294128533439012
    1	   1.600905762904170	   2.357781737353746
    1	   1.645681475718610	   2.422502695877363
    1	   1.691228021712258	   2.488309729317163
    1	   1.737558671110262	   2.555221463864503
    1	   1.784686922590408	   2.623256837135590
    1	   1.832626507216039	   2.692435103784717
    1	   1.881391392436660	   2.762775841192977
    1	   1.930995786157439	   2.834298955235472
    1	   1.981454140878749	   2.907024686129855
    1	   2.032781157906982	   2.980973614368977
    1	   2.084991791637847	   3.056166666740322
    1	   2.138101253913419	   3.132625122434845
    1	   2.192125018454187	   3.210370619247766
    1	   2.247078825367398	   3.289425159873807
    1	   2.302978685733025	   3.369811118299373
    1	   2.359840886268679	   3.451551246294085
    1	   2.417681994074830	   3.534668680004075
    1	   2.476518861461714	   3.619186946649431
    1	   2.536368630859349	   3.705129971328191
    1	   2.597248739812064	   3.792522083929204
    1	   2.659176926059027	   3.881388026156280
    1	   2.722171232702224	   3.971752958665939
    1	   2.786250013463410	   4.063642468321158
    1	   2.851431938031567	   4.157082575563480
    1	   2.917735997502413	   4.252099741905868
    1	   2.985181509911553	   4.348720877548695
    1	   3.053788125862902	   4.446973349121315
    1	   3.123575834253977	   4.546884987551583
    1	   3.194564968099778	   4.648484096065863
    1	   3.266776210456914	   4.751799458321912
    1	   3.340230600449719	   4.856860346677205
    1	   3.414949539400119	   4.963696530595200
    1	   3.490954797063008	   5.072338285192084
    1	   3.568268517968987	   5.182816399926621
    1	   3.646913227876286	   5.295162187435699
    1	   3.726911840333772	   5.409407492518220
    1	   3.808287663356912	   5.525584701270020
    1	   3.891064406218709	   5.643726750372569
    1	   3.975266186357501	   5.763867136538154
    1	   4.060917536403720	   5.886039926114409
    1	   4.148043411327596	   6.010279764850964
    1	   4.236669195709914	   6.136621887831144
    1	   4.326820711137953	   6.265102129571613
    1	   4.418524223728734	   6.395756934292930
    1	   4.511806451781801	   6.528623366364050
    1	   4.606694573563725	   6.663739120923781
    1	   4.703216235226639	   6.801142534682350
    1	   4.801399558863102	   6.940872596906225
    1	   4.901273150699593	   7.082968960589327
    1	   5.002866109431112	   7.227471953814013
    1	   5.106208034699213	   7.374422591304988
    1	   5.211329035716037	   7.523862586179654
    1	   5.318259740036776	   7.675834361898167
    1	   5.427031302483172	   7.830381064416770
    1	   5.537675414220643	   7.987546574547900
    1	   5.650224311991666	   8.147375520530625
    1	   5.764710787508124	   8.309913290815084
    1	   5.881168197005342	   8.475206047064621
    1	   5.999630470960602	   8.643300737379372
    1	   6.120132123978962	   8.814245109745134
    1	   6.242708264849274	   8.988087725711409
    1	   6.367394606773308	   9.164877974302563
    1	   6.494227477770981	   9.344666086166129
    1	   6.623243831264724	   9.527503147962360
    1	   6.754481256846042	   9.713441116999125
    1	   6.887977991227449	   9.902532836116469
    1	   7.023772929382938	  10.094832048825040
    1	   7.161905635880217	  10.290393414702796
    1	   7.302416356408076	  10.489272525054455
    1	   7.445346029502169	  10.691525918838154
    1	   7.590736298472667	  10.897211098863940
    1	   7.738629523537263	  11.106386548268766
    1	   7.889068794163041	  11.319111747272744
    1	   8.042097941620815	  11.535447190221456
    1	   8.197761551755610	  11.755454402919289
    1	   8.356104977976962	  11.979195960258714
    1	   8.517174354472891	  12.206735504150680
    1	   8.681016609651333	  12.438137761761238
    1	   8.847679479812975	  12.673468564059613
    1	   9.017211523059483	  12.912794864683189
    1	   9.189662133441143	  13.156184759124661
    1	   9.365081555348102	  13.403707504247119
    1	   9.543520898149319	  13.655433538132439
    1	   9.725032151083541	  13.911434500268843
    1	   9.909668198406658	  14.171783252083477
    1	  10.097482834799802	  14.436553897825780
    1	  10.288530781042704	  14.705821805807769
    1	  10.482867699956886	  14.979663630007330
    1	  10.680550212623306	  15.258157332040723
    1	  10.881635914879228	  15.541382203510667
    1	  11.086183394099054	  15.829418888736390
    1	  11.294252246264062	  16.122349407872200
    1	  11.505903093326024	  16.420257180421327
    1	  11.721197600869703	  16.723227049151610
    1	  11.940198496079478	  17.031345304420203
    1	  12.162969586015217	  17.344699708913986
    1	  12.389575776202788	  17.663379522813027
    1	  12.620083089544659	  17.987475529384348
    1	  12.854558685555993	  18.317080061013176
    1	  13.093070879931910	  18.652287025679339
    1	  13.335689164451670	  18.993191933886482
    1	  13.582484227225430	  19.339891926051621
    1	  13.833527973289593	  19.692485800363158
    1	  14.088893545556754	  20.051074041115310
    1	  14.348655346126225	  20.415758847527016
    1	  14.612889057961508	  20.786644163053772
    1	  14.881671666940933	  21.163835705200789
    1	  15.155081484287848	  21.547440995845893
    1	  15.433198169387062	  21.937569392081269
    1	  15.716102752993983	  22.334332117582505
    1	  16.003877660843379	  22.737842294514326
    1	  16.296606737664550	  23.148214975981993
    1	  16.594375271609888	  23.565567179037735
    1	  16.897270019104088	  23.990017918251930
    1	  17.205379230121064	  24.421688239858380
    1	  17.518792673895991	  24.860701256483697
    1	  17.837601665080133	  25.307182182470950
    1	  18.161899090345798	  25.761258369807418
    1	  18.491779435449331	  26.223059344666982
    1	  18.827338812760090	  26.692716844577792
    1	  19.168674989263241	  27.170364856225664
    1	  19.515887415044730	  27.656139653904329
    1	  19.869077252266553	  28.150179838623448
    1	  20.228347404640882	  28.652626377885738
    1	  20.593802547411613	  29.163622646144681
    1	  20.965549157852045	  29.683314465954425
    1	  21.343695546287599	  30.211850149823810
    1	  21.728351887652593	  30.749380542786437
    1	  22.119630253590280	  31.296059065699215
    1	  22.517644645105516	  31.852041759281732
    1	  22.922511025779571	  32.417487328909282
    1	  23.334347355556670	  32.992557190172192
    1	  23.753273625112310	  33.577415515214959
    1	  24.179411890813146	  34.172229279868233
    1	  24.612886310278707	  34.777168311587275
    1	  25.053823178555472	  35.392405338210992
    1	  25.502350964913468	  36.018116037555075
    1	  25.958600350276598	  36.654479087854156
    1	  26.422704265297114	  37.301676219066970
    1	  26.894797929085687	  37.959892265059594
    1	  27.375018888608246	  38.629315216681889
    1	  27.863507058760920	  39.310136275752072
    1	  28.360404763135083	  40.002549909965467
    1	  28.865856775484019	  40.706753908742826
    1	  29.380010361903491	  41.422949440034529
    1	  29.903015323738543	  42.151341108097093
    1	  30.435024041228917	  42.892137012258559
    1	  30.976191517905736	  43.645548806689476
    1	  31.526675425752735	  44.411791761197328
    1	  32.086636151144717	  45.191084823061196
    1	  32.656236841576984	  45.983650679924949
    1	  33.235643453199302	  46.789715823767118
    1	  33.825024799167906	  47.609510615965327
    1	  34.424552598830338	  48.443269353475124
    1	  35.034401527756600	  49.291230336140934
    1	  35.654749268631853	  50.153635935159684
    1	  36.285776563025237	  51.030732662716325
    1	  36.927667264049795	  51.922771242811187
    1	  37.580608389929125	  52.830006683300127
    1	  38.244790178486099	  53.752698349167702
    1	  38.920406142569604	  54.691110037054699
    1	  39.607653126435551	  55.645510051061621
    1	  40.306731363098557	  56.616171279850001
    1	  41.017844532670722	  57.603371275063282
    1	  41.741199821705052	  58.607392331090772
    1	  42.477007983560306	  59.628521566196838
    1	  43.225483399805015	  60.667051005039085
    1	  43.986844142678827	  61.723277662599585
    1	  44.761312038628780	  62.797503629552601
    1	  45.549112732939861	  63.890036159094542
    1	  46.350475755477753	  65.001187755259963
    1	  47.165634587563609	  66.131276262750035
    1	  47.994826730000142	  67.280624958299015
    1	  48.838293772268564	  68.449562643604821
    1	  49.696281462917156	  69.638423739851362
    1	  50.569039781161244	  70.847548383848647
    1	  51.456823009715968	  72.077282525819513
    1	  52.359889808882990	  73.327978028860812
    1	  53.278503291912422	  74.599992770107292
    1	  54.212931101662271	  75.893690743628028
    1	  55.163445488577594	  77.209442165084866
    1	  56.130323390012215	  78.547623578182979
    1	  57.113846510915678	  79.908617962943993
    1	  58.114301405909487	  81.292814845833533
    1	  59.131979562776564	  82.700610411774889
    1	  60.167177487387363	  84.132407618080023
    1	  61.220196790088615	  85.588616310332526
    1	  62.291344273579192	  87.069653340254803
    1	  63.380932022298438	  88.575942685593375
    1	  64.489277493353654	  90.107915572057777
    1	  65.616703609013229	  91.666010597347906
    1	  66.763538850791164	  93.250673857304477
    1	  67.930117355152319	  94.862359074221146
    1	  69.116779010864789	  96.501527727353619
    1	  70.323869558028022	  98.168649185663583
    1	  71.551740688806305	  99.864200842836908
    1	  72.800750149895819	 101.588668254613424
    1	  74.071261846756485	 103.342545278469970
    1	  75.363645949637117	 105.126334215694186
    1	  76.678279001426915	 106.940545955893313
    1	  78.015544027363177	 108.785700123977364
    1	  79.375830646627492	 110.662325229659615
    1	  80.759535185863385	 112.570958819518097
    1	  82.167060794648478	 114.512147631662131
    1	  83.598817562953769	 116.486447753046832
    1	  85.055222640625701	 118.494424779483424
    1	  86.536700358925245	 120.536653978390220
    1	  88.043682354158491	 122.613720454330448
    1	  89.576607693436486	 124.726219317386764
    1	  91.135923002599739	 126.874755854419504
    1	  92.722082596344976	 129.059945703258649
    1	  94.335548610592056	 131.282415029879445
    1	  95.976791137129524	 133.542800708613186
    1	  97.646288360578936	 135.841750505445901
    1	  99.344526697715679	 138.179923264455454
    1	 101.072000939189437	 140.557989097443766
    1	 102.829214393684310	 142.976629576817658
    1	 104.616679034559823	 145.436537931772705
    1	 106.434915649017427	 147.938419247839363
    1	 108.284453989834731	 150.482990669847396
    1	 110.165832929711414	 153.070981608366623
    1	 112.079600618272579	 155.703133949685082
    1	 114.026314641775599	 158.380202269385052
    1	 116.006542185565067	 161.102954049576766
    1	 118.020860199325540	 163.872169899855066
    1	 120.069855565179168	 166.688643782041623
    1	 122.154125268676296	 169.553183238776654
    1	 124.274276572730670	 172.466609626028287
    1	 126.430927194548573	 175.429758349584830
    1	 128.624705485604323	 178.443479105599806
    1	 130.856250614713133	 181.508636125257055
    1	 133.126212754256642	 184.626108423629120
    1	 135.435253269614350	 187.796790052799707
    1	 137.784044911855290	 191.021590359321863
    1	 140.173272013747919	 194.301434246088746
    1	 142.603630689144239	 197.637262438691664
    1	 145.075829035795749	 201.030031756340577
    1	 147.590587341661632	 204.480715387428432
    1	 150.148638294768915	 207.990303169817253
    1	 152.750727196684153	 211.559801875925388
    1	 155.397612179661422	 215.190235502701825
    1	 158.090064427527949	 218.882645566568328
    1	 160.828868400373096	 222.638091403416809
    1	 163.614822063104072	 226.457650473745502
    1	 166.448737117937583	 230.342418673025747
    1	 169.331439240894014	 234.293510647387677
    1	 172.263768322361614	 238.312060114713574
    1	 175.246578711803267	 242.399220191235628
    1	 178.280739466676494	 246.556163723731117
    1	 181.367134605636465	 250.784083627407540
    1	 184.506663366100383	 255.084193229581217
    1	 187.700240466245248	 259.457726619245193
    1	 190.948796371514959	 263.905939002625928
    1	 194.253277565716814	 268.430107064836022
    1	 197.614646826784792	 273.031529337723782
    1	 201.033883507289346	 277.711526574026777
    1	 204.511983819777015	 282.471442127938360
    1	 208.049961127023010	 287.312642342197421
    1	 211.648846237278491	 292.236516941809839
    1	 215.309687704602823	 297.244479434520827
    1	 219.033552134364925	 302.337967518148957
    1	 222.821524494004933	 307.518443494903579
    1	 226.674708429144317	 312.787394692800945
    1	 230.594226585139069	 318.146333894304973
    1	 234.581220934169153	 323.596799772315649
    1	 238.636853107956654	 329.140357333627264
    1	 242.762304736214219	 334.778598369990732
    1	 246.958777790919385	 340.513141916906363
    1	 251.227494936514347	 346.345634720279065
    1	 255.569699886136277	 352.277751711074302
    1	 259.986657763979906	 358.311196488109658
    1	 264.479655473897878	 364.447701809121384
    1	 269.050002074346196	 370.689030090247797
    1	 273.699029159786562	 377.036973914077066
    1	 278.428091248652947	 383.493356546401742
    1	 283.238566177996972	 390.060032461830474
    1	 288.131855504928410	 396.738887878412015
    1	 293.109384914967279	 403.531841301424038
    1	 298.172604637422694	 410.440844076479380
    1	 303.322989867925969	 417.467880952119117
    1	 308.562041198237523	 424.614970652048555
    1	 313.891285053450190	 431.884166457179447
    1	 319.312274136722124	 439.277556797654597
    1	 324.826587881665944	 446.797265855020498
    1	 330.435832912523267	 454.445454174720396
    1	 336.141643512263954	 462.224319289090886
    1	 341.945682098743760	 470.136096351038418
    1	 347.849639709057044	 478.183058778576822
    1	 353.855236492229835	 486.367518910417516
    1	 359.964222210395519	 494.691828672799488
    1	 366.178376748595156	 503.158380257747865
    1	 372.499510633357602	 511.769606812964923
    1	 378.929465560205244	 520.527983143546521
    1	 385.470114930243369	 529.436026425732166
    1	 392.123364395982605	 538.496296932886821
    1	 398.891152416562591	 547.711398773935002
    1	 405.775450822532662	 557.083980644454527
    1	 412.778265390353340	 566.616736590644791
    1	 419.901636426790731	 576.312406786396878
    1	 427.147639363371809	 586.173778323688111
    1	 434.518385361069477	 596.203686016522624
    1	 442.016021925402526	 606.405013218663157
    1	 449.642733532123088	 616.780692655382268
    1	 457.400742263672896	 627.333707269469528
    1	 465.292308456600267	 638.067091081752551
    1	 473.319731360120215	 648.983930066367179
    1	 481.485349806014597	 660.087363041041385
    1	 489.791542890060043	 671.380582572637195
    1	 498.240730665192132	 682.866835898227464
    1	 506.835374846600530	 694.549425861962959
    1	 515.577979528961350	 706.431711868003958
    1	 524.471091916018509	 718.517110849793085
    1	 533.517303062726796	 730.809098255951881
    1	 542.719248630167044	 743.311209053077050
    1	 552.079609653460125	 756.027038745737627
    1	 561.601113322902620	 768.960244413964233
    1	 571.286533778545049	 782.114545768523044
    1	 581.138692918454126	 795.493726224293255
    1	 591.160461220887896	 809.101633992049756
    1	 601.354758580622729	 822.942183188963668
    1	 611.724555159680790	 837.019354968152811
    1	 622.272872252704133	 851.337198667602706
    1	 633.002783167222333	 865.899832978785753
    1	 643.917414119077080	 880.711447135324875
    1	 655.019945143262362	 895.776302122043262
    1	 666.313611020445478	 911.098731904749343
    1	 677.801702219434219	 926.683144681106000
    1	 689.487565855874209	 942.534024152960228
    1	 701.374606667450053	 958.655930820491903
    1	 713.466288005869956	 975.053503298551163
    1	 725.766132845933271	 991.731459655579215
    1	 738.277724811970415	1008.694598775492750
    1	 751.004709221944609	1025.947801742914635
    1	 763.950794149538865	1043.496033252177085
    1	 777.119751504523151	1061.344343040483864
    1	 790.515418131716388	1079.497867345649411
    1	 804.141696928874580	1097.961830388847375
    1	 818.002557983817951	1116.741545882784294
    1	 832.102039731141417	1135.842418565749540
    1	 846.444250128827434	1155.269945761963527
    1	 861.033367855125221	1175.029718968700990
    1	 875.873643526031060	1195.127425470634307
    1	 890.969400933724728	1215.568849981860012
    1	 906.325038306329475	1236.359876316094415
    1	 921.945029589363230	1257.506489085524663
    1	 937.833925749239597	1279.014775428782286
    1	 953.996356099219156	1300.890926768570807
    1	 970.437029648186808	1323.141240599442199
    1	 987.160736472639996	1345.772122306223991
    1	1004.172349112306506	1368.790087013655693
    1	1021.476823989786908	1392.201761467747701
    1	1039.079202854627965	1416.013885949402265
    1	1056.984614252266510	1440.233316220872894
    1	1075.198275018260574	1464.867025505610854
    1	1093.725491798236362	1489.922106502063798
    1	1112.571662594010377	1515.405773432030628
    1	1131.742278336324262	1541.325364124148109
    1	1151.242924484660307	1567.688342133125843
    1	1171.079282654587587	1594.502298895321019
    1	1191.257132273135539	1621.774955921306855
    1	1211.782352262659970	1649.514167026046835
    1	1232.660922753695104	1677.727920597325465
    1	1253.898926827297146	1706.424341903096774
    1	1275.502552287386152	1735.611695438422657
    1	1297.478093463587356	1765.298387312655450
    1	1319.831953045122191	1795.492967677592333
    1	1342.570643946267182	1826.204133197282090
    1	1365.700791203919607	1857.440729560190221
    1	1389.229133907841970	1889.211754034480464
    1	1413.162527164126459	1921.526358067120782
    1	1437.507944092473963	1954.393849927594601
    1	1462.272477857839931	1987.823697396948774
    1	1487.463343737069408	2021.825530502992251
    1	1513.087881221109228	2056.409144302419463
    1	1539.153556153399450	2091.584501710652603
    1	1565.667962905090917	2127.361736380250477
    1	1592.638826587708536	2163.751155628699962
    1	1620.074005303894182	2200.763243416425667
    1	1647.981492436911140	2238.408663375909782
    1	1676.369418979562170	2276.698261892783194
    1	1705.246055903189927	2315.643071239766414
    1	1734.619816567467296	2355.254312764388942
    1	1764.499259171686390	2395.543400131420640
    1	1794.893089248216711	2436.521942620897335
    1	1825.810162198919670	2478.201748482769290
    1	1857.259485875217024	2520.594828349099771
    1	1889.250223202566985	2563.713398704795054
    1	1921.791694850137901	2607.569885417909063
    1	1954.893381946429827	2652.176927330506714
    1	1988.564928841658229	2697.547379911157805
    1	2022.816145917675840	2743.694318970080076
    1	2057.657012446284170	2790.631044438050594
    1	2093.097679496751880	2838.371084210158642
    1	2129.148472893370126	2886.928198055492430
    1	2165.819896223943488	2936.316381593940150
    1	2203.122633900069104	2986.549870341223595
    1	2241.067554270086930	3037.643143823328046
    1	2279.665712785630603	3089.610929761543503
    1	2318.928355222703885	3142.468208329341451
    1	2358.866920958180799	3196.230216482258129
    1	2399.493046302735820	3250.912452362110344
    1	2440.818567891141811	3306.530679776777561
    1	2482.855526130943872	3363.100932756869952
    1	2525.616168710479542	3420.639520190560688
    1	2569.112954167316730	3479.163030537986742
    1	2613.358555518121648	3538.688336626551518
    1	2658.365863950990843	3599.232600528482635
    1	2704.147992581376002	3660.813278522131441
    1	2750.718280272667016	3723.448126138412135
    1	2798.090295522522865	3787.155203293806608
    1	2846.277840416134040	3851.952879511500214
    1	2895.294954647538816	3917.859839232108698
    1	2945.155919610147066	3984.895087215522835
    1	2995.875262557706264	4053.077954035484254
    1	3047.467760836904745	4122.428101668462659
    1	3099.948446192799111	4192.965529178399265
    1	3153.332609148425945	4264.710578499091753
    1	3207.635803459763338	4337.683940315753716
    1	3262.873850647376912	4411.906660047512560
    1	3319.062844606142789	4487.400143932653918
    1	3376.219156294265758	4564.186165218224232
    1	3434.359438503030105	4642.286870455878670
    1	3493.500630708711924	4721.724785905840690
    1	3553.659964007965755	4802.522824050708550
    1	3614.854966138177588	4884.704290221056908
    1	3677.103466584299440	4968.292889334821666
    1	3740.423601773547489	5053.312732752297052
    1	3804.833820359518995	5139.788345248757651
    1	3870.352888597353285	5227.744672106871803
    1	3936.999895811349234	5317.207086330727179
    1	4004.794259956726364	5408.201395983709517
    1	4073.755733277186664	5500.753851652386402
    1	4143.904408059811431	5594.891154038427885
    1	4215.260722489041655	5690.640461680844965
    1	4287.845466601478620	5788.029398810826933
    1	4361.679788343165455	5887.086063341359477
    1	4436.785199731115426	5987.839034993940004
    1	4513.183583121003721	6090.317383564901320
    1	4590.897197582683475	6194.550677333520071
    1	4669.948685385458703	6300.568991614453807
    1	4750.361078595070467	6408.402917457063268
    1	4832.157805784193442	6518.083570493979096
    1	4915.362698858448312	6629.642599941548724
    1	5000.000000000002728	6743.112197754876433
    2	   0.000000000000000	   0.000000000000000
    2	   0.017215430659988	   0.000000000000000
    2	   0.034727232372785	   0.000000000000000
    2	   0.052540507293700	   0.000000000000000
    2	   0.070660445413842	   0.000000000000000
    2	   0.089092326072256	   0.000000000000000
    2	   0.107841519494078	   0.000000000000000
    2	   0.126913488355184	   0.000000000000000
    2	   0.146313789373768	   0.000000000000000
    2	   0.166048074929320	   0.000000000000000
    2	   0.186122094709478	   0.000000000000000
    2	   0.206541697385228	   0.000000000000000
    2	   0.227312832314948	   0.000000000000000
    2	   0.248441551277779	   0.000000000000000
    2	   0.269934010236849	   0.000000000000000
    2	   0.291796471132842	   0.000000000000000
    2	   0.314035303708446	   0.000000000000000
    2	   0.336656987364215	   0.000000000000000
    2	   0.359668113046372	   0.000000000000000
    2	   0.383075385167118	   0.000000000000000
    2	   0.406885623557999	   0.000000000000000
    2	   0.431105765456895	   0.000000000000000
    2	   0.455742867529228	   0.000000000000000
    2	   0.480804107923949	   0.000000000000000
    2	   0.506296788364939	   0.000000000000000
    2	   0.532228336278398	   0.000000000000000
    2	   0.558606306956867	   0.000000000000000
    2	   0.585438385760503	   0.000000000000000
    2	   0.612732390356246	   0.000000000000000
    2	   0.640496272995540	   0.000000000000000
    2	   0.668738122831263	   0.000000000000000
    2	   0.697466168274543	   1.062473036278925
    2	   0.726688779392149	   1.105933650905372
    2	   0.756414470345154	   1.150107254006785
    2	   0.786651901869580	   1.195006559465278
    2	   0.817409883799751	   1.240644458478939
    2	   0.848697377635082	   1.287034026051133
    2	   0.880523499151061	   1.334188527191601
    2	   0.912897521055173	   1.382121422879857
    2	   0.945828875688561	   1.430846375833321
    2	   0.979327157774180	   1.480377256116002
    2	   1.013402127212272	   1.530728146618168
    2	   1.048063711923966	   1.581913348432948
    2	   1.083322010743831	   1.633947386152180
    2	   1.119187296362218	   1.686845013100721
    2	   1.155670018318269	   1.740621216525931
    2	   1.192780806044442	   1.795291222756850
    2	   1.230530471963453	   1.850870502345850
    2	   1.268930014638529	   1.907374775203974
    2	   1.307990621977904	   1.964820015739941
    2	   1.347723674494467	   2.023222458011644
    2	   1.388140748621538	   2.082598600898115
    2	   1.429253620085724	   2.142965213299061
    2	   1.471074267337834	   2.204339339368450
    2	   1.513614875042869	   2.266738303788017
    2	   1.556887837630083	   2.330179717086059
    2	   1.600905762904170	   2.394681481006479
    2	   1.645681475718610	   2.460261793932626
    2	   1.691228021712258	   2.526939156370195
    2	   1.737558671110262	   2.594732376493163
    2	   1.784686922590408	   2.663660575756467
    2	   1.832626507216039	   2.733743194578978
    2	   1.881391392436660	   2.804999998100089
    2	   1.930995786157439	   2.877451082013125
    2	   1.981454140878749	   2.951116878478614
    2	   2.032781157906982	   3.026018162120373
    2	   2.084991791637847	   3.102176056107241
    2	   2.138101253913419	   3.179612038323222
    2	   2.192125018454187	   3.258347947628737
    2	   2.247078825367398	   3.338405990215562
    2	   2.302978685733025	   3.419808746058112
    2	   2.359840886268679	   3.502579175463520
    2	   2.417681994074830	   3.586740625723081
    2	   2.476518861461714	   3.672316837867475
    2	   2.536368630859349	   3.759331953528287
    2	   2.597248739812064	   3.847810521908203
    2	   2.659176926059027	   3.937777506862380
    2	   2.722171232702224	   4.029258294093338
    2	   2.786250013463410	   4.122278698461866
    2	   2.851431938031567	   4.216864971416352
    2	   2.917735997502413	   4.313043808542955
    2	   2.985181509911553	   4.410842357239073
    2	   3.053788125862902	   4.510288224512606
    2	   3.123575834253977	   4.611409484909406
    2	   3.194564968099778	   4.714234688571509
    2	   3.266776210456914	   4.818792869428568
    2	   3.340230600449719	   4.925113553525089
    2	   3.414949539400119	   5.033226767486017
    2	   3.490954797063008	   5.143163047123227
    2	   3.568268517968987	   5.254953446185587
    2	   3.646913227876286	   5.368629545255209
    2	   3.726911840333772	   5.484223460792588
    2	   3.808287663356912	   5.601767854333301
    2	   3.891064406218709	   5.721295941839087
    2	   3.975266186357501	   5.842841503206018
    2	   4.060917536403720	   5.966438891932630
    2	   4.148043411327596	   6.092123044950874
    2	   4.236669195709914	   6.219929492622759
    2	   4.326820711137953	   6.349894368905679
    2	   4.418524223728734	   6.482054421689376
    2	   4.511806451781801	   6.616447023307593
    2	   4.606694573563725	   6.753110181227475
    2	   4.703216235226639	   6.892082548919873
    2	   4.801399558863102	   7.033403436913733
    2	   4.901273150699593	   7.177112824037700
    2	   5.002866109431112	   7.323251368852389
    2	   5.106208034699213	   7.471860421276440
    2	   5.211329035716037	   7.622982034409939
    2	   5.318259740036776	   7.776658976558465
    2	   5.427031302483172	   7.932934743461374
    2	   5.537675414220643	   8.091853570727801
    2	   5.650224311991666	   8.253460446484018
    2	   5.764710787508124	   8.417801124235778
    2	   5.881168197005342	   8.584922135949389
    2	   5.999630470960602	   8.754870805355319
    2	   6.120132123978962	   8.927695261478108
    2	   6.242708264849274	   9.103444452396593
    2	   6.367394606773308	   9.282168159238337
    2	   6.494227477770981	   9.463917010412345
    2	   6.623243831264724	   9.648742496084184
    2	   6.754481256846042	   9.836696982897619
    2	   6.887977991227449	  10.027833728947114
    2	   7.023772929382938	  10.222206899005421
    2	   7.161905635880217	  10.419871580010675
    2	   7.302416356408076	  10.620883796817509
    2	   7.445346029502169	  10.825300528216657
    2	   7.590736298472667	  11.033179723227679
    2	   7.738629523537263	  11.244580317669545
    2	   7.889068794163041	  11.459562251013791
    2	   8.042097941620815	  11.678186483525129
    2	   8.197761551755610	  11.900515013694466
    2	   8.356104977976962	  12.126610895969272
    2	   8.517174354472891	  12.356538258786536
    2	   8.681016609651333	  12.590362322913355
    2	   8.847679479812975	  12.828149420100534
    2	   9.017211523059483	  13.069967012054526
    2	   9.189662133441143	  13.315883709733148
    2	   9.365081555348102	  13.565969292970726
    2	   9.543520898149319	  13.820294730438166
    2	   9.725032151083541	  14.078932199943798
    2	   9.909668198406658	  14.341955109080851
    2	  10.097482834799802	  14.609438116227397
    2	  10.288530781042704	  14.881457151904874
    2	  10.482867699956886	  15.158089440501360
    2	  10.680550212623306	  15.439413522365752
    2	  10.881635914879228	  15.725509276279331
    2	  11.086183394099054	  16.016457942311042
    2	  11.294252246264062	  16.312342145063162
    2	  11.505903093326024	  16.613245917314014
    2	  11.721197600869703	  16.919254724064498
    2	  11.940198496079478	  17.230455486995428
    2	  12.162969586015217	  17.546936609342605
    2	  12.389575776202788	  17.868788001196865
    2	  12.620083089544659	  18.196101105236380
    2	  12.854558685555993	  18.528968922898553
    2	  13.093070879931910	  18.867486040999019
    2	  13.335689164451670	  19.211748658805615
    2	  13.582484227225430	  19.561854615574784
    2	  13.833527973289593	  19.917903418558549
    2	  14.088893545556754	  20.279996271490134
    2	  14.348655346126225	  20.648236103556243
    2	  14.612889057961508	  21.022727598864527
    2	  14.881671666940933	  21.403577226414622
    2	  15.155081484287848	  21.790893270581300
    2	  15.433198169387062	  22.184785862118733
    2	  15.716102752993983	  22.585367009694515
    2	  16.003877660843379	  22.992750631962735
    2	  16.296606737664550	  23.407052590185213
    2	  16.594375271609888	  23.828390721410226
    2	  16.897270019104088	  24.256884872218517
    2	  17.205379230121064	  24.692656933045999
    2	  17.518792673895991	  25.135830873093131
    2	  17.837601665080133	  25.586532775831206
    2	  18.161899090345798	  26.044890875115460
    2	  18.491779435449331	  26.511035591915498
    2	  18.827338812760090	  26.985099571673793
    2	  19.168674989263241	  27.467217722302703
    2	  19.515887415044730	  27.957527252831195
    2	  19.869077252266553	  28.456167712712212
    2	  20.228347404640882	  28.963281031802094
    2	  20.593802547411613	  29.479011561023547
    2	  20.965549157852045	  30.003506113723859
    2	  21.343695546287599	  30.536914007740222
    2	  21.728351887652593	  31.079387108184324
    2	  22.119630253590280	  31.631079870958473
    2	  22.517644645105516	  32.192149387015810
    2	  22.922511025779571	  32.762755427377378
    2	  23.334347355556670	  33.343060488918880
    2	  23.753273625112310	  33.933229840940484
    2	  24.179411890813146	  34.533431572532940
    2	  24.612886310278707	  35.143836640753612
    2	  25.053823178555472	  35.764618919626571
    2	  25.502350964913468	  36.395955249980346
    2	  25.958600350276598	  37.038025490138367
    2	  26.422704265297114	  37.691012567475887
    2	  26.894797929085687	  38.355102530858936
    2	  27.375018888608246	  39.030484603980057
    2	  27.863507058760920	  39.717351239606067
    2	  28.360404763135083	  40.415898174753906
    2	  28.865856775484019	  41.126324486809928
    2	  29.380010361903491	  41.848832650609104
    2	  29.903015323738543	  42.583628596490612
    2	  30.435024041228917	  43.330921769346332
    2	  30.976191517905736	  44.090925188679250
    2	  31.526675425752735	  44.863855509689422
    2	  32.086636151144717	  45.649933085404520
    2	  32.656236841576984	  46.449382029873270
    2	  33.235643453199302	  47.262430282440050
    2	  33.825024799167906	  48.089309673118436
    2	  34.424552598830338	  48.930255989083783
    2	  35.034401527756600	  49.785509042302564
    2	  35.654749268631853	  50.655312738319061
    2	  36.285776563025237	  51.539915146218661
    2	  36.927667264049795	  52.439568569787951
    2	  37.580608389929125	  53.354529619892411
    2	  38.244790178486099	  54.285059288092121
    2	  38.920406142569604	  55.231423021516974
    2	  39.607653126435551	  56.193890799022846
    2	  40.306731363098557	  57.172737208650894
    2	  41.017844532670722	  58.168241526411691
    2	  41.741199821705052	  59.180687796417750
    2	  42.477007983560306	  60.210364912386794
    2	  43.225483399805015	  61.257566700539485
    2	  43.986844142678827	  62.322592003915837
    2	  44.761312038628780	  63.405744768133793
    2	  45.549112732939861	  64.507334128615810
    2	  46.350475755477753	  65.627674499307361
    2	  47.165634587563609	  66.767085662913829
    2	  47.994826730000142	  67.925892862681437
    2	  48.838293772268564	  69.104426895748446
    2	  49.696281462917156	  70.303024208094214
    2	  50.569039781161244	  71.522026991112497
    2	  51.456823009715968	  72.761783279837630
    2	  52.359889808882990	  74.022647052851667
    2	  53.278503291912422	  75.304978333900934
    2	  54.212931101662271	  76.609143295251698
    2	  55.163445488577594	  77.935514362814601
    2	  56.130323390012215	  79.284470323068206
    2	  57.113846510915678	  80.656396431812126
    2	  58.114301405909487	  82.051684524781408
    2	  59.131979562776564	  83.470733130154557
    2	  60.167177487387363	  84.913947582986040
    2	  61.220196790088615	  86.381740141598087
    2	  62.291344273579192	  87.874530105964411
    2	  63.380932022298438	  89.392743938119608
    2	  64.489277493353654	  90.936815384629696
    2	  65.616703609013229	  92.507185601159421
    2	  66.763538850791164	  94.104303279170125
    2	  67.930117355152319	  95.728624774787789
    2	  69.116779010864789	  97.380614239875996
    2	  70.323869558028022	  99.060743755352277
    2	  71.551740688806305	 100.769493466786926
    2	  72.800750149895819	 102.507351722322284
    2	  74.071261846756485	 104.274815212953726
    2	  75.363645949637117	 106.072389115210427
    2	  76.678279001426915	 107.900587236279947
    2	  78.015544027363177	 109.759932161616490
    2	  79.375830646627492	 111.650955405075493
    2	  80.759535185863385	 113.574197561618789
    2	  82.167060794648478	 115.530208462634150
    2	  83.598817562953769	 117.519547333912740
    2	  85.055222640625701	 119.542782956331720
    2	  86.536700358925245	 121.600493829287970
    2	  88.043682354158491	 123.693268336928327
    2	  89.576607693436486	 125.821704917227066
    2	  91.135923002599739	 127.986412233957338
    2	  92.722082596344976	 130.188009351606837
    2	  94.335548610592056	 132.427125913287966
    2	  95.976791137129524	 134.704402321693976
    2	  97.646288360578936	 137.020489923153946
    2	  99.344526697715679	 139.376051194837430
    2	 101.072000939189437	 141.771759935165591
    2	 102.829214393684310	 144.208301457482520
    2	 104.616679034559823	 146.686372787041080
    2	 106.434915649017427	 149.206682861363049
    2	 108.284453989834731	 151.769952734029545
    2	 110.165832929711414	 154.376915781960037
    2	 112.079600618272579	 157.028317916241036
    2	 114.026314641775599	 159.724917796565364
    2	 116.006542185565067	 162.467487049341884
    2	 118.020860199325540	 165.256810489540982
    2	 120.069855565179168	 168.093686346338927
    2	 122.154125268676296	 170.978926492624993
    2	 124.274276572730670	 173.913356678439726
    2	 126.430927194548573	 176.897816768409967
    2	 128.624705485604323	 179.933160983250616
    2	 130.856250614713133	 183.020258145400305
    2	 133.126212754256642	 186.159991928865253
    2	 135.435253269614350	 189.353261113341091
    2	 137.784044911855290	 192.600979842685831
    2	 140.173272013747919	 195.904077887820193
    2	 142.603630689144239	 199.263500914130191
    2	 145.075829035795749	 202.680210753448137
    2	 147.590587341661632	 206.155185680692568
    2	 150.148638294768915	 209.689420695246440
    2	 152.750727196684153	 213.283927807152253
    2	 155.397612179661422	 216.939736328210756
    2	 158.090064427527949	 220.657893168064078
    2	 160.828868400373096	 224.439463135351076
    2	 163.614822063104072	 228.285529244018448
    2	 166.448737117937583	 232.197193024880050
    2	 169.331439240894014	 236.175574842512560
    2	 172.263768322361614	 240.221814217576906
    2	 175.246578711803267	 244.337070154662030
    2	 178.280739466676494	 248.522521475744924
    2	 181.367134605636465	 252.779367159358713
    2	 184.506663366100383	 257.108826685573945
    2	 187.700240466245248	 261.512140386887722
    2	 190.948796371514959	 265.990569805121822
    2	 194.253277565716814	 270.545398054436134
    2	 197.614646826784792	 275.177930190559721
    2	 201.033883507289346	 279.889493586345566
    2	 204.511983819777015	 284.681438313759543
    2	 208.049961127023010	 289.555137532413710
    2	 211.648846237278491	 294.511987884752273
    2	 215.309687704602823	 299.553409898010557
    2	 219.033552134364925	 304.680848393057261
    2	 222.821524494004933	 309.895772900242662
    2	 226.674708429144317	 315.199678082368393
    2	 230.594226585139069	 320.594084164904245
    2	 234.581220934169153	 326.080537373576590
    2	 238.636853107956654	 331.660610379449906
    2	 242.762304736214219	 337.335902751636695
    2	 246.958777790919385	 343.108041417762081
    2	 251.227494936514347	 348.978681132315387
    2	 255.569699886136277	 354.949504953028054
    2	 259.986657763979906	 361.022224725412400
    2	 264.479655473897878	 367.198581575601395
    2	 269.050002074346196	 373.480346411630819
    2	 273.699029159786562	 379.869320433313931
    2	 278.428091248652947	 386.367335650848077
    2	 283.238566177996972	 392.976255412307694
    2	 288.131855504928410	 399.697974940175925
    2	 293.109384914967279	 406.534421877070372
    2	 298.172604637422694	 413.487556840814818
    2	 303.322989867925969	 420.559373989025801
    2	 308.562041198237523	 427.751901593373361
    2	 313.891285053450190	 435.067202623676849
    2	 319.312274136722124	 442.507375342013177
    2	 324.826587881665944	 450.074553907005452
    2	 330.435832912523267	 457.770908988462111
    2	 336.141643512263954	 465.598648392551638
    2	 341.945682098743760	 473.560017697689602
    2	 347.849639709057044	 481.657300901319843
    2	 353.855236492229835	 489.892821077780241
    2	 359.964222210395519	 498.268941047443889
    2	 366.178376748595156	 506.788064057321435
    2	 372.499510633357602	 515.452634473331273
    2	 378.929465560205244	 524.265138484430281
    2	 385.470114930243369	 533.228104818814472
    2	 392.123364395982605	 542.344105472386559
    2	 398.891152416562591	 551.615756449713672
    2	 405.775450822532662	 561.045718517681735
    2	 412.778265390353340	 570.636697972062052
    2	 419.901636426790731	 580.391447417218501
    2	 427.147639363371809	 590.312766559178385
    2	 434.518385361069477	 600.403503012288525
    2	 442.016021925402526	 610.666553119703394
    2	 449.642733532123088	 621.104862787932234
    2	 457.400742263672896	 631.721428335685914
    2	 465.292308456600267	 642.519297357276514
    2	 473.319731360120215	 653.501569600811990
    2	 481.485349806014597	 664.671397861445826
    2	 489.791542890060043	 676.031988889928471
    2	 498.240730665192132	 687.586604316739795
    2	 506.835374846600530	 699.338561592056067
    2	 515.577979528961350	 711.291234941827156
    2	 524.471091916018509	 723.448056340242488
    2	 533.517303062726796	 735.812516498866785
    2	 542.719248630167044	 748.388165872725267
    2	 552.079609653460125	 761.178615683636622
    2	 561.601113322902620	 774.187538961088421
    2	 571.286533778545049	 787.418671600947846
    2	 581.138692918454126	 800.875813442325921
    2	 591.160461220887896	 814.562829362898810
    2	 601.354758580622729	 828.483650393000175
    2	 611.724555159680790	 842.642274848815987
    2	 622.272872252704133	 857.042769485003646
    2	 633.002783167222333	 871.689270667065102
    2	 643.917414119077080	 886.585985563818781
    2	 655.019945143262362	 901.737193360315246
    2	 666.313611020445478	 917.147246491544252
    2	 677.801702219434219	 932.820571897285731
    2	 689.487565855874209	 948.761672298478516
    2	 701.374606667450053	 964.975127495468428
    2	 713.466288005869956	 981.465595688507619
    2	 725.766132845933271	 998.237814820895096
    2	 738.277724811970415	1015.296603945148263
    2	 751.004709221944609	1032.646864612580657
    2	 763.950794149538865	1050.293582286717083
    2	 777.119751504523151	1068.241827780935637
    2	 790.515418131716388	1086.496758720749085
    2	 804.141696928874580	1105.063621031167031
    2	 818.002557983817951	1123.947750449548721
    2	 832.102039731141417	1143.154574064402823
    2	 846.444250128827434	1162.689611880555503
    2	 861.033367855125221	1182.558478411164742
    2	 875.873643526031060	1202.766884297028355
    2	 890.969400933724728	1223.320637953646838
    2	 906.325038306329475	1244.225647246532162
    2	 921.945029589363230	1265.487921195245917
    2	 937.833925749239597	1287.113571706638368
    2	 953.996356099219156	1309.108815337818214
    2	 970.437029648186808	1331.479975089351910
    2	 987.160736472639996	1354.233482229192759
    2	1004.172349112306506	1377.375878147901403
    2	1021.476823989786908	1400.913816245671569
    2	1039.079202854627965	1424.854063851702222
    2	1056.984614252266510	1449.203504176492288
    2	1075.198275018260574	1473.969138297610698
    2	1093.725491798236362	1499.158087179505401
    2	1112.571662594010377	1524.777593727956855
    2	1131.742278336324262	1550.835024879755792
    2	1151.242924484660307	1577.337873728219165
    2	1171.079282654587587	1604.293761685140225
    2	1191.257132273135539	1631.710440679826434
    2	1211.782352262659970	1659.595795395839332
    2	1232.660922753695104	1687.957845546087128
    2	1253.898926827297146	1716.804748186935967
    2	1275.502552287386152	1746.144800072008593
    2	1297.478093463587356	1775.986440046332746
    2	1319.831953045122191	1806.338251481560064
    2	1342.570643946267182	1837.208964752945576
    2	1365.700791203919607	1868.607459758790810
    2	1389.229133907841970	1900.542768483111104
    2	1413.162527164126459	1933.024077602237185
    2	1437.507944092473963	1966.060731136132290
    2	1462.272477857839931	1999.662233145161508
    2	1487.463343737069408	2033.838250473121207
    2	1513.087881221109228	2068.598615537315254
    2	1539.153556153399450	2103.953329166464300
    2	1565.667962905090917	2139.912563487301668
    2	1592.638826587708536	2176.486664860675774
    2	1620.074005303894182	2213.686156867990121
    2	1647.981492436911140	2251.521743348881046
    2	1676.369418979562170	2290.004311490994041
    2	1705.246055903189927	2329.144934972736337
    2	1734.619816567467296	2368.954877159942498
    2	1764.499259171686390	2409.445594357380287
    2	1794.893089248216711	2450.628739115986264
    2	1825.810162198919670	2492.516163596866591
    2	1857.259485875217024	2535.119922992977081
    2	1889.250223202566985	2578.452279009483391
    2	1921.791694850137901	2622.525703403834086
    2	1954.893381946429827	2667.352881586541116
    2	1988.564928841658229	2712.946716283732712
    2	2022.816145917675840	2759.320331262509626
    2	2057.657012446284170	2806.487075120218378
    2	2093.097679496751880	2854.460525138721096
    2	2129.148472893370126	2903.254491204756050
    2	2165.819896223943488	2952.883019797565794
    2	2203.122633900069104	3003.360398044927024
    2	2241.067554270086930	3054.701157848729508
    2	2279.665712785630603	3106.920080081342803
    2	2318.928355222703885	3160.032198853978571
    2	2358.866920958180799	3214.052805858231295
    2	2399.493046302735820	3268.997454782127079
    2	2440.818567891141811	3324.881965801912429
    2	2482.855526130943872	3381.722430150907712
    2	2525.616168710479542	3439.535214766702211
    2	2569.112954167316730	3498.336967018110499
    2	2613.358555518121648	3558.144619513203907
    2	2658.365863950990843	3618.975394989798588
    2	2704.147992581376002	3680.846811289867219
    2	2750.718280272667016	3743.776686419290399
    2	2798.090295522522865	3807.783143694371120
    2	2846.277840416134040	3872.884616976677080
    2	2895.294954647538816	3939.099855997683335
    2	2945.155919610147066	4006.447931774732297
    2	2995.875262557706264	4074.948242119937731
    2	3047.467760836904745	4144.620517243609356
    2	3099.948446192799111	4215.484825453741905
    2	3153.332609148425945	4287.561578953384924
    2	3207.635803459763338	4360.871539737399871
    2	3262.873850647376912	4435.435825590372588
    2	3319.062844606142789	4511.275916187519215
    2	3376.219156294265758	4588.413659300172185
    2	3434.359438503030105	4666.871277107743481
    2	3493.500630708711924	4746.671372618048736
    2	3553.659964007965755	4827.836936197713840
    2	3614.854966138177588	4910.391352214625840
    2	3677.103466584299440	4994.358405794419014
    2	3740.423601773547489	5079.762289692816921
    2	3804.833820359518995	5166.627611285876810
    2	3870.352888597353285	5254.979399680261849
    2	3936.999895811349234	5344.843112945415669
    2	4004.794259956726364	5436.244645469833813
    2	4073.755733277186664	5529.210335443640361
    2	4143.904408059811431	5623.766972469456960
    2	4215.260722489041655	5719.941805303877118
    2	4287.845466601478620	5817.762549731834952
    2	4361.679788343165455	5917.257396576032079
    2	4436.785199731115426	6018.455019843756418
    2	4513.183583121003721	6121.384585013620381
    2	4590.897197582683475	6226.075757464369417
    2	4669.948685385458703	6332.558711048342957
    2	4750.361078595070467	6440.864136812115248
    2	4832.157805784193442	6551.023251866717146
    2	4915.362698858448312	6663.067808410041835
    2	5000.000000000002728	6777.030102904179330
