 PROD	               ASSET	   searchEffortWWUS0	   searchEffortWWUL0	    searchEffortVEWW
    0	   0.000000000000000	   1.168935969266058	   1.580700913810354	   0.000000000000000
    0	   0.028895878633786	   1.095257080159994	   1.580700913810354	   0.000000000000000
    0	   0.058626729069591	   1.021584770015841	   1.212165274335520	   0.000000000000000
    0	   0.089216678551268	   0.956194937679225	   1.212165257365865	   0.000000000000000
    0	   0.120690551500581	   0.950526538929518	   1.108958284792223	   0.013325495808981
    0	   0.153073889662773	   0.912516107079270	   1.021584866241370	   0.016899889518166
    0	   0.186392972834257	   0.878593176247535	   0.976275189636656	   0.019135562360804
    0	   0.220674840189252	   0.854623638045758	   0.956194848431693	   0.020745252675794
    0	   0.255947312222677	   0.824403149859604	   0.912516129023201	   0.021935448149993
    0	   0.292239013327094	   0.808911598548405	   0.877447159851923	   0.022962635413662
    0	   0.329579395022038	   0.786230838504229	   0.849270828379327	   0.023637061652965
    0	   0.367998759854577	   0.765266121929761	   0.815736788823552	   0.024126415605722
    0	   0.407528285990505	   0.745409595302920	   0.799644328821407	   0.024350409912116
    0	   0.448200052516108	   0.730325077003062	   0.775144875610128	   0.024428956811204
    0	   0.490047065471057	   0.715892284611867	   0.759503776634241	   0.024436290397988
    0	   0.533103284633538	   0.701797771680332	   0.741387469321174	   0.024435667693264
    0	   0.577403651079368	   0.686942864466092	   0.724410871219662	   0.024384465601210
    0	   0.622984115537448	   0.674840093389346	   0.708295843910612	   0.024214805738977
    0	   0.669881667564581	   0.661652669429818	   0.691943083411626	   0.023982402311110
    0	   0.718134365563312	   0.648898087134776	   0.677173806127453	   0.023828416213127
    0	   0.767781367667167	   0.636064657369508	   0.662970841526319	   0.023665086632097
    0	   0.818862963518346	   0.624076111911152	   0.649247170042898	   0.023518426708643
    0	   0.871420606963662	   0.613515631275382	   0.636064724472344	   0.023368472119658
    0	   0.925496949695250	   0.603320309894217	   0.624076125738803	   0.023210944620319
    0	   0.981135875863370	   0.593381529314590	   0.612684881946870	   0.023068760025098
    0	   1.038382537689358	   0.583498371864067	   0.601716262539467	   0.022933855999009
    0	   1.097283392107659	   0.574734340205569	   0.591128444339508	   0.022801501369940
    0	   1.157886238466658	   0.565711609596327	   0.580840658555040	   0.022657650048348
    0	   1.220240257318908	   0.556816511896986	   0.571149349604979	   0.022519215389305
    0	   1.284396050332241	   0.548547283200199	   0.561770992843455	   0.022388535122767
    0	   1.350405681354142	   0.540418397289942	   0.552647393798794	   0.023670602615466
    0	   1.418322718662713	   0.532382260209262	   0.543914103215148	   0.032298607926662
    0	   1.488202278438519	   0.524572853654770	   0.535483735657981	   0.041760757713548
    0	   1.560101069492589	   0.517057517762647	   0.527292346063536	   0.051417939773200
    0	   1.634077439286873	   0.509718505546552	   0.519351857196131	   0.061092070105183
    0	   1.710191421284502	   0.501206073514036	   0.511693248951979	   0.070494639011569
    0	   1.788504783668267	   0.493350899808800	   0.504268603495869	   0.079440143930359
    0	   1.869081079466878	   0.485912781366599	   0.496081900352088	   0.087825568777491
    0	   1.951985698129646	   0.478618315893448	   0.488237919559721	   0.095732846763041
    0	   2.037285918591472	   0.471494477728848	   0.480572124080952	   0.103154888684590
    0	   2.125050963871200	   0.464567257066064	   0.473103171699132	   0.110142717968487
    0	   2.215352057247619	   0.457767932062381	   0.465856011231239	   0.116711497521193
    0	   2.308262480058741	   0.451033197579192	   0.458766256854163	   0.122852952941522
    0	   2.403857631171228	   0.444056583798980	   0.451765620533025	   0.128512120188112
    0	   2.502215088168239	   0.437424168812931	   0.444551275276218	   0.133735127064237
    0	   2.603414670305364	   0.430966343074883	   0.437677194078550	   0.138641687195632
    0	   2.707538503285713	   0.424601231623583	   0.430993556659481	   0.143274820116652
    0	   2.814671085906746	   0.418347935865619	   0.424418844405127	   0.147691996653416
    0	   2.924899358632921	   0.412212537479308	   0.417969638736803	   0.151973732525701
    0	   3.038312774149804	   0.406162745749102	   0.411651551220384	   0.156238255772261
    0	   3.155003369956905	   0.400116417329016	   0.405430002075723	   0.160719258709200
    0	   3.275065843058154	   0.394223424541030	   0.399216256317823	   0.165697288617280
    0	   3.398597626810607	   0.388444455564220	   0.393173094511910	   0.171546228289210
    0	   3.525698969993787	   0.382769096861644	   0.387255746963233	   0.177718455470409
    0	   3.656473018163779	   0.377222280326946	   0.381452251170290	   0.183653281655895
    0	   3.791025897358140	   0.371719200294526	   0.375791712219223	   0.189275248352382
    0	   3.929466800219529	   0.366064706771516	   0.370175545748398	   0.196418212260077
    0	   4.071908074607951	   0.360497674400859	   0.364374298759524	   0.203912446072057
    0	   4.218465314773542	   0.355373140993712	   0.358685113527854	   0.210981396054410
    0	   4.369257455163862	   0.350368972019476	   0.353526342393991	   0.217227676805901
    0	   4.524406866941830	   0.345227690465651	   0.348480997368250	   0.223150885110845
    0	   4.684039457292635	   0.340043213549539	   0.343233805394829	   0.228976547330170
    0	   4.848284771600217	   0.334682562336932	   0.337931185535718	   0.234393359674714
    0	   5.017276098576197	   0.329583936843936	   0.332682819232586	   0.239413818038087
    0	   5.191150578426639	   0.324780044064472	   0.327707226162827	   0.244119230155026
    0	   5.370049314144351	   0.319997880216295	   0.322923815629961	   0.248576915056298
    0	   5.554117486017097	   0.315164680650923	   0.318164346254104	   0.252723674534868
    0	   5.743504469444626	   0.310345288206126	   0.313253183828045	   0.256515573209135
    0	   5.938363956160092	   0.305507821785340	   0.308333051462901	   0.260031303016908
    0	   6.138854078954332	   0.300728816996342	   0.303458646484213	   0.263302317125164
    0	   6.345137540004107	   0.296025632385764	   0.298654242209646	   0.266336912203022
    0	   6.557381742908535	   0.291341543605505	   0.293881061776130	   0.269120112016093
    0	   6.775758928540808	   0.286701820170089	   0.289150775953974	   0.271665420085167
    0	   7.000446314825505	   0.282077099836339	   0.284444278928096	   0.273999090861208
    0	   7.231626240554826	   0.277423574571938	   0.279727167306099	   0.276124928065587
    0	   7.469486313360592	   0.272791297666148	   0.275028468612566	   0.278035821419810
    0	   7.714219561961972	   0.268235629440464	   0.270392210596326	   0.279757131139045
    0	   7.966024592812593	   0.263738508432197	   0.265812783419072	   0.281306889123775
    0	   8.225105751274045	   0.259288693614018	   0.261284418760430	   0.282692595068654
    0	   8.491673287446705	   0.254842265068158	   0.256772123311613	   0.283916488025681
    0	   8.765943526792318	   0.250412165788754	   0.252275356776720	   0.284956822645046
    0	   9.048139045686920	   0.246102531828756	   0.247830488801384	   0.285854491473228
    0	   9.338488852046499	   0.241828545852132	   0.243429786301555	   0.286625033182994
    0	   9.637228571171983	   0.237578672115197	   0.239052099522668	   0.287271708347730
    0	   9.944600636964415	   0.233347109398509	   0.234693607833890	   0.287804145288535
    0	  10.260854488665400	   0.229134434861411	   0.230358908704642	   0.288234327627676
    0	  10.586246773282603	   0.224946115703633	   0.226058386206355	   0.288554145689611
    0	  10.921041553864477	   0.220785886204924	   0.221794367857331	   0.288768463091057
    0	  11.265510523793269	   0.216634812017918	   0.217575167684017	   0.288882331017811
    0	  11.619933227270224	   0.212497828039747	   0.213392728659747	   0.288899936285217
    0	  11.984597286171908	   0.208396454959184	   0.209242325472173	   0.288824471515234
    0	  12.359798633461725	   0.204336717310336	   0.205131068292525	   0.288659654538147
    0	  12.745841753346063	   0.200320267343802	   0.201068162014963	   0.288408664366477
    0	  13.143039928369985	   0.196344597241073	   0.197051897859272	   0.288076245960795
    0	  13.551715493652951	   0.192408358414807	   0.193076182476363	   0.287664410346182
    0	  13.972200098470935	   0.188515060693728	   0.189140299162141	   0.287173926228601
    0	  14.404834975397117	   0.184668645835823	   0.185251847801970	   0.286612898354978
    0	  14.849971217219700	   0.180874597357541	   0.181415034638614	   0.285984914428313
    0	  15.307970061861486	   0.177134398766519	   0.177637082432226	   0.285292307956097
    0	  15.779203185532456	   0.173447966357382	   0.173916062554169	   0.284537323855826
    0	  16.264053004353240	   0.169818006674433	   0.170250533322957	   0.283723557659854
    0	  16.762912984694282	   0.166240929779082	   0.166645276449502	   0.282853805823995
    0	  17.276187962482517	   0.162714789959070	   0.163091504095489	   0.281930478508170
    0	  17.804294471734682	   0.159239579811610	   0.159588081420167	   0.280955757138280
    0	  18.347661082583901	   0.155816746825229	   0.156136769219093	   0.279932004189905
    0	  18.906728749073878	   0.152444947156887	   0.152740541258618	   0.278861385672807
    0	  19.481951167002819	   0.149123172411504	   0.149395261150848	   0.277745840605795
    0	  20.073795142107674	   0.145853381034162	   0.146100307181397	   0.276587222923931
    0	  20.682740968887291	   0.142636769452577	   0.142860235560363	   0.275387348243960
    0	  21.309282820372090	   0.139472496870723	   0.139679995228104	   0.274147992326963
    0	  21.953929149156366	   0.136360008715627	   0.136557060059204	   0.272870793958728
    0	  22.617203100018923	   0.133298757754621	   0.133485140665411	   0.271557354782779
    0	  23.299642934466547	   0.130289209266185	   0.130463751622251	   0.270209294275390
    0	  24.001802467545247	   0.127330714324394	   0.127493383132082	   0.268828181455582
    0	  24.724251517273323	   0.124422578704033	   0.124573519654747	   0.267415433384269
    0	  25.467576367061440	   0.121564180249491	   0.121703431046198	   0.265972434852602
    0	  26.232380241494525	   0.118755389367531	   0.118882465204453	   0.264500603322979
    0	  27.019283795861874	   0.115995667478911	   0.116110643714899	   0.263001225345837
    0	  27.828925619832713	   0.113284424602653	   0.113387427227384	   0.261475536668664
    0	  28.661962755685852	   0.110621153093228	   0.110712198978005	   0.259924846079126
    0	  29.519071231514047	   0.108005629496465	   0.108084545032367	   0.258350239779020
    0	  30.400946609835739	   0.105437390663828	   0.105504298103849	   0.256752969514878
    0	  31.308304552059560	   0.102915881908969	   0.102970936069103	   0.255134120542424
    0	  32.241881399259285	   0.100440660063508	   0.100483965060847	   0.253494820985134
    0	  33.202434769730999	   0.098011261280800	   0.098042942928795	   0.251836192673066
    0	  34.190744173817144	   0.095627189312373	   0.095647455445529	   0.250159355944338
    0	  35.207611646496368	   0.093287923037986	   0.093297040161767	   0.248465411190121
    0	  36.253862398252807	   0.090991082969022	   0.090991093438621	   0.246755595675372
    0	  37.330345484752499	   0.088729166260099	   0.088729200424472	   0.245031157405786
    0	  38.437934495871005	   0.086510818595315	   0.086510865020243	   0.243293723142433
    0	  39.577528264630907	   0.084335502810382	   0.084335526488920	   0.241544263001036
    0	  40.750051596624701	   0.082202719595121	   0.082202760899806	   0.239785985957428
    0	  41.956456020515084	   0.080112010674701	   0.080114554971854	   0.238041038807751
    0	  43.197720560221484	   0.078062874339740	   0.078070294532226	   0.236297888864399
    0	  44.474852529419636	   0.076054255087394	   0.076066241119255	   0.234548696975553
    0	  45.788888348999080	   0.074084596027795	   0.074100418522211	   0.232788513105007
    0	  47.140894388141525	   0.072153383502088	   0.072173113025618	   0.231017657981202
    0	  48.531967829703191	   0.070260087595392	   0.070283877328556	   0.229236746543129
    0	  49.963237560602892	   0.068403758731134	   0.068431258810268	   0.227452989059897
    0	  51.435865087938907	   0.066584083173519	   0.066615412952082	   0.225666137763274
    0	  52.951045481577594	   0.064802199115864	   0.064838401960819	   0.223870284054223
    0	  54.510008343979123	   0.063057732290494	   0.063098771831847	   0.222064370851500
    0	  56.114018808047234	   0.061350343905062	   0.061396329676095	   0.220228494382049
    0	  57.764378563812329	   0.059680409401266	   0.059731701958626	   0.218386640182497
    0	  59.462426914782107	   0.058047993926035	   0.058104671580317	   0.216539670892802
    0	  61.209541864815861	   0.056453096353080	   0.056515287581972	   0.214688524498362
    0	  63.007141236405005	   0.054895596334245	   0.054963261190080	   0.212834630339494
    0	  64.856683821267822	   0.053375538413093	   0.053448666820633	   0.210978610870884
    0	  66.759670564190785	   0.051891654800000	   0.051969552723231	   0.209120993832420
    0	  68.717645781079014	   0.050443140247180	   0.050525454802540	   0.207262446814880
    0	  70.732198412202351	   0.049034822336212	   0.049116593898171	   0.205403524157584
    0	  72.804963311656010	   0.047664184963948	   0.047741751073462	   0.203544889940411
    0	  74.937622574080706	   0.046326822267819	   0.046400349188264	   0.201687311296816
    0	  77.131906899719596	   0.045022617537835	   0.045092314459605	   0.199831408382233
    0	  79.389596998920211	   0.043750597458930	   0.043816628794813	   0.197977893058101
    0	  81.712525037219976	   0.042509773850221	   0.042572340830829	   0.196127953514499
    0	  84.102576122189461	   0.041299847947603	   0.041359145065479	   0.194281480729703
    0	  86.561689833238859	   0.040119976920614	   0.040176154814473	   0.192440646313210
    0	  89.091861795629356	   0.038969695597563	   0.039022928939482	   0.190604661345062
    0	  91.695145299967734	   0.037847764914882	   0.037898192604511	   0.188769835183745
    0	  94.373652968496771	   0.036754135851894	   0.036801910966642	   0.186936436585213
    0	  97.129558469535269	   0.035688378411685	   0.035733624361622	   0.185106065801997
    0	  99.965098281458040	   0.034649216894086	   0.034692081942074	   0.183282533265043
    0	 102.882573507647322	   0.033636799054503	   0.033677388614761	   0.181463007390402
    0	 105.884351743889738	   0.032650129055621	   0.032688547753141	   0.179646110559228
    0	 108.972868999732071	   0.031688618305876	   0.031725007460862	   0.177832179859697
    0	 112.150631675357559	   0.030752197624689	   0.030786638748712	   0.176021524448004
    0	 115.420218595584998	   0.029839878739668	   0.029872489861490	   0.174214516820612
    0	 118.784283102641851	   0.028951316019728	   0.028982182906405	   0.172411372188219
    0	 122.245555209410981	   0.028086117945283	   0.028115328401512	   0.170612326659275
    0	 125.806843814895657	   0.027243591236325	   0.027271228066524	   0.168817473886776
    0	 129.471038983704346	   0.026423329429123	   0.026449471029994	   0.167027030331878
    0	 133.241114291401544	   0.025624867113528	   0.025649602262891	   0.165241468358317
    0	 137.120129237630067	   0.024847697594316	   0.024871100520532	   0.163461298719781
    0	 141.111231728963531	   0.024091361504245	   0.024113477595396	   0.161687150207530
    0	 145.217660633501509	   0.023355407857575	   0.023376317467710	   0.159919541513292
    0	 149.442748409283439	   0.022639360140115	   0.022659140338311	   0.158159000640670
    0	 153.789923808651281	   0.021942766353455	   0.021961469305107	   0.156405811148744
    0	 158.262714660759030	   0.021265211285037	   0.021282891737027	   0.154660186005075
    0	 162.864750734483721	   0.020606240369032	   0.020622947716710	   0.152922145971329
    0	 167.599766684062956	   0.019965437941907	   0.019981225469435	   0.151191737877848
    0	 172.471605079850434	   0.019342388233649	   0.019357300088786	   0.149468757877973
    0	 177.484219526645859	   0.018736671242089	   0.018750763832942	   0.147752698100178
    0	 182.641677872133812	   0.018147883869790	   0.018161196573861	   0.146042914960549
    0	 187.948165508031963	   0.017575652022215	   0.017588232743237	   0.144339515418674
    0	 193.407988766628506	   0.017019583533071	   0.017031462927911	   0.142642935791598
    0	 199.025578415467606	   0.016479300492104	   0.016490510713956	   0.140953835318069
    0	 204.805493253013822	   0.015954402621312	   0.015964989920457	   0.139273070065842
    0	 210.752423808219334	   0.015444540087029	   0.015454526278632	   0.137601733176426
    0	 216.871196146991878	   0.014949321912895	   0.014958759891032	   0.135940404430629
    0	 223.166775788653098	   0.014468395589362	   0.014477293782788	   0.134289195048718
    0	 229.644271735569305	   0.014001401733349	   0.014009802561036	   0.132648227930601
    0	 236.308940619218248	   0.013548000378384	   0.013555926521514	   0.131017622968603
    0	 243.166190966063510	   0.013107837422759	   0.013115314136053	   0.129397472118150
    0	 250.221587586692891	   0.012680594714541	   0.012687649436434	   0.127787911028995
    0	 257.480856091785029	   0.012265942650143	   0.012272591149926	   0.126189015758414
    0	 264.949887538570579	   0.011863554011913	   0.011869829929957	   0.124600983806778
    0	 272.634743211554110	   0.011473127282427	   0.011479042232286	   0.123023841245803
    0	 280.541659541382273	   0.011094346215875	   0.011099927703213	   0.121457625588783
    0	 288.677053165845052	   0.010726919263517	   0.010732180383239	   0.119902485192728
    0	 297.047526137118098	   0.010370539184466	   0.010375499038817	   0.118358595539754
    0	 305.659871279476704	   0.010024929121171	   0.010029606808498	   0.116825892435763
    0	 314.521077701820843	   0.009689804464415	   0.009694208111175	   0.115304147824706
    0	 323.638336469493936	   0.009364882346580	   0.009369033850469	   0.113793369383490
    0	 333.019046439990916	   0.009049902769294	   0.009053811625329	   0.112293942801906
    0	 342.670820267293834	   0.008744594886760	   0.008748275919901	   0.110805788695687
    0	 352.601490579711538	   0.008448698371946	   0.008452170370753	   0.109328642522990
    0	 362.819116336228660	   0.008161961710734	   0.008165232339957	   0.107862436384963
    0	 373.331989366531559	   0.007884144685047	   0.007887219009670	   0.106407009175757
    0	 384.148641100010821	   0.007614992737137	   0.007617887407704	   0.104962006006122
    0	 395.277849489204300	   0.007354281982863	   0.007357006848595	   0.103527263884658
    0	 406.728646133302504	   0.007101774277564	   0.007104342071625	   0.102102818039431
    0	 418.510323607488203	   0.006857249565581	   0.006859665727487	   0.100688912765062
    0	 430.632443004070865	   0.006620485204281	   0.006622758146716	   0.099285948555284
    0	 443.104841691520960	   0.006391265301191	   0.006393403014092	   0.097894395041322
    0	 455.937641297715857	   0.006169374740941	   0.006171385894060	   0.096514637318415
    0	 469.141255923863469	   0.005954605623603	   0.005956496235865	   0.095146798511535
    0	 482.726400595775146	   0.005746750966353	   0.005748532255972	   0.093790872821735
    0	 496.704099959349207	   0.005545613506795	   0.005547289967005	   0.092446887107083
    0	 511.085697227312266	   0.005351002341382	   0.005352577312502	   0.091114864236974
    0	 525.882863384490292	   0.005162724060144	   0.005164205774811	   0.089794772150908
    0	 541.107606659070711	   0.004980596093266	   0.004981991312288	   0.088486640737278
    0	 556.772282267543233	   0.004804437791700	   0.004805746214771	   0.087190459588601
    0	 572.889602441236434	   0.004634071666054	   0.004635303279206	   0.085906179836777
    0	 589.472646742570191	   0.004469329690673	   0.004470485343436	   0.084633659683289
    0	 606.534872679413866	   0.004310040176909	   0.004311129721875	   0.083371787996783
    0	 624.090126626151346	   0.004156044662491	   0.004157068564516	   0.082119824990280
    0	 642.152655060318466	   0.004007189685030	   0.004008149725247	   0.080877720804984
    0	 660.737116123939131	   0.003863315807882	   0.003864217566350	   0.079645528662843
    0	 679.858591518928051	   0.003724276390244	   0.003725123216009	   0.078423290136649
    0	 699.532598746229382	   0.003589925266326	   0.003590718558146	   0.077211926577405
    0	 719.775103698611815	   0.003460115865911	   0.003460863218476	   0.076012395199146
    0	 740.602533617341351	   0.003334708956080	   0.003335411365909	   0.074824943971587
    0	 762.031790423256780	   0.003213568488126	   0.003214225979524	   0.073649527215891
    0	 784.080264433047546	   0.003096558650562	   0.003097176947298	   0.072486207558396
    0	 806.765848471885533	   0.002983553166687	   0.002984132488089	   0.071334933582528
    0	 830.106952393847109	   0.002874423147765	   0.002874968662909	   0.070195710730413
    0	 854.122518021915312	   0.002769048722988	   0.002769560146874	   0.069068494521511
    0	 878.832034519694730	   0.002667312352553	   0.002667791690771	   0.067953233268084
    0	 904.255554207292789	   0.002569094917587	   0.002569545358185	   0.066849903510862
    0	 930.413708834228146	   0.002474286914473	   0.002474709674684	   0.065758473667641
    0	 957.327726322546596	   0.002382779909487	   0.002383176620768	   0.064678878082130
    0	 985.019447993754852	   0.002294466667693	   0.002294838148023	   0.063611086963774
    0	1013.511346293535780	   0.002209244218029	   0.002209591967987	   0.062555040122816
    0	1042.826543028632614	   0.002127013008347	   0.002127340197838	   0.061510689744281
    0	1072.988828130713273	   0.002047676524587	   0.002047983317648	   0.060477999358509
    0	1104.022678962420287	   0.001971139371600	   0.001971427367989	   0.059456902895700
    0	1135.953280181299306	   0.001897310981053	   0.001897580925593	   0.058447354283856
    0	1168.806544177704154	   0.001826101820071	   0.001826354791306	   0.057449292041916
    0	1202.609132103271577	   0.001757426730868	   0.001757664091113	   0.056462659119711
    0	1237.388475507045314	   0.001691202213229	   0.001691423147277	   0.055487201069974
    0	1273.172798596775920	   0.001627344683149	   0.001627552921416	   0.054522435774219
    0	1309.991141143499590	   0.001565777487285	   0.001565972775116	   0.053568052085866
    0	1347.873382047951964	   0.001506424917953	   0.001506607732537	   0.052623956499414
    0	1386.850263587954032	   0.001449212755794	   0.001449384138932	   0.051690062382718
    0	1426.953416366460715	   0.001394069234138	   0.001394230046038	   0.050766461589819
    0	1468.215384980486078	   0.001340925380347	   0.001341075657926	   0.049853517374705
    0	1510.669654431772869	   0.001289712962106	   0.001289853925401	   0.048951443502299
    0	1554.350677300611778	   0.001240366198505	   0.001240498257893	   0.048060268692884
    0	1599.293901704867267	   0.001192821171051	   0.001192944628204	   0.047179974761637
    0	1645.535800066920501	   0.001147016465099	   0.001147131473610	   0.046310485173643
    0	1693.113898711837692	   0.001102891080616	   0.001102999106632	   0.045451742283294
    0	1742.066808320824975	   0.001060387953576	   0.001060488859289	   0.044603641997232
    0	1792.434255264645572	   0.001019450714340	   0.001019545479607	   0.043766087572885
    0	1844.257113842446870	   0.000980024685748	   0.000980113683869	   0.042939003215647
    0	1897.577439452170211	   0.000942057821401	   0.000942141403091	   0.042122329445789
    0	1952.438502719424378	   0.000905499479716	   0.000905577193173	   0.041316010938781
    0	2008.884824612568991	   0.000870300346199	   0.000870373311524	   0.040520028134302
    0	2066.962212572464068	   0.000836411657873	   0.000836479717438	   0.039734307606847
    0	2126.717797686213089	   0.000803788293385	   0.000803852184068	   0.038958795947577
    0	2188.200072935102071	   0.000772385119882	   0.000772444840646	   0.038193438497196
    0	2251.458932547709992	   0.000742159090237	   0.000742215147010	   0.037438051856618
    0	2316.545712490196365	   0.000713068401155	   0.000713121018893	   0.036692127420889
    0	2383.513232126565981	   0.000685072894077	   0.000685121913941	   0.035955310225440
    0	2452.415837082751750	   0.000658133614931	   0.000658179042797	   0.035227343185848
    0	2523.309443349305639	   0.000632212280733	   0.000632255242780	   0.034508070132993
    0	2596.251582658446296	   0.000607273195122	   0.000607313179479	   0.033797385460944
    0	2671.301449172356115	   0.000583281129850	   0.000583318324893	   0.033095343387421
    0	2748.519947520530422	   0.000560201120961	   0.000560236313964	   0.032402304894519
    0	2827.969742225257505	   0.000538001334777	   0.000538034058663	   0.031718479741743
    0	2909.715308555253614	   0.000516648824928	   0.000516679344830	   0.031043937450568
    0	2993.822984848768556	   0.000496113017954	   0.000496141809058	   0.030378665163141
    0	3080.361026348630730	   0.000476364243385	   0.000476390826979	   0.029722637643436
    0	3169.399660592879627	   0.000457373687239	   0.000457398613159	   0.029075788874897
    0	3261.011144405973482	   0.000439113135454	   0.000439136507287	   0.028438054759097
    0	3355.269822536785341	   0.000421556249230	   0.000421578164096	   0.027809348728790
    0	3452.252187991046867	   0.000404676788562	   0.000404697337552	   0.027189600100167
    0	3552.036944107091585	   0.000388450199272	   0.000388469253110	   0.026578724280621
    0	3654.705068425367699	   0.000372851775740	   0.000372869637498	   0.025962788478273
    0	3760.339878403509374	   0.000357858910656	   0.000357875211517	   0.025337386067762
    0	3869.027099030277441	   0.000343452169270	   0.000343467554918	   0.024714199211298
    0	3980.854932393318904	   0.000329609628795	   0.000329624225349	   0.024097112730715
    0	4095.914129257097557	   0.000316309296200	   0.000316322799017	   0.023489198036681
    0	4214.298062709161059	   0.000303530689440	   0.000303543339701	   0.022892013559118
    0	4336.102803934437361	   0.000291253089587	   0.000291264941919	   0.022306533118841
    0	4461.427200179180545	   0.000279457631778	   0.000279468580857	   0.021733235565314
    0	4590.372954967662736	   0.000268125387921	   0.000268135643845	   0.021172191143576
    0	4723.044710636855598	   0.000257238583013	   0.000257248280905	   0.020623235506540
    0	4859.550133256005211	   0.000246780436299	   0.000246789357287	   0.020085981672520
    0	5000.000000000002728	   0.000236734353960	   0.000236742683072	   0.019559836088648
    1	   0.000000000000000	   0.875384782638735	   1.517806594254232	   0.008229830759478
    1	   0.028895878633786	   0.874307767408211	   1.517806594254232	   0.008534982595728
    1	   0.058626729069591	   0.854679236494573	   1.203570797018776	   0.009032004213854
    1	   0.089216678551268	   0.839423839322519	   1.203570782251913	   0.009194307961139
    1	   0.120690551500581	   0.829645670797188	   1.203570762596349	   0.009489334621246
    1	   0.153073889662773	   0.815811498915893	   1.114347234627217	   0.009684889369222
    1	   0.186392972834257	   0.803550091657615	   1.051446961511798	   0.009839782299940
    1	   0.220674840189252	   0.797451863626557	   1.002734042181335	   0.010033383625629
    1	   0.255947312222677	   0.783455382522554	   0.994985177889320	   0.010127451319645
    1	   0.292239013327094	   0.772891499643739	   0.955668269773240	   0.010229939958020
    1	   0.329579395022038	   0.766812949427312	   0.941412512193762	   0.010379629860467
    1	   0.367998759854577	   0.755877235841589	   0.924163053037149	   0.010448743019527
    1	   0.407528285990505	   0.745248344997175	   0.898442532059756	   0.010512473477977
    1	   0.448200052516108	   0.737652288555841	   0.875384697770944	   0.010593050544499
    1	   0.490047065471057	   0.729194471757057	   0.854679272808890	   0.010647988586216
    1	   0.533103284633538	   0.720199972463936	   0.834658280109655	   0.010694014985074
    1	   0.577403651079368	   0.711207643267862	   0.815811531916809	   0.010734902868392
    1	   0.622984115537448	   0.703463594139980	   0.800937131113802	   0.010780226557093
    1	   0.669881667564581	   0.695465627666880	   0.789275636056955	   0.010804856378557
    1	   0.718134365563312	   0.687899787129665	   0.775517262635615	   0.010827734061708
    1	   0.767781367667167	   0.679600604002171	   0.764487539393692	   0.010849667462496
    1	   0.818862963518346	   0.670929477910851	   0.752291248041278	   0.010873840041890
    1	   0.871420606963662	   0.664755851867773	   0.740374503918890	   0.010899017695358
    1	   0.925496949695250	   0.657940950607607	   0.728174829061192	   0.011786501320822
    1	   0.981135875863370	   0.651276626563690	   0.718531171405088	   0.012808895322285
    1	   1.038382537689358	   0.644851637218992	   0.707490900645439	   0.013965929069065
    1	   1.097283392107659	   0.636923361423331	   0.696513810215468	   0.015524576831713
    1	   1.157886238466658	   0.629975751485170	   0.686217630052149	   0.016777155607576
    1	   1.220240257318908	   0.623742836841234	   0.677009725610210	   0.018031575569963
    1	   1.284396050332241	   0.617584554333180	   0.668200824752789	   0.019288791648217
    1	   1.350405681354142	   0.611805103213751	   0.659140250465437	   0.020527090355037
    1	   1.418322718662713	   0.605711422821234	   0.650440746266546	   0.021693908354522
    1	   1.488202278438519	   0.599455399043032	   0.642199152299410	   0.023010792172006
    1	   1.560101069492589	   0.593503311615618	   0.634141544000064	   0.024152429356060
    1	   1.634077439286873	   0.587089370132411	   0.626135021711542	   0.025179858275405
    1	   1.710191421284502	   0.580592254229609	   0.618350582310652	   0.026173847281197
    1	   1.788504783668267	   0.574754153803904	   0.611093769735755	   0.027128831258312
    1	   1.869081079466878	   0.569092024951704	   0.603639035120345	   0.028040268345221
    1	   1.951985698129646	   0.563618888303312	   0.596066552056457	   0.028908162992803
    1	   2.037285918591472	   0.558168214341083	   0.588946295940914	   0.029731398886184
    1	   2.125050963871200	   0.552705083017454	   0.582112634520107	   0.030567234314094
    1	   2.215352057247619	   0.547271819520196	   0.575219308441030	   0.031409127947149
    1	   2.308262480058741	   0.542018363966801	   0.568463848880185	   0.032142891211751
    1	   2.403857631171228	   0.536702058447695	   0.561981334826232	   0.032830128562069
    1	   2.502215088168239	   0.531422980487153	   0.555804198961499	   0.033513875416520
    1	   2.603414670305364	   0.526238305881449	   0.549894526618290	   0.034211748610845
    1	   2.707538503285713	   0.521086975456517	   0.544064073402607	   0.034952868754462
    1	   2.814671085906746	   0.515959417637998	   0.538062874879299	   0.035787454649687
    1	   2.924899358632921	   0.510900460334464	   0.531994818922961	   0.036764949091214
    1	   3.038312774149804	   0.505722051780091	   0.526064564461036	   0.037916745885307
    1	   3.155003369956905	   0.500573522886212	   0.520211859048974	   0.039190434034513
    1	   3.275065843058154	   0.495521940803161	   0.514420606783412	   0.040423487186651
    1	   3.398597626810607	   0.490672532074472	   0.508739751383649	   0.041608854141566
    1	   3.525698969993787	   0.486018730591025	   0.503214777334795	   0.053939824860042
    1	   3.656473018163779	   0.481656178168939	   0.497791069016807	   0.067604921582034
    1	   3.791025897358140	   0.477356540304745	   0.492453345011657	   0.080220447746200
    1	   3.929466800219529	   0.473210164700017	   0.487228725403017	   0.092113948635292
    1	   4.071908074607951	   0.469252840152793	   0.482315363744784	   0.103085820609130
    1	   4.218465314773542	   0.465312960266124	   0.477525506331627	   0.113325781970680
    1	   4.369257455163862	   0.461547772461889	   0.472936616698818	   0.122744127390683
    1	   4.524406866941830	   0.457151307295398	   0.468587632583625	   0.131485445258662
    1	   4.684039457292635	   0.452283533037328	   0.464289104862849	   0.139643591849816
    1	   4.848284771600217	   0.447738344599082	   0.460209282269893	   0.147325439306061
    1	   5.017276098576197	   0.443165897206939	   0.455287993810068	   0.154575339978570
    1	   5.191150578426639	   0.438631967510416	   0.450403037204485	   0.161404688601300
    1	   5.370049314144351	   0.434147612571668	   0.445489943410067	   0.167863372221735
    1	   5.554117486017097	   0.429658237519061	   0.440605663784610	   0.173973393562241
    1	   5.743504469444626	   0.424932110628735	   0.435770156212595	   0.179765463437279
    1	   5.938363956160092	   0.420018569872764	   0.430943531073039	   0.185252643377700
    1	   6.138854078954332	   0.415208026542846	   0.425912545471467	   0.190448969617746
    1	   6.345137540004107	   0.410390066341747	   0.420694500482951	   0.195373027893838
    1	   6.557381742908535	   0.405514957607870	   0.415521685433934	   0.200042920258858
    1	   6.775758928540808	   0.400612950685221	   0.410390078007685	   0.204474308946076
    1	   7.000446314825505	   0.395659514015251	   0.405514869961901	   0.208673043146417
    1	   7.231626240554826	   0.390634315379841	   0.400249187509709	   0.212652208077792
    1	   7.469486313360592	   0.385604988299410	   0.394898813554111	   0.216420693369269
    1	   7.714219561961972	   0.380561029772685	   0.389581686091768	   0.219985241436696
    1	   7.966024592812593	   0.375489324130450	   0.384251462166810	   0.223353793585146
    1	   8.225105751274045	   0.370393269029216	   0.378892027725260	   0.226533089487223
    1	   8.491673287446705	   0.365269276840032	   0.373516329694581	   0.229528568985780
    1	   8.765943526792318	   0.360128460196196	   0.368115346856586	   0.232372934378274
    1	   9.048139045686920	   0.354985425161007	   0.362711041772362	   0.235105399916623
    1	   9.338488852046499	   0.349827691482943	   0.357322726790120	   0.237664511646791
    1	   9.637228571171983	   0.344651506762057	   0.351918103131696	   0.240061915325797
    1	   9.944600636964415	   0.339465843065875	   0.346508589422698	   0.242302102542937
    1	  10.260854488665400	   0.334283261033762	   0.341090885868374	   0.244367135025618
    1	  10.586246773282603	   0.329094086874586	   0.335672930262176	   0.246254373042626
    1	  10.921041553864477	   0.323928921548218	   0.330274990630434	   0.248011272076248
    1	  11.265510523793269	   0.318788174006501	   0.324928286356967	   0.249642503769967
    1	  11.619933227270224	   0.313659844120224	   0.319613203561434	   0.251149815057209
    1	  11.984597286171908	   0.308543981016055	   0.314303479736460	   0.252535444535207
    1	  12.359798633461725	   0.303448919145967	   0.309012113207733	   0.253804783535455
    1	  12.745841753346063	   0.298381945750682	   0.303756199659083	   0.254962107190941
    1	  13.143039928369985	   0.293342819569954	   0.298542795771003	   0.255994050091443
    1	  13.551715493652951	   0.288325829032487	   0.293362929372816	   0.256917398765163
    1	  13.972200098470935	   0.283334409903327	   0.288325841846607	   0.257740639325030
    1	  14.404834975397117	   0.278375425285275	   0.283334377812492	   0.258467469921329
    1	  14.849971217219700	   0.273451499991120	   0.278375317667308	   0.259099208281124
    1	  15.307970061861486	   0.268558708548743	   0.273451425614849	   0.259640646197129
    1	  15.779203185532456	   0.263697281370296	   0.268507998458624	   0.260095785330000
    1	  16.264053004353240	   0.258872251081989	   0.263548776074381	   0.260467310644706
    1	  16.762912984694282	   0.254087575644934	   0.258635135485781	   0.260757289674752
    1	  17.276187962482517	   0.249378702572851	   0.253766032478597	   0.260968083696331
    1	  17.804294471734682	   0.244712351879253	   0.248940316617137	   0.261102130012649
    1	  18.347661082583901	   0.240088551812282	   0.244160615002107	   0.261161711135855
    1	  18.906728749073878	   0.235509605332340	   0.239429183695084	   0.261149006414166
    1	  19.481951167002819	   0.230974609953759	   0.234746459473251	   0.261066172146730
    1	  20.073795142107674	   0.226496032320383	   0.230120049446660	   0.260915314745738
    1	  20.682740968887291	   0.222073722462412	   0.225552499252223	   0.260698488522422
    1	  21.309282820372090	   0.217705794889337	   0.221044072217970	   0.260417721772090
    1	  21.953929149156366	   0.213389382481017	   0.216593116189708	   0.260075011239006
    1	  22.617203100018923	   0.209119795543534	   0.212196126892440	   0.259672364503279
    1	  23.299642934466547	   0.204902084851682	   0.207854924484295	   0.259211693343921
    1	  24.001802467545247	   0.200736164335795	   0.203569700373582	   0.258694836685000
    1	  24.724251517273323	   0.196620715542113	   0.199339691231694	   0.258123594013064
    1	  25.467576367061440	   0.192554436043280	   0.195163731102215	   0.257499741964192
    1	  26.232380241494525	   0.188541214993743	   0.191043775971597	   0.256824971902330
    1	  27.019283795861874	   0.184580955984538	   0.186980300179534	   0.256100953782154
    1	  27.828925619832713	   0.180672560815417	   0.182972768496236	   0.255329339851059
    1	  28.661962755685852	   0.176815812319603	   0.179020748636477	   0.254511714375670
    1	  29.519071231514047	   0.173011295705611	   0.175124338433288	   0.253649620250103
    1	  30.400946609835739	   0.169258880415697	   0.171283489357680	   0.252744619536346
    1	  31.308304552059560	   0.165558178611005	   0.167497834468454	   0.251798228388237
    1	  32.241881399259285	   0.161908748086673	   0.163766853176676	   0.250811916998339
    1	  33.202434769730999	   0.158310715589697	   0.160090373705996	   0.249787205992977
    1	  34.190744173817144	   0.154764210479408	   0.156468348993469	   0.248725384774805
    1	  35.207611646496368	   0.151268914379974	   0.152900512781658	   0.247627650183598
    1	  36.253862398252807	   0.147825219441041	   0.149386919170198	   0.246495399232790
    1	  37.330345484752499	   0.144433083429330	   0.145927537889979	   0.245329854214800
    1	  38.437934495871005	   0.141092733621670	   0.142522444500979	   0.244132588166901
    1	  39.577528264630907	   0.137804115561848	   0.139171523325621	   0.242905112153000
    1	  40.750051596624701	   0.134567115811246	   0.135874677473856	   0.241648487446214
    1	  41.956456020515084	   0.131381815983451	   0.132631761057614	   0.240364412896794
    1	  43.197720560221484	   0.128248138221056	   0.129442717524735	   0.239054486258261
    1	  44.474852529419636	   0.125165417610094	   0.126306930041919	   0.237718828994954
    1	  45.788888348999080	   0.122133651856584	   0.123224269610424	   0.236357901265145
    1	  47.140894388141525	   0.119152991580668	   0.120194638117610	   0.234972691187236
    1	  48.531967829703191	   0.116222711550836	   0.117217447697560	   0.233564640374519
    1	  49.963237560602892	   0.113342812323885	   0.114292545173072	   0.232135672180502
    1	  51.435865087938907	   0.110513401097817	   0.111419875051799	   0.230686225285780
    1	  52.951045481577594	   0.107733765060874	   0.108598812899749	   0.229216191073841
    1	  54.510008343979123	   0.105004013079871	   0.105829337282306	   0.227726566513050
    1	  56.114018808047234	   0.102324124953813	   0.103111251294865	   0.226218563489705
    1	  57.764378563812329	   0.099693538300414	   0.100444076889582	   0.224693086817760
    1	  59.462426914782107	   0.097112243086990	   0.097827697922290	   0.223151174709693
    1	  61.209541864815861	   0.094580223522886	   0.095261968751717	   0.221594094464214
    1	  63.007141236405005	   0.092098988816738	   0.092748092394533	   0.220022937947375
    1	  64.856683821267822	   0.089668718599227	   0.090286348208830	   0.218438653509695
    1	  66.759670564190785	   0.087288755511616	   0.087876257710740	   0.216842309869509
    1	  68.717645781079014	   0.084959449063438	   0.085518031230678	   0.215234651216806
    1	  70.732198412202351	   0.082680620000317	   0.083211437537324	   0.213616472222291
    1	  72.804963311656010	   0.080451646384250	   0.080955950838432	   0.211989074297392
    1	  74.937622574080706	   0.078272301039222	   0.078751243471950	   0.210353201588381
    1	  77.131906899719596	   0.076141815173201	   0.076596585525906	   0.208709847296829
    1	  79.389596998920211	   0.074058602405612	   0.074490496976491	   0.207061247878692
    1	  81.712525037219976	   0.072021953192835	   0.072432090311184	   0.205406910945606
    1	  84.102576122189461	   0.070031155077555	   0.070420574620790	   0.203749471015137
    1	  86.561689833238859	   0.068086212174646	   0.068455722789701	   0.202092671883547
    1	  89.091861795629356	   0.066184620862516	   0.066535553382304	   0.200429748604118
    1	  91.695145299967734	   0.064327055784586	   0.064660032957212	   0.198759411053295
    1	  94.373652968496771	   0.062513058988568	   0.062828922002059	   0.197082681318989
    1	  97.129558469535269	   0.060740917338030	   0.061040673259890	   0.195403434756555
    1	  99.965098281458040	   0.059010846888847	   0.059295093705050	   0.193724924693236
    1	 102.882573507647322	   0.057321528475550	   0.057591130452066	   0.192043149918010
    1	 105.884351743889738	   0.055672250182713	   0.055927932115039	   0.190356470247764
    1	 108.972868999732071	   0.054062763763489	   0.054305148976384	   0.188665443177480
    1	 112.150631675357559	   0.052491988556917	   0.052721779031719	   0.186970481325933
    1	 115.420218595584998	   0.050959355084506	   0.051177139411098	   0.185271452446094
    1	 118.784283102641851	   0.049464160686312	   0.049670571914622	   0.183568431538242
    1	 122.245555209410981	   0.048005917760766	   0.048201450318230	   0.181862624352008
    1	 125.806843814895657	   0.046583774040202	   0.046769008701525	   0.180154151508341
    1	 129.471038983704346	   0.045197135260229	   0.045372599758264	   0.178443101714462
    1	 133.241114291401544	   0.043845451680047	   0.044011603763273	   0.176730025100021
    1	 137.120129237630067	   0.042528026174174	   0.042685350957958	   0.175015877406273
    1	 141.111231728963531	   0.041244230781921	   0.041393135555030	   0.173301690201946
    1	 145.217660633501509	   0.039993489908149	   0.040134410488341	   0.171588643808594
    1	 149.442748409283439	   0.038775109850766	   0.038908461782973	   0.169877982464323
    1	 153.789923808651281	   0.037588507879798	   0.037707222190397	   0.168170416149604
    1	 158.262714660759030	   0.036433055437006	   0.036536922000890	   0.166466225899641
    1	 162.864750734483721	   0.035308159688460	   0.035398092019191	   0.164765613128170
    1	 167.599766684062956	   0.034213168121790	   0.034290023871824	   0.163068883850397
    1	 172.471605079850434	   0.033147505928632	   0.033212133278080	   0.161376153021117
    1	 177.484219526645859	   0.032110561649309	   0.032163765138296	   0.159687691791058
    1	 182.641677872133812	   0.031101756014250	   0.031144281706909	   0.158003727672673
    1	 187.948165508031963	   0.030120508657003	   0.030153094236556	   0.156324573659038
    1	 193.407988766628506	   0.029166217605002	   0.029189560344381	   0.154650656589207
    1	 199.025578415467606	   0.028238313454577	   0.028253089582574	   0.152982346910608
    1	 204.805493253013822	   0.027336217928211	   0.027343081768675	   0.151320070236974
    1	 210.752423808219334	   0.026458925682133	   0.026458938896103	   0.149664204117121
    1	 216.871196146991878	   0.025600058682540	   0.025600078450551	   0.148015132455722
    1	 223.166775788653098	   0.024765899861912	   0.024765909641910	   0.146373062176888
    1	 229.644271735569305	   0.023955851409366	   0.023955857599361	   0.144738124105946
    1	 236.308940619218248	   0.023169364805943	   0.023169372831672	   0.143110600628267
    1	 243.166190966063510	   0.022405881021881	   0.022405892306898	   0.141490868662562
    1	 250.221587586692891	   0.021664848881027	   0.021664859562305	   0.139879130089634
    1	 257.480856091785029	   0.020945731185073	   0.020945739104963	   0.138275447227199
    1	 264.949887538570579	   0.020247980689407	   0.020247993304584	   0.136679957826430
    1	 272.634743211554110	   0.019571073051945	   0.019573899136973	   0.135093255144148
    1	 280.541659541382273	   0.018914513325344	   0.018920221222132	   0.133515663708162
    1	 288.677053165845052	   0.018277774910678	   0.018286100522126	   0.131946788669462
    1	 297.047526137118098	   0.017660351117458	   0.017671018144485	   0.130386901150159
    1	 305.659871279476704	   0.017061756669551	   0.017074517305643	   0.128835894245108
    1	 314.521077701820843	   0.016481516280596	   0.016496165860308	   0.127293180469168
    1	 323.638336469493936	   0.015919123533869	   0.015935436445508	   0.125759067564198
    1	 333.019046439990916	   0.015374151770570	   0.015391937527705	   0.124235485866846
    1	 342.670820267293834	   0.014846132714631	   0.014865198560370	   0.122721665647997
    1	 352.601490579711538	   0.014334614576327	   0.014354782363968	   0.121216576499002
    1	 362.819116336228660	   0.013839138707228	   0.013860240069401	   0.119720174298161
    1	 373.331989366531559	   0.013359317602435	   0.013381210806779	   0.118232274932601
    1	 384.148641100010821	   0.012896484834321	   0.012917220956181	   0.116752267925137
    1	 395.277849489204300	   0.012448404873855	   0.012467915910127	   0.115279663129166
    1	 406.728646133302504	   0.012014519037084	   0.012032882596534	   0.113814457020934
    1	 418.510323607488203	   0.011594458225579	   0.011611732553153	   0.112357184337912
    1	 430.632443004070865	   0.011187852066276	   0.011204097688622	   0.110908399940197
    1	 443.104841691520960	   0.010794311339731	   0.010809591337167	   0.109469105323957
    1	 455.937641297715857	   0.010413493415327	   0.010427861906823	   0.108040114279385
    1	 469.141255923863469	   0.010045023285021	   0.010058531748512	   0.106621677200484
    1	 482.726400595775146	   0.009688554475636	   0.009701262247824	   0.105213848956956
    1	 496.704099959349207	   0.009343754811746	   0.009355689604085	   0.103816663679588
    1	 511.085697227312266	   0.009010270952815	   0.009021493916803	   0.102430216564425
    1	 525.882863384490292	   0.008687792344535	   0.008698334470804	   0.101054521426848
    1	 541.107606659070711	   0.008375991390310	   0.008385898348702	   0.099689594333718
    1	 556.772282267543233	   0.008074554997103	   0.008083860727295	   0.098335492588590
    1	 572.889602441236434	   0.007783185393434	   0.007791926849825	   0.096992197771876
    1	 589.472646742570191	   0.007501575953941	   0.007509785650126	   0.095659591690972
    1	 606.534872679413866	   0.007229444965742	   0.007237153615062	   0.094337473007570
    1	 624.090126626151346	   0.006966501928484	   0.006973744183393	   0.093025775046649
    1	 642.152655060318466	   0.006712472323114	   0.006719273102558	   0.091724471175172
    1	 660.737116123939131	   0.006467092350985	   0.006473474048750	   0.090433615655516
    1	 679.858591518928051	   0.006230092577750	   0.006236081579689	   0.089153321241741
    1	 699.532598746229382	   0.006001216951024	   0.006006840384761	   0.087883651379958
    1	 719.775103698611815	   0.005780218293946	   0.005785491689064	   0.086624860026996
    1	 740.602533617341351	   0.005566846840276	   0.005571798184048	   0.085377059507777
    1	 762.031790423256780	   0.005360870633533	   0.005365513375547	   0.084140357663763
    1	 784.080264433047546	   0.005162051921009	   0.005166409569208	   0.082914984257397
    1	 806.765848471885533	   0.004970166429853	   0.004974254229239	   0.081701095933382
    1	 830.106952393847109	   0.004784995217505	   0.004788825767679	   0.080498680894723
    1	 854.122518021915312	   0.004606322686246	   0.004609914573423	   0.079307771187823
    1	 878.832034519694730	   0.004433938235083	   0.004437308478413	   0.078128328687723
    1	 904.255554207292789	   0.004267641237119	   0.004270799473268	   0.076960341137060
    1	 930.413708834228146	   0.004107234319241	   0.004110194036462	   0.075803800218243
    1	 957.327726322546596	   0.003952523978634	   0.003955301654256	   0.074658721306483
    1	 985.019447993754852	   0.003803328304038	   0.003805930400077	   0.073525060246112
    1	1013.511346293535780	   0.003659463274431	   0.003661900805659	   0.072402779925261
    1	1042.826543028632614	   0.003520754008485	   0.003523037592937	   0.071291878821892
    1	1072.988828130713273	   0.003387028731038	   0.003389169429589	   0.070192292516070
    1	1104.022678962420287	   0.003258122799952	   0.003260128581551	   0.069104033729953
    1	1135.953280181299306	   0.003133875383410	   0.003135754411173	   0.068027010712938
    1	1168.806544177704154	   0.003014130048892	   0.003015889632835	   0.066961222748984
    1	1202.609132103271577	   0.002898735615703	   0.002900383376058	   0.065906581334588
    1	1237.388475507045314	   0.002787543389275	   0.002789086694304	   0.064862594028495
    1	1273.172798596775920	   0.002680414486196	   0.002681859157680	   0.063828178722259
    1	1309.991141143499590	   0.002577207860279	   0.002578560442128	   0.062803102647570
    1	1347.873382047951964	   0.002477793025980	   0.002479059949783	   0.061787393871576
    1	1386.850263587954032	   0.002382040312407	   0.002383225543489	   0.060781029255169
    1	1426.953416366460715	   0.002289822597222	   0.002290932372903	   0.059784398447234
    1	1468.215384980486078	   0.002201018832344	   0.002202058229212	   0.058798555599042
    1	1510.669654431772869	   0.002115511244217	   0.002116483024977	   0.057823758670834
    1	1554.350677300611778	   0.002033182480444	   0.002034092337652	   0.056859898656458
    1	1599.293901704867267	   0.001953921790228	   0.001954773795695	   0.055906946503971
    1	1645.535800066920501	   0.001877622689119	   0.001878418157847	   0.054964783135193
    1	1693.113898711837692	   0.001804178301725	   0.001804923305469	   0.054033285589322
    1	1742.066808320824975	   0.001733490067674	   0.001734186792422	   0.053112273140017
    1	1792.434255264645572	   0.001665460093400	   0.001666111544289	   0.052201610395058
    1	1844.257113842446870	   0.001599992950134	   0.001600603348071	   0.051301317329323
    1	1897.577439452170211	   0.001536998891900	   0.001537569751739	   0.050411419925802
    1	1952.438502719424378	   0.001476389279350	   0.001476922762169	   0.049532050333190
    1	2008.884824612568991	   0.001418077774649	   0.001418577469524	   0.048663245390018
    1	2066.962212572464068	   0.001361982885731	   0.001362448954332	   0.047804985676087
    1	2126.717797686213089	   0.001308023026249	   0.001308458578928	   0.046957238944151
    1	2188.200072935102071	   0.001256121943055	   0.001256529746802	   0.046119917486862
    1	2251.458932547709992	   0.001206205223594	   0.001206585947037	   0.045292921919469
    1	2316.545712490196365	   0.001158200014871	   0.001158556003916	   0.044476137915614
    1	2383.513232126565981	   0.001112037149394	   0.001112369961969	   0.043669385552511
    1	2452.415837082751750	   0.001067648357397	   0.001067959454420	   0.042872534667309
    1	2523.309443349305639	   0.001024970123120	   0.001025260660238	   0.042085495332365
    1	2596.251582658446296	   0.000983938524909	   0.000984210012125	   0.041308194042907
    1	2671.301449172356115	   0.000944493778431	   0.000944747422479	   0.040540567672106
    1	2748.519947520530422	   0.000906576698944	   0.000906814133099	   0.039782610754045
    1	2827.969742225257505	   0.000870131517740	   0.000870353098695	   0.039034365922673
    1	2909.715308555253614	   0.000835102649960	   0.000835309565816	   0.038295785993727
    1	2993.822984848768556	   0.000801438570206	   0.000801631755707	   0.037566835274048
    1	3080.361026348630730	   0.000769087359787	   0.000769267956038	   0.036847450783475
    1	3169.399660592879627	   0.000738000035997	   0.000738169001515	   0.036137581082873
    1	3261.011144405973482	   0.000708129560846	   0.000708287483457	   0.035437135931420
    1	3355.269822536785341	   0.000679430689936	   0.000679577894145	   0.034746048938047
    1	3452.252187991046867	   0.000651858704050	   0.000651996019172	   0.034064206496361
    1	3552.036944107091585	   0.000625371328584	   0.000625499390505	   0.033391535776254
    1	3654.705068425367699	   0.000599927162291	   0.000600047111913	   0.032725834800462
    1	3760.339878403509374	   0.000575487460767	   0.000575599290249	   0.032065447972210
    1	3869.027099030277441	   0.000552015053051	   0.000552119785040	   0.031411345178061
    1	3980.854932393318904	   0.000529473617489	   0.000529571404003	   0.030764477446006
    1	4095.914129257097557	   0.000507827969968	   0.000507918616279	   0.030125673581415
    1	4214.298062709161059	   0.000487043019100	   0.000487128056036	   0.029495450636046
    1	4336.102803934437361	   0.000467086301913	   0.000467165495326	   0.028874014069806
    1	4461.427200179180545	   0.000447925435928	   0.000447999577461	   0.028261253620429
    1	4590.372954967662736	   0.000429529881892	   0.000429598658192	   0.027656303083480
    1	4723.044710636855598	   0.000411869843342	   0.000411934292696	   0.027057747967148
    1	4859.550133256005211	   0.000394917343565	   0.000394977476418	   0.026463472376008
    1	5000.000000000002728	   0.000378645482130	   0.000378701457683	   0.025869849566859
    2	   0.000000000000000	   0.791326724481470	   1.443706047844822	   0.005606383716638
    2	   0.028895878633786	   0.786254184090889	   1.443706047844822	   0.005679450963678
    2	   0.058626729069591	   0.778537315139564	   1.443706047844822	   0.005793029345452
    2	   0.089216678551268	   0.770025648121179	   1.161574184885907	   0.005856136058379
    2	   0.120690551500581	   0.766223360001369	   1.161574167065658	   0.005953438728270
    2	   0.153073889662773	   0.758061531940738	   1.080614552653799	   0.006015189934303
    2	   0.186392972834257	   0.754963045757325	   1.080614573158748	   0.006095357207131
    2	   0.220674840189252	   0.744821754420424	   1.034868514758604	   0.006144675708075
    2	   0.255947312222677	   0.741052675019512	   0.979707961590427	   0.006195271925803
    2	   0.292239013327094	   0.734260224370122	   0.979707935807889	   0.006258992164441
    2	   0.329579395022038	   0.728986669648062	   0.943608338038967	   0.006302762986384
    2	   0.367998759854577	   0.724303555764239	   0.932284578800282	   0.006356926871921
    2	   0.407528285990505	   0.715768080746456	   0.915980928894981	   0.006396752132785
    2	   0.448200052516108	   0.710086723636366	   0.893401271583956	   0.006430504597154
    2	   0.490047065471057	   0.705714462683829	   0.872418930615792	   0.006476790522834
    2	   0.533103284633538	   0.698272466623276	   0.857346054439230	   0.006505333803560
    2	   0.577403651079368	   0.694045516157166	   0.849022196306982	   0.006534471392663
    2	   0.622984115537448	   0.689317445238923	   0.834959788897307	   0.006574391236157
    2	   0.669881667564581	   0.682438821221331	   0.815572621335171	   0.006600837037416
    2	   0.718134365563312	   0.676797828996226	   0.803396101203480	   0.006627789135469
    2	   0.767781367667167	   0.671498423352563	   0.791326736158156	   0.006666309533700
    2	   0.818862963518346	   0.667042627025581	   0.778537313153210	   0.006694507136413
    2	   0.871420606963662	   0.660104466647755	   0.766223388992504	   0.006722858252602
    2	   0.925496949695250	   0.656031822253680	   0.754963113631205	   0.006752157790331
    2	   0.981135875863370	   0.651252587880789	   0.744501647452501	   0.006786078999721
    2	   1.038382537689358	   0.646554273064126	   0.734737195769205	   0.006811861669318
    2	   1.097283392107659	   0.640069582494869	   0.726960226664427	   0.006839180904786
    2	   1.157886238466658	   0.635908409684953	   0.717408130005470	   0.006874653151608
    2	   1.220240257318908	   0.631518396621813	   0.707348097277873	   0.006906401153061
    2	   1.284396050332241	   0.627029625892498	   0.698762981673648	   0.006936800478038
    2	   1.350405681354142	   0.621762124687146	   0.691600843531813	   0.006967692201093
    2	   1.418322718662713	   0.616784053092680	   0.683282403502227	   0.007001821653268
    2	   1.488202278438519	   0.612440903247476	   0.675099231551021	   0.007037885391214
    2	   1.560101069492589	   0.607948387271821	   0.667331424695329	   0.007070586086519
    2	   1.634077439286873	   0.603655371073547	   0.660104430114023	   0.007103642117438
    2	   1.710191421284502	   0.599432665283245	   0.653257045712825	   0.007137150486235
    2	   1.788504783668267	   0.594171574480450	   0.646554330972520	   0.007175758197930
    2	   1.869081079466878	   0.589669563937277	   0.640069522922943	   0.007214099254276
    2	   1.951985698129646	   0.585345486075167	   0.633813881780834	   0.007249856081922
    2	   2.037285918591472	   0.581176681083803	   0.627640990380200	   0.007286254461151
    2	   2.125050963871200	   0.577222169663875	   0.621429904690940	   0.007324614679522
    2	   2.215352057247619	   0.573094985409856	   0.615134905310959	   0.007366490908177
    2	   2.308262480058741	   0.569054555457503	   0.608844878485367	   0.007422326561500
    2	   2.403857631171228	   0.564635537646086	   0.602872575510533	   0.007713762026319
    2	   2.502215088168239	   0.560206648358336	   0.597142225930307	   0.007963748641723
    2	   2.603414670305364	   0.556356849413273	   0.591372309901425	   0.008247826959628
    2	   2.707538503285713	   0.552572666540359	   0.585595869135488	   0.008531825877400
    2	   2.814671085906746	   0.548842257171707	   0.580065602633252	   0.008826781417242
    2	   2.924899358632921	   0.545187717993594	   0.574879791390229	   0.010175426709798
    2	   3.038312774149804	   0.541733088951686	   0.569585346308052	   0.013808569200333
    2	   3.155003369956905	   0.538343543798328	   0.564635569270575	   0.028395873479585
    2	   3.275065843058154	   0.534998975958703	   0.560095813607666	   0.042898679702447
    2	   3.398597626810607	   0.531768039839448	   0.555589955433690	   0.056128736584374
    2	   3.525698969993787	   0.528359005586892	   0.550855281439673	   0.068192332867725
    2	   3.656473018163779	   0.525176640312126	   0.546278389338902	   0.079442572911071
    2	   3.791025897358140	   0.522349355407241	   0.541975350145010	   0.089884223024584
    2	   3.929466800219529	   0.519563624047350	   0.537837354375516	   0.099646869053572
    2	   4.071908074607951	   0.516760322291882	   0.533820526236624	   0.108855774595725
    2	   4.218465314773542	   0.514039766314471	   0.529999585291951	   0.117581397363739
    2	   4.369257455163862	   0.511189739231242	   0.526437145090930	   0.125956074594012
    2	   4.524406866941830	   0.508204292450390	   0.523000907108066	   0.134925969326829
    2	   4.684039457292635	   0.505005824810967	   0.519676640946258	   0.142713508645113
    2	   4.848284771600217	   0.500693805090050	   0.516382939835834	   0.149938419529948
    2	   5.017276098576197	   0.496631983002738	   0.513211304357844	   0.156853264900415
    2	   5.191150578426639	   0.492736963967321	   0.510093359359842	   0.163484799886354
    2	   5.370049314144351	   0.488875969121131	   0.506531722253849	   0.169834532638411
    2	   5.554117486017097	   0.484919023399939	   0.501973750434083	   0.175922808230209
    2	   5.743504469444626	   0.480849558221125	   0.497313977591064	   0.181758496501147
    2	   5.938363956160092	   0.476702260816980	   0.493019578262406	   0.187349194933467
    2	   6.138854078954332	   0.472407443744379	   0.488812497075669	   0.193058507329014
    2	   6.345137540004107	   0.467810733625905	   0.484500090551879	   0.198862805391810
    2	   6.557381742908535	   0.463194664745292	   0.479928067999763	   0.203808516053282
    2	   6.775758928540808	   0.458529641886048	   0.475220221366175	   0.208557956826743
    2	   7.000446314825505	   0.453800485365712	   0.470125697058443	   0.213112139128876
    2	   7.231626240554826	   0.449107711322891	   0.465046994848802	   0.217479206200485
    2	   7.469486313360592	   0.444387093727142	   0.459966579604368	   0.221666667630759
    2	   7.714219561961972	   0.439555984716360	   0.454806626324597	   0.225677199055098
    2	   7.966024592812593	   0.434631097893357	   0.449665628666179	   0.229516820989976
    2	   8.225105751274045	   0.429712956365469	   0.444469843564370	   0.233191211340733
    2	   8.491673287446705	   0.424767201929045	   0.439371234747093	   0.236697935588271
    2	   8.765943526792318	   0.419799389169061	   0.434257277816666	   0.240268085464474
    2	   9.048139045686920	   0.414740795059273	   0.428900153667603	   0.243784049684795
    2	   9.338488852046499	   0.409667035186008	   0.423521519942827	   0.246817707682024
    2	   9.637228571171983	   0.404587670800430	   0.418081342321423	   0.249725840291285
    2	   9.944600636964415	   0.399472335641067	   0.412611016964668	   0.252494065051755
    2	  10.260854488665400	   0.394342851660127	   0.407131466050497	   0.255127029322723
    2	  10.586246773282603	   0.389223421094309	   0.401627338960424	   0.257629642711360
    2	  10.921041553864477	   0.384110423856498	   0.396114157820679	   0.260003077679537
    2	  11.265510523793269	   0.378984015341010	   0.390614849386077	   0.262248761242813
    2	  11.619933227270224	   0.373847977477665	   0.385130913816620	   0.264368908531687
    2	  11.984597286171908	   0.368710619198884	   0.379645116681799	   0.266367410357716
    2	  12.359798633461725	   0.363581245580633	   0.374159640229674	   0.268246015295381
    2	  12.745841753346063	   0.358460651019766	   0.368681995129925	   0.270004904959314
    2	  13.143039928369985	   0.353343187100303	   0.363222311314454	   0.271650956937605
    2	  13.551715493652951	   0.348231699306375	   0.357781805504229	   0.273248055251708
    2	  13.972200098470935	   0.343138341844019	   0.352354407401213	   0.274761572031300
    2	  14.404834975397117	   0.338055184957466	   0.346942721474569	   0.276141525177993
    2	  14.849971217219700	   0.332968691724852	   0.341560574112357	   0.277349755421071
    2	  15.307970061861486	   0.327888176668980	   0.336198023160042	   0.278468182679176
    2	  15.779203185532456	   0.322824853282749	   0.330844882194978	   0.279495042467556
    2	  16.264053004353240	   0.317792171007508	   0.325681912286107	   0.280429565740624
    2	  16.762912984694282	   0.312786120944161	   0.320535486177679	   0.281272926992828
    2	  17.276187962482517	   0.307798853256757	   0.315416201572108	   0.282026861670927
    2	  17.804294471734682	   0.302833218648999	   0.310240251078683	   0.282693198799808
    2	  18.347661082583901	   0.297894902783051	   0.305037990098196	   0.283273787008571
    2	  18.906728749073878	   0.292986036373111	   0.299870215795355	   0.283770486049117
    2	  19.481951167002819	   0.288107028668396	   0.294739541437104	   0.284185183738792
    2	  20.073795142107674	   0.283257769557009	   0.289647013296593	   0.284519769465503
    2	  20.682740968887291	   0.278440197051838	   0.284592412299945	   0.284776139747754
    2	  21.309282820372090	   0.273655547231777	   0.279577364262095	   0.284956183607013
    2	  21.953929149156366	   0.268903717763207	   0.274603015665441	   0.285061779972862
    2	  22.617203100018923	   0.264185684757028	   0.269669171374615	   0.285094752269218
    2	  23.299642934466547	   0.259502755098820	   0.264776674312735	   0.285056795477603
    2	  24.001802467545247	   0.254855422183819	   0.259926458063465	   0.284949584319203
    2	  24.724251517273323	   0.250244110080913	   0.255119073227566	   0.284774926986511
    2	  25.467576367061440	   0.245677863046794	   0.250354633142579	   0.284534575518908
    2	  26.232380241494525	   0.241158787169000	   0.245642110606470	   0.284230305253777
    2	  27.019283795861874	   0.236686256063550	   0.240983933752204	   0.283863831839668
    2	  27.828925619832713	   0.232258593964966	   0.236379185546490	   0.283436919254843
    2	  28.661962755685852	   0.227872813202420	   0.231826003183633	   0.282944179058909
    2	  29.519071231514047	   0.223528722766198	   0.227320753917484	   0.282384426075494
    2	  30.400946609835739	   0.219226365036477	   0.222863046443066	   0.281767236095135
    2	  31.308304552059560	   0.214963993606861	   0.218452798257497	   0.281095643794229
    2	  32.241881399259285	   0.210741302699582	   0.214087823399558	   0.280371664766833
    2	  33.202434769730999	   0.206559046326702	   0.209767644602506	   0.279597489224771
    2	  34.190744173817144	   0.202418115742314	   0.205493235327561	   0.278785604600729
    2	  35.207611646496368	   0.198320310391459	   0.201265297020370	   0.277936434062353
    2	  36.253862398252807	   0.194266389438967	   0.197085895548792	   0.277043024559523
    2	  37.330345484752499	   0.190257805930232	   0.192955355561853	   0.276105829276547
    2	  38.437934495871005	   0.186295199503108	   0.188875280412001	   0.275126287592355
    2	  39.577528264630907	   0.182379140319051	   0.184845883930398	   0.274105148815853
    2	  40.750051596624701	   0.178510061813115	   0.180867615745938	   0.273043842974175
    2	  41.956456020515084	   0.174688753808330	   0.176940816578801	   0.271943728873702
    2	  43.197720560221484	   0.170915358518239	   0.173066099308441	   0.270806053510135
    2	  44.474852529419636	   0.167175026784712	   0.169243359685090	   0.269631564642455
    2	  45.788888348999080	   0.163444388946791	   0.165472719565168	   0.268421446682532
    2	  47.140894388141525	   0.159764074151273	   0.161754676318739	   0.267176668488191
    2	  48.531967829703191	   0.156134233555333	   0.158089057321938	   0.265898343128953
    2	  49.963237560602892	   0.152554978321333	   0.154475935078321	   0.264587976577425
    2	  51.435865087938907	   0.149026607134643	   0.150915695398192	   0.263247023772331
    2	  52.951045481577594	   0.145549230035273	   0.147408076388023	   0.261875833897649
    2	  54.510008343979123	   0.142127650038572	   0.143952977054166	   0.260475311463423
    2	  56.114018808047234	   0.138803854554445	   0.140550698190545	   0.259046290078008
    2	  57.764378563812329	   0.135529553427069	   0.137200962732806	   0.257589392339655
    2	  59.462426914782107	   0.132304929596156	   0.133903846069724	   0.256106157613333
    2	  61.209541864815861	   0.129130613447687	   0.130659597433282	   0.254598769646277
    2	  63.007141236405005	   0.126007087194813	   0.127468626013792	   0.253068681948986
    2	  64.856683821267822	   0.122934287270781	   0.124330918580767	   0.251517744607157
    2	  66.759670564190785	   0.119912595024733	   0.121246702357012	   0.249946842559488
    2	  68.717645781079014	   0.116941626266219	   0.118215733385826	   0.248355988704025
    2	  70.732198412202351	   0.114021962418053	   0.115238232316649	   0.246746353865521
    2	  72.804963311656010	   0.111153656983256	   0.112314322146491	   0.245118830226655
    2	  74.937622574080706	   0.108336174561472	   0.109443502701861	   0.243473985434474
    2	  77.131906899719596	   0.105569799867633	   0.106625925686381	   0.241814527437798
    2	  79.389596998920211	   0.102856748403240	   0.103863109362386	   0.240141057281480
    2	  81.712525037219976	   0.100196046706276	   0.101154628178243	   0.238452396735839
    2	  84.102576122189461	   0.097587843802938	   0.098500616587106	   0.236749988337170
    2	  86.561689833238859	   0.095033433636315	   0.095901895029792	   0.235034161753682
    2	  89.091861795629356	   0.092529824038154	   0.093356262272775	   0.233304378616965
    2	  91.695145299967734	   0.090079057674383	   0.090864979905225	   0.231561599819048
    2	  94.373652968496771	   0.087680677754826	   0.088427735998961	   0.229807887505234
    2	  97.129558469535269	   0.085332490694531	   0.086042653225708	   0.228044582037412
    2	  99.965098281458040	   0.083033379198772	   0.083708572587637	   0.226270217138865
    2	 102.882573507647322	   0.080782559341045	   0.081424501383674	   0.224484632537236
    2	 105.884351743889738	   0.078580030163997	   0.079190155253575	   0.222689334427799
    2	 108.972868999732071	   0.076424383883421	   0.077004270481271	   0.220885418469030
    2	 112.150631675357559	   0.074315030546788	   0.074866106594596	   0.219073471140890
    2	 115.420218595584998	   0.072251592344936	   0.072775172649300	   0.217246796291425
    2	 118.784283102641851	   0.070231799893358	   0.070729517688254	   0.215406529360375
    2	 122.245555209410981	   0.068258725603443	   0.068731126779100	   0.213559072776432
    2	 125.806843814895657	   0.066328516523350	   0.066777245992187	   0.211706528810219
    2	 129.471038983704346	   0.064441776597188	   0.064867810381320	   0.209849975338510
    2	 133.241114291401544	   0.062598393630615	   0.063002680155502	   0.207989548874185
    2	 137.120129237630067	   0.060796906055112	   0.061180619424331	   0.206126038183017
    2	 141.111231728963531	   0.059037182288508	   0.059401235968114	   0.204260475564829
    2	 145.217660633501509	   0.057318746030951	   0.057664037123157	   0.202394670741206
    2	 149.442748409283439	   0.055640775631557	   0.055968251034024	   0.200530081007928
    2	 153.789923808651281	   0.054002745567961	   0.054313208719403	   0.198667179618690
    2	 158.262714660759030	   0.052404093454686	   0.052698394599429	   0.196806256746449
    2	 162.864750734483721	   0.050844159081125	   0.051123069539549	   0.194947801678689
    2	 167.599766684062956	   0.049322358923308	   0.049586643653750	   0.193092096367272
    2	 172.471605079850434	   0.047838077197291	   0.048088427790309	   0.191239486013598
    2	 177.484219526645859	   0.046390699760846	   0.046627816180937	   0.189390266275571
    2	 182.641677872133812	   0.044979633931555	   0.045204159884934	   0.187544795773942
    2	 187.948165508031963	   0.043604244785815	   0.043816820827600	   0.185703711774433
    2	 193.407988766628506	   0.042263965072092	   0.042465154529851	   0.183867365381970
    2	 199.025578415467606	   0.040958139940249	   0.041148541472529	   0.182035814858759
    2	 204.805493253013822	   0.039686183766763	   0.039866325048182	   0.180209363592650
    2	 210.752423808219334	   0.038447471541309	   0.038617855674095	   0.178388579387790
    2	 216.871196146991878	   0.037241423127545	   0.037402555235799	   0.176574231258321
    2	 223.166775788653098	   0.036067396370653	   0.036219752353772	   0.174766391308140
    2	 229.644271735569305	   0.034924806326692	   0.035068826216996	   0.172964626166925
    2	 236.308940619218248	   0.033813030273380	   0.033949153529086	   0.171169412564290
    2	 243.166190966063510	   0.032731507276541	   0.032860113726523	   0.169382307176467
    2	 250.221587586692891	   0.031679615176391	   0.031801111434199	   0.167603945506416
    2	 257.480856091785029	   0.030656739396560	   0.030771506382575	   0.165832872976239
    2	 264.949887538570579	   0.029662308984971	   0.029770685984237	   0.164068343965961
    2	 272.634743211554110	   0.028695729979779	   0.028798045900879	   0.162313602161487
    2	 280.541659541382273	   0.027756441758072	   0.027853031677433	   0.160571087131056
    2	 288.677053165845052	   0.026843846473972	   0.026934984839112	   0.158837125125856
    2	 297.047526137118098	   0.025957319890794	   0.026043324101050	   0.157109410758773
    2	 305.659871279476704	   0.025096337687718	   0.025177471417754	   0.155387758371922
    2	 314.521077701820843	   0.024260345796889	   0.024336878251235	   0.153671856879525
    2	 323.638336469493936	   0.023448740274230	   0.023520921163066	   0.151964195835908
    2	 333.019046439990916	   0.022661048649367	   0.022723459854134	   0.150269606525576
    2	 342.670820267293834	   0.021896660526029	   0.021949962296295	   0.148585512228840
    2	 352.601490579711538	   0.021155050726121	   0.021199920435388	   0.146909279392914
    2	 362.819116336228660	   0.020435659035810	   0.020472627867235	   0.145241347660675
    2	 373.331989366531559	   0.019738009584611	   0.019767731848034	   0.143581796555491
    2	 384.148641100010821	   0.019061519061320	   0.019084519171131	   0.141930702330889
    2	 395.277849489204300	   0.018405720354079	   0.018422532684347	   0.140288169973417
    2	 406.728646133302504	   0.017770099693376	   0.017781219462850	   0.138654458098606
    2	 418.510323607488203	   0.017154124028840	   0.017160030156400	   0.137029837729950
    2	 430.632443004070865	   0.016557336524839	   0.016558474914888	   0.135414617541572
    2	 443.104841691520960	   0.015976016091939	   0.015976021331451	   0.133809126969385
    2	 455.937641297715857	   0.015412169037189	   0.015412171384873	   0.132213737649733
    2	 469.141255923863469	   0.014866428276831	   0.014866439148845	   0.130628570353529
    2	 482.726400595775146	   0.014338307737018	   0.014338317539868	   0.129053723215346
    2	 496.704099959349207	   0.013827328250310	   0.013827329092632	   0.127489258178965
    2	 511.085697227312266	   0.013333011186787	   0.013333017066598	   0.125935304713115
    2	 525.882863384490292	   0.012854889580385	   0.012854897522494	   0.124391876144514
    2	 541.107606659070711	   0.012392521678569	   0.012392518890745	   0.122859016419599
    2	 556.772282267543233	   0.011945446784001	   0.011945451873115	   0.121336805386261
    2	 572.889602441236434	   0.011513240335461	   0.011513241947096	   0.119825260951743
    2	 589.472646742570191	   0.011095461439175	   0.011095464665936	   0.118324303078316
    2	 606.534872679413866	   0.010691701202400	   0.010691700265851	   0.116833973381753
    2	 624.090126626151346	   0.010301539462965	   0.010302854590766	   0.115354319090852
    2	 642.152655060318466	   0.009924582804149	   0.009927172371998	   0.113885133235898
    2	 660.737116123939131	   0.009560439726696	   0.009564146158073	   0.112426407042040
    2	 679.858591518928051	   0.009208716684646	   0.009213415637266	   0.110978266287425
    2	 699.532598746229382	   0.008869051280726	   0.008874610068832	   0.109540119668469
    2	 719.775103698611815	   0.008541069443430	   0.008547376727160	   0.108111822405559
    2	 740.602533617341351	   0.008224414673713	   0.008231366097371	   0.106693682786345
    2	 762.031790423256780	   0.007918736961348	   0.007926241895127	   0.105285844326127
    2	 784.080264433047546	   0.007623706207335	   0.007631662980945	   0.103889263919665
    2	 806.765848471885533	   0.007338982387879	   0.007347315346670	   0.102504581529455
    2	 830.106952393847109	   0.007064240464043	   0.007072873596647	   0.101131892402881
    2	 854.122518021915312	   0.006799169195914	   0.006808028982423	   0.099771203504239
    2	 878.832034519694730	   0.006543689072307	   0.006552484032685	   0.098422480695717
    2	 904.255554207292789	   0.006297691540685	   0.006305934593496	   0.097085770851750
    2	 930.413708834228146	   0.006060374433930	   0.006068103594692	   0.095761051972855
    2	 957.327726322546596	   0.005831460600461	   0.005838706578242	   0.094448306236677
    2	 985.019447993754852	   0.005610684612217	   0.005617471575344	   0.093147529874725
    2	1013.511346293535780	   0.005397779809681	   0.005404139940364	   0.091858720313363
    2	1042.826543028632614	   0.005192490186274	   0.005198451886939	   0.090581797295117
    2	1072.988828130713273	   0.004994571933956	   0.005000158193445	   0.089316768563361
    2	1104.022678962420287	   0.004803778969008	   0.004809009325761	   0.088063583757428
    2	1135.953280181299306	   0.004619879277266	   0.004624780765984	   0.086822170058732
    2	1168.806544177704154	   0.004442642982488	   0.004447234068123	   0.085592421328423
    2	1202.609132103271577	   0.004271848616326	   0.004276145890732	   0.084374278028287
    2	1237.388475507045314	   0.004107281607050	   0.004111306518500	   0.083167587725945
    2	1273.172798596775920	   0.003948733574269	   0.003952501423803	   0.081972123319548
    2	1309.991141143499590	   0.003796000411166	   0.003799528168278	   0.080787828079380
    2	1347.873382047951964	   0.003648885459417	   0.003652186605318	   0.079614766757810
    2	1386.850263587954032	   0.003507198144213	   0.003510289626302	   0.078453051797225
    2	1426.953416366460715	   0.003370753514630	   0.003373646390330	   0.077302718301553
    2	1468.215384980486078	   0.003239370433228	   0.003242076927206	   0.076163989986318
    2	1510.669654431772869	   0.003112874718136	   0.003115408019827	   0.075036880164057
    2	1554.350677300611778	   0.002991097420166	   0.002993468220333	   0.073921191036815
    2	1599.293901704867267	   0.002873873798145	   0.002876090607384	   0.072816823640192
    2	1645.535800066920501	   0.002761042975341	   0.002763116846793	   0.071723460278225
    2	1693.113898711837692	   0.002652452571628	   0.002654393831477	   0.070640898917314
    2	1742.066808320824975	   0.002547955642172	   0.002549769745679	   0.069568593555872
    2	1792.434255264645572	   0.002447402644343	   0.002449099695461	   0.068506257570220
    2	1844.257113842446870	   0.002350658134227	   0.002352244635073	   0.067454230966545
    2	1897.577439452170211	   0.002257585400757	   0.002259069495407	   0.066412732188976
    2	1952.438502719424378	   0.002168053477877	   0.002169440385414	   0.065382442103163
    2	2008.884824612568991	   0.002081935858808	   0.002083231684331	   0.064363719266066
    2	2066.962212572464068	   0.001999105719859	   0.002000317974688	   0.063356511564212
    2	2126.717797686213089	   0.001919448898363	   0.001920581130337	   0.062360762474263
    2	2188.200072935102071	   0.001842846792481	   0.001843905698269	   0.061376396433451
    2	2251.458932547709992	   0.001769188851345	   0.001770178080333	   0.060403348140437
    2	2316.545712490196365	   0.001698367292522	   0.001699293128880	   0.059441529733020
    2	2383.513232126565981	   0.001630280395963	   0.001631143917467	   0.058490864259249
    2	2452.415837082751750	   0.001564825742476	   0.001565633724009	   0.057551272303932
    2	2523.309443349305639	   0.001501907636572	   0.001502661921962	   0.056622683261815
    2	2596.251582658446296	   0.001441432434001	   0.001442136441825	   0.055705045531263
    2	2671.301449172356115	   0.001383309266203	   0.001383966499215	   0.054798281571291
    2	2748.519947520530422	   0.001327449966171	   0.001328065063382	   0.053902329165589
    2	2827.969742225257505	   0.001273772604542	   0.001274346647602	   0.053017143922340
    2	2909.715308555253614	   0.001222194338988	   0.001222731060442	   0.052142655998924
    2	2993.822984848768556	   0.001172637131528	   0.001173137596716	   0.051278802861230
    2	3080.361026348630730	   0.001125025740735	   0.001125493541659	   0.050425495543018
    2	3169.399660592879627	   0.001079285819296	   0.001079722437367	   0.049582652597571
    2	3261.011144405973482	   0.001035347991836	   0.001035756011878	   0.048750172312716
    2	3355.269822536785341	   0.000993144008909	   0.000993524703833	   0.047927944659618
    2	3452.252187991046867	   0.000952608025817	   0.000952962824167	   0.047115824282766
    2	3552.036944107091585	   0.000913676952095	   0.000914008167094	   0.046313647087537
    2	3654.705068425367699	   0.000876289588295	   0.000876599423984	   0.045521115251481
    2	3760.339878403509374	   0.000840387614268	   0.000840676489229	   0.044737874719976
    2	3869.027099030277441	   0.000805914958978	   0.000806184229722	   0.043963692936675
    2	3980.854932393318904	   0.000772816190573	   0.000773067837582	   0.043198625581111
    2	4095.914129257097557	   0.000741039300394	   0.000741274197521	   0.042442547911246
    2	4214.298062709161059	   0.000710534230967	   0.000710753461834	   0.041695144466389
    2	4336.102803934437361	   0.000681251170992	   0.000681455362695	   0.040955566017330
    2	4461.427200179180545	   0.000653143524579	   0.000653334030915	   0.040222118810464
    2	4590.372954967662736	   0.000626166098473	   0.000626344029198	   0.039491278216791
    2	4723.044710636855598	   0.000600275236519	   0.000600440981294	   0.038757285863314
    2	4859.550133256005211	   0.000575430325273	   0.000575584916795	   0.038010864907164
    2	5000.000000000002728	   0.000551592468887	   0.000551736640344	   0.037235177219634
