   0.000000000000000
   0.000000000000000
   0.000000000000000
   0.000000000000000
   0.000000000000000
   0.000000000000000
   0.000000000000000
   0.000000000000000
   0.000000000000000
   0.000000000000000
   0.000000000000000
   0.028895883196220
   0.000000000000000
   0.028895884089146
   0.028895883009198
   0.058626734415743
   0.028895886494548
   0.082829099118185
   0.058626735075485
   0.093767089315521
   0.058626752672621
   0.141020071819119
   0.089216658116332
   0.172244715077498
   0.108472631156038
   0.206613610331848
   0.127712270398719
   0.246165299631306
   0.153589530562131
   0.292238943958047
   0.192883804762777
   0.329579424025314
   0.220674879009354
   0.367998746812017
   0.255947421853906
   0.415828301185795
   0.292239078741909
   0.469293861805539
   0.329579389807538
   0.524066822334176
   0.367998733338392
   0.577403360857899
   0.407528244649535
   0.622984345439113
   0.448200012148194
   0.678610422795515
   0.490047088995762
   0.740522381197222
   0.533103318120500
   0.858829134354636
   0.577410765658440
   0.941926247308883
   0.628995814735397
   1.011431481929683
   0.680473222168751
   1.097283050757882
   0.733906292448560
   1.165621960623995
   0.787990847591875
   1.240447104586255
   0.844318337396431
   1.315219414564068
   0.903829068135837
   1.390722210268006
   0.964999052497317
   1.467391967578297
   1.027927268463507
   1.545658525146002
   1.092838713144426
   1.626223348512324
   1.157886186591940
   1.709405752376476
   1.220240336821845
   1.788504679943756
   1.284396479730485
   1.869081150563477
   1.357864358779079
   1.951985945266365
   1.434734492748584
   2.045098485105637
   1.513348336442817
   2.142480051137634
   1.594392769477182
   2.244147916627206
   1.678486688494297
   2.351545869902460
   1.765759750127634
   2.466470700279864
   1.856040524858160
   2.590675000288384
   1.948701463687815
   2.731866889555902
   2.037285890041854
   2.859804243755799
   2.125051103813901
   3.025284451383647
   2.222310184623716
   3.147506395971408
   2.326424686711650
   3.273366896812187
   2.433453152909984
   3.398597399025689
   2.543306680161819
   3.525698942550893
   2.656351278027170
   3.656474515189499
   2.772724106087267
   3.791026489823023
   2.893012215724338
   3.934197387483610
   3.017424595089644
   4.083697098141990
   3.145771647812854
   4.237442648230719
   3.275065059807277
   4.395592554295122
   3.398598404559464
   4.558581896709977
   3.535491254399329
   4.726203864883424
   3.680557487153442
   4.898259666927514
   3.833962727526198
   5.075033232670564
   3.991234276436084
   5.256752206793641
   4.151161031590672
   5.443793977533113
   4.314661339657183
   5.636125439781114
   4.482799954986261
   5.833639918102588
   4.658725761270712
   6.036572510775211
   4.840106291756592
   6.245159043662287
   5.017276733919576
   6.459506326000959
   5.191150639020885
   6.680069891837268
   5.381837503483076
   6.906703868281685
   5.580716914265382
   7.139660358562540
   5.784240334524657
   7.379094848271364
   5.993042911581107
   7.625169722434466
   6.207918820594239
   7.878057372428350
   6.428930128991055
   8.137956197452752
   6.657090902099466
   8.405131458102584
   6.891367244548270
   8.679748776825315
   7.132474918356784
   8.961939252066371
   7.380686765343063
   9.251948053129023
   7.635934792439381
   9.550074464129775
   7.898300421498993
   9.856501183013746
   8.168264854514341
  10.171394800108484
   8.446197995601166
  10.495097127681570
   8.732083866322734
  10.827823199598400
   9.025869763662874
  11.169713253855329
   9.328103131151295
  11.521208592033963
   9.637222658742004
  11.882579938568421
   9.944599844179631
  12.253834572853300
  10.260854432335437
  12.635629100324016
  10.586246876455402
  13.028104730707584
  10.923869907313563
  13.431567486748035
  11.280888680959245
  13.846234487500924
  11.648372983435699
  14.272541583798567
  12.025895671005873
  14.710754590496530
  12.415061362291565
  15.161212653416014
  12.815534537842115
  15.624230226174786
  13.227711573642937
  16.100208682709567
  13.651686336249865
  16.589487983208471
  14.088224772136405
  17.092442151702155
  14.537467740348275
  17.609467563249051
  14.999811180008038
  18.140961560683760
  15.475585039413891
  18.687304547318714
  15.965288807894153
  19.248935244204407
  16.469267863663045
  19.826265788588437
  16.987947455314618
  20.419739977893155
  17.521755563867703
  21.029804422692202
  18.071163600358560
  21.656947908762739
  18.636594933975317
  22.301641301014055
  19.218528562900687
  22.964357004265448
  19.817450251064830
  23.645632695537763
  20.433859085207782
  24.345963389347919
  21.068251123122064
  25.065892772873777
  21.721152076081136
  25.805976120273058
  22.393124698267226
  26.566760088580999
  23.084696506716270
  27.348844389478142
  23.796464351552469
  28.152832213244107
  24.528991430559671
  28.979309149620718
  25.282901283658465
  29.828961081424296
  26.058801037716304
  30.702405058269008
  26.857355037939072
  31.600328383897086
  27.679194702897298
  32.523470119396663
  28.524999523516598
  33.472529009815759
  29.395487979190563
  34.448339394685846
  30.291382785442444
  35.451539030196990
  31.213374257442357
  36.483419941613043
  32.162260412582839
  37.543855866736912
  33.138821831365384
  38.635641463407133
  34.143832468638088
  39.757515183835750
  35.178155880064985
  40.908521550734953
  36.242616326107857
  42.101355674337221
  37.330329167276169
  43.317712267597990
  38.437931323910441
  44.568015246713017
  39.577524815744027
  45.853162561648418
  40.750047701717634
  47.174029327678724
  41.956458067004483
  48.531996411087484
  43.197724292736766
  49.963247573488879
  44.474856690614750
  51.435860007946516
  45.793499319785369
  52.951049999024519
  47.167017817318779
  54.509994001254192
  48.580532218725374
  56.114012054424883
  50.035177785608752
  57.764363527603280
  51.531912697203509
  59.431236277478590
  53.072209840784367
  61.133098812914469
  54.657345439283326
  62.882750390016660
  56.288523852019743
  64.681515107330014
  57.967215033456064
  66.530836222241064
  59.694800776846442
  68.432166412063964
  61.472612389706342
  70.386917622192229
  63.302272744827597
  72.396714545048468
  65.185183287354462
  74.463242248022567
  67.122840758780811
  76.587797298993962
  69.116966974925575
  78.772325215046223
  71.169093760479782
  81.019403406315277
  73.280878974987488
  83.325882449675476
  75.454153388858529
  85.702824055637507
  77.690613159313131
  88.140390627286024
  79.992144714911063
  90.646266468727660
  82.360706284167406
  93.222405376464522
  84.814136261394481
  95.870713672440417
  87.322695705972791
  98.593307084707135
  89.903996864442263
 101.392076201335598
  92.560424048586285
 104.269363957770821
  95.293979335683900
 107.227303577091007
  98.107090674818551
 110.268013438140215
 101.001917826393239
 113.393915437832817
 103.980645814132984
 116.607345686986406
 107.045918989966552
 119.910868880600148
 110.200163973081743
 123.307255783781358
 113.445914045213812
 126.799228975736767
 116.785971269161678
 130.389453477602359
 120.222908151131634
 134.080750580592280
 123.759510303232787
 137.875952147053567
 127.398769613534796
 141.777635769383409
 131.143593946946822
 145.788820204880921
 134.997040889138646
 149.912424778815819
 138.962387594153199
 154.151556497264551
 143.042795767485160
 158.509025376294630
 147.241650145344494
 162.987520083556433
 151.562353671749293
 167.599767255490946
 156.008433605893742
 172.471601371346026
 160.583429784991523
 177.484215354086615
 165.291296067718065
 182.641720186484861
 170.135687694072828
 187.948188148011695
 175.120554095857841
 193.407919387802764
 180.250079670856394
 198.900125974730940
 185.528255905088429
 204.517079052103810
 190.959623973729919
 210.291990565671085
 196.548413575870569
 216.229440088700585
 202.299454769392867
 222.333872022851295
 208.217340473363777
 228.610040236248096
 214.306887585682375
 235.062781401690273
 220.573154570810743
 241.697310585498514
 227.021227792573399
 248.518607467227781
 233.656236931904317
 255.531877416440580
 240.483756114615062
 262.742228272453929
 247.509254608459770
 270.155904574290844
 254.738387712352790
 277.778420335908947
 262.177349880969132
 285.615451781024149
 269.831842624843944
 293.671908953057255
 277.708393963421088
 301.955189560453505
 285.813314870629540
 310.471688906952068
 294.153157338719609
 319.227785393813065
 302.734859692515954
 328.230175862209137
 311.565103066303095
 337.485373630945105
 320.651517280650012
 347.000387213631768
 330.001233423448980
 356.781785010116437
 339.621850470853872
 366.837586189244917
 349.521267291568165
 377.177070046226106
 359.707584854506820
 387.808358877928356
 370.189035035574193
 398.740175998487473
 380.974048045876714
 409.981977844228936
 392.071380128913745
 421.541782682276505
 403.490133045447180
 433.427501442743733
 415.239737947002254
 445.648172041962368
 427.329650275064409
 458.213315572668648
 439.769793731948141
 471.132659118755384
 452.570386315906831
 484.416134182401493
 465.741799456923047
 498.074209827650577
 479.294784953650435
 512.117155368060139
 493.240434935949224
 526.556030182452446
 507.590021204211837
 541.401062334598350
 522.355162654966307
 556.772514855503118
 537.548106427080256
 572.889625522616143
 553.181216668079287
 589.472668442651980
 569.266867550761276
 606.534689348328470
 585.818556942029772
 624.089955410968173
 602.849215903966751
 642.152277595466444
 620.373212646213005
 660.272318580720821
 638.404325012935487
 678.889808414258823
 656.957427212145944
 698.033216619385030
 676.047491442744445
 717.716939201887499
 695.690796619718753
 737.957058073649478
 715.902813269987632
 758.768245285552780
 736.700242487377182
 780.167597340431143
 758.099720996560109
 802.170687646112469
 780.118926738276741
 824.795198901395793
 802.775584511040961
 848.058722729955093
 826.088489314040658
 871.978687706051346
 850.076419298464543
 896.574662651225481
 874.758552087151884
 921.865106384376645
 900.155603558975827
 947.869662716129142
 926.287554135027221
 974.608901780033420
 953.176195128908489
1002.103247001307409
 980.843313115880278
1030.374692826464752
1009.311494824467900
1059.444360766897262
1038.603263261046095
1089.335489419622490
1068.743187731812441
1120.071181648504080
1099.755631657797039
1151.672521247786790
1131.665972333721584
1184.159326308187701
1164.499292972305284
1217.561194482702376
1198.283122430281537
1251.904826657993226
1233.044758623266716
1287.218659736722429
1268.811865662893297
1323.531352167702607
1305.614064643118581
1360.878762722102920
1343.480948185564785
1399.286054055555041
1382.444094158358894
1438.780627910980456
1422.534337698281433
1479.393155908333256
1463.784217203758544
1521.153519225347054
1506.228121847978400
1564.094805131939211
1549.900571131945298
1608.250479018976421
1594.836114428513611
1653.653314829060037
1641.071824429395065
1700.341297023275047
1688.645653493835198
1748.349171833308674
1737.596280390673201
1797.716517685641747
1787.962830811610502
1848.479953694957885
1839.786454122446457
1900.681086240201012
1893.109676097736610
1954.359104844665580
1947.975385326710921
2009.555879031280256
2004.427846426309088
2066.963158147951617
2062.514415200670101
2126.717937384941706
2122.281071519948000
2188.199571102269601
2183.776528519680141
2251.459014383028261
2247.051364786700105
2316.545743764828785
2312.155281331838978
2383.513072201999421
2379.143036408825992
2451.412402678274248
2448.067956294065880
2520.636619636642081
2518.986557119781082
2591.838460757438042
2591.956805936998080
2665.065534819732875
2667.037230825665574
2740.373132701970917
2744.288525440900685
2817.815532800349956
2823.775071542939259
2897.453446049239574
2905.561080875942480
2979.347065914813811
2989.711628949685746
3063.561581526165355
3076.296835021077186
3150.162944853233512
3165.384716788644710
3239.215786083198509
3257.049171870911323
3330.363453275141183
3351.366964510299113
3422.860757171186833
3448.409116521757824
3517.774667599892837
3548.260581388767150
3616.150051545217593
3650.990597138438716
3717.586031669467502
3756.688821973854829
3822.164142228548826
3865.443540748864507
3929.886193296790680
3977.343623052792282
4040.811565344113660
4092.482444234790364
4155.003296222391327
4210.952168794797217
4272.532251347077363
4332.849731041051200
4393.473337725219608
4458.269963835388808
4517.909875946937973
4587.322185362925666
4645.922269236787542
4720.104051905166671
4777.581929722746281
   0.000000000000000
   0.000000000000000
   0.000000000000000
   0.000000000000000
   0.000000000000000
   0.000000000000000
   0.000000000000000
   0.000000000000000
   0.000000000000000
   0.000000000000000
   0.000000000000000
   0.000000000000000
   0.000000000000000
   0.028895881791793
   0.000000000000000
   0.028895885087316
   0.000000000000000
   0.028895889205407
   0.028895880603440
   0.058626723788893
   0.028895892014396
   0.058626740058530
   0.028895888490663
   0.058626753526585
   0.058626705038160
   0.089216686057199
   0.058626724034320
   0.115105253560132
   0.058626742851155
   0.121890017675364
   0.089216677025980
   0.186392968141792
   0.089216680381870
   0.191374203048703
   0.120690534630244
   0.225720173363159
   0.121031944865022
   0.284404630671003
   0.153073895628765
   0.326910630806370
   0.186392988544286
   0.367998693856356
   0.220674852556005
   0.407528261296607
   0.278299305305460
   0.460197040932973
   0.292238977290038
   0.524307363640645
   0.329579413002509
   0.577403584336243
   0.367998683123991
   0.632292808454816
   0.407528292490337
   0.702849638023816
   0.448200057508613
   0.791339286769707
   0.492452576871569
   0.863148848169202
   0.547047697502139
   0.938953421044831
   0.600496074911742
   1.018172680044038
   0.659137062212078
   1.097283315786657
   0.718134364917574
   1.180615277749107
   0.767781539949973
   1.267960093686872
   0.830108486189816
   1.350405471207849
   0.903287160879918
   1.429339005128978
   0.971628796238581
   1.520540761756461
   1.038382577171896
   1.616260383083296
   1.101245354134017
   1.710191078961527
   1.179433954722506
   1.795341208003127
   1.261140388921500
   1.899899193757059
   1.345860516635989
   2.007365301459177
   1.418322593000998
   2.118531216334413
   1.502332262949459
   2.215352394220703
   1.594250457742880
   2.330630318939243
   1.689687616313005
   2.454862784640210
   1.788310865454501
   2.589319641588209
   1.871614067529038
   3.059760992001057
   1.975646578094010
   3.185240435037666
   2.082835440640967
   3.314448430925372
   2.192808949931800
   3.448128885393199
   2.305983047334704
   3.585504926815637
   2.403858281056125
   3.727120555602617
   2.523907916718647
   3.872684022335661
   2.648413023607707
   4.022461499386618
   2.776732799263714
   4.176515689086228
   2.909257526150017
   4.334836004360215
   3.038312399305519
   4.497727683800693
   3.167979186508077
   4.665364867420425
   3.314353993858726
   4.837461570777575
   3.473952598205745
   5.014273063482658
   3.634295761214070
   5.191150873866471
   3.791027023975332
   5.370048168919227
   3.957741692996377
   5.554117248685368
   4.131793299277229
   5.743504329215386
   4.309803490069551
   5.938364339357671
   4.492286194173703
   6.145667879396864
   4.680032604784066
   6.359125248384307
   4.851080291790934
   6.578530177549471
   5.046641936915792
   6.804061704146045
   5.247123545527828
   7.035809112688924
   5.453123229045968
   7.273969239636529
   5.664642411373904
   7.518784657804345
   5.881410343527656
   7.770346121974071
   6.103583306072964
   8.028900733354751
   6.331718707156290
   8.294716184366838
   6.557380786656126
   8.567895777966218
   6.775761369240623
   8.848580960146739
   7.020682196357393
   9.137125863549281
   7.273714617148664
   9.433706778296990
   7.533702807566779
   9.738485324144174
   7.800662627152267
  10.051742392807069
   8.075129427706397
  10.373832511001327
   8.357356965349625
  10.704754962813096
   8.647318055335983
  11.044787061487781
   8.944913845101548
  11.394536026918743
   9.250982575685875
  11.754101626793108
   9.565503953728571
  12.122959229930526
   9.888921866546715
  12.502782582628740
  10.221325993979862
  12.893266945870206
  10.563267508750140
  13.294674100586452
  10.911775253996510
  13.707163455981927
  11.265510287159364
  14.131249951202376
  11.619929065157352
  14.567189893223039
  11.984598963168139
  15.015306722342473
  12.359799073552542
  15.475923973874782
  12.748577008292616
  15.949410811315934
  13.160511811708822
  16.436112699112876
  13.583992311929647
  16.936405947043337
  14.020110473822962
  17.450678433835570
  14.468989117190763
  17.979292154965417
  14.930995727796445
  18.522653137397359
  15.406435015571947
  19.081190246605040
  15.895819952627120
  19.655300115179681
  16.399491904023716
  20.245424651639048
  16.917890291434500
  20.852013986841570
  17.451422199863991
  21.475534750063158
  18.000543147698806
  22.116464203684750
  18.565701742408773
  22.775284590414504
  19.147345720660411
  23.452489401391503
  19.745970130761094
  24.148578359827987
  20.362068427589065
  24.864119927499701
  20.996135568030578
  25.599609813541175
  21.648708271450641
  26.355607037446788
  22.320323144758554
  27.132719138988733
  23.011530798147696
  27.931502253608560
  23.722898248519211
  28.752528102042596
  24.455023694429205
  29.596516498607599
  25.208507474238370
  30.464011782270326
  25.983978919737883
  31.355593058514465
  26.782074009688351
  32.272132705282161
  27.603434117367318
  33.214219510593438
  28.448750356582817
  34.190757512314299
  29.318687139597699
  35.207609574595992
  30.213992565072484
  36.253870273018130
  31.135359303700877
  37.330349854020646
  32.083579933309515
  38.437931027327949
  33.059451088190954
  39.577522822595284
  34.063740174521769
  40.750041619991400
  35.097309244146324
  41.956439673038560
  36.161021062903259
  43.172424940314947
  37.255723649625480
  44.418608974876200
  38.382345324646430
  45.699653071618513
  39.541815917754917
  47.016514811067225
  40.735100483580162
  48.369979098632363
  41.956450764281776
  49.761183613767145
  43.197709902007894
  51.191340687192920
  44.474859269676131
  52.661415650905667
  45.788897080815246
  54.172595689624472
  47.140895147438613
  55.726089002462203
  48.531980442125352
  57.323170395308622
  49.963240873430735
  58.964880086177452
  51.435864572937277
  60.652658076438414
  52.955848082811407
  62.387637828705380
  54.539968852474892
  64.171042491784064
  56.170140039960700
  66.004556935359901
  57.847850751298658
  67.889583129657339
  59.574420477789957
  69.827043102283980
  61.351196395443893
  71.819731588275872
  63.179741207684657
  73.868493418926604
  65.061506739131190
  75.973097940058054
  66.998028406154489
  78.141715295003863
  68.990918708616860
  80.367751290495050
  71.041767864256329
  82.652586413413090
  73.152338681332537
  85.020800501071008
  75.324301044420693
  87.435259264369691
  77.559483015749677
  89.917014082072839
  79.859652027026456
  92.467870991763689
  82.226849783570415
  95.090172205847253
  84.714048395744356
  97.785808777454875
  87.221807089611119
 100.556403637566646
  89.802416003463762
 103.404653509121715
  92.457885813017015
 106.331148788671825
  95.190476609304127
 109.340384571187329
  98.002536984496146
 112.433457333832663
 100.896238641300897
 115.612672128338275
 103.873731375417321
 118.880161733670718
 106.934275703095963
 122.245577408555505
 110.086613626351706
 125.806870819172445
 113.330126817564505
 129.471065973956144
 116.668708259247666
 133.241116636368844
 120.104127257206017
 137.120100658155508
 123.639409533524187
 141.111165717950939
 127.277337238658674
 145.098078428807867
 131.020913404340433
 149.193979143422524
 134.873179654174635
 153.404562005014128
 138.837264443493865
 157.732974317315779
 142.916439907276526
 162.182570965986542
 147.114054910488960
 166.756613221747045
 151.433672220218682
 171.458853832317402
 155.878563314000331
 176.293021983344829
 160.452550685379549
 181.262936134543651
 165.159334020727954
 186.372299702397157
 170.002806153919579
 191.625120918703516
 174.986695470681269
 197.025615078660678
 180.115329449184856
 202.577712407759833
 185.392745485718194
 208.285465191590589
 190.823301771579423
 214.153135821389469
 196.411412971683205
 220.185664848786274
 202.161649471086946
 226.387640503824286
 208.078703569372607
 232.764299107655290
 214.167546793011013
 239.318750294877503
 220.433005052636588
 246.057558902952451
 226.880223304701076
 252.985829491278622
 233.514389256223467
 260.111116682702175
 240.341038093181083
 267.432704680606435
 247.365782772211446
 274.960684283365367
 254.594223793372407
 282.700836737285499
 262.032196863064939
 290.664143043116610
 269.685944684667618
 298.841021470972635
 277.561761588961758
 307.247934211088079
 285.665712151944376
 315.891103385043039
 294.036116749083703
 324.776607928274018
 302.616917633071012
 333.910826943062830
 311.446329515855155
 343.300020207261753
 320.531517319539716
 352.949907249828243
 329.880379031378368
 362.867931824124071
 339.500078322404647
 373.332085929558673
 349.398472627460649
 384.148602241129765
 359.583597299431517
 395.277906979409693
 370.063664925660419
 406.728644203483555
 380.847372484345499
 418.510092483975484
 391.943275008518810
 430.298507097105471
 403.360517782024317
 442.399868856048215
 415.108364958236905
 454.841640314416679
 427.196668629407327
 467.633419533197582
 439.634928873427555
 480.784482307897520
 452.433848112456531
 494.305725254044376
 465.603220161150318
 508.207016116184207
 479.154483713414322
 522.499202954872317
 493.098084422109480
 537.192807834091695
 507.445644709717783
 552.299190550321441
 522.208707990355492
 567.828604263833768
 537.399514515711417
 583.794252459503468
 553.030163634066298
 600.208537995044821
 569.113610306172632
 617.084929934349020
 585.662660163993337
 634.436380673972735
 602.691251239183543
 652.276888387050576
 620.212489596672071
 670.620603953603563
 638.241347280472837
 689.481781594481049
 656.792094629131952
 708.874643808766677
 675.880043996612585
 728.815684168709936
 695.520447224713280
 749.318996639187162
 715.729677044837558
 770.400196322688885
 736.523995797955763
 792.074943876868588
 757.920295665312324
 814.360674341323374
 779.936317422713273
 837.273947322128947
 802.589900140459577
 860.832870215233925
 825.898843840224458
 885.055808081101304
 849.883398570971281
 909.961524172145801
 874.562059553055064
 935.568380390413040
 899.955276008086003
 961.897324394142856
 926.083610018445370
 988.968310511397476
 952.968514913099739
1016.802002400341166
 980.631485758902727
1045.420231643380475
1009.095363147999819
1074.845003598962421
1038.383288578412248
1105.099093883138721
1068.519070864412242
1136.199561185081166
1099.527047922360680
1168.807083612253564
1131.432731618413527
1202.608959993303415
1164.261460360981118
1237.388444186550714
1198.041048583946804
1273.172750377341799
1232.797792331545452
1309.990901446580665
1268.560069759435237
1347.283232150014783
1305.357509757143362
1385.217497781384736
1343.218898102138382
1424.225128769636285
1382.176070912671548
1464.333406929420107
1422.260891692556470
1505.572538498661970
1463.505402465173347
1547.974233206374038
1505.944000120158989
1591.571911961468004
1549.610272457211749
1636.396360530155562
1594.540629678840560
1682.483502927121663
1640.771620062106422
1729.873419875738819
1688.338799926322281
1778.602664971433569
1737.283841086478560
1828.711896500714374
1787.644055058026879
1880.239527960898840
1839.461543090399346
1933.223253558723172
1892.777808811985778
1987.703127938428452
1947.637476667297733
2043.721972871608159
2004.084254917270300
2101.322084666820047
2062.164466226534387
2160.546851648700795
2121.924033801810310
2221.441620580445488
2183.413558432631362
2284.053714208157544
2246.681399016251817
2348.433716852220641
2311.779763058150820
2414.630942594450062
2378.760996884627730
2482.698420781950972
2447.680042498917373
2552.692472891183115
2518.592309911506618
2624.666621476259479
2591.555586202935501
2698.678729265179300
2666.629871335318967
2774.782943811551831
2743.875785117077157
2853.038547302520783
2823.355414089847727
2933.506929554000635
2905.134595297297892
3016.249681056025565
2989.278415123115337
3101.330771834307143
3075.856564808361327
3188.818078876706295
3164.939124704183996
3278.775337835345908
3256.596778380219803
3371.144449959703707
3350.905568591623251
3466.022842742027024
3447.942401050002900
3563.647122784828753
3547.785294100613100
3664.090709964352754
3650.512238107746271
3767.430010247645896
3756.210359665218220
3873.733455214310197
3864.963726186162603
3983.063391430501724
3976.861434666771402
4095.915379421133821
4091.994283545836879
4214.299989650117823
4210.457264549321735
4336.102524054344940
4332.345005469183889
4461.426290361288920
4457.757915753222733
4590.372340018836439
4586.796065571070358
4723.044712449011058
4719.564886970372754
4855.780015569216630
   0.000000000000000
   0.000000000000000
   0.000000000000000
   0.000000000000000
   0.000000000000000
   0.000000000000000
   0.000000000000000
   0.000000000000000
   0.000000000000000
   0.000000000000000
   0.000000000000000
   0.000000000000000
   0.000000000000000
   0.028895888126090
   0.000000000000000
   0.028895883583082
   0.000000000000000
   0.028895887070367
   0.028895884072586
   0.028895886647955
   0.028895889823235
   0.058626729838677
   0.028895882060313
   0.058626735865005
   0.028895883301322
   0.058626738760594
   0.028895891808863
   0.089216681917927
   0.058626739850253
   0.089216712123325
   0.058626731193313
   0.120690569159865
   0.058626738910966
   0.167609950156289
   0.089216648104584
   0.186392959202928
   0.089216671236522
   0.204188247535027
   0.089216691332273
   0.230675706184583
   0.120690543950645
   0.292238932238464
   0.120690552516066
   0.329579316616231
   0.153073912369533
   0.367998721366861
   0.183379164810206
   0.418834543780071
   0.186393006660411
   0.489626440666771
   0.220674905212109
   0.534142766270450
   0.292239061439014
   0.619694683317024
   0.292495303403967
   0.673159598756856
   0.330560200721431
   0.760846522120966
   0.375235590583342
   0.828777319739633
   0.429033852609033
   0.923394280527988
   0.490047088992376
   0.999866941342872
   0.533103350270912
   1.097283351138928
   0.579787487873653
   1.185330507640344
   0.650808558644627
   1.284395995321695
   0.718134205796057
   1.387924505497244
   0.771066354183912
   1.488202044775738
   0.850346806729779
   1.598106649418139
   0.925496712573716
   1.710190849046979
   0.995839886479136
   1.822756341052890
   1.089393727039422
   1.949969188106759
   1.157886334754819
   2.062992429419525
   1.250405315038598
   2.196984076077741
   1.348514306130484
   2.317991307113255
   1.430765053146104
   2.461267250456427
   1.533188081634669
   3.223278058167498
   1.634077051530016
   3.357424344155810
   1.735208385527809
   3.495700794210380
   1.847996753541689
   3.638105993078879
   1.951986630475429
   3.784586533899233
   2.071076284158368
   3.929465679736966
   2.196410138945807
   4.071909480887555
   2.308736980396635
   4.218466372545674
   2.443257209236803
   4.379674813246875
   2.582404001635106
   4.546965268723452
   2.714181023287075
   4.719077241866230
   2.865500297246728
   4.895753310246644
   3.020211112570654
   5.077172352984637
   3.180210289356466
   5.263557630705519
   3.346692055758981
   5.455124943606325
   3.519867705506091
   5.651916477367164
   3.685887888948605
   5.854112127090334
   3.863911310922053
   6.061842464105461
   4.046227679327322
   6.275233431434287
   4.218466366198069
   6.494557515128315
   4.407043086393404
   6.719974428442712
   4.600592897377221
   6.951551107811461
   4.799958909311647
   7.189263225934630
   5.003949533597059
   7.433651471275552
   5.191151710988634
   7.684847477551465
   5.402420320641254
   7.942832362577027
   5.620504821552264
   8.207993196746347
   5.844015701254607
   8.480514465802056
   6.072635767026013
   8.760406569469524
   6.306412892289404
   9.047640715884098
   6.547673894255089
   9.338485774390977
   6.775758293634187
   9.637223238154817
   7.017112702179632
   9.944600890261029
   7.277647334247221
  10.260854889404968
   7.545293734967706
  10.586243496355577
   7.819963144660282
  10.921039592578879
   8.102415898381301
  11.265508281706458
   8.392671694133575
  11.619933235927968
   8.690156900093323
  11.984595357512957
   8.993266591511944
  12.359801155519676
   9.306997269965738
  12.745842490362818
   9.630212426866215
  13.143039789846123
   9.944598560002623
  13.551715471899461
  10.260854508986885
  13.972201010233663
  10.603451420591485
  14.404833544345315
  10.962596576122177
  14.849969157869520
  11.331861079755058
  15.307968188980315
  11.711626898004805
  15.779203536536683
  12.101250854384613
  16.264052132872102
  12.502550808992863
  16.762909502056409
  12.915139678225760
  17.276185261347354
  13.339018385950956
  17.804292167640767
  13.773995230670652
  18.347660691336568
  14.220947030509549
  18.906719552588765
  14.680969488454608
  19.480110788869911
  15.154359769782618
  20.063046946923240
  15.641308439105028
  20.662031123952051
  16.142171353567957
  21.277502756793247
  16.657270425550436
  21.909922364465057
  17.187001627941214
  22.559742534758424
  17.731749337949971
  23.227464729913539
  18.291934052370479
  23.913562300505422
  18.867961357050710
  24.618562030169439
  19.460292647485883
  25.342972182984365
  20.069383631578422
  26.087319205524899
  20.682733338520276
  26.852162617962893
  21.309284675017103
  27.638085447805583
  21.953927592690452
  28.445624957426215
  22.617205254550722
  29.275404251381332
  23.299644660407065
  30.128036038772127
  24.001806321403674
  31.004124436667791
  24.734927088092192
  31.904357813073805
  25.493393186479544
  32.829421394636178
  26.273376272313456
  33.779952947367661
  27.075436767327542
  34.756638189604040
  27.900140728532570
  35.760329348391849
  28.748047619033837
  36.791586590505574
  29.619925869057955
  37.851330540779109
  30.516376584513822
  38.940431091557798
  31.438246073749305
  40.059494966699525
  32.386186305967229
  41.209223770805231
  33.361149815331139
  42.390706668270646
  34.363832023124367
  43.604626296248156
  35.395041290278265
  44.851988535903160
  36.455559637649785
  46.133907289438255
  37.546230361573670
  47.451377845129471
  38.667865267390866
  48.804505048404515
  39.821348943627122
  50.195160104256885
  41.007586269469058
  51.623859479996568
  42.227508692607223
  53.091766984323961
  43.482036989434867
  54.600529574051386
  44.772285768621238
  56.151625885927629
  46.099162462142978
  57.764379579575092
  47.463565956946027
  59.462435635415403
  48.866708686468442
  61.209556732232393
  50.309633921773539
  63.007132981236204
  51.793463256322333
  64.856664734292593
  53.319396763333863
  66.708977705822875
  54.888582446550515
  68.594205334327867
  56.502277083706751
  70.531115343137870
  58.161762598992567
  72.524168161618093
  59.868388466640745
  74.570235863874117
  61.623407636958390
  76.672029514150950
  63.428270448376004
  78.832743385136993
  65.284394056253731
  81.052147038664842
  67.193142621054861
  83.332309553452944
  69.156095239552471
  85.681488479534607
  71.174739975256998
  88.090336306139776
  73.250688377218609
  90.564298395573829
  75.385619163903101
  93.104282411387885
  77.581144126406159
  95.716782033642033
  79.838920524214728
  98.401601939630510
  82.160872609484016
 101.161194758237400
  84.565055058125225
 103.996463091905838
  87.023083746095324
 106.900297193116941
  89.551199368191234
 109.892823660124961
  92.149139470983869
 112.968015566727232
  94.820748543804342
 116.131129944513248
  97.567757052196114
 119.379727901871206
 100.392636119972394
 122.718579387142626
 103.275023826356474
 126.149973690004117
 106.208612738718728
 129.677289212143847
 109.250652874350052
 133.304780614980643
 112.379797314509233
 137.120180301268505
 115.606602021832614
 141.111282994436323
 118.926819604918649
 145.217650117168944
 122.345510328884870
 149.442740680437225
 125.863568229723896
 153.682005082646441
 129.484481219374715
 157.975333473831711
 133.241117004183877
 162.387477512030699
 137.120152214165671
 166.921783659033480
 141.111225680559755
 171.582058703862032
 145.217659922058004
 176.372081822027411
 149.442741532093891
 181.295313305490140
 153.789922320651982
 186.354464587143099
 158.262697308016271
 191.553510216208679
 162.864747248828792
 196.897519382332661
 167.599737831531201
 202.391530494496806
 172.471583315802434
 208.037911377693547
 177.484193999854654
 213.838090013000397
 182.641677035362420
 219.799577827257707
 187.948120649100559
 225.929773794355839
 193.407927745612085
 232.236000063823155
 199.025476743064530
 238.706950094362639
 204.805406989781574
 245.357361347408812
 210.733140622406893
 252.193604388990479
 216.819110924404754
 259.247102121096304
 223.082015754624592
 266.465090618800559
 229.526645400008618
 273.883372677283432
 236.158355294437314
 281.505037656927868
 242.982642323423164
 289.409292519615690
 250.005110747443268
 297.457977023054184
 257.231259991859474
 305.733624244722876
 264.667105095463967
 314.521091096238763
 272.318703137353964
 323.638321071625171
 280.192693959616975
 333.018980129634258
 288.294926151893719
 342.659742046214149
 296.843245770723115
 352.194231837651557
 305.422065135976652
 361.993260673406098
 314.249038317560348
 372.064224125422072
 323.331617620589498
 382.415823034311472
 332.678560088004303
 393.055854584832900
 342.296336238372874
 403.992389402088122
 352.192113958748905
 415.234202238192211
 362.374981751138819
 426.789901757839971
 372.852702295764175
 438.666942849001543
 383.633862788515046
 450.874728470274647
 394.727269275776962
 463.422141273329203
 406.141963111018185
 476.318943474593084
 417.887271375231137
 489.574658930896817
 429.972732304753322
 503.199223406043814
 442.408261255749096
 517.202919750754631
 455.204132876826634
 531.596395659600034
 468.370646465273239
 546.389894610355896
 481.918431295373978
 561.595317781477775
 495.858861292454890
 577.224519877530156
 510.203093085994965
 593.286093267103865
 524.962785966174465
 609.795059588461640
 540.149605727083326
 626.765262330896235
 555.776879584026688
 644.201260542507953
 571.856315446043595
 662.122159267333245
 588.401524174959491
 680.544932116143855
 605.425960980249215
 699.532850556351605
 622.943379161923758
 719.775005471115492
 640.967863563572791
 740.602443121256215
 659.514292904741524
 762.031849358683530
 678.597897854681833
 783.917706111709663
 698.233611928772461
 805.753981700146937
 718.437686212110407
 828.200026833686479
 739.227079808727581
 851.272928594784275
 760.618253456084972
 874.990126867262688
 782.628760623550647
 899.369248226000309
 805.277094015269540
 924.429032688650523
 828.581086073390679
 950.188902308257298
 852.559671261389326
 976.668109735309713
 877.232988556281384
1003.886181361373474
 902.620796917464304
1031.864413226606530
 928.743396746495137
1060.623846670827106
 955.622361510452606
1090.185103075167945
 983.279776028056290
1120.571414149419070
1011.738057308580778
1151.805143117993111
1041.019664527497298
1183.906857259741400
1071.149063683217491
1216.906050815222670
1102.151267877041619
1250.829154173168718
1134.050415726483834
1285.701369620211608
1166.873101887802704
1321.550368226734008
1200.645462218506509
1358.407320666389978
1235.395197853330501
1396.295112308798934
1271.150832767835482
1435.239803620750763
1307.941131531263864
1475.271455994589587
1345.795974912166230
1516.416256861503598
1384.746623982677193
1558.709006575269086
1424.824547322415810
1602.169344115276999
1466.061974233120964
1646.839276239099263
1508.492949308475090
1693.113943707531007
1552.151742967243990
1742.067236473941421
1597.073823919826964
1792.434036045807716
1643.296534989661950
1844.257129734969340
1690.855592512980820
1897.335976040524656
1739.791895361446223
1950.318406784274657
1790.142869145847499
2004.783955779800181
1841.950689198994951
2060.776294540148683
1895.258321200737555
2118.336283834877122
1950.108240042063017
2177.508752917501624
2006.545463406635008
2238.338161962674803
2064.615391792809987
2300.872439051866877
2124.366965961926780
2365.159869064472787
2185.846212296640715
2431.247929318607021
2249.105711199802954
2499.188714603486915
2314.194184520750241
2569.034708631192188
2381.166189685201971
2640.839141012856999
2450.076391530677938
2714.657105341981605
2520.978718784543616
2790.545653988204776
2593.933789364548829
2868.560889725723882
2668.998771395745734
2948.763674390306733
2746.235227227135965
3031.215086892413183
2825.705241857333021
3115.976881411883824
2907.474652905613766
3203.111965682657228
2991.608544711563354
3292.683897644843455
3078.177049246982278
3384.755878310490971
3167.248193489366713
3479.387683087142250
3258.896642558641815
3576.664594685025804
3353.195660058639533
3676.676529929714434
3450.221808514960230
3779.491861811255603
3550.055187465583003
3885.167667786326547
3652.773377992732549
3993.747617037951386
3758.463254549257272
4105.236277486608742
3867.207830533754986
4219.545427418328472
3979.095811983870135
4336.519336416789884
4094.221348603433853
4461.427951411861613
4212.672978234905713
4590.372340018960131
4334.550846738529799
4723.044712449011058
4459.949754705307896
4847.878010982659362
4588.970511185246323
4964.965997199473350
4721.715537387131008
4999.999999998999556
