 -45.956074172248279
 -35.028225735545838
 -32.964682217134985
 -31.396062038717194
 -30.388056753035766
 -29.736290616900195
 -29.210724249452873
 -28.744446582327171
 -28.305359552620491
 -27.940046484582908
 -27.601473952709473
 -27.314033532440739
 -27.045122100636490
 -26.792427208942076
 -26.554891825854586
 -26.322777738606629
 -26.106927477179191
 -25.897982212820480
 -25.695932029079987
 -25.505120748814150
 -25.321036300156756
 -25.142461025505188
 -24.968522996679450
 -24.797586998795893
 -24.631647349227833
 -24.469003199677662
 -24.308876095197874
 -24.152317342871072
 -23.998799713548962
 -23.847616953154795
 -23.698589344029429
 -23.551383950391450
 -23.405857336665488
 -23.258395541339599
 -23.111852424923431
 -22.966911397459757
 -22.823431233931476
 -22.681221902855803
 -22.540199638385729
 -22.400311765682808
 -22.261238907726707
 -22.122060691928553
 -21.983719752213116
 -21.846323074504372
 -21.709726265886690
 -21.573882908092681
 -21.438796119377272
 -21.304358999662185
 -21.170223120818303
 -21.036529452047922
 -20.903274163120578
 -20.770356607771838
 -20.637674081426280
 -20.504880165610945
 -20.371536811152893
 -20.238122542797484
 -20.105042402226847
 -19.971809062672477
 -19.838122413921333
 -19.704523553711343
 -19.570836704947947
 -19.437183375014413
 -19.303701638670713
 -19.170268534167633
 -19.036728482749808
 -18.902967686083205
 -18.769027636087824
 -18.635078613212972
 -18.501201186043826
 -18.367374805843429
 -18.233552010977149
 -18.099644123452613
 -17.965690143298215
 -17.831822089339351
 -17.698085752924698
 -17.564512839464069
 -17.431152675866212
 -17.297980898545713
 -17.164998952881891
 -17.032266144790174
 -16.899802197545910
 -16.767630672998905
 -16.635757543240370
 -16.504198943084454
 -16.372992671045814
 -16.242165118901440
 -16.111733009515838
 -15.981708749788709
 -15.852114487997238
 -15.722978913331429
 -15.594326885396100
 -15.466173450937815
 -15.338528579874358
 -15.211408193050580
 -15.084830855520103
 -14.958817420636784
 -14.833384466249850
 -14.708563229882609
 -14.584363669082867
 -14.460800877685513
 -14.337872197911940
 -14.215575350407009
 -14.093917847352900
 -13.972910703938409
 -13.852555587835386
 -13.732853793383445
 -13.613811174300185
 -13.495434785210449
 -13.377727607945962
 -13.260693019167981
 -13.144337904907777
 -13.028668401191398
 -12.913687180234158
 -12.799396574388098
 -12.685799653320210
 -12.572899757642201
 -12.460698921895148
 -12.349198726594048
 -12.238401143992979
 -12.128308162385412
 -12.018921119185952
 -11.910241170956134
 -11.802269735535610
 -11.695008079597994
 -11.588456982551879
 -11.482617126828336
 -11.377489271619563
 -11.273073780630797
 -11.169370787695431
 -11.066380207195417
 -10.964101970260177
 -10.862534799803742
 -10.761678990595339
 -10.661530985075627
 -10.562090600955974
 -10.463362274830423
 -10.365343984901140
 -10.268035242285677
 -10.171437291415778
 -10.075552385680032
  -9.980384018438523
  -9.885931651890070
  -9.792194910133894
  -9.699174803869758
  -9.606869576987680
  -9.515277478656175
  -9.424396711736632
  -9.334221438612634
  -9.244749408007463
  -9.155979412981923
  -9.067907190368919
  -8.980530402492203
  -8.893847410595811
  -8.807854659383965
  -8.722549468199960
  -8.637929538701457
  -8.553991277681774
  -8.470731005751659
  -8.388145899162673
  -8.306234791231176
  -8.224993756223347
  -8.144420276939721
  -8.064510952506890
  -7.985262793795542
  -7.906674204180483
  -7.828741742674888
  -7.751462713037553
  -7.674834848525937
  -7.598854852299460
  -7.523520059609398
  -7.448827831526820
  -7.374775021877332
  -7.301358679711432
  -7.228575787438352
  -7.156423039868214
  -7.084897172427370
  -7.013994845329736
  -6.943712595140642
  -6.874046993428757
  -6.804994560344176
  -6.736551793253753
  -6.668715253219572
  -6.601481589670857
  -6.534847464041493
  -6.468809375023795
  -6.403363710291567
  -6.338506757732190
  -6.274234620943948
  -6.210543285241927
  -6.147428800497766
  -6.084887259592547
  -6.022914733949397
  -5.961507327975004
  -5.900661161038149
  -5.840372359880410
  -5.780637051609615
  -5.721451360144974
  -5.662811433446779
  -5.604713444581709
  -5.547153544889266
  -5.490127869179137
  -5.433632592952176
  -5.377663971997431
  -5.322218218383997
  -5.267291534790755
  -5.212880191616639
  -5.158980441257254
  -5.105588578683056
  -5.052700947734484
  -5.000313917794276
  -4.948423893494296
  -4.897027246472210
  -4.846120338637486
  -4.795699499258084
  -4.745761007194665
  -4.696301134906609
  -4.647316166242776
  -4.598802383287705
  -4.550756080677232
  -4.503173562221889
  -4.456051143867545
  -4.409385155506294
  -4.363171942039346
  -4.317407866475070
  -4.272089320301998
  -4.227212881706662
  -4.182775088736678
  -4.138772467352451
  -4.095201533851012
  -4.052058798735352
  -4.009340653632156
  -3.967043451823162
  -3.925163625744521
  -3.883697609977190
  -3.842641877860703
  -3.801992922507128
  -3.761747262305930
  -3.721901437991547
  -3.682452011648444
  -3.643395566691496
  -3.604728707175766
  -3.566448057828132
  -3.528550263891262
  -3.491031991101744
  -3.453889925727136
  -3.417120774609161
  -3.380721265190427
  -3.344688145604736
  -3.309018184887416
  -3.273708172906447
  -3.238754934794239
  -3.204155350141409
  -3.169906308462039
  -3.136004737706110
  -3.102447565030043
  -3.069231738133075
  -3.036354175055913
  -3.003811826649510
  -2.971601631331423
  -2.939720569275262
  -2.908165621514704
  -2.876933806582294
  -2.846022153573933
  -2.815427723765118
  -2.785147593619894
  -2.755178866117331
  -2.725518659834431
  -2.696164116588793
  -2.667112393903110
  -2.638360672134843
  -2.609906148689331
  -2.581746047544834
  -2.553877634523553
  -2.526298191962619
  -2.499005025378041
  -2.471995453690106
  -2.445266814538184
  -2.418816453517932
  -2.392641714183248
  -2.366739963051609
  -2.341108580876239
  -2.315744973652512
  -2.290646565761675
  -2.265810805890250
  -2.241235162267190
  -2.216917126203982
  -2.192854208835070
  -2.169043943405561
  -2.145484561698039
  -2.122173794427328
  -2.099109088607494
  -2.076287996022657
  -2.053707928523380
  -2.031366431226383
  -2.009260994046192
  -1.987389217288077
  -1.965748688610845
  -1.944337086344176
  -1.923152100225828
  -1.902191501101425
 -42.215571291486235
 -31.287722854783791
 -29.224179336372934
 -27.979638531951476
 -26.971633285982023
 -26.319867174764028
 -25.849729345613124
 -25.460707268949946
 -25.106736167735733
 -24.814607422659801
 -24.535401390142297
 -24.274839834971651
 -24.046320188961623
 -23.843052714703685
 -23.651520679796782
 -23.479722612936641
 -23.316025178761265
 -23.160535876857914
 -23.010105855418796
 -22.869485864329050
 -22.732582958759483
 -22.598642130713852
 -22.468455864789497
 -22.343662799889476
 -22.223736914523318
 -22.106502988943124
 -21.992275523427463
 -21.880865535560574
 -21.771538197570603
 -21.663967112350864
 -21.557835875584143
 -21.453871689384282
 -21.350717424563836
 -21.248319119991855
 -21.147016836501134
 -21.046966120286317
 -20.947458440438371
 -20.848464013266895
 -20.750183979487829
 -20.652486726858072
 -20.555161999293784
 -20.458204466254653
 -20.361782234436227
 -20.265463837402628
 -20.169163699124343
 -20.073011932933309
 -19.976885401381907
 -19.880664990518664
 -19.784437668963619
 -19.688306490814053
 -19.592137525173968
 -19.495830091612753
 -19.399409201441916
 -19.302710311037323
 -19.205703850529037
 -19.108305651275757
 -19.010538194036801
 -18.912154323855667
 -18.813399267991791
 -18.711497661765463
 -18.606929997794744
 -18.501241536932884
 -18.394853533343607
 -18.287752106780481
 -18.179914397589737
 -18.071390946210403
 -17.961451896772108
 -17.850236563352155
 -17.738165549566126
 -17.625344140031078
 -17.511948221321994
 -17.398047179498718
 -17.283454063662337
 -17.168167582058093
 -17.052540724182890
 -16.936570994519649
 -16.820232537977699
 -16.703594890532752
 -16.586632762679816
 -16.469433598415534
 -16.352098545711726
 -16.234631575107418
 -16.117058657617253
 -15.999404545986200
 -15.881713843696440
 -15.764057267803276
 -15.646535612057395
 -15.529175863356272
 -15.411940464608914
 -15.294836495334108
 -15.177909042771836
 -15.061204256788022
 -14.944737673013936
 -14.828507469401817
 -14.712530833559800
 -14.596845349612968
 -14.481474546467931
 -14.366419649143793
 -14.251691647503399
 -14.137315838578317
 -14.023314388253256
 -13.909695677189081
 -13.796467062199087
 -13.683644818021545
 -13.571245700096590
 -13.459279310547519
 -13.347768593850445
 -13.236743266314789
 -13.126213150605606
 -13.016184110434569
 -12.906648404921604
 -12.797614646615360
 -12.689091282919248
 -12.581084265502216
 -12.473595198151793
 -12.366631753879116
 -12.260200985106845
 -12.154308359108613
 -12.048958712327854
 -11.944159498802266
 -11.839917382625869
 -11.736237244353475
 -11.633123768321436
 -11.530582287688862
 -11.428617866421297
 -11.327234796716485
 -11.226437512821898
 -11.126230319428943
 -11.026617120870371
 -10.927601542360474
 -10.829186655088712
 -10.731375619113503
 -10.634171392119045
 -10.537575774746442
 -10.441591379401430
 -10.346221271737967
 -10.251467121962801
 -10.157330961167304
 -10.063814646053199
  -9.970919274612191
  -9.878647364174759
  -9.787000560617559
  -9.695979806614590
  -9.605587035673661
  -9.515823349438088
  -9.426690429937196
  -9.338194639861921
  -9.250336681221574
  -9.163116574759851
  -9.076536970080010
  -8.990597387305648
  -8.905296834490501
  -8.820635890838799
  -8.736611959883248
  -8.653219682963581
  -8.570458767782020
  -8.488328260141573
  -8.406821182606050
  -8.325939914729243
  -8.245685359796434
  -8.166053380277665
  -8.087044284441715
  -8.008654959970583
  -7.930883544492660
  -7.853731225751834
  -7.777195314888257
  -7.701274453117461
  -7.625968032838156
  -7.551274222987476
  -7.477190916804585
  -7.403717056612339
  -7.330850855871879
  -7.258589949109453
  -7.186932420302603
  -7.115875752515008
  -7.045417148426012
  -6.975553878024632
  -6.906283003380356
  -6.837601659710249
  -6.769506988265517
  -6.701996055330309
  -6.635065944522586
  -6.568713730389971
  -6.502936440274057
  -6.437731061882870
  -6.373094545878981
  -6.309023802107053
  -6.245515692253061
  -6.182567028949781
  -6.120174597328581
  -6.058335168052619
  -5.997045502512359
  -5.936302322014339
  -5.876102306983935
  -5.816442111439057
  -5.757318453298034
  -5.698727990833603
  -5.640667313234194
  -5.583132935800738
  -5.526121591783244
  -5.469629913123359
  -5.413654372365048
  -5.358191889139764
  -5.303239216495530
  -5.248792590262933
  -5.194848770879660
  -5.141404514969194
  -5.088456444296842
  -5.036001387938519
  -4.984036153698517
  -4.932557609573084
  -4.881562520153398
  -4.831047553255892
  -4.781009308340285
  -4.731444239815308
  -4.682348765434002
  -4.633719359199630
  -4.585552500472596
  -4.537844684983853
  -4.490592423225033
  -4.443792236646479
  -4.397440660161615
  -4.351534241053236
  -4.306069544553442
  -4.261043160190730
  -4.216451712111115
  -4.172291826572715
  -4.128560147654103
  -4.085253316873882
  -4.042367980904447
  -3.999900785318534
  -3.957848360883259
  -3.916207354895540
  -3.874974408661352
  -3.834146151025027
  -3.793719228685428
  -3.753690295145279
  -3.714056018930517
  -3.674813083148188
  -3.635958186836839
  -3.597488046039615
  -3.559399394058997
  -3.521688982239717
  -3.484353580046387
  -3.447389975447066
  -3.410794975377651
  -3.374565405606329
  -3.338698111061416
  -3.303189957170788
  -3.268037828325935
  -3.233238671206722
  -3.198789543981516
  -3.164687436523131
  -3.130929382026716
  -3.097512387161988
  -3.064433457345894
  -3.031689491508158
  -2.999277494573145
  -2.967194448499710
  -2.935437397421017
  -2.904003389747093
  -2.872889514054150
  -2.842092881789740
  -2.811610629393497
  -2.781439904660081
  -2.751577876143931
  -2.722021714471457
  -2.692768612665915
  -2.663815775790704
  -2.635160432900274
  -2.606799829419097
  -2.578731234780844
  -2.550951942356909
  -2.523459268334963
  -2.496250550712669
  -2.469323147225175
  -2.442674435533514
  -2.416301810343616
  -2.390202680628752
  -2.364374472749057
  -2.338814629239097
  -2.313520612218596
  -2.288489901576804
  -2.263719997510096
  -2.239208418749540
  -2.214952704489320
  -2.190950413003689
  -2.167199123312821
  -2.143696564175011
  -2.120440441966468
  -2.097428462772488
  -2.074658291716500
  -2.052127583311371
  -2.029833998006006
  -2.007775199623408
  -1.985948889477009
  -1.964352810149704
  -1.942984775784301
  -1.921842673224811
  -1.900924528711870
 -39.876799543791179
 -28.948951107088739
 -26.885407588677882
 -25.824070259318461
 -24.816065037557856
 -24.164298934987333
 -23.694161100918521
 -23.332028111855816
 -23.011206273189028
 -22.725772712293100
 -22.488363269282431
 -22.274261231944489
 -22.060887310188104
 -21.865929484139500
 -21.696605662464783
 -21.533512965792909
 -21.386761373375581
 -21.250229541711168
 -21.121376819744523
 -21.001291087660913
 -20.885990556252462
 -20.773583119692624
 -20.666077647005505
 -20.564532931908293
 -20.465368913168781
 -20.368753880882451
 -20.273021691343121
 -20.180343753194897
 -20.091726281208718
 -20.004513226903029
 -19.919375476240436
 -19.836154921295645
 -19.754559862416240
 -19.674222440358925
 -19.595581616154806
 -19.517645342797518
 -19.440127792168084
 -19.363512420957960
 -19.287850487160487
 -19.212569701988748
 -19.137366427535753
 -19.062523774805484
 -18.988411848292355
 -18.914461924632047
 -18.840796797230734
 -18.767337129913734
 -18.693924246854319
 -18.620525692062550
 -18.547014139069560
 -18.473291986385693
 -18.399564725689498
 -18.325619920187275
 -18.251242536969226
 -18.176424461204739
 -18.101454565727892
 -18.026147803314451
 -17.950276158014194
 -17.873666778135362
 -17.796305195182793
 -17.718241862611301
 -17.639232568349602
 -17.558201716472333
 -17.471932090971460
 -17.383404434787028
 -17.294166353631116
 -17.203978241568656
 -17.112827465479132
 -17.020624867411176
 -16.927328467647484
 -16.832751801501598
 -16.736081788142982
 -16.638420213157115
 -16.540039514391047
 -16.440889524058026
 -16.341130998232856
 -16.240750104197673
 -16.139584516772324
 -16.037612459787105
 -15.935110224845200
 -15.832118760402940
 -15.728718227138367
 -15.624949657819695
 -15.520847253428876
 -15.416495484258437
 -15.311870337999702
 -15.207003555357574
 -15.101973377783713
 -14.996828910224227
 -14.891567744149148
 -14.786209216860192
 -14.680774139735338
 -14.575303135041121
 -14.469833930596826
 -14.364379575936825
 -14.258958997474586
 -14.153650887072205
 -14.048503387128093
 -13.943488757147579
 -13.838589863817274
 -13.733834172782466
 -13.629272137237558
 -13.524925198280576
 -13.420783847418393
 -13.316851473025340
 -13.213149720971964
 -13.109700064175113
 -13.006511066291885
 -12.903588818603158
 -12.800946729343583
 -12.698600580615349
 -12.596563156586772
 -12.494845806919892
 -12.393460257463810
 -12.292418741792808
 -12.191730994329635
 -12.091420037301136
 -11.991515925627905
 -11.892027000051730
 -11.792958713130595
 -11.694304647444252
 -11.596074093661151
 -11.498274966700530
 -11.400913341055935
 -11.303992866065208
 -11.207522506661478
 -11.111509591351593
 -11.015960451584437
 -10.920880842560205
 -10.826277510459406
 -10.732156003452808
 -10.638521480846896
 -10.545379140638117
 -10.452734260296706
 -10.360591350541068
 -10.268954898127831
 -10.177829715098968
 -10.087220075980481
  -9.997130061185414
  -9.907563844859933
  -9.818525001858486
  -9.730016790906443
  -9.642043373505569
  -9.554607907792738
  -9.467713684128540
  -9.381364196687210
  -9.295561763498862
  -9.210308182542162
  -9.125606044517616
  -9.041456379140900
  -8.957862131396180
  -8.874825758126223
  -8.792348089829098
  -8.710431549970592
  -8.629078745976113
  -8.548292883441041
  -8.468078263354753
  -8.388436209577243
  -8.309366634807626
  -8.230872318650194
  -8.152953871204762
  -8.075609906909699
  -7.998839230980288
  -7.922639228524316
  -7.847010380451464
  -7.771951231634020
  -7.697459954586359
  -7.623536052194916
  -7.550179817729258
  -7.477395792368018
  -7.405177213417598
  -7.333524158137371
  -7.262436041864366
  -7.191909820101712
  -7.121944629242580
  -7.052539056059359
  -6.983690347524258
  -6.915396421337928
  -6.847655379339239
  -6.780464937092993
  -6.713823038488728
  -6.647727590469970
  -6.582176408811371
  -6.517167441037288
  -6.452698545196092
  -6.388767453995074
  -6.325371876652898
  -6.262509577520153
  -6.200178370174930
  -6.138375924572594
  -6.077099682317203
  -6.016347084128851
  -5.956115895676111
  -5.896403830025934
  -5.837208105962310
  -5.778525570338933
  -5.720353867575891
  -5.662691061977431
  -5.605534267728601
  -5.548879242168062
  -5.492723542853380
  -5.437066061947254
  -5.381903726435878
  -5.327234520994945
  -5.273056027969589
  -5.219363407934885
  -5.166153992923504
  -5.113425974224630
  -5.061176039830188
  -5.009401697111399
  -4.958100178064100
  -4.907268608962426
  -4.856904192685042
  -4.807004001203866
  -4.757565099738732
  -4.708584481211043
  -4.660059089046302
  -4.611985860148001
  -4.564361702875544
  -4.517183512364418
  -4.470448172235503
  -4.424152561136347
  -4.378293556682326
  -4.332868025505480
  -4.287872838256387
  -4.243304886355493
  -4.199161044625975
  -4.155438184286536
  -4.112133242674179
  -4.069243122200049
  -4.026764698537513
  -3.984695002875716
  -3.943030985589100
  -3.901769541588181
  -3.860907571485171
  -3.820441790897089
  -3.780368948715925
  -3.740685833505777
  -3.701389252842086
  -3.662476041313004
  -3.623943053267130
  -3.585787163890650
  -3.548005266972244
  -3.510594275292992
  -3.473551119596276
  -3.436872748072441
  -3.400556128118577
  -3.364598244668955
  -3.328996100117005
  -3.293746721033297
  -3.258847148870287
  -3.224294446661129
  -3.190085720774336
  -3.156218063909316
  -3.122688599538546
  -3.089494438935582
  -3.056632720467781
  -3.024100552140300
  -2.991895091752231
  -2.960013491846246
  -2.928452940311477
  -2.897210650949729
  -2.866283852993143
  -2.835669845305638
  -2.805365909604990
  -2.775369293542664
  -2.745677255423521
  -2.716286992393523
  -2.687195739416903
  -2.658400756982013
  -2.629899336121837
  -2.601688790693068
  -2.573766460932857
  -2.546129708693032
  -2.518775919607161
  -2.491702500064457
  -2.464906877829087
  -2.438386500332084
  -2.412138834548389
  -2.386161365976627
  -2.360451598278615
  -2.335007052887967
  -2.309825269381068
  -2.284903805050085
  -2.260240235717989
  -2.235832155456799
  -2.211677177903058
  -2.187772936648797
  -2.164117087733488
  -2.140707312008538
  -2.117541321549062
  -2.094616856099622
  -2.071931655093437
  -2.049483489049402
  -2.027270144178488
  -2.005289460105565
  -1.983539351929900
  -1.962017897099020
  -1.940723385991993
  -1.919654440217174
  -1.898810313432619
