 PROD	               ASSET	   searchEffortWWUS0	   searchEffortWWUL0	    searchEffortVEWW
    0	   0.000000000000000	   1.168937578980072	   1.580701213621436	   0.000000000000000
    0	   0.028895878633786	   1.095210798142855	   1.580701213621436	   0.000000000000000
    0	   0.058626729069591	   1.021646733411725	   1.212167390868029	   0.000000000000000
    0	   0.089216678551268	   0.956250648287536	   1.212167391839017	   0.035377035128528
    0	   0.120690551500581	   0.950557379217642	   1.108960490039594	   0.034129531119427
    0	   0.153073889662773	   0.912590040228609	   1.021646815072615	   0.033008162251715
    0	   0.186392972834257	   0.878683161941341	   0.976365434912293	   0.032211002520075
    0	   0.220674840189252	   0.854663096201759	   0.956250593525818	   0.031899531493231
    0	   0.255947312222677	   0.824406233462229	   0.912590006292273	   0.030815348820322
    0	   0.292239013327094	   0.808980942154407	   0.877541348509059	   0.029922413044709
    0	   0.329579395022038	   0.786289652684502	   0.849303967182315	   0.029095695315968
    0	   0.367998759854577	   0.765324317227949	   0.815734543763151	   0.028332368148198
    0	   0.407528285990505	   0.745429219641632	   0.799720155538066	   0.028064453951547
    0	   0.448200052516108	   0.730355708681394	   0.775206975334376	   0.027717484036691
    0	   0.490047065471057	   0.715902910002752	   0.759544304506476	   0.027376452125614
    0	   0.533103284633538	   0.701835233980385	   0.741421541058696	   0.027099385905370
    0	   0.577403651079368	   0.686958833667830	   0.724427424212101	   0.026733688819140
    0	   0.622984115537448	   0.674857639930068	   0.708331974991703	   0.026293625570905
    0	   0.669881667564581	   0.661664226457874	   0.691961490410908	   0.025835832229359
    0	   0.718134365563312	   0.648902901018366	   0.677194892264591	   0.025509881996951
    0	   0.767781367667167	   0.636067761341390	   0.662979163196159	   0.025184482679446
    0	   0.818862963518346	   0.624085043010621	   0.649253650702014	   0.024897616184982
    0	   0.871420606963662	   0.613526422005586	   0.636067674732105	   0.024605331693205
    0	   0.925496949695250	   0.603316079264569	   0.624085075500482	   0.024313437833749
    0	   0.981135875863370	   0.593379680401226	   0.612693255235697	   0.024048929995863
    0	   1.038382537689358	   0.583488343891796	   0.601717306584736	   0.023795643029619
    0	   1.097283392107659	   0.574740099504505	   0.591124801646325	   0.023556937144702
    0	   1.157886238466658	   0.565715678046919	   0.580833156444696	   0.023313543121628
    0	   1.220240257318908	   0.556815806586430	   0.571144928509127	   0.023073764326254
    0	   1.284396050332241	   0.548544100389565	   0.561768235567090	   0.022848211059910
    0	   1.350405681354142	   0.540410850308268	   0.552644062008493	   0.024053789379924
    0	   1.418322718662713	   0.532375111573889	   0.543908275614834	   0.032636134421886
    0	   1.488202278438519	   0.524569335631904	   0.535474233819655	   0.042056067590699
    0	   1.560101069492589	   0.517054658611949	   0.527282065003468	   0.051681416328005
    0	   1.634077439286873	   0.509716835634080	   0.519343039166756	   0.061331193543210
    0	   1.710191421284502	   0.501210875413269	   0.511686031168726	   0.070708789515084
    0	   1.788504783668267	   0.493348064951794	   0.504262713235560	   0.079631277974204
    0	   1.869081079466878	   0.485912978073843	   0.496079966140483	   0.087996132774527
    0	   1.951985698129646	   0.478620861263681	   0.488237844109737	   0.095872101726648
    0	   2.037285918591472	   0.471497223142445	   0.480574251142005	   0.103278208210931
    0	   2.125050963871200	   0.464571585223137	   0.473105670757355	   0.110261237823987
    0	   2.215352057247619	   0.457769970188810	   0.465860105647999	   0.116825955256010
    0	   2.308262480058741	   0.451034600623434	   0.458768562849630	   0.122963166159421
    0	   2.403857631171228	   0.444061703204767	   0.451767286612624	   0.128616684761886
    0	   2.502215088168239	   0.437429476847248	   0.444556328507065	   0.133832382075841
    0	   2.603414670305364	   0.430973091969283	   0.437682457553130	   0.138734775414616
    0	   2.707538503285713	   0.424608498784603	   0.431000368341819	   0.143367092689247
    0	   2.814671085906746	   0.418353965792417	   0.424426275673452	   0.147780465029954
    0	   2.924899358632921	   0.412218227227994	   0.417975717674605	   0.152058035879303
    0	   3.038312774149804	   0.406169768380997	   0.411657276444596	   0.156317345918025
    0	   3.155003369956905	   0.400125132555237	   0.405437253143612	   0.160792354898096
    0	   3.275065843058154	   0.394232465372044	   0.399225142360919	   0.165765766548180
    0	   3.398597626810607	   0.388453454935825	   0.393182378258387	   0.171610641330717
    0	   3.525698969993787	   0.382777459329480	   0.387264855931256	   0.177779575577767
    0	   3.656473018163779	   0.377230934653696	   0.381460561305594	   0.183711424611616
    0	   3.791025897358140	   0.371729567517738	   0.375800560196249	   0.189329971443372
    0	   3.929466800219529	   0.366076738092652	   0.370186293751712	   0.196464642576653
    0	   4.071908074607951	   0.360509906325013	   0.364386851880644	   0.203956841919676
    0	   4.218465314773542	   0.355384584798830	   0.358697694827402	   0.211027374078367
    0	   4.369257455163862	   0.350381804405028	   0.353537770300169	   0.217270868149433
    0	   4.524406866941830	   0.345240975625006	   0.348494166746334	   0.223191519692709
    0	   4.684039457292635	   0.340058597197352	   0.343247432463766	   0.229012747371950
    0	   4.848284771600217	   0.334698391562041	   0.337947279685382	   0.234427844771867
    0	   5.017276098576197	   0.329599136348165	   0.332696967097858	   0.239446625534564
    0	   5.191150578426639	   0.324795499326397	   0.327721469479029	   0.244150165456680
    0	   5.370049314144351	   0.320013972801817	   0.322938258684507	   0.248605979075861
    0	   5.554117486017097	   0.315181268997436	   0.318180602452157	   0.252751501530010
    0	   5.743504469444626	   0.310362316602904	   0.313269978373245	   0.256542028352954
    0	   5.938363956160092	   0.305524863140211	   0.308350022991112	   0.260056326755088
    0	   6.138854078954332	   0.300745845067849	   0.303475618252248	   0.263325781969186
    0	   6.345137540004107	   0.296042728162920	   0.298671325454291	   0.266358950237415
    0	   6.557381742908535	   0.291358621056760	   0.293898120076064	   0.269140985385280
    0	   6.775758928540808	   0.286718672066403	   0.289167668630321	   0.271685044816531
    0	   7.000446314825505	   0.282093915983567	   0.284461095765249	   0.274017518602179
    0	   7.231626240554826	   0.277440292021247	   0.279743917214268	   0.276142197784877
    0	   7.469486313360592	   0.272807724483404	   0.275045009460926	   0.278052024265878
    0	   7.714219561961972	   0.268251582059608	   0.270408327462842	   0.279772284857177
    0	   7.966024592812593	   0.263754087857258	   0.265828467717976	   0.281320996804205
    0	   8.225105751274045	   0.259303955647195	   0.261299868406701	   0.282705725204174
    0	   8.491673287446705	   0.254857327902932	   0.256787340399988	   0.283928736413229
    0	   8.765943526792318	   0.250426572426818	   0.252290224575177	   0.284968569776600
    0	   9.048139045686920	   0.246116557860305	   0.247844904800778	   0.285865450627680
    0	   9.338488852046499	   0.241842305598434	   0.243443849103653	   0.286635268153860
    0	   9.637228571171983	   0.237592102548450	   0.239065860996349	   0.287281277137984
    0	   9.944600636964415	   0.233360258940657	   0.234707132235709	   0.287812935524606
    0	  10.260854488665400	   0.229147219330545	   0.230372119430463	   0.288242512865522
    0	  10.586246773282603	   0.224958644011373	   0.226071228239078	   0.288561778351581
    0	  10.921041553864477	   0.220798072382300	   0.221806785874827	   0.288775589463495
    0	  11.265510523793269	   0.216646834288087	   0.217587288462497	   0.288888978532821
    0	  11.619933227270224	   0.212509542223722	   0.213404486872342	   0.288906151853113
    0	  11.984597286171908	   0.208407858833571	   0.209253764913896	   0.288830297315174
    0	  12.359798633461725	   0.204347761915704	   0.205142147665479	   0.288665132267398
    0	  12.745841753346063	   0.200330933478885	   0.201078907333746	   0.288413814670952
    0	  13.143039928369985	   0.196354971510765	   0.197062316552378	   0.288081106365253
    0	  13.551715493652951	   0.192418452463467	   0.193086296093279	   0.287669066173469
    0	  13.972200098470935	   0.188524907826164	   0.189150208938253	   0.287178618467787
    0	  14.404834975397117	   0.184678211874404	   0.185261467347443	   0.286617638660767
    0	  14.849971217219700	   0.180883957637691	   0.181424520035923	   0.285989690511341
    0	  15.307970061861486	   0.177143563455056	   0.177646265890748	   0.285297118215952
    0	  15.779203185532456	   0.173456898297819	   0.173925064986781	   0.284542153115223
    0	  16.264053004353240	   0.169826826465259	   0.170259319312548	   0.283728399330047
    0	  16.762912984694282	   0.166249548933497	   0.166653929379010	   0.282858653939146
    0	  17.276187962482517	   0.162723273645888	   0.163100063080726	   0.281935316214697
    0	  17.804294471734682	   0.159247937726781	   0.159596511880768	   0.280960588279324
    0	  18.347661082583901	   0.155824987769748	   0.156145080281781	   0.279936823487862
    0	  18.906728749073878	   0.152453078828133	   0.152748697779761	   0.278866164180128
    0	  19.481951167002819	   0.149131203143192	   0.149403357784888	   0.277750594442754
    0	  20.073795142107674	   0.145861286415106	   0.146108302133558	   0.276591947294631
    0	  20.682740968887291	   0.142644568506450	   0.142868081220955	   0.275392038598827
    0	  21.309282820372090	   0.139480214467490	   0.139687537869357	   0.274152628516908
    0	  21.953929149156366	   0.136367598378534	   0.136564525104511	   0.272875378964567
    0	  22.617203100018923	   0.133306268969451	   0.133492442406440	   0.271561907765267
    0	  23.299642934466547	   0.130296555007246	   0.130471013153592	   0.270213791998957
    0	  24.001802467545247	   0.127337954459165	   0.127500540012146	   0.268832614516647
    0	  24.724251517273323	   0.124429713609938	   0.124580572218268	   0.267419818102836
    0	  25.467576367061440	   0.121571210649440	   0.121710320575732	   0.265976770174908
    0	  26.232380241494525	   0.118762312812504	   0.118889308359063	   0.264504888167297
    0	  27.019283795861874	   0.116002482920706	   0.116117379779179	   0.263005439096763
    0	  27.828925619832713	   0.113291131912044	   0.113394055919638	   0.261479718307310
    0	  28.661962755685852	   0.110627751756868	   0.110718719920335	   0.259928942567391
    0	  29.519071231514047	   0.108012117872301	   0.108090956416474	   0.258354316881340
    0	  30.400946609835739	   0.105443767885019	   0.105510599507510	   0.256756959869986
    0	  31.308304552059560	   0.102922147773843	   0.102977126943893	   0.255138070896788
    0	  32.241881399259285	   0.100446764381351	   0.100490044832637	   0.253498704590928
    0	  33.202434769730999	   0.098017302460716	   0.098048910713260	   0.251840000495326
    0	  34.190744173817144	   0.095633117417108	   0.095653310914528	   0.250163109553445
    0	  35.207611646496368	   0.093293720112109	   0.093302752836581	   0.248469109179084
    0	  36.253862398252807	   0.090996663665508	   0.090996723844554	   0.246759259511858
    0	  37.330345484752499	   0.088734680344913	   0.088734717941762	   0.245034742747119
    0	  38.437934495871005	   0.086516175904763	   0.086516223446838	   0.243297269619830
    0	  39.577528264630907	   0.084340775467432	   0.084340773470550	   0.241547731480656
    0	  40.750051596624701	   0.082207897339772	   0.082207896694354	   0.239789376096825
    0	  41.956456020515084	   0.080117077506055	   0.080119651932436	   0.238044210439519
    0	  43.197720560221484	   0.078067814725396	   0.078075296989235	   0.236300943209678
    0	  44.474852529419636	   0.076059070049357	   0.076071126235985	   0.234551733055399
    0	  45.788888348999080	   0.074089354784513	   0.074105231517471	   0.232791510470307
    0	  47.140894388141525	   0.072158029089907	   0.072177827276154	   0.231020606041651
    0	  48.531967829703191	   0.070264653712095	   0.070288486503126	   0.229239668304755
    0	  49.963237560602892	   0.068408236695334	   0.068435803420122	   0.227455808570387
    0	  51.435865087938907	   0.066588426369344	   0.066619835702496	   0.225668900890082
    0	  52.951045481577594	   0.064806445445807	   0.064842712288632	   0.223873021343480
    0	  54.510008343979123	   0.063061903517490	   0.063102960909718	   0.222067233259649
    0	  56.114018808047234	   0.061354416411875	   0.061400442309207	   0.220231280523067
    0	  57.764378563812329	   0.059684378015419	   0.059735710297486	   0.218389386786044
    0	  59.462426914782107	   0.058051873536792	   0.058108577599084	   0.216542398654105
    0	  61.209541864815861	   0.056456868134926	   0.056519064701922	   0.214691207123924
    0	  63.007141236405005	   0.054899248795039	   0.054966931972675	   0.212837284678653
    0	  64.856683821267822	   0.053379079186837	   0.053452253482887	   0.210981237172506
    0	  66.759670564190785	   0.051895081683160	   0.051973036893042	   0.209123616030797
    0	  68.717645781079014	   0.050446499716716	   0.050528839763705	   0.207265031286033
    0	  70.732198412202351	   0.049038083926758	   0.049119891993691	   0.205406065428415
    0	  72.804963311656010	   0.047667366217125	   0.047744920552055	   0.203547416800747
    0	  74.937622574080706	   0.046329921660526	   0.046403454351846	   0.201689794129588
    0	  77.131906899719596	   0.045025612594252	   0.045095297934861	   0.199833821658841
    0	  79.389596998920211	   0.043753482686176	   0.043819519489095	   0.197980291174960
    0	  81.712525037219976	   0.042512573056724	   0.042575161379490	   0.196130317319776
    0	  84.102576122189461	   0.041302576595545	   0.041361888407866	   0.194283801029303
    0	  86.561689833238859	   0.040122620420715	   0.040178812522061	   0.192442940316222
    0	  89.091861795629356	   0.038972257968156	   0.039025480363212	   0.190606962189632
    0	  91.695145299967734	   0.037850248316667	   0.037900680024252	   0.188772095839313
    0	  94.373652968496771	   0.036756541185894	   0.036804320157240	   0.186938705633365
    0	  97.129558469535269	   0.035690708555929	   0.035735958115003	   0.185108313403518
    0	  99.965098281458040	   0.034651474240800	   0.034694328965791	   0.183284727702022
    0	 102.882573507647322	   0.033638992656813	   0.033679577211877	   0.181465186587498
    0	 105.884351743889738	   0.032652246277545	   0.032690676028912	   0.179648274973364
    0	 108.972868999732071	   0.031690676042369	   0.031727060232316	   0.177834330086441
    0	 112.150631675357559	   0.030754181383531	   0.030788625259376	   0.176023659832123
    0	 115.420218595584998	   0.029841799439131	   0.029874420557235	   0.174216623176285
    0	 118.784283102641851	   0.028953186241718	   0.028984043834885	   0.172413478892049
    0	 122.245555209410981	   0.028087915825286	   0.028117117171325	   0.170614419049280
    0	 125.806843814895657	   0.027245337646588	   0.027272976638229	   0.168819552044306
    0	 129.471038983704346	   0.026425011654206	   0.026451155324405	   0.167029094291081
    0	 133.241114291401544	   0.025626493679652	   0.025651237296388	   0.165243503685437
    0	 137.120129237630067	   0.024849276566459	   0.024872674985245	   0.163463334555292
    0	 141.111231728963531	   0.024092881443713	   0.024114999279876	   0.161689172314915
    0	 145.217660633501509	   0.023356876682034	   0.023377787936197	   0.159921526839854
    0	 149.442748409283439	   0.022640785145279	   0.022660561050897	   0.158160981469674
    0	 153.789923808651281	   0.021944137189082	   0.021962841610012	   0.156407792958104
    0	 158.262714660759030	   0.021266544221082	   0.021284217107682	   0.154662131883852
    0	 162.864750734483721	   0.020607532938668	   0.020624236209059	   0.152924101844544
    0	 167.599766684062956	   0.019966680726681	   0.019982469482160	   0.151193681155402
    0	 172.471605079850434	   0.019343584823164	   0.019358500977786	   0.149470674930986
    0	 177.484219526645859	   0.018737821203134	   0.018751914889428	   0.147754580709135
    0	 182.641677872133812	   0.018148998357596	   0.018162319861793	   0.146044822443875
    0	 187.948165508031963	   0.017576734879978	   0.017589304349782	   0.144341397374420
    0	 193.407988766628506	   0.017020628182175	   0.017032496615754	   0.142644806373043
    0	 199.025578415467606	   0.016480296585471	   0.016491507670524	   0.140955672716904
    0	 204.805493253013822	   0.015955367466861	   0.015965955577208	   0.139274895786229
    0	 210.752423808219334	   0.015445466243144	   0.015455464084227	   0.137603547419584
    0	 216.871196146991878	   0.014950221313975	   0.014959653476316	   0.135942229110030
    0	 223.166775788653098	   0.014469262595481	   0.014478165384185	   0.134291008273447
    0	 229.644271735569305	   0.014002235047388	   0.014010636510345	   0.132650029666157
    0	 236.308940619218248	   0.013548799755174	   0.013556726496980	   0.131019405070967
    0	 243.166190966063510	   0.013108617058011	   0.013116094330694	   0.129399250995459
    0	 250.221587586692891	   0.012681340261943	   0.012688401146653	   0.127789657331441
    0	 257.480856091785029	   0.012266657471193	   0.012273315316370	   0.126190771638746
    0	 264.949887538570579	   0.011864251085682	   0.011870522162077	   0.124602707253399
    0	 272.634743211554110	   0.011473798638499	   0.011479714025049	   0.123025553446091
    0	 280.541659541382273	   0.011094992718770	   0.011100574616640	   0.121459339275075
    0	 288.677053165845052	   0.010727536894873	   0.010732795407631	   0.119904195194407
    0	 297.047526137118098	   0.010371138453517	   0.010376098670189	   0.118360286042152
    0	 305.659871279476704	   0.010025505953582	   0.010030176608747	   0.116827559515594
    0	 314.521077701820843	   0.009690359633405	   0.009694763599700	   0.115305804614306
    0	 323.638336469493936	   0.009365412303223	   0.009369561461097	   0.113795015903439
    0	 333.019046439990916	   0.009050412634477	   0.009054323359642	   0.112295578493320
    0	 342.670820267293834	   0.008745085361247	   0.008748770684715	   0.110807413829057
    0	 352.601490579711538	   0.008449174033971	   0.008452642380564	   0.109330257528733
    0	 362.819116336228660	   0.008162419180571	   0.008165683927180	   0.107864041371610
    0	 373.331989366531559	   0.007884580937742	   0.007887659144011	   0.106408604305877
    0	 384.148641100010821	   0.007615412160015	   0.007618310584428	   0.104963591462279
    0	 395.277849489204300	   0.007354685168992	   0.007357413664527	   0.103528839833286
    0	 406.728646133302504	   0.007102161795966	   0.007104733099898	   0.102104384570864
    0	 418.510323607488203	   0.006857625190794	   0.006860039530050	   0.100690469508223
    0	 430.632443004070865	   0.006620846148898	   0.006623119250163	   0.099287495263743
    0	 443.104841691520960	   0.006391609066530	   0.006393749950442	   0.097895931707193
    0	 455.937641297715857	   0.006169703149161	   0.006171719175306	   0.096516163967250
    0	 469.141255923863469	   0.005954921037163	   0.005956816361614	   0.095148315172963
    0	 482.726400595775146	   0.005747055557049	   0.005748839709543	   0.093792379522089
    0	 496.704099959349207	   0.005545908641197	   0.005547585216200	   0.092448383872168
    0	 511.085697227312266	   0.005351285731692	   0.005352860810205	   0.091116351093474
    0	 525.882863384490292	   0.005162996143748	   0.005164477959001	   0.089796249127255
    0	 541.107606659070711	   0.004980857293457	   0.004982248722130	   0.088488107864219
    0	 556.772282267543233	   0.004804687081922	   0.004805997028437	   0.087191916901793
    0	 572.889602441236434	   0.004634312312123	   0.004635542619769	   0.085907627390262
    0	 589.472646742570191	   0.004469558466872	   0.004470716368769	   0.084635097893997
    0	 606.534872679413866	   0.004310261795618	   0.004311348015218	   0.083373216756398
    0	 624.090126626151346	   0.004156257305754	   0.004157279245285	   0.082121245640008
    0	 642.152655060318466	   0.004007391732369	   0.004008351836013	   0.080879133891566
    0	 660.737116123939131	   0.003863511511703	   0.003864413329269	   0.079646932990606
    0	 679.858591518928051	   0.003724464106650	   0.003725310987666	   0.078424685260962
    0	 699.532598746229382	   0.003590102437647	   0.003590898647580	   0.077213312196819
    0	 719.775103698611815	   0.003460288522211	   0.003461034211518	   0.076013771232674
    0	 740.602533617341351	   0.003334874520555	   0.003335576975561	   0.074826310434380
    0	 762.031790423256780	   0.003213725640175	   0.003214384771252	   0.073650884106371
    0	 784.080264433047546	   0.003096710853203	   0.003097329189343	   0.072487554891166
    0	 806.765848471885533	   0.002983697589455	   0.002984278437988	   0.071336271383970
    0	 830.106952393847109	   0.002874563019685	   0.002875108569258	   0.070197039030435
    0	 854.122518021915312	   0.002769182792620	   0.002769694248639	   0.069069813350060
    0	 878.832034519694730	   0.002667439508464	   0.002667920218561	   0.067954542655590
    0	 904.255554207292789	   0.002569218065157	   0.002569668533787	   0.066851203488213
    0	 930.413708834228146	   0.002474404925450	   0.002474827711842	   0.065759764266305
    0	 957.327726322546596	   0.002382892989546	   0.002383288518260	   0.064680159334367
    0	 985.019447993754852	   0.002294573849802	   0.002294946517962	   0.063612358902350
    0	1013.511346293535780	   0.002209348022786	   0.002209695793984	   0.062556302780705
    0	1042.826543028632614	   0.002127112454119	   0.002127438578670	   0.061511943155281
    0	1072.988828130713273	   0.002047770741084	   0.002048076905883	   0.060479243557592
    0	1104.022678962420287	   0.001971230622108	   0.001971517626018	   0.059458137917323
    0	1135.953280181299306	   0.001897398382202	   0.001897668342902	   0.058448580164745
    0	1168.806544177704154	   0.001826185528889	   0.001826438515196	   0.057450508821213
    0	1202.609132103271577	   0.001757506898484	   0.001757744272799	   0.056463858760584
    0	1237.388475507045314	   0.001691277570634	   0.001691499931924	   0.055488400095757
    0	1273.172798596775920	   0.001627417355500	   0.001627626448803	   0.054523626417862
    0	1309.991141143499590	   0.001565847879084	   0.001566042365744	   0.053569234121601
    0	1347.873382047951964	   0.001506492314825	   0.001506674356635	   0.052625130295370
    0	1386.850263587954032	   0.001449277281265	   0.001449447919116	   0.051691227796495
    0	1426.953416366460715	   0.001394131006256	   0.001394291827423	   0.050767606175700
    0	1468.215384980486078	   0.001340984513504	   0.001341134799703	   0.049854665476009
    0	1510.669654431772869	   0.001289769566164	   0.001289910119622	   0.048952575458206
    0	1554.350677300611778	   0.001240420379250	   0.001240552446139	   0.048061399287798
    0	1599.293901704867267	   0.001192873029936	   0.001192996494068	   0.047181096633275
    0	1645.535800066920501	   0.001147065120857	   0.001147181114605	   0.046311598368350
    0	1693.113898711837692	   0.001102938584268	   0.001103046616334	   0.045452846839077
    0	1742.066808320824975	   0.001060432854713	   0.001060534327425	   0.044604737972258
    0	1792.434255264645572	   0.001019493681052	   0.001019588992300	   0.043767168151330
    0	1844.257113842446870	   0.000980066320586	   0.000980155001762	   0.042940082163337
    0	1897.577439452170211	   0.000942097662828	   0.000942181249104	   0.042123393242260
    0	1952.438502719424378	   0.000905537603630	   0.000905615321336	   0.041317072984194
    0	2008.884824612568991	   0.000870336825443	   0.000870409042277	   0.040521071211546
    0	2066.962212572464068	   0.000836446562276	   0.000836514625527	   0.039735352850855
    0	2126.717797686213089	   0.000803821689898	   0.000803885584023	   0.038959832842969
    0	2188.200072935102071	   0.000772417072698	   0.000772476796665	   0.038194467082002
    0	2251.458932547709992	   0.000742189660946	   0.000742245321263	   0.037439062368642
    0	2316.545712490196365	   0.000713097648712	   0.000713149884773	   0.036693140224893
    0	2383.513232126565981	   0.000685100874938	   0.000685149897395	   0.035956309203764
    0	2452.415837082751750	   0.000658160383081	   0.000658205813344	   0.035228341032787
    0	2523.309443349305639	   0.000632237888080	   0.000632280509723	   0.034509060892659
    0	2596.251582658446296	   0.000607297691029	   0.000607337677475	   0.033798359450952
    0	2671.301449172356115	   0.000583304048943	   0.000583341563142	   0.033096304221534
    0	2748.519947520530422	   0.000560223535189	   0.000560258424851	   0.032403273099219
    0	2827.969742225257505	   0.000538022481395	   0.000538055025552	   0.031719440162212
    0	2909.715308555253614	   0.000516669332924	   0.000516699572030	   0.031044890060248
    0	2993.822984848768556	   0.000496132634139	   0.000496160987286	   0.030379609971730
    0	3080.361026348630730	   0.000476383006209	   0.000476409591155	   0.029723574670807
    0	3169.399660592879627	   0.000457391633608	   0.000457416560791	   0.029076718154213
    0	3261.011144405973482	   0.000439130300695	   0.000439153524427	   0.028438971095280
    0	3355.269822536785341	   0.000421572667052	   0.000421594350768	   0.027810262628673
    0	3452.252187991046867	   0.000404692491450	   0.000404712818164	   0.027190506373545
    0	3552.036944107091585	   0.000388465218090	   0.000388484140196	   0.026579622971909
    0	3654.705068425367699	   0.000372866140268	   0.000372884002911	   0.025963672790792
    0	3760.339878403509374	   0.000357872328111	   0.000357888950786	   0.025338262852516
    0	3869.027099030277441	   0.000343465309299	   0.000343480695705	   0.024715053088373
    0	3980.854932393318904	   0.000329622196832	   0.000329636497669	   0.024097959287796
    0	4095.914129257097557	   0.000316321317588	   0.000316334821063	   0.023490020436630
    0	4214.298062709161059	   0.000303542188312	   0.000303554670043	   0.022892827809111
    0	4336.102803934437361	   0.000291264089087	   0.000291275941990	   0.022307331188381
    0	4461.427200179180545	   0.000279467997669	   0.000279479103422	   0.021734017666885
    0	4590.372954967662736	   0.000268135303541	   0.000268145709978	   0.021172957517468
    0	4723.044710636855598	   0.000257248128647	   0.000257257826914	   0.020623982280154
    0	4859.550133256005211	   0.000246789557707	   0.000246798479037	   0.020086720009976
    0	5000.000000000002728	   0.000236743147587	   0.000236751399654	   0.019560559138628
    1	   0.000000000000000	   0.875392074089730	   1.517808334110049	   0.014972298376078
    1	   0.028895878633786	   0.874302731221513	   1.517808334110049	   0.014859903387162
    1	   0.058626729069591	   0.854683386783946	   1.203575168131340	   0.014624751763080
    1	   0.089216678551268	   0.839421576022666	   1.203575168915813	   0.014529920067475
    1	   0.120690551500581	   0.829661130889016	   1.203575164501190	   0.014332829470619
    1	   0.153073889662773	   0.815812846140435	   1.114351712859002	   0.014177243241308
    1	   0.186392972834257	   0.803550549144601	   1.051458890742626	   0.014039033015135
    1	   0.220674840189252	   0.797447489529200	   1.002771692505556	   0.013802741508854
    1	   0.255947312222677	   0.783452501315835	   0.994995498286751	   0.013677381219383
    1	   0.292239013327094	   0.772889462240655	   0.955680158631722	   0.013537784947482
    1	   0.329579395022038	   0.766804552232632	   0.941421965489648	   0.013326677959463
    1	   0.367998759854577	   0.755871639502764	   0.924187886634524	   0.013193017130713
    1	   0.407528285990505	   0.745241384231819	   0.898447318291468	   0.013062322754736
    1	   0.448200052516108	   0.737651561158202	   0.875392027422562	   0.012870157796708
    1	   0.490047065471057	   0.729185743100487	   0.854683412356375	   0.012730633942891
    1	   0.533103284633538	   0.720190742929257	   0.834660873337136	   0.012596739624704
    1	   0.577403651079368	   0.711200166959372	   0.815812882384880	   0.012460513749384
    1	   0.622984115537448	   0.703452806771914	   0.800939997788248	   0.012266996292027
    1	   0.669881667564581	   0.695454363102793	   0.789271610135294	   0.012142114758551
    1	   0.718134365563312	   0.687895341977628	   0.775517500498694	   0.012016067840008
    1	   0.767781367667167	   0.679589374269515	   0.764480485215430	   0.011881965327695
    1	   0.818862963518346	   0.670919737585910	   0.752287882435556	   0.011707185940897
    1	   0.871420606963662	   0.664747844561479	   0.740375220153336	   0.011667001279507
    1	   0.925496949695250	   0.657932696565136	   0.728167386625993	   0.012497327418577
    1	   0.981135875863370	   0.651266385248568	   0.718525449258817	   0.013477508708256
    1	   1.038382537689358	   0.644841960850384	   0.707481844234311	   0.014594672539617
    1	   1.097283392107659	   0.636911452234909	   0.696503821561490	   0.016112451620393
    1	   1.157886238466658	   0.629968451642299	   0.686214429397319	   0.017339538143344
    1	   1.220240257318908	   0.623736118664940	   0.677001118057134	   0.018573028048927
    1	   1.284396050332241	   0.617576474855832	   0.668193577297516	   0.019809254346291
    1	   1.350405681354142	   0.611798186501462	   0.659132828094557	   0.021027483442435
    1	   1.418322718662713	   0.605704938145443	   0.650431257217923	   0.022175075890314
    1	   1.488202278438519	   0.599451101108220	   0.642190043600193	   0.023471707580636
    1	   1.560101069492589	   0.593497982082172	   0.634134755817191	   0.024593971451340
    1	   1.634077439286873	   0.587081293240284	   0.626128663916041	   0.025605630004271
    1	   1.710191421284502	   0.580584384619559	   0.618343108124128	   0.026585204188131
    1	   1.788504783668267	   0.574750104844112	   0.611087508563139	   0.027525985875479
    1	   1.869081079466878	   0.569087501105883	   0.603633297870487	   0.028423597766445
    1	   1.951985698129646	   0.563615049371254	   0.596063171662811	   0.029278093302737
    1	   2.037285918591472	   0.558165247387359	   0.588941632624146	   0.030088514590160
    1	   2.125050963871200	   0.552701733879890	   0.582107332202113	   0.030912427893816
    1	   2.215352057247619	   0.547268184611717	   0.575215649436973	   0.031741392158788
    1	   2.308262480058741	   0.542014573431814	   0.568459756020909	   0.032462492376781
    1	   2.403857631171228	   0.536699069472912	   0.561978083023911	   0.033138624166746
    1	   2.502215088168239	   0.531421048334482	   0.555798602867896	   0.033811584969969
    1	   2.603414670305364	   0.526236407394569	   0.549889141905156	   0.034498938881407
    1	   2.707538503285713	   0.521085331999922	   0.544058770190144	   0.035229826148500
    1	   2.814671085906746	   0.515958011042889	   0.538060125518930	   0.036054437285452
    1	   2.924899358632921	   0.510899206074147	   0.531993121276898	   0.037022311185742
    1	   3.038312774149804	   0.505719607810413	   0.526062938582195	   0.038164495587850
    1	   3.155003369956905	   0.500571505218798	   0.520210595595595	   0.039428363260782
    1	   3.275065843058154	   0.495520479648370	   0.514419497563037	   0.040651713316936
    1	   3.398597626810607	   0.490673168695934	   0.508738960027090	   0.041827654276876
    1	   3.525698969993787	   0.486019824120618	   0.503214336292954	   0.054127637230964
    1	   3.656473018163779	   0.481658586826296	   0.497791564608782	   0.067778049085435
    1	   3.791025897358140	   0.477360194092953	   0.492454139661959	   0.080381552592859
    1	   3.929466800219529	   0.473214761995263	   0.487229851671265	   0.092262915734538
    1	   4.071908074607951	   0.469258274768988	   0.482317791190576	   0.103222911988569
    1	   4.218465314773542	   0.465319195814359	   0.477529260357895	   0.113452647704690
    1	   4.369257455163862	   0.461554637126147	   0.472941462289107	   0.122861801136775
    1	   4.524406866941830	   0.457162137919231	   0.468593335217644	   0.131595315648495
    1	   4.684039457292635	   0.452293720520477	   0.464295791485403	   0.139746506277674
    1	   4.848284771600217	   0.447748821859627	   0.460216665595939	   0.147421533362423
    1	   5.017276098576197	   0.443176834727905	   0.455297703184038	   0.154665341566228
    1	   5.191150578426639	   0.438642758386301	   0.450413265322728	   0.161488911001992
    1	   5.370049314144351	   0.434158479495953	   0.445500708895215	   0.167942365066784
    1	   5.554117486017097	   0.429669090467758	   0.440616538819507	   0.174047235026852
    1	   5.743504469444626	   0.424943806829959	   0.435781101675996	   0.179834442011744
    1	   5.938363956160092	   0.420029757180774	   0.430954501243389	   0.185317030513472
    1	   6.138854078954332	   0.415218361326232	   0.425924347667043	   0.190509174974728
    1	   6.345137540004107	   0.410400217422525	   0.420705799684184	   0.195429189091744
    1	   6.557381742908535	   0.405524853150236	   0.415532769786563	   0.200095192141389
    1	   6.775758928540808	   0.400622601473907	   0.410400278799957	   0.204523027036078
    1	   7.000446314825505	   0.395669065071915	   0.405524811755298	   0.208718218005111
    1	   7.231626240554826	   0.390643510816949	   0.400259626872213	   0.212694071801227
    1	   7.469486313360592	   0.385613957230607	   0.394908867545994	   0.216459789236223
    1	   7.714219561961972	   0.380569762106716	   0.389591375218964	   0.220021910890336
    1	   7.966024592812593	   0.375497902389499	   0.384260999569305	   0.223388141163573
    1	   8.225105751274045	   0.370401761563640	   0.378901409062174	   0.226565250811737
    1	   8.491673287446705	   0.365277663872587	   0.373525563520413	   0.229558697011522
    1	   8.765943526792318	   0.360136657623320	   0.368124523559050	   0.232402145761213
    1	   9.048139045686920	   0.354993461785905	   0.362719987325793	   0.235132648320958
    1	   9.338488852046499	   0.349835564685661	   0.357331446491180	   0.237689913470037
    1	   9.637228571171983	   0.344659743030335	   0.351926654081187	   0.240085594950175
    1	   9.944600636964415	   0.339473857065054	   0.346516974953679	   0.242324190155475
    1	  10.260854488665400	   0.334290640543693	   0.341099105063233	   0.244386961393506
    1	  10.586246773282603	   0.329101182374137	   0.335680971510024	   0.246272868182022
    1	  10.921041553864477	   0.323935808280626	   0.330282709889655	   0.248028557772464
    1	  11.265510523793269	   0.318794843333549	   0.324935720144043	   0.249658612428717
    1	  11.619933227270224	   0.313666432342024	   0.319620506755729	   0.251164863144940
    1	  11.984597286171908	   0.308550499124969	   0.314310647928414	   0.252549479523957
    1	  12.359798633461725	   0.303455293880059	   0.309019184541888	   0.253817853778745
    1	  12.745841753346063	   0.298388112730888	   0.303763082015538	   0.254974275571268
    1	  13.143039928369985	   0.293348864363009	   0.298549524262732	   0.256005888231013
    1	  13.551715493652951	   0.288331832527450	   0.293369464987292	   0.256929044078546
    1	  13.972200098470935	   0.283340385913861	   0.288331865324972	   0.257752106082568
    1	  14.404834975397117	   0.278381394871789	   0.283340408764308	   0.258478736124006
    1	  14.849971217219700	   0.273457486085180	   0.278381340438828	   0.259110290362216
    1	  15.307970061861486	   0.268564736227249	   0.273457426414137	   0.259651554207149
    1	  15.779203185532456	   0.263703454706575	   0.268514537552023	   0.260106506022853
    1	  16.264053004353240	   0.258878373817682	   0.263555453792668	   0.260477842596762
    1	  16.762912984694282	   0.254093750615213	   0.258641857141984	   0.260767624211561
    1	  17.276187962482517	   0.249385440348925	   0.253772802361325	   0.260978222127463
    1	  17.804294471734682	   0.244719161990226	   0.248947081493405	   0.261112071974387
    1	  18.347661082583901	   0.240095344848690	   0.244167428918724	   0.261171455591075
    1	  18.906728749073878	   0.235516436014361	   0.239436003955136	   0.261158553511484
    1	  19.481951167002819	   0.230981501708523	   0.234753350252415	   0.261075522248032
    1	  20.073795142107674	   0.226502826252826	   0.230126813974527	   0.260924470180432
    1	  20.682740968887291	   0.222080412474159	   0.225559256361845	   0.260707446592419
    1	  21.309282820372090	   0.217712556655688	   0.221050781078860	   0.260426490064982
    1	  21.953929149156366	   0.213396079177108	   0.216599860354627	   0.260083598622504
    1	  22.617203100018923	   0.209126444613346	   0.212202807325540	   0.259680760578868
    1	  23.299642934466547	   0.204908714010287	   0.207861620908752	   0.259219913539892
    1	  24.001802467545247	   0.200742768610871	   0.203576341407149	   0.258702876338946
    1	  24.724251517273323	   0.196627243013331	   0.199346337727683	   0.258131465890844
    1	  25.467576367061440	   0.192561018870918	   0.195170319236123	   0.257507436239049
    1	  26.232380241494525	   0.188547728130820	   0.191050330376446	   0.256832494156208
    1	  27.019283795861874	   0.184587376395827	   0.186986813562102	   0.256108313156788
    1	  27.828925619832713	   0.180678937738491	   0.182979188336939	   0.255336540246745
    1	  28.661962755685852	   0.176822191921794	   0.179027092319126	   0.254518759270877
    1	  29.519071231514047	   0.173017543810791	   0.175130661802911	   0.253656513045495
    1	  30.400946609835739	   0.169265072959018	   0.171289757369886	   0.252751364217342
    1	  31.308304552059560	   0.165564342312375	   0.167504043596051	   0.251804828461130
    1	  32.241881399259285	   0.161914820435919	   0.163772972109749	   0.250818361973420
    1	  33.202434769730999	   0.158316751239891	   0.160096427357645	   0.249793504174791
    1	  34.190744173817144	   0.154770149821040	   0.156474334499167	   0.248731555866082
    1	  35.207611646496368	   0.151274811474074	   0.152906427840412	   0.247633677480789
    1	  36.253862398252807	   0.147831017101046	   0.149392745078590	   0.246501305701476
    1	  37.330345484752499	   0.144438808179927	   0.145933306593326	   0.245335623873318
    1	  38.437934495871005	   0.141098367386645	   0.142528095662770	   0.244138231912129
    1	  39.577528264630907	   0.137809689774692	   0.139177098244075	   0.242910617568456
    1	  40.750051596624701	   0.134572571697409	   0.135880175178365	   0.241653873329165
    1	  41.956456020515084	   0.131387194361502	   0.132637180646188	   0.240369697649283
    1	  43.197720560221484	   0.128253438933100	   0.129448057826151	   0.239059672440282
    1	  44.474852529419636	   0.125170641389182	   0.126312191843993	   0.237723885957310
    1	  45.788888348999080	   0.122138797803393	   0.123229453007174	   0.236362857310494
    1	  47.140894388141525	   0.119158058498672	   0.120199741561947	   0.234977545524713
    1	  48.531967829703191	   0.116227699436306	   0.117222470749102	   0.233569385048241
    1	  49.963237560602892	   0.113347718834056	   0.114297487122880	   0.232140305219395
    1	  51.435865087938907	   0.110518202410171	   0.111424732933111	   0.230690760255534
    1	  52.951045481577594	   0.107738505957087	   0.108603587037930	   0.229220610873011
    1	  54.510008343979123	   0.105008669031932	   0.105833970041472	   0.227730913365534
    1	  56.114018808047234	   0.102328695091576	   0.103115853204658	   0.226222801167139
    1	  57.764378563812329	   0.099697988607405	   0.100448558546918	   0.224697239013947
    1	  59.462426914782107	   0.097116606458896	   0.097832104775641	   0.223155255389436
    1	  61.209541864815861	   0.094584478925825	   0.095266274150003	   0.221598101363929
    1	  63.007141236405005	   0.092103173102561	   0.092752307432831	   0.220026865958871
    1	  64.856683821267822	   0.089672806275634	   0.090290466636802	   0.218442519669589
    1	  66.759670564190785	   0.087292729379703	   0.087880289871736	   0.216846107367639
    1	  68.717645781079014	   0.084963348926537	   0.085521959177381	   0.215238359696241
    1	  70.732198412202351	   0.082684402339807	   0.083215249238293	   0.213620113886929
    1	  72.804963311656010	   0.080455348261057	   0.080959677915570	   0.211992670640519
    1	  74.937622574080706	   0.078275892482200	   0.078754860700510	   0.210356710425670
    1	  77.131906899719596	   0.076145326882485	   0.076600122350625	   0.208713303903135
    1	  79.389596998920211	   0.074062004366669	   0.074493937281488	   0.207064622626078
    1	  81.712525037219976	   0.072025268316989	   0.072435401395521	   0.205410223607733
    1	  84.102576122189461	   0.070034397402051	   0.070423796747711	   0.203752712027189
    1	  86.561689833238859	   0.068089367301530	   0.068458882300292	   0.202095838009876
    1	  89.091861795629356	   0.066187677254732	   0.066538627882621	   0.200432869348991
    1	  91.695145299967734	   0.064330007792123	   0.064663026871341	   0.198762488608524
    1	  94.373652968496771	   0.062515967087888	   0.062831832827059	   0.197085715630831
    1	  97.129558469535269	   0.060743732049684	   0.061043503768540	   0.195406412837495
    1	  99.965098281458040	   0.059013584938586	   0.059297847438861	   0.193727846140820
    1	 102.882573507647322	   0.057324203318071	   0.057593819286976	   0.192046009471837
    1	 105.884351743889738	   0.055674839932697	   0.055930556641322	   0.190359314290433
    1	 108.972868999732071	   0.054065293656696	   0.054307679459945	   0.188668227559120
    1	 112.150631675357559	   0.052494434392956	   0.052724237064085	   0.186973251356497
    1	 115.420218595584998	   0.050961732939951	   0.051179529157181	   0.185274186721511
    1	 118.784283102641851	   0.049466470364892	   0.049672892900183	   0.183571107918062
    1	 122.245555209410981	   0.048008142315518	   0.048203704045728	   0.181865288514648
    1	 125.806843814895657	   0.046585934759001	   0.046771208933006	   0.180156758661072
    1	 129.471038983704346	   0.045199232522566	   0.045374706756532	   0.178445675017383
    1	 133.241114291401544	   0.043847514914844	   0.044013676113291	   0.176732565041966
    1	 137.120129237630067	   0.042530028349186	   0.042687351518087	   0.175018385214457
    1	 141.111231728963531	   0.041246162703307	   0.041395075765954	   0.173304166862252
    1	 145.217660633501509	   0.039995347520541	   0.040136291879980	   0.171591075991930
    1	 149.442748409283439	   0.038776935875385	   0.038910295258894	   0.169880399079111
    1	 153.789923808651281	   0.037590277771981	   0.037708974456714	   0.168172803862677
    1	 158.262714660759030	   0.036434770637280	   0.036538619494467	   0.166468585386740
    1	 162.864750734483721	   0.035309798350094	   0.035399712979113	   0.164767945086713
    1	 167.599766684062956	   0.034214777742854	   0.034291607127096	   0.163071152654822
    1	 172.471605079850434	   0.033149064730782	   0.033213660793258	   0.161378432047395
    1	 177.484219526645859	   0.032112070862657	   0.032165235231812	   0.159689931514521
    1	 182.641677872133812	   0.031103216896568	   0.031145716966793	   0.158005920257192
    1	 187.948165508031963	   0.030121922447257	   0.030154477646235	   0.156326777847889
    1	 193.407988766628506	   0.029167578046783	   0.029190903182189	   0.154652823261578
    1	 199.025578415467606	   0.028239629433673	   0.028254388095511	   0.152984503964979
    1	 204.805493253013822	   0.027337497694790	   0.027344344550179	   0.151322168747727
    1	 210.752423808219334	   0.026460145167209	   0.026460152261253	   0.149666301997276
    1	 216.871196146991878	   0.025601237220152	   0.025601239787087	   0.148017208123502
    1	 223.166775788653098	   0.024767032132306	   0.024767042563707	   0.146375094518500
    1	 229.644271735569305	   0.023956951483315	   0.023956958581199	   0.144740135274825
    1	 236.308940619218248	   0.023170427332687	   0.023170436275590	   0.143112603969897
    1	 243.166190966063510	   0.022406907157713	   0.022406919227869	   0.141492858850090
    1	 250.221587586692891	   0.021665833773082	   0.021665841221102	   0.139881112905537
    1	 257.480856091785029	   0.020946678334822	   0.020946690266895	   0.138277409944830
    1	 264.949887538570579	   0.020248898167545	   0.020248902052457	   0.136681879332227
    1	 272.634743211554110	   0.019571958345020	   0.019574799490868	   0.135095142408484
    1	 280.541659541382273	   0.018915358847657	   0.018921095415938	   0.133517531157711
    1	 288.677053165845052	   0.018278595438207	   0.018286943877231	   0.131948671313175
    1	 297.047526137118098	   0.017661145572538	   0.017671834899061	   0.130388730615807
    1	 305.659871279476704	   0.017062514764815	   0.017075309850542	   0.128837706031807
    1	 314.521077701820843	   0.016482251733904	   0.016496917721446	   0.127295009244126
    1	 323.638336469493936	   0.015919839863953	   0.015936161309215	   0.125760878182044
    1	 333.019046439990916	   0.015374842039496	   0.015392636151548	   0.124237244722862
    1	 342.670820267293834	   0.014846797781507	   0.014865878792300	   0.122723440627651
    1	 352.601490579711538	   0.014335255347115	   0.014355435304339	   0.121218304266810
    1	 362.819116336228660	   0.013839755846606	   0.013860865009365	   0.119721907303064
    1	 373.331989366531559	   0.013359901659630	   0.013381812771106	   0.118233973968002
    1	 384.148641100010821	   0.012897073330435	   0.012917806817695	   0.116753972817728
    1	 395.277849489204300	   0.012448961929356	   0.012468474075010	   0.115281335205894
    1	 406.728646133302504	   0.012015061107213	   0.012033419933886	   0.113816135804449
    1	 418.510323607488203	   0.011594980007826	   0.011612249726281	   0.112358830401665
    1	 430.632443004070865	   0.011188348830141	   0.011204604119378	   0.110910032294869
    1	 443.104841691520960	   0.010794797783295	   0.010810078639650	   0.109470724058583
    1	 455.937641297715857	   0.010413961433338	   0.010428325671266	   0.108041719537746
    1	 469.141255923863469	   0.010045473508590	   0.010058982728877	   0.106623269139869
    1	 482.726400595775146	   0.009688987518182	   0.009701688340899	   0.105215427725910
    1	 496.704099959349207	   0.009344163854577	   0.009356102148070	   0.103818229424570
    1	 511.085697227312266	   0.009010671399515	   0.009021887825808	   0.102431769428114
    1	 525.882863384490292	   0.008688173059251	   0.008698715774702	   0.101056061550237
    1	 541.107606659070711	   0.008376357342421	   0.008386262296276	   0.099691139918066
    1	 556.772282267543233	   0.008074910711272	   0.008084216956923	   0.098337025588320
    1	 572.889602441236434	   0.007783523373440	   0.007792265315437	   0.096993700586847
    1	 589.472646742570191	   0.007501904430070	   0.007510114579119	   0.095661082456149
    1	 606.534872679413866	   0.007229754709141	   0.007237469624847	   0.094338951920328
    1	 624.090126626151346	   0.006966801600238	   0.006974042100370	   0.093027242451964
    1	 642.152655060318466	   0.006712763507479	   0.006719559211135	   0.091725944406567
    1	 660.737116123939131	   0.006467366730668	   0.006473748780198	   0.090435077242348
    1	 679.858591518928051	   0.006230357962273	   0.006236348492247	   0.089154754252060
    1	 699.532598746229382	   0.006001474769419	   0.006007093602351	   0.087885072925556
    1	 719.775103698611815	   0.005780463988751	   0.005785739480671	   0.086626270247595
    1	 740.602533617341351	   0.005567084414149	   0.005572033199709	   0.085378458475900
    1	 762.031790423256780	   0.005361095917002	   0.005365739953267	   0.084141745344468
    1	 784.080264433047546	   0.005162270730096	   0.005166624352844	   0.082916360685312
    1	 806.765848471885533	   0.004970376382255	   0.004974460290092	   0.081702461195936
    1	 830.106952393847109	   0.004785196649469	   0.004789027405073	   0.080500035086899
    1	 854.122518021915312	   0.004606512093080	   0.004610108001385	   0.079309114402542
    1	 878.832034519694730	   0.004434121305733	   0.004437490319314	   0.078129661016888
    1	 904.255554207292789	   0.004267816809141	   0.004270976054872	   0.076961662671830
    1	 930.413708834228146	   0.004107404806637	   0.004110364680797	   0.075805111048358
    1	 957.327726322546596	   0.003952687461711	   0.003955463236652	   0.074660021521493
    1	 985.019447993754852	   0.003803485055690	   0.003806087288861	   0.073526349935216
    1	1013.511346293535780	   0.003659613557670	   0.003662051216977	   0.072404059174949
    1	1042.826543028632614	   0.003520898077161	   0.003523181781236	   0.071293147719534
    1	1072.988828130713273	   0.003387166829907	   0.003389307640233	   0.070193551151662
    1	1104.022678962420287	   0.003258255165027	   0.003260261051021	   0.069105282186044
    1	1135.953280181299306	   0.003134002242230	   0.003135880351586	   0.068028249080277
    1	1168.806544177704154	   0.003014251620683	   0.003016011295620	   0.066962451128136
    1	1202.609132103271577	   0.002898852111647	   0.002900499013512	   0.065907799786868
    1	1237.388475507045314	   0.002787655012676	   0.002789198396992	   0.064863803554392
    1	1273.172798596775920	   0.002680520015590	   0.002681966178493	   0.063829379799464
    1	1309.991141143499590	   0.002577310317088	   0.002578662967996	   0.062804294384463
    1	1347.873382047951964	   0.002477891173054	   0.002479158161336	   0.061788577501725
    1	1386.850263587954032	   0.002382133057410	   0.002383319615439	   0.060782203989706
    1	1426.953416366460715	   0.002289912640468	   0.002291022472273	   0.059785563851925
    1	1468.215384980486078	   0.002201105068453	   0.002202144517706	   0.058799711550942
    1	1510.669654431772869	   0.002115593829942	   0.002116565659508	   0.057824905196615
    1	1554.350677300611778	   0.002033260892266	   0.002034171468130	   0.056861035853185
    1	1599.293901704867267	   0.001953997519125	   0.001954847870873	   0.055908074426485
    1	1645.535800066920501	   0.001877693567054	   0.001878490708484	   0.054965901913973
    1	1693.113898711837692	   0.001804247728468	   0.001804992769101	   0.054034395276434
    1	1742.066808320824975	   0.001733556537555	   0.001734253296686	   0.053113361700383
    1	1792.434255264645572	   0.001665523173238	   0.001666175212360	   0.052202702280939
    1	1844.257113842446870	   0.001600053869652	   0.001600663762353	   0.051302400419677
    1	1897.577439452170211	   0.001537057208107	   0.001537628095818	   0.050412494160877
    1	1952.438502719424378	   0.001476445100711	   0.001476978609491	   0.049533115684874
    1	2008.884824612568991	   0.001418131205572	   0.001418629676721	   0.048664290368036
    1	2066.962212572464068	   0.001362033284384	   0.001362500117606	   0.047806033378994
    1	2126.717797686213089	   0.001308071973106	   0.001308507546762	   0.046958266659940
    1	2188.200072935102071	   0.001256168788389	   0.001256576611701	   0.046120929790287
    1	2251.458932547709992	   0.001206249395598	   0.001206630797644	   0.045293943614924
    1	2316.545712490196365	   0.001158242284295	   0.001158598925418	   0.044477151152796
    1	2383.513232126565981	   0.001112077219303	   0.001112410047819	   0.043670373067220
    1	2452.415837082751750	   0.001067687647234	   0.001067998758977	   0.042873531263380
    1	2523.309443349305639	   0.001025007154906	   0.001025298270411	   0.042086483785495
    1	2596.251582658446296	   0.000983974499859	   0.000984245999837	   0.041309174364942
    1	2671.301449172356115	   0.000944527878166	   0.000944781856668	   0.040541523378824
    1	2748.519947520530422	   0.000906609634575	   0.000906846578142	   0.039783574809830
    1	2827.969742225257505	   0.000870162547806	   0.000870384621345	   0.039035321852999
    1	2909.715308555253614	   0.000835132799803	   0.000835339725254	   0.038296724018061
    1	2993.822984848768556	   0.000801467415679	   0.000801660610110	   0.037567775039678
    1	3080.361026348630730	   0.000769114528635	   0.000769295133248	   0.036848382525642
    1	3169.399660592879627	   0.000738026437827	   0.000738194999713	   0.036138504847733
    1	3261.011144405973482	   0.000708154818910	   0.000708312353443	   0.035438051764634
    1	3355.269822536785341	   0.000679454853117	   0.000679601829298	   0.034746956886649
    1	3452.252187991046867	   0.000651881454599	   0.000652019140916	   0.034065106603797
    1	3552.036944107091585	   0.000625392873956	   0.000625521508981	   0.033392419150117
    1	3654.705068425367699	   0.000599948315450	   0.000600067933706	   0.032726704749773
    1	3760.339878403509374	   0.000575507372023	   0.000575619206568	   0.032066323579632
    1	3869.027099030277441	   0.000552034409278	   0.000552138643209	   0.031412211581606
    1	3980.854932393318904	   0.000529492133118	   0.000529589441157	   0.030765334275953
    1	4095.914129257097557	   0.000507845504469	   0.000507936331951	   0.030126520622721
    1	4214.298062709161059	   0.000487059961707	   0.000487144832345	   0.029496287796513
    1	4336.102803934437361	   0.000467102509001	   0.000467181705922	   0.028874841342766
    1	4461.427200179180545	   0.000447940939427	   0.000448014673721	   0.028262058043127
    1	4590.372954967662736	   0.000429544468876	   0.000429613491810	   0.027657103056413
    1	4723.044710636855598	   0.000411883895223	   0.000411948346827	   0.027058546940682
    1	4859.550133256005211	   0.000394930902909	   0.000394990903507	   0.026464261795773
    1	5000.000000000002728	   0.000378658308511	   0.000378714411344	   0.025870624772217
    2	   0.000000000000000	   0.791321871169519	   1.443705452223399	   0.008229581405715
    2	   0.028895878633786	   0.786246744190731	   1.443705452223399	   0.008179398091397
    2	   0.058626729069591	   0.778531822005289	   1.443705452223399	   0.008098252741189
    2	   0.089216678551268	   0.770018134403756	   1.161574206172139	   0.008051465769038
    2	   0.120690551500581	   0.766217493135420	   1.161574202169701	   0.007971065747195
    2	   0.153073889662773	   0.758052892536050	   1.080614225837418	   0.007913469566168
    2	   0.186392972834257	   0.754956673184652	   1.080614217796431	   0.007830318836419
    2	   0.220674840189252	   0.744818181125684	   1.034881519707059	   0.007774882455273
    2	   0.255947312222677	   0.741044579298825	   0.979707123540217	   0.007716999599438
    2	   0.292239013327094	   0.734253434297912	   0.979707082287757	   0.007638681264073
    2	   0.329579395022038	   0.728980224122569	   0.943607139892024	   0.007580258280955
    2	   0.367998759854577	   0.724296242292355	   0.932288767303296	   0.007501647039570
    2	   0.407528285990505	   0.715760801317112	   0.915979161666494	   0.007436638278559
    2	   0.448200052516108	   0.710078585975361	   0.893399167773529	   0.007383346334447
    2	   0.490047065471057	   0.705708470743985	   0.872416782609241	   0.007317767652610
    2	   0.533103284633538	   0.698265181362721	   0.857339063423515	   0.007274721673016
    2	   0.577403651079368	   0.694038484573759	   0.849019331779920	   0.007230372563520
    2	   0.622984115537448	   0.689310129067435	   0.834964105341804	   0.007168287032935
    2	   0.669881667564581	   0.682431444181146	   0.815573498221733	   0.007150430542797
    2	   0.718134365563312	   0.676793073308839	   0.803393054061532	   0.007141651482632
    2	   0.767781367667167	   0.671491829018955	   0.791321832140532	   0.007161094426940
    2	   0.818862963518346	   0.667036332314963	   0.778531883267194	   0.007175730022328
    2	   0.871420606963662	   0.660097375092545	   0.766217527275109	   0.007190587501009
    2	   0.925496949695250	   0.656026367022120	   0.754956685396884	   0.007206123181744
    2	   0.981135875863370	   0.651247159935466	   0.744500649827022	   0.007224556172994
    2	   1.038382537689358	   0.646547592502819	   0.734730979670687	   0.007239099114790
    2	   1.097283392107659	   0.640062812823694	   0.726955810957125	   0.007254925292587
    2	   1.157886238466658	   0.635902681224969	   0.717402458044326	   0.007276535373066
    2	   1.220240257318908	   0.631513680465094	   0.707341724946022	   0.007296526864801
    2	   1.284396050332241	   0.627024529802167	   0.698758924355173	   0.007316078900721
    2	   1.350405681354142	   0.621755953502860	   0.691595294738077	   0.007336315347684
    2	   1.418322718662713	   0.616779560062703	   0.683276393476466	   0.007359160242148
    2	   1.488202278438519	   0.612436174208676	   0.675095918858344	   0.007383624956715
    2	   1.560101069492589	   0.607943893930348	   0.667324307192219	   0.007406341020134
    2	   1.634077439286873	   0.603650679075968	   0.660097370694620	   0.007429638069451
    2	   1.710191421284502	   0.599427133840992	   0.653250146544896	   0.007453561169715
    2	   1.788504783668267	   0.594166095984390	   0.646547623388904	   0.007481553379537
    2	   1.869081079466878	   0.589665691448175	   0.640062779620438	   0.007509625764513
    2	   1.951985698129646	   0.585341827582906	   0.633807245980715	   0.007536233851351
    2	   2.037285918591472	   0.581172681769188	   0.627636665556422	   0.007563664442875
    2	   2.125050963871200	   0.577218262502766	   0.621425959004837	   0.007592939285132
    2	   2.215352057247619	   0.573091355856072	   0.615130818914177	   0.007625868221668
    2	   2.308262480058741	   0.569051193619348	   0.608840932277723	   0.007673202846375
    2	   2.403857631171228	   0.564631393270046	   0.602868490730894	   0.007955408988988
    2	   2.502215088168239	   0.560204197699819	   0.597138235843972	   0.008196141069364
    2	   2.603414670305364	   0.556354908462670	   0.591368924387475	   0.008470673171716
    2	   2.707538503285713	   0.552571135911671	   0.585592695060855	   0.008745266706328
    2	   2.814671085906746	   0.548841208963884	   0.580062247521560	   0.009030551046177
    2	   2.924899358632921	   0.545187111363290	   0.574876472467116	   0.010365221686210
    2	   3.038312774149804	   0.541733502951819	   0.569582346920847	   0.013984801785677
    2	   3.155003369956905	   0.538344621063983	   0.564631436654807	   0.028548432308482
    2	   3.275065843058154	   0.535000650796522	   0.560092120434282	   0.043032416837392
    2	   3.398597626810607	   0.531770276586129	   0.555588404497907	   0.056247646633634
    2	   3.525698969993787	   0.528360668355013	   0.550854308811237	   0.068299062689304
    2	   3.656473018163779	   0.525179887446985	   0.546277910968650	   0.079538720022796
    2	   3.791025897358140	   0.522353045175995	   0.541976009936071	   0.089971464226178
    2	   3.929466800219529	   0.519567573716137	   0.537838858062213	   0.099726293007209
    2	   4.071908074607951	   0.516764505439115	   0.533822754638479	   0.108927704842769
    2	   4.218465314773542	   0.514043845254704	   0.530002456807616	   0.117646899556534
    2	   4.369257455163862	   0.511194414227875	   0.526440440381171	   0.126018751464081
    2	   4.524406866941830	   0.508208282395154	   0.523004717551869	   0.134982567347330
    2	   4.684039457292635	   0.505009894467914	   0.519680751896311	   0.142760944056396
    2	   4.848284771600217	   0.500699663639722	   0.516387377240449	   0.149980669134995
    2	   5.017276098576197	   0.496635937785093	   0.513215621254629	   0.156890771559025
    2	   5.191150578426639	   0.492740583306114	   0.510097643111337	   0.163517665688983
    2	   5.370049314144351	   0.488879328492765	   0.506536029323316	   0.169863081867328
    2	   5.554117486017097	   0.484922238533900	   0.501979626936207	   0.175947261754243
    2	   5.743504469444626	   0.480852353555186	   0.497318318972984	   0.181778833463238
    2	   5.938363956160092	   0.476704339172915	   0.493023563913292	   0.187365955133600
    2	   6.138854078954332	   0.472409296930362	   0.488815688729542	   0.193075457154843
    2	   6.345137540004107	   0.467811963426803	   0.484503407670001	   0.198872015256613
    2	   6.557381742908535	   0.463195550228821	   0.479930752881546	   0.203814514257346
    2	   6.775758928540808	   0.458530407767563	   0.475222621435595	   0.208562713804431
    2	   7.000446314825505	   0.453801271083924	   0.470127767696533	   0.213116597135295
    2	   7.231626240554826	   0.449109154504016	   0.465048568216945	   0.217483383891392
    2	   7.469486313360592	   0.444388824675816	   0.459968174719407	   0.221670629032293
    2	   7.714219561961972	   0.439558120686102	   0.454808360881772	   0.225680932154465
    2	   7.966024592812593	   0.434633299389350	   0.449667228890648	   0.229520290142200
    2	   8.225105751274045	   0.429715309572751	   0.444471766740797	   0.233194521220384
    2	   8.491673287446705	   0.424769607810754	   0.439372364812800	   0.236700856150971
    2	   8.765943526792318	   0.419801609603098	   0.434259620502757	   0.240271882189823
    2	   9.048139045686920	   0.414743011067651	   0.428902555600661	   0.243786633349723
    2	   9.338488852046499	   0.409669291731373	   0.423523962829026	   0.246820297186139
    2	   9.637228571171983	   0.404590062949615	   0.418083694511965	   0.249728282938862
    2	   9.944600636964415	   0.399474773622194	   0.412613375166792	   0.252496371881469
    2	  10.260854488665400	   0.394345300461371	   0.407133983835169	   0.255129277849388
    2	  10.586246773282603	   0.389225824757426	   0.401629833245425	   0.257631744222092
    2	  10.921041553864477	   0.384112997946918	   0.396116713847262	   0.260005151534384
    2	  11.265510523793269	   0.378986551769271	   0.390617501540892	   0.262250736288707
    2	  11.619933227270224	   0.373850626501872	   0.385133530067997	   0.264370817323788
    2	  11.984597286171908	   0.368713229936223	   0.379647803276001	   0.266369263638796
    2	  12.359798633461725	   0.363583982772438	   0.374162402115658	   0.268247850138842
    2	  12.745841753346063	   0.358463461153354	   0.368684827011382	   0.270006814996175
    2	  13.143039928369985	   0.353346131538624	   0.363225207261092	   0.271652930753298
    2	  13.551715493652951	   0.348234623103367	   0.357784738829248	   0.273250341989707
    2	  13.972200098470935	   0.343141316130647	   0.352357548225885	   0.274763841007466
    2	  14.404834975397117	   0.338058147295181	   0.346945813450361	   0.276143610550390
    2	  14.849971217219700	   0.332971817395231	   0.341563667594767	   0.277351882376220
    2	  15.307970061861486	   0.327891430351725	   0.336201178186592	   0.278470357833749
    2	  15.779203185532456	   0.322828274228576	   0.330847441280200	   0.279497225877689
    2	  16.264053004353240	   0.317795674725009	   0.325684643831624	   0.280431765147392
    2	  16.762912984694282	   0.312789748196385	   0.320538369308578	   0.281275125871657
    2	  17.276187962482517	   0.307802607437010	   0.315419245848423	   0.282029064929427
    2	  17.804294471734682	   0.302837031603941	   0.310244011134631	   0.282695406350426
    2	  18.347661082583901	   0.297898826640670	   0.305041781155637	   0.283275991828445
    2	  18.906728749073878	   0.292990061936987	   0.299874163327956	   0.283772671322308
    2	  19.481951167002819	   0.288111147028054	   0.294743657396865	   0.284187369741792
    2	  20.073795142107674	   0.283261933917355	   0.289651129469830	   0.284521945244087
    2	  20.682740968887291	   0.278444376527687	   0.284596616565207	   0.284778307793118
    2	  21.309282820372090	   0.273659856288329	   0.279581647991626	   0.284958339680894
    2	  21.953929149156366	   0.268908031444555	   0.274607310551429	   0.285063922765886
    2	  22.617203100018923	   0.264190115186702	   0.269673496578122	   0.285096882878443
    2	  23.299642934466547	   0.259507140661252	   0.264781095240667	   0.285058913295585
    2	  24.001802467545247	   0.254859831282829	   0.259930930739322	   0.284951690237104
    2	  24.724251517273323	   0.250248559963150	   0.255123533564178	   0.284777021241762
    2	  25.467576367061440	   0.245682303274728	   0.250359134552057	   0.284536658367874
    2	  26.232380241494525	   0.241163269963017	   0.245646601758023	   0.284232372317860
    2	  27.019283795861874	   0.236690650357396	   0.240988430994460	   0.283865883946924
    2	  27.828925619832713	   0.232263046887887	   0.236383683935313	   0.283438969847982
    2	  28.661962755685852	   0.227877216664343	   0.231830503337122	   0.282946160166138
    2	  29.519071231514047	   0.223533178380519	   0.227325202241817	   0.282386385510255
    2	  30.400946609835739	   0.219230809111218	   0.222867544258840	   0.281769181618475
    2	  31.308304552059560	   0.214968424111389	   0.218457282782465	   0.281097578577256
    2	  32.241881399259285	   0.210745628575835	   0.214092291560361	   0.280373595387391
    2	  33.202434769730999	   0.206563383650133	   0.209772038156400	   0.279599406705251
    2	  34.190744173817144	   0.202422429442189	   0.205497572590554	   0.278787598788893
    2	  35.207611646496368	   0.198324571085434	   0.201269642241735	   0.277938408252865
    2	  36.253862398252807	   0.194270632096906	   0.197090218840885	   0.277044995597120
    2	  37.330345484752499	   0.190262061517351	   0.192959659043107	   0.276107795178710
    2	  38.437934495871005	   0.186299435910888	   0.188879563804873	   0.275128248222202
    2	  39.577528264630907	   0.182383326398541	   0.184850196513386	   0.274107104799370
    2	  40.750051596624701	   0.178514257146857	   0.180871856383380	   0.273045782909401
    2	  41.956456020515084	   0.174692925683844	   0.176945033842911	   0.271945688513085
    2	  43.197720560221484	   0.170919506051824	   0.173070261442027	   0.270807993679475
    2	  44.474852529419636	   0.167178951666722	   0.169247495786120	   0.269633499017720
    2	  45.788888348999080	   0.163448287650448	   0.165476856781316	   0.268423375993568
    2	  47.140894388141525	   0.159767945222127	   0.161758754240054	   0.267178591270970
    2	  48.531967829703191	   0.156138075313734	   0.158093103443921	   0.265900257996731
    2	  49.963237560602892	   0.152558742239892	   0.154479975061702	   0.264589854976898
    2	  51.435865087938907	   0.149030382762997	   0.150919626347630	   0.263248913357171
    2	  52.951045481577594	   0.145552942899985	   0.147412014415117	   0.261877713631594
    2	  54.510008343979123	   0.142131511741165	   0.143956831421151	   0.260477183870211
    2	  56.114018808047234	   0.138807676080140	   0.140554580863042	   0.259048154669522
    2	  57.764378563812329	   0.135533288911138	   0.137204802256905	   0.257591250928357
    2	  59.462426914782107	   0.132308621631956	   0.133907573058453	   0.256108023382151
    2	  61.209541864815861	   0.129134260971916	   0.130663279216245	   0.254600631715330
    2	  63.007141236405005	   0.126010687510442	   0.127472301059851	   0.253070504052272
    2	  64.856683821267822	   0.122937837459331	   0.124334503329086	   0.251519561360163
    2	  66.759670564190785	   0.119916097166887	   0.121250236734295	   0.249948654821123
    2	  68.717645781079014	   0.116945076919307	   0.118219216948356	   0.248357810696380
    2	  70.732198412202351	   0.114025319482341	   0.115241661031043	   0.246748169726106
    2	  72.804963311656010	   0.111156999442573	   0.112317695452910	   0.245120640245405
    2	  74.937622574080706	   0.108339425385648	   0.109446821331853	   0.243475770687392
    2	  77.131906899719596	   0.105573028537428	   0.106629150238811	   0.241816304938628
    2	  79.389596998920211	   0.102859894852465	   0.103866308509241	   0.240142806912577
    2	  81.712525037219976	   0.100199095069424	   0.101157764096892	   0.238454165951457
    2	  84.102576122189461	   0.097590882515431	   0.098503652374475	   0.236751748757486
    2	  86.561689833238859	   0.095036371198121	   0.095904863337319	   0.235035917069416
    2	  89.091861795629356	   0.092532696233659	   0.093359195598295	   0.233306133816908
    2	  91.695145299967734	   0.090081874304581	   0.090867813511927	   0.231563331462636
    2	  94.373652968496771	   0.087683413827378	   0.088430480816541	   0.229809612380948
    2	  97.129558469535269	   0.085335161957188	   0.086045350029325	   0.228046282601838
    2	  99.965098281458040	   0.083035988086056	   0.083711205733196	   0.226271912237179
    2	 102.882573507647322	   0.080785108461224	   0.081427073004085	   0.224486325411135
    2	 105.884351743889738	   0.078582520830906	   0.079192650002074	   0.222691064486155
    2	 108.972868999732071	   0.076426844760610	   0.077006751839557	   0.220887146485817
    2	 112.150631675357559	   0.074317407672043	   0.074868530148503	   0.219075157664472
    2	 115.420218595584998	   0.072253898092812	   0.072777540279431	   0.217248495427058
    2	 118.784283102641851	   0.070234067684429	   0.070731829377990	   0.215408224032329
    2	 122.245555209410981	   0.068260940311042	   0.068733383689325	   0.213560761886664
    2	 125.806843814895657	   0.066330678899140	   0.066779424627105	   0.211708236297299
    2	 129.471038983704346	   0.064443886869354	   0.064869936198039	   0.209851651011824
    2	 133.241114291401544	   0.062600452743077	   0.063004777764110	   0.207991218303611
    2	 137.120129237630067	   0.060798914704439	   0.061182651141216	   0.206127701136577
    2	 141.111231728963531	   0.059039126777931	   0.059403208137322	   0.204262116373010
    2	 145.217660633501509	   0.057320655325957	   0.057665959338682	   0.202396305310237
    2	 149.442748409283439	   0.055642658145863	   0.055970124236914	   0.200531725022629
    2	 153.789923808651281	   0.054004545447591	   0.054315054546742	   0.198668817635111
    2	 158.262714660759030	   0.052405859369777	   0.052700171769072	   0.196807888467697
    2	 162.864750734483721	   0.050845878684963	   0.051124807552381	   0.194949411629165
    2	 167.599766684062956	   0.049324020800593	   0.049588315828156	   0.193093715278381
    2	 172.471605079850434	   0.047839694585911	   0.048090066771230	   0.191241098815230
    2	 177.484219526645859	   0.046392273388591	   0.046629410641304	   0.189391833038633
    2	 182.641677872133812	   0.044981164548581	   0.045205699418492	   0.187546380601001
    2	 187.948165508031963	   0.043605761773817	   0.043818328568463	   0.185705304693480
    2	 193.407988766628506	   0.042265422575805	   0.042466637238320	   0.183868912022534
    2	 199.025578415467606	   0.040959573232449	   0.041149965629888	   0.182037394994292
    2	 204.805493253013822	   0.039687549983900	   0.039867698581257	   0.180210913007839
    2	 210.752423808219334	   0.038448808397993	   0.038619199451429	   0.178390120786470
    2	 216.871196146991878	   0.037242711737021	   0.037403850462896	   0.176575749125137
    2	 223.166775788653098	   0.036068656620409	   0.036221018847882	   0.174767902551639
    2	 229.644271735569305	   0.034926029513857	   0.035070055332166	   0.172966170533982
    2	 236.308940619218248	   0.033814222607693	   0.033950337301151	   0.171170948801727
    2	 243.166190966063510	   0.032732658583141	   0.032861284181413	   0.169383792126365
    2	 250.221587586692891	   0.031680731646029	   0.031802232990248	   0.167605421984714
    2	 257.480856091785029	   0.030657834899271	   0.030772593602329	   0.165834344305736
    2	 264.949887538570579	   0.029663350528042	   0.029771739956509	   0.164069809850396
    2	 272.634743211554110	   0.028696746770030	   0.028799071707169	   0.162315085067486
    2	 280.541659541382273	   0.027757431402119	   0.027854013512941	   0.160572557313747
    2	 288.677053165845052	   0.026844793094482	   0.026935946884227	   0.158838554238055
    2	 297.047526137118098	   0.025958237098599	   0.026044256300783	   0.157110835481659
    2	 305.659871279476704	   0.025097225311874	   0.025178373452292	   0.155389179373028
    2	 314.521077701820843	   0.024261205033767	   0.024337740785242	   0.153673274326027
    2	 323.638336469493936	   0.023449588459260	   0.023521762163175	   0.151965616859873
    2	 333.019046439990916	   0.022661852853896	   0.022724256870167	   0.150270993085474
    2	 342.670820267293834	   0.021897444104016	   0.021950716934536	   0.148586895346397
    2	 352.601490579711538	   0.021155803029200	   0.021200650301123	   0.146910695287295
    2	 362.819116336228660	   0.020436391687341	   0.020473341979601	   0.145242723992392
    2	 373.331989366531559	   0.019738712419737	   0.019768413028420	   0.143583169131533
    2	 384.148641100010821	   0.019062212112357	   0.019085191119528	   0.141932070994212
    2	 395.277849489204300	   0.018406389928808	   0.018423176495711	   0.140289534637325
    2	 406.728646133302504	   0.017770733523056	   0.017781838094646	   0.138655818713733
    2	 418.510323607488203	   0.017154740906434	   0.017160635173325	   0.137031193931255
    2	 430.632443004070865	   0.016557927474154	   0.016559059006942	   0.135415969058436
    2	 443.104841691520960	   0.015976579108406	   0.015976584950557	   0.133810508103806
    2	 455.937641297715857	   0.015412707858298	   0.015412715004254	   0.132215100487754
    2	 469.141255923863469	   0.014866952226923	   0.014866959225261	   0.130629927939649
    2	 482.726400595775146	   0.014338813027423	   0.014338816397776	   0.129055054544770
    2	 496.704099959349207	   0.013827809045934	   0.013827812661121	   0.127490617769268
    2	 511.085697227312266	   0.013333476980706	   0.013333476634437	   0.125936625306277
    2	 525.882863384490292	   0.012855338537901	   0.012855340447564	   0.124393191218752
    2	 541.107606659070711	   0.012392951944814	   0.012392955521029	   0.122860325904092
    2	 556.772282267543233	   0.011945861420305	   0.011945868893739	   0.121338109230141
    2	 572.889602441236434	   0.011513636154479	   0.011513643624049	   0.119826559085902
    2	 589.472646742570191	   0.011095845985516	   0.011095854914265	   0.118325595432368
    2	 606.534872679413866	   0.010692073430424	   0.010692076027394	   0.116835259967026
    2	 624.090126626151346	   0.010301901002045	   0.010303224752776	   0.115355599859782
    2	 642.152655060318466	   0.009924927733645	   0.009927525651528	   0.113886408083200
    2	 660.737116123939131	   0.009560771641352	   0.009564494011947	   0.112427676044790
    2	 679.858591518928051	   0.009209038921185	   0.009213745760248	   0.110979529425544
    2	 699.532598746229382	   0.008869356781099	   0.008874932223068	   0.109541376744286
    2	 719.775103698611815	   0.008541367628901	   0.008547686668772	   0.108113104364178
    2	 740.602533617341351	   0.008224694630336	   0.008231660031911	   0.106694928334982
    2	 762.031790423256780	   0.007919012680666	   0.007926526115224	   0.105287083529446
    2	 784.080264433047546	   0.007623971263686	   0.007631938681808	   0.103890496436056
    2	 806.765848471885533	   0.007339231050249	   0.007347578070884	   0.102505807275400
    2	 830.106952393847109	   0.007064485302265	   0.007073128386384	   0.101133111343427
    2	 854.122518021915312	   0.006799404463934	   0.006808273864474	   0.099772415603839
    2	 878.832034519694730	   0.006543924003375	   0.006552713872112	   0.098423685923160
    2	 904.255554207292789	   0.006297914008047	   0.006306157433702	   0.097086969182517
    2	 930.413708834228146	   0.006060591314124	   0.006068315717263	   0.095762243382772
    2	 957.327726322546596	   0.005831668939457	   0.005838910319609	   0.094449490705237
    2	 985.019447993754852	   0.005610881784639	   0.005617671987899	   0.093148707390671
    2	1013.511346293535780	   0.005397969156745	   0.005404332402836	   0.091859890861750
    2	1042.826543028632614	   0.005192674724159	   0.005198636691831	   0.090582960869519
    2	1072.988828130713273	   0.004994749114445	   0.005000331371009	   0.089317925178789
    2	1104.022678962420287	   0.004803949065259	   0.004809179655803	   0.088064733404128
    2	1135.953280181299306	   0.004620042553757	   0.004624940311125	   0.086823312762834
    2	1168.806544177704154	   0.004442798240246	   0.004447387178877	   0.085593557163219
    2	1202.609132103271577	   0.004271999012264	   0.004276296478054	   0.084375406941055
    2	1237.388475507045314	   0.004107425925620	   0.004111451016081	   0.083168709902339
    2	1273.172798596775920	   0.003948870746026	   0.003952640063532	   0.081973229096193
    2	1309.991141143499590	   0.003796131233141	   0.003799659147658	   0.080788936681105
    2	1347.873382047951964	   0.003649012899494	   0.003652314191645	   0.079615868637941
    2	1386.850263587954032	   0.003507320383786	   0.003510410123604	   0.078454146713257
    2	1426.953416366460715	   0.003370870754408	   0.003373763757877	   0.077303806108366
    2	1468.215384980486078	   0.003239482866166	   0.003242189479523	   0.076165070675552
    2	1510.669654431772869	   0.003112982533207	   0.003115514909985	   0.075037953723591
    2	1554.350677300611778	   0.002991200796985	   0.002993570087093	   0.073922257580535
    2	1599.293901704867267	   0.002873971358158	   0.002876188858707	   0.072817883150634
    2	1645.535800066920501	   0.002761137994251	   0.002763211956541	   0.071724512996915
    2	1693.113898711837692	   0.002652543658138	   0.002654483563772	   0.070641944787913
    2	1742.066808320824975	   0.002548040710529	   0.002549854893963	   0.069569633034606
    2	1792.434255264645572	   0.002447486327395	   0.002449182629001	   0.068507290452135
    2	1844.257113842446870	   0.002350738334169	   0.002352324904016	   0.067455248770512
    2	1897.577439452170211	   0.002257662256417	   0.002259146415495	   0.066413751632771
    2	1952.438502719424378	   0.002168127123651	   0.002169514091286	   0.065383454288984
    2	2008.884824612568991	   0.002082004577067	   0.002083302305079	   0.064364724174941
    2	2066.962212572464068	   0.001999173329592	   0.002000385636725	   0.063357509205306
    2	2126.717797686213089	   0.001919511964849	   0.001920645953293	   0.062361752866161
    2	2188.200072935102071	   0.001842907205307	   0.001843966157029	   0.061377379590406
    2	2251.458932547709992	   0.001769247321667	   0.001770236965964	   0.060404324084569
    2	2316.545712490196365	   0.001698424237128	   0.001699348595445	   0.059442485720407
    2	2383.513232126565981	   0.001630334941152	   0.001631198499533	   0.058491825844215
    2	2452.415837082751750	   0.001564877987214	   0.001565685136329	   0.057552226739362
    2	2523.309443349305639	   0.001501957675182	   0.001502711992640	   0.056623630568828
    2	2596.251582658446296	   0.001441479556699	   0.001442184395439	   0.055705985717913
    2	2671.301449172356115	   0.001383353916494	   0.001384012423018	   0.054799214642284
    2	2748.519947520530422	   0.001327493918306	   0.001328108584337	   0.053903255123629
    2	2827.969742225257505	   0.001273814693248	   0.001274388760510	   0.053018062773915
    2	2909.715308555253614	   0.001222234641808	   0.001222770280699	   0.052143567751977
    2	2993.822984848768556	   0.001172675722426	   0.001173176208628	   0.051279707527277
    2	3080.361026348630730	   0.001125062691300	   0.001125529491668	   0.050426393132479
    2	3169.399660592879627	   0.001079321197580	   0.001079757833904	   0.049583531928485
    2	3261.011144405973482	   0.001035381863772	   0.001035788959393	   0.048751055776458
    2	3355.269822536785341	   0.000993176437289	   0.000993556243765	   0.047928821065063
    2	3452.252187991046867	   0.000952638739431	   0.000952993884340	   0.047116693620170
    2	3552.036944107091585	   0.000913706672462	   0.000914037901197	   0.046314492091456
    2	3654.705068425367699	   0.000876318039387	   0.000876627392776	   0.045521970347598
    2	3760.339878403509374	   0.000840414849446	   0.000840703736333	   0.044738705737344
    2	3869.027099030277441	   0.000805940572849	   0.000806210311300	   0.043964533428347
    2	3980.854932393318904	   0.000772841145441	   0.000773092802796	   0.043199458623614
    2	4095.914129257097557	   0.000741063186953	   0.000741298093716	   0.042443373459797
    2	4214.298062709161059	   0.000710557094443	   0.000710775680551	   0.041695962525129
    2	4336.102803934437361	   0.000681273054912	   0.000681477254960	   0.040956376653926
    2	4461.427200179180545	   0.000653164470417	   0.000653354984524	   0.040222922224915
    2	4590.372954967662736	   0.000626185567939	   0.000626363505977	   0.039492074802188
    2	4723.044710636855598	   0.000600294226973	   0.000600459976996	   0.038758069983364
    2	4859.550133256005211	   0.000575448475827	   0.000575603390919	   0.038011646789483
    2	5000.000000000002728	   0.000551609816842	   0.000551753992842	   0.037235943796437
