===================Program Starting: Tue Jan 31 23:33:51 2017

------ Estimated Model parameters------
             betapar		   0.879492187500000
              Etapar		   0.034000000000000	   0.027000000000000	   0.024000000000000
               Kappa		   2.003125000000000	   2.053125000000000	   2.103125000000000
                PROD		   0.250000000000000	   1.000000000000000	   1.750000000000000
              GTRANS		   0.480468750000000	   0.352343750000000	   0.737109375000000
             phiparW		   1.332031250000000
             phiparE		   1.678906250000000
             costpar		   0.000000000000000
               nupar		   0.869531250000000
                fpar		   0.761718750000000
               mupar		   0.042187500000000
               xipar		   1.000000000000000

------ Fixed Model parameters------
             maxgrid		                 250
             Gridmin		   0.000000000000000
             Gridmax		5000.000000000000000
             corptax		   0.000000000000000
            alphapar		   0.360000000000000
            deltapar		   0.060000000000000
             rhostar		   0.400000000000000
            sigmapar		   1.390000000000000
              TFPpar		   1.000000000000000
              pLTpar		   1.000000000000000
          EffortMaxU		 100.000000000000000
          EffortMaxE		 100.000000000000000

------ Convergence criterions------
        epsilonValue		   0.000001000000000
        epsilonendoK		   0.000001000000000
           maxiterVF		   0.000001000000000
        maxiterendoK		   0.000001000000000
         epsilonDist		   0.000000010000000
        epsilonprice		   0.000010000000000
       epsilonparams		   0.000001000000000
          relaxendoK		   0.300000000000000
              relaxK		   0.050000000000000
            relaxTax		   0.200000000000000
----------------------------
R:    0.070000000000000,	 W:    1.135029096946556,	 K:    4.380284646201778	, L:    0.891900000000000, 	 TAX:    0.141700000000000

-------EQUILIBRIUM PRICES AND AGGREGATE--------
r    0.070000000000000 
w    1.135029096946556 
u    0.212554370679020 
-------MOMENTS GENERATED & STATISTICS--------
Ratio KY [3.04]    4.946498847861688
Ratio mworthVE/mworthWW [8]    4.177053216450381
Fraction E [7.55]    0.721360013306588
(UL:    0.210924354190756, US:    0.001630016488265) Unemploy. rate [4- 6]    0.212554370679020
Fraction of nonE>E (rlv to whole pop) [0.39]    0.030791894785144
Fraction of U>E (rlv to new entrant) [20]    0.764779088062413
Worker exit rate (rlv to workers) [3-6.5]    0.134263922999244
Nshare (US)    0.000080438288982, 	 Nshare(UL):    0.000041454556616, 	 Nshare [0.1]:    0.000121892845598
(U>E/pop>E) [0.2]    0.764779088062413
Wealth Gini [0.84]    0.457851761298790
Earning Gini [0.36]    0.951285725526921
Top 1 [41.8]    0.076034884177771
Zero wealth fraction [7- 13]    0.000725486973455
Fraction U>nonU (rlv to unemployed) [40- 65]    0.143817681335142

-------TRANSITION Worker to entrepreneur / ABILITY--------
very low	 middle 	 very high
   0.114859801408539	   0.092367885872003	   0.142650107561383	
-------TRANSITION Entrepreneur to Worker / ABILITY--------
very low 	 middle 	 very high
   0.001723079716952	   0.003832867026255	   0.002064791965645	
--------- TRANSITION MATRIX BTW CLASSES ------
  	  U     	 W     	 E 
U 	 0.8562 	 0.0330 	 0.1108 
W 	 0.0247 	 0.8657 	 0.1096 
E 	 0.0399 	 0.0029 	 0.9573 
---------------
--------- WEALTH DISTRIBUTION STATISTICS ------
Top 0.1 [22]    0.013948488972142
Top 1 [41.8]    0.076034884177771
Top 5 [?]    0.232754297405560
Top 10 [77.2]    0.347612328428257
Top 20 [?]    0.522071723889192
Bot 20 [?]    0.042366953495728
Bot 40 [?]    0.132717731393498
Bot 60 [?]    0.263029717755161
Bot 80 [?]    0.477928276110808
mworthVE   83.902144650205017
mworthWW   20.086443792426525
mworthUS   18.063108779743839
mworthUL   83.251763020746139
---------------
--------- PRODUCTION & CAPITAL -----
CapitalVE  100.745007005175694
ProductionVE   23.229188523547599
Totalcapital  117.318006753473753
Totallabor    0.067222235716640
Corproduction    0.488194288375811
Corcapital   16.572999748298052
Totalproduction   23.717382811923411
CapitalVE/Totalcapital    0.858734390338529
---------------
--------- TAXATION -----
Corporate revenu    0.000000000000000
Expenditure    0.001765164272576
Revenue Basis    0.076299193500186
Optimal tax    0.023134769734774
-------MASS--------
WW    0.066085616014381 
U    0.212554370679020 
VE    0.721360013306588 
-------WELFARE--------
UL   -9.175847756675120  US  -16.480831609536732  VE   -8.070452227919752  WW  -15.170704522542557  Wtot  -8.786540669760004  Avg Firm:  139.659816384024651 
R:    0.044927908264476,	 W:    1.280409638060281,	 K:    4.989920401306591	, L:    0.726964447143328, 	 TAX:    0.117986953946955

-------EQUILIBRIUM PRICES AND AGGREGATE--------
r    0.044927908264476 
w    1.280409638060281 
u    0.170225943849257 
-------MOMENTS GENERATED & STATISTICS--------
Ratio KY [3.04]    4.631608397618821
Ratio mworthVE/mworthWW [8]   32.584409303043898
Fraction E [7.55]    0.708589915008522
(UL:    0.167076136072105, US:    0.003149807777152) Unemploy. rate [4- 6]    0.170225943849257
Fraction of nonE>E (rlv to whole pop) [0.39]    0.030284843251450
Fraction of U>E (rlv to new entrant) [20]    0.735159262494724
Worker exit rate (rlv to workers) [3-6.5]    0.092177638870994
Nshare (US)    0.000204673084387, 	 Nshare(UL):    0.000077750071619, 	 Nshare [0.1]:    0.000282423156007
(U>E/pop>E) [0.2]    0.735159262494724
Wealth Gini [0.84]    0.487001304287654
Earning Gini [0.36]    0.911697725939781
Top 1 [41.8]    0.084366098588028
Zero wealth fraction [7- 13]    0.005361882142472
Fraction U>nonU (rlv to unemployed) [40- 65]    0.182509469828279

-------TRANSITION Worker to entrepreneur / ABILITY--------
very low	 middle 	 very high
   0.064073964557343	   0.056156100698517	   0.089726366804824	
-------TRANSITION Entrepreneur to Worker / ABILITY--------
very low 	 middle 	 very high
   0.002362405358158	   0.004727300601824	   0.002886269371474	
--------- TRANSITION MATRIX BTW CLASSES ------
  	  U     	 W     	 E 
U 	 0.8175 	 0.0517 	 0.1308 
W 	 0.0260 	 0.9078 	 0.0662 
E 	 0.0391 	 0.0037 	 0.9572 
---------------
--------- WEALTH DISTRIBUTION STATISTICS ------
Top 0.1 [22]    0.015036281141534
Top 1 [41.8]    0.084366098588028
Top 5 [?]    0.237811885984648
Top 10 [77.2]    0.360423759439634
Top 20 [?]    0.529943985215288
Bot 20 [?]    0.026834200732186
Bot 40 [?]    0.108619610786591
Bot 60 [?]    0.246695551770253
Bot 80 [?]    0.470056014784712
mworthVE   84.589410872316719
mworthWW    2.596008725694921
mworthUS    2.104834833787264
mworthUL   79.517268340475539
---------------
--------- PRODUCTION & CAPITAL -----
CapitalVE   98.534603560525071
ProductionVE   22.767511103992796
Totalcapital  108.173311746098534
Totallabor    0.121919815287906
Corproduction    0.587941788292319
Corcapital    9.638708185573465
Totalproduction   23.355452892285115
CapitalVE/Totalcapital    0.910895691090635
---------------
--------- TAXATION -----
Corporate revenu    0.000000000000000
Expenditure    0.002368388570752
Revenue Basis    0.156107306565164
Optimal tax    0.015171542081304
-------MASS--------
WW    0.121184141142202 
U    0.170225943849257 
VE    0.708589915008522 
-------WELFARE--------
UL   -9.669476257008945  US  -20.518543958330941  VE   -8.115591000846575  WW  -18.414971911169612  Wtot  -9.662396692944464  Avg Firm:  139.057304476793291 
R:    0.030704708864224,	 W:    1.389739332769371,	 K:    5.222359790519935	, L:    0.605955520772244, 	 TAX:    0.097423871573825

-------EQUILIBRIUM PRICES AND AGGREGATE--------
r    0.030704708864224 
w    1.389739332769371 
u    0.136460631312001 
-------MOMENTS GENERATED & STATISTICS--------
Ratio KY [3.04]    4.449744172654508
Ratio mworthVE/mworthWW [8]   67.667414976749185
Fraction E [7.55]    0.602019262250840
(UL:    0.129367349648375, US:    0.007093281663626) Unemploy. rate [4- 6]    0.136460631312001
Fraction of nonE>E (rlv to whole pop) [0.39]    0.025838102296025
Fraction of U>E (rlv to new entrant) [20]    0.710234801200607
Worker exit rate (rlv to workers) [3-6.5]    0.055751982938026
Nshare (US)    0.000424177305252, 	 Nshare(UL):    0.000118329884372, 	 Nshare [0.1]:    0.000542507189624
(U>E/pop>E) [0.2]    0.710234801200607
Wealth Gini [0.84]    0.564576277984767
Earning Gini [0.36]    0.810945874368596
Top 1 [41.8]    0.095656177975837
Zero wealth fraction [7- 13]    0.018932994652659
Fraction U>nonU (rlv to unemployed) [40- 65]    0.223661736367463

-------TRANSITION Worker to entrepreneur / ABILITY--------
very low	 middle 	 very high
   0.026335953418031	   0.023999636152591	   0.040526410963118	
-------TRANSITION Entrepreneur to Worker / ABILITY--------
very low 	 middle 	 very high
   0.002852431450124	   0.005572558587911	   0.003526133151098	
--------- TRANSITION MATRIX BTW CLASSES ------
  	  U     	 W     	 E 
U 	 0.7763 	 0.0892 	 0.1345 
W 	 0.0271 	 0.9442 	 0.0286 
E 	 0.0386 	 0.0044 	 0.9570 
---------------
--------- WEALTH DISTRIBUTION STATISTICS ------
Top 0.1 [22]    0.017717825067992
Top 1 [41.8]    0.095656177975837
Top 5 [?]    0.262757588565572
Top 10 [77.2]    0.400335214988207
Top 20 [?]    0.574505402204395
Bot 20 [?]    0.002144644360318
Bot 40 [?]    0.060008094292056
Bot 60 [?]    0.201116501034814
Bot 80 [?]    0.425494597795605
mworthVE   85.563502996093803
mworthWW    1.264471282455430
mworthUS    1.135428159920386
mworthUL   78.352835110232832
---------------
--------- PRODUCTION & CAPITAL -----
CapitalVE   83.698909186511159
ProductionVE   19.361939266431822
Totalcapital   89.767577620154299
Totallabor    0.261787397880262
Corproduction    0.811709855199178
Corcapital    6.068668433643144
Totalproduction   20.173649121631001
CapitalVE/Totalcapital    0.932395764767962
---------------
--------- TAXATION -----
Corporate revenu    0.000000000000000
Expenditure    0.004381426214388
Revenue Basis    0.363816243657545
Optimal tax    0.012042964795469
-------MASS--------
WW    0.261520106437116 
U    0.136460631312001 
VE    0.602019262250840 
-------WELFARE--------
UL  -10.009041871569988  US  -22.235341706599332  VE   -8.127710669953112  WW  -19.931619907877604  Wtot -11.558122502142258  Avg Firm:  139.030284302824782 
R:    0.023535545902567,	 W:    1.455618330355463,	 K:    5.264675222676095	, L:    0.537121896193847, 	 TAX:    0.080347690218154

-------EQUILIBRIUM PRICES AND AGGREGATE--------
r    0.023535545902567 
w    1.455618330355463 
u    0.099687518790422 
-------MOMENTS GENERATED & STATISTICS--------
Ratio KY [3.04]    4.287457209324868
Ratio mworthVE/mworthWW [8]   80.813778735568619
Fraction E [7.55]    0.412557190207771
(UL:    0.086208969211490, US:    0.013478549578931) Unemploy. rate [4- 6]    0.099687518790422
Fraction of nonE>E (rlv to whole pop) [0.39]    0.017846179800963
Fraction of U>E (rlv to new entrant) [20]    0.685883170728285
Worker exit rate (rlv to workers) [3-6.5]    0.039126864115457
Nshare (US)    0.000845582228427, 	 Nshare(UL):    0.000168508499224, 	 Nshare [0.1]:    0.001014090727651
(U>E/pop>E) [0.2]    0.685883170728285
Wealth Gini [0.84]    0.697014477238948
Earning Gini [0.36]    0.648512936809012
Top 1 [41.8]    0.122501214939407
Zero wealth fraction [7- 13]    0.042479028960610
Fraction U>nonU (rlv to unemployed) [40- 65]    0.294636907176338

-------TRANSITION Worker to entrepreneur / ABILITY--------
very low	 middle 	 very high
   0.010488342690546	   0.009335653872298	   0.016888251829118	
-------TRANSITION Entrepreneur to Worker / ABILITY--------
very low 	 middle 	 very high
   0.003379765529622	   0.006573720691907	   0.004131949214172	
--------- TRANSITION MATRIX BTW CLASSES ------
  	  U     	 W     	 E 
U 	 0.7054 	 0.1718 	 0.1228 
W 	 0.0276 	 0.9609 	 0.0115 
E 	 0.0382 	 0.0052 	 0.9567 
---------------
--------- WEALTH DISTRIBUTION STATISTICS ------
Top 0.1 [22]    0.024143623903468
Top 1 [41.8]    0.122501214939407
Top 5 [?]    0.330353883785453
Top 10 [77.2]    0.493991772994045
Top 20 [?]    0.694696641668619
Bot 20 [?]    0.001221677702113
Bot 40 [?]    0.005744647168858
Bot 60 [?]    0.070173001176624
Bot 80 [?]    0.305303358331381
mworthVE   85.966810618098648
mworthWW    1.063764273409257
mworthUS    0.995663596006735
mworthUL   77.421437508853373
---------------
--------- PRODUCTION & CAPITAL -----
CapitalVE   57.359709182194273
ProductionVE   13.268356867657326
Totalcapital   61.341972349243783
Totallabor    0.487929422029279
Corproduction    1.038951486541528
Corcapital    3.982263167049510
Totalproduction   14.307308354198854
CapitalVE/Totalcapital    0.935080940267507
---------------
--------- TAXATION -----
Corporate revenu    0.000000000000000
Expenditure    0.007865931077144
Revenue Basis    0.710239010625564
Optimal tax    0.011075047919737
-------MASS--------
WW    0.487755291001801 
U    0.099687518790422 
VE    0.412557190207771 
-------WELFARE--------
UL  -10.446842491395994  US  -22.662721857493018  VE   -8.155682787403936  WW  -20.330149957604100  Wtot -14.486895926526488  Avg Firm:  139.034564282607533 
R:    0.023202991478415,	 W:    1.458888081329299,	 K:    5.200554619894765	, L:    0.527283401360934, 	 TAX:    0.066493161758470

-------EQUILIBRIUM PRICES AND AGGREGATE--------
r    0.023202991478415 
w    1.458888081329299 
u    0.091379076216629 
-------MOMENTS GENERATED & STATISTICS--------
Ratio KY [3.04]    4.243988492939418
Ratio mworthVE/mworthWW [8]   80.978393689565223
Fraction E [7.55]    0.362748726681999
(UL:    0.076258982382155, US:    0.015120093834473) Unemploy. rate [4- 6]    0.091379076216629
Fraction of nonE>E (rlv to whole pop) [0.39]    0.015744536287064
Fraction of U>E (rlv to new entrant) [20]    0.678379555090643
Worker exit rate (rlv to workers) [3-6.5]    0.036975428877288
Nshare (US)    0.001005449618030, 	 Nshare(UL):    0.000187077592504, 	 Nshare [0.1]:    0.001192527210533
(U>E/pop>E) [0.2]    0.678379555090643
Wealth Gini [0.84]    0.730495153526598
Earning Gini [0.36]    0.606762723001170
Top 1 [41.8]    0.129777022676020
Zero wealth fraction [7- 13]    0.047991615343136
Fraction U>nonU (rlv to unemployed) [40- 65]    0.318043453771998

-------TRANSITION Worker to entrepreneur / ABILITY--------
very low	 middle 	 very high
   0.008512486162494	   0.007448217309147	   0.013749359007804	
-------TRANSITION Entrepreneur to Worker / ABILITY--------
very low 	 middle 	 very high
   0.003556399719732	   0.006908995283484	   0.004296169944578	
--------- TRANSITION MATRIX BTW CLASSES ------
  	  U     	 W     	 E 
U 	 0.6820 	 0.2012 	 0.1169 
W 	 0.0277 	 0.9630 	 0.0093 
E 	 0.0381 	 0.0054 	 0.9565 
---------------
--------- WEALTH DISTRIBUTION STATISTICS ------
Top 0.1 [22]    0.026403120880432
Top 1 [41.8]    0.129777022676020
Top 5 [?]    0.355337899524179
Top 10 [77.2]    0.523068337693712
Top 20 [?]    0.727323181910141
Bot 20 [?]    0.001065281945960
Bot 40 [?]    0.005211570774665
Bot 60 [?]    0.035783029082185
Bot 80 [?]    0.272676818089859
mworthVE   86.097280134681213
mworthWW    1.063212990674272
mworthUS    0.996389777590501
mworthUL   77.042167743295977
---------------
--------- PRODUCTION & CAPITAL -----
CapitalVE   50.478382188519952
ProductionVE   11.673976902901916
Totalcapital   54.143939226173536
Totallabor    0.546123959637206
Corproduction    1.083819051599610
Corcapital    3.665557037653588
Totalproduction   12.757795954501526
CapitalVE/Totalcapital    0.932299771866587
---------------
--------- TAXATION -----
Corporate revenu    0.000000000000000
Expenditure    0.008742271989310
Revenue Basis    0.796733735643082
Optimal tax    0.010972639412907
-------MASS--------
WW    0.545872197101360 
U    0.091379076216629 
VE    0.362748726681999 
-------WELFARE--------
UL  -10.597219002416182  US  -22.614373944718871  VE   -8.160613570224283  WW  -20.293742209851072  Wtot -15.188106422299827  Avg Firm:  139.155229158864728 
R:    0.024382174253495,	 W:    1.447385126403171,	 K:    5.123804740782706	, L:    0.531051513016188, 	 TAX:    0.055389057289358

-------EQUILIBRIUM PRICES AND AGGREGATE--------
r    0.024382174253495 
w    1.447385126403171 
u    0.093325237159137 
-------MOMENTS GENERATED & STATISTICS--------
Ratio KY [3.04]    4.260336465948457
Ratio mworthVE/mworthWW [8]   79.161267226196401
Fraction E [7.55]    0.372096278113744
(UL:    0.078525855054758, US:    0.014799382104379) Unemploy. rate [4- 6]    0.093325237159137
Fraction of nonE>E (rlv to whole pop) [0.39]    0.016155944859668
Fraction of U>E (rlv to new entrant) [20]    0.677178166541899
Worker exit rate (rlv to workers) [3-6.5]    0.037440477716647
Nshare (US)    0.000998986377891, 	 Nshare(UL):    0.000194752873721, 	 Nshare [0.1]:    0.001193739251612
(U>E/pop>E) [0.2]    0.677178166541899
Wealth Gini [0.84]    0.723718800014344
Earning Gini [0.36]    0.614858960927464
Top 1 [41.8]    0.130040702215438
Zero wealth fraction [7- 13]    0.046263760482106
Fraction U>nonU (rlv to unemployed) [40- 65]    0.311837957955872

-------TRANSITION Worker to entrepreneur / ABILITY--------
very low	 middle 	 very high
   0.008973658702129	   0.007793235093459	   0.014526274839063	
-------TRANSITION Entrepreneur to Worker / ABILITY--------
very low 	 middle 	 very high
   0.003548375994142	   0.006939650559181	   0.004297681153973	
--------- TRANSITION MATRIX BTW CLASSES ------
  	  U     	 W     	 E 
U 	 0.6882 	 0.1946 	 0.1172 
W 	 0.0277 	 0.9626 	 0.0098 
E 	 0.0381 	 0.0054 	 0.9565 
---------------
--------- WEALTH DISTRIBUTION STATISTICS ------
Top 0.1 [22]    0.026346891077766
Top 1 [41.8]    0.130040702215438
Top 5 [?]    0.356606561989595
Top 10 [77.2]    0.509858927496663
Top 20 [?]    0.728881628991567
Bot 20 [?]    0.001197667535577
Bot 40 [?]    0.005696762845621
Bot 60 [?]    0.042277258226053
Bot 80 [?]    0.271118371008433
mworthVE   86.233366482883099
mworthWW    1.089337873236400
mworthUS    1.017157188300700
mworthUL   77.497447050300778
---------------
--------- PRODUCTION & CAPITAL -----
CapitalVE   51.866012207369693
ProductionVE   11.991358684281733
Totalcapital   55.730666568917819
Totallabor    0.534788398593781
Corproduction    1.089924217750930
Corcapital    3.864654361548127
Totalproduction   13.081282902032664
CapitalVE/Totalcapital    0.930654797448564
---------------
--------- TAXATION -----
Corporate revenu    0.000000000000000
Expenditure    0.008511033791550
Revenue Basis    0.774044773897609
Optimal tax    0.010995531626283
-------MASS--------
WW    0.534578484727113 
U    0.093325237159137 
VE    0.372096278113744 
-------WELFARE--------
UL  -10.537939873575235  US  -22.531527142714317  VE   -8.154940843892508  WW  -20.221983917902694  Wtot -15.005614075926946  Avg Firm:  139.388688514414895 
R:    0.025129089533318,	 W:    1.440228040270854,	 K:    5.060847221820977	, L:    0.531798890131707, 	 TAX:    0.046510352156743

-------EQUILIBRIUM PRICES AND AGGREGATE--------
r    0.025129089533318 
w    1.440228040270854 
u    0.094009079135421 
-------MOMENTS GENERATED & STATISTICS--------
Ratio KY [3.04]    4.267902594808787
Ratio mworthVE/mworthWW [8]   78.133629699518977
Fraction E [7.55]    0.374775466594977
(UL:    0.079305684134288, US:    0.014703395001133) Unemploy. rate [4- 6]    0.094009079135421
Fraction of nonE>E (rlv to whole pop) [0.39]    0.016277231195144
Fraction of U>E (rlv to new entrant) [20]    0.675635972485409
Worker exit rate (rlv to workers) [3-6.5]    0.037617774685891
Nshare (US)    0.000997054171169, 	 Nshare(UL):    0.000196534135719, 	 Nshare [0.1]:    0.001193588306888
(U>E/pop>E) [0.2]    0.675635972485409
Wealth Gini [0.84]    0.721602606591325
Earning Gini [0.36]    0.617267338266814
Top 1 [41.8]    0.130222365794520
Zero wealth fraction [7- 13]    0.045540561500332
Fraction U>nonU (rlv to unemployed) [40- 65]    0.309595487894531

-------TRANSITION Worker to entrepreneur / ABILITY--------
very low	 middle 	 very high
   0.009140165176970	   0.007926540168439	   0.014827876939661	
-------TRANSITION Entrepreneur to Worker / ABILITY--------
very low 	 middle 	 very high
   0.003546604907332	   0.006992222514017	   0.004305270757342	
--------- TRANSITION MATRIX BTW CLASSES ------
  	  U     	 W     	 E 
U 	 0.6904 	 0.1926 	 0.1170 
W 	 0.0277 	 0.9624 	 0.0099 
E 	 0.0381 	 0.0054 	 0.9565 
---------------
--------- WEALTH DISTRIBUTION STATISTICS ------
Top 0.1 [22]    0.026317964530890
Top 1 [41.8]    0.130222365794520
Top 5 [?]    0.357428909964406
Top 10 [77.2]    0.510926801051162
Top 20 [?]    0.729785198848973
Bot 20 [?]    0.001157951122974
Bot 40 [?]    0.005569157191871
Bot 60 [?]    0.044941235659443
Bot 80 [?]    0.270214801151027
mworthVE   86.324564707864042
mworthWW    1.104832388305077
mworthUS    1.033427181638719
mworthUL   77.774618583072012
---------------
--------- PRODUCTION & CAPITAL -----
CapitalVE   52.292570247419619
ProductionVE   12.087524683600970
Totalcapital   56.268999250515364
Totallabor    0.531403151980073
Corproduction    1.096702931845899
Corcapital    3.976429003095742
Totalproduction   13.184227615446868
CapitalVE/Totalcapital    0.929331798040476
---------------
--------- TAXATION -----
Corporate revenu    0.000000000000000
Expenditure    0.008422054832480
Revenue Basis    0.765341720170015
Optimal tax    0.011004306456218
-------MASS--------
WW    0.531215454269576 
U    0.094009079135421 
VE    0.374775466594977 
-------WELFARE--------
UL  -10.510132612706169  US  -22.467623133263768  VE   -8.153099929998675  WW  -20.166407953350483  Wtot -14.932152987243125  Avg Firm:  139.530398621136811 
R:    0.025709817457578,	 W:    1.434730844119863,	 K:    5.006626310884714	, L:    0.531719742501380, 	 TAX:    0.039409143016638

-------EQUILIBRIUM PRICES AND AGGREGATE--------
r    0.025709817457578 
w    1.434730844119863 
u    0.094200984717067 
-------MOMENTS GENERATED & STATISTICS--------
Ratio KY [3.04]    4.271835015171498
Ratio mworthVE/mworthWW [8]   77.432537954943655
Fraction E [7.55]    0.374718402772735
(UL:    0.079502272194811, US:    0.014698712522255) Unemploy. rate [4- 6]    0.094200984717067
Fraction of nonE>E (rlv to whole pop) [0.39]    0.016290443797838
Fraction of U>E (rlv to new entrant) [20]    0.673955242558815
Worker exit rate (rlv to workers) [3-6.5]    0.037678133691139
Nshare (US)    0.000999677769767, 	 Nshare(UL):    0.000201779071744, 	 Nshare [0.1]:    0.001201456841511
(U>E/pop>E) [0.2]    0.673955242558815
Wealth Gini [0.84]    0.721367639836994
Earning Gini [0.36]    0.617356461970072
Top 1 [41.8]    0.130346707452596
Zero wealth fraction [7- 13]    0.045217624571302
Fraction U>nonU (rlv to unemployed) [40- 65]    0.308860443179838

-------TRANSITION Worker to entrepreneur / ABILITY--------
very low	 middle 	 very high
   0.009202454329927	   0.007957698567157	   0.014954258393800	
-------TRANSITION Entrepreneur to Worker / ABILITY--------
very low 	 middle 	 very high
   0.003559608856008	   0.007073376207020	   0.004341103836219	
--------- TRANSITION MATRIX BTW CLASSES ------
  	  U     	 W     	 E 
U 	 0.6911 	 0.1923 	 0.1165 
W 	 0.0277 	 0.9623 	 0.0100 
E 	 0.0381 	 0.0055 	 0.9564 
---------------
--------- WEALTH DISTRIBUTION STATISTICS ------
Top 0.1 [22]    0.026289841928885
Top 1 [41.8]    0.130346707452596
Top 5 [?]    0.345120829438747
Top 10 [77.2]    0.511672072048571
Top 20 [?]    0.730376580817169
Bot 20 [?]    0.001140030651560
Bot 40 [?]    0.005530120513301
Bot 60 [?]    0.045001876898295
Bot 80 [?]    0.269623419182831
mworthVE   86.400886156874378
mworthWW    1.115821441977650
mworthUS    1.045963279014014
mworthUL   77.961796496427098
---------------
--------- PRODUCTION & CAPITAL -----
CapitalVE   52.329186010989282
ProductionVE   12.094000040544618
Totalcapital   56.378325039951768
Totallabor    0.531254794571932
Corproduction    1.103683118969537
Corcapital    4.049139028962483
Totalproduction   13.197683159514154
CapitalVE/Totalcapital    0.928179153493952
---------------
--------- TAXATION -----
Corporate revenu    0.000000000000000
Expenditure    0.008389658682044
Revenue Basis    0.762207639858913
Optimal tax    0.011007051416589
-------MASS--------
WW    0.531080612510178 
U    0.094200984717067 
VE    0.374718402772735 
-------WELFARE--------
UL  -10.495025286967817  US  -22.420510982308343  VE   -8.151153636101961  WW  -20.125774090453188  Wtot -14.906726705061613  Avg Firm:  139.649362357916090 
R:    0.026228840196676,	 W:    1.429866773089403,	 K:    4.958751946788603	, L:    0.531626752915490, 	 TAX:    0.033728724696628

-------EQUILIBRIUM PRICES AND AGGREGATE--------
r    0.026228840196676 
w    1.429866773089403 
u    0.094515416683678 
-------MOMENTS GENERATED & STATISTICS--------
Ratio KY [3.04]    4.276022876534839
Ratio mworthVE/mworthWW [8]   76.754545033269309
Fraction E [7.55]    0.375432036165329
(UL:    0.079846650516475, US:    0.014668766167203) Unemploy. rate [4- 6]    0.094515416683678
Fraction of nonE>E (rlv to whole pop) [0.39]    0.016336680527362
Fraction of U>E (rlv to new entrant) [20]    0.672707955322054
Worker exit rate (rlv to workers) [3-6.5]    0.037761599010962
Nshare (US)    0.001007519389466, 	 Nshare(UL):    0.000201238457130, 	 Nshare [0.1]:    0.001208757846596
(U>E/pop>E) [0.2]    0.672707955322054
Wealth Gini [0.84]    0.720620465544515
Earning Gini [0.36]    0.618087226595359
Top 1 [41.8]    0.130449679200535
Zero wealth fraction [7- 13]    0.044838858186867
Fraction U>nonU (rlv to unemployed) [40- 65]    0.307806475217667

-------TRANSITION Worker to entrepreneur / ABILITY--------
very low	 middle 	 very high
   0.009292901943422	   0.008019207036982	   0.015088166226748	
-------TRANSITION Entrepreneur to Worker / ABILITY--------
very low 	 middle 	 very high
   0.003575081813206	   0.007153071295480	   0.004339882655468	
--------- TRANSITION MATRIX BTW CLASSES ------
  	  U     	 W     	 E 
U 	 0.6922 	 0.1915 	 0.1163 
W 	 0.0277 	 0.9622 	 0.0101 
E 	 0.0381 	 0.0055 	 0.9564 
---------------
--------- WEALTH DISTRIBUTION STATISTICS ------
Top 0.1 [22]    0.024009698244998
Top 1 [41.8]    0.130449679200535
Top 5 [?]    0.345632741635883
Top 10 [77.2]    0.512309875306509
Top 20 [?]    0.730888764320689
Bot 20 [?]    0.001120073660509
Bot 40 [?]    0.005878711370567
Bot 60 [?]    0.045000689482440
Bot 80 [?]    0.269111235679311
mworthVE   86.468968000102976
mworthWW    1.126564791213640
mworthUS    1.055913569815848
mworthUL   78.122080030726792
---------------
--------- PRODUCTION & CAPITAL -----
CapitalVE   52.471227545163330
ProductionVE   12.125136793938456
Totalcapital   56.589740682959203
Totallabor    0.530215631086546
Corproduction    1.109062909131852
Corcapital    4.118513137795873
Totalproduction   13.234199703070308
CapitalVE/Totalcapital    0.927221558393957
---------------
--------- TAXATION -----
Corporate revenu    0.000000000000000
Expenditure    0.008347872271006
Revenue Basis    0.758137713463282
Optimal tax    0.011011023621120
-------MASS--------
WW    0.530052547150965 
U    0.094515416683678 
VE    0.375432036165329 
-------WELFARE--------
UL  -10.479598819073894  US  -22.382821760510385  VE   -8.148262389170077  WW  -20.093455423652134  Wtot -14.874795211373252  Avg Firm:  139.762253858529363 
R:    0.026670208435147,	 W:    1.425766299220684,	 K:    4.916740006338966	, L:    0.531344528549701, 	 TAX:    0.029185184481526

-------EQUILIBRIUM PRICES AND AGGREGATE--------
r    0.026670208435147 
w    1.425766299220684 
u    0.095072328658027 
-------MOMENTS GENERATED & STATISTICS--------
Ratio KY [3.04]    4.281179784351768
Ratio mworthVE/mworthWW [8]   76.035050784694036
Fraction E [7.55]    0.377851084414555
(UL:    0.080488163332498, US:    0.014584165325528) Unemploy. rate [4- 6]    0.095072328658027
Fraction of nonE>E (rlv to whole pop) [0.39]    0.016446399985234
Fraction of U>E (rlv to new entrant) [20]    0.671966935687092
Worker exit rate (rlv to workers) [3-6.5]    0.037905550739920
Nshare (US)    0.000999924024861, 	 Nshare(UL):    0.000201374312002, 	 Nshare [0.1]:    0.001201298336863
(U>E/pop>E) [0.2]    0.671966935687092
Wealth Gini [0.84]    0.718805018521095
Earning Gini [0.36]    0.620221592578166
Top 1 [41.8]    0.130545032310913
Zero wealth fraction [7- 13]    0.044318585827970
Fraction U>nonU (rlv to unemployed) [40- 65]    0.306080303645778

-------TRANSITION Worker to entrepreneur / ABILITY--------
very low	 middle 	 very high
   0.009432054549429	   0.008130551687027	   0.015322128403720	
-------TRANSITION Entrepreneur to Worker / ABILITY--------
very low 	 middle 	 very high
   0.003588754226029	   0.007176784521087	   0.004340488519318	
--------- TRANSITION MATRIX BTW CLASSES ------
  	  U     	 W     	 E 
U 	 0.6939 	 0.1898 	 0.1162 
W 	 0.0277 	 0.9621 	 0.0102 
E 	 0.0381 	 0.0056 	 0.9564 
---------------
--------- WEALTH DISTRIBUTION STATISTICS ------
Top 0.1 [22]    0.023985222662979
Top 1 [41.8]    0.130545032310913
Top 5 [?]    0.346099413753334
Top 10 [77.2]    0.512889133046188
Top 20 [?]    0.714595998120514
Bot 20 [?]    0.001094026843216
Bot 40 [?]    0.005780838402277
Bot 60 [?]    0.047873121317871
Bot 80 [?]    0.285404001879486
mworthVE   86.514374303578876
mworthWW    1.137822272895678
mworthUS    1.063959923292864
mworthUL   78.272363672193194
---------------
--------- PRODUCTION & CAPITAL -----
CapitalVE   52.837335815955321
ProductionVE   12.208526992697536
Totalcapital   57.027148622277778
Totallabor    0.527222657019563
Corproduction    1.111901369297196
Corcapital    4.189812806322455
Totalproduction   13.320428361994731
CapitalVE/Totalcapital    0.926529505550525
---------------
--------- TAXATION -----
Corporate revenu    0.000000000000000
Expenditure    0.008282309286513
Revenue Basis    0.751696296564079
Optimal tax    0.011018158961765
-------MASS--------
WW    0.527076586927384 
U    0.095072328658027 
VE    0.377851084414555 
-------WELFARE--------
UL  -10.461466071675861  US  -22.350094251038090  VE   -8.146822171221261  WW  -20.065179243443758  Wtot -14.822153443121740  Avg Firm:  139.836401152114689 
R:    0.026996264023632,	 W:    1.422758017725716,	 K:    4.880393646338140	, L:    0.530520154243674, 	 TAX:    0.025551779377574

-------EQUILIBRIUM PRICES AND AGGREGATE--------
r    0.026996264023632 
w    1.422758017725716 
u    0.095349779974569 
-------MOMENTS GENERATED & STATISTICS--------
Ratio KY [3.04]    4.284284769759823
Ratio mworthVE/mworthWW [8]   75.495133956197847
Fraction E [7.55]    0.378818484982990
(UL:    0.080801210737941, US:    0.014548569236628) Unemploy. rate [4- 6]    0.095349779974569
Fraction of nonE>E (rlv to whole pop) [0.39]    0.016481214120907
Fraction of U>E (rlv to new entrant) [20]    0.671779491053025
Worker exit rate (rlv to workers) [3-6.5]    0.037955186789640
Nshare (US)    0.001019425296475, 	 Nshare(UL):    0.000213871027774, 	 Nshare [0.1]:    0.001233296324250
(U>E/pop>E) [0.2]    0.671779491053025
Wealth Gini [0.84]    0.718001579908685
Earning Gini [0.36]    0.621112265654496
Top 1 [41.8]    0.130616428696634
Zero wealth fraction [7- 13]    0.044021964753110
Fraction U>nonU (rlv to unemployed) [40- 65]    0.305197959495374

-------TRANSITION Worker to entrepreneur / ABILITY--------
very low	 middle 	 very high
   0.009506263122450	   0.008134424453722	   0.015450439703630	
-------TRANSITION Entrepreneur to Worker / ABILITY--------
very low 	 middle 	 very high
   0.003597313366607	   0.007140751519985	   0.004338603963317	
--------- TRANSITION MATRIX BTW CLASSES ------
  	  U     	 W     	 E 
U 	 0.6948 	 0.1891 	 0.1161 
W 	 0.0277 	 0.9620 	 0.0103 
E 	 0.0381 	 0.0055 	 0.9564 
---------------
--------- WEALTH DISTRIBUTION STATISTICS ------
Top 0.1 [22]    0.023967568019507
Top 1 [41.8]    0.130616428696634
Top 5 [?]    0.346450401652621
Top 10 [77.2]    0.513310559166194
Top 20 [?]    0.714946034339368
Bot 20 [?]    0.001079297721684
Bot 40 [?]    0.005732496215826
Bot 60 [?]    0.047849815885513
Bot 80 [?]    0.285053965660632
mworthVE   86.551413069511980
mworthWW    1.146450221808057
mworthUS    1.070306810785883
mworthUL   78.375529020754996
---------------
--------- PRODUCTION & CAPITAL -----
CapitalVE   52.995773088059472
ProductionVE   12.244193612455630
Totalcapital   57.233581389858500
Totallabor    0.525964874628094
Corproduction    1.114764642101996
Corcapital    4.237808301799025
Totalproduction   13.358958254557626
CapitalVE/Totalcapital    0.925955912614793
---------------
--------- TAXATION -----
Corporate revenu    0.000000000000000
Expenditure    0.008247873134247
Revenue Basis    0.748320742419222
Optimal tax    0.011021842195076
-------MASS--------
WW    0.525831735042420 
U    0.095349779974569 
VE    0.378818484982990 
-------WELFARE--------
UL  -10.450435687368669  US  -22.324844644122170  VE   -8.145497545603966  WW  -20.043435622769795  Wtot -14.794341973670782  Avg Firm:  139.897537181796082 
R:    0.027268749407845,	 W:    1.420257470837210,	 K:    4.848264379111185	, L:    0.529609098320558, 	 TAX:    0.022645791941074

