===================Program Starting: Mon Jan 23 16:28:51 2017

------ Estimated Model parameters------
             betapar		   0.879000000000000
              Etapar		   0.034000000000000	   0.027000000000000	   0.024000000000000
               Kappa		   2.350000000000000	   2.400000000000000	   2.450000000000000
                PROD		   0.250000000000000	   1.000000000000000	   1.750000000000000
              GTRANS		   0.510000000000000	   0.550000000000000	   0.700000000000000
             phiparW		   1.500000000000000
             phiparE		   2.100000000000000
             costpar		   0.000000000000000
               nupar		   0.840000000000000
                fpar		   0.800000000000000
               mupar		   0.100000000000000
               xipar		   1.000000000000000

------ Fixed Model parameters------
             maxgrid		                 250
             Gridmin		   0.000000000000000
             Gridmax		5000.000000000000000
             corptax		   0.000000000000000
            alphapar		   0.360000000000000
            deltapar		   0.060000000000000
             rhostar		   0.400000000000000
            sigmapar		   1.390000000000000
              TFPpar		   1.000000000000000
              pLTpar		   0.250000000000000
          EffortMaxU		 100.000000000000000
          EffortMaxE		 100.000000000000000

------ Convergence criterions------
        epsilonValue		   0.000001000000000
        epsilonendoK		   0.000001000000000
           maxiterVF		   0.000001000000000
        maxiterendoK		   0.000001000000000
         epsilonDist		   0.000000010000000
        epsilonprice		   0.000010000000000
       epsilonparams		   0.000001000000000
          relaxendoK		   0.300000000000000
              relaxK		   0.050000000000000
            relaxTax		   0.200000000000000
----------------------------
-------EQUILIBRIUM PRICES AND AGGREGATE--------
r    0.057688258463640 
w    1.200363390425356 
u    0.097664955796146 
-------MOMENTS GENERATED & STATISTICS--------
Ratio KY [3.04]   88.718190197984072
Ratio mworthVE/mworthWW [8]    1.051411012148335
Fraction E [7.55]    0.074852153155732
(UL:    0.056509253351127, US:    0.041155702445019) Unemploy. rate [4- 6]    0.097664955796146
Fraction of nonE>E (rlv to whole pop) [0.39]    0.023205594592318
Fraction of U>E (rlv to new entrant) [20]    0.081699227283514
Worker exit rate (rlv to workers) [3-6.5]    0.054514989049266
Nshare (US)    0.000000000000000, 	 Nshare(UL):    0.000000000000000, 	 Nshare [0.1]:    0.000000000000000
(U>E/pop>E) [0.2]    0.081699227283514
Wealth Gini [0.84]    0.010814194612899
Earning Gini [0.36]    0.403291415707099
Top 1 [41.8]    0.077442425751981
Zero wealth fraction [7- 13]    0.000000000000000
Fraction U>nonU (rlv to unemployed) [40- 65]    0.019423616053397

-------TRANSITION Worker to entrepreneur / ABILITY--------
very low	 middle 	 very high
   0.025741879936076	   0.025756584294844	   0.025754510890575	
-------TRANSITION Entrepreneur to Worker / ABILITY--------
very low 	 middle 	 very high
   0.000007849036512	   0.000007765728724	   0.000008632733725	
--------- TRANSITION MATRIX BTW CLASSES ------
  	  U     	 W     	 E 
U 	 0.9806 	 0.0000 	 0.0194 
W 	 0.0288 	 0.9455 	 0.0258 
E 	 0.3031 	 0.0000 	 0.6969 
---------------
--------- WEALTH DISTRIBUTION STATISTICS ------
Top 0.1 [22]    0.078146447804272
Top 1 [41.8]    0.077442425751981
Top 5 [?]    0.074313438852911
Top 10 [77.2]    0.429690471417519
Top 20 [?]    0.393618188316951
Bot 20 [?]    0.208113096912413
Bot 40 [?]    0.095902597608900
Bot 60 [?]    0.678526377884186
Bot 80 [?]    0.606381811683049
mworthVE 4878.131774029902772
mworthWW 4639.604985744325859
mworthUS 4639.523078051987795
mworthUL 4761.380514416769074
---------------
--------- PRODUCTION & CAPITAL -----
CapitalVE  237.783973464598802
ProductionVE   35.168928758209120
Totalcapital 4751.541067404314163
Totallabor    0.832118933410510
Corproduction   18.388758304621462
Corcapital 4513.757093939715560
Totalproduction   53.557687062830581
CapitalVE/Totalcapital    0.050043547996628
---------------
--------- TAXATION -----
Corporate revenu    0.000000000000000
Expenditure    0.019189907350380
Revenue Basis    0.998845104145771
Optimal tax    0.019212095319616
-------MASS--------
WW    0.827482891048164 
U    0.097664955796146 
VE    0.074852153155732 
-------WELFARE--------
UL   -2.148951140407046  US   -2.166834047250280  VE   -2.068705148137100  WW   -2.165038430626359  Wtot  -2.156992496116312  Avg Firm: 3176.715210448018297 
-------EQUILIBRIUM PRICES AND AGGREGATE--------
r    0.057688258463640 
w    1.200363390425356 
u    0.129594153885626 
-------MOMENTS GENERATED & STATISTICS--------
Ratio KY [3.04]   87.645376212127090
Ratio mworthVE/mworthWW [8]    1.058024230140881
Fraction E [7.55]    0.080683121827269
(UL:    0.076561228492081, US:    0.053032925393545) Unemploy. rate [4- 6]    0.129594153885626
Fraction of nonE>E (rlv to whole pop) [0.39]    0.016668836004049
Fraction of U>E (rlv to new entrant) [20]    0.122468652621695
Worker exit rate (rlv to workers) [3-6.5]    0.047302029733456
Nshare (US)    0.000000000000000, 	 Nshare(UL):    0.000000000000000, 	 Nshare [0.1]:    0.000000000000000
(U>E/pop>E) [0.2]    0.122468652621695
Wealth Gini [0.84]    0.015879782419174
Earning Gini [0.36]    0.431001936287075
Top 1 [41.8]    0.013960124884121
Zero wealth fraction [7- 13]    0.000000000000000
Fraction U>nonU (rlv to unemployed) [40- 65]    0.015764980651262

-------TRANSITION Worker to entrepreneur / ABILITY--------
very low	 middle 	 very high
   0.013623628401516	   0.017769380665570	   0.024823343654528	
-------TRANSITION Entrepreneur to Worker / ABILITY--------
very low 	 middle 	 very high
   0.000002635047973	   0.000003578282004	   0.000031891515274	
--------- TRANSITION MATRIX BTW CLASSES ------
  	  U     	 W     	 E 
U 	 0.9842 	 0.0000 	 0.0158 
W 	 0.0288 	 0.9527 	 0.0185 
E 	 0.1618 	 0.0000 	 0.8382 
---------------
--------- WEALTH DISTRIBUTION STATISTICS ------
Top 0.1 [22]    0.014087035110340
Top 1 [41.8]    0.013960124884121
Top 5 [?]    0.056815576220132
Top 10 [77.2]    0.221260318805847
Top 20 [?]    0.204197728089378
Bot 20 [?]    0.048280783271784
Bot 40 [?]    0.500364521398182
Bot 60 [?]    0.412911141970960
Bot 80 [?]    0.795802271910622
mworthVE 4654.804065257303591
mworthWW 4399.525013370908709
mworthUS 4399.689371098334959
mworthUL 4507.068424712318119
---------------
--------- PRODUCTION & CAPITAL -----
CapitalVE  229.206517117452279
ProductionVE   33.919815543894430
Totalcapital 4505.211398634390207
Totallabor    0.792729531003607
Corproduction   17.482912053856754
Corcapital 4276.004881516937530
Totalproduction   51.402727597751181
CapitalVE/Totalcapital    0.050875862825644
---------------
--------- TAXATION -----
Corporate revenu    0.000000000000000
Expenditure    0.024785117885891
Revenue Basis    0.951563507525792
Optimal tax    0.026046730134005
-------MASS--------
WW    0.789722724287147 
U    0.129594153885626 
VE    0.080683121827269 
-------WELFARE--------
UL   -2.211417700580748  US   -2.238970575914229  VE   -2.109137401729775  WW   -2.233756236186536  Wtot  -2.222267865545244  Avg Firm: 2840.823606307053069 
-------EQUILIBRIUM PRICES AND AGGREGATE--------
r    0.057688258463640 
w    1.200363390425356 
u    0.178823455688578 
-------MOMENTS GENERATED & STATISTICS--------
Ratio KY [3.04]   86.603375652650797
Ratio mworthVE/mworthWW [8]    1.067109700117033
Fraction E [7.55]    0.065586653420188
(UL:    0.117937081828376, US:    0.060886373860202) Unemploy. rate [4- 6]    0.178823455688578
Fraction of nonE>E (rlv to whole pop) [0.39]    0.014342622531245
Fraction of U>E (rlv to new entrant) [20]    0.159999544151601
Worker exit rate (rlv to workers) [3-6.5]    0.044725105573930
Nshare (US)    0.000000000000000, 	 Nshare(UL):    0.000000000000000, 	 Nshare [0.1]:    0.000000000000000
(U>E/pop>E) [0.2]    0.159999544151601
Wealth Gini [0.84]    0.034364562636583
Earning Gini [0.36]    0.454896254634362
Top 1 [41.8]    0.016576656867653
Zero wealth fraction [7- 13]    0.000000000000000
Fraction U>nonU (rlv to unemployed) [40- 65]    0.012849177537991

-------TRANSITION Worker to entrepreneur / ABILITY--------
very low	 middle 	 very high
   0.019682349909456	   0.009204280050413	   0.025886106882400	
-------TRANSITION Entrepreneur to Worker / ABILITY--------
very low 	 middle 	 very high
   0.000012006031046	   0.000019771917334	   0.000031441980174	
--------- TRANSITION MATRIX BTW CLASSES ------
  	  U     	 W     	 E 
U 	 0.9872 	 0.0000 	 0.0128 
W 	 0.0288 	 0.9553 	 0.0159 
E 	 0.4415 	 0.0000 	 0.5584 
---------------
--------- WEALTH DISTRIBUTION STATISTICS ------
Top 0.1 [22]    0.009561478841130
Top 1 [41.8]    0.016576656867653
Top 5 [?]    0.115641545676229
Top 10 [77.2]    0.111973292159921
Top 20 [?]    0.308483503699098
Bot 20 [?]    0.208220050136748
Bot 40 [?]    0.446909593523130
Bot 60 [?]    0.383473306514481
Bot 80 [?]    0.691516496300902
mworthVE 4385.957431262311729
mworthWW 4110.127975391182190
mworthUS 4099.084961657898020
mworthUL 4220.694841350288698
---------------
--------- PRODUCTION & CAPITAL -----
CapitalVE  213.683586632651640
ProductionVE   31.591933706055222
Totalcapital 4166.292378906835438
Totallabor    0.758090595622423
Corproduction   16.515802828569246
Corcapital 3952.608792274183998
Totalproduction   48.107736534624465
CapitalVE/Totalcapital    0.051288668004793
---------------
--------- TAXATION -----
Corporate revenu    0.000000000000000
Expenditure    0.028676993919829
Revenue Basis    0.909984197610910
Optimal tax    0.031513727375835
-------MASS--------
WW    0.755589890891275 
U    0.178823455688578 
VE    0.065586653420188 
-------WELFARE--------
UL   -2.374872705651359  US   -2.445869255484795  VE   -2.192609449219201  WW   -2.421186675173598  Wtot  -2.402235758274600  Avg Firm: 3258.034607493455042 
-------EQUILIBRIUM PRICES AND AGGREGATE--------
r    0.057688258463640 
w    1.200363390425356 
u    0.215985677634052 
-------MOMENTS GENERATED & STATISTICS--------
Ratio KY [3.04]   81.011633251978523
Ratio mworthVE/mworthWW [8]    1.064454896776495
Fraction E [7.55]    0.061637206538667
(UL:    0.150264844889878, US:    0.065720832744174) Unemploy. rate [4- 6]    0.215985677634052
Fraction of nonE>E (rlv to whole pop) [0.39]    0.015338104936923
Fraction of U>E (rlv to new entrant) [20]    0.211577545436689
Worker exit rate (rlv to workers) [3-6.5]    0.045538888229946
Nshare (US)    0.000000000000000, 	 Nshare(UL):    0.000000000000000, 	 Nshare [0.1]:    0.000000000000000
(U>E/pop>E) [0.2]    0.211577545436689
Wealth Gini [0.84]    0.115513913236120
Earning Gini [0.36]    0.479999455303333
Top 1 [41.8]    0.021851933365320
Zero wealth fraction [7- 13]    0.000000000000000
Fraction U>nonU (rlv to unemployed) [40- 65]    0.015070375263649

-------TRANSITION Worker to entrepreneur / ABILITY--------
very low	 middle 	 very high
   0.005569109351437	   0.016464253463328	   0.028479088769159	
-------TRANSITION Entrepreneur to Worker / ABILITY--------
very low 	 middle 	 very high
   0.000124536052063	   0.000028037361035	   0.000036068343016	
--------- TRANSITION MATRIX BTW CLASSES ------
  	  U     	 W     	 E 
U 	 0.9849 	 0.0000 	 0.0150 
W 	 0.0288 	 0.9545 	 0.0167 
E 	 0.3387 	 0.0001 	 0.6613 
---------------
--------- WEALTH DISTRIBUTION STATISTICS ------
Top 0.1 [22]    0.008188870998036
Top 1 [41.8]    0.021851933365320
Top 5 [?]    0.077507737965417
Top 10 [77.2]    0.148678924147142
Top 20 [?]    0.313746109285422
Bot 20 [?]    0.108113054300650
Bot 40 [?]    0.308632283703268
Bot 60 [?]    0.448762845447181
Bot 80 [?]    0.686253890714578
mworthVE 4028.593952434864605
mworthWW 3784.654441099117321
mworthUS 3743.672082886401768
mworthUL 3851.924192510747162
---------------
--------- PRODUCTION & CAPITAL -----
CapitalVE  192.518211758925247
ProductionVE   28.437049235306567
Totalcapital 3523.395357191018775
Totallabor    0.722279947805613
Corproduction   15.055412473641491
Corcapital 3330.877145432093585
Totalproduction   43.492461708948056
CapitalVE/Totalcapital    0.054639968621747
---------------
--------- TAXATION -----
Corporate revenu    0.000000000000000
Expenditure    0.031016985718666
Revenue Basis    0.866998406984194
Optimal tax    0.035775135765886
-------MASS--------
WW    0.722377115827322 
U    0.215985677634052 
VE    0.061637206538667 
-------WELFARE--------
UL   -3.599173232903898  US   -3.743463589364894  VE   -2.345781075239953  WW   -3.640753071865154  Wtot  -3.561436848137137  Avg Firm: 3123.409099310038528 
-------EQUILIBRIUM PRICES AND AGGREGATE--------
r    0.057688258463640 
w    1.200363390425356 
u    0.244875495214479 
-------MOMENTS GENERATED & STATISTICS--------
Ratio KY [3.04]   62.127901261666516
Ratio mworthVE/mworthWW [8]    1.106972653852049
Fraction E [7.55]    0.072851139943121
(UL:    0.177876365351272, US:    0.066999129863207) Unemploy. rate [4- 6]    0.244875495214479
Fraction of nonE>E (rlv to whole pop) [0.39]    0.028718455263094
Fraction of U>E (rlv to new entrant) [20]    0.252392625893463
Worker exit rate (rlv to workers) [3-6.5]    0.060214162905412
Nshare (US)    0.000235347357289, 	 Nshare(UL):    0.001478711252217, 	 Nshare [0.1]:    0.001714058609507
(U>E/pop>E) [0.2]    0.252392625893463
Wealth Gini [0.84]    0.339911250689643
Earning Gini [0.36]    0.509038891699783
Top 1 [41.8]    0.028994203025698
Zero wealth fraction [7- 13]    0.000000000000000
Fraction U>nonU (rlv to unemployed) [40- 65]    0.036071576998422

-------TRANSITION Worker to entrepreneur / ABILITY--------
very low	 middle 	 very high
   0.025513867397080	   0.030385302786083	   0.039662609283103	
-------TRANSITION Entrepreneur to Worker / ABILITY--------
very low 	 middle 	 very high
   0.000142816716319	   0.000039373728693	   0.000042780380190	
--------- TRANSITION MATRIX BTW CLASSES ------
  	  U     	 W     	 E 
U 	 0.9639 	 0.0065 	 0.0296 
W 	 0.0287 	 0.9398 	 0.0315 
E 	 0.3401 	 0.0001 	 0.6598 
---------------
--------- WEALTH DISTRIBUTION STATISTICS ------
Top 0.1 [22]    0.006180935122190
Top 1 [41.8]    0.028994203025698
Top 5 [?]    0.125912937964459
Top 10 [77.2]    0.246106149175686
Top 20 [?]    0.487585604090578
Bot 20 [?]    0.012475834985109
Bot 40 [?]    0.108846895073059
Bot 60 [?]    0.302483388028402
Bot 80 [?]    0.512414395909422
mworthVE 3656.691885338309930
mworthWW 3303.326304054337925
mworthUS 3065.977370335016531
mworthUL 3431.716674892794799
---------------
--------- PRODUCTION & CAPITAL -----
CapitalVE  183.079199821968103
ProductionVE   27.401032451111561
Totalcapital 2492.183972434580937
Totallabor    0.681453458702741
Corproduction   12.712731603755705
Corcapital 2309.104772612613033
Totalproduction   40.113764054867268
CapitalVE/Totalcapital    0.073461350304376
---------------
--------- TAXATION -----
Corporate revenu    0.000000000000000
Expenditure    0.031753902783040
Revenue Basis    0.817991784105508
Optimal tax    0.038819341954349
-------MASS--------
WW    0.682273364842441 
U    0.244875495214479 
VE    0.072851139943121 
-------WELFARE--------
UL   -6.555578249640819  US   -6.673906043566691  VE   -3.725421274584680  WW   -6.270308854777108  Wtot  -6.162694237101713  Avg Firm: 2513.058820560770528 
-------EQUILIBRIUM PRICES AND AGGREGATE--------
r    0.057688258463640 
w    1.200363390425356 
u    0.238546212455419 
-------MOMENTS GENERATED & STATISTICS--------
Ratio KY [3.04]   55.973973435734322
Ratio mworthVE/mworthWW [8]    1.714251109351988
Fraction E [7.55]    0.079591837880732
(UL:    0.177542488051032, US:    0.061003724404387) Unemploy. rate [4- 6]    0.238546212455419
Fraction of nonE>E (rlv to whole pop) [0.39]    0.025905880618884
Fraction of U>E (rlv to new entrant) [20]    0.305875648235867
Worker exit rate (rlv to workers) [3-6.5]    0.053641574666495
Nshare (US)    0.000835962624964, 	 Nshare(UL):    0.006126055656726, 	 Nshare [0.1]:    0.006962018281690
(U>E/pop>E) [0.2]    0.305875648235867
Wealth Gini [0.84]    0.447506774638241
Earning Gini [0.36]    0.512271629257263
Top 1 [41.8]    0.045511245015078
Zero wealth fraction [7- 13]    0.007992986635279
Fraction U>nonU (rlv to unemployed) [40- 65]    0.170895700032074

-------TRANSITION Worker to entrepreneur / ABILITY--------
very low	 middle 	 very high
   0.017714512985463	   0.020743272819423	   0.048102034021998	
-------TRANSITION Entrepreneur to Worker / ABILITY--------
very low 	 middle 	 very high
   0.107981475180151	   0.046306201504184	   0.016367433372849	
--------- TRANSITION MATRIX BTW CLASSES ------
  	  U     	 W     	 E 
U 	 0.8291 	 0.1377 	 0.0332 
W 	 0.0273 	 0.9464 	 0.0264 
E 	 0.2410 	 0.0482 	 0.7108 
---------------
--------- WEALTH DISTRIBUTION STATISTICS ------
Top 0.1 [22]    0.003988168251177
Top 1 [41.8]    0.045511245015078
Top 5 [?]    0.115578566970251
Top 10 [77.2]    0.220620574345081
Top 20 [?]    0.422570898172403
Bot 20 [?]    0.001104893534255
Bot 40 [?]    0.027455663815722
Bot 60 [?]    0.248631403130485
Bot 80 [?]    0.577429101827597
mworthVE 3387.308783421764929
mworthWW 1975.970011010940198
mworthUS 2960.425223798593834
mworthUL 3337.862299257315499
---------------
--------- PRODUCTION & CAPITAL -----
CapitalVE  170.797150410744962
ProductionVE   25.795297058761435
Totalcapital 2103.149742686735408
Totallabor    0.668573866520748
Corproduction   11.778411105827509
Corcapital 1932.352592275990446
Totalproduction   37.573708164588943
CapitalVE/Totalcapital    0.081210171080141
---------------
--------- TAXATION -----
Corporate revenu    0.000000000000000
Expenditure    0.029639520601656
Revenue Basis    0.802531593166634
Optimal tax    0.036932528082420
-------MASS--------
WW    0.681861949663890 
U    0.238546212455419 
VE    0.079591837880732 
-------WELFARE--------
UL   -4.482723073621045  US   -5.131488845691674  VE   -4.313953879182919  WW   -5.853621457774023  Wtot  -5.443630996630272  Avg Firm: 2145.912884518181272 
-------EQUILIBRIUM PRICES AND AGGREGATE--------
r    0.057688258463640 
w    1.200363390425356 
u    0.268196071228218 
-------MOMENTS GENERATED & STATISTICS--------
Ratio KY [3.04]   59.939454040040168
Ratio mworthVE/mworthWW [8]    0.892218010427681
Fraction E [7.55]    0.077424385051557
(UL:    0.208460546868622, US:    0.059735524359596) Unemploy. rate [4- 6]    0.268196071228218
Fraction of nonE>E (rlv to whole pop) [0.39]    0.034820547269440
Fraction of U>E (rlv to new entrant) [20]    0.289615720535689
Worker exit rate (rlv to workers) [3-6.5]    0.065971062952773
Nshare (US)    0.001010181926738, 	 Nshare(UL):    0.003445447604205, 	 Nshare [0.1]:    0.004455629530944
(U>E/pop>E) [0.2]    0.289615720535689
Wealth Gini [0.84]    0.430711021470247
Earning Gini [0.36]    0.532038796487125
Top 1 [41.8]    0.024309690454454
Zero wealth fraction [7- 13]    0.000340261047935
Fraction U>nonU (rlv to unemployed) [40- 65]    0.079582679047165

-------TRANSITION Worker to entrepreneur / ABILITY--------
very low	 middle 	 very high
   0.042420745372140	   0.033837554844674	   0.041147241577254	
-------TRANSITION Entrepreneur to Worker / ABILITY--------
very low 	 middle 	 very high
   0.105815753981416	   0.055260856114499	   0.058654387044692	
--------- TRANSITION MATRIX BTW CLASSES ------
  	  U     	 W     	 E 
U 	 0.9204 	 0.0420 	 0.0376 
W 	 0.0282 	 0.9340 	 0.0378 
E 	 0.3840 	 0.0668 	 0.5493 
---------------
--------- WEALTH DISTRIBUTION STATISTICS ------
Top 0.1 [22]    0.003891033361858
Top 1 [41.8]    0.024309690454454
Top 5 [?]    0.114328959994059
Top 10 [77.2]    0.217136240847811
Top 20 [?]    0.394283913794922
Bot 20 [?]    0.003052799982228
Bot 40 [?]    0.058665800888448
Bot 60 [?]    0.249776451678760
Bot 80 [?]    0.605716086205078
mworthVE 1804.572170075292433
mworthWW 2022.568642399717191
mworthUS 2128.019670674860208
mworthUL 2841.124409600221952
---------------
--------- PRODUCTION & CAPITAL -----
CapitalVE  141.145178562931619
ProductionVE   21.430695466663543
Totalcapital 1957.901433670790539
Totallabor    0.642840245008703
Corproduction   11.233956973495360
Corcapital 1816.756255107859033
Totalproduction   32.664652440158903
CapitalVE/Totalcapital    0.072090032795116
---------------
--------- TAXATION -----
Corporate revenu    0.000000000000000
Expenditure    0.029134348818406
Revenue Basis    0.771641896000513
Optimal tax    0.037756307646607
-------MASS--------
WW    0.654379543720266 
U    0.268196071228218 
VE    0.077424385051557 
-------WELFARE--------
UL   -6.272492530489969  US   -6.865459150495135  VE   -4.887460374628193  WW   -7.112383869421929  Wtot  -6.750286150664643  Avg Firm: 1823.006775823180533 
-------EQUILIBRIUM PRICES AND AGGREGATE--------
r    0.057688258463640 
w    1.200363390425356 
u    0.275335300923271 
-------MOMENTS GENERATED & STATISTICS--------
Ratio KY [3.04]   55.552693425393862
Ratio mworthVE/mworthWW [8]    3.037512522650956
Fraction E [7.55]    0.066509725840755
(UL:    0.219278930348196, US:    0.056056370575075) Unemploy. rate [4- 6]    0.275335300923271
Fraction of nonE>E (rlv to whole pop) [0.39]    0.025403863284901
Fraction of U>E (rlv to new entrant) [20]    0.326624907527089
Worker exit rate (rlv to workers) [3-6.5]    0.053201075700250
Nshare (US)    0.000408538006061, 	 Nshare(UL):    0.013161397959015, 	 Nshare [0.1]:    0.013569935965076
(U>E/pop>E) [0.2]    0.326624907527089
Wealth Gini [0.84]    0.514083562341075
Earning Gini [0.36]    0.530422372115313
Top 1 [41.8]    0.049240885258355
Zero wealth fraction [7- 13]    0.001511552797536
Fraction U>nonU (rlv to unemployed) [40- 65]    0.144252003693632

-------TRANSITION Worker to entrepreneur / ABILITY--------
very low	 middle 	 very high
   0.016111237528493	   0.023423417234662	   0.043168668791768	
-------TRANSITION Entrepreneur to Worker / ABILITY--------
very low 	 middle 	 very high
   0.239274292525152	   0.139004109710392	   0.045459892403826	
--------- TRANSITION MATRIX BTW CLASSES ------
  	  U     	 W     	 E 
U 	 0.8557 	 0.1141 	 0.0301 
W 	 0.0272 	 0.9468 	 0.0260 
E 	 0.4582 	 0.1181 	 0.4236 
---------------
--------- WEALTH DISTRIBUTION STATISTICS ------
Top 0.1 [22]    0.003568790316072
Top 1 [41.8]    0.049240885258355
Top 5 [?]    0.139380591993720
Top 10 [77.2]    0.265434018709860
Top 20 [?]    0.474827343005662
Bot 20 [?]    0.000896908527126
Bot 40 [?]    0.022789209203712
Bot 60 [?]    0.182974431155156
Bot 80 [?]    0.525172656994338
mworthVE 1876.113329209511448
mworthWW  617.647932385198487
mworthUS 1689.815724650131187
mworthUL 2535.572673062137710
---------------
--------- PRODUCTION & CAPITAL -----
CapitalVE  120.365935742077795
ProductionVE   18.407256850602057
Totalcapital 1600.492115976441255
Totallabor    0.639768489003675
Corproduction   10.403085498070375
Corcapital 1480.126180234363574
Totalproduction   28.810342348672432
CapitalVE/Totalcapital    0.075205578672060
---------------
--------- TAXATION -----
Corporate revenu    0.000000000000000
Expenditure    0.027569614288589
Revenue Basis    0.767954672547759
Optimal tax    0.035900054097105
-------MASS--------
WW    0.658154973236016 
U    0.275335300923271 
VE    0.066509725840755 
-------WELFARE--------
UL   -6.030641018896634  US   -6.649974524103888  VE   -4.669830849886242  WW   -7.159452663804063  Wtot  -6.717784494054706  Avg Firm: 1809.749389589592283 
-------EQUILIBRIUM PRICES AND AGGREGATE--------
r    0.057688258463640 
w    1.200363390425356 
u    0.272867716372656 
-------MOMENTS GENERATED & STATISTICS--------
Ratio KY [3.04]   49.966103892071636
Ratio mworthVE/mworthWW [8]    0.667206889207853
Fraction E [7.55]    0.093297489118272
(UL:    0.219911706512015, US:    0.052956009860642) Unemploy. rate [4- 6]    0.272867716372656
Fraction of nonE>E (rlv to whole pop) [0.39]    0.050551426177351
Fraction of U>E (rlv to new entrant) [20]    0.299134527501649
Worker exit rate (rlv to workers) [3-6.5]    0.083454926875701
Nshare (US)    0.001998036493992, 	 Nshare(UL):    0.008046650521935, 	 Nshare [0.1]:    0.010044687015927
(U>E/pop>E) [0.2]    0.299134527501649
Wealth Gini [0.84]    0.551358000456074
Earning Gini [0.36]    0.546562832599202
Top 1 [41.8]    0.052281517826370
Zero wealth fraction [7- 13]    0.001186423913018
Fraction U>nonU (rlv to unemployed) [40- 65]    0.149648126837654

-------TRANSITION Worker to entrepreneur / ABILITY--------
very low	 middle 	 very high
   0.071461510658432	   0.047372903788052	   0.057010815855729	
-------TRANSITION Entrepreneur to Worker / ABILITY--------
very low 	 middle 	 very high
   0.031432751646864	   0.047150424239079	   0.044921257194152	
--------- TRANSITION MATRIX BTW CLASSES ------
  	  U     	 W     	 E 
U 	 0.8504 	 0.0942 	 0.0554 
W 	 0.0276 	 0.9165 	 0.0559 
E 	 0.2425 	 0.0422 	 0.7152 
---------------
--------- WEALTH DISTRIBUTION STATISTICS ------
Top 0.1 [22]    0.004535686890457
Top 1 [41.8]    0.052281517826370
Top 5 [?]    0.161849151602435
Top 10 [77.2]    0.302569968183970
Top 20 [?]    0.522856614786444
Bot 20 [?]    0.001909466963043
Bot 40 [?]    0.017039620523982
Bot 60 [?]    0.132781382766203
Bot 80 [?]    0.477143385213556
mworthVE  283.459489407253443
mworthWW  424.844967868652077
mworthUS 1257.974570636659564
mworthUL 2160.396288827061653
---------------
--------- PRODUCTION & CAPITAL -----
CapitalVE  115.075051669469303
ProductionVE   18.135031021966800
Totalcapital 1387.812632247413603
Totallabor    0.618312946384835
Corproduction    9.640050966517487
Corcapital 1272.737580577944300
Totalproduction   27.775081988484288
CapitalVE/Totalcapital    0.082918290982204
---------------
--------- TAXATION -----
Corporate revenu    0.000000000000000
Expenditure    0.026228057557071
Revenue Basis    0.742200224666393
Optimal tax    0.035338250630225
-------MASS--------
WW    0.633834794509114 
U    0.272867716372656 
VE    0.093297489118272 
-------WELFARE--------
UL   -6.085362462391302  US   -7.287770504236232  VE   -6.929211383678919  WW   -7.774896474617061  Wtot  -7.298651623518584  Avg Firm: 1233.420671413673745 
