===================Program Starting: Mon Jan 23 19:15:17 2017

------ Estimated Model parameters------
             betapar		   0.879000000000000
              Etapar		   0.034000000000000	   0.027000000000000	   0.024000000000000
               Kappa		   2.350000000000000	   2.400000000000000	   2.450000000000000
                PROD		   0.250000000000000	   1.000000000000000	   1.750000000000000
              GTRANS		   0.510000000000000	   0.550000000000000	   0.700000000000000
             phiparW		   1.500000000000000
             phiparE		   2.100000000000000
             costpar		   0.000000000000000
               nupar		   0.840000000000000
                fpar		   0.800000000000000
               mupar		   0.100000000000000
               xipar		   1.000000000000000

------ Fixed Model parameters------
             maxgrid		                 250
             Gridmin		   0.000000000000000
             Gridmax		5000.000000000000000
             corptax		   0.000000000000000
            alphapar		   0.360000000000000
            deltapar		   0.060000000000000
             rhostar		   0.400000000000000
            sigmapar		   1.390000000000000
              TFPpar		   1.000000000000000
              pLTpar		   0.250000000000000
          EffortMaxU		 100.000000000000000
          EffortMaxE		 100.000000000000000

------ Convergence criterions------
        epsilonValue		   0.000001000000000
        epsilonendoK		   0.000001000000000
           maxiterVF		   0.000001000000000
        maxiterendoK		   0.000001000000000
         epsilonDist		   0.000000010000000
        epsilonprice		   0.000010000000000
       epsilonparams		   0.000001000000000
          relaxendoK		   0.300000000000000
              relaxK		   0.050000000000000
            relaxTax		   0.200000000000000
----------------------------
-------EQUILIBRIUM PRICES AND AGGREGATE--------
r    0.057688258463640 
w    1.200363390425356 
u    0.049482647778798 
-------MOMENTS GENERATED & STATISTICS--------
Ratio KY [3.04]    3.387573869682452
Ratio mworthVE/mworthWW [8]   16.360729824893017
Fraction E [7.55]    0.070384786254845
(UL:    0.020139834501842, US:    0.029342813276956) Unemploy. rate [4- 6]    0.049482647778798
Fraction of nonE>E (rlv to whole pop) [0.39]    0.016115164038940
Fraction of U>E (rlv to new entrant) [20]    0.038089223528342
Worker exit rate (rlv to workers) [3-6.5]    0.044653432137372
Nshare (US)    0.010254156734156, 	 Nshare(UL):    0.000000000000000, 	 Nshare [0.1]:    0.010254156734156
(U>E/pop>E) [0.2]    0.038089223528342
Wealth Gini [0.84]    0.801940675738697
Earning Gini [0.36]    0.365219598694857
Top 1 [41.8]    0.221379465494930
Zero wealth fraction [7- 13]    0.051108256658956
Fraction U>nonU (rlv to unemployed) [40- 65]    0.589763404687044

-------TRANSITION Worker to entrepreneur / ABILITY--------
very low	 middle 	 very high
   0.022227909092213	   0.014965309430227	   0.018404743344086	
-------TRANSITION Entrepreneur to Worker / ABILITY--------
very low 	 middle 	 very high
   0.234083261913156	   0.274010150959963	   0.261779998092549	
--------- TRANSITION MATRIX BTW CLASSES ------
  	  U     	 W     	 E 
U 	 0.4102 	 0.5774 	 0.0124 
W 	 0.0270 	 0.9553 	 0.0176 
E 	 0.0304 	 0.2596 	 0.7100 
---------------
--------- WEALTH DISTRIBUTION STATISTICS ------
Top 0.1 [22]    0.038576918257239
Top 1 [41.8]    0.221379465494930
Top 5 [?]    0.560475385013925
Top 10 [77.2]    0.747405317127470
Top 20 [?]    0.865930904802143
Bot 20 [?]    0.005060394304574
Bot 40 [?]    0.027640138467111
Bot 60 [?]    0.063345831973911
Bot 80 [?]    0.134069095197857
mworthVE   26.025310092138895
mworthWW    1.590718162984460
mworthUS    1.417016967149004
mworthUL   62.174793347778817
---------------
--------- PRODUCTION & CAPITAL -----
CapitalVE    3.953102401368213
ProductionVE    1.061450213226545
Totalcapital    9.335242699366560
Totallabor    0.884356788447052
Corproduction    1.694280896554874
Corcapital    5.382140297998347
Totalproduction    2.755731109781419
CapitalVE/Totalcapital    0.423460056548551
---------------
--------- TAXATION -----
Corporate revenu    0.000000000000000
Expenditure    0.013624156246026
Revenue Basis    1.061549512925982
Optimal tax    0.012834216473307
-------MASS--------
WW    0.880132565966398 
U    0.049482647778798 
VE    0.070384786254845 
-------WELFARE--------
UL  -12.833026117796797  US  -21.847852604727208  VE  -12.491288236072403  WW  -20.112181638249265  Wtot -19.480115166651427  Avg Firm:   56.164160065146284 
-------EQUILIBRIUM PRICES AND AGGREGATE--------
r    0.057688258463640 
w    1.200363390425356 
u    0.047133608967514 
-------MOMENTS GENERATED & STATISTICS--------
Ratio KY [3.04]    3.406390141577530
Ratio mworthVE/mworthWW [8]   15.932584791961107
Fraction E [7.55]    0.068475351047592
(UL:    0.016266829121655, US:    0.030866779845859) Unemploy. rate [4- 6]    0.047133608967514
Fraction of nonE>E (rlv to whole pop) [0.39]    0.017150068758660
Fraction of U>E (rlv to new entrant) [20]    0.037484368867801
Worker exit rate (rlv to workers) [3-6.5]    0.045765518501085
Nshare (US)    0.009623956375083, 	 Nshare(UL):    0.000000000000000, 	 Nshare [0.1]:    0.009623956375083
(U>E/pop>E) [0.2]    0.037484368867801
Wealth Gini [0.84]    0.801833021525711
Earning Gini [0.36]    0.362295684583112
Top 1 [41.8]    0.220200850036335
Zero wealth fraction [7- 13]    0.051618197112251
Fraction U>nonU (rlv to unemployed) [40- 65]    0.607807218001391

-------TRANSITION Worker to entrepreneur / ABILITY--------
very low	 middle 	 very high
   0.023344038926606	   0.015991626556486	   0.019441394320552	
-------TRANSITION Entrepreneur to Worker / ABILITY--------
very low 	 middle 	 very high
   0.236479814513007	   0.270251047528031	   0.242462146129501	
--------- TRANSITION MATRIX BTW CLASSES ------
  	  U     	 W     	 E 
U 	 0.3922 	 0.5942 	 0.0136 
W 	 0.0271 	 0.9542 	 0.0187 
E 	 0.0294 	 0.2537 	 0.7169 
---------------
--------- WEALTH DISTRIBUTION STATISTICS ------
Top 0.1 [22]    0.039127707663196
Top 1 [41.8]    0.220200850036335
Top 5 [?]    0.558447403133853
Top 10 [77.2]    0.746433209854459
Top 20 [?]    0.865558846251111
Bot 20 [?]    0.005156052256411
Bot 40 [?]    0.027790126141000
Bot 60 [?]    0.063573508554425
Bot 80 [?]    0.134441153748889
mworthVE   25.467060928238769
mworthWW    1.598426197680639
mworthUS    1.421129551434310
mworthUL   60.565690617786885
---------------
--------- PRODUCTION & CAPITAL -----
CapitalVE    3.765514945926538
ProductionVE    1.013840527752826
Totalcapital    9.298718277047653
Totallabor    0.888152594233559
Corproduction    1.715946105771581
Corcapital    5.533203331121116
Totalproduction    2.729786633524407
CapitalVE/Totalcapital    0.404949890268327
---------------
--------- TAXATION -----
Corporate revenu    0.000000000000000
Expenditure    0.014323362529695
Revenue Basis    1.066105859229272
Optimal tax    0.013435216030095
-------MASS--------
WW    0.884391039984937 
U    0.047133608967514 
VE    0.068475351047592 
-------WELFARE--------
UL  -13.081329952542646  US  -21.729271842066840  VE  -12.534105081792147  WW  -20.065008909353725  Wtot -19.487095751375382  Avg Firm:   54.990808930784731 
-------EQUILIBRIUM PRICES AND AGGREGATE--------
r    0.057688258463640 
w    1.200363390425356 
u    0.045290114943131 
-------MOMENTS GENERATED & STATISTICS--------
Ratio KY [3.04]    3.406372519752868
Ratio mworthVE/mworthWW [8]   15.735981556584765
Fraction E [7.55]    0.067717769451836
(UL:    0.013882286080539, US:    0.031407828862592) Unemploy. rate [4- 6]    0.045290114943131
Fraction of nonE>E (rlv to whole pop) [0.39]    0.017917699542452
Fraction of U>E (rlv to new entrant) [20]    0.037088744457176
Worker exit rate (rlv to workers) [3-6.5]    0.046585787278713
Nshare (US)    0.009208174949647, 	 Nshare(UL):    0.000000000000000, 	 Nshare [0.1]:    0.009208174949647
(U>E/pop>E) [0.2]    0.037088744457176
Wealth Gini [0.84]    0.801412215276357
Earning Gini [0.36]    0.360507094212804
Top 1 [41.8]    0.217704028555929
Zero wealth fraction [7- 13]    0.051962609953646
Fraction U>nonU (rlv to unemployed) [40- 65]    0.622934830276475

-------TRANSITION Worker to entrepreneur / ABILITY--------
very low	 middle 	 very high
   0.024198864467398	   0.016769290302367	   0.020174032561006	
-------TRANSITION Entrepreneur to Worker / ABILITY--------
very low 	 middle 	 very high
   0.236015262550161	   0.268421832629924	   0.238182183436483	
--------- TRANSITION MATRIX BTW CLASSES ------
  	  U     	 W     	 E 
U 	 0.3771 	 0.6083 	 0.0147 
W 	 0.0271 	 0.9534 	 0.0195 
E 	 0.0289 	 0.2516 	 0.7195 
---------------
--------- WEALTH DISTRIBUTION STATISTICS ------
Top 0.1 [22]    0.039293124952345
Top 1 [41.8]    0.217704028555929
Top 5 [?]    0.566028127560028
Top 10 [77.2]    0.744899585554266
Top 20 [?]    0.864936724130289
Bot 20 [?]    0.005225484325191
Bot 40 [?]    0.024472674975365
Bot 60 [?]    0.063907763880322
Bot 80 [?]    0.135063275869711
mworthVE   25.196733446610224
mworthWW    1.601217779520502
mworthUS    1.432040860884397
mworthUL   56.730029307273419
---------------
--------- PRODUCTION & CAPITAL -----
CapitalVE    3.670651461027600
ProductionVE    0.990512851362261
Totalcapital    9.244342026331800
Totallabor    0.890467965980576
Corproduction    1.723324808120289
Corcapital    5.573690565304200
Totalproduction    2.713837659482550
CapitalVE/Totalcapital    0.397070061944055
---------------
--------- TAXATION -----
Corporate revenu    0.000000000000000
Expenditure    0.014556273892338
Revenue Basis    1.068885146709617
Optimal tax    0.013618183335363
-------MASS--------
WW    0.886992115605074 
U    0.045290114943131 
VE    0.067717769451836 
-------WELFARE--------
UL  -13.561111907523228  US  -21.635012590155181  VE  -12.551970394154420  WW  -20.040475194852078  Wtot -19.493502936072542  Avg Firm:   54.205144244131510 
-------EQUILIBRIUM PRICES AND AGGREGATE--------
r    0.057688258463640 
w    1.200363390425356 
u    0.043979703664433 
-------MOMENTS GENERATED & STATISTICS--------
Ratio KY [3.04]    3.396202241591168
Ratio mworthVE/mworthWW [8]   15.697482415393372
Fraction E [7.55]    0.067630428716970
(UL:    0.012308018118239, US:    0.031671685546194) Unemploy. rate [4- 6]    0.043979703664433
Fraction of nonE>E (rlv to whole pop) [0.39]    0.018436249206098
Fraction of U>E (rlv to new entrant) [20]    0.036839949199367
Worker exit rate (rlv to workers) [3-6.5]    0.047147340303404
Nshare (US)    0.008948506857465, 	 Nshare(UL):    0.000000000000000, 	 Nshare [0.1]:    0.008948506857465
(U>E/pop>E) [0.2]    0.036839949199367
Wealth Gini [0.84]    0.800836542678017
Earning Gini [0.36]    0.359548009347057
Top 1 [41.8]    0.214547708390443
Zero wealth fraction [7- 13]    0.052220209746649
Fraction U>nonU (rlv to unemployed) [40- 65]    0.630898305899283

-------TRANSITION Worker to entrepreneur / ABILITY--------
very low	 middle 	 very high
   0.024773357063051	   0.017300651704507	   0.020681905459174	
-------TRANSITION Entrepreneur to Worker / ABILITY--------
very low 	 middle 	 very high
   0.234601148913655	   0.266481455615374	   0.236186419400631	
--------- TRANSITION MATRIX BTW CLASSES ------
  	  U     	 W     	 E 
U 	 0.3691 	 0.6155 	 0.0154 
W 	 0.0272 	 0.9529 	 0.0200 
E 	 0.0288 	 0.2498 	 0.7213 
---------------
--------- WEALTH DISTRIBUTION STATISTICS ------
Top 0.1 [22]    0.039152161453855
Top 1 [41.8]    0.214547708390443
Top 5 [?]    0.562544771217618
Top 10 [77.2]    0.743149120482390
Top 20 [?]    0.864222550977570
Bot 20 [?]    0.005275258849714
Bot 40 [?]    0.024670324228497
Bot 60 [?]    0.064307475984639
Bot 80 [?]    0.135777449022431
mworthVE   25.135388561160937
mworthWW    1.601236930612039
mworthUS    1.442341086756622
mworthUL   52.617523276665054
---------------
--------- PRODUCTION & CAPITAL -----
CapitalVE    3.631304152994542
ProductionVE    0.981672533872796
Totalcapital    9.183953912674999
Totallabor    0.891706007311755
Corproduction    1.722510921460003
Corcapital    5.552649759680457
Totalproduction    2.704183455332799
CapitalVE/Totalcapital    0.395396600148754
---------------
--------- TAXATION -----
Corporate revenu    0.000000000000000
Expenditure    0.014663460179662
Revenue Basis    1.070371246199395
Optimal tax    0.013699415255901
-------MASS--------
WW    0.888389867618641 
U    0.043979703664433 
VE    0.067630428716970 
-------WELFARE--------
UL  -14.010227897988290  US  -21.568138801701703  VE  -12.547550790718230  WW  -20.030419831065220  Wtot -19.498955710143324  Avg Firm:   53.693348125758391 
-------EQUILIBRIUM PRICES AND AGGREGATE--------
r    0.057688258463640 
w    1.200363390425356 
u    0.043167903768982 
-------MOMENTS GENERATED & STATISTICS--------
Ratio KY [3.04]    3.380864753624687
Ratio mworthVE/mworthWW [8]   15.767444905576850
Fraction E [7.55]    0.067974868542964
(UL:    0.011340201044385, US:    0.031827702724597) Unemploy. rate [4- 6]    0.043167903768982
Fraction of nonE>E (rlv to whole pop) [0.39]    0.018819333140182
Fraction of U>E (rlv to new entrant) [20]    0.036662833868204
Worker exit rate (rlv to workers) [3-6.5]    0.047574510720666
Nshare (US)    0.008765669968781, 	 Nshare(UL):    0.000000000000000, 	 Nshare [0.1]:    0.008765669968781
(U>E/pop>E) [0.2]    0.036662833868204
Wealth Gini [0.84]    0.800202654668457
Earning Gini [0.36]    0.359235977727277
Top 1 [41.8]    0.211162883269404
Zero wealth fraction [7- 13]    0.052301896567779
Fraction U>nonU (rlv to unemployed) [40- 65]    0.632997073310302

-------TRANSITION Worker to entrepreneur / ABILITY--------
very low	 middle 	 very high
   0.025202570150685	   0.017702934670996	   0.021080865974413	
-------TRANSITION Entrepreneur to Worker / ABILITY--------
very low 	 middle 	 very high
   0.232297040338708	   0.263710498758240	   0.233845634664130	
--------- TRANSITION MATRIX BTW CLASSES ------
  	  U     	 W     	 E 
U 	 0.3670 	 0.6170 	 0.0160 
W 	 0.0272 	 0.9524 	 0.0204 
E 	 0.0294 	 0.2473 	 0.7233 
---------------
--------- WEALTH DISTRIBUTION STATISTICS ------
Top 0.1 [22]    0.042952310233362
Top 1 [41.8]    0.211162883269404
Top 5 [?]    0.559055330490958
Top 10 [77.2]    0.747044042176636
Top 20 [?]    0.863501854388249
Bot 20 [?]    0.005325606564545
Bot 40 [?]    0.024872949060556
Bot 60 [?]    0.064725655006851
Bot 80 [?]    0.136498145611751
mworthVE   25.220420925091190
mworthWW    1.599524912002127
mworthUS    1.449089135415538
mworthUL   49.213327071211566
---------------
--------- PRODUCTION & CAPITAL -----
CapitalVE    3.627531701893904
ProductionVE    0.982077446375566
Totalcapital    9.124251840804707
Totallabor    0.892087803869223
Corproduction    1.716714876216584
Corcapital    5.496720138910803
Totalproduction    2.698792322592150
CapitalVE/Totalcapital    0.397570317565235
---------------
--------- TAXATION -----
Corporate revenu    0.000000000000000
Expenditure    0.014725393928969
Revenue Basis    1.070829540809569
Optimal tax    0.013751389336753
-------MASS--------
WW    0.888857227688094 
U    0.043167903768982 
VE    0.067974868542964 
-------WELFARE--------
UL  -14.346166976018127  US  -21.523599365638582  VE  -12.525035024720552  WW  -20.030516544576795  Wtot -19.503392154171664  Avg Firm:   53.365777376988589 
-------EQUILIBRIUM PRICES AND AGGREGATE--------
r    0.057688258463640 
w    1.200363390425356 
u    0.042841845840165 
-------MOMENTS GENERATED & STATISTICS--------
Ratio KY [3.04]    3.363283793209304
Ratio mworthVE/mworthWW [8]   15.924591875750959
Fraction E [7.55]    0.068637477697291
(UL:    0.010908136300516, US:    0.031933709539649) Unemploy. rate [4- 6]    0.042841845840165
Fraction of nonE>E (rlv to whole pop) [0.39]    0.019107691250531
Fraction of U>E (rlv to new entrant) [20]    0.036532701823688
Worker exit rate (rlv to workers) [3-6.5]    0.047914236198716
Nshare (US)    0.008631920416856, 	 Nshare(UL):    0.000000000000000, 	 Nshare [0.1]:    0.008631920416856
(U>E/pop>E) [0.2]    0.036532701823688
Wealth Gini [0.84]    0.799573264273180
Earning Gini [0.36]    0.359485848129537
Top 1 [41.8]    0.219164743733700
Zero wealth fraction [7- 13]    0.052450570931276
Fraction U>nonU (rlv to unemployed) [40- 65]    0.629105853722555

-------TRANSITION Worker to entrepreneur / ABILITY--------
very low	 middle 	 very high
   0.025543338981971	   0.018020059384091	   0.021398593051693	
-------TRANSITION Entrepreneur to Worker / ABILITY--------
very low 	 middle 	 very high
   0.228273805042137	   0.259075519529609	   0.229958464035548	
--------- TRANSITION MATRIX BTW CLASSES ------
  	  U     	 W     	 E 
U 	 0.3709 	 0.6128 	 0.0163 
W 	 0.0272 	 0.9521 	 0.0207 
E 	 0.0314 	 0.2430 	 0.7256 
---------------
--------- WEALTH DISTRIBUTION STATISTICS ------
Top 0.1 [22]    0.042266391419787
Top 1 [41.8]    0.219164743733700
Top 5 [?]    0.555797441937109
Top 10 [77.2]    0.745458365912852
Top 20 [?]    0.862824641317399
Bot 20 [?]    0.005372959442232
Bot 40 [?]    0.025066364406437
Bot 60 [?]    0.065127698034566
Bot 80 [?]    0.137175358682601
mworthVE   25.419863300251109
mworthWW    1.596264664023132
mworthUS    1.453408470054050
mworthUL   47.395201451125800
---------------
--------- PRODUCTION & CAPITAL -----
CapitalVE    3.647586878489246
ProductionVE    0.988682615124739
Totalcapital    9.068817910782929
Totallabor    0.891716803452244
Corproduction    1.707735073175451
Corcapital    5.421231032293684
Totalproduction    2.696417688300190
CapitalVE/Totalcapital    0.402211943648380
---------------
--------- TAXATION -----
Corporate revenu    0.000000000000000
Expenditure    0.014768242706932
Revenue Basis    1.070384205491198
Optimal tax    0.013797141840443
-------MASS--------
WW    0.888520676462586 
U    0.042841845840165 
VE    0.068637477697291 
-------WELFARE--------
UL  -14.511738252559931  US  -21.492642095298976  VE  -12.487818067588817  WW  -20.039077485671594  Wtot -19.506902826084296  Avg Firm:   53.142787306026420 
-------EQUILIBRIUM PRICES AND AGGREGATE--------
r    0.057688258463640 
w    1.200363390425356 
u    0.043080498423124 
-------MOMENTS GENERATED & STATISTICS--------
Ratio KY [3.04]    3.345584210189478
Ratio mworthVE/mworthWW [8]   16.164292696316828
Fraction E [7.55]    0.069543505471705
(UL:    0.011048496112396, US:    0.032032002310728) Unemploy. rate [4- 6]    0.043080498423124
Fraction of nonE>E (rlv to whole pop) [0.39]    0.019263448668016
Fraction of U>E (rlv to new entrant) [20]    0.036462382277161
Worker exit rate (rlv to workers) [3-6.5]    0.048131426458576
Nshare (US)    0.008559195636481, 	 Nshare(UL):    0.000000000000000, 	 Nshare [0.1]:    0.008559195636481
(U>E/pop>E) [0.2]    0.036462382277161
Wealth Gini [0.84]    0.798984695685292
Earning Gini [0.36]    0.360299321892052
Top 1 [41.8]    0.215782332498733
Zero wealth fraction [7- 13]    0.052549735051856
Fraction U>nonU (rlv to unemployed) [40- 65]    0.616921988272206

-------TRANSITION Worker to entrepreneur / ABILITY--------
very low	 middle 	 very high
   0.025759934265346	   0.018212624869477	   0.021587388308953	
-------TRANSITION Entrepreneur to Worker / ABILITY--------
very low 	 middle 	 very high
   0.221110844406212	   0.251417091925955	   0.223161775681350	
--------- TRANSITION MATRIX BTW CLASSES ------
  	  U     	 W     	 E 
U 	 0.3831 	 0.6006 	 0.0163 
W 	 0.0272 	 0.9519 	 0.0209 
E 	 0.0353 	 0.2357 	 0.7290 
---------------
--------- WEALTH DISTRIBUTION STATISTICS ------
Top 0.1 [22]    0.041366315438956
Top 1 [41.8]    0.215782332498733
Top 5 [?]    0.552894598352618
Top 10 [77.2]    0.744052084690822
Top 20 [?]    0.862213115301073
Bot 20 [?]    0.005415539600244
Bot 40 [?]    0.025243832059883
Bot 60 [?]    0.065499341423372
Bot 80 [?]    0.137786884698927
mworthVE   25.723771922513858
mworthWW    1.591394835876440
mworthUS    1.457379835236899
mworthUL   47.747272933116790
---------------
--------- PRODUCTION & CAPITAL -----
CapitalVE    3.682239316825311
ProductionVE    0.999098764129827
Totalcapital    9.019185220451742
Totallabor    0.890584728546550
Corproduction    1.696748852852122
Corcapital    5.336945903626432
Totalproduction    2.695847616981949
CapitalVE/Totalcapital    0.408267401857491
---------------
--------- TAXATION -----
Corporate revenu    0.000000000000000
Expenditure    0.014810777595416
Revenue Basis    1.069025304219182
Optimal tax    0.013854468679985
-------MASS--------
WW    0.887375996105213 
U    0.043080498423124 
VE    0.069543505471705 
-------WELFARE--------
UL  -14.454728668079412  US  -21.464345427569391  VE  -12.439844099413326  WW  -20.056230127749711  Wtot -19.509776529751175  Avg Firm:   52.948715941900609 
-------EQUILIBRIUM PRICES AND AGGREGATE--------
r    0.057688258463640 
w    1.200363390425356 
u    0.044123488878291 
-------MOMENTS GENERATED & STATISTICS--------
Ratio KY [3.04]    3.330610554886830
Ratio mworthVE/mworthWW [8]   16.496194440746844
Fraction E [7.55]    0.070522098856712
(UL:    0.011950047643585, US:    0.032173441234705) Unemploy. rate [4- 6]    0.044123488878291
Fraction of nonE>E (rlv to whole pop) [0.39]    0.019056344194659
Fraction of U>E (rlv to new entrant) [20]    0.036538234007905
Worker exit rate (rlv to workers) [3-6.5]    0.047984868186710
Nshare (US)    0.008637278735527, 	 Nshare(UL):    0.000000000000000, 	 Nshare [0.1]:    0.008637278735527
(U>E/pop>E) [0.2]    0.036538234007905
Wealth Gini [0.84]    0.798448890256559
Earning Gini [0.36]    0.361721468552517
Top 1 [41.8]    0.212533084346050
Zero wealth fraction [7- 13]    0.052618331695292
Fraction U>nonU (rlv to unemployed) [40- 65]    0.592225416990768

-------TRANSITION Worker to entrepreneur / ABILITY--------
very low	 middle 	 very high
   0.025576386579748	   0.018035951225150	   0.021409000839625	
-------TRANSITION Entrepreneur to Worker / ABILITY--------
very low 	 middle 	 very high
   0.208150188570461	   0.238338804852807	   0.211139938499091	
--------- TRANSITION MATRIX BTW CLASSES ------
  	  U     	 W     	 E 
U 	 0.4078 	 0.5764 	 0.0158 
W 	 0.0272 	 0.9520 	 0.0207 
E 	 0.0438 	 0.2230 	 0.7332 
---------------
--------- WEALTH DISTRIBUTION STATISTICS ------
Top 0.1 [22]    0.040288285464549
Top 1 [41.8]    0.212533084346050
Top 5 [?]    0.561427968298048
Top 10 [77.2]    0.742823661953388
Top 20 [?]    0.861670178239755
Bot 20 [?]    0.005454833294111
Bot 40 [?]    0.025408873281757
Bot 60 [?]    0.065837942692959
Bot 80 [?]    0.138329821760245
mworthVE   26.139649508925544
mworthWW    1.584586651352668
mworthUS    1.463976272090577
mworthUL   49.913582000427986
---------------
--------- PRODUCTION & CAPITAL -----
CapitalVE    3.717065483971887
ProductionVE    1.009421298286562
Totalcapital    8.975041476845101
Totallabor    0.888627166427624
Corproduction    1.685292277179803
Corcapital    5.257975992873214
Totalproduction    2.694713575466364
CapitalVE/Totalcapital    0.414155800122108
---------------
--------- TAXATION -----
Corporate revenu    0.000000000000000
Expenditure    0.014876609377219
Revenue Basis    1.066675518317139
Optimal tax    0.013946705555490
-------MASS--------
WW    0.885354412265039 
U    0.044123488878291 
VE    0.070522098856712 
-------WELFARE--------
UL  -14.155690221926921  US  -21.425566461015244  VE  -12.390199253634947  WW  -20.083025900116919  Wtot -19.512873824954394  Avg Firm:   52.707811370223936 
-------EQUILIBRIUM PRICES AND AGGREGATE--------
r    0.057688258463640 
w    1.200363390425356 
u    0.045861837378766 
-------MOMENTS GENERATED & STATISTICS--------
Ratio KY [3.04]    3.324394123890067
Ratio mworthVE/mworthWW [8]   16.652674693077433
Fraction E [7.55]    0.070802563741951
(UL:    0.013425716718159, US:    0.032436120660607) Unemploy. rate [4- 6]    0.045861837378766
Fraction of nonE>E (rlv to whole pop) [0.39]    0.018789671140838
Fraction of U>E (rlv to new entrant) [20]    0.036552226345590
Worker exit rate (rlv to workers) [3-6.5]    0.047749467477744
Nshare (US)    0.008664273380447, 	 Nshare(UL):    0.000000000000000, 	 Nshare [0.1]:    0.008664273380447
(U>E/pop>E) [0.2]    0.036552226345590
Wealth Gini [0.84]    0.797953327882857
Earning Gini [0.36]    0.363135006173214
Top 1 [41.8]    0.209387604831116
Zero wealth fraction [7- 13]    0.052669360037250
Fraction U>nonU (rlv to unemployed) [40- 65]    0.554860754114162

-------TRANSITION Worker to entrepreneur / ABILITY--------
very low	 middle 	 very high
   0.025244111380528	   0.017747141395015	   0.021344538834791	
-------TRANSITION Entrepreneur to Worker / ABILITY--------
very low 	 middle 	 very high
   0.211004867687094	   0.242967784363257	   0.216246685669932	
--------- TRANSITION MATRIX BTW CLASSES ------
  	  U     	 W     	 E 
U 	 0.4451 	 0.5399 	 0.0150 
W 	 0.0273 	 0.9523 	 0.0205 
E 	 0.0509 	 0.2272 	 0.7219 
---------------
--------- WEALTH DISTRIBUTION STATISTICS ------
Top 0.1 [22]    0.039060303947050
Top 1 [41.8]    0.209387604831116
Top 5 [?]    0.559133835496320
Top 10 [77.2]    0.741672018604223
Top 20 [?]    0.861165631600351
Bot 20 [?]    0.005494494721392
Bot 40 [?]    0.025571297812252
Bot 60 [?]    0.066158469983798
Bot 80 [?]    0.138834368399649
mworthVE   26.271644822937397
mworthWW    1.577623133048927
mworthUS    1.477815738502553
mworthUL   51.760446608553323
---------------
--------- PRODUCTION & CAPITAL -----
CapitalVE    3.707970551430660
ProductionVE    1.008091836479614
Totalcapital    8.933577545224603
Totallabor    0.886677732572238
Corproduction    1.679188074474778
Corcapital    5.225606993793943
Totalproduction    2.687279910954392
CapitalVE/Totalcapital    0.415059983826159
---------------
--------- TAXATION -----
Corporate revenu    0.000000000000000
Expenditure    0.015000655267547
Revenue Basis    1.064335489285076
Optimal tax    0.014093916268472
-------MASS--------
WW    0.883335598879326 
U    0.045861837378766 
VE    0.070802563741951 
-------WELFARE--------
UL  -13.648011074514113  US  -21.360186662323102  VE  -12.381150485596867  WW  -20.108563643784500  Wtot -19.515303227705495  Avg Firm:   52.370569022681643 
-------EQUILIBRIUM PRICES AND AGGREGATE--------
r    0.057688258463640 
w    1.200363390425356 
u    0.077647751447094 
-------MOMENTS GENERATED & STATISTICS--------
Ratio KY [3.04]                  nan
Ratio mworthVE/mworthWW                  nan
Fraction E [7.55]    0.063722307367756
(UL:    0.028615003257506, US:    0.049032748189589) Unemploy. rate [4- 6]    0.077647751447094
Fraction of nonE>E (rlv to whole pop) [0.39]    0.000000000000000
Fraction of U>E (rlv to new entrant) [20]                  nan
Worker exit rate (rlv to workers) [3-6.5]    0.028773347526213
Nshare (US)                  nan, 	 Nshare(UL):                  nan, 	 Nshare [0.1]:                  nan
(U>E/pop>E) [0.2]                  nan
Wealth Gini [0.84]                  nan
Earning Gini [0.36]    0.381134306148064
Top 1 [41.8]                  nan
Zero wealth fraction [7- 13]    1.000000000000042
Fraction U>nonU (rlv to unemployed) [40- 65]    0.000000000000000

-------TRANSITION Worker to entrepreneur / ABILITY--------
very low	 middle 	 very high
   0.000000000000000	   0.000000000000000	   0.000000000000000	
-------TRANSITION Entrepreneur to Worker / ABILITY--------
very low 	 middle 	 very high
   0.000000000000000	   0.000000000000000	   0.000000000000000	
--------- TRANSITION MATRIX BTW CLASSES ------
  	  U     	 W     	 E 
U 	 1.0000 	 0.0000 	 0.0000 
W 	 0.0288 	 0.9712 	 0.0000 
E 	 0.1111 	 0.0000 	 0.8889 
---------------
--------- WEALTH DISTRIBUTION STATISTICS ------
Top 0.1 [22]                  nan
Top 1 [41.8]                  nan
Top 5 [?]                  nan
Top 10 [77.2]                  nan
Top 20 [?]                  nan
Bot 20 [?]                  nan
Bot 40 [?]                  nan
Bot 60 [?]                  nan
Bot 80 [?]                  nan
mworthVE    0.000000000000000
mworthWW    0.000000000000000
mworthUS    0.000000000000000
mworthUL    0.000000000000000
---------------
--------- PRODUCTION & CAPITAL -----
CapitalVE    0.000000000000000
ProductionVE    0.000000000000000
Totalcapital    0.000000000000000
Totallabor    0.862445102121959
Corproduction    0.000000000000000
Corcapital    0.000000000000000
Totalproduction    0.000000000000000
CapitalVE/Totalcapital                  nan
---------------
--------- TAXATION -----
Corporate revenu    0.000000000000000
Expenditure    0.022731055607688
Revenue Basis    1.035247526838857
Optimal tax    0.021957121382456
-------MASS--------
WW    0.858629941185192 
U    0.077647751447094 
VE    0.063722307367756 
-------WELFARE--------
UL   -3.048097389434286  US   -3.021195485933419  VE   -1.933140940324448  WW   -3.087240904677841  Wtot  -3.009340511813753  Avg Firm:    0.000000000000000 
