===================Program Starting: Tue Jan 17 18:27:13 2017

------ Estimated Model parameters------
             betapar		   0.888000000000000
              Etapar		   0.034000000000000	   0.027000000000000	   0.024000000000000
               Kappa		   1.350000000000000	   1.400000000000000	   1.450000000000000
                PROD		   0.250000000000000	   1.000000000000000	   1.750000000000000
              GTRANS		   0.250000000000000	   0.550000000000000
             phiparW		   1.500000000000000
             phiparE		   1.850000000000000
             costpar		   0.000000000000000
               nupar		   0.840000000000000
                fpar		   0.800000000000000
               mupar		   0.100000000000000
               xipar		   1.000000000000000

------ Fixed Model parameters------
             maxgrid		                 500
             Gridmin		   0.000000000000000
             Gridmax		5000.000000000000000
             corptax		   0.000000000000000
            alphapar		   0.360000000000000
            deltapar		   0.060000000000000
             rhostar		   0.540000000000000
            sigmapar		   1.390000000000000
              TFPpar		   1.000000000000000
              pLTpar		   0.000000000000000
          EffortMaxU		 100.000000000000000
          EffortMaxE		 100.000000000000000

------ Convergence criterions------
        epsilonValue		   0.000001000000000
        epsilonendoK		   0.000001000000000
           maxiterVF		   0.000001000000000
        maxiterendoK		   0.000001000000000
         epsilonDist		   0.000000010000000
        epsilonprice		   0.000001000000000
       epsilonparams		   0.000001000000000
          relaxendoK		   0.300000000000000
              relaxK		   0.050000000000000
            relaxTax		   0.200000000000000
----------------------------
R:    0.045000000000000,	 W:    1.279915062232225,	 K:    6.381252389209258	, L:    0.930661063223172, 	 TAX:    0.015747715938431

-------EQUILIBRIUM PRICES AND AGGREGATE--------
r    0.045000000000000 
w    1.279915062232225 
u    0.097997316854276 
-------MOMENTS GENERATED & STATISTICS--------
Ratio KY [3.04]    4.320210039827709
Ratio mworthVE/mworthWW [8]   42.340363026840002
Fraction E [7.55]    0.158555551912936
(UL:    0.050156320958506, US:    0.047840995895770) Unemploy. rate [4- 6]    0.097997316854276
Fraction of nonE>E (rlv to whole pop) [0.39]    0.016704281721930
Fraction of U>E (rlv to new entrant) [20]    0.415526116525778
Worker exit rate (rlv to workers) [3-6.5]    0.040639840094119
Nshare (US)    0.004541192346375, 	 Nshare(UL):    0.000009085262966, 	 Nshare [0.1]:    0.004550277609341
(U>E/pop>E) [0.2]    0.415526116525778
Wealth Gini [0.84]    0.806443593078920
Earning Gini [0.36]    0.463714985425701
Top 1 [41.8]    0.139035884857452
Zero wealth fraction [7- 13]    0.054218971353139
Fraction U>nonU (rlv to unemployed) [40- 65]    0.293494814919250

-------TRANSITION Worker to entrepreneur / ABILITY--------
very low	 middle 	 very high
   0.015949680477370	   0.012456519152440	   0.011757453205526	
-------TRANSITION Entrepreneur to Worker / ABILITY--------
very low 	 middle 	 very high
   0.050216831597015	   0.056634744228009	   0.056843624710339	
--------- TRANSITION MATRIX BTW CLASSES ------
  	  U     	 W     	 E 
U 	 0.7065 	 0.2227 	 0.0708 
W 	 0.0275 	 0.9594 	 0.0131 
E 	 0.0504 	 0.0550 	 0.8946 
---------------
--------- WEALTH DISTRIBUTION STATISTICS ------
Top 0.1 [22]    0.021034707019167
Top 1 [41.8]    0.139035884857452
Top 5 [?]    0.439122718884693
Top 10 [77.2]    0.656163658026773
Top 20 [?]    0.887969653830192
Bot 20 [?]    0.002127301627540
Bot 40 [?]    0.011479332204226
Bot 60 [?]    0.029458046010017
Bot 80 [?]    0.112030346169808
mworthVE   63.982248516057147
mworthWW    1.511140763613626
mworthUS    1.256247187030496
mworthUL   94.643017354165977
---------------
--------- PRODUCTION & CAPITAL -----
CapitalVE   16.146003693812307
ProductionVE    3.762445896070945
Totalcapital   23.684847664069284
Totallabor    0.749007797125208
Corproduction    1.719891176830688
Corcapital    7.538843970256977
Totalproduction    5.482337072901633
CapitalVE/Totalcapital    0.681701817246912
---------------
--------- TAXATION -----
Corporate revenu    0.000000000000000
Expenditure    0.032411715275906
Revenue Basis    0.958666361269933
Optimal tax    0.033809171350260
-------MASS--------
WW    0.743447131232846 
U    0.097997316854276 
VE    0.158555551912936 
R:    0.041768115175847,	 W:    1.302622369537716,	 K:    6.439131968261643	, L:    0.894330410003579, 	 TAX:    0.019360007020797

-------EQUILIBRIUM PRICES AND AGGREGATE--------
r    0.041768115175847 
w    1.302622369537716 
u    0.077389373759015 
-------MOMENTS GENERATED & STATISTICS--------
Ratio KY [3.04]    3.707700118631727
Ratio mworthVE/mworthWW [8]   45.353374127755146
Fraction E [7.55]    0.087315548540929
(UL:    0.025964171532233, US:    0.051425202226781) Unemploy. rate [4- 6]    0.077389373759015
Fraction of nonE>E (rlv to whole pop) [0.39]    0.009528214943504
Fraction of U>E (rlv to new entrant) [20]    0.392000168573533
Worker exit rate (rlv to workers) [3-6.5]    0.034637309169741
Nshare (US)    0.008380444371625, 	 Nshare(UL):    0.000011220821531, 	 Nshare [0.1]:    0.008391665193156
(U>E/pop>E) [0.2]    0.392000168573533
Wealth Gini [0.84]    0.850067830617254
Earning Gini [0.36]    0.398006948943842
Top 1 [41.8]    0.208683417803742
Zero wealth fraction [7- 13]    0.067533893347874
Fraction U>nonU (rlv to unemployed) [40- 65]    0.356558799827747

-------TRANSITION Worker to entrepreneur / ABILITY--------
very low	 middle 	 very high
   0.009433465223545	   0.006303748107701	   0.005759405676149	
-------TRANSITION Entrepreneur to Worker / ABILITY--------
very low 	 middle 	 very high
   0.056408303202865	   0.063396174151597	   0.059564467612317	
--------- TRANSITION MATRIX BTW CLASSES ------
  	  U     	 W     	 E 
U 	 0.6434 	 0.3083 	 0.0483 
W 	 0.0277 	 0.9654 	 0.0069 
E 	 0.0485 	 0.0606 	 0.8909 
---------------
--------- WEALTH DISTRIBUTION STATISTICS ------
Top 0.1 [22]    0.035006576279785
Top 1 [41.8]    0.208683417803742
Top 5 [?]    0.604580886913635
Top 10 [77.2]    0.823985030987190
Top 20 [?]    0.919123650022657
Bot 20 [?]    0.002482354188475
Bot 40 [?]    0.015073312254794
Bot 60 [?]    0.038574644856539
Bot 80 [?]    0.080876349977343
mworthVE   60.960648424926774
mworthWW    1.344125979540304
mworthUS    1.023797880844360
mworthUL   93.563149880291405
---------------
--------- PRODUCTION & CAPITAL -----
CapitalVE    8.618761559733708
ProductionVE    2.011516273931787
Totalcapital   13.187283743411720
Totallabor    0.839789103378907
Corproduction    1.545212512504775
Corcapital    4.568522183678013
Totalproduction    3.556728786436563
CapitalVE/Totalcapital    0.653566096508660
---------------
--------- TAXATION -----
Corporate revenu    0.000000000000000
Expenditure    0.035304146594384
Revenue Basis    1.093928071755387
Optimal tax    0.032272822597680
-------MASS--------
WW    0.835295077700108 
U    0.077389373759015 
VE    0.087315548540929 
R:    0.041921924198775,	 W:    1.301516258556220,	 K:    6.345601479032461	, L:    0.883422148678645, 	 TAX:    0.021942570136173

-------EQUILIBRIUM PRICES AND AGGREGATE--------
r    0.041921924198775 
w    1.301516258556220 
u    0.079114949082611 
-------MOMENTS GENERATED & STATISTICS--------
Ratio KY [3.04]    3.777279074574344
Ratio mworthVE/mworthWW [8]   45.403208666177626
Fraction E [7.55]    0.093654407231713
(UL:    0.028043482737287, US:    0.051071466345324) Unemploy. rate [4- 6]    0.079114949082611
Fraction of nonE>E (rlv to whole pop) [0.39]    0.010168641304095
Fraction of U>E (rlv to new entrant) [20]    0.395253191396083
Worker exit rate (rlv to workers) [3-6.5]    0.035120035616418
Nshare (US)    0.007825349379114, 	 Nshare(UL):    0.000010760068121, 	 Nshare [0.1]:    0.007836109447235
(U>E/pop>E) [0.2]    0.395253191396083
Wealth Gini [0.84]    0.848072351223210
Earning Gini [0.36]    0.403777922580411
Top 1 [41.8]    0.202779301033126
Zero wealth fraction [7- 13]    0.066437044371497
Fraction U>nonU (rlv to unemployed) [40- 65]    0.350102616226155

-------TRANSITION Worker to entrepreneur / ABILITY--------
very low	 middle 	 very high
   0.009950735846640	   0.006791406480998	   0.006262007729953	
-------TRANSITION Entrepreneur to Worker / ABILITY--------
very low 	 middle 	 very high
   0.055542562842390	   0.062416589954375	   0.059203369110238	
--------- TRANSITION MATRIX BTW CLASSES ------
  	  U     	 W     	 E 
U 	 0.6499 	 0.2993 	 0.0508 
W 	 0.0277 	 0.9649 	 0.0074 
E 	 0.0488 	 0.0598 	 0.8914 
---------------
--------- WEALTH DISTRIBUTION STATISTICS ------
Top 0.1 [22]    0.032499624881397
Top 1 [41.8]    0.202779301033126
Top 5 [?]    0.582520025833181
Top 10 [77.2]    0.809713108694220
Top 20 [?]    0.921851828804172
Bot 20 [?]    0.002472416295745
Bot 40 [?]    0.014845864370695
Bot 60 [?]    0.037078549578997
Bot 80 [?]    0.078148171195828
mworthVE   61.321088615570268
mworthWW    1.350589317738030
mworthUS    1.035968484381873
mworthUL   93.568878294158793
---------------
--------- PRODUCTION & CAPITAL -----
CapitalVE    9.279738392024422
ProductionVE    2.165425984282912
Totalcapital   14.088622191526277
Totallabor    0.831805558410045
Corproduction    1.564407558162957
Corcapital    4.808883799501854
Totalproduction    3.729833542445869
CapitalVE/Totalcapital    0.658668978830719
---------------
--------- TAXATION -----
Corporate revenu    0.000000000000000
Expenditure    0.035043566382429
Revenue Basis    1.082608458228109
Optimal tax    0.032369566407955
-------MASS--------
WW    0.827230643685739 
U    0.079114949082611 
VE    0.093654407231713 
R:    0.041949847683386,	 W:    1.301315727713056,	 K:    6.268765595055930	, L:    0.873098830624925, 	 TAX:    0.024027969390530

-------EQUILIBRIUM PRICES AND AGGREGATE--------
r    0.041949847683386 
w    1.301315727713056 
u    0.080117452802803 
-------MOMENTS GENERATED & STATISTICS--------
Ratio KY [3.04]    3.815210268614363
Ratio mworthVE/mworthWW [8]   45.481648893087552
Fraction E [7.55]    0.097373467582019
(UL:    0.029262826803897, US:    0.050854625998906) Unemploy. rate [4- 6]    0.080117452802803
Fraction of nonE>E (rlv to whole pop) [0.39]    0.010538429860528
Fraction of U>E (rlv to new entrant) [20]    0.397280131568827
Worker exit rate (rlv to workers) [3-6.5]    0.035399581895824
Nshare (US)    0.007536699988712, 	 Nshare(UL):    0.000010695570516, 	 Nshare [0.1]:    0.007547395559228
(U>E/pop>E) [0.2]    0.397280131568827
Wealth Gini [0.84]    0.846747486939164
Earning Gini [0.36]    0.407160048019715
Top 1 [41.8]    0.196147704653915
Zero wealth fraction [7- 13]    0.065864224699694
Fraction U>nonU (rlv to unemployed) [40- 65]    0.346502883267780

-------TRANSITION Worker to entrepreneur / ABILITY--------
very low	 middle 	 very high
   0.010248007655340	   0.007076910973912	   0.006549102996833	
-------TRANSITION Entrepreneur to Worker / ABILITY--------
very low 	 middle 	 very high
   0.055076160505091	   0.061809178285659	   0.058916032907981	
--------- TRANSITION MATRIX BTW CLASSES ------
  	  U     	 W     	 E 
U 	 0.6535 	 0.2942 	 0.0523 
W 	 0.0277 	 0.9646 	 0.0077 
E 	 0.0489 	 0.0593 	 0.8918 
---------------
--------- WEALTH DISTRIBUTION STATISTICS ------
Top 0.1 [22]    0.030053638468581
Top 1 [41.8]    0.196147704653915
Top 5 [?]    0.578145853700197
Top 10 [77.2]    0.801039062333990
Top 20 [?]    0.924318430479790
Bot 20 [?]    0.002366946749442
Bot 40 [?]    0.014218921200151
Bot 60 [?]    0.036819433016986
Bot 80 [?]    0.075681569520210
mworthVE   61.514762665188549
mworthWW    1.352518304905558
mworthUS    1.041464595250396
mworthUL   93.545600994484758
---------------
--------- PRODUCTION & CAPITAL -----
CapitalVE    9.668017756095642
ProductionVE    2.255838053506653
Totalcapital   14.614028328943647
Totallabor    0.827125751819357
Corproduction    1.574626665349139
Corcapital    4.946010572848004
Totalproduction    3.830464718855792
CapitalVE/Totalcapital    0.661557343292387
---------------
--------- TAXATION -----
Corporate revenu    0.000000000000000
Expenditure    0.034896636481818
Revenue Basis    1.076351749639016
Optimal tax    0.032421219637095
-------MASS--------
WW    0.822509079615253 
U    0.080117452802803 
VE    0.097373467582019 
R:    0.041951123625363,	 W:    1.301306566662004,	 K:    6.202627843945534	, L:    0.863904214863812, 	 TAX:    0.025706619439843

-------EQUILIBRIUM PRICES AND AGGREGATE--------
r    0.041951123625363 
w    1.301306566662004 
u    0.080828893322635 
-------MOMENTS GENERATED & STATISTICS--------
Ratio KY [3.04]    3.841107121961074
Ratio mworthVE/mworthWW [8]   45.541347144825529
Fraction E [7.55]    0.100041023663510
(UL:    0.030133085981005, US:    0.050695807341631) Unemploy. rate [4- 6]    0.080828893322635
Fraction of nonE>E (rlv to whole pop) [0.39]    0.010798959075472
Fraction of U>E (rlv to new entrant) [20]    0.398786125328346
Worker exit rate (rlv to workers) [3-6.5]    0.035596843121322
Nshare (US)    0.007344027272488, 	 Nshare(UL):    0.000010636550328, 	 Nshare [0.1]:    0.007354663822816
(U>E/pop>E) [0.2]    0.398786125328346
Wealth Gini [0.84]    0.845733618660366
Earning Gini [0.36]    0.409579624828478
Top 1 [41.8]    0.189298891947496
Zero wealth fraction [7- 13]    0.065473808845266
Fraction U>nonU (rlv to unemployed) [40- 65]    0.344007058241252

-------TRANSITION Worker to entrepreneur / ABILITY--------
very low	 middle 	 very high
   0.010457891277684	   0.007279096405145	   0.006750450661171	
-------TRANSITION Entrepreneur to Worker / ABILITY--------
very low 	 middle 	 very high
   0.054693526147459	   0.061348059179667	   0.058726269363998	
--------- TRANSITION MATRIX BTW CLASSES ------
  	  U     	 W     	 E 
U 	 0.6560 	 0.2907 	 0.0533 
W 	 0.0277 	 0.9644 	 0.0079 
E 	 0.0490 	 0.0589 	 0.8921 
---------------
--------- WEALTH DISTRIBUTION STATISTICS ------
Top 0.1 [22]    0.030129938352704
Top 1 [41.8]    0.189298891947496
Top 5 [?]    0.565373841794153
Top 10 [77.2]    0.796864841503868
Top 20 [?]    0.924914758445141
Bot 20 [?]    0.002297203730410
Bot 40 [?]    0.013805143283635
Bot 60 [?]    0.035709044609452
Bot 80 [?]    0.075085241554859
mworthVE   61.632261190947190
mworthWW    1.353325385719292
mworthUS    1.044855955611617
mworthUL   93.519870499218570
---------------
--------- PRODUCTION & CAPITAL -----
CapitalVE    9.945064333950913
ProductionVE    2.320355696383440
Totalcapital   14.987429712704737
Totallabor    0.823781495355457
Corproduction    1.581495836737281
Corcapital    5.042365378753823
Totalproduction    3.901851533120721
CapitalVE/Totalcapital    0.663560365225303
---------------
--------- TAXATION -----
Corporate revenu    0.000000000000000
Expenditure    0.034792842346097
Revenue Basis    1.071992269400701
Optimal tax    0.032456243705515
-------MASS--------
WW    0.819130083013927 
U    0.080828893322635 
VE    0.100041023663510 
R:    0.041955358338119,	 W:    1.301276163413041,	 K:    6.144614720685948	, L:    0.855879670962141, 	 TAX:    0.027056544292977

