===================Program Starting: Mon Jan 16 12:24:20 2017

------ Estimated Model parameters------
             betapar		   0.870000000000000
              Etapar		   0.034000000000000	   0.027000000000000	   0.024000000000000
               Kappa		   1.250000000000000	   1.500000000000000	   1.750000000000000
                PROD		   0.500000000000000	   1.750000000000000	   2.500000000000000
              GTRANS		   0.450000000000000	   0.650000000000000
             phiparW		   1.050000000000000
             phiparE		   2.000000000000000
             costpar		   0.000000000000000
               nupar		   0.820000000000000
                fpar		   0.750000000000000
               mupar		   0.050000000000000
               xipar		   0.040000000000000

------ Fixed Model parameters------
             maxgrid		                 250
             Gridmin		   0.000000000000000
             Gridmax		5000.000000000000000
             corptax		   0.000000000000000
            alphapar		   0.360000000000000
            deltapar		   0.060000000000000
             rhostar		   0.540000000000000
            sigmapar		   1.390000000000000
              TFPpar		   1.000000000000000
              pLTpar		   0.000000000000000
          EffortMaxU		 100.000000000000000
          EffortMaxE		 100.000000000000000

------ Convergence criterions------
        epsilonValue		   0.000001000000000
        epsilonendoK		   0.000001000000000
           maxiterVF		   0.000001000000000
        maxiterendoK		   0.000001000000000
         epsilonDist		   0.000000010000000
        epsilonprice		   0.000001000000000
       epsilonparams		   0.000001000000000
          relaxendoK		   0.300000000000000
              relaxK		   0.050000000000000
            relaxTax		   0.200000000000000
----------------------------
R:    0.045000000000000,	 W:    1.279915062232225,	 K:    6.381252389209258	, L:    0.930661063223172, 	 TAX:    0.015747715938431

-------EQUILIBRIUM PRICES AND AGGREGATE--------
r    0.045000000000000 
w    1.279915062232225 
u    0.999999999999997 
-------MOMENTS GENERATED & STATISTICS--------
Ratio KY [3.04]                  inf
Ratio mworthVE/mworthWW                  nan
Fraction E [7.55]    0.000000000000000
(UL:    0.999999999999997, US:    0.000000000000000) Unemploy. rate [4- 6]    0.999999999999997
Fraction of nonE>E (rlv to whole pop) [0.39]    0.000000000000000
Fraction of U>E (rlv to new entrant) [20]                  nan
Worker exit rate (rlv to workers) [3-6.5]                  nan
Nshare (US)                  nan, 	 Nshare(UL):                  nan, 	 Nshare [0.1]:                  nan
(U>E/pop>E) [0.2]                  nan
Wealth Gini [0.84]    0.999999876038658
Earning Gini [0.36]                  nan
Top 1 [41.8]    1.000000000000000
Zero wealth fraction [7- 13]    0.999999876038264
Fraction U>nonU (rlv to unemployed) [40- 65]    0.000000000000000

-------TRANSITION Worker to entrepreneur / ABILITY--------
very low	 middle 	 very high
                 nan	                 nan	                 nan	
-------TRANSITION Entrepreneur to Worker / ABILITY--------
very low 	 middle 	 very high
                 nan	                 nan	                 nan	
--------- TRANSITION MATRIX BTW CLASSES ------
  	  U     	 W     	 E 
U 	 1.0000 	 0.0000 	 0.0000 
W 	 nan 	 nan 	 nan 
E 	 nan 	 nan 	 nan 
---------------
--------- WEALTH DISTRIBUTION STATISTICS ------
Top 0.1 [22]    1.000000000000000
Top 1 [41.8]    1.000000000000000
Top 5 [?]    1.000000000000000
Top 10 [77.2]    1.000000000000000
Top 20 [?]    1.000000000000000
Bot 20 [?]    0.000000000000000
Bot 40 [?]    0.000000000000000
Bot 60 [?]    0.000000000000000
Bot 80 [?]    0.000000000000000
mworthVE    0.000000000000000
mworthWW    0.000000000000000
mworthUS    0.000000000000000
mworthUL    0.000000000000000
---------------
--------- PRODUCTION & CAPITAL -----
CapitalVE    0.000000000000000
ProductionVE    0.000000000000000
Totalcapital    0.000000004313655
Totallabor    0.000000000000000
Corproduction    0.000000000000000
Corcapital    0.000000004313655
Totalproduction    0.000000000000000
CapitalVE/Totalcapital    0.000000000000000
---------------
--------- TAXATION -----
Corporate revenu    0.000000000000000
Expenditure    0.005000000000000
Revenue Basis    0.000000000000000
Optimal tax                  inf
-------MASS--------
WW    0.000000000000000 
U    0.999999999999997 
VE    0.000000000000000 
R:    0.034064073750136,	 W:    1.361599090135775,	 K:    6.062189769964477	, L:    0.744528850578538, 	 TAX:                  inf

-------EQUILIBRIUM PRICES AND AGGREGATE--------
r    0.034064073750136 
w    1.361599090135775 
u    0.035663428260185 
-------MOMENTS GENERATED & STATISTICS--------
Ratio KY [3.04]                  nan
Ratio mworthVE/mworthWW                  nan
Fraction E [7.55]    0.419620126958090
(UL:    0.020985402556544, US:    0.014678025703641) Unemploy. rate [4- 6]    0.035663428260185
Fraction of nonE>E (rlv to whole pop) [0.39]    0.020980988637369
Fraction of U>E (rlv to new entrant) [20]    0.053500800099609
Worker exit rate (rlv to workers) [3-6.5]    0.063397034863242
Nshare (US)    0.000000000000000, 	 Nshare(UL):    0.000000000000000, 	 Nshare [0.1]:    0.000000000000000
(U>E/pop>E) [0.2]    0.053500800099609
Wealth Gini [0.84]                  nan
Earning Gini [0.36]    0.580718756810291
Top 1 [41.8]                  nan
Zero wealth fraction [7- 13]    0.999999999999998
Fraction U>nonU (rlv to unemployed) [40- 65]    1.015824308104879

-------TRANSITION Worker to entrepreneur / ABILITY--------
very low	 middle 	 very high
   0.036327039080013	   0.036468922774945	   0.036560480008534	
-------TRANSITION Entrepreneur to Worker / ABILITY--------
very low 	 middle 	 very high
   0.000000000000000	   0.000000000000000	   0.000000000000000	
--------- TRANSITION MATRIX BTW CLASSES ------
  	  U     	 W     	 E 
U 	 -0.0158 	 0.9843 	 0.0315 
W 	 0.0269 	 0.9366 	 0.0365 
E 	 0.0500 	 0.0000 	 0.9500 
---------------
--------- WEALTH DISTRIBUTION STATISTICS ------
Top 0.1 [22]                  nan
Top 1 [41.8]                  nan
Top 5 [?]                  nan
Top 10 [77.2]                  nan
Top 20 [?]                  nan
Bot 20 [?]                  nan
Bot 40 [?]                  nan
Bot 60 [?]                  nan
Bot 80 [?]                  nan
mworthVE    0.000000000000000
mworthWW    0.000000000000000
mworthUS    0.000000000000000
mworthUL    0.000000000000000
---------------
--------- PRODUCTION & CAPITAL -----
CapitalVE    0.000000000000000
ProductionVE    0.000000000000000
Totalcapital    0.000000000000000
Totallabor    0.886200784710857
Corproduction    0.000000000000000
Corcapital    0.000000000000000
Totalproduction    0.000000000000000
CapitalVE/Totalcapital                  nan
---------------
--------- TAXATION -----
Corporate revenu    0.000000000000000
Expenditure    0.016880363026067
Revenue Basis    1.206650182139913
Optimal tax    0.013989442239283
-------MASS--------
WW    0.544716444781722 
U    0.035663428260185 
VE    0.419620126958090 
R:    0.039554797143385,	 W:    1.318834039234110,	 K:    5.759080281466253	, L:    0.772863237405002, 	 TAX:                  inf

-------EQUILIBRIUM PRICES AND AGGREGATE--------
r    0.039554797143385 
w    1.318834039234110 
u    0.035663428260185 
-------MOMENTS GENERATED & STATISTICS--------
Ratio KY [3.04]                  nan
Ratio mworthVE/mworthWW                  nan
Fraction E [7.55]    0.419620126958090
(UL:    0.020985402556544, US:    0.014678025703641) Unemploy. rate [4- 6]    0.035663428260185
Fraction of nonE>E (rlv to whole pop) [0.39]    0.020980988637369
Fraction of U>E (rlv to new entrant) [20]    0.053500800099609
Worker exit rate (rlv to workers) [3-6.5]    0.063397034863242
Nshare (US)    0.000000000000000, 	 Nshare(UL):    0.000000000000000, 	 Nshare [0.1]:    0.000000000000000
(U>E/pop>E) [0.2]    0.053500800099609
Wealth Gini [0.84]                  nan
Earning Gini [0.36]    0.580718756810291
Top 1 [41.8]                  nan
Zero wealth fraction [7- 13]    0.999999999999998
Fraction U>nonU (rlv to unemployed) [40- 65]    1.015824308104881

-------TRANSITION Worker to entrepreneur / ABILITY--------
very low	 middle 	 very high
   0.036327039080013	   0.036468922774945	   0.036560480008534	
-------TRANSITION Entrepreneur to Worker / ABILITY--------
very low 	 middle 	 very high
   0.000000000000000	   0.000000000000000	   0.000000000000000	
--------- TRANSITION MATRIX BTW CLASSES ------
  	  U     	 W     	 E 
U 	 -0.0158 	 0.9843 	 0.0315 
W 	 0.0269 	 0.9366 	 0.0365 
E 	 0.0500 	 0.0000 	 0.9500 
---------------
--------- WEALTH DISTRIBUTION STATISTICS ------
Top 0.1 [22]                  nan
Top 1 [41.8]                  nan
Top 5 [?]                  nan
Top 10 [77.2]                  nan
Top 20 [?]                  nan
Bot 20 [?]                  nan
Bot 40 [?]                  nan
Bot 60 [?]                  nan
Bot 80 [?]                  nan
mworthVE    0.000000000000000
mworthWW    0.000000000000000
mworthUS    0.000000000000000
mworthUL    0.000000000000000
---------------
--------- PRODUCTION & CAPITAL -----
CapitalVE    0.000000000000000
ProductionVE    0.000000000000000
Totalcapital    0.000000000000000
Totallabor    0.886200784710857
Corproduction    0.000000000000000
Corcapital    0.000000000000000
Totalproduction    0.000000000000000
CapitalVE/Totalcapital                  nan
---------------
--------- TAXATION -----
Corporate revenu    0.000000000000000
Expenditure    0.016353480788701
Revenue Basis    1.168751760472657
Optimal tax    0.013992261951407
-------MASS--------
WW    0.544716444781722 
U    0.035663428260185 
VE    0.419620126958090 
R:    0.044798206201293,	 W:    1.281300780183582,	 K:    5.471126267392940	, L:    0.795530746866173, 	 TAX:                  inf

-------EQUILIBRIUM PRICES AND AGGREGATE--------
r    0.044798206201293 
w    1.281300780183582 
u    0.035663428260185 
-------MOMENTS GENERATED & STATISTICS--------
Ratio KY [3.04]                  nan
Ratio mworthVE/mworthWW                  nan
Fraction E [7.55]    0.419620126958090
(UL:    0.020985402556544, US:    0.014678025703641) Unemploy. rate [4- 6]    0.035663428260185
Fraction of nonE>E (rlv to whole pop) [0.39]    0.020980988637369
Fraction of U>E (rlv to new entrant) [20]    0.053500800099609
Worker exit rate (rlv to workers) [3-6.5]    0.063397034863242
Nshare (US)    0.000000000000000, 	 Nshare(UL):    0.000000000000000, 	 Nshare [0.1]:    0.000000000000000
(U>E/pop>E) [0.2]    0.053500800099609
Wealth Gini [0.84]                  nan
Earning Gini [0.36]    0.580718756810291
Top 1 [41.8]                  nan
Zero wealth fraction [7- 13]    0.999999999999998
Fraction U>nonU (rlv to unemployed) [40- 65]    1.015824308104883

-------TRANSITION Worker to entrepreneur / ABILITY--------
very low	 middle 	 very high
   0.036327039080013	   0.036468922774945	   0.036560480008534	
-------TRANSITION Entrepreneur to Worker / ABILITY--------
very low 	 middle 	 very high
   0.000000000000000	   0.000000000000000	   0.000000000000000	
--------- TRANSITION MATRIX BTW CLASSES ------
  	  U     	 W     	 E 
U 	 -0.0158 	 0.9843 	 0.0315 
W 	 0.0269 	 0.9366 	 0.0365 
E 	 0.0500 	 0.0000 	 0.9500 
---------------
--------- WEALTH DISTRIBUTION STATISTICS ------
Top 0.1 [22]                  nan
Top 1 [41.8]                  nan
Top 5 [?]                  nan
Top 10 [77.2]                  nan
Top 20 [?]                  nan
Bot 20 [?]                  nan
Bot 40 [?]                  nan
Bot 60 [?]                  nan
Bot 80 [?]                  nan
mworthVE    0.000000000000000
mworthWW    0.000000000000000
mworthUS    0.000000000000000
mworthUL    0.000000000000000
---------------
--------- PRODUCTION & CAPITAL -----
CapitalVE    0.000000000000000
ProductionVE    0.000000000000000
Totalcapital    0.000000000000000
Totallabor    0.886200784710857
Corproduction    0.000000000000000
Corcapital    0.000000000000000
Totalproduction    0.000000000000000
CapitalVE/Totalcapital                  nan
---------------
--------- TAXATION -----
Corporate revenu    0.000000000000000
Expenditure    0.015891056283475
Revenue Basis    1.135489756849324
Optimal tax    0.013994891796795
-------MASS--------
WW    0.544716444781722 
U    0.035663428260185 
VE    0.419620126958090 
R:    0.049869058694048,	 W:    1.247692935466379,	 K:    5.197569954023293	, L:    0.813664754435110, 	 TAX:                  inf

-------EQUILIBRIUM PRICES AND AGGREGATE--------
r    0.049869058694048 
w    1.247692935466379 
u    0.035663428260185 
-------MOMENTS GENERATED & STATISTICS--------
Ratio KY [3.04]                  nan
Ratio mworthVE/mworthWW                  nan
Fraction E [7.55]    0.419620126958090
(UL:    0.020985402556544, US:    0.014678025703641) Unemploy. rate [4- 6]    0.035663428260185
Fraction of nonE>E (rlv to whole pop) [0.39]    0.020980988637369
Fraction of U>E (rlv to new entrant) [20]    0.053500800099608
Worker exit rate (rlv to workers) [3-6.5]    0.063397034863242
Nshare (US)    0.000000000000000, 	 Nshare(UL):    0.000000000000000, 	 Nshare [0.1]:    0.000000000000000
(U>E/pop>E) [0.2]    0.053500800099608
Wealth Gini [0.84]                  nan
Earning Gini [0.36]    0.580718756810291
Top 1 [41.8]                  nan
Zero wealth fraction [7- 13]    0.999999999999998
Fraction U>nonU (rlv to unemployed) [40- 65]    1.015824308104885

-------TRANSITION Worker to entrepreneur / ABILITY--------
very low	 middle 	 very high
   0.036327039080013	   0.036468922774945	   0.036560480008534	
-------TRANSITION Entrepreneur to Worker / ABILITY--------
very low 	 middle 	 very high
   0.000000000000000	   0.000000000000000	   0.000000000000000	
--------- TRANSITION MATRIX BTW CLASSES ------
  	  U     	 W     	 E 
U 	 -0.0158 	 0.9843 	 0.0315 
W 	 0.0269 	 0.9366 	 0.0365 
E 	 0.0500 	 0.0000 	 0.9500 
---------------
--------- WEALTH DISTRIBUTION STATISTICS ------
Top 0.1 [22]                  nan
Top 1 [41.8]                  nan
Top 5 [?]                  nan
Top 10 [77.2]                  nan
Top 20 [?]                  nan
Bot 20 [?]                  nan
Bot 40 [?]                  nan
Bot 60 [?]                  nan
Bot 80 [?]                  nan
mworthVE    0.000000000000000
mworthWW    0.000000000000000
mworthUS    0.000000000000000
mworthUL    0.000000000000000
---------------
--------- PRODUCTION & CAPITAL -----
CapitalVE    0.000000000000000
ProductionVE    0.000000000000000
Totalcapital    0.000000000000000
Totallabor    0.886200784710857
Corproduction    0.000000000000000
Corcapital    0.000000000000000
Totalproduction    0.000000000000000
CapitalVE/Totalcapital                  nan
---------------
--------- TAXATION -----
Corporate revenu    0.000000000000000
Expenditure    0.015476994425853
Revenue Basis    1.105706458488498
Optimal tax    0.013997380866356
-------MASS--------
WW    0.544716444781722 
U    0.035663428260185 
VE    0.419620126958090 
R:    0.054827076575599,	 W:    1.217097043203208,	 K:    4.937691456322128	, L:    0.828171960490259, 	 TAX:                  inf

-------EQUILIBRIUM PRICES AND AGGREGATE--------
r    0.054827076575599 
w    1.217097043203208 
u    0.035663428260185 
-------MOMENTS GENERATED & STATISTICS--------
Ratio KY [3.04]                  nan
Ratio mworthVE/mworthWW                  nan
Fraction E [7.55]    0.419620126958091
(UL:    0.020985402556544, US:    0.014678025703641) Unemploy. rate [4- 6]    0.035663428260185
Fraction of nonE>E (rlv to whole pop) [0.39]    0.020980988637369
Fraction of U>E (rlv to new entrant) [20]    0.053500800099608
Worker exit rate (rlv to workers) [3-6.5]    0.063397034863242
Nshare (US)    0.000000000000000, 	 Nshare(UL):    0.000000000000000, 	 Nshare [0.1]:    0.000000000000000
(U>E/pop>E) [0.2]    0.053500800099608
Wealth Gini [0.84]                  nan
Earning Gini [0.36]    0.580718756810290
Top 1 [41.8]                  nan
Zero wealth fraction [7- 13]    0.999999999999999
Fraction U>nonU (rlv to unemployed) [40- 65]    1.015824308104886

-------TRANSITION Worker to entrepreneur / ABILITY--------
very low	 middle 	 very high
   0.036327039080013	   0.036468922774945	   0.036560480008535	
-------TRANSITION Entrepreneur to Worker / ABILITY--------
very low 	 middle 	 very high
   0.000000000000000	   0.000000000000000	   0.000000000000000	
--------- TRANSITION MATRIX BTW CLASSES ------
  	  U     	 W     	 E 
U 	 -0.0158 	 0.9843 	 0.0315 
W 	 0.0269 	 0.9366 	 0.0365 
E 	 0.0500 	 0.0000 	 0.9500 
---------------
--------- WEALTH DISTRIBUTION STATISTICS ------
Top 0.1 [22]                  nan
Top 1 [41.8]                  nan
Top 5 [?]                  nan
Top 10 [77.2]                  nan
Top 20 [?]                  nan
Bot 20 [?]                  nan
Bot 40 [?]                  nan
Bot 60 [?]                  nan
Bot 80 [?]                  nan
mworthVE    0.000000000000000
mworthWW    0.000000000000000
mworthUS    0.000000000000000
mworthUL    0.000000000000000
---------------
--------- PRODUCTION & CAPITAL -----
CapitalVE    0.000000000000000
ProductionVE    0.000000000000000
Totalcapital    0.000000000000000
Totallabor    0.886200784710858
Corproduction    0.000000000000000
Corcapital    0.000000000000000
Totalproduction    0.000000000000000
CapitalVE/Totalcapital                  nan
---------------
--------- TAXATION -----
Corporate revenu    0.000000000000000
Expenditure    0.015100041006415
Revenue Basis    1.078592354755948
Optimal tax    0.013999766399079
-------MASS--------
WW    0.544716444781723 
U    0.035663428260185 
VE    0.419620126958091 
R:    0.059720700972623,	 W:    1.188857842373437,	 K:    4.690806883506021	, L:    0.839777725334379, 	 TAX:                  inf

-------EQUILIBRIUM PRICES AND AGGREGATE--------
r    0.059720700972623 
w    1.188857842373437 
u    0.035663428260185 
-------MOMENTS GENERATED & STATISTICS--------
Ratio KY [3.04]                  nan
Ratio mworthVE/mworthWW                  nan
Fraction E [7.55]    0.419620126958090
(UL:    0.020985402556544, US:    0.014678025703641) Unemploy. rate [4- 6]    0.035663428260185
Fraction of nonE>E (rlv to whole pop) [0.39]    0.020980988637369
Fraction of U>E (rlv to new entrant) [20]    0.053500800099608
Worker exit rate (rlv to workers) [3-6.5]    0.063397034863242
Nshare (US)    0.000000000000000, 	 Nshare(UL):    0.000000000000000, 	 Nshare [0.1]:    0.000000000000000
(U>E/pop>E) [0.2]    0.053500800099608
Wealth Gini [0.84]                  nan
Earning Gini [0.36]    0.580718756810291
Top 1 [41.8]                  nan
Zero wealth fraction [7- 13]    0.999999999999998
Fraction U>nonU (rlv to unemployed) [40- 65]    1.015824308104887

-------TRANSITION Worker to entrepreneur / ABILITY--------
very low	 middle 	 very high
   0.036327039080013	   0.036468922774945	   0.036560480008535	
-------TRANSITION Entrepreneur to Worker / ABILITY--------
very low 	 middle 	 very high
   0.000000000000000	   0.000000000000000	   0.000000000000000	
--------- TRANSITION MATRIX BTW CLASSES ------
  	  U     	 W     	 E 
U 	 -0.0158 	 0.9843 	 0.0315 
W 	 0.0269 	 0.9366 	 0.0365 
E 	 0.0500 	 0.0000 	 0.9500 
---------------
--------- WEALTH DISTRIBUTION STATISTICS ------
Top 0.1 [22]                  nan
Top 1 [41.8]                  nan
Top 5 [?]                  nan
Top 10 [77.2]                  nan
Top 20 [?]                  nan
Bot 20 [?]                  nan
Bot 40 [?]                  nan
Bot 60 [?]                  nan
Bot 80 [?]                  nan
mworthVE    0.000000000000000
mworthWW    0.000000000000000
mworthUS    0.000000000000000
mworthUL    0.000000000000000
---------------
--------- PRODUCTION & CAPITAL -----
CapitalVE    0.000000000000000
ProductionVE    0.000000000000000
Totalcapital    0.000000000000000
Totallabor    0.886200784710857
Corproduction    0.000000000000000
Corcapital    0.000000000000000
Totalproduction    0.000000000000000
CapitalVE/Totalcapital                  nan
---------------
--------- TAXATION -----
Corporate revenu    0.000000000000000
Expenditure    0.014752122951815
Revenue Basis    1.053566752820996
Optimal tax    0.014002077146336
-------MASS--------
WW    0.544716444781722 
U    0.035663428260185 
VE    0.419620126958090 
R:    0.064589742469743,	 W:    1.162495669095863,	 K:    4.456266539330720	, L:    0.849062337209675, 	 TAX:                  inf

-------EQUILIBRIUM PRICES AND AGGREGATE--------
r    0.064589742469743 
w    1.162495669095863 
u    0.035663428260185 
-------MOMENTS GENERATED & STATISTICS--------
Ratio KY [3.04]                  nan
Ratio mworthVE/mworthWW                  nan
Fraction E [7.55]    0.419620126958090
(UL:    0.020985402556544, US:    0.014678025703641) Unemploy. rate [4- 6]    0.035663428260185
Fraction of nonE>E (rlv to whole pop) [0.39]    0.020980988637369
Fraction of U>E (rlv to new entrant) [20]    0.053500800099608
Worker exit rate (rlv to workers) [3-6.5]    0.063397034863242
Nshare (US)    0.000000000000000, 	 Nshare(UL):    0.000000000000000, 	 Nshare [0.1]:    0.000000000000000
(U>E/pop>E) [0.2]    0.053500800099608
Wealth Gini [0.84]                  nan
Earning Gini [0.36]    0.580718756810291
Top 1 [41.8]                  nan
Zero wealth fraction [7- 13]    0.999999999999998
Fraction U>nonU (rlv to unemployed) [40- 65]    1.015824308104887

-------TRANSITION Worker to entrepreneur / ABILITY--------
very low	 middle 	 very high
   0.036327039080013	   0.036468922774945	   0.036560480008535	
-------TRANSITION Entrepreneur to Worker / ABILITY--------
very low 	 middle 	 very high
   0.000000000000000	   0.000000000000000	   0.000000000000000	
--------- TRANSITION MATRIX BTW CLASSES ------
  	  U     	 W     	 E 
U 	 -0.0158 	 0.9843 	 0.0315 
W 	 0.0269 	 0.9366 	 0.0365 
E 	 0.0500 	 0.0000 	 0.9500 
---------------
--------- WEALTH DISTRIBUTION STATISTICS ------
Top 0.1 [22]                  nan
Top 1 [41.8]                  nan
Top 5 [?]                  nan
Top 10 [77.2]                  nan
Top 20 [?]                  nan
Bot 20 [?]                  nan
Bot 40 [?]                  nan
Bot 60 [?]                  nan
Bot 80 [?]                  nan
mworthVE    0.000000000000000
mworthWW    0.000000000000000
mworthUS    0.000000000000000
mworthUL    0.000000000000000
---------------
--------- PRODUCTION & CAPITAL -----
CapitalVE    0.000000000000000
ProductionVE    0.000000000000000
Totalcapital    0.000000000000000
Totallabor    0.886200784710857
Corproduction    0.000000000000000
Corcapital    0.000000000000000
Totalproduction    0.000000000000000
CapitalVE/Totalcapital                  nan
---------------
--------- TAXATION -----
Corporate revenu    0.000000000000000
Expenditure    0.014427330614487
Revenue Basis    1.030204574175727
Optimal tax    0.014004335620457
-------MASS--------
WW    0.544716444781722 
U    0.035663428260185 
VE    0.419620126958090 
R:    0.069467311659368,	 W:    1.137653631497090,	 K:    4.233453212364184	, L:    0.856490026709911, 	 TAX:                  inf

-------EQUILIBRIUM PRICES AND AGGREGATE--------
r    0.069467311659368 
w    1.137653631497090 
u    0.035663428260185 
-------MOMENTS GENERATED & STATISTICS--------
Ratio KY [3.04]                  nan
Ratio mworthVE/mworthWW                  nan
Fraction E [7.55]    0.419620126958090
(UL:    0.020985402556544, US:    0.014678025703641) Unemploy. rate [4- 6]    0.035663428260185
Fraction of nonE>E (rlv to whole pop) [0.39]    0.020980988637369
Fraction of U>E (rlv to new entrant) [20]    0.053500800099608
Worker exit rate (rlv to workers) [3-6.5]    0.063397034863242
Nshare (US)    0.000000000000000, 	 Nshare(UL):    0.000000000000000, 	 Nshare [0.1]:    0.000000000000000
(U>E/pop>E) [0.2]    0.053500800099608
Wealth Gini [0.84]                  nan
Earning Gini [0.36]    0.580718756810291
Top 1 [41.8]                  nan
Zero wealth fraction [7- 13]    0.999999999999998
Fraction U>nonU (rlv to unemployed) [40- 65]    1.015824308104888

-------TRANSITION Worker to entrepreneur / ABILITY--------
very low	 middle 	 very high
   0.036327039080013	   0.036468922774945	   0.036560480008535	
-------TRANSITION Entrepreneur to Worker / ABILITY--------
very low 	 middle 	 very high
   0.000000000000000	   0.000000000000000	   0.000000000000000	
--------- TRANSITION MATRIX BTW CLASSES ------
  	  U     	 W     	 E 
U 	 -0.0158 	 0.9843 	 0.0315 
W 	 0.0269 	 0.9366 	 0.0365 
E 	 0.0500 	 0.0000 	 0.9500 
---------------
--------- WEALTH DISTRIBUTION STATISTICS ------
Top 0.1 [22]                  nan
Top 1 [41.8]                  nan
Top 5 [?]                  nan
Top 10 [77.2]                  nan
Top 20 [?]                  nan
Bot 20 [?]                  nan
Bot 40 [?]                  nan
Bot 60 [?]                  nan
Bot 80 [?]                  nan
mworthVE    0.000000000000000
mworthWW    0.000000000000000
mworthUS    0.000000000000000
mworthUL    0.000000000000000
---------------
--------- PRODUCTION & CAPITAL -----
CapitalVE    0.000000000000000
ProductionVE    0.000000000000000
Totalcapital    0.000000000000000
Totallabor    0.886200784710857
Corproduction    0.000000000000000
Corcapital    0.000000000000000
Totalproduction    0.000000000000000
CapitalVE/Totalcapital                  nan
---------------
--------- TAXATION -----
Corporate revenu    0.000000000000000
Expenditure    0.014121266946262
Revenue Basis    1.008189540961877
Optimal tax    0.014006559652255
-------MASS--------
WW    0.544716444781722 
U    0.035663428260185 
VE    0.419620126958090 
R:    0.074381261460745,	 W:    1.114062624190540,	 K:    4.021780551745975	, L:    0.862432178310100, 	 TAX:                  inf

-------EQUILIBRIUM PRICES AND AGGREGATE--------
r    0.074381261460745 
w    1.114062624190540 
u    0.035663428260185 
-------MOMENTS GENERATED & STATISTICS--------
Ratio KY [3.04]                  nan
Ratio mworthVE/mworthWW                  nan
Fraction E [7.55]    0.419620126958091
(UL:    0.020985402556544, US:    0.014678025703641) Unemploy. rate [4- 6]    0.035663428260185
Fraction of nonE>E (rlv to whole pop) [0.39]    0.020980988637369
Fraction of U>E (rlv to new entrant) [20]    0.053500800099608
Worker exit rate (rlv to workers) [3-6.5]    0.063397034863242
Nshare (US)    0.000000000000000, 	 Nshare(UL):    0.000000000000000, 	 Nshare [0.1]:    0.000000000000000
(U>E/pop>E) [0.2]    0.053500800099608
Wealth Gini [0.84]                  nan
Earning Gini [0.36]    0.580718756810291
Top 1 [41.8]                  nan
Zero wealth fraction [7- 13]    0.999999999999998
Fraction U>nonU (rlv to unemployed) [40- 65]    1.015824308104888

-------TRANSITION Worker to entrepreneur / ABILITY--------
very low	 middle 	 very high
   0.036327039080013	   0.036468922774945	   0.036560480008535	
-------TRANSITION Entrepreneur to Worker / ABILITY--------
very low 	 middle 	 very high
   0.000000000000000	   0.000000000000000	   0.000000000000000	
--------- TRANSITION MATRIX BTW CLASSES ------
  	  U     	 W     	 E 
U 	 -0.0158 	 0.9843 	 0.0315 
W 	 0.0269 	 0.9366 	 0.0365 
E 	 0.0500 	 0.0000 	 0.9500 
---------------
--------- WEALTH DISTRIBUTION STATISTICS ------
Top 0.1 [22]                  nan
Top 1 [41.8]                  nan
Top 5 [?]                  nan
Top 10 [77.2]                  nan
Top 20 [?]                  nan
Bot 20 [?]                  nan
Bot 40 [?]                  nan
Bot 60 [?]                  nan
Bot 80 [?]                  nan
mworthVE    0.000000000000000
mworthWW    0.000000000000000
mworthUS    0.000000000000000
mworthUL    0.000000000000000
---------------
--------- PRODUCTION & CAPITAL -----
CapitalVE    0.000000000000000
ProductionVE    0.000000000000000
Totalcapital    0.000000000000000
Totallabor    0.886200784710857
Corproduction    0.000000000000000
Corcapital    0.000000000000000
Totalproduction    0.000000000000000
CapitalVE/Totalcapital                  nan
---------------
--------- TAXATION -----
Corporate revenu    0.000000000000000
Expenditure    0.013830616462998
Revenue Basis    0.987283171774693
Optimal tax    0.014008763502103
-------MASS--------
WW    0.544716444781722 
U    0.035663428260185 
VE    0.419620126958091 
R:    0.079355286883235,	 W:    1.091517467796167,	 K:    3.820691524158676	, L:    0.867185899590252, 	 TAX:                  inf

-------EQUILIBRIUM PRICES AND AGGREGATE--------
r    0.079355286883235 
w    1.091517467796167 
u    0.035663428260185 
-------MOMENTS GENERATED & STATISTICS--------
Ratio KY [3.04]                  nan
Ratio mworthVE/mworthWW                  nan
Fraction E [7.55]    0.419620126958091
(UL:    0.020985402556544, US:    0.014678025703641) Unemploy. rate [4- 6]    0.035663428260185
Fraction of nonE>E (rlv to whole pop) [0.39]    0.020980988637369
Fraction of U>E (rlv to new entrant) [20]    0.053500800099608
Worker exit rate (rlv to workers) [3-6.5]    0.063397034863242
Nshare (US)    0.000000000000000, 	 Nshare(UL):    0.000000000000000, 	 Nshare [0.1]:    0.000000000000000
(U>E/pop>E) [0.2]    0.053500800099608
Wealth Gini [0.84]                  nan
Earning Gini [0.36]    0.580718756810291
Top 1 [41.8]                  nan
Zero wealth fraction [7- 13]    0.999999999999998
Fraction U>nonU (rlv to unemployed) [40- 65]    1.015824308104888

-------TRANSITION Worker to entrepreneur / ABILITY--------
very low	 middle 	 very high
   0.036327039080013	   0.036468922774945	   0.036560480008535	
-------TRANSITION Entrepreneur to Worker / ABILITY--------
very low 	 middle 	 very high
   0.000000000000000	   0.000000000000000	   0.000000000000000	
--------- TRANSITION MATRIX BTW CLASSES ------
  	  U     	 W     	 E 
U 	 -0.0158 	 0.9843 	 0.0315 
W 	 0.0269 	 0.9366 	 0.0365 
E 	 0.0500 	 0.0000 	 0.9500 
---------------
--------- WEALTH DISTRIBUTION STATISTICS ------
Top 0.1 [22]                  nan
Top 1 [41.8]                  nan
Top 5 [?]                  nan
Top 10 [77.2]                  nan
Top 20 [?]                  nan
Bot 20 [?]                  nan
Bot 40 [?]                  nan
Bot 60 [?]                  nan
Bot 80 [?]                  nan
mworthVE    0.000000000000000
mworthWW    0.000000000000000
mworthUS    0.000000000000000
mworthUL    0.000000000000000
---------------
--------- PRODUCTION & CAPITAL -----
CapitalVE    0.000000000000000
ProductionVE    0.000000000000000
Totalcapital    0.000000000000000
Totallabor    0.886200784710857
Corproduction    0.000000000000000
Corcapital    0.000000000000000
Totalproduction    0.000000000000000
CapitalVE/Totalcapital                  nan
---------------
--------- TAXATION -----
Corporate revenu    0.000000000000000
Expenditure    0.013552851274079
Revenue Basis    0.967303636486570
Optimal tax    0.014010958671990
-------MASS--------
WW    0.544716444781722 
U    0.035663428260185 
VE    0.419620126958091 
R:    0.084409777542002,	 W:    1.069860229969220,	 K:    3.629656947950742	, L:    0.870988876614373, 	 TAX:                  inf

-------EQUILIBRIUM PRICES AND AGGREGATE--------
r    0.084409777542002 
w    1.069860229969220 
u    0.035663428260185 
-------MOMENTS GENERATED & STATISTICS--------
Ratio KY [3.04]                  nan
Ratio mworthVE/mworthWW                  nan
Fraction E [7.55]    0.419620126958091
(UL:    0.020985402556544, US:    0.014678025703641) Unemploy. rate [4- 6]    0.035663428260185
Fraction of nonE>E (rlv to whole pop) [0.39]    0.020980988637369
Fraction of U>E (rlv to new entrant) [20]    0.053500800099608
Worker exit rate (rlv to workers) [3-6.5]    0.063397034863242
Nshare (US)    0.000000000000000, 	 Nshare(UL):    0.000000000000000, 	 Nshare [0.1]:    0.000000000000000
(U>E/pop>E) [0.2]    0.053500800099608
Wealth Gini [0.84]                  nan
Earning Gini [0.36]    0.580718756810291
Top 1 [41.8]                  nan
Zero wealth fraction [7- 13]    0.999999999999998
Fraction U>nonU (rlv to unemployed) [40- 65]    1.015824308104888

-------TRANSITION Worker to entrepreneur / ABILITY--------
very low	 middle 	 very high
   0.036327039080013	   0.036468922774945	   0.036560480008535	
-------TRANSITION Entrepreneur to Worker / ABILITY--------
very low 	 middle 	 very high
   0.000000000000000	   0.000000000000000	   0.000000000000000	
--------- TRANSITION MATRIX BTW CLASSES ------
  	  U     	 W     	 E 
U 	 -0.0158 	 0.9843 	 0.0315 
W 	 0.0269 	 0.9366 	 0.0365 
E 	 0.0500 	 0.0000 	 0.9500 
---------------
--------- WEALTH DISTRIBUTION STATISTICS ------
Top 0.1 [22]                  nan
Top 1 [41.8]                  nan
Top 5 [?]                  nan
Top 10 [77.2]                  nan
Top 20 [?]                  nan
Bot 20 [?]                  nan
Bot 40 [?]                  nan
Bot 60 [?]                  nan
Bot 80 [?]                  nan
mworthVE    0.000000000000000
mworthWW    0.000000000000000
mworthUS    0.000000000000000
mworthUL    0.000000000000000
---------------
--------- PRODUCTION & CAPITAL -----
CapitalVE    0.000000000000000
ProductionVE    0.000000000000000
Totalcapital    0.000000000000000
Totallabor    0.886200784710858
Corproduction    0.000000000000000
Corcapital    0.000000000000000
Totalproduction    0.000000000000000
CapitalVE/Totalcapital                  nan
---------------
--------- TAXATION -----
Corporate revenu    0.000000000000000
Expenditure    0.013286025590938
Revenue Basis    0.948110975329661
Optimal tax    0.014013154511072
-------MASS--------
WW    0.544716444781723 
U    0.035663428260185 
VE    0.419620126958091 
R:    0.089562487428172,	 W:    1.048968323029952,	 K:    3.448174100553205	, L:    0.874031258233670, 	 TAX:                  inf

-------EQUILIBRIUM PRICES AND AGGREGATE--------
r    0.089562487428172 
w    1.048968323029952 
u    0.035663428260185 
-------MOMENTS GENERATED & STATISTICS--------
Ratio KY [3.04]                  nan
Ratio mworthVE/mworthWW                  nan
Fraction E [7.55]    0.419620126958091
(UL:    0.020985402556544, US:    0.014678025703641) Unemploy. rate [4- 6]    0.035663428260185
Fraction of nonE>E (rlv to whole pop) [0.39]    0.020980988637369
Fraction of U>E (rlv to new entrant) [20]    0.053500800099608
Worker exit rate (rlv to workers) [3-6.5]    0.063397034863242
Nshare (US)    0.000000000000000, 	 Nshare(UL):    0.000000000000000, 	 Nshare [0.1]:    0.000000000000000
(U>E/pop>E) [0.2]    0.053500800099608
Wealth Gini [0.84]                  nan
Earning Gini [0.36]    0.580718756810291
Top 1 [41.8]                  nan
Zero wealth fraction [7- 13]    0.999999999999998
Fraction U>nonU (rlv to unemployed) [40- 65]    1.015824308104888

-------TRANSITION Worker to entrepreneur / ABILITY--------
very low	 middle 	 very high
   0.036327039080013	   0.036468922774945	   0.036560480008535	
-------TRANSITION Entrepreneur to Worker / ABILITY--------
very low 	 middle 	 very high
   0.000000000000000	   0.000000000000000	   0.000000000000000	
--------- TRANSITION MATRIX BTW CLASSES ------
  	  U     	 W     	 E 
U 	 -0.0158 	 0.9843 	 0.0315 
W 	 0.0269 	 0.9366 	 0.0365 
E 	 0.0500 	 0.0000 	 0.9500 
---------------
--------- WEALTH DISTRIBUTION STATISTICS ------
Top 0.1 [22]                  nan
Top 1 [41.8]                  nan
Top 5 [?]                  nan
Top 10 [77.2]                  nan
Top 20 [?]                  nan
Bot 20 [?]                  nan
Bot 40 [?]                  nan
Bot 60 [?]                  nan
Bot 80 [?]                  nan
mworthVE    0.000000000000000
mworthWW    0.000000000000000
mworthUS    0.000000000000000
mworthUL    0.000000000000000
---------------
--------- PRODUCTION & CAPITAL -----
CapitalVE    0.000000000000000
ProductionVE    0.000000000000000
Totalcapital    0.000000000000000
Totallabor    0.886200784710857
Corproduction    0.000000000000000
Corcapital    0.000000000000000
Totalproduction    0.000000000000000
CapitalVE/Totalcapital                  nan
---------------
--------- TAXATION -----
Corporate revenu    0.000000000000000
Expenditure    0.013028629085172
Revenue Basis    0.929596551005975
Optimal tax    0.014015358674763
-------MASS--------
WW    0.544716444781722 
U    0.035663428260185 
VE    0.419620126958091 
R:    0.094829066897731,	 W:    1.028745862194217,	 K:    3.275765395525544	, L:    0.876465163529107, 	 TAX:                  inf

-------EQUILIBRIUM PRICES AND AGGREGATE--------
r    0.094829066897731 
w    1.028745862194217 
u    0.035663428260185 
-------MOMENTS GENERATED & STATISTICS--------
Ratio KY [3.04]                  nan
Ratio mworthVE/mworthWW                  nan
Fraction E [7.55]    0.419620126958091
(UL:    0.020985402556544, US:    0.014678025703641) Unemploy. rate [4- 6]    0.035663428260185
Fraction of nonE>E (rlv to whole pop) [0.39]    0.020980988637369
Fraction of U>E (rlv to new entrant) [20]    0.053500800099608
Worker exit rate (rlv to workers) [3-6.5]    0.063397034863242
Nshare (US)    0.000000000000000, 	 Nshare(UL):    0.000000000000000, 	 Nshare [0.1]:    0.000000000000000
(U>E/pop>E) [0.2]    0.053500800099608
Wealth Gini [0.84]                  nan
Earning Gini [0.36]    0.580718756810291
Top 1 [41.8]                  nan
Zero wealth fraction [7- 13]    0.999999999999998
Fraction U>nonU (rlv to unemployed) [40- 65]    1.015824308104888

-------TRANSITION Worker to entrepreneur / ABILITY--------
very low	 middle 	 very high
   0.036327039080013	   0.036468922774945	   0.036560480008535	
-------TRANSITION Entrepreneur to Worker / ABILITY--------
very low 	 middle 	 very high
   0.000000000000000	   0.000000000000000	   0.000000000000000	
--------- TRANSITION MATRIX BTW CLASSES ------
  	  U     	 W     	 E 
U 	 -0.0158 	 0.9843 	 0.0315 
W 	 0.0269 	 0.9366 	 0.0365 
E 	 0.0500 	 0.0000 	 0.9500 
---------------
--------- WEALTH DISTRIBUTION STATISTICS ------
Top 0.1 [22]                  nan
Top 1 [41.8]                  nan
Top 5 [?]                  nan
Top 10 [77.2]                  nan
Top 20 [?]                  nan
Bot 20 [?]                  nan
Bot 40 [?]                  nan
Bot 60 [?]                  nan
Bot 80 [?]                  nan
mworthVE    0.000000000000000
mworthWW    0.000000000000000
mworthUS    0.000000000000000
mworthUL    0.000000000000000
---------------
--------- PRODUCTION & CAPITAL -----
CapitalVE    0.000000000000000
ProductionVE    0.000000000000000
Totalcapital    0.000000000000000
Totallabor    0.886200784710857
Corproduction    0.000000000000000
Corcapital    0.000000000000000
Totalproduction    0.000000000000000
CapitalVE/Totalcapital                  nan
---------------
--------- TAXATION -----
Corporate revenu    0.000000000000000
Expenditure    0.012779480418550
Revenue Basis    0.911675390344562
Optimal tax    0.014017577477571
-------MASS--------
WW    0.544716444781722 
U    0.035663428260185 
VE    0.419620126958091 
R:    0.100223489046547,	 W:    1.009117300212401,	 K:    3.111977125749267	, L:    0.878412287765457, 	 TAX:                  inf

-------EQUILIBRIUM PRICES AND AGGREGATE--------
r    0.100223489046547 
w    1.009117300212401 
u    0.035663428260185 
-------MOMENTS GENERATED & STATISTICS--------
Ratio KY [3.04]                  nan
Ratio mworthVE/mworthWW                  nan
Fraction E [7.55]    0.419620126958090
(UL:    0.020985402556544, US:    0.014678025703641) Unemploy. rate [4- 6]    0.035663428260185
Fraction of nonE>E (rlv to whole pop) [0.39]    0.020980988637369
Fraction of U>E (rlv to new entrant) [20]    0.053500800099608
Worker exit rate (rlv to workers) [3-6.5]    0.063397034863242
Nshare (US)    0.000000000000000, 	 Nshare(UL):    0.000000000000000, 	 Nshare [0.1]:    0.000000000000000
(U>E/pop>E) [0.2]    0.053500800099608
Wealth Gini [0.84]                  nan
Earning Gini [0.36]    0.580718756810291
Top 1 [41.8]                  nan
Zero wealth fraction [7- 13]    0.999999999999998
Fraction U>nonU (rlv to unemployed) [40- 65]    1.015824308104888

-------TRANSITION Worker to entrepreneur / ABILITY--------
very low	 middle 	 very high
   0.036327039080013	   0.036468922774945	   0.036560480008535	
-------TRANSITION Entrepreneur to Worker / ABILITY--------
very low 	 middle 	 very high
   0.000000000000000	   0.000000000000000	   0.000000000000000	
--------- TRANSITION MATRIX BTW CLASSES ------
  	  U     	 W     	 E 
U 	 -0.0158 	 0.9843 	 0.0315 
W 	 0.0269 	 0.9366 	 0.0365 
E 	 0.0500 	 0.0000 	 0.9500 
---------------
--------- WEALTH DISTRIBUTION STATISTICS ------
Top 0.1 [22]                  nan
Top 1 [41.8]                  nan
Top 5 [?]                  nan
Top 10 [77.2]                  nan
Top 20 [?]                  nan
Bot 20 [?]                  nan
Bot 40 [?]                  nan
Bot 60 [?]                  nan
Bot 80 [?]                  nan
mworthVE    0.000000000000000
mworthWW    0.000000000000000
mworthUS    0.000000000000000
mworthUL    0.000000000000000
---------------
--------- PRODUCTION & CAPITAL -----
CapitalVE    0.000000000000000
ProductionVE    0.000000000000000
Totalcapital    0.000000000000000
Totallabor    0.886200784710857
Corproduction    0.000000000000000
Corcapital    0.000000000000000
Totalproduction    0.000000000000000
CapitalVE/Totalcapital                  nan
---------------
--------- TAXATION -----
Corporate revenu    0.000000000000000
Expenditure    0.012537648819260
Revenue Basis    0.894280543313531
Optimal tax    0.014019816167313
-------MASS--------
WW    0.544716444781722 
U    0.035663428260185 
VE    0.419620126958090 
R:    0.105758394011452,	 W:    0.990022682469881,	 K:    2.956378269461803	, L:    0.879969987154537, 	 TAX:                  inf

-------EQUILIBRIUM PRICES AND AGGREGATE--------
r    0.105758394011452 
w    0.990022682469881 
u    0.035663428260185 
-------MOMENTS GENERATED & STATISTICS--------
Ratio KY [3.04]                  nan
Ratio mworthVE/mworthWW                  nan
Fraction E [7.55]    0.419620126958090
(UL:    0.020985402556544, US:    0.014678025703641) Unemploy. rate [4- 6]    0.035663428260185
Fraction of nonE>E (rlv to whole pop) [0.39]    0.020980988637369
Fraction of U>E (rlv to new entrant) [20]    0.053500800099608
Worker exit rate (rlv to workers) [3-6.5]    0.063397034863242
Nshare (US)    0.000000000000000, 	 Nshare(UL):    0.000000000000000, 	 Nshare [0.1]:    0.000000000000000
(U>E/pop>E) [0.2]    0.053500800099608
Wealth Gini [0.84]                  nan
Earning Gini [0.36]    0.580718756810291
Top 1 [41.8]                  nan
Zero wealth fraction [7- 13]    0.999999999999998
Fraction U>nonU (rlv to unemployed) [40- 65]    1.015824308104888

-------TRANSITION Worker to entrepreneur / ABILITY--------
very low	 middle 	 very high
   0.036327039080013	   0.036468922774945	   0.036560480008535	
-------TRANSITION Entrepreneur to Worker / ABILITY--------
very low 	 middle 	 very high
   0.000000000000000	   0.000000000000000	   0.000000000000000	
--------- TRANSITION MATRIX BTW CLASSES ------
  	  U     	 W     	 E 
U 	 -0.0158 	 0.9843 	 0.0315 
W 	 0.0269 	 0.9366 	 0.0365 
E 	 0.0500 	 0.0000 	 0.9500 
---------------
--------- WEALTH DISTRIBUTION STATISTICS ------
Top 0.1 [22]                  nan
Top 1 [41.8]                  nan
Top 5 [?]                  nan
Top 10 [77.2]                  nan
Top 20 [?]                  nan
Bot 20 [?]                  nan
Bot 40 [?]                  nan
Bot 60 [?]                  nan
Bot 80 [?]                  nan
mworthVE    0.000000000000000
mworthWW    0.000000000000000
mworthUS    0.000000000000000
mworthUL    0.000000000000000
---------------
--------- PRODUCTION & CAPITAL -----
CapitalVE    0.000000000000000
ProductionVE    0.000000000000000
Totalcapital    0.000000000000000
Totallabor    0.886200784710857
Corproduction    0.000000000000000
Corcapital    0.000000000000000
Totalproduction    0.000000000000000
CapitalVE/Totalcapital                  nan
---------------
--------- TAXATION -----
Corporate revenu    0.000000000000000
Expenditure    0.012302395622884
Revenue Basis    0.877358878086356
Optimal tax    0.014022079140200
-------MASS--------
WW    0.544716444781722 
U    0.035663428260185 
VE    0.419620126958090 
R:    0.111445368766790,	 W:    0.971414074994787,	 K:    2.808559355988713	, L:    0.881216146665801, 	 TAX:                  inf

-------EQUILIBRIUM PRICES AND AGGREGATE--------
r    0.111445368766790 
w    0.971414074994787 
u    0.035663428260185 
-------MOMENTS GENERATED & STATISTICS--------
Ratio KY [3.04]                  nan
Ratio mworthVE/mworthWW                  nan
Fraction E [7.55]    0.419620126958090
(UL:    0.020985402556544, US:    0.014678025703641) Unemploy. rate [4- 6]    0.035663428260185
Fraction of nonE>E (rlv to whole pop) [0.39]    0.020980988637369
Fraction of U>E (rlv to new entrant) [20]    0.053500800099608
Worker exit rate (rlv to workers) [3-6.5]    0.063397034863242
Nshare (US)    0.000000000000000, 	 Nshare(UL):    0.000000000000000, 	 Nshare [0.1]:    0.000000000000000
(U>E/pop>E) [0.2]    0.053500800099608
Wealth Gini [0.84]                  nan
Earning Gini [0.36]    0.580718756810291
Top 1 [41.8]                  nan
Zero wealth fraction [7- 13]    0.999999999999998
Fraction U>nonU (rlv to unemployed) [40- 65]    1.015824308104888

-------TRANSITION Worker to entrepreneur / ABILITY--------
very low	 middle 	 very high
   0.036327039080013	   0.036468922774945	   0.036560480008535	
-------TRANSITION Entrepreneur to Worker / ABILITY--------
very low 	 middle 	 very high
   0.000000000000000	   0.000000000000000	   0.000000000000000	
--------- TRANSITION MATRIX BTW CLASSES ------
  	  U     	 W     	 E 
U 	 -0.0158 	 0.9843 	 0.0315 
W 	 0.0269 	 0.9366 	 0.0365 
E 	 0.0500 	 0.0000 	 0.9500 
---------------
--------- WEALTH DISTRIBUTION STATISTICS ------
Top 0.1 [22]                  nan
Top 1 [41.8]                  nan
Top 5 [?]                  nan
Top 10 [77.2]                  nan
Top 20 [?]                  nan
Bot 20 [?]                  nan
Bot 40 [?]                  nan
Bot 60 [?]                  nan
Bot 80 [?]                  nan
mworthVE    0.000000000000000
mworthWW    0.000000000000000
mworthUS    0.000000000000000
mworthUL    0.000000000000000
---------------
--------- PRODUCTION & CAPITAL -----
CapitalVE    0.000000000000000
ProductionVE    0.000000000000000
Totalcapital    0.000000000000000
Totallabor    0.886200784710857
Corproduction    0.000000000000000
Corcapital    0.000000000000000
Totalproduction    0.000000000000000
CapitalVE/Totalcapital                  nan
---------------
--------- TAXATION -----
Corporate revenu    0.000000000000000
Expenditure    0.012073130264045
Revenue Basis    0.860867915539551
Optimal tax    0.014024370110806
-------MASS--------
WW    0.544716444781722 
U    0.035663428260185 
VE    0.419620126958090 
R:    0.117295175755150,	 W:    0.953252853560750,	 K:    2.668131388189277	, L:    0.882213074274813, 	 TAX:                  inf

-------EQUILIBRIUM PRICES AND AGGREGATE--------
r    0.117295175755150 
w    0.953252853560750 
u    0.035663428260185 
-------MOMENTS GENERATED & STATISTICS--------
Ratio KY [3.04]                  nan
Ratio mworthVE/mworthWW                  nan
Fraction E [7.55]    0.419620126958090
(UL:    0.020985402556544, US:    0.014678025703641) Unemploy. rate [4- 6]    0.035663428260185
Fraction of nonE>E (rlv to whole pop) [0.39]    0.020980988637369
Fraction of U>E (rlv to new entrant) [20]    0.053500800099608
Worker exit rate (rlv to workers) [3-6.5]    0.063397034863242
Nshare (US)    0.000000000000000, 	 Nshare(UL):    0.000000000000000, 	 Nshare [0.1]:    0.000000000000000
(U>E/pop>E) [0.2]    0.053500800099608
Wealth Gini [0.84]                  nan
Earning Gini [0.36]    0.580718756810291
Top 1 [41.8]                  nan
Zero wealth fraction [7- 13]    0.999999999999998
Fraction U>nonU (rlv to unemployed) [40- 65]    1.015824308104888

-------TRANSITION Worker to entrepreneur / ABILITY--------
very low	 middle 	 very high
   0.036327039080013	   0.036468922774945	   0.036560480008535	
-------TRANSITION Entrepreneur to Worker / ABILITY--------
very low 	 middle 	 very high
   0.000000000000000	   0.000000000000000	   0.000000000000000	
--------- TRANSITION MATRIX BTW CLASSES ------
  	  U     	 W     	 E 
U 	 -0.0158 	 0.9843 	 0.0315 
W 	 0.0269 	 0.9366 	 0.0365 
E 	 0.0500 	 0.0000 	 0.9500 
---------------
--------- WEALTH DISTRIBUTION STATISTICS ------
Top 0.1 [22]                  nan
Top 1 [41.8]                  nan
Top 5 [?]                  nan
Top 10 [77.2]                  nan
Top 20 [?]                  nan
Bot 20 [?]                  nan
Bot 40 [?]                  nan
Bot 60 [?]                  nan
Bot 80 [?]                  nan
mworthVE    0.000000000000000
mworthWW    0.000000000000000
mworthUS    0.000000000000000
mworthUL    0.000000000000000
---------------
--------- PRODUCTION & CAPITAL -----
CapitalVE    0.000000000000000
ProductionVE    0.000000000000000
Totalcapital    0.000000000000000
Totallabor    0.886200784710857
Corproduction    0.000000000000000
Corcapital    0.000000000000000
Totalproduction    0.000000000000000
CapitalVE/Totalcapital                  nan
---------------
--------- TAXATION -----
Corporate revenu    0.000000000000000
Expenditure    0.011849376877092
Revenue Basis    0.844773426853400
Optimal tax    0.014026692247208
-------MASS--------
WW    0.544716444781722 
U    0.035663428260185 
VE    0.419620126958090 
R:    0.123317940628152,	 W:    0.935507632592825,	 K:    2.534724818779813	, L:    0.883010616362021, 	 TAX:                  inf

-------EQUILIBRIUM PRICES AND AGGREGATE--------
r    0.123317940628152 
w    0.935507632592825 
u    0.035663428260185 
-------MOMENTS GENERATED & STATISTICS--------
Ratio KY [3.04]                  nan
Ratio mworthVE/mworthWW                  nan
Fraction E [7.55]    0.419620126958091
(UL:    0.020985402556544, US:    0.014678025703641) Unemploy. rate [4- 6]    0.035663428260185
Fraction of nonE>E (rlv to whole pop) [0.39]    0.020980988637369
Fraction of U>E (rlv to new entrant) [20]    0.053500800099608
Worker exit rate (rlv to workers) [3-6.5]    0.063397034863242
Nshare (US)    0.000000000000000, 	 Nshare(UL):    0.000000000000000, 	 Nshare [0.1]:    0.000000000000000
(U>E/pop>E) [0.2]    0.053500800099608
Wealth Gini [0.84]                  nan
Earning Gini [0.36]    0.580718756810290
Top 1 [41.8]                  nan
Zero wealth fraction [7- 13]    0.999999999999999
Fraction U>nonU (rlv to unemployed) [40- 65]    1.015824308104888

-------TRANSITION Worker to entrepreneur / ABILITY--------
very low	 middle 	 very high
   0.036327039080013	   0.036468922774945	   0.036560480008535	
-------TRANSITION Entrepreneur to Worker / ABILITY--------
very low 	 middle 	 very high
   0.000000000000000	   0.000000000000000	   0.000000000000000	
--------- TRANSITION MATRIX BTW CLASSES ------
  	  U     	 W     	 E 
U 	 -0.0158 	 0.9843 	 0.0315 
W 	 0.0269 	 0.9366 	 0.0365 
E 	 0.0500 	 0.0000 	 0.9500 
---------------
--------- WEALTH DISTRIBUTION STATISTICS ------
Top 0.1 [22]                  nan
Top 1 [41.8]                  nan
Top 5 [?]                  nan
Top 10 [77.2]                  nan
Top 20 [?]                  nan
Bot 20 [?]                  nan
Bot 40 [?]                  nan
Bot 60 [?]                  nan
Bot 80 [?]                  nan
mworthVE    0.000000000000000
mworthWW    0.000000000000000
mworthUS    0.000000000000000
mworthUL    0.000000000000000
---------------
--------- PRODUCTION & CAPITAL -----
CapitalVE    0.000000000000000
ProductionVE    0.000000000000000
Totalcapital    0.000000000000000
Totallabor    0.886200784710858
Corproduction    0.000000000000000
Corcapital    0.000000000000000
Totalproduction    0.000000000000000
CapitalVE/Totalcapital                  nan
---------------
--------- TAXATION -----
Corporate revenu    0.000000000000000
Expenditure    0.011630748779405
Revenue Basis    0.829047598106758
Optimal tax    0.014029048278971
-------MASS--------
WW    0.544716444781723 
U    0.035663428260185 
VE    0.419620126958091 
R:    0.129523307112822,	 W:    0.918152674260044,	 K:    2.407988577840823	, L:    0.883648650031789, 	 TAX:                  inf

-------EQUILIBRIUM PRICES AND AGGREGATE--------
r    0.129523307112822 
w    0.918152674260044 
u    0.035663428260185 
-------MOMENTS GENERATED & STATISTICS--------
Ratio KY [3.04]                  nan
Ratio mworthVE/mworthWW                  nan
Fraction E [7.55]    0.419620126958090
(UL:    0.020985402556544, US:    0.014678025703641) Unemploy. rate [4- 6]    0.035663428260185
Fraction of nonE>E (rlv to whole pop) [0.39]    0.020980988637369
Fraction of U>E (rlv to new entrant) [20]    0.053500800099608
Worker exit rate (rlv to workers) [3-6.5]    0.063397034863242
Nshare (US)    0.000000000000000, 	 Nshare(UL):    0.000000000000000, 	 Nshare [0.1]:    0.000000000000000
(U>E/pop>E) [0.2]    0.053500800099608
Wealth Gini [0.84]                  nan
Earning Gini [0.36]    0.580718756810291
Top 1 [41.8]                  nan
Zero wealth fraction [7- 13]    0.999999999999998
Fraction U>nonU (rlv to unemployed) [40- 65]    1.015824308104888

-------TRANSITION Worker to entrepreneur / ABILITY--------
very low	 middle 	 very high
   0.036327039080013	   0.036468922774945	   0.036560480008535	
-------TRANSITION Entrepreneur to Worker / ABILITY--------
very low 	 middle 	 very high
   0.000000000000000	   0.000000000000000	   0.000000000000000	
--------- TRANSITION MATRIX BTW CLASSES ------
  	  U     	 W     	 E 
U 	 -0.0158 	 0.9843 	 0.0315 
W 	 0.0269 	 0.9366 	 0.0365 
E 	 0.0500 	 0.0000 	 0.9500 
---------------
--------- WEALTH DISTRIBUTION STATISTICS ------
Top 0.1 [22]                  nan
Top 1 [41.8]                  nan
Top 5 [?]                  nan
Top 10 [77.2]                  nan
Top 20 [?]                  nan
Bot 20 [?]                  nan
Bot 40 [?]                  nan
Bot 60 [?]                  nan
Bot 80 [?]                  nan
mworthVE    0.000000000000000
mworthWW    0.000000000000000
mworthUS    0.000000000000000
mworthUL    0.000000000000000
---------------
--------- PRODUCTION & CAPITAL -----
CapitalVE    0.000000000000000
ProductionVE    0.000000000000000
Totalcapital    0.000000000000000
Totallabor    0.886200784710857
Corproduction    0.000000000000000
Corcapital    0.000000000000000
Totalproduction    0.000000000000000
CapitalVE/Totalcapital                  nan
---------------
--------- TAXATION -----
Corporate revenu    0.000000000000000
Expenditure    0.011416928870789
Revenue Basis    0.813667620413623
Optimal tax    0.014031440583791
-------MASS--------
WW    0.544716444781722 
U    0.035663428260185 
VE    0.419620126958090 
R:    0.135920565321937,	 W:    0.901166660990998,	 K:    2.287589148948781	, L:    0.884159076967602, 	 TAX:                  inf

