===================Program Starting: Mon Jan 23 15:17:45 2017

------ Estimated Model parameters------
             betapar		   0.879000000000000
              Etapar		   0.034000000000000	   0.027000000000000	   0.024000000000000
               Kappa		   2.350000000000000	   2.400000000000000	   2.450000000000000
                PROD		   0.250000000000000	   1.000000000000000	   1.750000000000000
              GTRANS		   0.510000000000000	   0.550000000000000	   0.700000000000000
             phiparW		   1.500000000000000
             phiparE		   2.100000000000000
             costpar		   0.000000000000000
               nupar		   0.840000000000000
                fpar		   0.800000000000000
               mupar		   0.100000000000000
               xipar		   1.000000000000000

------ Fixed Model parameters------
             maxgrid		                 250
             Gridmin		   0.000000000000000
             Gridmax		5000.000000000000000
             corptax		   0.000000000000000
            alphapar		   0.360000000000000
            deltapar		   0.060000000000000
             rhostar		   0.400000000000000
            sigmapar		   1.390000000000000
              TFPpar		   1.000000000000000
              pLTpar		   1.000000000000000
          EffortMaxU		 100.000000000000000
          EffortMaxE		 100.000000000000000

------ Convergence criterions------
        epsilonValue		   0.000001000000000
        epsilonendoK		   0.000001000000000
           maxiterVF		   0.000001000000000
        maxiterendoK		   0.000001000000000
         epsilonDist		   0.000000010000000
        epsilonprice		   0.000010000000000
       epsilonparams		   0.000001000000000
          relaxendoK		   0.300000000000000
              relaxK		   0.050000000000000
            relaxTax		   0.200000000000000
----------------------------
-------EQUILIBRIUM PRICES AND AGGREGATE--------
r    0.058550957435592 
w    1.195445166462736 
u    0.097676823122189 
-------MOMENTS GENERATED & STATISTICS--------
Ratio KY [3.04]   88.882791064034365
Ratio mworthVE/mworthWW [8]    1.050197681888083
Fraction E [7.55]    0.074691735095117
(UL:    0.073872047432527, US:    0.023804775689662) Unemploy. rate [4- 6]    0.097676823122189
Fraction of nonE>E (rlv to whole pop) [0.39]    0.023045165026362
Fraction of U>E (rlv to new entrant) [20]    0.081749282924928
Worker exit rate (rlv to workers) [3-6.5]    0.054330965125462
Nshare (US)    0.000000000000000, 	 Nshare(UL):    0.000000000000000, 	 Nshare [0.1]:    0.000000000000000
(U>E/pop>E) [0.2]    0.081749282924928
Wealth Gini [0.84]    0.010902283795938
Earning Gini [0.36]    0.403184286453735
Top 1 [41.8]    0.077378641752510
Zero wealth fraction [7- 13]    0.000000000000000
Fraction U>nonU (rlv to unemployed) [40- 65]    0.019299794430654

-------TRANSITION Worker to entrepreneur / ABILITY--------
very low	 middle 	 very high
   0.025557935987294	   0.025572532924577	   0.025570474905894	
-------TRANSITION Entrepreneur to Worker / ABILITY--------
very low 	 middle 	 very high
   0.000007669965946	   0.000007590120692	   0.000008437249980	
--------- TRANSITION MATRIX BTW CLASSES ------
  	  U     	 W     	 E 
U 	 0.9807 	 0.0000 	 0.0193 
W 	 0.0288 	 0.9457 	 0.0256 
E 	 0.3038 	 0.0000 	 0.6962 
---------------
--------- WEALTH DISTRIBUTION STATISTICS ------
Top 0.1 [22]    0.078082083950260
Top 1 [41.8]    0.077378641752510
Top 5 [?]    0.074252231984732
Top 10 [77.2]    0.453195533780285
Top 20 [?]    0.414704223446777
Bot 20 [?]    0.186223899382072
Bot 40 [?]    0.078838568887981
Bot 60 [?]    0.662278397220240
Bot 80 [?]    0.585295776553223
mworthVE 4878.392953750679226
mworthWW 4645.213980076712687
mworthUS 4645.213938907605552
mworthUL 4720.674422463465817
---------------
--------- PRODUCTION & CAPITAL -----
CapitalVE  237.361897061991186
ProductionVE   35.105337379022771
Totalcapital 4755.457810914741458
Totallabor    0.832268327029270
Corproduction   18.397233298452218
Corcapital 4518.095913852750527
Totalproduction   53.502570677474992
CapitalVE/Totalcapital    0.049913574360222
---------------
--------- TAXATION -----
Corporate revenu    0.000000000000000
Expenditure    0.011209216214305
Revenue Basis    0.994931148747168
Optimal tax    0.011266323532458
-------MASS--------
WW    0.827631441782735 
U    0.097676823122189 
VE    0.074691735095117 
-------WELFARE--------
UL   -2.152198474890462  US   -2.165770898333087  VE   -2.068427967950539  WW   -2.163831489967244  Wtot  -2.155892447913305  Avg Firm: 3177.887041447343108 
-------EQUILIBRIUM PRICES AND AGGREGATE--------
r    0.058550957435592 
w    1.195445166462736 
u    0.060284566559646 
-------MOMENTS GENERATED & STATISTICS--------
Ratio KY [3.04]    3.644022504180525
Ratio mworthVE/mworthWW [8]   23.347539893053895
Fraction E [7.55]    0.036986838277674
(UL:    0.036169867080509, US:    0.024114699479137) Unemploy. rate [4- 6]    0.060284566559646
Fraction of nonE>E (rlv to whole pop) [0.39]    0.009080658318221
Fraction of U>E (rlv to new entrant) [20]    0.212340502618661
Worker exit rate (rlv to workers) [3-6.5]    0.034636286491316
Nshare (US)    0.010436769444150, 	 Nshare(UL):    0.061010462979113, 	 Nshare [0.1]:    0.071447232423263
(U>E/pop>E) [0.2]    0.212340502618661
Wealth Gini [0.84]    0.801479638803566
Earning Gini [0.36]    0.348483868455458
Top 1 [41.8]    0.219873566000293
Zero wealth fraction [7- 13]    0.049550409440211
Fraction U>nonU (rlv to unemployed) [40- 65]    0.448352750115700

-------TRANSITION Worker to entrepreneur / ABILITY--------
very low	 middle 	 very high
   0.012608196496171	   0.000000000000000	   0.019751809702908	
-------TRANSITION Entrepreneur to Worker / ABILITY--------
very low 	 middle 	 very high
   0.920230378417670	   3.432645441293832	   0.210360933712008	
--------- TRANSITION MATRIX BTW CLASSES ------
  	  U     	 W     	 E 
U 	 0.5516 	 0.4164 	 0.0320 
W 	 0.0267 	 0.9654 	 0.0079 
E 	 0.3343 	 0.9730 	 -0.3073 
---------------
--------- WEALTH DISTRIBUTION STATISTICS ------
Top 0.1 [22]    0.041720241386669
Top 1 [41.8]    0.219873566000293
Top 5 [?]    0.559952613033883
Top 10 [77.2]    0.747230104455959
Top 20 [?]    0.865846539587470
Bot 20 [?]    0.005075113746579
Bot 40 [?]    0.027702781894329
Bot 60 [?]    0.063506743086865
Bot 80 [?]    0.134153460412530
mworthVE   38.357569572064797
mworthWW    1.642895557637596
mworthUS    1.460269737701225
mworthUL   47.549653488914593
---------------
--------- PRODUCTION & CAPITAL -----
CapitalVE    2.886699063116999
ProductionVE    0.732263273348831
Totalcapital    9.334070705051657
Totallabor    0.900553472685147
Corproduction    1.829211222031850
Corcapital    6.447371641934658
Totalproduction    2.561474495380681
CapitalVE/Totalcapital    0.309264752146638
---------------
--------- TAXATION -----
Corporate revenu    0.000000000000000
Expenditure    0.011158722660114
Revenue Basis    1.076562296062690
Optimal tax    0.010365143476532
-------MASS--------
WW    0.902728595162722 
U    0.060284566559646 
VE    0.036986838277674 
-------WELFARE--------
UL  -10.234661650586908  US  -19.048870519480751  VE  -11.474842669431993  WW  -17.159796184565081  Wtot -16.744600992557086  Avg Firm:   78.046656528073726 
-------EQUILIBRIUM PRICES AND AGGREGATE--------
r    0.058550957435592 
w    1.195445166462736 
u    0.057143837562394 
-------MOMENTS GENERATED & STATISTICS--------
Ratio KY [3.04]   12.570177647292256
Ratio mworthVE/mworthWW [8]    6.727623751704836
Fraction E [7.55]    0.092951392463259
(UL:    0.033937354853437, US:    0.023206482708956) Unemploy. rate [4- 6]    0.057143837562394
Fraction of nonE>E (rlv to whole pop) [0.39]    0.041773834825901
Fraction of U>E (rlv to new entrant) [20]    0.093193999225228
Worker exit rate (rlv to workers) [3-6.5]    0.071875401765659
Nshare (US)    0.002172514666904, 	 Nshare(UL):    0.002382420746146, 	 Nshare [0.1]:    0.004554935413050
(U>E/pop>E) [0.2]    0.093193999225228
Wealth Gini [0.84]    0.923279116400998
Earning Gini [0.36]    0.385681773897858
Top 1 [41.8]    0.403690628744959
Zero wealth fraction [7- 13]    0.038130180408667
Fraction U>nonU (rlv to unemployed) [40- 65]    0.458671805094088

-------TRANSITION Worker to entrepreneur / ABILITY--------
very low	 middle 	 very high
   0.061539508011587	   0.042201409164800	   0.033150832499439	
-------TRANSITION Entrepreneur to Worker / ABILITY--------
very low 	 middle 	 very high
   0.111893899394000	   0.226196663941186	   0.176198926066566	
--------- TRANSITION MATRIX BTW CLASSES ------
  	  U     	 W     	 E 
U 	 0.5413 	 0.3905 	 0.0681 
W 	 0.0273 	 0.9281 	 0.0446 
E 	 0.1043 	 0.1794 	 0.7163 
---------------
--------- WEALTH DISTRIBUTION STATISTICS ------
Top 0.1 [22]    0.069215937354986
Top 1 [41.8]    0.403690628744959
Top 5 [?]    0.850327851531459
Top 10 [77.2]    0.926248659631250
Top 20 [?]    0.961943843623929
Bot 20 [?]    0.001377860706628
Bot 40 [?]    0.006317425900820
Bot 60 [?]    0.015871674419422
Bot 80 [?]    0.038056156376071
mworthVE   22.885297263234339
mworthWW    3.401691014221034
mworthUS    3.315676217396164
mworthUL  114.612370777033689
---------------
--------- PRODUCTION & CAPITAL -----
CapitalVE   13.320218550331191
ProductionVE    2.716732944757139
Totalcapital   88.001731664540415
Totallabor    0.858219693518036
Corproduction    4.284101421612925
Corcapital   74.681513114209224
Totalproduction    7.000834366370063
CapitalVE/Totalcapital    0.151363141365302
---------------
--------- TAXATION -----
Corporate revenu    0.000000000000000
Expenditure    0.010794931187697
Revenue Basis    1.025954584379267
Optimal tax    0.010521841173143
-------MASS--------
WW    0.849904769974390 
U    0.057143837562394 
VE    0.092951392463259 
-------WELFARE--------
UL  -10.831552284477354  US  -15.173315659505812  VE  -11.005015053972812  WW  -14.268437385048596  Wtot -13.869457987961331  Avg Firm:  143.303055471668756 
-------EQUILIBRIUM PRICES AND AGGREGATE--------
r    0.058550957435592 
w    1.195445166462736 
u    0.066394873993480 
-------MOMENTS GENERATED & STATISTICS--------
Ratio KY [3.04]   16.244618420885391
Ratio mworthVE/mworthWW [8]   15.945532987412992
Fraction E [7.55]    0.067928296729189
(UL:    0.042967507251592, US:    0.023427366741888) Unemploy. rate [4- 6]    0.066394873993480
Fraction of nonE>E (rlv to whole pop) [0.39]    0.035184083310750
Fraction of U>E (rlv to new entrant) [20]    0.097035576895195
Worker exit rate (rlv to workers) [3-6.5]    0.063762064969590
Nshare (US)    0.000855621269652, 	 Nshare(UL):    0.001048733594533, 	 Nshare [0.1]:    0.001904354864185
(U>E/pop>E) [0.2]    0.097035576895195
Wealth Gini [0.84]    0.854796637127700
Earning Gini [0.36]    0.371050207026139
Top 1 [41.8]    0.269436815884410
Zero wealth fraction [7- 13]    0.017033829897681
Fraction U>nonU (rlv to unemployed) [40- 65]    0.368004261109005

-------TRANSITION Worker to entrepreneur / ABILITY--------
very low	 middle 	 very high
   0.059205057067783	   0.030131612334674	   0.028907718765231	
-------TRANSITION Entrepreneur to Worker / ABILITY--------
very low 	 middle 	 very high
   0.125782769826922	   0.988937939579426	   0.178144279740856	
--------- TRANSITION MATRIX BTW CLASSES ------
  	  U     	 W     	 E 
U 	 0.6320 	 0.3166 	 0.0514 
W 	 0.0271 	 0.9362 	 0.0367 
E 	 0.2290 	 0.4068 	 0.3642 
---------------
--------- WEALTH DISTRIBUTION STATISTICS ------
Top 0.1 [22]    0.054554714098380
Top 1 [41.8]    0.269436815884410
Top 5 [?]    0.578697147974456
Top 10 [77.2]    0.744701574731161
Top 20 [?]    0.908803841401111
Bot 20 [?]    0.000794199261139
Bot 40 [?]    0.003678745694748
Bot 60 [?]    0.010042540716944
Bot 80 [?]    0.091196158598889
mworthVE   48.778062520909430
mworthWW    3.059042464081547
mworthUS    3.006441560799313
mworthUL   87.948156061390748
---------------
--------- PRODUCTION & CAPITAL -----
CapitalVE   15.813357221149884
ProductionVE    3.065375147606745
Totalcapital  132.564361455783740
Totallabor    0.875178367416533
Corproduction    5.095134260564291
Corcapital  116.751004234633854
Totalproduction    8.160509408171036
CapitalVE/Totalcapital    0.119288148394426
---------------
--------- TAXATION -----
Corporate revenu    0.000000000000000
Expenditure    0.010957470600482
Revenue Basis    1.046227749120841
Optimal tax    0.010473312918425
-------MASS--------
WW    0.865676829277373 
U    0.066394873993480 
VE    0.067928296729189 
-------WELFARE--------
UL   -8.988149040335207  US  -13.416544088036670  VE   -8.339877219132147  WW  -12.565357592100293  Wtot -12.144565231320103  Avg Firm:  232.794843718712031 
-------EQUILIBRIUM PRICES AND AGGREGATE--------
r    0.058550957435592 
w    1.195445166462736 
u    0.065194768456924 
-------MOMENTS GENERATED & STATISTICS--------
Ratio KY [3.04]   21.879098335502817
Ratio mworthVE/mworthWW [8]    5.327826975799060
Fraction E [7.55]    0.087896477395611
(UL:    0.041946697204530, US:    0.023248071252393) Unemploy. rate [4- 6]    0.065194768456924
Fraction of nonE>E (rlv to whole pop) [0.39]    0.042735752412466
Fraction of U>E (rlv to new entrant) [20]    0.074008960581637
Worker exit rate (rlv to workers) [3-6.5]    0.074176816264434
Nshare (US)    0.000449308109240, 	 Nshare(UL):    0.000609593017122, 	 Nshare [0.1]:    0.001058901126362
(U>E/pop>E) [0.2]    0.074008960581637
Wealth Gini [0.84]    0.888737911228043
Earning Gini [0.36]    0.391526927679340
Top 1 [41.8]    0.209737748777958
Zero wealth fraction [7- 13]    0.001063642994962
Fraction U>nonU (rlv to unemployed) [40- 65]    0.367716007471522

-------TRANSITION Worker to entrepreneur / ABILITY--------
very low	 middle 	 very high
   0.037038241277712	   0.055478210475238	   0.039108329529836	
-------TRANSITION Entrepreneur to Worker / ABILITY--------
very low 	 middle 	 very high
   0.272044026150618	   0.158829363030244	   0.194288763178879	
--------- TRANSITION MATRIX BTW CLASSES ------
  	  U     	 W     	 E 
U 	 0.6323 	 0.3192 	 0.0485 
W 	 0.0275 	 0.9258 	 0.0467 
E 	 0.1703 	 0.1920 	 0.6376 
---------------
--------- WEALTH DISTRIBUTION STATISTICS ------
Top 0.1 [22]    0.037647404124512
Top 1 [41.8]    0.209737748777958
Top 5 [?]    0.619543566158669
Top 10 [77.2]    0.874931646252793
Top 20 [?]    0.967434419594435
Bot 20 [?]    0.000823199723213
Bot 40 [?]    0.003780033923256
Bot 60 [?]    0.010332102992511
Bot 80 [?]    0.032565580405565
mworthVE   26.516615875852562
mworthWW    4.977003944816665
mworthUS    4.984982587441960
mworthUL  122.715709027829874
---------------
--------- PRODUCTION & CAPITAL -----
CapitalVE   17.037391304272980
ProductionVE    3.276318120851488
Totalcapital  200.339676764813134
Totallabor    0.849494775822925
Corproduction    5.880351577905045
Corcapital  183.302285460540162
Totalproduction    9.156669698756533
CapitalVE/Totalcapital    0.085042521678189
---------------
--------- TAXATION -----
Corporate revenu    0.000000000000000
Expenditure    0.010783495792887
Revenue Basis    1.015524423692862
Optimal tax    0.010618647411427
-------MASS--------
WW    0.846908754147507 
U    0.065194768456924 
VE    0.087896477395611 
-------WELFARE--------
UL   -8.874065795555984  US  -12.730799129163152  VE   -9.806689102949161  WW  -11.995773551012050  Wtot -11.689503336340344  Avg Firm:  193.834745249116366 
-------EQUILIBRIUM PRICES AND AGGREGATE--------
r    0.058550957435592 
w    1.195445166462736 
u    0.072063695166270 
-------MOMENTS GENERATED & STATISTICS--------
Ratio KY [3.04]   31.378483895391948
Ratio mworthVE/mworthWW [8]    8.556646869363421
Fraction E [7.55]    0.065241678497160
(UL:    0.048478830639921, US:    0.023584864526349) Unemploy. rate [4- 6]    0.072063695166270
Fraction of nonE>E (rlv to whole pop) [0.39]    0.029908864618390
Fraction of U>E (rlv to new entrant) [20]    0.095426065196996
Worker exit rate (rlv to workers) [3-6.5]    0.058699384850391
Nshare (US)    0.001728979948578, 	 Nshare(UL):    0.004027617695583, 	 Nshare [0.1]:    0.005756597644161
(U>E/pop>E) [0.2]    0.095426065196996
Wealth Gini [0.84]    0.786773591977760
Earning Gini [0.36]    0.377758463964317
Top 1 [41.8]    0.129783056767198
Zero wealth fraction [7- 13]    0.000571664916363
Fraction U>nonU (rlv to unemployed) [40- 65]    0.251435539762056

-------TRANSITION Worker to entrepreneur / ABILITY--------
very low	 middle 	 very high
   0.030081349254913	   0.026055759005030	   0.043413055149002	
-------TRANSITION Entrepreneur to Worker / ABILITY--------
very low 	 middle 	 very high
   0.352541855579333	   0.556718300803029	   0.235554598693404	
--------- TRANSITION MATRIX BTW CLASSES ------
  	  U     	 W     	 E 
U 	 0.7486 	 0.2118 	 0.0396 
W 	 0.0273 	 0.9413 	 0.0314 
E 	 0.2630 	 0.3938 	 0.3432 
---------------
--------- WEALTH DISTRIBUTION STATISTICS ------
Top 0.1 [22]    0.021784648005826
Top 1 [41.8]    0.129783056767198
Top 5 [?]    0.459801439701261
Top 10 [77.2]    0.604325921567203
Top 20 [?]    0.834975607735804
Bot 20 [?]    0.000342801425388
Bot 40 [?]    0.001887304196812
Bot 60 [?]    0.018337886084544
Bot 80 [?]    0.165024392264196
mworthVE  111.728678111437517
mworthWW   13.057530574444479
mworthUS   13.602355581757919
mworthUL  123.951990071552061
---------------
--------- PRODUCTION & CAPITAL -----
CapitalVE   25.668486038285234
ProductionVE    4.726649828103697
Totalcapital  386.361045871241572
Totallabor    0.864281805343866
Corproduction    7.586279220962953
Corcapital  360.692559832956363
Totalproduction   12.312929049066650
CapitalVE/Totalcapital    0.066436526954737
---------------
--------- TAXATION -----
Corporate revenu    0.000000000000000
Expenditure    0.010956208028504
Revenue Basis    1.033201506660014
Optimal tax    0.010604134777079
-------MASS--------
WW    0.862694626336612 
U    0.072063695166270 
VE    0.065241678497160 
-------WELFARE--------
UL   -7.941103174098455  US  -11.707922340316653  VE   -7.608951890566890  WW  -11.093410495192098  Wtot -10.727751573045754  Avg Firm:  393.436935246886094 
-------EQUILIBRIUM PRICES AND AGGREGATE--------
r    0.058550957435592 
w    1.195445166462736 
u    0.068413580853366 
-------MOMENTS GENERATED & STATISTICS--------
Ratio KY [3.04]   18.357680006509071
Ratio mworthVE/mworthWW [8]    4.721605546775439
Fraction E [7.55]    0.076844645302979
(UL:    0.045093859124296, US:    0.023319721729070) Unemploy. rate [4- 6]    0.068413580853366
Fraction of nonE>E (rlv to whole pop) [0.39]    0.039960639850384
Fraction of U>E (rlv to new entrant) [20]    0.088494731614458
Worker exit rate (rlv to workers) [3-6.5]    0.069897198556344
Nshare (US)    0.001290844136102, 	 Nshare(UL):    0.001175495567344, 	 Nshare [0.1]:    0.002466339703446
(U>E/pop>E) [0.2]    0.088494731614458
Wealth Gini [0.84]    0.898067627179688
Earning Gini [0.36]    0.384719017518920
Top 1 [41.8]    0.278381568281315
Zero wealth fraction [7- 13]    0.001858945335798
Fraction U>nonU (rlv to unemployed) [40- 65]    0.327212033536246

-------TRANSITION Worker to entrepreneur / ABILITY--------
very low	 middle 	 very high
   0.033264367381424	   0.046388219931643	   0.044307758990821	
-------TRANSITION Entrepreneur to Worker / ABILITY--------
very low 	 middle 	 very high
   0.393738122489365	   0.299671359348414	   0.251939600101113	
--------- TRANSITION MATRIX BTW CLASSES ------
  	  U     	 W     	 E 
U 	 0.6728 	 0.2755 	 0.0517 
W 	 0.0273 	 0.9301 	 0.0426 
E 	 0.1905 	 0.3061 	 0.5033 
---------------
--------- WEALTH DISTRIBUTION STATISTICS ------
Top 0.1 [22]    0.037787621488068
Top 1 [41.8]    0.278381568281315
Top 5 [?]    0.743194622485446
Top 10 [77.2]    0.877356427532804
Top 20 [?]    0.955571798697781
Bot 20 [?]    0.001295326301256
Bot 40 [?]    0.005357534492207
Bot 60 [?]    0.013480391672474
Bot 80 [?]    0.044428201302219
mworthVE   22.761958646287649
mworthWW    4.820809027944454
mworthUS    5.032027269962152
mworthUL  137.447161725943488
---------------
--------- PRODUCTION & CAPITAL -----
CapitalVE   14.455359198800492
ProductionVE    2.762907314885357
Totalcapital  147.473439214073210
Totallabor    0.857402452955172
Corproduction    5.270430185375224
Corcapital  133.018080015272716
Totalproduction    8.033337500260581
CapitalVE/Totalcapital    0.098020086029302
---------------
--------- TAXATION -----
Corporate revenu    0.000000000000000
Expenditure    0.010812466936936
Revenue Basis    1.024977618098554
Optimal tax    0.010548978578668
-------MASS--------
WW    0.854741773843696 
U    0.068413580853366 
VE    0.076844645302979 
-------WELFARE--------
UL   -9.070966656652635  US  -12.796896973998278  VE   -9.072146329865429  WW  -12.179868602628870  Wtot -11.815253330414878  Avg Firm:  188.111470120093117 
-------EQUILIBRIUM PRICES AND AGGREGATE--------
r    0.058550957435592 
w    1.195445166462736 
u    0.075445892261668 
-------MOMENTS GENERATED & STATISTICS--------
Ratio KY [3.04]   32.591358147386288
Ratio mworthVE/mworthWW [8]   10.278057344295917
Fraction E [7.55]    0.058488877586215
(UL:    0.051715596946206, US:    0.023730295315462) Unemploy. rate [4- 6]    0.075445892261668
Fraction of nonE>E (rlv to whole pop) [0.39]    0.026511742943199
Fraction of U>E (rlv to new entrant) [20]    0.099135654479955
Worker exit rate (rlv to workers) [3-6.5]    0.054977128295774
Nshare (US)    0.000347906260420, 	 Nshare(UL):    0.005209319544178, 	 Nshare [0.1]:    0.005557225804598
(U>E/pop>E) [0.2]    0.099135654479955
Wealth Gini [0.84]    0.852489003466673
Earning Gini [0.36]    0.375252351577566
Top 1 [41.8]    0.162435148246279
Zero wealth fraction [7- 13]    0.001862213951766
Fraction U>nonU (rlv to unemployed) [40- 65]    0.253350558295206

-------TRANSITION Worker to entrepreneur / ABILITY--------
very low	 middle 	 very high
   0.021231809252939	   0.020849332425879	   0.047854408915984	
-------TRANSITION Entrepreneur to Worker / ABILITY--------
very low 	 middle 	 very high
   0.430800879567180	   0.694389351211832	   0.176838729796336	
--------- TRANSITION MATRIX BTW CLASSES ------
  	  U     	 W     	 E 
U 	 0.7466 	 0.2185 	 0.0348 
W 	 0.0274 	 0.9450 	 0.0276 
E 	 0.3188 	 0.4218 	 0.2594 
---------------
--------- WEALTH DISTRIBUTION STATISTICS ------
Top 0.1 [22]    0.045673309881882
Top 1 [41.8]    0.162435148246279
Top 5 [?]    0.539871038693976
Top 10 [77.2]    0.784490711289385
Top 20 [?]    0.927021402683619
Bot 20 [?]    0.000377351043536
Bot 40 [?]    0.001708504294984
Bot 60 [?]    0.012308526815785
Bot 80 [?]    0.072978597316381
mworthVE   75.712246318840329
mworthWW    7.366396565286617
mworthUS    8.411710829480809
mworthUL  124.939252496011960
---------------
--------- PRODUCTION & CAPITAL -----
CapitalVE   21.346633271264185
ProductionVE    3.850648587433144
Totalcapital  369.901433187639554
Totallabor    0.865302505067536
Corproduction    7.499029800158210
Corcapital  348.554799916375373
Totalproduction   11.349678387591354
CapitalVE/Totalcapital    0.057708976922065
---------------
--------- TAXATION -----
Corporate revenu    0.000000000000000
Expenditure    0.011010011034677
Revenue Basis    1.034421697211082
Optimal tax    0.010643638918597
-------MASS--------
WW    0.866065230152159 
U    0.075445892261668 
VE    0.058488877586215 
-------WELFARE--------
UL   -8.459540135455129  US  -11.315650530787556  VE   -7.499270924091655  WW  -10.718124631602183  Wtot -10.427232911710734  Avg Firm:  364.969104421577640 
-------EQUILIBRIUM PRICES AND AGGREGATE--------
r    0.058550957435592 
w    1.195445166462736 
u    0.066805202110480 
-------MOMENTS GENERATED & STATISTICS--------
Ratio KY [3.04]   34.510487654890170
Ratio mworthVE/mworthWW [8]    4.970979725487513
Fraction E [7.55]    0.085772958486273
(UL:    0.043561103584154, US:    0.023244098526326) Unemploy. rate [4- 6]    0.066805202110480
Fraction of nonE>E (rlv to whole pop) [0.39]    0.041889298926958
Fraction of U>E (rlv to new entrant) [20]    0.087656697168284
Worker exit rate (rlv to workers) [3-6.5]    0.072527656244889
Nshare (US)    0.001384073822601, 	 Nshare(UL):    0.003187301340874, 	 Nshare [0.1]:    0.004571375163475
(U>E/pop>E) [0.2]    0.087656697168284
Wealth Gini [0.84]    0.820656669839850
Earning Gini [0.36]    0.387484876491310
Top 1 [41.8]    0.118863160808035
Zero wealth fraction [7- 13]    0.001013784564493
Fraction U>nonU (rlv to unemployed) [40- 65]    0.312374803860127

-------TRANSITION Worker to entrepreneur / ABILITY--------
very low	 middle 	 very high
   0.056884226670211	   0.036211658453223	   0.051663421948788	
-------TRANSITION Entrepreneur to Worker / ABILITY--------
very low 	 middle 	 very high
   0.187669253135601	   0.290011157321501	   0.182398794825390	
--------- TRANSITION MATRIX BTW CLASSES ------
  	  U     	 W     	 E 
U 	 0.6876 	 0.2574 	 0.0550 
W 	 0.0274 	 0.9275 	 0.0451 
E 	 0.1586 	 0.2291 	 0.6123 
---------------
--------- WEALTH DISTRIBUTION STATISTICS ------
Top 0.1 [22]    0.028888712769835
Top 1 [41.8]    0.118863160808035
Top 5 [?]    0.406705049580598
Top 10 [77.2]    0.696034387943743
Top 20 [?]    0.911564426746375
Bot 20 [?]    0.000514478381008
Bot 40 [?]    0.002518491689100
Bot 60 [?]    0.008644044244104
Bot 80 [?]    0.088435573253625
mworthVE   46.136687208767675
mworthWW    9.281206071353061
mworthUS    9.372333338998789
mworthUL  189.257003969152009
---------------
--------- PRODUCTION & CAPITAL -----
CapitalVE   25.116055622845511
ProductionVE    4.649062146034776
Totalcapital  431.061742289922279
Totallabor    0.851630844414898
Corproduction    7.841684046850168
Corcapital  405.945686667076757
Totalproduction   12.490746192884945
CapitalVE/Totalcapital    0.058265564207628
---------------
--------- TAXATION -----
Corporate revenu    0.000000000000000
Expenditure    0.010827670177208
Revenue Basis    1.018077976566368
Optimal tax    0.010635403600151
-------MASS--------
WW    0.847421839403289 
U    0.066805202110480 
VE    0.085772958486273 
-------WELFARE--------
UL   -8.805592284449958  US  -11.074715062564398  VE   -9.304195929003699  WW  -10.628750598464134  Wtot -10.446086879563850  Avg Firm:  292.820208910771498 
