===================Program Starting: Tue Jan 17 18:40:01 2017

------ Estimated Model parameters------
             betapar		   0.898000000000000
              Etapar		   0.034000000000000	   0.027000000000000	   0.024000000000000
               Kappa		   1.350000000000000	   1.400000000000000	   1.450000000000000
                PROD		   0.250000000000000	   1.000000000000000	   1.750000000000000
              GTRANS		   0.250000000000000	   0.550000000000000
             phiparW		   1.500000000000000
             phiparE		   1.850000000000000
             costpar		   0.000000000000000
               nupar		   0.820000000000000
                fpar		   0.800000000000000
               mupar		   0.100000000000000
               xipar		   1.000000000000000

------ Fixed Model parameters------
             maxgrid		                 500
             Gridmin		   0.000000000000000
             Gridmax		5000.000000000000000
             corptax		   0.000000000000000
            alphapar		   0.360000000000000
            deltapar		   0.060000000000000
             rhostar		   0.540000000000000
            sigmapar		   1.390000000000000
              TFPpar		   1.000000000000000
              pLTpar		   0.000000000000000
          EffortMaxU		 100.000000000000000
          EffortMaxE		 100.000000000000000

------ Convergence criterions------
        epsilonValue		   0.000001000000000
        epsilonendoK		   0.000001000000000
           maxiterVF		   0.000001000000000
        maxiterendoK		   0.000001000000000
         epsilonDist		   0.000000010000000
        epsilonprice		   0.000001000000000
       epsilonparams		   0.000001000000000
          relaxendoK		   0.300000000000000
              relaxK		   0.050000000000000
            relaxTax		   0.200000000000000
----------------------------
R:    0.045000000000000,	 W:    1.279915062232225,	 K:    6.381252389209258	, L:    0.930661063223172, 	 TAX:    0.015747715938431

-------EQUILIBRIUM PRICES AND AGGREGATE--------
r    0.045000000000000 
w    1.279915062232225 
u    0.056524710301699 
-------MOMENTS GENERATED & STATISTICS--------
Ratio KY [3.04]    1.534211389503227
Ratio mworthVE/mworthWW [8]    1.738401838583760
Fraction E [7.55]    0.001876062241242
(UL:    0.000027451736767, US:    0.056497258564932) Unemploy. rate [4- 6]    0.056524710301699
Fraction of nonE>E (rlv to whole pop) [0.39]    0.000840480437745
Fraction of U>E (rlv to new entrant) [20]    0.160231239747817
Worker exit rate (rlv to workers) [3-6.5]    0.028656276754181
Nshare (US)    0.089351994464117, 	 Nshare(UL):    0.000011815624628, 	 Nshare [0.1]:    0.089363810088744
(U>E/pop>E) [0.2]    0.160231239747817
Wealth Gini [0.84]    0.425797246657782
Earning Gini [0.36]    0.322043067200115
Top 1 [41.8]    0.036298816134028
Zero wealth fraction [7- 13]    0.065885078329132
Fraction U>nonU (rlv to unemployed) [40- 65]    0.466276276252526

-------TRANSITION Worker to entrepreneur / ABILITY--------
very low	 middle 	 very high
   0.002887398021623	   0.000067901121962	   0.000004860549751	
-------TRANSITION Entrepreneur to Worker / ABILITY--------
very low 	 middle 	 very high
   0.250209484419029	   1.661925022669716	   0.907518889966547	
--------- TRANSITION MATRIX BTW CLASSES ------
  	  U     	 W     	 E 
U 	 0.5337 	 0.4639 	 0.0024 
W 	 0.0279 	 0.9713 	 0.0007 
E 	 0.0070 	 0.4410 	 0.5520 
---------------
--------- WEALTH DISTRIBUTION STATISTICS ------
Top 0.1 [22]    0.005869490125133
Top 1 [41.8]    0.036298816134028
Top 5 [?]    0.145094654212903
Top 10 [77.2]    0.257307843538402
Top 20 [?]    0.450123600689511
Bot 20 [?]    0.019467670017238
Bot 40 [?]    0.110732665931518
Bot 60 [?]    0.280417690965731
Bot 80 [?]    0.549876399310489
mworthVE    2.755336030563730
mworthWW    1.584982234492139
mworthUS    1.193813544096998
mworthUL    3.132739385142904
---------------
--------- PRODUCTION & CAPITAL -----
CapitalVE    0.010095863753571
ProductionVE    0.003063209853411
Totalcapital    1.845361889955645
Totallabor    0.944595168329377
Corproduction    1.199744892459770
Corcapital    1.835266026202075
Totalproduction    1.202808102313181
CapitalVE/Totalcapital    0.005470939769875
---------------
--------- TAXATION -----
Corporate revenu    0.000000000000000
Expenditure    0.037797992141666
Revenue Basis    1.209001583656554
Optimal tax    0.031263806973146
-------MASS--------
WW    0.941599227457058 
U    0.056524710301699 
VE    0.001876062241242 
R:    0.047671676169833,	 W:    1.261952625630404,	 K:    6.153953071058898	, L:    0.933447884244413, 	 TAX:    0.018850934145374

-------EQUILIBRIUM PRICES AND AGGREGATE--------
r    0.047671676169833 
w    1.261952625630404 
u    0.056706945998780 
-------MOMENTS GENERATED & STATISTICS--------
Ratio KY [3.04]    1.569332672102541
Ratio mworthVE/mworthWW [8]    1.785334681156974
Fraction E [7.55]    0.002360378232342
(UL:    0.000041687283205, US:    0.056665258715575) Unemploy. rate [4- 6]    0.056706945998780
Fraction of nonE>E (rlv to whole pop) [0.39]    0.000997985834148
Fraction of U>E (rlv to new entrant) [20]    0.155478908221278
Worker exit rate (rlv to workers) [3-6.5]    0.028792359326063
Nshare (US)    0.082057103809446, 	 Nshare(UL):    0.000015290941007, 	 Nshare [0.1]:    0.082072394750453
(U>E/pop>E) [0.2]    0.155478908221278
Wealth Gini [0.84]    0.425874609501468
Earning Gini [0.36]    0.322401517844745
Top 1 [41.8]    0.037488509742006
Zero wealth fraction [7- 13]    0.062954820764349
Fraction U>nonU (rlv to unemployed) [40- 65]    0.464497493682474

-------TRANSITION Worker to entrepreneur / ABILITY--------
very low	 middle 	 very high
   0.003371259939780	   0.000119337890915	   0.000010841581990	
-------TRANSITION Entrepreneur to Worker / ABILITY--------
very low 	 middle 	 very high
   0.237625039437990	   1.323869457332870	   0.708335244267752	
--------- TRANSITION MATRIX BTW CLASSES ------
  	  U     	 W     	 E 
U 	 0.5355 	 0.4618 	 0.0027 
W 	 0.0279 	 0.9712 	 0.0009 
E 	 0.0076 	 0.4152 	 0.5772 
---------------
--------- WEALTH DISTRIBUTION STATISTICS ------
Top 0.1 [22]    0.007894189339930
Top 1 [41.8]    0.037488509742006
Top 5 [?]    0.154105180307955
Top 10 [77.2]    0.265611626406412
Top 20 [?]    0.456725969817225
Bot 20 [?]    0.019975487607127
Bot 40 [?]    0.111033108316218
Bot 60 [?]    0.289455010216936
Bot 80 [?]    0.543274030182775
mworthVE    2.929565817754272
mworthWW    1.640905679295821
mworthUS    1.251774980732255
mworthUL    4.293510176675157
---------------
--------- PRODUCTION & CAPITAL -----
CapitalVE    0.015696291075165
ProductionVE    0.004531870355388
Totalcapital    1.911525631251446
Totallabor    0.944191772926778
Corproduction    1.213518110526260
Corcapital    1.895829340176281
Totalproduction    1.218049980881648
CapitalVE/Totalcapital    0.008211394510514
---------------
--------- TAXATION -----
Corporate revenu    0.000000000000000
Expenditure    0.037364272291839
Revenue Basis    1.191525286943574
Optimal tax    0.031358354456483
-------MASS--------
WW    0.940932675768883 
U    0.056706945998780 
VE    0.002360378232342 
R:    0.050287664121440,	 W:    1.245026879551699,	 K:    5.941046884514766	, L:    0.935596661980886, 	 TAX:    0.021352418207596

