===================Program Starting: Mon Jan 23 15:06:10 2017

------ Estimated Model parameters------
             betapar		   0.879000000000000
              Etapar		   0.034000000000000	   0.027000000000000	   0.024000000000000
               Kappa		   2.350000000000000	   2.400000000000000	   2.450000000000000
                PROD		   0.250000000000000	   1.000000000000000	   1.750000000000000
              GTRANS		   0.510000000000000	   0.550000000000000	   0.700000000000000
             phiparW		   1.500000000000000
             phiparE		   2.100000000000000
             costpar		   0.000000000000000
               nupar		   0.840000000000000
                fpar		   0.800000000000000
               mupar		   0.100000000000000
               xipar		   1.000000000000000

------ Fixed Model parameters------
             maxgrid		                 250
             Gridmin		   0.000000000000000
             Gridmax		5000.000000000000000
             corptax		   0.000000000000000
            alphapar		   0.360000000000000
            deltapar		   0.060000000000000
             rhostar		   0.400000000000000
            sigmapar		   1.390000000000000
              TFPpar		   1.000000000000000
              pLTpar		   1.000000000000000
          EffortMaxU		 100.000000000000000
          EffortMaxE		 100.000000000000000

------ Convergence criterions------
        epsilonValue		   0.000001000000000
        epsilonendoK		   0.000001000000000
           maxiterVF		   0.000001000000000
        maxiterendoK		   0.000001000000000
         epsilonDist		   0.000000010000000
        epsilonprice		   0.000010000000000
       epsilonparams		   0.000001000000000
          relaxendoK		   0.300000000000000
              relaxK		   0.050000000000000
            relaxTax		   0.200000000000000
----------------------------
-------EQUILIBRIUM PRICES AND AGGREGATE--------
r    0.057688258463640 
w    1.200363390425356 
u    0.097652099846525 
-------MOMENTS GENERATED & STATISTICS--------
Ratio KY [3.04]   88.627402886848444
Ratio mworthVE/mworthWW [8]    1.051275560023044
Fraction E [7.55]    0.074996405974177
(UL:    0.073855376523741, US:    0.023796723322784) Unemploy. rate [4- 6]    0.097652099846525
Fraction of nonE>E (rlv to whole pop) [0.39]    0.023349835522698
Fraction of U>E (rlv to new entrant) [20]    0.081740427402832
Worker exit rate (rlv to workers) [3-6.5]    0.054678010045711
Nshare (US)    0.000000000000000, 	 Nshare(UL):    0.000000000000000, 	 Nshare [0.1]:    0.000000000000000
(U>E/pop>E) [0.2]    0.081740427402832
Wealth Gini [0.84]    0.010821680372489
Earning Gini [0.36]    0.403386176258288
Top 1 [41.8]    0.077437944361086
Zero wealth fraction [7- 13]    0.000000000000000
Fraction U>nonU (rlv to unemployed) [40- 65]    0.019557779918237

-------TRANSITION Worker to entrepreneur / ABILITY--------
very low	 middle 	 very high
   0.025904835186743	   0.025919635352061	   0.025917548728545	
-------TRANSITION Entrepreneur to Worker / ABILITY--------
very low 	 middle 	 very high
   0.000007735338595	   0.000007651852867	   0.000008506403326	
--------- TRANSITION MATRIX BTW CLASSES ------
  	  U     	 W     	 E 
U 	 0.9804 	 0.0000 	 0.0195 
W 	 0.0288 	 0.9453 	 0.0259 
E 	 0.3026 	 0.0000 	 0.6974 
---------------
--------- WEALTH DISTRIBUTION STATISTICS ------
Top 0.1 [22]    0.078141925673460
Top 1 [41.8]    0.077437944361086
Top 5 [?]    0.074309138528315
Top 10 [77.2]    0.431341910231670
Top 20 [?]    0.395099669042784
Bot 20 [?]    0.206537931024031
Bot 40 [?]    0.094666442565659
Bot 60 [?]    0.677384813334988
Bot 80 [?]    0.604900330957216
mworthVE 4877.896913249900535
mworthWW 4639.979372433023855
mworthUS 4639.979330789532469
mworthUL 4713.661983179543313
---------------
--------- PRODUCTION & CAPITAL -----
CapitalVE  238.188268641046193
ProductionVE   35.228952978627476
Totalcapital 4751.816042586699950
Totallabor    0.831986784838172
Corproduction   18.386699605183360
Corcapital 4513.627773945653644
Totalproduction   53.615652583810835
CapitalVE/Totalcapital    0.050125734352163
---------------
--------- TAXATION -----
Corporate revenu    0.000000000000000
Expenditure    0.011250047234845
Revenue Basis    0.998686477837439
Optimal tax    0.011264843856909
-------MASS--------
WW    0.827351494179339 
U    0.097652099846525 
VE    0.074996405974177 
-------WELFARE--------
UL   -2.155158098678248  US   -2.168955459375132  VE   -2.070188693575257  WW   -2.167001707085816  Wtot  -2.158912857765412  Avg Firm: 3175.995776691768697 
-------EQUILIBRIUM PRICES AND AGGREGATE--------
r    0.057688258463640 
w    1.200363390425356 
u    0.060193059657322 
-------MOMENTS GENERATED & STATISTICS--------
Ratio KY [3.04]    3.643514631170061
Ratio mworthVE/mworthWW [8]   23.431858910475416
Fraction E [7.55]    0.036939121672753
(UL:    0.036077813998069, US:    0.024115245659254) Unemploy. rate [4- 6]    0.060193059657322
Fraction of nonE>E (rlv to whole pop) [0.39]    0.009011078414598
Fraction of U>E (rlv to new entrant) [20]    0.214242505915503
Worker exit rate (rlv to workers) [3-6.5]    0.034551866184867
Nshare (US)    0.010672669775673, 	 Nshare(UL):    0.062397628177388, 	 Nshare [0.1]:    0.073070297953061
(U>E/pop>E) [0.2]    0.214242505915503
Wealth Gini [0.84]    0.801330703395902
Earning Gini [0.36]    0.348391557462640
Top 1 [41.8]    0.219804529966983
Zero wealth fraction [7- 13]    0.049553773380227
Fraction U>nonU (rlv to unemployed) [40- 65]    0.449565087528053

-------TRANSITION Worker to entrepreneur / ABILITY--------
very low	 middle 	 very high
   0.012536357269300	   0.000000000000000	   0.019489327688315	
-------TRANSITION Entrepreneur to Worker / ABILITY--------
very low 	 middle 	 very high
   0.922275040582421	   3.428126359593788	   0.211096797294883	
--------- TRANSITION MATRIX BTW CLASSES ------
  	  U     	 W     	 E 
U 	 0.5504 	 0.4175 	 0.0321 
W 	 0.0267 	 0.9654 	 0.0078 
E 	 0.3353 	 0.9753 	 -0.3106 
---------------
--------- WEALTH DISTRIBUTION STATISTICS ------
Top 0.1 [22]    0.041691775202245
Top 1 [41.8]    0.219804529966983
Top 5 [?]    0.559759013118233
Top 10 [77.2]    0.747023032239617
Top 20 [?]    0.865704324188587
Bot 20 [?]    0.005030479818160
Bot 40 [?]    0.027627732459634
Bot 60 [?]    0.063533330493028
Bot 80 [?]    0.134295675811413
mworthVE   38.554818823889541
mworthWW    1.645401629089414
mworthUS    1.462257266304560
mworthUL   47.525046898285353
---------------
--------- PRODUCTION & CAPITAL -----
CapitalVE    2.888059048934995
ProductionVE    0.732520302932116
Totalcapital    9.333893913482322
Totallabor    0.900713855350092
Corproduction    1.829262716581896
Corcapital    6.445834864547328
Totalproduction    2.561783019514012
CapitalVE/Totalcapital    0.309416313888392
---------------
--------- TAXATION -----
Corporate revenu    0.000000000000000
Expenditure    0.011203666185245
Revenue Basis    1.081183937211131
Optimal tax    0.010362405322211
-------MASS--------
WW    0.902867818669967 
U    0.060193059657322 
VE    0.036939121672753 
-------WELFARE--------
UL  -10.228660157450674  US  -19.037486632222905  VE  -11.467268776965506  WW  -17.147532916230766  Wtot -16.733667841735986  Avg Firm:   78.184291292050972 
-------EQUILIBRIUM PRICES AND AGGREGATE--------
r    0.057688258463640 
w    1.200363390425356 
u    0.057094970356283 
-------MOMENTS GENERATED & STATISTICS--------
Ratio KY [3.04]   12.566967266913364
Ratio mworthVE/mworthWW [8]    6.753966912149783
Fraction E [7.55]    0.092887465576288
(UL:    0.033886726822063, US:    0.023208243534221) Unemploy. rate [4- 6]    0.057094970356283
Fraction of nonE>E (rlv to whole pop) [0.39]    0.041646127913649
Fraction of U>E (rlv to new entrant) [20]    0.093451684944392
Worker exit rate (rlv to workers) [3-6.5]    0.071719071699196
Nshare (US)    0.002220184472643, 	 Nshare(UL):    0.002388696958218, 	 Nshare [0.1]:    0.004608881430862
(U>E/pop>E) [0.2]    0.093451684944392
Wealth Gini [0.84]    0.923220520047189
Earning Gini [0.36]    0.385577929668474
Top 1 [41.8]    0.403646195922043
Zero wealth fraction [7- 13]    0.038140350972214
Fraction U>nonU (rlv to unemployed) [40- 65]    0.459446320050746

-------TRANSITION Worker to entrepreneur / ABILITY--------
very low	 middle 	 very high
   0.061506202112527	   0.042080948506176	   0.032819692715481	
-------TRANSITION Entrepreneur to Worker / ABILITY--------
very low 	 middle 	 very high
   0.110351760876611	   0.226414011236459	   0.176822923977315	
--------- TRANSITION MATRIX BTW CLASSES ------
  	  U     	 W     	 E 
U 	 0.5406 	 0.3913 	 0.0682 
W 	 0.0273 	 0.9283 	 0.0444 
E 	 0.1042 	 0.1791 	 0.7166 
---------------
--------- WEALTH DISTRIBUTION STATISTICS ------
Top 0.1 [22]    0.068038002614283
Top 1 [41.8]    0.403646195922043
Top 5 [?]    0.850238157441237
Top 10 [77.2]    0.926168393674310
Top 20 [?]    0.961881934195569
Bot 20 [?]    0.001380536718885
Bot 40 [?]    0.006313048891478
Bot 60 [?]    0.015908342618626
Bot 80 [?]    0.038118065804431
mworthVE   23.002105345728545
mworthWW    3.405717801837289
mworthUS    3.318712711767982
mworthUL  114.697730155532923
---------------
--------- PRODUCTION & CAPITAL -----
CapitalVE   13.298515377938340
ProductionVE    2.713641254601331
Totalcapital   87.936767150020017
Totallabor    0.858408874479040
Corproduction    4.283812091325829
Corcapital   74.638251772081674
Totalproduction    6.997453345927160
CapitalVE/Totalcapital    0.151228158697841
---------------
--------- TAXATION -----
Corporate revenu    0.000000000000000
Expenditure    0.010839288753950
Revenue Basis    1.030402586940875
Optimal tax    0.010519469662950
-------MASS--------
WW    0.850017564067471 
U    0.057094970356283 
VE    0.092887465576288 
-------WELFARE--------
UL  -10.836527347436983  US  -15.163379196188638  VE  -11.000661654442268  WW  -14.259225626984124  Wtot -13.861545652790188  Avg Firm:  143.168029135387599 
-------EQUILIBRIUM PRICES AND AGGREGATE--------
r    0.057688258463640 
w    1.200363390425356 
u    0.066377007690838 
-------MOMENTS GENERATED & STATISTICS--------
Ratio KY [3.04]   16.232468093341360
Ratio mworthVE/mworthWW [8]   16.240329676196811
Fraction E [7.55]    0.068248312364793
(UL:    0.042960853257620, US:    0.023416154433217) Unemploy. rate [4- 6]    0.066377007690838
Fraction of nonE>E (rlv to whole pop) [0.39]    0.035549186439084
Fraction of U>E (rlv to new entrant) [20]    0.096681765714589
Worker exit rate (rlv to workers) [3-6.5]    0.064166867883426
Nshare (US)    0.000886957519388, 	 Nshare(UL):    0.001050521925956, 	 Nshare [0.1]:    0.001937479445344
(U>E/pop>E) [0.2]    0.096681765714589
Wealth Gini [0.84]    0.854770219486198
Earning Gini [0.36]    0.371329012950864
Top 1 [41.8]    0.269019888306914
Zero wealth fraction [7- 13]    0.017058638514219
Fraction U>nonU (rlv to unemployed) [40- 65]    0.368835272484658

-------TRANSITION Worker to entrepreneur / ABILITY--------
very low	 middle 	 very high
   0.059294919010577	   0.030978419110281	   0.028713998927294	
-------TRANSITION Entrepreneur to Worker / ABILITY--------
very low 	 middle 	 very high
   0.125810534385915	   0.973659008203371	   0.178557964411438	
--------- TRANSITION MATRIX BTW CLASSES ------
  	  U     	 W     	 E 
U 	 0.6312 	 0.3171 	 0.0518 
W 	 0.0271 	 0.9358 	 0.0371 
E 	 0.2273 	 0.4052 	 0.3675 
---------------
--------- WEALTH DISTRIBUTION STATISTICS ------
Top 0.1 [22]    0.054551712357543
Top 1 [41.8]    0.269019888306914
Top 5 [?]    0.578677218197551
Top 10 [77.2]    0.744666376757364
Top 20 [?]    0.908766698680038
Bot 20 [?]    0.000795613606222
Bot 40 [?]    0.003680617080270
Bot 60 [?]    0.010058092912749
Bot 80 [?]    0.091233301319962
mworthVE   49.700024875757954
mworthWW    3.060284234783884
mworthUS    3.007803133850797
mworthUL   88.218775632554937
---------------
--------- PRODUCTION & CAPITAL -----
CapitalVE   15.788065478289244
ProductionVE    3.067916976510549
Totalcapital  132.474144956702446
Totallabor    0.874917697452355
Corproduction    5.093142955653680
Corcapital  116.686079478413205
Totalproduction    8.161059932164228
CapitalVE/Totalcapital    0.119178466737410
---------------
--------- TAXATION -----
Corporate revenu    0.000000000000000
Expenditure    0.010996414587792
Revenue Basis    1.050219173657054
Optimal tax    0.010470590200235
-------MASS--------
WW    0.865374679944411 
U    0.066377007690838 
VE    0.068248312364793 
-------WELFARE--------
UL   -8.983515191009177  US  -13.406323517558192  VE   -8.320015814252152  WW  -12.554172750209885  Wtot -12.131754283578182  Avg Firm:  231.332686937380316 
-------EQUILIBRIUM PRICES AND AGGREGATE--------
r    0.057688258463640 
w    1.200363390425356 
u    0.065142719319410 
-------MOMENTS GENERATED & STATISTICS--------
Ratio KY [3.04]   21.855859329248446
Ratio mworthVE/mworthWW [8]    5.348130275798159
Fraction E [7.55]    0.087852717025915
(UL:    0.041892941211612, US:    0.023249778107799) Unemploy. rate [4- 6]    0.065142719319410
Fraction of nonE>E (rlv to whole pop) [0.39]    0.042680429530608
Fraction of U>E (rlv to new entrant) [20]    0.074107505887155
Worker exit rate (rlv to workers) [3-6.5]    0.074104993230343
Nshare (US)    0.000448960908675, 	 Nshare(UL):    0.000598189783388, 	 Nshare [0.1]:    0.001047150692063
(U>E/pop>E) [0.2]    0.074107505887155
Wealth Gini [0.84]    0.888711323090648
Earning Gini [0.36]    0.391476770259194
Top 1 [41.8]    0.208778291923111
Zero wealth fraction [7- 13]    0.001200081223064
Fraction U>nonU (rlv to unemployed) [40- 65]    0.368354868220513

-------TRANSITION Worker to entrepreneur / ABILITY--------
very low	 middle 	 very high
   0.036776912321624	   0.055439528092997	   0.039163464609250	
-------TRANSITION Entrepreneur to Worker / ABILITY--------
very low 	 middle 	 very high
   0.273068962463841	   0.159150289022672	   0.194137398262336	
--------- TRANSITION MATRIX BTW CLASSES ------
  	  U     	 W     	 E 
U 	 0.6316 	 0.3198 	 0.0486 
W 	 0.0274 	 0.9259 	 0.0467 
E 	 0.1692 	 0.1924 	 0.6384 
---------------
--------- WEALTH DISTRIBUTION STATISTICS ------
Top 0.1 [22]    0.036901977269640
Top 1 [41.8]    0.208778291923111
Top 5 [?]    0.618215694775012
Top 10 [77.2]    0.874897562461251
Top 20 [?]    0.967407778757053
Bot 20 [?]    0.000820994453139
Bot 40 [?]    0.003785362449718
Bot 60 [?]    0.010348114743357
Bot 80 [?]    0.032592221242947
mworthVE   26.652683753828544
mworthWW    4.983551704871452
mworthUS    4.991529669670806
mworthUL  122.702223346259430
---------------
--------- PRODUCTION & CAPITAL -----
CapitalVE   17.072164804064936
ProductionVE    3.281896882901447
Totalcapital  200.211870276601587
Totallabor    0.849537187333143
Corproduction    5.878661265854091
Corcapital  183.139705472536662
Totalproduction    9.160558148755538
CapitalVE/Totalcapital    0.085270492606053
---------------
--------- TAXATION -----
Corporate revenu    0.000000000000000
Expenditure    0.010826797489541
Revenue Basis    1.019753338479631
Optimal tax    0.010617074817017
-------MASS--------
WW    0.847004563654717 
U    0.065142719319410 
VE    0.087852717025915 
-------WELFARE--------
UL   -8.906086146672907  US  -12.769152770363283  VE   -9.805499746380582  WW  -12.030808389758784  Wtot -11.721571517001246  Avg Firm:  194.327112262549917 
-------EQUILIBRIUM PRICES AND AGGREGATE--------
r    0.057688258463640 
w    1.200363390425356 
u    0.072026206340852 
-------MOMENTS GENERATED & STATISTICS--------
Ratio KY [3.04]   31.342066969828494
Ratio mworthVE/mworthWW [8]    8.537439313985562
Fraction E [7.55]    0.065318370855298
(UL:    0.048442101656694, US:    0.023584104684158) Unemploy. rate [4- 6]    0.072026206340852
Fraction of nonE>E (rlv to whole pop) [0.39]    0.029929904117283
Fraction of U>E (rlv to new entrant) [20]    0.095482726957312
Worker exit rate (rlv to workers) [3-6.5]    0.058721267611238
Nshare (US)    0.001734576704200, 	 Nshare(UL):    0.004241612599856, 	 Nshare [0.1]:    0.005976189304056
(U>E/pop>E) [0.2]    0.095482726957312
Wealth Gini [0.84]    0.786756703016725
Earning Gini [0.36]    0.377758418376708
Top 1 [41.8]    0.129769805407083
Zero wealth fraction [7- 13]    0.000571705397873
Fraction U>nonU (rlv to unemployed) [40- 65]    0.251847618462282

-------TRANSITION Worker to entrepreneur / ABILITY--------
very low	 middle 	 very high
   0.030166068520000	   0.026006095986395	   0.043518311288862	
-------TRANSITION Entrepreneur to Worker / ABILITY--------
very low 	 middle 	 very high
   0.348535080125228	   0.557290863967294	   0.235326317771299	
--------- TRANSITION MATRIX BTW CLASSES ------
  	  U     	 W     	 E 
U 	 0.7482 	 0.2122 	 0.0397 
W 	 0.0273 	 0.9413 	 0.0314 
E 	 0.2604 	 0.3928 	 0.3469 
---------------
--------- WEALTH DISTRIBUTION STATISTICS ------
Top 0.1 [22]    0.020863169689985
Top 1 [41.8]    0.129769805407083
Top 5 [?]    0.459763516256723
Top 10 [77.2]    0.604250156500341
Top 20 [?]    0.834945863580900
Bot 20 [?]    0.000342871641813
Bot 40 [?]    0.001889931922301
Bot 60 [?]    0.018367458751017
Bot 80 [?]    0.165054136419101
mworthVE  111.371830150105325
mworthWW   13.045109435526193
mworthUS   13.582737392272371
mworthUL  123.966170859351607
---------------
--------- PRODUCTION & CAPITAL -----
CapitalVE   25.716913155343541
ProductionVE    4.735035428427432
Totalcapital  386.099982017198897
Totallabor    0.864270326546825
Corproduction    7.583870736532232
Corcapital  360.383068861855349
Totalproduction   12.318906164959664
CapitalVE/Totalcapital    0.066606874781460
---------------
--------- TAXATION -----
Corporate revenu    0.000000000000000
Expenditure    0.010999762771519
Revenue Basis    1.037438459417777
Optimal tax    0.010602809903242
-------MASS--------
WW    0.862655422803892 
U    0.072026206340852 
VE    0.065318370855298 
-------WELFARE--------
UL   -7.943373392605787  US  -11.703705857108606  VE   -7.606477743077672  WW  -11.088003190460743  Wtot -10.722783939951059  Avg Firm:  393.716389716992751 
-------EQUILIBRIUM PRICES AND AGGREGATE--------
r    0.057688258463640 
w    1.200363390425356 
u    0.068388929535044 
-------MOMENTS GENERATED & STATISTICS--------
Ratio KY [3.04]   18.365760668659874
Ratio mworthVE/mworthWW [8]    4.716460940618203
Fraction E [7.55]    0.076853762763527
(UL:    0.045069587190832, US:    0.023319342344211) Unemploy. rate [4- 6]    0.068388929535044
Fraction of nonE>E (rlv to whole pop) [0.39]    0.039943920465764
Fraction of U>E (rlv to new entrant) [20]    0.088614688833851
Worker exit rate (rlv to workers) [3-6.5]    0.069872049281102
Nshare (US)    0.001309747097541, 	 Nshare(UL):    0.001164547055172, 	 Nshare [0.1]:    0.002474294152713
(U>E/pop>E) [0.2]    0.088614688833851
Wealth Gini [0.84]    0.898032650472995
Earning Gini [0.36]    0.384704264597340
Top 1 [41.8]    0.277890021452591
Zero wealth fraction [7- 13]    0.001869075408000
Fraction U>nonU (rlv to unemployed) [40- 65]    0.327638490589855

-------TRANSITION Worker to entrepreneur / ABILITY--------
very low	 middle 	 very high
   0.033398854281457	   0.046288852861148	   0.044276449674384	
-------TRANSITION Entrepreneur to Worker / ABILITY--------
very low 	 middle 	 very high
   0.394295213047544	   0.298508630994570	   0.252313944763851	
--------- TRANSITION MATRIX BTW CLASSES ------
  	  U     	 W     	 E 
U 	 0.6724 	 0.2759 	 0.0518 
W 	 0.0273 	 0.9301 	 0.0426 
E 	 0.1906 	 0.3058 	 0.5036 
---------------
--------- WEALTH DISTRIBUTION STATISTICS ------
Top 0.1 [22]    0.037729395894509
Top 1 [41.8]    0.277890021452591
Top 5 [?]    0.743143310176672
Top 10 [77.2]    0.877307988103355
Top 20 [?]    0.955540003866018
Bot 20 [?]    0.001292617411029
Bot 40 [?]    0.005365729495887
Bot 60 [?]    0.013500847406240
Bot 80 [?]    0.044459996133982
mworthVE   22.759064060084285
mworthWW    4.825453734617629
mworthUS    5.036786460347428
mworthUL  137.639788597607719
---------------
--------- PRODUCTION & CAPITAL -----
CapitalVE   14.403977480273928
ProductionVE    2.754905504541581
Totalcapital  147.383450490337538
Totallabor    0.857432498745325
Corproduction    5.269997637196458
Corcapital  132.979473010063600
Totalproduction    8.024903141738040
CapitalVE/Totalcapital    0.097731308585547
---------------
--------- TAXATION -----
Corporate revenu    0.000000000000000
Expenditure    0.010856204308329
Revenue Basis    1.029230581254822
Optimal tax    0.010547883541406
-------MASS--------
WW    0.854757307701472 
U    0.068388929535044 
VE    0.076853762763527 
-------WELFARE--------
UL   -9.085967274562643  US  -12.849457396322546  VE   -9.076099088727597  WW  -12.228759838836458  Wtot -11.859295892811222  Avg Firm:  187.420588951433132 
-------EQUILIBRIUM PRICES AND AGGREGATE--------
r    0.057688258463640 
w    1.200363390425356 
u    0.075442813477054 
-------MOMENTS GENERATED & STATISTICS--------
Ratio KY [3.04]   32.576152099501826
Ratio mworthVE/mworthWW [8]   10.273734895612790
Fraction E [7.55]    0.058478365222148
(UL:    0.051712608374754, US:    0.023730205102299) Unemploy. rate [4- 6]    0.075442813477054
Fraction of nonE>E (rlv to whole pop) [0.39]    0.026513590614392
Fraction of U>E (rlv to new entrant) [20]    0.099201577710596
Worker exit rate (rlv to workers) [3-6.5]    0.054976065140880
Nshare (US)    0.000350108782556, 	 Nshare(UL):    0.004829970676629, 	 Nshare [0.1]:    0.005180079459185
(U>E/pop>E) [0.2]    0.099201577710596
Wealth Gini [0.84]    0.852480506105083
Earning Gini [0.36]    0.375240994212424
Top 1 [41.8]    0.160118100255006
Zero wealth fraction [7- 13]    0.001862213950132
Fraction U>nonU (rlv to unemployed) [40- 65]    0.253544595684704

-------TRANSITION Worker to entrepreneur / ABILITY--------
very low	 middle 	 very high
   0.021234963061249	   0.020803606899541	   0.047946016920702	
-------TRANSITION Entrepreneur to Worker / ABILITY--------
very low 	 middle 	 very high
   0.430890731427545	   0.695323708747731	   0.176751284483651	
--------- TRANSITION MATRIX BTW CLASSES ------
  	  U     	 W     	 E 
U 	 0.7465 	 0.2187 	 0.0349 
W 	 0.0274 	 0.9450 	 0.0276 
E 	 0.3179 	 0.4219 	 0.2601 
---------------
--------- WEALTH DISTRIBUTION STATISTICS ------
Top 0.1 [22]    0.044152132259679
Top 1 [41.8]    0.160118100255006
Top 5 [?]    0.539875144980139
Top 10 [77.2]    0.784461286104868
Top 20 [?]    0.927006805849934
Bot 20 [?]    0.000376944604235
Bot 40 [?]    0.001709436479607
Bot 60 [?]    0.012330731693033
Bot 80 [?]    0.072993194150066
mworthVE   75.666644830447538
mworthWW    7.365057167550585
mworthUS    8.407884986557853
mworthUL  125.562368620703538
---------------
--------- PRODUCTION & CAPITAL -----
CapitalVE   21.353865365625293
ProductionVE    3.851220153954386
Totalcapital  369.692315540018285
Totallabor    0.865299432410742
Corproduction    7.497336741618062
Corcapital  348.338450174393017
Totalproduction   11.348556895572447
CapitalVE/Totalcapital    0.057761182659242
---------------
--------- TAXATION -----
Corporate revenu    0.000000000000000
Expenditure    0.011054074576115
Revenue Basis    1.038673760421696
Optimal tax    0.010642489487389
-------MASS--------
WW    0.866078821300841 
U    0.075442813477054 
VE    0.058478365222148 
-------WELFARE--------
UL   -8.460213455321000  US  -11.321473145430399  VE   -7.502223556930871  WW  -10.722075327247564  Wtot -10.431040715444881  Avg Firm:  365.158384378671656 
-------EQUILIBRIUM PRICES AND AGGREGATE--------
r    0.057688258463640 
w    1.200363390425356 
u    0.066780483294018 
-------MOMENTS GENERATED & STATISTICS--------
Ratio KY [3.04]   34.518849168030798
Ratio mworthVE/mworthWW [8]    4.976052466913596
Fraction E [7.55]    0.085720100724117
(UL:    0.043538879054466, US:    0.023241604239552) Unemploy. rate [4- 6]    0.066780483294018
Fraction of nonE>E (rlv to whole pop) [0.39]    0.041939248877240
Fraction of U>E (rlv to new entrant) [20]    0.087548039566414
Worker exit rate (rlv to workers) [3-6.5]    0.072577222988925
Nshare (US)    0.001392865391060, 	 Nshare(UL):    0.003047909628407, 	 Nshare [0.1]:    0.004440775019466
(U>E/pop>E) [0.2]    0.087548039566414
Wealth Gini [0.84]    0.820640646679151
Earning Gini [0.36]    0.387407664283851
Top 1 [41.8]    0.116403911768924
Zero wealth fraction [7- 13]    0.001160143529034
Fraction U>nonU (rlv to unemployed) [40- 65]    0.312681021357783

-------TRANSITION Worker to entrepreneur / ABILITY--------
very low	 middle 	 very high
   0.057377568886722	   0.036083666012232	   0.051667704736374	
-------TRANSITION Entrepreneur to Worker / ABILITY--------
very low 	 middle 	 very high
   0.190666367831634	   0.291588638757894	   0.182390843618142	
--------- TRANSITION MATRIX BTW CLASSES ------
  	  U     	 W     	 E 
U 	 0.6873 	 0.2577 	 0.0550 
W 	 0.0274 	 0.9274 	 0.0452 
E 	 0.1573 	 0.2306 	 0.6121 
---------------
--------- WEALTH DISTRIBUTION STATISTICS ------
Top 0.1 [22]    0.027964005595705
Top 1 [41.8]    0.116403911768924
Top 5 [?]    0.405878471134127
Top 10 [77.2]    0.696000291189467
Top 20 [?]    0.911552420167152
Bot 20 [?]    0.000514725173404
Bot 40 [?]    0.002522162789293
Bot 60 [?]    0.008651930837876
Bot 80 [?]    0.088447579832848
mworthVE   46.170768681592392
mworthWW    9.278593621869481
mworthUS    9.372119957960130
mworthUL  189.315047778343569
---------------
--------- PRODUCTION & CAPITAL -----
CapitalVE   25.052668962487484
ProductionVE    4.639613280400113
Totalcapital  430.813018800493921
Totallabor    0.851716866266378
Corproduction    7.840901834787622
Corcapital  405.760349838006448
Totalproduction   12.480515115187735
CapitalVE/Totalcapital    0.058152070316355
---------------
--------- TAXATION -----
Corporate revenu    0.000000000000000
Expenditure    0.010871473412457
Revenue Basis    1.022369745273968
Optimal tax    0.010633602434649
-------MASS--------
WW    0.847499415981907 
U    0.066780483294018 
VE    0.085720100724117 
-------WELFARE--------
UL   -8.799226558022715  US  -11.049107776130143  VE   -9.313121320450646  WW  -10.606069239000437  Wtot -10.426866634577058  Avg Firm:  292.261310367769511 
-------EQUILIBRIUM PRICES AND AGGREGATE--------
r    0.057688258463640 
w    1.200363390425356 
u    0.095760939408619 
-------MOMENTS GENERATED & STATISTICS--------
Ratio KY [3.04]   75.831368608452578
Ratio mworthVE/mworthWW [8]    1.031256492293737
Fraction E [7.55]    0.098525475966353
(UL:    0.072586536025732, US:    0.023174403382888) Unemploy. rate [4- 6]    0.095760939408619
Fraction of nonE>E (rlv to whole pop) [0.39]    0.046878901476612
Fraction of U>E (rlv to new entrant) [20]    0.081068650206292
Worker exit rate (rlv to workers) [3-6.5]    0.082228842677971
Nshare (US)    0.000000000000000, 	 Nshare(UL):    0.000000000000000, 	 Nshare [0.1]:    0.000000000000000
(U>E/pop>E) [0.2]    0.081068650206292
Wealth Gini [0.84]    0.010463141252412
Earning Gini [0.36]    0.418990754308559
Top 1 [41.8]    0.076951685991296
Zero wealth fraction [7- 13]    0.000000000000000
Fraction U>nonU (rlv to unemployed) [40- 65]    0.039694507979141

-------TRANSITION Worker to entrepreneur / ABILITY--------
very low	 middle 	 very high
   0.053443717092098	   0.053475065551630	   0.053470642500381	
-------TRANSITION Entrepreneur to Worker / ABILITY--------
very low 	 middle 	 very high
   0.000004275599250	   0.000004134238881	   0.000004612586422	
--------- TRANSITION MATRIX BTW CLASSES ------
  	  U     	 W     	 E 
U 	 0.9603 	 0.0000 	 0.0397 
W 	 0.0288 	 0.9178 	 0.0535 
E 	 0.2303 	 0.0000 	 0.7697 
---------------
--------- WEALTH DISTRIBUTION STATISTICS ------
Top 0.1 [22]    0.077651246773035
Top 1 [41.8]    0.076951685991296
Top 5 [?]    0.073842526961345
Top 10 [77.2]    0.610533140024800
Top 20 [?]    0.555849404910746
Bot 20 [?]    0.069260738779677
Bot 40 [?]    0.662885535545467
Bot 60 [?]    0.553518065317360
Bot 80 [?]    0.444150595089254
mworthVE 4839.588783185736247
mworthWW 4692.905033180879400
mworthUS 4692.905142859358421
mworthUL 4755.438152090470794
---------------
--------- PRODUCTION & CAPITAL -----
CapitalVE  304.253577953825015
ProductionVE   45.033548428654569
Totalcapital 4781.842809286439660
Totallabor    0.810225708149441
Corproduction   18.025353145138588
Corcapital 4477.589231332614872
Totalproduction   63.058901573793158
CapitalVE/Totalcapital    0.063626846403850
---------------
--------- TAXATION -----
Corporate revenu    0.000000000000000
Expenditure    0.010959122387217
Revenue Basis    0.972565278044047
Optimal tax    0.011268264079154
-------MASS--------
WW    0.805713584625068 
U    0.095760939408619 
VE    0.098525475966353 
-------WELFARE--------
UL   -2.416487317475612  US   -2.429762228515569  VE   -2.245234976276840  WW   -2.427685096360116  Wtot  -2.408944439756933  Avg Firm: 3088.070115568184519 
-------EQUILIBRIUM PRICES AND AGGREGATE--------
r    0.057688258463640 
w    1.200363390425356 
u    0.067343657645438 
-------MOMENTS GENERATED & STATISTICS--------
Ratio KY [3.04]    3.506342449709236
Ratio mworthVE/mworthWW [8]    3.262725977577609
Fraction E [7.55]    0.083168219890285
(UL:    0.044288424485358, US:    0.023055233160080) Unemploy. rate [4- 6]    0.067343657645438
Fraction of nonE>E (rlv to whole pop) [0.39]    0.048570320182372
Fraction of U>E (rlv to new entrant) [20]    0.078461608048350
Worker exit rate (rlv to workers) [3-6.5]    0.079830013068099
Nshare (US)    0.001733680833405, 	 Nshare(UL):    0.009223384328346, 	 Nshare [0.1]:    0.010957065161751
(U>E/pop>E) [0.2]    0.078461608048350
Wealth Gini [0.84]    0.815038707330252
Earning Gini [0.36]    0.380044316973984
Top 1 [41.8]    0.218732489783435
Zero wealth fraction [7- 13]    0.049177590369777
Fraction U>nonU (rlv to unemployed) [40- 65]    0.371593068425718

-------TRANSITION Worker to entrepreneur / ABILITY--------
very low	 middle 	 very high
   0.089161938069485	   0.000000003306222	   0.137634475970481	
-------TRANSITION Entrepreneur to Worker / ABILITY--------
very low 	 middle 	 very high
   0.219230014833145	   1.847881144951902	   0.040303498967460	
--------- TRANSITION MATRIX BTW CLASSES ------
  	  U     	 W     	 E 
U 	 0.6284 	 0.3150 	 0.0566 
W 	 0.0271 	 0.9202 	 0.0527 
E 	 0.2065 	 0.2915 	 0.5021 
---------------
--------- WEALTH DISTRIBUTION STATISTICS ------
Top 0.1 [22]    0.041833286760553
Top 1 [41.8]    0.218732489783435
Top 5 [?]    0.574673950245972
Top 10 [77.2]    0.762677110359733
Top 20 [?]    0.879732166031023
Bot 20 [?]    0.004466580917984
Bot 40 [?]    0.023710473473817
Bot 60 [?]    0.054616469036647
Bot 80 [?]    0.120267833968977
mworthVE    4.261339874157796
mworthWW    1.306067350872537
mworthUS    1.185769162888574
mworthUL   40.672983271264272
---------------
--------- PRODUCTION & CAPITAL -----
CapitalVE    3.377891511120658
ProductionVE    0.883791377554023
Totalcapital    8.925690618376056
Totallabor    0.843497002636891
Corproduction    1.661793015982957
Corcapital    5.547799107255398
Totalproduction    2.545584393536980
CapitalVE/Totalcapital    0.378445955113693
---------------
--------- TAXATION -----
Corporate revenu    0.000000000000000
Expenditure    0.010710205922268
Revenue Basis    1.012502921898843
Optimal tax    0.010577950631670
-------MASS--------
WW    0.849488122464319 
U    0.067343657645438 
VE    0.083168219890285 
-------WELFARE--------
UL  -10.493316553555360  US  -22.234588266378186  VE  -15.968081993002025  WW  -20.432764179018815  Wtot -19.662783508093792  Avg Firm:   40.615171463051098 
-------EQUILIBRIUM PRICES AND AGGREGATE--------
r    0.057688258463640 
w    1.200363390425356 
u    0.056974834852670 
-------MOMENTS GENERATED & STATISTICS--------
Ratio KY [3.04]   11.504678315191134
Ratio mworthVE/mworthWW [8]    3.262177580856049
Fraction E [7.55]    0.175994081635512
(UL:    0.035767991105655, US:    0.021206843747015) Unemploy. rate [4- 6]    0.056974834852670
Fraction of nonE>E (rlv to whole pop) [0.39]    0.117115517641417
Fraction of U>E (rlv to new entrant) [20]    0.072508000075699
Worker exit rate (rlv to workers) [3-6.5]    0.169263739393711
Nshare (US)    0.000513373121862, 	 Nshare(UL):    0.000460594437973, 	 Nshare [0.1]:    0.000973967559835
(U>E/pop>E) [0.2]    0.072508000075699
Wealth Gini [0.84]    0.926078579271492
Earning Gini [0.36]    0.444028546954913
Top 1 [41.8]    0.404546997617826
Zero wealth fraction [7- 13]    0.039183865048849
Fraction U>nonU (rlv to unemployed) [40- 65]    0.463267780680700

-------TRANSITION Worker to entrepreneur / ABILITY--------
very low	 middle 	 very high
   0.171889945921768	   0.121227920072924	   0.154283892197262	
-------TRANSITION Entrepreneur to Worker / ABILITY--------
very low 	 middle 	 very high
   0.038936711112664	   0.068015111767199	   0.035471852484865	
--------- TRANSITION MATRIX BTW CLASSES ------
  	  U     	 W     	 E 
U 	 0.5367 	 0.3142 	 0.1490 
W 	 0.0276 	 0.8307 	 0.1416 
E 	 0.0661 	 0.0509 	 0.8830 
---------------
--------- WEALTH DISTRIBUTION STATISTICS ------
Top 0.1 [22]    0.094501161649801
Top 1 [41.8]    0.404546997617826
Top 5 [?]    0.850589680066648
Top 10 [77.2]    0.928676574027322
Top 20 [?]    0.964985682137366
Bot 20 [?]    0.001093027298708
Bot 40 [?]    0.005630723417924
Bot 60 [?]    0.013643376995343
Bot 80 [?]    0.035014317862634
mworthVE    9.037582339795236
mworthWW    2.770413969132736
mworthUS    2.740320378767930
mworthUL   95.887298458261569
---------------
--------- PRODUCTION & CAPITAL -----
CapitalVE   16.363434594985520
ProductionVE    3.403687236813572
Totalcapital   83.490991275787437
Totallabor    0.772249959744183
Corproduction    3.853446686309107
Corcapital   67.127556680801916
Totalproduction    7.257133923122678
CapitalVE/Totalcapital    0.195990421780163
---------------
--------- TAXATION -----
Corporate revenu    0.000000000000000
Expenditure    0.009909103482559
Revenue Basis    0.926980579934373
Optimal tax    0.010689655961574
-------MASS--------
WW    0.767031083511860 
U    0.056974834852670 
VE    0.175994081635512 
-------WELFARE--------
UL  -12.263571453059379  US  -17.174715731157853  VE  -13.708737523134518  WW  -16.342710215361574  Wtot -15.750888222342128  Avg Firm:   92.977186749237489 
-------EQUILIBRIUM PRICES AND AGGREGATE--------
r    0.057688258463640 
w    1.200363390425356 
u    0.068762944067918 
-------MOMENTS GENERATED & STATISTICS--------
Ratio KY [3.04]   14.231520635596006
Ratio mworthVE/mworthWW [8]    8.542422829822954
Fraction E [7.55]    0.102182756199735
(UL:    0.046139596125140, US:    0.022623347942778) Unemploy. rate [4- 6]    0.068762944067918
Fraction of nonE>E (rlv to whole pop) [0.39]    0.063094342840202
Fraction of U>E (rlv to new entrant) [20]    0.085524079470392
Worker exit rate (rlv to workers) [3-6.5]    0.096883407055138
Nshare (US)    0.000806365917313, 	 Nshare(UL):    0.000819027605233, 	 Nshare [0.1]:    0.001625393522546
(U>E/pop>E) [0.2]    0.085524079470392
Wealth Gini [0.84]    0.856233544241676
Earning Gini [0.36]    0.391993584740022
Top 1 [41.8]    0.263777680936447
Zero wealth fraction [7- 13]    0.012211021120976
Fraction U>nonU (rlv to unemployed) [40- 65]    0.327820613394802

-------TRANSITION Worker to entrepreneur / ABILITY--------
very low	 middle 	 very high
   0.139090753410310	   0.030498889372356	   0.089581059942905	
-------TRANSITION Entrepreneur to Worker / ABILITY--------
very low 	 middle 	 very high
   0.048641536529160	   0.675019972811199	   0.056091478528416	
--------- TRANSITION MATRIX BTW CLASSES ------
  	  U     	 W     	 E 
U 	 0.6722 	 0.2493 	 0.0785 
W 	 0.0273 	 0.9031 	 0.0696 
E 	 0.1451 	 0.2037 	 0.6512 
---------------
--------- WEALTH DISTRIBUTION STATISTICS ------
Top 0.1 [22]    0.055515024856548
Top 1 [41.8]    0.263777680936447
Top 5 [?]    0.581014933951291
Top 10 [77.2]    0.734733710338529
Top 20 [?]    0.910641752397851
Bot 20 [?]    0.000647858319897
Bot 40 [?]    0.003010200548228
Bot 60 [?]    0.008917262795510
Bot 80 [?]    0.089358247602149
mworthVE   21.453267397904149
mworthWW    2.511379713376794
mworthUS    2.496549191107206
mworthUL   64.889682264238687
---------------
--------- PRODUCTION & CAPITAL -----
CapitalVE   21.748740974975377
ProductionVE    4.105637352532670
Totalcapital  126.317722087103647
Totallabor    0.840059200734594
Corproduction    4.770274457703310
Corcapital  104.568981112128270
Totalproduction    8.875911810235980
CapitalVE/Totalcapital    0.172174898467361
---------------
--------- TAXATION -----
Corporate revenu    0.000000000000000
Expenditure    0.010700652925953
Revenue Basis    1.008376310351792
Optimal tax    0.010611765484871
-------MASS--------
WW    0.829054299732388 
U    0.068762944067918 
VE    0.102182756199735 
-------WELFARE--------
UL  -11.088773004572415  US  -16.508247759051557  VE  -10.174909069937089  WW  -15.627410276662053  Wtot -14.880775277329573  Avg Firm:  212.841596604258314 
-------EQUILIBRIUM PRICES AND AGGREGATE--------
r    0.057688258463640 
w    1.200363390425356 
u    0.067458671744422 
-------MOMENTS GENERATED & STATISTICS--------
Ratio KY [3.04]   19.530493968968813
Ratio mworthVE/mworthWW [8]    3.002759490261464
Fraction E [7.55]    0.144966182378911
(UL:    0.045703070981380, US:    0.021755600763043) Unemploy. rate [4- 6]    0.067458671744422
Fraction of nonE>E (rlv to whole pop) [0.39]    0.096926502356991
Fraction of U>E (rlv to new entrant) [20]    0.070257472344092
Worker exit rate (rlv to workers) [3-6.5]    0.142046498860434
Nshare (US)    0.000521801776612, 	 Nshare(UL):    0.001061710702073, 	 Nshare [0.1]:    0.001583512478685
(U>E/pop>E) [0.2]    0.070257472344092
Wealth Gini [0.84]    0.890267881873442
Earning Gini [0.36]    0.434395087463954
Top 1 [41.8]    0.193480069340745
Zero wealth fraction [7- 13]    0.000867810096629
Fraction U>nonU (rlv to unemployed) [40- 65]    0.349835655780296

-------TRANSITION Worker to entrepreneur / ABILITY--------
very low	 middle 	 very high
   0.101827367678293	   0.127971499633465	   0.100411310037667	
-------TRANSITION Entrepreneur to Worker / ABILITY--------
very low 	 middle 	 very high
   0.121159609515298	   0.071887173234674	   0.074577172640332	
--------- TRANSITION MATRIX BTW CLASSES ------
  	  U     	 W     	 E 
U 	 0.6502 	 0.2489 	 0.1009 
W 	 0.0276 	 0.8580 	 0.1144 
E 	 0.1101 	 0.0835 	 0.8064 
---------------
--------- WEALTH DISTRIBUTION STATISTICS ------
Top 0.1 [22]    0.024804564615994
Top 1 [41.8]    0.193480069340745
Top 5 [?]    0.651649554195663
Top 10 [77.2]    0.876032016681844
Top 20 [?]    0.968524133028962
Bot 20 [?]    0.000655274628232
Bot 40 [?]    0.003085864980836
Bot 60 [?]    0.009256027668545
Bot 80 [?]    0.031475866971038
mworthVE   12.178094877565542
mworthWW    4.055634464585487
mworthUS    4.100498644092917
mworthUL  103.651293757206346
---------------
--------- PRODUCTION & CAPITAL -----
CapitalVE   22.536770661143148
ProductionVE    4.319070333490959
Totalcapital  190.673953178500398
Totallabor    0.790520253559324
Corproduction    5.443813978675149
Corcapital  168.137182517357246
Totalproduction    9.762884312166108
CapitalVE/Totalcapital    0.118195329175586
---------------
--------- TAXATION -----
Corporate revenu    0.000000000000000
Expenditure    0.010178263973653
Revenue Basis    0.948911571762381
Optimal tax    0.010726251293099
-------MASS--------
WW    0.787575145876710 
U    0.067458671744422 
VE    0.144966182378911 
-------WELFARE--------
UL   -9.228513587478911  US  -13.370829413275237  VE  -11.226008875369768  WW  -12.748583199287490  Wtot -12.380520761041476  Avg Firm:  155.462262241526361 
-------EQUILIBRIUM PRICES AND AGGREGATE--------
r    0.057688258463640 
w    1.200363390425356 
u    0.074561822137554 
-------MOMENTS GENERATED & STATISTICS--------
Ratio KY [3.04]   25.788557947065549
Ratio mworthVE/mworthWW [8]    8.334470310334103
Fraction E [7.55]    0.101044417222936
(UL:    0.051817214844716, US:    0.022744607292838) Unemploy. rate [4- 6]    0.074561822137554
Fraction of nonE>E (rlv to whole pop) [0.39]    0.062089909083014
Fraction of U>E (rlv to new entrant) [20]    0.083366849639915
Worker exit rate (rlv to workers) [3-6.5]    0.096626490961525
Nshare (US)    0.000600155376141, 	 Nshare(UL):    0.001804691385147, 	 Nshare [0.1]:    0.002404846761288
(U>E/pop>E) [0.2]    0.083366849639915
Wealth Gini [0.84]    0.787390114163616
Earning Gini [0.36]    0.406367846442855
Top 1 [41.8]    0.123616851628816
Zero wealth fraction [7- 13]    0.000441549244967
Fraction U>nonU (rlv to unemployed) [40- 65]    0.237218918275512

-------TRANSITION Worker to entrepreneur / ABILITY--------
very low	 middle 	 very high
   0.056935591798309	   0.066129643215682	   0.087165526285915	
-------TRANSITION Entrepreneur to Worker / ABILITY--------
very low 	 middle 	 very high
   0.207501671552759	   0.264346908597012	   0.101611869138039	
--------- TRANSITION MATRIX BTW CLASSES ------
  	  U     	 W     	 E 
U 	 0.7628 	 0.1678 	 0.0694 
W 	 0.0276 	 0.9034 	 0.0690 
E 	 0.1873 	 0.1980 	 0.6147 
---------------
--------- WEALTH DISTRIBUTION STATISTICS ------
Top 0.1 [22]    0.044606318969104
Top 1 [41.8]    0.123616851628816
Top 5 [?]    0.444470866940939
Top 10 [77.2]    0.607666883306850
Top 20 [?]    0.837019729961056
Bot 20 [?]    0.000274904341806
Bot 40 [?]    0.001499087731812
Bot 60 [?]    0.017242521959929
Bot 80 [?]    0.162980270038944
mworthVE   96.015604468957775
mworthWW   11.520300738237175
mworthUS   12.271891833043995
mworthUL   96.154649861983813
---------------
--------- PRODUCTION & CAPITAL -----
CapitalVE   39.249201373200123
ProductionVE    7.155392230347649
Totalcapital  367.941522231978183
Totallabor    0.823313747396456
Corproduction    7.112234636855518
Corcapital  328.692320858778089
Totalproduction   14.267626867203168
CapitalVE/Totalcapital    0.106672389501217
---------------
--------- TAXATION -----
Corporate revenu    0.000000000000000
Expenditure    0.010598463130229
Revenue Basis    0.988275681208615
Optimal tax    0.010724197035049
-------MASS--------
WW    0.824393760639552 
U    0.074561822137554 
VE    0.101044417222936 
-------WELFARE--------
UL   -8.729093149894872  US  -13.357562976458777  VE   -8.346905954240707  WW  -12.794990845963429  Wtot -12.147648688049896  Avg Firm:  388.435130330891582 
-------EQUILIBRIUM PRICES AND AGGREGATE--------
r    0.057688258463640 
w    1.200363390425356 
u    0.070218194358561 
-------MOMENTS GENERATED & STATISTICS--------
Ratio KY [3.04]   16.482711713223988
Ratio mworthVE/mworthWW [8]    3.838930831586800
Fraction E [7.55]    0.120743812835315
(UL:    0.047993160449263, US:    0.022225033909298) Unemploy. rate [4- 6]    0.070218194358561
Fraction of nonE>E (rlv to whole pop) [0.39]    0.080271182133470
Fraction of U>E (rlv to new entrant) [20]    0.079574956428659
Worker exit rate (rlv to workers) [3-6.5]    0.118793729190230
Nshare (US)    0.000784980920600, 	 Nshare(UL):    0.000674215113557, 	 Nshare [0.1]:    0.001459196034156
(U>E/pop>E) [0.2]    0.079574956428659
Wealth Gini [0.84]    0.900922873756961
Earning Gini [0.36]    0.417634149018514
Top 1 [41.8]    0.272908622458599
Zero wealth fraction [7- 13]    0.001667546017952
Fraction U>nonU (rlv to unemployed) [40- 65]    0.306073800300542

-------TRANSITION Worker to entrepreneur / ABILITY--------
very low	 middle 	 very high
   0.081588701081572	   0.095727827494850	   0.092140997723390	
-------TRANSITION Entrepreneur to Worker / ABILITY--------
very low 	 middle 	 very high
   0.201479299710195	   0.163374980239037	   0.112023507082978	
--------- TRANSITION MATRIX BTW CLASSES ------
  	  U     	 W     	 E 
U 	 0.6939 	 0.2151 	 0.0910 
W 	 0.0275 	 0.8812 	 0.0913 
E 	 0.1218 	 0.1576 	 0.7206 
---------------
--------- WEALTH DISTRIBUTION STATISTICS ------
Top 0.1 [22]    0.035675400831748
Top 1 [41.8]    0.272908622458599
Top 5 [?]    0.741162041110258
Top 10 [77.2]    0.876723556175364
Top 20 [?]    0.958637239738389
Bot 20 [?]    0.000858046906694
Bot 40 [?]    0.003733833439254
Bot 60 [?]    0.011429445426217
Bot 80 [?]    0.041362760261611
mworthVE   14.650651832470279
mworthWW    3.816336494506341
mworthUS    4.070148443684006
mworthUL  104.660177834060903
---------------
--------- PRODUCTION & CAPITAL -----
CapitalVE   18.675134735387619
ProductionVE    3.583207139669222
Totalcapital  140.241073892741269
Totallabor    0.811336505508715
Corproduction    4.925166745207175
Corcapital  121.565939157353640
Totalproduction    8.508373884876397
CapitalVE/Totalcapital    0.133164516050916
---------------
--------- TAXATION -----
Corporate revenu    0.000000000000000
Expenditure    0.010372259627428
Revenue Basis    0.973898638528301
Optimal tax    0.010650245535924
-------MASS--------
WW    0.809037992806166 
U    0.070218194358561 
VE    0.120743812835315 
-------WELFARE--------
UL   -9.484245017192347  US  -13.786082381392307  VE  -10.627551935639186  WW  -13.244429621164352  Wtot -12.760032939636796  Avg Firm:  154.667425989429773 
-------EQUILIBRIUM PRICES AND AGGREGATE--------
r    0.057688258463640 
w    1.200363390425356 
u    0.076473198462136 
-------MOMENTS GENERATED & STATISTICS--------
Ratio KY [3.04]   30.766540070510235
Ratio mworthVE/mworthWW [8]   11.887761160567830
Fraction E [7.55]    0.077968918987593
(UL:    0.053214574071373, US:    0.023258624390763) Unemploy. rate [4- 6]    0.076473198462136
Fraction of nonE>E (rlv to whole pop) [0.39]    0.042461946845021
Fraction of U>E (rlv to new entrant) [20]    0.095665430280165
Worker exit rate (rlv to workers) [3-6.5]    0.072920413957177
Nshare (US)    0.000978299463544, 	 Nshare(UL):    0.003466347472629, 	 Nshare [0.1]:    0.004444646936173
(U>E/pop>E) [0.2]    0.095665430280165
Wealth Gini [0.84]    0.853424521262534
Earning Gini [0.36]    0.389482732014458
Top 1 [41.8]    0.229661962861868
Zero wealth fraction [7- 13]    0.001277702237866
Fraction U>nonU (rlv to unemployed) [40- 65]    0.242250596083973

-------TRANSITION Worker to entrepreneur / ABILITY--------
very low	 middle 	 very high
   0.046566574087815	   0.040158242763338	   0.055010841784847	
-------TRANSITION Entrepreneur to Worker / ABILITY--------
very low 	 middle 	 very high
   0.258315308604385	   0.398097887125624	   0.114265936562487	
--------- TRANSITION MATRIX BTW CLASSES ------
  	  U     	 W     	 E 
U 	 0.7577 	 0.1891 	 0.0531 
W 	 0.0275 	 0.9271 	 0.0454 
E 	 0.2365 	 0.2655 	 0.4980 
---------------
--------- WEALTH DISTRIBUTION STATISTICS ------
Top 0.1 [22]    0.093377112295218
Top 1 [41.8]    0.229661962861868
Top 5 [?]    0.532612378838781
Top 10 [77.2]    0.784678425363331
Top 20 [?]    0.928358455163043
Bot 20 [?]    0.000186090296236
Bot 40 [?]    0.001216505000074
Bot 60 [?]    0.011270690084217
Bot 80 [?]    0.071641544836957
mworthVE   70.032968069464559
mworthWW    5.891182294422827
mworthUS    7.306336922865096
mworthUL  114.404053366039378
---------------
--------- PRODUCTION & CAPITAL -----
CapitalVE   22.329780260637499
ProductionVE    4.182842626051369
Totalcapital  351.810069046854210
Totallabor    0.847588005878857
Corproduction    7.251984567405610
Corcapital  329.480288786216704
Totalproduction   11.434827193456979
CapitalVE/Totalcapital    0.063471123271528
---------------
--------- TAXATION -----
Corporate revenu    0.000000000000000
Expenditure    0.010889493506333
Revenue Basis    1.017413612420612
Optimal tax    0.010703113633820
-------MASS--------
WW    0.845557882550313 
U    0.076473198462136 
VE    0.077968918987593 
-------WELFARE--------
UL   -8.962023536742938  US  -11.853764849343284  VE   -7.727890894471156  WW  -11.329928599175416  Wtot -10.935258264433683  Avg Firm:  286.393354564666936 
-------EQUILIBRIUM PRICES AND AGGREGATE--------
r    0.057688258463640 
w    1.200363390425356 
u    0.067669536335177 
-------MOMENTS GENERATED & STATISTICS--------
Ratio KY [3.04]   29.790433023131914
Ratio mworthVE/mworthWW [8]    4.086245402361191
Fraction E [7.55]    0.115029962283532
(UL:    0.045231379977408, US:    0.022438156357769) Unemploy. rate [4- 6]    0.067669536335177
Fraction of nonE>E (rlv to whole pop) [0.39]    0.068744277575373
Fraction of U>E (rlv to new entrant) [20]    0.084957832439142
Worker exit rate (rlv to workers) [3-6.5]    0.104419450341103
Nshare (US)    0.001845142432259, 	 Nshare(UL):    0.001660898132069, 	 Nshare [0.1]:    0.003506040564328
(U>E/pop>E) [0.2]    0.084957832439142
Wealth Gini [0.84]    0.821573262019346
Earning Gini [0.36]    0.409510770999125
Top 1 [41.8]    0.185589921181748
Zero wealth fraction [7- 13]    0.002899822112948
Fraction U>nonU (rlv to unemployed) [40- 65]    0.303588352434574

-------TRANSITION Worker to entrepreneur / ABILITY--------
very low	 middle 	 very high
   0.093642547720492	   0.079002153577389	   0.057356734771893	
-------TRANSITION Entrepreneur to Worker / ABILITY--------
very low 	 middle 	 very high
   0.114639379874998	   0.149892912416140	   0.175661715320778	
--------- TRANSITION MATRIX BTW CLASSES ------
  	  U     	 W     	 E 
U 	 0.6964 	 0.2173 	 0.0863 
W 	 0.0275 	 0.8956 	 0.0770 
E 	 0.1213 	 0.1453 	 0.7334 
---------------
--------- WEALTH DISTRIBUTION STATISTICS ------
Top 0.1 [22]    0.012106040329531
Top 1 [41.8]    0.185589921181748
Top 5 [?]    0.429315092653110
Top 10 [77.2]    0.678591736650414
Top 20 [?]    0.911460885739915
Bot 20 [?]    0.000342679045489
Bot 40 [?]    0.002031159168631
Bot 60 [?]    0.007908502197319
Bot 80 [?]    0.088539114260085
mworthVE   33.515839219555218
mworthWW    8.202111209519737
mworthUS    8.367175640659148
mworthUL  157.388376589500126
---------------
--------- PRODUCTION & CAPITAL -----
CapitalVE   34.493691760098194
ProductionVE    6.271588932387006
Totalcapital  409.692784628078471
Totallabor    0.827048921110916
Corproduction    7.480906182737939
Corcapital  375.199092867980255
Totalproduction   13.752495115124944
CapitalVE/Totalcapital    0.084194042595629
---------------
--------- TAXATION -----
Corporate revenu    0.000000000000000
Expenditure    0.010555396174928
Revenue Basis    0.992759246992331
Optimal tax    0.010632382631445
-------MASS--------
WW    0.817300501381334 
U    0.067669536335177 
VE    0.115029962283532 
-------WELFARE--------
UL   -9.390290060952269  US  -11.372786839268365  VE   -9.227750394879143  WW  -11.007653722494462  Wtot -10.737948833479718  Avg Firm:  299.867017908571881 
