===================Program Starting: Mon Jan 16 11:47:21 2017

------ Estimated Model parameters------
             betapar		   0.870000000000000
              Etapar		   0.034000000000000	   0.027000000000000	   0.024000000000000
               Kappa		   3.250000000000000	   3.500000000000000	   3.750000000000000
                PROD		   0.500000000000000	   1.750000000000000	   2.500000000000000
              GTRANS		   0.450000000000000	   0.650000000000000
             phiparW		   1.050000000000000
             phiparE		   2.000000000000000
             costpar		   0.000000000000000
               nupar		   0.870000000000000
                fpar		   0.750000000000000
               mupar		   0.100000000000000
               xipar		   0.040000000000000

------ Fixed Model parameters------
             maxgrid		                 250
             Gridmin		   0.000000000000000
             Gridmax		5000.000000000000000
             corptax		   0.000000000000000
            alphapar		   0.360000000000000
            deltapar		   0.060000000000000
             rhostar		   0.540000000000000
            sigmapar		   1.390000000000000
              TFPpar		   1.000000000000000
              pLTpar		   0.000000000000000
          EffortMaxU		 100.000000000000000
          EffortMaxE		 100.000000000000000

------ Convergence criterions------
        epsilonValue		   0.000001000000000
        epsilonendoK		   0.000001000000000
           maxiterVF		   0.000001000000000
        maxiterendoK		   0.000001000000000
         epsilonDist		   0.000000010000000
        epsilonprice		   0.000001000000000
       epsilonparams		   0.000001000000000
          relaxendoK		   0.300000000000000
              relaxK		   0.050000000000000
            relaxTax		   0.200000000000000
----------------------------
R:    0.045000000000000,	 W:    1.279915062232225,	 K:    6.381252389209258	, L:    0.930661063223172, 	 TAX:    0.015747715938431

-------EQUILIBRIUM PRICES AND AGGREGATE--------
r    0.045000000000000 
w    1.279915062232225 
u    0.047462668255279 
-------MOMENTS GENERATED & STATISTICS--------
Ratio KY [3.04]    3.181895418724021
Ratio mworthVE/mworthWW [8]   26.364096791019573
Fraction E [7.55]    0.037170738945899
(UL:    0.012935757203225, US:    0.034526911052054) Unemploy. rate [4- 6]    0.047462668255279
Fraction of nonE>E (rlv to whole pop) [0.39]    0.003977667666058
Fraction of U>E (rlv to new entrant) [20]    0.126539621229608
Worker exit rate (rlv to workers) [3-6.5]    0.031689531159689
Nshare (US)    0.002307773751922, 	 Nshare(UL):    0.000010474666429, 	 Nshare [0.1]:    0.002318248418350
(U>E/pop>E) [0.2]    0.126539621229608
Wealth Gini [0.84]    0.928976237343943
Earning Gini [0.36]    0.295902943533802
Top 1 [41.8]    0.610122630100568
Zero wealth fraction [7- 13]    0.110833438968181
Fraction U>nonU (rlv to unemployed) [40- 65]    0.617698084724226

-------TRANSITION Worker to entrepreneur / ABILITY--------
very low	 middle 	 very high
   0.001830547998953	   0.003947918786003	   0.005458988220243	
-------TRANSITION Entrepreneur to Worker / ABILITY--------
very low 	 middle 	 very high
   0.002094050821572	   0.010335855661004	   0.007791970989187	
--------- TRANSITION MATRIX BTW CLASSES ------
  	  U     	 W     	 E 
U 	 0.3823 	 0.6071 	 0.0106 
W 	 0.0279 	 0.9683 	 0.0038 
E 	 0.0992 	 0.0079 	 0.8930 
---------------
--------- WEALTH DISTRIBUTION STATISTICS ------
Top 0.1 [22]    0.181461203514750
Top 1 [41.8]    0.610122630100568
Top 5 [?]    0.894726620556218
Top 10 [77.2]    0.933112204388030
Top 20 [?]    0.951404629292980
Bot 20 [?]    0.000546791822970
Bot 40 [?]    0.009136692435738
Bot 60 [?]    0.024106052465692
Bot 80 [?]    0.048595370707020
mworthVE   32.784912836045550
mworthWW    1.243543941441343
mworthUS    0.979175263602721
mworthUL  314.796918839277623
---------------
--------- PRODUCTION & CAPITAL -----
CapitalVE    9.775799881454533
ProductionVE    2.589398420051560
Totalcapital   16.294446475831887
Totallabor    1.487093660727389
Corproduction    2.531589020310688
Corcapital    6.518646594377352
Totalproduction    5.120987440362248
CapitalVE/Totalcapital    0.599946730068684
---------------
--------- TAXATION -----
Corporate revenu    0.000000000000000
Expenditure    0.037358441018620
Revenue Basis    1.903353575315044
Optimal tax    0.019627693720772
-------MASS--------
WW    0.915366592798815 
U    0.047462668255279 
VE    0.037170738945899 
R:    0.052793742057126,	 W:    1.229390393765041,	 K:    6.388122099467662	, L:    1.041947582724016, 	 TAX:    0.016523711494899

-------EQUILIBRIUM PRICES AND AGGREGATE--------
r    0.052793742057126 
w    1.229390393765041 
u    0.062074656408212 
-------MOMENTS GENERATED & STATISTICS--------
Ratio KY [3.04]    3.915165820902840
Ratio mworthVE/mworthWW [8]   23.758928673360238
Fraction E [7.55]    0.075775572892534
(UL:    0.028675648672925, US:    0.033399007735287) Unemploy. rate [4- 6]    0.062074656408212
Fraction of nonE>E (rlv to whole pop) [0.39]    0.008101991123794
Fraction of U>E (rlv to new entrant) [20]    0.136333523915840
Worker exit rate (rlv to workers) [3-6.5]    0.035899926953052
Nshare (US)    0.001916585444909, 	 Nshare(UL):    0.000010018648545, 	 Nshare [0.1]:    0.001926604093454
(U>E/pop>E) [0.2]    0.136333523915840
Wealth Gini [0.84]    0.919604691699538
Earning Gini [0.36]    0.337266562862449
Top 1 [41.8]    0.438217003388252
Zero wealth fraction [7- 13]    0.088452200732135
Fraction U>nonU (rlv to unemployed) [40- 65]    0.510114589992728

-------TRANSITION Worker to entrepreneur / ABILITY--------
very low	 middle 	 very high
   0.004156077656678	   0.008491677840660	   0.011363049303140	
-------TRANSITION Entrepreneur to Worker / ABILITY--------
very low 	 middle 	 very high
   0.001995090164490	   0.010273948592299	   0.007698127227461	
--------- TRANSITION MATRIX BTW CLASSES ------
  	  U     	 W     	 E 
U 	 0.4899 	 0.4923 	 0.0178 
W 	 0.0278 	 0.9641 	 0.0081 
E 	 0.0992 	 0.0078 	 0.8931 
---------------
--------- WEALTH DISTRIBUTION STATISTICS ------
Top 0.1 [22]    0.104479323657446
Top 1 [41.8]    0.438217003388252
Top 5 [?]    0.810365302604184
Top 10 [77.2]    0.916750328483487
Top 20 [?]    0.963723269051774
Bot 20 [?]    0.000950896347345
Bot 40 [?]    0.006556501732001
Bot 60 [?]    0.017274677527569
Bot 80 [?]    0.036276730948226
mworthVE   34.928654237380762
mworthWW    1.470127492597956
mworthUS    1.292682906405021
mworthUL  315.759841466117393
---------------
--------- PRODUCTION & CAPITAL -----
CapitalVE   19.863400943881185
ProductionVE    5.287248526312435
Totalcapital   32.948404318259335
Totallabor    1.398754953072877
Corproduction    3.128334829659295
Corcapital   13.085003374378148
Totalproduction    8.415583355971730
CapitalVE/Totalcapital    0.602863821628937
---------------
--------- TAXATION -----
Corporate revenu    0.000000000000000
Expenditure    0.034674893752693
Revenue Basis    1.719615902539067
Optimal tax    0.020164324894585
-------MASS--------
WW    0.862149770699244 
U    0.062074656408212 
VE    0.075775572892534 
R:    0.053893144438164,	 W:    1.222700922854428,	 K:    6.722966163213186	, L:    1.113309056793788, 	 TAX:    0.017251834174836

-------EQUILIBRIUM PRICES AND AGGREGATE--------
r    0.053893144438164 
w    1.222700922854428 
u    0.064094788725918 
-------MOMENTS GENERATED & STATISTICS--------
Ratio KY [3.04]    3.984569845008518
Ratio mworthVE/mworthWW [8]   23.412286355657862
Fraction E [7.55]    0.080266320359530
(UL:    0.030817078062665, US:    0.033277710663253) Unemploy. rate [4- 6]    0.064094788725918
Fraction of nonE>E (rlv to whole pop) [0.39]    0.008581162878529
Fraction of U>E (rlv to new entrant) [20]    0.137949211765227
Worker exit rate (rlv to workers) [3-6.5]    0.036415067792698
Nshare (US)    0.001931749743205, 	 Nshare(UL):    0.000009481164567, 	 Nshare [0.1]:    0.001941230907772
(U>E/pop>E) [0.2]    0.137949211765227
Wealth Gini [0.84]    0.916944690915756
Earning Gini [0.36]    0.342311616025916
Top 1 [41.8]    0.426170372489659
Zero wealth fraction [7- 13]    0.085649673259138
Fraction U>nonU (rlv to unemployed) [40- 65]    0.498153168611284

-------TRANSITION Worker to entrepreneur / ABILITY--------
very low	 middle 	 very high
   0.004466928368738	   0.009058786087824	   0.012039617686217	
-------TRANSITION Entrepreneur to Worker / ABILITY--------
very low 	 middle 	 very high
   0.002018746914827	   0.010253332799208	   0.007677350522532	
--------- TRANSITION MATRIX BTW CLASSES ------
  	  U     	 W     	 E 
U 	 0.5018 	 0.4797 	 0.0185 
W 	 0.0278 	 0.9636 	 0.0086 
E 	 0.0992 	 0.0077 	 0.8931 
---------------
--------- WEALTH DISTRIBUTION STATISTICS ------
Top 0.1 [22]    0.102262433089794
Top 1 [41.8]    0.426170372489659
Top 5 [?]    0.797830624558223
Top 10 [77.2]    0.911464909016436
Top 20 [?]    0.962932115282946
Bot 20 [?]    0.000866883088345
Bot 40 [?]    0.006866134901475
Bot 60 [?]    0.015653038450563
Bot 80 [?]    0.037067884717055
mworthVE   35.296730457497141
mworthWW    1.507615698924136
mworthUS    1.343461144441582
mworthUL  316.087838196489770
---------------
--------- PRODUCTION & CAPITAL -----
CapitalVE   21.058181437384082
ProductionVE    5.608228034727230
Totalcapital   35.054507836991739
Totallabor    1.388029645684013
Corproduction    3.189335868162970
Corcapital   13.996326399607657
Totalproduction    8.797563902890200
CapitalVE/Totalcapital    0.600726774864662
---------------
--------- TAXATION -----
Corporate revenu    0.000000000000000
Expenditure    0.034358630581918
Revenue Basis    1.697145128727147
Optimal tax    0.020244957252234
-------MASS--------
WW    0.855638890914544 
U    0.064094788725918 
VE    0.080266320359530 
R:    0.053565012313837,	 W:    1.224686893207952,	 K:    7.086634175032909	, L:    1.168253174571833, 	 TAX:    0.017850458790316

-------EQUILIBRIUM PRICES AND AGGREGATE--------
r    0.053565012313837 
w    1.224686893207952 
u    0.063586374308714 
-------MOMENTS GENERATED & STATISTICS--------
Ratio KY [3.04]    3.967461119847232
Ratio mworthVE/mworthWW [8]   23.515356154545511
Fraction E [7.55]    0.079208576704924
(UL:    0.030284102005455, US:    0.033302272303259) Unemploy. rate [4- 6]    0.063586374308714
Fraction of nonE>E (rlv to whole pop) [0.39]    0.008468434695111
Fraction of U>E (rlv to new entrant) [20]    0.137472346190267
Worker exit rate (rlv to workers) [3-6.5]    0.036293920011610
Nshare (US)    0.001935595476783, 	 Nshare(UL):    0.000009230680993, 	 Nshare [0.1]:    0.001944826157776
(U>E/pop>E) [0.2]    0.137472346190267
Wealth Gini [0.84]    0.917662278576054
Earning Gini [0.36]    0.341099343698427
Top 1 [41.8]    0.426856245086031
Zero wealth fraction [7- 13]    0.086376708185104
Fraction U>nonU (rlv to unemployed) [40- 65]    0.501173348254295

-------TRANSITION Worker to entrepreneur / ABILITY--------
very low	 middle 	 very high
   0.004392295171999	   0.008926624793440	   0.011879686521654	
-------TRANSITION Entrepreneur to Worker / ABILITY--------
very low 	 middle 	 very high
   0.002019967917525	   0.010258752856591	   0.007681843346042	
--------- TRANSITION MATRIX BTW CLASSES ------
  	  U     	 W     	 E 
U 	 0.4988 	 0.4829 	 0.0183 
W 	 0.0278 	 0.9637 	 0.0085 
E 	 0.0992 	 0.0078 	 0.8931 
---------------
--------- WEALTH DISTRIBUTION STATISTICS ------
Top 0.1 [22]    0.102934904405148
Top 1 [41.8]    0.426856245086031
Top 5 [?]    0.802335426170840
Top 10 [77.2]    0.912944406097167
Top 20 [?]    0.963175303900607
Bot 20 [?]    0.000887261704535
Bot 40 [?]    0.006087984162993
Bot 60 [?]    0.016045215249360
Bot 80 [?]    0.036824696099393
mworthVE   35.178372957349040
mworthWW    1.495974491143272
mworthUS    1.329013630204625
mworthUL  315.959378287751974
---------------
--------- PRODUCTION & CAPITAL -----
CapitalVE   20.774342187468108
ProductionVE    5.531712638982511
Totalcapital   34.539822625385632
Totallabor    1.390605478526584
Corproduction    3.174062057233188
Corcapital   13.765480437917526
Totalproduction    8.705774696215698
CapitalVE/Totalcapital    0.601460592684099
---------------
--------- TAXATION -----
Corporate revenu    0.000000000000000
Expenditure    0.034440268477801
Revenue Basis    1.703056303174677
Optimal tax    0.020222624709236
-------MASS--------
WW    0.857205048986353 
U    0.063586374308714 
VE    0.079208576704924 
R:    0.052935371841200,	 W:    1.228522920409871,	 K:    7.420576488177140	, L:    1.212723635362783, 	 TAX:    0.018324891974100

-------EQUILIBRIUM PRICES AND AGGREGATE--------
r    0.052935371841200 
w    1.228522920409871 
u    0.062558734608305 
-------MOMENTS GENERATED & STATISTICS--------
Ratio KY [3.04]    3.932082842174343
Ratio mworthVE/mworthWW [8]   23.705764330094144
Fraction E [7.55]    0.076998601365660
(UL:    0.029201242166461, US:    0.033357492441844) Unemploy. rate [4- 6]    0.062558734608305
Fraction of nonE>E (rlv to whole pop) [0.39]    0.008232855066229
Fraction of U>E (rlv to new entrant) [20]    0.136549296260099
Worker exit rate (rlv to workers) [3-6.5]    0.036041421196237
Nshare (US)    0.001937342906316, 	 Nshare(UL):    0.000009492047160, 	 Nshare [0.1]:    0.001946834953476
(U>E/pop>E) [0.2]    0.136549296260099
Wealth Gini [0.84]    0.919066353627703
Earning Gini [0.36]    0.338591926440826
Top 1 [41.8]    0.438114879150712
Zero wealth fraction [7- 13]    0.087845698716112
Fraction U>nonU (rlv to unemployed) [40- 65]    0.507345259163494

-------TRANSITION Worker to entrepreneur / ABILITY--------
very low	 middle 	 very high
   0.004238393750403	   0.008651175464748	   0.011544644572854	
-------TRANSITION Entrepreneur to Worker / ABILITY--------
very low 	 middle 	 very high
   0.002017090580190	   0.010271615480756	   0.007692055360643	
--------- TRANSITION MATRIX BTW CLASSES ------
  	  U     	 W     	 E 
U 	 0.4927 	 0.4894 	 0.0180 
W 	 0.0278 	 0.9640 	 0.0083 
E 	 0.0992 	 0.0078 	 0.8931 
---------------
--------- WEALTH DISTRIBUTION STATISTICS ------
Top 0.1 [22]    0.104229558956437
Top 1 [41.8]    0.438114879150712
Top 5 [?]    0.806394756641368
Top 10 [77.2]    0.915638592581226
Top 20 [?]    0.963615385117812
Bot 20 [?]    0.000930537437309
Bot 40 [?]    0.006416978298167
Bot 60 [?]    0.016880760269641
Bot 80 [?]    0.036384614882188
mworthVE   34.955586727508582
mworthWW    1.474560627565716
mworthUS    1.301024816047634
mworthUL  315.716174498662951
---------------
--------- PRODUCTION & CAPITAL -----
CapitalVE   20.183275032875738
ProductionVE    5.372639496367050
Totalcapital   33.482790475467837
Totallabor    1.395936140918439
Corproduction    3.142641544088520
Corcapital   13.299515442592098
Totalproduction    8.515281040455569
CapitalVE/Totalcapital    0.602795488257277
---------------
--------- TAXATION -----
Corporate revenu    0.000000000000000
Expenditure    0.034606489811299
Revenue Basis    1.714939544546809
Optimal tax    0.020179422604920
-------MASS--------
WW    0.860442664026027 
U    0.062558734608305 
VE    0.076998601365660 
R:    0.052280956199421,	 W:    1.232545464765919,	 K:    7.714523435897887	, L:    1.249366136473915, 	 TAX:    0.018695798100264

-------EQUILIBRIUM PRICES AND AGGREGATE--------
r    0.052280956199421 
w    1.232545464765919 
u    0.061364370985250 
-------MOMENTS GENERATED & STATISTICS--------
Ratio KY [3.04]    3.889345046557670
Ratio mworthVE/mworthWW [8]   23.910592614705966
Fraction E [7.55]    0.074270555895324
(UL:    0.027933976933147, US:    0.033430394052102) Unemploy. rate [4- 6]    0.061364370985250
Fraction of nonE>E (rlv to whole pop) [0.39]    0.007941310257700
Fraction of U>E (rlv to new entrant) [20]    0.135637801182621
Worker exit rate (rlv to workers) [3-6.5]    0.035729517041830
Nshare (US)    0.001934494268126, 	 Nshare(UL):    0.000009853012145, 	 Nshare [0.1]:    0.001944347280271
(U>E/pop>E) [0.2]    0.135637801182621
Wealth Gini [0.84]    0.920613222821686
Earning Gini [0.36]    0.335551052068803
Top 1 [41.8]    0.439280329255406
Zero wealth fraction [7- 13]    0.089536182112481
Fraction U>nonU (rlv to unemployed) [40- 65]    0.514593193336293

-------TRANSITION Worker to entrepreneur / ABILITY--------
very low	 middle 	 very high
   0.004053595136254	   0.008307598193211	   0.011132276122258	
-------TRANSITION Entrepreneur to Worker / ABILITY--------
very low 	 middle 	 very high
   0.002007304328490	   0.010271401749186	   0.007703088535817	
--------- TRANSITION MATRIX BTW CLASSES ------
  	  U     	 W     	 E 
U 	 0.4854 	 0.4970 	 0.0176 
W 	 0.0278 	 0.9643 	 0.0079 
E 	 0.0992 	 0.0078 	 0.8931 
---------------
--------- WEALTH DISTRIBUTION STATISTICS ------
Top 0.1 [22]    0.105553139947074
Top 1 [41.8]    0.439280329255406
Top 5 [?]    0.814380123720087
Top 10 [77.2]    0.919437787329455
Top 20 [?]    0.963782418195804
Bot 20 [?]    0.000984056269647
Bot 40 [?]    0.006830285155872
Bot 60 [?]    0.016541542116315
Bot 80 [?]    0.036217581804196
mworthVE   34.736308055825411
mworthWW    1.452758140108213
mworthUS    1.270637350473994
mworthUL  315.441634020900892
---------------
--------- PRODUCTION & CAPITAL -----
CapitalVE   19.459004013299264
ProductionVE    5.178155274251912
Totalcapital   32.216359080569092
Totallabor    1.402404583146164
Corproduction    3.105079742163698
Corcapital   12.757355067269831
Totalproduction    8.283235016415610
CapitalVE/Totalcapital    0.604010029955115
---------------
--------- TAXATION -----
Corporate revenu    0.000000000000000
Expenditure    0.034797271223709
Revenue Basis    1.728527408723746
Optimal tax    0.020131165434861
-------MASS--------
WW    0.864365073119419 
U    0.061364370985250 
VE    0.074270555895324 
R:    0.051710552969178,	 W:    1.236081601707696,	 K:    7.966665017466484	, L:    1.279973825808365, 	 TAX:    0.018982871567183

-------EQUILIBRIUM PRICES AND AGGREGATE--------
r    0.051710552969178 
w    1.236081601707696 
u    0.060443716805489 
-------MOMENTS GENERATED & STATISTICS--------
Ratio KY [3.04]    3.855254089705634
Ratio mworthVE/mworthWW [8]   24.058083709724521
Fraction E [7.55]    0.072201814306687
(UL:    0.026959860496826, US:    0.033483856308664) Unemploy. rate [4- 6]    0.060443716805489
Fraction of nonE>E (rlv to whole pop) [0.39]    0.007720979165876
Fraction of U>E (rlv to new entrant) [20]    0.134809136640123
Worker exit rate (rlv to workers) [3-6.5]    0.035496232217737
Nshare (US)    0.001936181211738, 	 Nshare(UL):    0.000009911909404, 	 Nshare [0.1]:    0.001946093121141
(U>E/pop>E) [0.2]    0.134809136640123
Wealth Gini [0.84]    0.921803128071217
Earning Gini [0.36]    0.333234036642313
Top 1 [41.8]    0.450304395570076
Zero wealth fraction [7- 13]    0.090919228646262
Fraction U>nonU (rlv to unemployed) [40- 65]    0.520414379556346

-------TRANSITION Worker to entrepreneur / ABILITY--------
very low	 middle 	 very high
   0.003914866095429	   0.008056870459077	   0.010811943189817	
-------TRANSITION Entrepreneur to Worker / ABILITY--------
very low 	 middle 	 very high
   0.002013842890611	   0.010287307126980	   0.007712486034379	
--------- TRANSITION MATRIX BTW CLASSES ------
  	  U     	 W     	 E 
U 	 0.4796 	 0.5032 	 0.0172 
W 	 0.0278 	 0.9645 	 0.0077 
E 	 0.0992 	 0.0078 	 0.8931 
---------------
--------- WEALTH DISTRIBUTION STATISTICS ------
Top 0.1 [22]    0.113496796613561
Top 1 [41.8]    0.450304395570076
Top 5 [?]    0.822091899373143
Top 10 [77.2]    0.921577685689386
Top 20 [?]    0.964190726730188
Bot 20 [?]    0.001028955844859
Bot 40 [?]    0.007180936766904
Bot 60 [?]    0.017389004077651
Bot 80 [?]    0.035809273269812
mworthVE   34.531889298439992
mworthWW    1.435354939948183
mworthUS    1.246590884253698
mworthUL  315.173515786610949
---------------
--------- PRODUCTION & CAPITAL -----
CapitalVE   18.906639155325255
ProductionVE    5.029746579362290
Totalcapital   31.245591508975004
Totallabor    1.407339067672349
Corproduction    3.074931032525217
Corcapital   12.338952353649750
Totalproduction    8.104677611887507
CapitalVE/Totalcapital    0.605097815155604
---------------
--------- TAXATION -----
Corporate revenu    0.000000000000000
Expenditure    0.034954265914053
Revenue Basis    1.739585928914254
Optimal tax    0.020093440245214
-------MASS--------
WW    0.867354468887816 
U    0.060443716805489 
VE    0.072201814306687 
R:    0.051185190790191,	 W:    1.239363562706864,	 K:    8.185279384275647	, L:    1.305446874181162, 	 TAX:    0.019204985302789

-------EQUILIBRIUM PRICES AND AGGREGATE--------
r    0.051185190790191 
w    1.239363562706864 
u    0.059616153737977 
-------MOMENTS GENERATED & STATISTICS--------
Ratio KY [3.04]    3.824501463050360
Ratio mworthVE/mworthWW [8]   24.198032960628591
Fraction E [7.55]    0.070299544292021
(UL:    0.026083044506274, US:    0.033533109231703) Unemploy. rate [4- 6]    0.059616153737977
Fraction of nonE>E (rlv to whole pop) [0.39]    0.007518396606547
Fraction of U>E (rlv to new entrant) [20]    0.134065090297955
Worker exit rate (rlv to workers) [3-6.5]    0.035282779986387
Nshare (US)    0.001936903877144, 	 Nshare(UL):    0.000010234217193, 	 Nshare [0.1]:    0.001947138094337
(U>E/pop>E) [0.2]    0.134065090297955
Wealth Gini [0.84]    0.922879419970955
Earning Gini [0.36]    0.331117535899981
Top 1 [41.8]    0.461466266713606
Zero wealth fraction [7- 13]    0.092228647749179
Fraction U>nonU (rlv to unemployed) [40- 65]    0.525748956583163

-------TRANSITION Worker to entrepreneur / ABILITY--------
very low	 middle 	 very high
   0.003789084116587	   0.007828193873339	   0.010516294949220	
-------TRANSITION Entrepreneur to Worker / ABILITY--------
very low 	 middle 	 very high
   0.002022068264685	   0.010303044300995	   0.007720938301096	
--------- TRANSITION MATRIX BTW CLASSES ------
  	  U     	 W     	 E 
U 	 0.4743 	 0.5088 	 0.0169 
W 	 0.0278 	 0.9647 	 0.0075 
E 	 0.0992 	 0.0078 	 0.8931 
---------------
--------- WEALTH DISTRIBUTION STATISTICS ------
Top 0.1 [22]    0.114709958923716
Top 1 [41.8]    0.461466266713606
Top 5 [?]    0.825542141902200
Top 10 [77.2]    0.923609669514687
Top 20 [?]    0.963977358282516
Bot 20 [?]    0.000930226496810
Bot 40 [?]    0.006460939491212
Bot 60 [?]    0.016620217612022
Bot 80 [?]    0.036022641717484
mworthVE   34.346185401986226
mworthWW    1.419379230446920
mworthUS    1.225490787325735
mworthUL  315.002346408647327
---------------
--------- PRODUCTION & CAPITAL -----
CapitalVE   18.403230682948251
ProductionVE    4.894337342887138
Totalcapital   30.375182670420138
Totallabor    1.411848937101577
Corproduction    3.047922050626962
Corcapital   11.971951987471888
Totalproduction    7.942259393514099
CapitalVE/Totalcapital    0.605864033234922
---------------
--------- TAXATION -----
Corporate revenu    0.000000000000000
Expenditure    0.035100039783459
Revenue Basis    1.749794128690111
Optimal tax    0.020059525408132
-------MASS--------
WW    0.870084301969997 
U    0.059616153737977 
VE    0.070299544292021 
R:    0.050709611182263,	 W:    1.242355494528324,	 K:    8.374613014435459	, L:    1.326727286765245, 	 TAX:    0.019375893323858

