===================Program Starting: Tue Jan 17 18:20:03 2017

------ Estimated Model parameters------
             betapar		   0.880000000000000
              Etapar		   0.034000000000000	   0.027000000000000	   0.024000000000000
               Kappa		   1.350000000000000	   1.400000000000000	   1.450000000000000
                PROD		   0.250000000000000	   1.000000000000000	   1.750000000000000
              GTRANS		   0.250000000000000	   0.550000000000000
             phiparW		   1.500000000000000
             phiparE		   1.850000000000000
             costpar		   0.000000000000000
               nupar		   0.840000000000000
                fpar		   0.800000000000000
               mupar		   0.100000000000000
               xipar		   1.000000000000000

------ Fixed Model parameters------
             maxgrid		                 500
             Gridmin		   0.000000000000000
             Gridmax		5000.000000000000000
             corptax		   0.000000000000000
            alphapar		   0.360000000000000
            deltapar		   0.060000000000000
             rhostar		   0.540000000000000
            sigmapar		   1.390000000000000
              TFPpar		   1.000000000000000
              pLTpar		   0.000000000000000
          EffortMaxU		 100.000000000000000
          EffortMaxE		 100.000000000000000

------ Convergence criterions------
        epsilonValue		   0.000001000000000
        epsilonendoK		   0.000001000000000
           maxiterVF		   0.000001000000000
        maxiterendoK		   0.000001000000000
         epsilonDist		   0.000000010000000
        epsilonprice		   0.000001000000000
       epsilonparams		   0.000001000000000
          relaxendoK		   0.300000000000000
              relaxK		   0.050000000000000
            relaxTax		   0.200000000000000
----------------------------
R:    0.045000000000000,	 W:    1.279915062232225,	 K:    6.381252389209258	, L:    0.930661063223172, 	 TAX:    0.015747715938431

-------EQUILIBRIUM PRICES AND AGGREGATE--------
r    0.045000000000000 
w    1.279915062232225 
u    0.056303725181009 
-------MOMENTS GENERATED & STATISTICS--------
Ratio KY [3.04]    1.333141682878717
Ratio mworthVE/mworthWW [8]    4.781538149883584
Fraction E [7.55]    0.003459943754913
(UL:    0.000418685347941, US:    0.055885039833068) Unemploy. rate [4- 6]    0.056303725181009
Fraction of nonE>E (rlv to whole pop) [0.39]    0.000878763978312
Fraction of U>E (rlv to new entrant) [20]    0.192388021992808
Worker exit rate (rlv to workers) [3-6.5]    0.028663245266536
Nshare (US)    0.079108341907904, 	 Nshare(UL):    0.000017823583393, 	 Nshare [0.1]:    0.079126165491297
(U>E/pop>E) [0.2]    0.192388021992808
Wealth Gini [0.84]    0.494093929796048
Earning Gini [0.36]    0.323137377088041
Top 1 [41.8]    0.135675837389803
Zero wealth fraction [7- 13]    0.086390946736999
Fraction U>nonU (rlv to unemployed) [40- 65]    0.468707754866512

-------TRANSITION Worker to entrepreneur / ABILITY--------
very low	 middle 	 very high
   0.002559762030692	   0.000192602121455	   0.000097112392743	
-------TRANSITION Entrepreneur to Worker / ABILITY--------
very low 	 middle 	 very high
   0.162611587733878	   0.388689571060099	   0.136383644136171	
--------- TRANSITION MATRIX BTW CLASSES ------
  	  U     	 W     	 E 
U 	 0.5313 	 0.4657 	 0.0030 
W 	 0.0279 	 0.9713 	 0.0008 
E 	 0.0240 	 0.2299 	 0.7460 
---------------
--------- WEALTH DISTRIBUTION STATISTICS ------
Top 0.1 [22]    0.076138118275347
Top 1 [41.8]    0.135675837389803
Top 5 [?]    0.240931832049831
Top 10 [77.2]    0.334198804423614
Top 20 [?]    0.519680184210415
Bot 20 [?]    0.012413231133771
Bot 40 [?]    0.093642979992132
Bot 60 [?]    0.251342379915075
Bot 80 [?]    0.480319815789585
mworthVE    5.397694023057138
mworthWW    1.128861436186294
mworthUS    0.772018639149590
mworthUL   67.811986733046851
---------------
--------- PRODUCTION & CAPITAL -----
CapitalVE    0.128078729411486
ProductionVE    0.031989805766928
Totalcapital    1.469991750001560
Totallabor    0.942946858576656
Corproduction    1.070662499595947
Corcapital    1.341913020590073
Totalproduction    1.102652305362875
CapitalVE/Totalcapital    0.087128876343252
---------------
--------- TAXATION -----
Corporate revenu    0.000000000000000
Expenditure    0.037570296850854
Revenue Basis    1.206891887176823
Optimal tax    0.031129794847440
-------MASS--------
WW    0.940236331064075 
U    0.056303725181009 
VE    0.003459943754913 
R:    0.047924406442203,	 W:    1.260289497010843,	 K:    6.129285420778298	, L:    0.933118222293869, 	 TAX:    0.018824131720233

-------EQUILIBRIUM PRICES AND AGGREGATE--------
r    0.047924406442203 
w    1.260289497010843 
u    0.056870826235996 
-------MOMENTS GENERATED & STATISTICS--------
Ratio KY [3.04]    1.481917802974546
Ratio mworthVE/mworthWW [8]   14.766026222499612
Fraction E [7.55]    0.006200837520072
(UL:    0.000988928641812, US:    0.055881897594184) Unemploy. rate [4- 6]    0.056870826235996
Fraction of nonE>E (rlv to whole pop) [0.39]    0.001258470239578
Fraction of U>E (rlv to new entrant) [20]    0.210926232770748
Worker exit rate (rlv to workers) [3-6.5]    0.028952288636665
Nshare (US)    0.061226271488528, 	 Nshare(UL):    0.000021203518999, 	 Nshare [0.1]:    0.061247475007527
(U>E/pop>E) [0.2]    0.210926232770748
Wealth Gini [0.84]    0.552389772553293
Earning Gini [0.36]    0.325382087108811
Top 1 [41.8]    0.234531028686708
Zero wealth fraction [7- 13]    0.082735779676458
Fraction U>nonU (rlv to unemployed) [40- 65]    0.464131825606465

-------TRANSITION Worker to entrepreneur / ABILITY--------
very low	 middle 	 very high
   0.003179052393371	   0.000431445463612	   0.000228055743735	
-------TRANSITION Entrepreneur to Worker / ABILITY--------
very low 	 middle 	 very high
   0.137111089055148	   0.243749607917689	   0.110085852781408	
--------- TRANSITION MATRIX BTW CLASSES ------
  	  U     	 W     	 E 
U 	 0.5359 	 0.4595 	 0.0047 
W 	 0.0279 	 0.9710 	 0.0011 
E 	 0.0296 	 0.1733 	 0.7971 
---------------
--------- WEALTH DISTRIBUTION STATISTICS ------
Top 0.1 [22]    0.092548472036019
Top 1 [41.8]    0.234531028686708
Top 5 [?]    0.330146538034183
Top 10 [77.2]    0.422395741525752
Top 20 [?]    0.567891443855100
Bot 20 [?]    0.011439204591744
Bot 40 [?]    0.083177901851868
Bot 60 [?]    0.219070739263863
Bot 80 [?]    0.432108556144900
mworthVE   17.183442571204868
mworthWW    1.163714753873438
mworthUS    0.812269994749146
mworthUL   69.622544697865848
---------------
--------- PRODUCTION & CAPITAL -----
CapitalVE    0.294942840942825
ProductionVE    0.072773601470261
Totalcapital    1.729984571531622
Totallabor    0.939970176079999
Corproduction    1.094622166405089
Corcapital    1.435041730588797
Totalproduction    1.167395767875350
CapitalVE/Totalcapital    0.170488711747123
---------------
--------- TAXATION -----
Corporate revenu    0.000000000000000
Expenditure    0.036986848244052
Revenue Basis    1.184634540417056
Optimal tax    0.031222159224760
-------MASS--------
WW    0.936928336243941 
U    0.056870826235996 
VE    0.006200837520072 
R:    0.050759338711895,	 W:    1.242041712834820,	 K:    5.894573236268823	, L:    0.934488613051095, 	 TAX:    0.021303737221138

-------EQUILIBRIUM PRICES AND AGGREGATE--------
r    0.050759338711895 
w    1.242041712834820 
u    0.057956178000427 
-------MOMENTS GENERATED & STATISTICS--------
Ratio KY [3.04]    1.727115247248959
Ratio mworthVE/mworthWW [8]   22.189276217608960
Fraction E [7.55]    0.011252017918155
(UL:    0.002174741510390, US:    0.055781436490037) Unemploy. rate [4- 6]    0.057956178000427
Fraction of nonE>E (rlv to whole pop) [0.39]    0.001886376822312
Fraction of U>E (rlv to new entrant) [20]    0.236455499370419
Worker exit rate (rlv to workers) [3-6.5]    0.029418053536815
Nshare (US)    0.044646774239922, 	 Nshare(UL):    0.000023270818393, 	 Nshare [0.1]:    0.044670045058315
(U>E/pop>E) [0.2]    0.236455499370419
Wealth Gini [0.84]    0.632486409381021
Earning Gini [0.36]    0.329640316030667
Top 1 [41.8]    0.346463889720498
Zero wealth fraction [7- 13]    0.078876067427152
Fraction U>nonU (rlv to unemployed) [40- 65]    0.455914349322875

-------TRANSITION Worker to entrepreneur / ABILITY--------
very low	 middle 	 very high
   0.004011731439276	   0.000857214927016	   0.000504258520214	
-------TRANSITION Entrepreneur to Worker / ABILITY--------
very low 	 middle 	 very high
   0.114577657139782	   0.167692963219060	   0.093765744262359	
--------- TRANSITION MATRIX BTW CLASSES ------
  	  U     	 W     	 E 
U 	 0.5441 	 0.4482 	 0.0077 
W 	 0.0279 	 0.9706 	 0.0015 
E 	 0.0343 	 0.1333 	 0.8324 
---------------
--------- WEALTH DISTRIBUTION STATISTICS ------
Top 0.1 [22]    0.090861276042348
Top 1 [41.8]    0.346463889720498
Top 5 [?]    0.452601821249281
Top 10 [77.2]    0.520693894233036
Top 20 [?]    0.646412054432465
Bot 20 [?]    0.010220260821372
Bot 40 [?]    0.068397098141900
Bot 60 [?]    0.173860999231359
Bot 80 [?]    0.353587945567535
mworthVE   26.619889041060322
mworthWW    1.199673607196584
mworthUS    0.853349395834895
mworthUL   70.908239433787699
---------------
--------- PRODUCTION & CAPITAL -----
CapitalVE    0.631020164550198
ProductionVE    0.154581951896531
Totalcapital    2.220881602130622
Totallabor    0.934234724499313
Corproduction    1.131308845297322
Corcapital    1.589861437580424
Totalproduction    1.285890797193852
CapitalVE/Totalcapital    0.284130484013566
---------------
--------- TAXATION -----
Corporate revenu    0.000000000000000
Expenditure    0.036385697133957
Revenue Basis    1.160358497406892
Optimal tax    0.031357289333659
-------MASS--------
WW    0.930791804081417 
U    0.057956178000427 
VE    0.011252017918155 
R:    0.053423813577615,	 W:    1.225544238860326,	 K:    5.679337646334402	, L:    0.934437835340739, 	 TAX:    0.023314447643642

