===================Program Starting: Sat Jan 21 15:49:17 2017

------ Estimated Model parameters------
             betapar		   0.879492187500000
              Etapar		   0.034000000000000	   0.027000000000000	   0.024000000000000
               Kappa		   2.003125000000000	   2.053125000000000	   2.103125000000000
                PROD		   0.250000000000000	   1.000000000000000	   1.750000000000000
              GTRANS		   0.480468750000000	   0.352343750000000	   0.737109375000000
             phiparW		   1.332031250000000
             phiparE		   1.678906250000000
             costpar		   0.000000000000000
               nupar		   0.869531250000000
                fpar		   0.761718750000000
               mupar		   0.100000000000000
               xipar		   1.000000000000000

------ Fixed Model parameters------
             maxgrid		                 250
             Gridmin		   0.000000000000000
             Gridmax		5000.000000000000000
             corptax		   0.000000000000000
            alphapar		   0.360000000000000
            deltapar		   0.060000000000000
             rhostar		   0.540000000000000
            sigmapar		   1.390000000000000
              TFPpar		   1.000000000000000
              pLTpar		   1.000000000000000
          EffortMaxU		 100.000000000000000
          EffortMaxE		 100.000000000000000

------ Convergence criterions------
        epsilonValue		   0.000001000000000
        epsilonendoK		   0.000001000000000
           maxiterVF		   0.000001000000000
        maxiterendoK		   0.000001000000000
         epsilonDist		   0.000000010000000
        epsilonprice		   0.000010000000000
       epsilonparams		   0.000001000000000
          relaxendoK		   0.300000000000000
              relaxK		   0.050000000000000
            relaxTax		   0.200000000000000
----------------------------
R:    0.070000000000000,	 W:    1.135029096946556,	 K:    4.380284646201778	, L:    0.891900000000000, 	 TAX:    0.141700000000000

-------EQUILIBRIUM PRICES AND AGGREGATE--------
r    0.070000000000000 
w    1.135029096946556 
u    0.144593877818867 
-------MOMENTS GENERATED & STATISTICS--------
Ratio KY [3.04]    5.100505036596450
Ratio mworthVE/mworthWW [8]   34.896778228952847
Fraction E [7.55]    0.221201827716403
(UL:    0.127265127715912, US:    0.017328750102955) Unemploy. rate [4- 6]    0.144593877818867
Fraction of nonE>E (rlv to whole pop) [0.39]    0.025308366624080
Fraction of U>E (rlv to new entrant) [20]    0.482541226899429
Worker exit rate (rlv to workers) [3-6.5]    0.047973163712345
Nshare (US)    0.001943287902259, 	 Nshare(UL):    0.000869561446073, 	 Nshare [0.1]:    0.002812849348332
(U>E/pop>E) [0.2]    0.482541226899429
Wealth Gini [0.84]    0.752305651512616
Earning Gini [0.36]    0.541080899135910
Top 1 [41.8]    0.137814266324322
Zero wealth fraction [7- 13]    0.028530387019512
Fraction U>nonU (rlv to unemployed) [40- 65]    0.230503721114265

-------TRANSITION Worker to entrepreneur / ABILITY--------
very low	 middle 	 very high
   0.023075547660824	   0.012890317451026	   0.034757610652554	
-------TRANSITION Entrepreneur to Worker / ABILITY--------
very low 	 middle 	 very high
   0.028409828379984	   0.061748894014355	   0.029329231273223	
--------- TRANSITION MATRIX BTW CLASSES ------
  	  U     	 W     	 E 
U 	 0.7695 	 0.1460 	 0.0845 
W 	 0.0273 	 0.9520 	 0.0206 
E 	 0.0710 	 0.0440 	 0.8851 
---------------
--------- WEALTH DISTRIBUTION STATISTICS ------
Top 0.1 [22]    0.026055932476649
Top 1 [41.8]    0.137814266324322
Top 5 [?]    0.391028409084843
Top 10 [77.2]    0.569199372488865
Top 20 [?]    0.781388554910670
Bot 20 [?]    0.002425806010264
Bot 40 [?]    0.011332050713286
Bot 60 [?]    0.035629758575617
Bot 80 [?]    0.218611445089330
mworthVE   62.055603751563147
mworthWW    1.778261687781751
mworthUS    1.633511372074405
mworthUL   77.347484837317381
---------------
--------- PRODUCTION & CAPITAL -----
CapitalVE   23.978872982566504
ProductionVE    5.391910463434458
Totalcapital   37.118017733683743
Totallabor    0.632598486543011
Corproduction    1.885411579649430
Corcapital   13.139144751117243
Totalproduction    7.277322043083888
CapitalVE/Totalcapital    0.646017067899783
---------------
--------- TAXATION -----
Corporate revenu    0.000000000000000
Expenditure    0.010678362949687
Revenue Basis    0.718017688910671
Optimal tax    0.014872005404056
-------MASS--------
WW    0.634204294464785 
U    0.144593877818867 
VE    0.221201827716403 
R:    0.057708139962704,	 W:    1.200249340778280,	 K:    4.818227651447551	, L:    0.840039697308602, 	 TAX:    0.116334401080811

-------EQUILIBRIUM PRICES AND AGGREGATE--------
r    0.057708139962704 
w    1.200249340778280 
u    0.076950067189567 
-------MOMENTS GENERATED & STATISTICS--------
Ratio KY [3.04]    4.047709037138958
Ratio mworthVE/mworthWW [8]   46.027688386835500
Fraction E [7.55]    0.101585388778440
(UL:    0.054183079671446, US:    0.022766987518121) Unemploy. rate [4- 6]    0.076950067189567
Fraction of nonE>E (rlv to whole pop) [0.39]    0.011827562393882
Fraction of U>E (rlv to new entrant) [20]    0.442279680624937
Worker exit rate (rlv to workers) [3-6.5]    0.035745254749207
Nshare (US)    0.003445304122784, 	 Nshare(UL):    0.001161723983023, 	 Nshare [0.1]:    0.004607028105806
(U>E/pop>E) [0.2]    0.442279680624937
Wealth Gini [0.84]    0.851099677663663
Earning Gini [0.36]    0.407792532532625
Top 1 [41.8]    0.234170400015453
Zero wealth fraction [7- 13]    0.052477126714440
Fraction U>nonU (rlv to unemployed) [40- 65]    0.386082997371917

-------TRANSITION Worker to entrepreneur / ABILITY--------
very low	 middle 	 very high
   0.009263877110948	   0.004380829676282	   0.014291366908605	
-------TRANSITION Entrepreneur to Worker / ABILITY--------
very low 	 middle 	 very high
   0.034528502764836	   0.068955554652237	   0.035394414877667	
--------- TRANSITION MATRIX BTW CLASSES ------
  	  U     	 W     	 E 
U 	 0.6139 	 0.3181 	 0.0680 
W 	 0.0277 	 0.9643 	 0.0080 
E 	 0.0667 	 0.0503 	 0.8830 
---------------
--------- WEALTH DISTRIBUTION STATISTICS ------
Top 0.1 [22]    0.051338328531245
Top 1 [41.8]    0.234170400015453
Top 5 [?]    0.583100199893941
Top 10 [77.2]    0.796097447239144
Top 20 [?]    0.929607459659331
Bot 20 [?]    0.002136579233931
Bot 40 [?]    0.013780032953017
Bot 60 [?]    0.031984268885579
Bot 80 [?]    0.070392540340669
mworthVE   59.904310575851476
mworthWW    1.301484229935494
mworthUS    1.203690266045137
mworthUL   71.568755156496607
---------------
--------- PRODUCTION & CAPITAL -----
CapitalVE   10.694211354888635
ProductionVE    2.409345712456402
Totalcapital   16.451360372324757
Totallabor    0.820847372960666
Corproduction    1.655017664796888
Corcapital    5.757149017436120
Totalproduction    4.064363377253290
CapitalVE/Totalcapital    0.650050276260371
---------------
--------- TAXATION -----
Corporate revenu    0.000000000000000
Expenditure    0.014245005092333
Revenue Basis    0.985221518275621
Optimal tax    0.014458682466929
-------MASS--------
WW    0.821464544032027 
U    0.076950067189567 
VE    0.101585388778440 
R:    0.056637571726970,	 W:    1.206433787439725,	 K:    4.865173719746980	, L:    0.836201232439015, 	 TAX:    0.095959257358035

