===================Program Starting: Sat Jan 21 13:25:12 2017

------ Estimated Model parameters------
             betapar		   0.887695312500000
              Etapar		   0.034000000000000	   0.027000000000000	   0.024000000000000
               Kappa		   2.878125000000000	   2.928125000000000	   2.978125000000000
                PROD		   0.250000000000000	   1.000000000000000	   1.750000000000000
              GTRANS		   0.372656250000000	   0.474218750000000	   0.737890625000000
             phiparW		   1.149218750000000
             phiparE		   1.886718750000000
             costpar		   0.000000000000000
               nupar		   0.897656250000000
                fpar		   0.841406250000000
               mupar		   0.100000000000000
               xipar		   1.000000000000000

------ Fixed Model parameters------
             maxgrid		                 250
             Gridmin		   0.000000000000000
             Gridmax		5000.000000000000000
             corptax		   0.000000000000000
            alphapar		   0.360000000000000
            deltapar		   0.060000000000000
             rhostar		   0.540000000000000
            sigmapar		   1.390000000000000
              TFPpar		   1.000000000000000
              pLTpar		   1.000000000000000
          EffortMaxU		 100.000000000000000
          EffortMaxE		 100.000000000000000

------ Convergence criterions------
        epsilonValue		   0.000001000000000
        epsilonendoK		   0.000001000000000
           maxiterVF		   0.000001000000000
        maxiterendoK		   0.000001000000000
         epsilonDist		   0.000000010000000
        epsilonprice		   0.000010000000000
       epsilonparams		   0.000001000000000
          relaxendoK		   0.300000000000000
              relaxK		   0.050000000000000
            relaxTax		   0.200000000000000
----------------------------
R:    0.070000000000000,	 W:    1.135029096946556,	 K:    4.380284646201778	, L:    0.891900000000000, 	 TAX:    0.141700000000000

-------EQUILIBRIUM PRICES AND AGGREGATE--------
r    0.070000000000000 
w    1.135029096946556 
u    0.471502257026250 
-------MOMENTS GENERATED & STATISTICS--------
Ratio KY [3.04]    7.714549691194613
Ratio mworthVE/mworthWW [8]   49.277557284329106
Fraction E [7.55]    0.462992879322449
(UL:    0.469774050805727, US:    0.001728206220523) Unemploy. rate [4- 6]    0.471502257026250
Fraction of nonE>E (rlv to whole pop) [0.39]    0.046461459778491
Fraction of U>E (rlv to new entrant) [20]    0.921259220332643
Worker exit rate (rlv to workers) [3-6.5]    0.082232333413060
Nshare (US)    0.000018080744027, 	 Nshare(UL):    0.000021955895208, 	 Nshare [0.1]:    0.000040036639235
(U>E/pop>E) [0.2]    0.921259220332643
Wealth Gini [0.84]    0.524663260847448
Earning Gini [0.36]    0.952653960178460
Top 1 [41.8]    0.089513230248807
Zero wealth fraction [7- 13]    0.001868667481660
Fraction U>nonU (rlv to unemployed) [40- 65]    0.100569256520992

-------TRANSITION Worker to entrepreneur / ABILITY--------
very low	 middle 	 very high
   0.040610470859763	   0.052985050667498	   0.076357792248345	
-------TRANSITION Entrepreneur to Worker / ABILITY--------
very low 	 middle 	 very high
   0.001889940976095	   0.001975765067941	   0.001711504840031	
--------- TRANSITION MATRIX BTW CLASSES ------
  	  U     	 W     	 E 
U 	 0.8994 	 0.0098 	 0.0908 
W 	 0.0264 	 0.9178 	 0.0558 
E 	 0.0985 	 0.0019 	 0.8996 
---------------
--------- WEALTH DISTRIBUTION STATISTICS ------
Top 0.1 [22]    0.015014035522949
Top 1 [41.8]    0.089513230248807
Top 5 [?]    0.267623965306981
Top 10 [77.2]    0.393151693684285
Top 20 [?]    0.567663433897343
Bot 20 [?]    0.027416850280196
Bot 40 [?]    0.096578701691670
Bot 60 [?]    0.218556435460927
Bot 80 [?]    0.432336566102657
mworthVE  189.214100770576096
mworthWW    3.839762179744827
mworthUS    3.205916156180107
mworthUL  179.836777933747356
---------------
--------- PRODUCTION & CAPITAL -----
CapitalVE  170.162355543245354
ProductionVE   36.092552669509459
Totalcapital  285.925238741536873
Totallabor    0.065912233933918
Corproduction    0.970561859118430
Corcapital  115.762883198291505
Totalproduction   37.063114528627892
CapitalVE/Totalcapital    0.595128839595249
---------------
--------- TAXATION -----
Corporate revenu    0.000000000000000
Expenditure    0.003351106384934
Revenue Basis    0.074812303359746
Optimal tax    0.044793519707850
-------MASS--------
WW    0.065504863651475 
U    0.471502257026250 
VE    0.462992879322449 

 GMM :: 1600082301.651530

===================Program ended: Sat Jan 21 13:26:10 2017
 in 58.000000 seconds
