===================Program Starting: Tue Jan 17 17:54:58 2017

------ Estimated Model parameters------
             betapar		   0.890000000000000
              Etapar		   0.034000000000000	   0.027000000000000	   0.024000000000000
               Kappa		   1.350000000000000	   1.400000000000000	   1.450000000000000
                PROD		   0.250000000000000	   1.000000000000000	   1.750000000000000
              GTRANS		   0.450000000000000	   0.650000000000000
             phiparW		   1.500000000000000
             phiparE		   1.850000000000000
             costpar		   0.000000000000000
               nupar		   0.840000000000000
                fpar		   0.800000000000000
               mupar		   0.226000000000000
               xipar		   1.000000000000000

------ Fixed Model parameters------
             maxgrid		                 500
             Gridmin		   0.000000000000000
             Gridmax		5000.000000000000000
             corptax		   0.000000000000000
            alphapar		   0.360000000000000
            deltapar		   0.060000000000000
             rhostar		   0.540000000000000
            sigmapar		   1.390000000000000
              TFPpar		   1.000000000000000
              pLTpar		   0.000000000000000
          EffortMaxU		 100.000000000000000
          EffortMaxE		 100.000000000000000

------ Convergence criterions------
        epsilonValue		   0.000001000000000
        epsilonendoK		   0.000001000000000
           maxiterVF		   0.000001000000000
        maxiterendoK		   0.000001000000000
         epsilonDist		   0.000000010000000
        epsilonprice		   0.000001000000000
       epsilonparams		   0.000001000000000
          relaxendoK		   0.300000000000000
              relaxK		   0.050000000000000
            relaxTax		   0.200000000000000
----------------------------
R:    0.045000000000000,	 W:    1.279915062232225,	 K:    6.381252389209258	, L:    0.930661063223172, 	 TAX:    0.015747715938431

-------EQUILIBRIUM PRICES AND AGGREGATE--------
r    0.045000000000000 
w    1.279915062232225 
u    0.077197420511794 
-------MOMENTS GENERATED & STATISTICS--------
Ratio KY [3.04]    3.675743328179063
Ratio mworthVE/mworthWW [8]   14.956106397856042
Fraction E [7.55]    0.086493207081565
(UL:    0.022127919475977, US:    0.055069501035816) Unemploy. rate [4- 6]    0.077197420511794
Fraction of nonE>E (rlv to whole pop) [0.39]    0.020293924508770
Fraction of U>E (rlv to new entrant) [20]    0.217593781698373
Worker exit rate (rlv to workers) [3-6.5]    0.046316426784761
Nshare (US)    0.005237056406864, 	 Nshare(UL):    0.000012562585833, 	 Nshare [0.1]:    0.005249618992697
(U>E/pop>E) [0.2]    0.217593781698373
Wealth Gini [0.84]    0.801182646017926
Earning Gini [0.36]    0.396840146989247
Top 1 [41.8]    0.203510950534143
Zero wealth fraction [7- 13]    0.054770404280484
Fraction U>nonU (rlv to unemployed) [40- 65]    0.352041232889018

-------TRANSITION Worker to entrepreneur / ABILITY--------
very low	 middle 	 very high
   0.022536376123349	   0.017798640599121	   0.016493563418821	
-------TRANSITION Entrepreneur to Worker / ABILITY--------
very low 	 middle 	 very high
   0.002806042760570	   0.003188902643294	   0.003376213401241	
--------- TRANSITION MATRIX BTW CLASSES ------
  	  U     	 W     	 E 
U 	 0.6480 	 0.2948 	 0.0572 
W 	 0.0273 	 0.9537 	 0.0190 
E 	 0.0439 	 0.1907 	 0.7654 
---------------
--------- WEALTH DISTRIBUTION STATISTICS ------
Top 0.1 [22]    0.037206680703118
Top 1 [41.8]    0.203510950534143
Top 5 [?]    0.526741128830348
Top 10 [77.2]    0.717058343148319
Top 20 [?]    0.866482993384027
Bot 20 [?]    0.004021241380858
Bot 40 [?]    0.022218286590663
Bot 60 [?]    0.057657378562516
Bot 80 [?]    0.133517006615973
mworthVE   26.011321696474909
mworthWW    1.739177363715708
mworthUS    1.537243874880010
mworthUL   84.785244070561816
---------------
--------- PRODUCTION & CAPITAL -----
CapitalVE    5.294162733747906
ProductionVE    1.456462464801865
Totalcapital   11.823771895229338
Totallabor    0.842038506966420
Corproduction    1.760239801807907
Corcapital    6.529609161481433
Totalproduction    3.216702266609772
CapitalVE/Totalcapital    0.447755824508421
---------------
--------- TAXATION -----
Corporate revenu    0.000000000000000
Expenditure    0.037031910107221
Revenue Basis    1.077737768045856
Optimal tax    0.034360779778895
-------MASS--------
WW    0.836309372406668 
U    0.077197420511794 
VE    0.086493207081565 
R:    0.043638657921387,	 W:    1.289344966603880,	 K:    6.388670227822866	, L:    0.912936551971822, 	 TAX:    0.019470328706524

-------EQUILIBRIUM PRICES AND AGGREGATE--------
r    0.043638657921387 
w    1.289344966603880 
u    0.073324810232499 
-------MOMENTS GENERATED & STATISTICS--------
Ratio KY [3.04]    3.464382377180632
Ratio mworthVE/mworthWW [8]   15.201713713831362
Fraction E [7.55]    0.074415668196070
(UL:    0.018285681375222, US:    0.055039128857277) Unemploy. rate [4- 6]    0.073324810232499
Fraction of nonE>E (rlv to whole pop) [0.39]    0.017558657844264
Fraction of U>E (rlv to new entrant) [20]    0.212316368436816
Worker exit rate (rlv to workers) [3-6.5]    0.043641462361700
Nshare (US)    0.006122246169113, 	 Nshare(UL):    0.000012689573339, 	 Nshare [0.1]:    0.006134935742452
(U>E/pop>E) [0.2]    0.212316368436816
Wealth Gini [0.84]    0.806106214448989
Earning Gini [0.36]    0.385472731790023
Top 1 [41.8]    0.219485189030497
Zero wealth fraction [7- 13]    0.058776028236397
Fraction U>nonU (rlv to unemployed) [40- 65]    0.368313388397509

-------TRANSITION Worker to entrepreneur / ABILITY--------
very low	 middle 	 very high
   0.019710747577586	   0.015156616883532	   0.013939598237878	
-------TRANSITION Entrepreneur to Worker / ABILITY--------
very low 	 middle 	 very high
   0.003021295185381	   0.003418745886556	   0.003584765127038	
--------- TRANSITION MATRIX BTW CLASSES ------
  	  U     	 W     	 E 
U 	 0.6317 	 0.3175 	 0.0508 
W 	 0.0274 	 0.9564 	 0.0162 
E 	 0.0428 	 0.1932 	 0.7640 
---------------
--------- WEALTH DISTRIBUTION STATISTICS ------
Top 0.1 [22]    0.042652294782519
Top 1 [41.8]    0.219485189030497
Top 5 [?]    0.558783667255741
Top 10 [77.2]    0.740740180312986
Top 20 [?]    0.867109707452976
Bot 20 [?]    0.004407136566140
Bot 40 [?]    0.023574759415257
Bot 60 [?]    0.060648324477734
Bot 80 [?]    0.132890292547024
mworthVE   24.901640212802622
mworthWW    1.638081119113941
mworthUS    1.385646901842536
mworthUL   84.094913742201356
---------------
--------- PRODUCTION & CAPITAL -----
CapitalVE    4.441131110622803
ProductionVE    1.224303308881485
Totalcapital   10.103136132557733
Totallabor    0.857676642795209
Corproduction    1.691984511742930
Corcapital    5.662005021934931
Totalproduction    2.916287820624415
CapitalVE/Totalcapital    0.439579458531801
---------------
--------- TAXATION -----
Corporate revenu    0.000000000000000
Expenditure    0.037276248910976
Revenue Basis    1.105841062361716
Optimal tax    0.033708504937741
-------MASS--------
WW    0.852259521571440 
U    0.073324810232499 
VE    0.074415668196070 
R:    0.043209970859195,	 W:    1.292354619334580,	 K:    6.352336967528469	, L:    0.901884570136499, 	 TAX:    0.022317963952767

-------EQUILIBRIUM PRICES AND AGGREGATE--------
r    0.043209970859195 
w    1.292354619334580 
u    0.072440640734126 
-------MOMENTS GENERATED & STATISTICS--------
Ratio KY [3.04]    3.410380908944342
Ratio mworthVE/mworthWW [8]   15.297685163404395
Fraction E [7.55]    0.071621303207817
(UL:    0.017432731214389, US:    0.055007909519736) Unemploy. rate [4- 6]    0.072440640734126
Fraction of nonE>E (rlv to whole pop) [0.39]    0.016925658371056
Fraction of U>E (rlv to new entrant) [20]    0.211164972530416
Worker exit rate (rlv to workers) [3-6.5]    0.043030720418807
Nshare (US)    0.006371248705348, 	 Nshare(UL):    0.000012957601831, 	 Nshare [0.1]:    0.006384206307179
(U>E/pop>E) [0.2]    0.211164972530416
Wealth Gini [0.84]    0.807012562513280
Earning Gini [0.36]    0.382852728237956
Top 1 [41.8]    0.228963088695418
Zero wealth fraction [7- 13]    0.059820201653093
Fraction U>nonU (rlv to unemployed) [40- 65]    0.372329343932702

-------TRANSITION Worker to entrepreneur / ABILITY--------
very low	 middle 	 very high
   0.019060373456931	   0.014551414263478	   0.013358003528483	
-------TRANSITION Entrepreneur to Worker / ABILITY--------
very low 	 middle 	 very high
   0.003072954471697	   0.003473486918347	   0.003632665330916	
--------- TRANSITION MATRIX BTW CLASSES ------
  	  U     	 W     	 E 
U 	 0.6277 	 0.3230 	 0.0493 
W 	 0.0274 	 0.9570 	 0.0156 
E 	 0.0425 	 0.1938 	 0.7637 
---------------
--------- WEALTH DISTRIBUTION STATISTICS ------
Top 0.1 [22]    0.042498710438530
Top 1 [41.8]    0.228963088695418
Top 5 [?]    0.569503499787383
Top 10 [77.2]    0.748811475689470
Top 20 [?]    0.866296770684333
Bot 20 [?]    0.004134804444570
Bot 40 [?]    0.025019184952778
Bot 60 [?]    0.061888932945133
Bot 80 [?]    0.133703229315667
mworthVE   24.625647779986434
mworthWW    1.609763014269419
mworthUS    1.349722867520326
mworthUL   83.880401474385039
---------------
--------- PRODUCTION & CAPITAL -----
CapitalVE    4.247263667886139
ProductionVE    1.171440709140062
Totalcapital    9.704734702743146
Totallabor    0.861277648025121
Corproduction    1.674204678239020
Corcapital    5.457471034857007
Totalproduction    2.845645387379082
CapitalVE/Totalcapital    0.437648611526249
---------------
--------- TAXATION -----
Corporate revenu    0.000000000000000
Expenditure    0.037340993838113
Revenue Basis    1.113076146954888
Optimal tax    0.033547564504252
-------MASS--------
WW    0.855938056058073 
U    0.072440640734126 
VE    0.071621303207817 
R:    0.043079452432423,	 W:    1.293274822492370,	 K:    6.307593670894896	, L:    0.893763185714224, 	 TAX:    0.024563884063064

-------EQUILIBRIUM PRICES AND AGGREGATE--------
r    0.043079452432423 
w    1.293274822492370 
u    0.072405149639156 
-------MOMENTS GENERATED & STATISTICS--------
Ratio KY [3.04]    3.407393028436729
Ratio mworthVE/mworthWW [8]   15.358323853882741
Fraction E [7.55]    0.071581073676534
(UL:    0.017430217309506, US:    0.054974932329650) Unemploy. rate [4- 6]    0.072405149639156
Fraction of nonE>E (rlv to whole pop) [0.39]    0.016911924149734
Fraction of U>E (rlv to new entrant) [20]    0.211351669395155
Worker exit rate (rlv to workers) [3-6.5]    0.043013402965866
Nshare (US)    0.006371519373796, 	 Nshare(UL):    0.000012515631253, 	 Nshare [0.1]:    0.006384035005049
(U>E/pop>E) [0.2]    0.211351669395155
Wealth Gini [0.84]    0.807384900397079
Earning Gini [0.36]    0.382801073376123
Top 1 [41.8]    0.229165339766370
Zero wealth fraction [7- 13]    0.059957078908604
Fraction U>nonU (rlv to unemployed) [40- 65]    0.372547274850467

-------TRANSITION Worker to entrepreneur / ABILITY--------
very low	 middle 	 very high
   0.019039645290565	   0.014534727848350	   0.013343053212221	
-------TRANSITION Entrepreneur to Worker / ABILITY--------
very low 	 middle 	 very high
   0.003066108377745	   0.003466419943020	   0.003620365989538	
--------- TRANSITION MATRIX BTW CLASSES ------
  	  U     	 W     	 E 
U 	 0.6275 	 0.3232 	 0.0494 
W 	 0.0274 	 0.9570 	 0.0156 
E 	 0.0425 	 0.1937 	 0.7637 
---------------
--------- WEALTH DISTRIBUTION STATISTICS ------
Top 0.1 [22]    0.042583120818775
Top 1 [41.8]    0.229165339766370
Top 5 [?]    0.569737085624385
Top 10 [77.2]    0.749058861319387
Top 20 [?]    0.866356873013053
Bot 20 [?]    0.004154780238556
Bot 40 [?]    0.023637949289375
Bot 60 [?]    0.062091967071886
Bot 80 [?]    0.133643126986947
mworthVE   24.622037867033779
mworthWW    1.603172201685868
mworthUS    1.342980385983821
mworthUL   83.833711942320889
---------------
--------- PRODUCTION & CAPITAL -----
CapitalVE    4.244956404744639
ProductionVE    1.170768610241590
Totalcapital    9.689226797783702
Totallabor    0.861338089485107
Corproduction    1.672820819249320
Corcapital    5.444270393039063
Totalproduction    2.843589429490910
CapitalVE/Totalcapital    0.438110954912896
---------------
--------- TAXATION -----
Corporate revenu    0.000000000000000
Expenditure    0.037345485331667
Revenue Basis    1.113946864784766
Optimal tax    0.033525374066099
-------MASS--------
WW    0.856013776684319 
U    0.072405149639156 
VE    0.071581073676534 
R:    0.043052060834130,	 W:    1.293468174547700,	 K:    6.264427507002104	, L:    0.887278166468400, 	 TAX:    0.026356182063671

-------EQUILIBRIUM PRICES AND AGGREGATE--------
r    0.043052060834130 
w    1.293468174547700 
u    0.072597225470859 
-------MOMENTS GENERATED & STATISTICS--------
Ratio KY [3.04]    3.418410475988398
Ratio mworthVE/mworthWW [8]   15.398457484432281
Fraction E [7.55]    0.072267737033506
(UL:    0.017651421446892, US:    0.054945804023967) Unemploy. rate [4- 6]    0.072597225470859
Fraction of nonE>E (rlv to whole pop) [0.39]    0.017067820664526
Fraction of U>E (rlv to new entrant) [20]    0.211803801777851
Worker exit rate (rlv to workers) [3-6.5]    0.043159424155340
Nshare (US)    0.006325801420753, 	 Nshare(UL):    0.000012994893427, 	 Nshare [0.1]:    0.006338796314181
(U>E/pop>E) [0.2]    0.211803801777851
Wealth Gini [0.84]    0.807568539690329
Earning Gini [0.36]    0.383425925875753
Top 1 [41.8]    0.224272647483943
Zero wealth fraction [7- 13]    0.059825449511626
Fraction U>nonU (rlv to unemployed) [40- 65]    0.371725589233290

-------TRANSITION Worker to entrepreneur / ABILITY--------
very low	 middle 	 very high
   0.019193430958176	   0.014680250475955	   0.013483448772972	
-------TRANSITION Entrepreneur to Worker / ABILITY--------
very low 	 middle 	 very high
   0.003045549437671	   0.003446134958698	   0.003601272700176	
--------- TRANSITION MATRIX BTW CLASSES ------
  	  U     	 W     	 E 
U 	 0.6283 	 0.3219 	 0.0498 
W 	 0.0274 	 0.9568 	 0.0157 
E 	 0.0426 	 0.1935 	 0.7638 
---------------
--------- WEALTH DISTRIBUTION STATISTICS ------
Top 0.1 [22]    0.042716997830813
Top 1 [41.8]    0.224272647483943
Top 5 [?]    0.566198785303741
Top 10 [77.2]    0.748191565776114
Top 20 [?]    0.866709948960950
Bot 20 [?]    0.004113992135194
Bot 40 [?]    0.023416973354481
Bot 60 [?]    0.061423577179517
Bot 80 [?]    0.133290051039050
mworthVE   24.689704918611248
mworthWW    1.603388192848040
mworthUS    1.344705303559760
mworthUL   83.841210624214924
---------------
--------- PRODUCTION & CAPITAL -----
CapitalVE    4.292863157857643
ProductionVE    1.183775244099864
Totalcapital    9.776032848050903
Totallabor    0.860478963783813
Corproduction    1.676043059383501
Corcapital    5.483169690193260
Totalproduction    2.859818303483365
CapitalVE/Totalcapital    0.439121187968751
---------------
--------- TAXATION -----
Corporate revenu    0.000000000000000
Expenditure    0.037332223316689
Revenue Basis    1.113002154522142
Optimal tax    0.033541914689929
-------MASS--------
WW    0.855135037495653 
U    0.072597225470859 
VE    0.072267737033506 
R:    0.043064995421050,	 W:    1.293376861766054,	 K:    6.225364616161661	, L:    0.881918325931483, 	 TAX:    0.027793328588923

-------EQUILIBRIUM PRICES AND AGGREGATE--------
r    0.043064995421050 
w    1.293376861766054 
u    0.072941326153147 
-------MOMENTS GENERATED & STATISTICS--------
Ratio KY [3.04]    3.438881866390550
Ratio mworthVE/mworthWW [8]   15.398467394949348
Fraction E [7.55]    0.073572589308853
(UL:    0.018028752230734, US:    0.054912573922413) Unemploy. rate [4- 6]    0.072941326153147
Fraction of nonE>E (rlv to whole pop) [0.39]    0.017363197936325
Fraction of U>E (rlv to new entrant) [20]    0.212186811728935
Worker exit rate (rlv to workers) [3-6.5]    0.043446756325190
Nshare (US)    0.006142040709865, 	 Nshare(UL):    0.000012566297535, 	 Nshare [0.1]:    0.006154607007401
(U>E/pop>E) [0.2]    0.212186811728935
Wealth Gini [0.84]    0.807587013180903
Earning Gini [0.36]    0.384612033368914
Top 1 [41.8]    0.225223145293242
Zero wealth fraction [7- 13]    0.059530398086261
Fraction U>nonU (rlv to unemployed) [40- 65]    0.370203776391815

-------TRANSITION Worker to entrepreneur / ABILITY--------
very low	 middle 	 very high
   0.019462714903682	   0.014995653631044	   0.013728958074209	
-------TRANSITION Entrepreneur to Worker / ABILITY--------
very low 	 middle 	 very high
   0.003018667319775	   0.003417844753001	   0.003578098208400	
--------- TRANSITION MATRIX BTW CLASSES ------
  	  U     	 W     	 E 
U 	 0.6298 	 0.3197 	 0.0505 
W 	 0.0274 	 0.9566 	 0.0160 
E 	 0.0427 	 0.1933 	 0.7640 
---------------
--------- WEALTH DISTRIBUTION STATISTICS ------
Top 0.1 [22]    0.042890614748581
Top 1 [41.8]    0.225223145293242
Top 5 [?]    0.563356430056624
Top 10 [77.2]    0.745509841933306
Top 20 [?]    0.868137454169308
Bot 20 [?]    0.004032989774091
Bot 40 [?]    0.022960587689544
Bot 60 [?]    0.060168011011471
Bot 80 [?]    0.131862545830692
mworthVE   24.757009641583796
mworthWW    1.607758032445750
mworthUS    1.352159468187284
mworthUL   83.864509069963901
---------------
--------- PRODUCTION & CAPITAL -----
CapitalVE    4.377705073445478
ProductionVE    1.206953130427538
Totalcapital    9.935400060676306
Totallabor    0.858863058101569
Corproduction    1.682183643294933
Corcapital    5.557694987230828
Totalproduction    2.889136773722472
CapitalVE/Totalcapital    0.440616889779020
---------------
--------- TAXATION -----
Corporate revenu    0.000000000000000
Expenditure    0.037308241099138
Revenue Basis    1.110833606774204
Optimal tax    0.033585805175160
-------MASS--------
WW    0.853486084538011 
U    0.072941326153147 
VE    0.073572589308853 
R:    0.043073885567628,	 W:    1.293314111426260,	 K:    6.191981134715119	, L:    0.877307272365500, 	 TAX:    0.028951823906170

-------EQUILIBRIUM PRICES AND AGGREGATE--------
r    0.043073885567628 
w    1.293314111426260 
u    0.073182310576872 
-------MOMENTS GENERATED & STATISTICS--------
Ratio KY [3.04]    3.452751022650155
Ratio mworthVE/mworthWW [8]   15.422868480211438
Fraction E [7.55]    0.074411031997438
(UL:    0.018291675120636, US:    0.054890635456236) Unemploy. rate [4- 6]    0.073182310576872
Fraction of nonE>E (rlv to whole pop) [0.39]    0.017549113668034
Fraction of U>E (rlv to new entrant) [20]    0.212672715694169
Worker exit rate (rlv to workers) [3-6.5]    0.043623370094248
Nshare (US)    0.006082234298400, 	 Nshare(UL):    0.000012624745461, 	 Nshare [0.1]:    0.006094859043861
(U>E/pop>E) [0.2]    0.212672715694169
Wealth Gini [0.84]    0.807614910897488
Earning Gini [0.36]    0.385383334456092
Top 1 [41.8]    0.220328400164766
Zero wealth fraction [7- 13]    0.059335838183673
Fraction U>nonU (rlv to unemployed) [40- 65]    0.369164953413604

-------TRANSITION Worker to entrepreneur / ABILITY--------
very low	 middle 	 very high
   0.019647143158113	   0.015170667619571	   0.013900540563062	
-------TRANSITION Entrepreneur to Worker / ABILITY--------
very low 	 middle 	 very high
   0.002998614130800	   0.003396542416670	   0.003555334438955	
--------- TRANSITION MATRIX BTW CLASSES ------
  	  U     	 W     	 E 
U 	 0.6308 	 0.3182 	 0.0510 
W 	 0.0274 	 0.9564 	 0.0162 
E 	 0.0428 	 0.1930 	 0.7642 
---------------
--------- WEALTH DISTRIBUTION STATISTICS ------
Top 0.1 [22]    0.043013171797662
Top 1 [41.8]    0.220328400164766
Top 5 [?]    0.564954153875116
Top 10 [77.2]    0.744632905623300
Top 20 [?]    0.868771725691286
Bot 20 [?]    0.003980204220040
Bot 40 [?]    0.024177725470335
Bot 60 [?]    0.061407159592298
Bot 80 [?]    0.131228274308714
mworthVE   24.834538459861101
mworthWW    1.610241213670820
mworthUS    1.357133081267833
mworthUL   83.885970945236792
---------------
--------- PRODUCTION & CAPITAL -----
CapitalVE    4.435931671972081
ProductionVE    1.222800651176700
Totalcapital   10.044700860986222
Totallabor    0.857793429182262
Corproduction    1.686387064674419
Corcapital    5.608769189014140
Totalproduction    2.909187715851119
CapitalVE/Totalcapital    0.441619091833915
---------------
--------- TAXATION -----
Corporate revenu    0.000000000000000
Expenditure    0.037292112770086
Revenue Basis    1.109396346650144
Optimal tax    0.033614778778288
-------MASS--------
WW    0.852406657425704 
U    0.073182310576872 
VE    0.074411031997438 
R:    0.043091172844905,	 W:    1.293192114864211,	 K:    6.162820537430070	, L:    0.873404503728853, 	 TAX:    0.029884414880594

-------EQUILIBRIUM PRICES AND AGGREGATE--------
r    0.043091172844905 
w    1.293192114864211 
u    0.073462438694868 
-------MOMENTS GENERATED & STATISTICS--------
Ratio KY [3.04]    3.468949909375582
Ratio mworthVE/mworthWW [8]   15.433786920335237
Fraction E [7.55]    0.075415685089813
(UL:    0.018593649462683, US:    0.054868789232185) Unemploy. rate [4- 6]    0.073462438694868
Fraction of nonE>E (rlv to whole pop) [0.39]    0.017780369165242
Fraction of U>E (rlv to new entrant) [20]    0.212999088321632
Worker exit rate (rlv to workers) [3-6.5]    0.043848827176863
Nshare (US)    0.005956671745769, 	 Nshare(UL):    0.000012691950708, 	 Nshare [0.1]:    0.005969363696477
(U>E/pop>E) [0.2]    0.212999088321632
Wealth Gini [0.84]    0.807565416871179
Earning Gini [0.36]    0.386303714025708
Top 1 [41.8]    0.221030688881237
Zero wealth fraction [7- 13]    0.059102145015452
Fraction U>nonU (rlv to unemployed) [40- 65]    0.367952337196546

-------TRANSITION Worker to entrepreneur / ABILITY--------
very low	 middle 	 very high
   0.019858167189717	   0.015375187049336	   0.014176745002605	
-------TRANSITION Entrepreneur to Worker / ABILITY--------
very low 	 middle 	 very high
   0.002977322014637	   0.003375240134199	   0.003542481079209	
--------- TRANSITION MATRIX BTW CLASSES ------
  	  U     	 W     	 E 
U 	 0.6320 	 0.3164 	 0.0516 
W 	 0.0274 	 0.9562 	 0.0164 
E 	 0.0429 	 0.1928 	 0.7642 
---------------
--------- WEALTH DISTRIBUTION STATISTICS ------
Top 0.1 [22]    0.041026701097912
Top 1 [41.8]    0.221030688881237
Top 5 [?]    0.561486906059471
Top 10 [77.2]    0.743908763598195
Top 20 [?]    0.868513646951694
Bot 20 [?]    0.003917841483225
Bot 40 [?]    0.023807391132668
Bot 60 [?]    0.060409545260548
Bot 80 [?]    0.131486353048306
mworthVE   24.909378613211437
mworthWW    1.613951180082146
mworthUS    1.363905827820450
mworthUL   83.909977244487649
---------------
--------- PRODUCTION & CAPITAL -----
CapitalVE    4.503982436325443
ProductionVE    1.241373312811338
Totalcapital   10.173222025773304
Totallabor    0.856502049320523
Corproduction    1.691278438163212
Corcapital    5.669239589447861
Totalproduction    2.932651750974550
CapitalVE/Totalcapital    0.442729198764644
---------------
--------- TAXATION -----
Corporate revenu    0.000000000000000
Expenditure    0.037273946082423
Revenue Basis    1.107621696546337
Optimal tax    0.033652235414534
-------MASS--------
WW    0.851121876215326 
U    0.073462438694868 
VE    0.075415685089813 
R:    0.043100051237081,	 W:    1.293129472347204,	 K:    6.138141490030960	, L:    0.870024012847187, 	 TAX:    0.030637978987382

-------EQUILIBRIUM PRICES AND AGGREGATE--------
r    0.043100051237081 
w    1.293129472347204 
u    0.073611063575865 
-------MOMENTS GENERATED & STATISTICS--------
Ratio KY [3.04]    3.477230858596810
Ratio mworthVE/mworthWW [8]   15.450158404897248
Fraction E [7.55]    0.075915169127950
(UL:    0.018755581029785, US:    0.054855482546080) Unemploy. rate [4- 6]    0.073611063575865
Fraction of nonE>E (rlv to whole pop) [0.39]    0.017894150984281
Fraction of U>E (rlv to new entrant) [20]    0.213292389824144
Worker exit rate (rlv to workers) [3-6.5]    0.043957036506658
Nshare (US)    0.005923680402374, 	 Nshare(UL):    0.000012236786206, 	 Nshare [0.1]:    0.005935917188581
(U>E/pop>E) [0.2]    0.213292389824144
Wealth Gini [0.84]    0.807562045751856
Earning Gini [0.36]    0.386766060207151
Top 1 [41.8]    0.221424329608582
Zero wealth fraction [7- 13]    0.058981257021149
Fraction U>nonU (rlv to unemployed) [40- 65]    0.367322635375327

-------TRANSITION Worker to entrepreneur / ABILITY--------
very low	 middle 	 very high
   0.019971797418221	   0.015482847648403	   0.014280412133303	
-------TRANSITION Entrepreneur to Worker / ABILITY--------
very low 	 middle 	 very high
   0.002964222899916	   0.003361015973133	   0.003529288034751	
--------- TRANSITION MATRIX BTW CLASSES ------
  	  U     	 W     	 E 
U 	 0.6327 	 0.3155 	 0.0518 
W 	 0.0274 	 0.9560 	 0.0166 
E 	 0.0430 	 0.1927 	 0.7643 
---------------
--------- WEALTH DISTRIBUTION STATISTICS ------
Top 0.1 [22]    0.041095075341437
Top 1 [41.8]    0.221424329608582
Top 5 [?]    0.562437836857228
Top 10 [77.2]    0.742139846145952
Top 20 [?]    0.869598214191763
Bot 20 [?]    0.003887323966651
Bot 40 [?]    0.023624856696698
Bot 60 [?]    0.059915250212698
Bot 80 [?]    0.130401785808237
mworthVE   24.958853276277523
mworthWW    1.615443196256570
mworthUS    1.367096188894157
mworthUL   83.924906032940498
---------------
--------- PRODUCTION & CAPITAL -----
CapitalVE    4.539263803677226
ProductionVE    1.250955083424575
Totalcapital   10.239625883607239
Totallabor    0.855865878170821
Corproduction    1.693809385777019
Corcapital    5.700362079930012
Totalproduction    2.944764469201594
CapitalVE/Totalcapital    0.443303676840791
---------------
--------- TAXATION -----
Corporate revenu    0.000000000000000
Expenditure    0.037263609680482
Revenue Basis    1.106745391439006
Optimal tax    0.033669541313410
-------MASS--------
WW    0.850473767296205 
U    0.073611063575865 
VE    0.075915169127950 
R:    0.043120671341490,	 W:    1.292984017344360,	 K:    6.116252519525912	, L:    0.867192385911914, 	 TAX:    0.031244291452587

-------EQUILIBRIUM PRICES AND AGGREGATE--------
r    0.043120671341490 
w    1.292984017344360 
u    0.073774774789410 
-------MOMENTS GENERATED & STATISTICS--------
Ratio KY [3.04]    3.486367962841429
Ratio mworthVE/mworthWW [8]   15.461929424467954
Fraction E [7.55]    0.076456816364000
(UL:    0.018930471377986, US:    0.054844303411424) Unemploy. rate [4- 6]    0.073774774789410
Fraction of nonE>E (rlv to whole pop) [0.39]    0.018017586594258
Fraction of U>E (rlv to new entrant) [20]    0.213594389778347
Worker exit rate (rlv to workers) [3-6.5]    0.044074923862555
Nshare (US)    0.005886955545753, 	 Nshare(UL):    0.000012230901364, 	 Nshare [0.1]:    0.005899186447117
(U>E/pop>E) [0.2]    0.213594389778347
Wealth Gini [0.84]    0.807516955516755
Earning Gini [0.36]    0.387269098798028
Top 1 [41.8]    0.221826310373679
Zero wealth fraction [7- 13]    0.058838509854710
Fraction U>nonU (rlv to unemployed) [40- 65]    0.366626404688370

-------TRANSITION Worker to entrepreneur / ABILITY--------
very low	 middle 	 very high
   0.020095740544100	   0.015600014953830	   0.014393262537428	
-------TRANSITION Entrepreneur to Worker / ABILITY--------
very low 	 middle 	 very high
   0.002950880751554	   0.003346629763968	   0.003515879294082	
--------- TRANSITION MATRIX BTW CLASSES ------
  	  U     	 W     	 E 
U 	 0.6334 	 0.3145 	 0.0522 
W 	 0.0274 	 0.9559 	 0.0167 
E 	 0.0431 	 0.1926 	 0.7643 
---------------
--------- WEALTH DISTRIBUTION STATISTICS ------
Top 0.1 [22]    0.041160802044086
Top 1 [41.8]    0.221826310373679
Top 5 [?]    0.558163178434917
Top 10 [77.2]    0.740370698062153
Top 20 [?]    0.869595811082356
Bot 20 [?]    0.003852934775233
Bot 40 [?]    0.023407388789430
Bot 60 [?]    0.059372939347081
Bot 80 [?]    0.130404188917644
mworthVE   25.012198889068333
mworthWW    1.617663501263136
mworthUS    1.371289430340917
mworthUL   83.944843775827465
---------------
--------- PRODUCTION & CAPITAL -----
CapitalVE    4.577535398843692
ProductionVE    1.261352431193065
Totalcapital   10.312654295900821
Totallabor    0.855173593205540
Corproduction    1.696641218879342
Corcapital    5.735118897057127
Totalproduction    2.957993650072407
CapitalVE/Totalcapital    0.443875579215646
---------------
--------- TAXATION -----
Corporate revenu    0.000000000000000
Expenditure    0.037252342119706
Revenue Basis    1.105725788069711
Optimal tax    0.033690398217751
-------MASS--------
WW    0.849768408846609 
U    0.073774774789410 
VE    0.076456816364000 
R:    0.043143434567843,	 W:    1.292823497444700,	 K:    6.097195838402473	, L:    0.864788627370639, 	 TAX:    0.031733512805620

-------EQUILIBRIUM PRICES AND AGGREGATE--------
r    0.043143434567843 
w    1.292823497444700 
u    0.073966704187231 
-------MOMENTS GENERATED & STATISTICS--------
Ratio KY [3.04]    3.497197980096295
Ratio mworthVE/mworthWW [8]   15.468235907493105
Fraction E [7.55]    0.077110966106997
(UL:    0.019133709957126, US:    0.054832994230105) Unemploy. rate [4- 6]    0.073966704187231
Fraction of nonE>E (rlv to whole pop) [0.39]    0.018165599328006
Fraction of U>E (rlv to new entrant) [20]    0.213895597627638
Worker exit rate (rlv to workers) [3-6.5]    0.044217862187277
Nshare (US)    0.005836450351803, 	 Nshare(UL):    0.000012212258117, 	 Nshare [0.1]:    0.005848662609920
(U>E/pop>E) [0.2]    0.213895597627638
Wealth Gini [0.84]    0.807420399055023
Earning Gini [0.36]    0.387873707696187
Top 1 [41.8]    0.216689569694273
Zero wealth fraction [7- 13]    0.058669570022644
Fraction U>nonU (rlv to unemployed) [40- 65]    0.365807348995487

-------TRANSITION Worker to entrepreneur / ABILITY--------
very low	 middle 	 very high
   0.020241054335214	   0.015739448000310	   0.014539280882296	
-------TRANSITION Entrepreneur to Worker / ABILITY--------
very low 	 middle 	 very high
   0.002938806754785	   0.003333749974449	   0.003505501857435	
--------- TRANSITION MATRIX BTW CLASSES ------
  	  U     	 W     	 E 
U 	 0.6342 	 0.3133 	 0.0525 
W 	 0.0274 	 0.9558 	 0.0168 
E 	 0.0431 	 0.1924 	 0.7644 
---------------
--------- WEALTH DISTRIBUTION STATISTICS ------
Top 0.1 [22]    0.041232396152167
Top 1 [41.8]    0.216689569694273
Top 5 [?]    0.559248481679361
Top 10 [77.2]    0.738692093541198
Top 20 [?]    0.869805394036913
Bot 20 [?]    0.003811796092826
Bot 40 [?]    0.023151317554185
Bot 60 [?]    0.058730742217969
Bot 80 [?]    0.130194605963086
mworthVE   25.069185056589497
mworthWW    1.620688047849433
mworthUS    1.376573683600008
mworthUL   83.965524091533268
---------------
--------- PRODUCTION & CAPITAL -----
CapitalVE    4.622982273677708
ProductionVE    1.273729032432556
Totalcapital   10.399714322572400
Totallabor    0.854337827785729
Corproduction    1.699998615175786
Corcapital    5.776732048894694
Totalproduction    2.973727647608342
CapitalVE/Totalcapital    0.444529737095143
---------------
--------- TAXATION -----
Corporate revenu    0.000000000000000
Expenditure    0.037240477976220
Revenue Basis    1.104508018517252
Optimal tax    0.033716801826585
-------MASS--------
WW    0.848922329705783 
U    0.073966704187231 
VE    0.077110966106997 
R:    0.043157399224455,	 W:    1.292725049987856,	 K:    6.081172648927084	, L:    0.862698467453657, 	 TAX:    0.032130170609813

-------EQUILIBRIUM PRICES AND AGGREGATE--------
r    0.043157399224455 
w    1.292725049987856 
u    0.074095399531024 
-------MOMENTS GENERATED & STATISTICS--------
Ratio KY [3.04]    3.504373586208853
Ratio mworthVE/mworthWW [8]   15.470839592852244
Fraction E [7.55]    0.077557814065287
(UL:    0.019271367579881, US:    0.054824031951143) Unemploy. rate [4- 6]    0.074095399531024
Fraction of nonE>E (rlv to whole pop) [0.39]    0.018263088968606
Fraction of U>E (rlv to new entrant) [20]    0.214122460562799
Worker exit rate (rlv to workers) [3-6.5]    0.044311792712212
Nshare (US)    0.005806168568070, 	 Nshare(UL):    0.000012661235008, 	 Nshare [0.1]:    0.005818829803078
(U>E/pop>E) [0.2]    0.214122460562799
Wealth Gini [0.84]    0.807356740035398
Earning Gini [0.36]    0.388285798476203
Top 1 [41.8]    0.216980251519286
Zero wealth fraction [7- 13]    0.058556490703490
Fraction U>nonU (rlv to unemployed) [40- 65]    0.365260376132620

-------TRANSITION Worker to entrepreneur / ABILITY--------
very low	 middle 	 very high
   0.020339072960571	   0.015832859790105	   0.014629474110412	
-------TRANSITION Entrepreneur to Worker / ABILITY--------
very low 	 middle 	 very high
   0.002929689553674	   0.003322259518830	   0.003497054314611	
--------- TRANSITION MATRIX BTW CLASSES ------
  	  U     	 W     	 E 
U 	 0.6347 	 0.3125 	 0.0528 
W 	 0.0274 	 0.9557 	 0.0169 
E 	 0.0432 	 0.1923 	 0.7645 
---------------
--------- WEALTH DISTRIBUTION STATISTICS ------
Top 0.1 [22]    0.041281767496806
Top 1 [41.8]    0.216980251519286
Top 5 [?]    0.554659204364923
Top 10 [77.2]    0.739590100520695
Top 20 [?]    0.869567658547065
Bot 20 [?]    0.003784920536630
Bot 40 [?]    0.022982144644352
Bot 60 [?]    0.058307550376907
Bot 80 [?]    0.130432341452935
mworthVE   25.102977764908612
mworthWW    1.622599576076437
mworthUS    1.380010728213262
mworthUL   83.978291045713704
---------------
--------- PRODUCTION & CAPITAL -----
CapitalVE    4.653527539215408
ProductionVE    1.282047176735637
Totalcapital   10.457938631995573
Totallabor    0.853773237015314
Corproduction    1.702206178315277
Corcapital    5.804411092780165
Totalproduction    2.984253355050914
CapitalVE/Totalcapital    0.444975602073066
---------------
--------- TAXATION -----
Corporate revenu    0.000000000000000
Expenditure    0.037231961388371
Revenue Basis    1.103694050498918
Optimal tax    0.033733951335101
-------MASS--------
WW    0.848346786403702 
U    0.074095399531024 
VE    0.077557814065287 
R:    0.043171057680644,	 W:    1.292628781311615,	 K:    6.067334571119738	, L:    0.860913421365989, 	 TAX:    0.032450926754871

-------EQUILIBRIUM PRICES AND AGGREGATE--------
r    0.043171057680644 
w    1.292628781311615 
u    0.074195834922692 
-------MOMENTS GENERATED & STATISTICS--------
Ratio KY [3.04]    3.509891860214335
Ratio mworthVE/mworthWW [8]   15.476249576346271
Fraction E [7.55]    0.077889476763041
(UL:    0.019378112780642, US:    0.054817722142049) Unemploy. rate [4- 6]    0.074195834922692
Fraction of nonE>E (rlv to whole pop) [0.39]    0.018338255116954
Fraction of U>E (rlv to new entrant) [20]    0.214299628421418
Worker exit rate (rlv to workers) [3-6.5]    0.044383985090446
Nshare (US)    0.005783816851639, 	 Nshare(UL):    0.000012653589078, 	 Nshare [0.1]:    0.005796470440718
(U>E/pop>E) [0.2]    0.214299628421418
Wealth Gini [0.84]    0.807308702537360
Earning Gini [0.36]    0.388594062810538
Top 1 [41.8]    0.217207087662262
Zero wealth fraction [7- 13]    0.058468301266515
Fraction U>nonU (rlv to unemployed) [40- 65]    0.364837495553983

-------TRANSITION Worker to entrepreneur / ABILITY--------
very low	 middle 	 very high
   0.020414673865952	   0.015904441713613	   0.014698945777913	
-------TRANSITION Entrepreneur to Worker / ABILITY--------
very low 	 middle 	 very high
   0.002921405513721	   0.003313347844500	   0.003488443338947	
--------- TRANSITION MATRIX BTW CLASSES ------
  	  U     	 W     	 E 
U 	 0.6352 	 0.3119 	 0.0530 
W 	 0.0274 	 0.9556 	 0.0170 
E 	 0.0432 	 0.1922 	 0.7646 
---------------
--------- WEALTH DISTRIBUTION STATISTICS ------
Top 0.1 [22]    0.041319200908654
Top 1 [41.8]    0.217207087662262
Top 5 [?]    0.555229328030530
Top 10 [77.2]    0.737215074015583
Top 20 [?]    0.870246404008751
Bot 20 [?]    0.003764529132373
Bot 40 [?]    0.022853623672397
Bot 60 [?]    0.057986587004202
Bot 80 [?]    0.129753595991249
mworthVE   25.134641678104689
mworthWW    1.624078337203879
mworthUS    1.382659997943587
mworthUL   83.990401253853207
---------------
--------- PRODUCTION & CAPITAL -----
CapitalVE    4.676933328229749
ProductionVE    1.288407801580753
Totalcapital   10.502747678916336
Totallabor    0.853348330203189
Corproduction    1.703920195178376
Corcapital    5.825814350686586
Totalproduction    2.992327996759129
CapitalVE/Totalcapital    0.445305692492111
---------------
--------- TAXATION -----
Corporate revenu    0.000000000000000
Expenditure    0.037225186646174
Revenue Basis    1.103062612104848
Optimal tax    0.033747120279185
-------MASS--------
WW    0.847914688314283 
U    0.074195834922692 
VE    0.077889476763041 
R:    0.043186464329743,	 W:    1.292520214772575,	 K:    6.055258560098080	, L:    0.859400403133429, 	 TAX:    0.032710165459733

-------EQUILIBRIUM PRICES AND AGGREGATE--------
r    0.043186464329743 
w    1.292520214772575 
u    0.074289521337206 
-------MOMENTS GENERATED & STATISTICS--------
Ratio KY [3.04]    3.515026236988095
Ratio mworthVE/mworthWW [8]   15.480260750063429
Fraction E [7.55]    0.078195257485086
(UL:    0.019476977116627, US:    0.054812544220579) Unemploy. rate [4- 6]    0.074289521337206
Fraction of nonE>E (rlv to whole pop) [0.39]    0.018407859921687
Fraction of U>E (rlv to new entrant) [20]    0.214460995211574
Worker exit rate (rlv to workers) [3-6.5]    0.044450916804279
Nshare (US)    0.005763163818748, 	 Nshare(UL):    0.000012204164232, 	 Nshare [0.1]:    0.005775367982980
(U>E/pop>E) [0.2]    0.214460995211574
Wealth Gini [0.84]    0.807255858148917
Earning Gini [0.36]    0.388878964970216
Top 1 [41.8]    0.217412684819145
Zero wealth fraction [7- 13]    0.058384320622219
Fraction U>nonU (rlv to unemployed) [40- 65]    0.364443229558078

-------TRANSITION Worker to entrepreneur / ABILITY--------
very low	 middle 	 very high
   0.020484872101965	   0.015970769025500	   0.014763305357702	
-------TRANSITION Entrepreneur to Worker / ABILITY--------
very low 	 middle 	 very high
   0.002915623324133	   0.003307193495726	   0.003482894931523	
--------- TRANSITION MATRIX BTW CLASSES ------
  	  U     	 W     	 E 
U 	 0.6356 	 0.3113 	 0.0531 
W 	 0.0274 	 0.9555 	 0.0171 
E 	 0.0433 	 0.1922 	 0.7646 
---------------
--------- WEALTH DISTRIBUTION STATISTICS ------
Top 0.1 [22]    0.041352056978262
Top 1 [41.8]    0.217412684819145
Top 5 [?]    0.555750974893028
Top 10 [77.2]    0.737851063617228
Top 20 [?]    0.869773756462599
Bot 20 [?]    0.003745528139459
Bot 40 [?]    0.022735107804792
Bot 60 [?]    0.057689444052004
Bot 80 [?]    0.130226243537401
mworthVE   25.164295416621854
mworthWW    1.625573097437570
mworthUS    1.385225411492182
mworthUL   84.002653224323609
---------------
--------- PRODUCTION & CAPITAL -----
CapitalVE    4.698583974540409
ProductionVE    1.294289915057480
Totalcapital   10.544428084422321
Totallabor    0.852956126643284
Corproduction    1.705524986312212
Corcapital    5.845844109881914
Totalproduction    2.999814901369692
CapitalVE/Totalcapital    0.445598750062301
---------------
--------- TAXATION -----
Corporate revenu    0.000000000000000
Expenditure    0.037218810581294
Revenue Basis    1.102463036000560
Optimal tax    0.033759690226272
-------MASS--------
WW    0.847515221177736 
U    0.074289521337206 
VE    0.078195257485086 
R:    0.043201644685201,	 W:    1.292413267634245,	 K:    6.044787837587272	, L:    0.858111547835400, 	 TAX:    0.032920070413041

-------EQUILIBRIUM PRICES AND AGGREGATE--------
r    0.043201644685201 
w    1.292413267634245 
u    0.074374484184473 
-------MOMENTS GENERATED & STATISTICS--------
Ratio KY [3.04]    3.519674215389791
Ratio mworthVE/mworthWW [8]   15.483093572388604
Fraction E [7.55]    0.078471527168461
(UL:    0.019566258759987, US:    0.054808225424486) Unemploy. rate [4- 6]    0.074374484184473
Fraction of nonE>E (rlv to whole pop) [0.39]    0.018470723956474
Fraction of U>E (rlv to new entrant) [20]    0.214604802136086
Worker exit rate (rlv to workers) [3-6.5]    0.044511451015297
Nshare (US)    0.005744457016001, 	 Nshare(UL):    0.000012636439626, 	 Nshare [0.1]:    0.005757093455627
(U>E/pop>E) [0.2]    0.214604802136086
Wealth Gini [0.84]    0.807202362368015
Earning Gini [0.36]    0.389136589198779
Top 1 [41.8]    0.217595077153892
Zero wealth fraction [7- 13]    0.058307324610050
Fraction U>nonU (rlv to unemployed) [40- 65]    0.364085929415352

-------TRANSITION Worker to entrepreneur / ABILITY--------
very low	 middle 	 very high
   0.020548369670096	   0.016030744177261	   0.014821489005585	
-------TRANSITION Entrepreneur to Worker / ABILITY--------
very low 	 middle 	 very high
   0.002908130931938	   0.003299051164935	   0.003475152229201	
--------- TRANSITION MATRIX BTW CLASSES ------
  	  U     	 W     	 E 
U 	 0.6359 	 0.3108 	 0.0533 
W 	 0.0274 	 0.9555 	 0.0171 
E 	 0.0433 	 0.1921 	 0.7646 
---------------
--------- WEALTH DISTRIBUTION STATISTICS ------
Top 0.1 [22]    0.041380669677559
Top 1 [41.8]    0.217595077153892
Top 5 [?]    0.550838123604226
Top 10 [77.2]    0.738418884965951
Top 20 [?]    0.870329417226607
Bot 20 [?]    0.003728317593054
Bot 40 [?]    0.022628630990185
Bot 60 [?]    0.059400873512835
Bot 80 [?]    0.129670582773393
mworthVE   25.190920123793859
mworthWW    1.626995277527578
mworthUS    1.387611458447006
mworthUL   84.014141554295108
---------------
--------- PRODUCTION & CAPITAL -----
CapitalVE    4.718147679009660
ProductionVE    1.299605311905660
Totalcapital   10.582207481985792
Totallabor    0.852601487824882
Corproduction    1.706981898841017
Corcapital    5.864059802976132
Totalproduction    3.006587210746678
CapitalVE/Totalcapital    0.445856659590300
---------------
--------- TAXATION -----
Corporate revenu    0.000000000000000
Expenditure    0.037213034693958
Revenue Basis    1.101913474869573
Optimal tax    0.033771285625092
-------MASS--------
WW    0.847153988647089 
U    0.074374484184473 
VE    0.078471527168461 
R:    0.043215580117119,	 W:    1.292315112744922,	 K:    6.035751435856715	, L:    0.857009535833296, 	 TAX:    0.033090313455451

-------EQUILIBRIUM PRICES AND AGGREGATE--------
r    0.043215580117119 
w    1.292315112744922 
u    0.074449363430978 
-------MOMENTS GENERATED & STATISTICS--------
Ratio KY [3.04]    3.523763085355140
Ratio mworthVE/mworthWW [8]   15.485059309230426
Fraction E [7.55]    0.078714688833607
(UL:    0.019644730081353, US:    0.054804633349624) Unemploy. rate [4- 6]    0.074449363430978
Fraction of nonE>E (rlv to whole pop) [0.39]    0.018526040638428
Fraction of U>E (rlv to new entrant) [20]    0.214729607225364
Worker exit rate (rlv to workers) [3-6.5]    0.044564786099661
Nshare (US)    0.005727957477393, 	 Nshare(UL):    0.000012524415590, 	 Nshare [0.1]:    0.005740481892983
(U>E/pop>E) [0.2]    0.214729607225364
Wealth Gini [0.84]    0.807151322322726
Earning Gini [0.36]    0.389363414168818
Top 1 [41.8]    0.217752701242655
Zero wealth fraction [7- 13]    0.058239054636699
Fraction U>nonU (rlv to unemployed) [40- 65]    0.363771322335311

-------TRANSITION Worker to entrepreneur / ABILITY--------
very low	 middle 	 very high
   0.020604278528206	   0.016083565251043	   0.014872797208240	
-------TRANSITION Entrepreneur to Worker / ABILITY--------
very low 	 middle 	 very high
   0.002903184048873	   0.003293755429286	   0.003470304483627	
--------- TRANSITION MATRIX BTW CLASSES ------
  	  U     	 W     	 E 
U 	 0.6362 	 0.3103 	 0.0534 
W 	 0.0274 	 0.9554 	 0.0172 
E 	 0.0433 	 0.1920 	 0.7646 
---------------
--------- WEALTH DISTRIBUTION STATISTICS ------
Top 0.1 [22]    0.041405099728442
Top 1 [41.8]    0.217752701242655
Top 5 [?]    0.551239642082049
Top 10 [77.2]    0.735786906370161
Top 20 [?]    0.870813832479488
Bot 20 [?]    0.003713186565176
Bot 40 [?]    0.022535304746342
Bot 60 [?]    0.059157271150394
Bot 80 [?]    0.129186167520512
mworthVE   25.214142442328644
mworthWW    1.628288399728560
mworthUS    1.389745093934082
mworthUL   84.024290255773550
---------------
--------- PRODUCTION & CAPITAL -----
CapitalVE    4.735356762506694
ProductionVE    1.304281563999743
Totalcapital   10.615502417383059
Totallabor    0.852289229039792
Corproduction    1.708265579564303
Corcapital    5.880145654876365
Totalproduction    3.012547143564047
CapitalVE/Totalcapital    0.446079382427766
---------------
--------- TAXATION -----
Corporate revenu    0.000000000000000
Expenditure    0.037207973957540
Revenue Basis    1.101426251117843
Optimal tax    0.033781629881962
-------MASS--------
WW    0.846835947735429 
U    0.074449363430978 
VE    0.078714688833607 
R:    0.043227978761649,	 W:    1.292227799697531,	 K:    6.027971146807697	, L:    0.856065474474595, 	 TAX:    0.033228576740753

-------EQUILIBRIUM PRICES AND AGGREGATE--------
r    0.043227978761649 
w    1.292227799697531 
u    0.074514510158215 
-------MOMENTS GENERATED & STATISTICS--------
Ratio KY [3.04]    3.527315409481615
Ratio mworthVE/mworthWW [8]   15.486440185563458
Fraction E [7.55]    0.078926076076395
(UL:    0.019712866826415, US:    0.054801643331799) Unemploy. rate [4- 6]    0.074514510158215
Fraction of nonE>E (rlv to whole pop) [0.39]    0.018574118483159
Fraction of U>E (rlv to new entrant) [20]    0.214836568792803
Worker exit rate (rlv to workers) [3-6.5]    0.044611198297250
Nshare (US)    0.005713565557997, 	 Nshare(UL):    0.000012079343345, 	 Nshare [0.1]:    0.005725644901342
(U>E/pop>E) [0.2]    0.214836568792803
Wealth Gini [0.84]    0.807104353387211
Earning Gini [0.36]    0.389560647110796
Top 1 [41.8]    0.217888216660297
Zero wealth fraction [7- 13]    0.058179470697054
Fraction U>nonU (rlv to unemployed) [40- 65]    0.363497883493023

-------TRANSITION Worker to entrepreneur / ABILITY--------
very low	 middle 	 very high
   0.020652866585298	   0.016129510631925	   0.014917517365007	
-------TRANSITION Entrepreneur to Worker / ABILITY--------
very low 	 middle 	 very high
   0.002898634395550	   0.003288869772016	   0.003465791734115	
--------- TRANSITION MATRIX BTW CLASSES ------
  	  U     	 W     	 E 
U 	 0.6365 	 0.3099 	 0.0536 
W 	 0.0274 	 0.9554 	 0.0172 
E 	 0.0433 	 0.1920 	 0.7647 
---------------
--------- WEALTH DISTRIBUTION STATISTICS ------
Top 0.1 [22]    0.041425990709077
Top 1 [41.8]    0.217888216660297
Top 5 [?]    0.551585280806731
Top 10 [77.2]    0.736211690350654
Top 20 [?]    0.870150617145613
Bot 20 [?]    0.003700054471695
Bot 40 [?]    0.022454600185788
Bot 60 [?]    0.058946286222324
Bot 80 [?]    0.129849382854387
mworthVE   25.234174531091778
mworthWW    1.629436734893743
mworthUS    1.391620894840685
mworthUL   84.033243470202876
---------------
--------- PRODUCTION & CAPITAL -----
CapitalVE    4.750314015225584
ProductionVE    1.308346192033157
Totalcapital   10.644479279211428
Totallabor    0.852017667931899
Corproduction    1.709382035671824
Corcapital    5.894165263985845
Totalproduction    3.017728227704982
CapitalVE/Totalcapital    0.446270211122765
---------------
--------- TAXATION -----
Corporate revenu    0.000000000000000
Expenditure    0.037203605232196
Revenue Basis    1.101000916335059
Optimal tax    0.033790712323871
-------MASS--------
WW    0.846559413765403 
U    0.074514510158215 
VE    0.078926076076395 
R:    0.043238838388903,	 W:    1.292151338092614,	 K:    6.021280852666604	, L:    0.855255913166056, 	 TAX:    0.033341003857377

-------EQUILIBRIUM PRICES AND AGGREGATE--------
r    0.043238838388903 
w    1.292151338092614 
u    0.074570234626150 
-------MOMENTS GENERATED & STATISTICS--------
Ratio KY [3.04]    3.530347494046087
Ratio mworthVE/mworthWW [8]   15.487393753895891
Fraction E [7.55]    0.079106552889925
(UL:    0.019771043013477, US:    0.054799191612673) Unemploy. rate [4- 6]    0.074570234626150
Fraction of nonE>E (rlv to whole pop) [0.39]    0.018615165892668
Fraction of U>E (rlv to new entrant) [20]    0.214928051076884
Worker exit rate (rlv to workers) [3-6.5]    0.044650837290621
Nshare (US)    0.005699998224960, 	 Nshare(UL):    0.000012511211150, 	 Nshare [0.1]:    0.005712509436110
(U>E/pop>E) [0.2]    0.214928051076884
Wealth Gini [0.84]    0.807062486353926
Earning Gini [0.36]    0.389729103594200
Top 1 [41.8]    0.212444392287816
Zero wealth fraction [7- 13]    0.058128340626210
Fraction U>nonU (rlv to unemployed) [40- 65]    0.363264215258709

-------TRANSITION Worker to entrepreneur / ABILITY--------
very low	 middle 	 very high
   0.020694376442490	   0.016168743599776	   0.014955699215175	
-------TRANSITION Entrepreneur to Worker / ABILITY--------
very low 	 middle 	 very high
   0.002894463267605	   0.003284371226062	   0.003461587841357	
--------- TRANSITION MATRIX BTW CLASSES ------
  	  U     	 W     	 E 
U 	 0.6367 	 0.3096 	 0.0537 
W 	 0.0274 	 0.9553 	 0.0173 
E 	 0.0434 	 0.1920 	 0.7647 
---------------
--------- WEALTH DISTRIBUTION STATISTICS ------
Top 0.1 [22]    0.039376626596018
Top 1 [41.8]    0.212444392287816
Top 5 [?]    0.551878664274736
Top 10 [77.2]    0.736572066468413
Top 20 [?]    0.870506162156926
Bot 20 [?]    0.003688855582368
Bot 40 [?]    0.022385961036056
Bot 60 [?]    0.058766774641137
Bot 80 [?]    0.129493837843074
mworthVE   25.251199905820187
mworthWW    1.630435714819234
mworthUS    1.393240968150834
mworthUL   84.040955475085312
---------------
--------- PRODUCTION & CAPITAL -----
CapitalVE    4.763085114499023
ProductionVE    1.311816732173427
Totalcapital   10.669248978680894
Totallabor    0.851785744056246
Corproduction    1.710335902000554
Corcapital    5.906163864181871
Totalproduction    3.022152634173981
CapitalVE/Totalcapital    0.446431152184801
---------------
--------- TAXATION -----
Corporate revenu    0.000000000000000
Expenditure    0.037199884593698
Revenue Basis    1.100636088950490
Optimal tax    0.033798532473318
-------MASS--------
WW    0.846323212483945 
U    0.074570234626150 
VE    0.079106552889925 
R:    0.043248389856967,	 W:    1.292084097499179,	 K:    6.015525003242367	, L:    0.854561879344094, 	 TAX:    0.033432509580565

-------EQUILIBRIUM PRICES AND AGGREGATE--------
r    0.043248389856967 
w    1.292084097499179 
u    0.074617611646788 
-------MOMENTS GENERATED & STATISTICS--------
Ratio KY [3.04]    3.532920513669456
Ratio mworthVE/mworthWW [8]   15.488139327516020
Fraction E [7.55]    0.079259410406332
(UL:    0.019820438351649, US:    0.054797173295140) Unemploy. rate [4- 6]    0.074617611646788
Fraction of nonE>E (rlv to whole pop) [0.39]    0.018649925677854
Fraction of U>E (rlv to new entrant) [20]    0.215005331013433
Worker exit rate (rlv to workers) [3-6.5]    0.044684422736503
Nshare (US)    0.005689662665743, 	 Nshare(UL):    0.000012069147446, 	 Nshare [0.1]:    0.005701731813189
(U>E/pop>E) [0.2]    0.215005331013433
Wealth Gini [0.84]    0.807025889401989
Earning Gini [0.36]    0.389871903509882
Top 1 [41.8]    0.212538514614246
Zero wealth fraction [7- 13]    0.058084743254523
Fraction U>nonU (rlv to unemployed) [40- 65]    0.363065790662801

-------TRANSITION Worker to entrepreneur / ABILITY--------
very low	 middle 	 very high
   0.020729585533622	   0.016201998720439	   0.014987978227711	
-------TRANSITION Entrepreneur to Worker / ABILITY--------
very low 	 middle 	 very high
   0.002892707728946	   0.003282577692412	   0.003460145170900	
--------- TRANSITION MATRIX BTW CLASSES ------
  	  U     	 W     	 E 
U 	 0.6369 	 0.3093 	 0.0537 
W 	 0.0274 	 0.9553 	 0.0173 
E 	 0.0434 	 0.1919 	 0.7647 
---------------
--------- WEALTH DISTRIBUTION STATISTICS ------
Top 0.1 [22]    0.039390455769045
Top 1 [41.8]    0.212538514614246
Top 5 [?]    0.552126844881205
Top 10 [77.2]    0.736876860518623
Top 20 [?]    0.870806330371607
Bot 20 [?]    0.003679365845172
Bot 40 [?]    0.022327929445181
Bot 60 [?]    0.058614855892385
Bot 80 [?]    0.129193669628393
mworthVE   25.265729832657787
mworthWW    1.631295360816585
mworthUS    1.394627486799498
mworthUL   84.047650705007285
---------------
--------- PRODUCTION & CAPITAL -----
CapitalVE    4.773919723546554
ProductionVE    1.314760617732991
Totalcapital   10.690289231729402
Totallabor    0.851589166566613
Corproduction    1.711146472553048
Corcapital    5.916369508182847
Totalproduction    3.025907090286039
CapitalVE/Totalcapital    0.446566002103786
---------------
--------- TAXATION -----
Corporate revenu    0.000000000000000
Expenditure    0.037196705861873
Revenue Basis    1.100324819723296
Optimal tax    0.033805204786008
-------MASS--------
WW    0.846122977946892 
U    0.074617611646788 
VE    0.079259410406332 
R:    0.043256883536578,	 W:    1.292024311707455,	 K:    6.010567228489391	, L:    0.853967336788598, 	 TAX:    0.033507048621654

-------EQUILIBRIUM PRICES AND AGGREGATE--------
r    0.043256883536578 
w    1.292024311707455 
u    0.074658478852650 
-------MOMENTS GENERATED & STATISTICS--------
Ratio KY [3.04]    3.535137175272447
Ratio mworthVE/mworthWW [8]   15.488624163407362
Fraction E [7.55]    0.079391005106450
(UL:    0.019862977364951, US:    0.054795501487699) Unemploy. rate [4- 6]    0.074658478852650
Fraction of nonE>E (rlv to whole pop) [0.39]    0.018679847051484
Fraction of U>E (rlv to new entrant) [20]    0.215071578065922
Worker exit rate (rlv to workers) [3-6.5]    0.044713349004644
Nshare (US)    0.005680771190400, 	 Nshare(UL):    0.000012064876847, 	 Nshare [0.1]:    0.005692836067247
(U>E/pop>E) [0.2]    0.215071578065922
Wealth Gini [0.84]    0.806993256035482
Earning Gini [0.36]    0.389994891210119
Top 1 [41.8]    0.212619022030118
Zero wealth fraction [7- 13]    0.058046962452920
Fraction U>nonU (rlv to unemployed) [40- 65]    0.362894727824251

-------TRANSITION Worker to entrepreneur / ABILITY--------
very low	 middle 	 very high
   0.020759929701515	   0.016230640245915	   0.015015753591983	
-------TRANSITION Entrepreneur to Worker / ABILITY--------
very low 	 middle 	 very high
   0.002889113727734	   0.003278664713300	   0.003456402622914	
--------- TRANSITION MATRIX BTW CLASSES ------
  	  U     	 W     	 E 
U 	 0.6371 	 0.3091 	 0.0538 
W 	 0.0274 	 0.9553 	 0.0173 
E 	 0.0434 	 0.1919 	 0.7647 
---------------
--------- WEALTH DISTRIBUTION STATISTICS ------
Top 0.1 [22]    0.039402174713249
Top 1 [41.8]    0.212619022030118
Top 5 [?]    0.552339488120439
Top 10 [77.2]    0.737137969485178
Top 20 [?]    0.869986510137815
Bot 20 [?]    0.003671191158640
Bot 40 [?]    0.022278016116887
Bot 60 [?]    0.058484270392016
Bot 80 [?]    0.130013489862185
mworthVE   25.278208317407906
mworthWW    1.632049951675431
mworthUS    1.395834277494361
mworthUL   84.053498919895929
---------------
--------- PRODUCTION & CAPITAL -----
CapitalVE    4.783248967242890
ProductionVE    1.317295470101771
Totalcapital   10.708429081186068
Totallabor    0.851419874681158
Corproduction    1.711845564675978
Corcapital    5.925180113943178
Totalproduction    3.029141034777749
CapitalVE/Totalcapital    0.446680734492299
---------------
--------- TAXATION -----
Corporate revenu    0.000000000000000
Expenditure    0.037193958949970
Revenue Basis    1.100055177558970
Optimal tax    0.033810993947143
-------MASS--------
WW    0.845950516040920 
U    0.074658478852650 
VE    0.079391005106450 
R:    0.043264401867653,	 W:    1.291971397664942,	 K:    6.006297872762080	, L:    0.853457844367110, 	 TAX:    0.033567837686752

-------EQUILIBRIUM PRICES AND AGGREGATE--------
r    0.043264401867653 
w    1.291971397664942 
u    0.074693832248946 
-------MOMENTS GENERATED & STATISTICS--------
Ratio KY [3.04]    3.537053073385679
Ratio mworthVE/mworthWW [8]   15.488971308731001
Fraction E [7.55]    0.079504604249199
(UL:    0.019899720224020, US:    0.054794112024926) Unemploy. rate [4- 6]    0.074693832248946
Fraction of nonE>E (rlv to whole pop) [0.39]    0.018705671838832
Fraction of U>E (rlv to new entrant) [20]    0.215128672307414
Worker exit rate (rlv to workers) [3-6.5]    0.044738325068936
Nshare (US)    0.005673082034995, 	 Nshare(UL):    0.000012061327080, 	 Nshare [0.1]:    0.005685143362075
(U>E/pop>E) [0.2]    0.215128672307414
Wealth Gini [0.84]    0.806964272761946
Earning Gini [0.36]    0.390101114106858
Top 1 [41.8]    0.212688000508131
Zero wealth fraction [7- 13]    0.058014209851446
Fraction U>nonU (rlv to unemployed) [40- 65]    0.362746830036321

-------TRANSITION Worker to entrepreneur / ABILITY--------
very low	 middle 	 very high
   0.020786124982590	   0.016255365996448	   0.015039742407050	
-------TRANSITION Entrepreneur to Worker / ABILITY--------
very low 	 middle 	 very high
   0.002885732476106	   0.003274969487595	   0.003452836180161	
--------- TRANSITION MATRIX BTW CLASSES ------
  	  U     	 W     	 E 
U 	 0.6373 	 0.3089 	 0.0539 
W 	 0.0274 	 0.9553 	 0.0174 
E 	 0.0434 	 0.1919 	 0.7647 
---------------
--------- WEALTH DISTRIBUTION STATISTICS ------
Top 0.1 [22]    0.039412131283996
Top 1 [41.8]    0.212688000508131
Top 5 [?]    0.552522457117621
Top 10 [77.2]    0.737362733224717
Top 20 [?]    0.870208348451328
Bot 20 [?]    0.003664129986827
Bot 40 [?]    0.022235100922091
Bot 60 [?]    0.058371623690921
Bot 80 [?]    0.129791651548672
mworthVE   25.289012632279920
mworthWW    1.632710922385447
mworthUS    1.396887101054713
mworthUL   84.058615234566830
---------------
--------- PRODUCTION & CAPITAL -----
CapitalVE    4.791308591572650
ProductionVE    1.319485285088232
Totalcapital   10.724117666892345
Totallabor    0.851273656019035
Corproduction    1.712450466055921
Corcapital    5.932809075319695
Totalproduction    3.031935751144153
CapitalVE/Totalcapital    0.446778815786817
---------------
--------- TAXATION -----
Corporate revenu    0.000000000000000
Expenditure    0.037191586387958
Revenue Basis    1.099821215162258
Optimal tax    0.033816029255692
-------MASS--------
WW    0.845801563501863 
U    0.074693832248946 
VE    0.079504604249199 
R:    0.043271009428931,	 W:    1.291924898593338,	 K:    6.002623432889961	, L:    0.853021006697495, 	 TAX:    0.033617476000540

