===================Program Starting: Fri Jan 20 11:20:26 2017

------ Estimated Model parameters------
             betapar		   0.870000000000000
              Etapar		   0.034000000000000	   0.027000000000000	   0.024000000000000
               Kappa		   2.350000000000000	   2.400000000000000	   2.450000000000000
                PROD		   0.250000000000000	   1.000000000000000	   2.250000000000000
              GTRANS		   0.250000000000000	   0.630000000000000
             phiparW		   1.500000000000000
             phiparE		   1.800000000000000
             costpar		   0.000000000000000
               nupar		   0.810000000000000
                fpar		   0.750000000000000
               mupar		   0.100000000000000
               xipar		   1.000000000000000

------ Fixed Model parameters------
             maxgrid		                 250
             Gridmin		   0.000000000000000
             Gridmax		5000.000000000000000
             corptax		   0.000000000000000
            alphapar		   0.360000000000000
            deltapar		   0.060000000000000
             rhostar		   0.540000000000000
            sigmapar		   1.390000000000000
              TFPpar		   1.000000000000000
              pLTpar		   1.000000000000000
          EffortMaxU		 100.000000000000000
          EffortMaxE		 100.000000000000000

------ Convergence criterions------
        epsilonValue		   0.000001000000000
        epsilonendoK		   0.000001000000000
           maxiterVF		   0.000001000000000
        maxiterendoK		   0.000001000000000
         epsilonDist		   0.000000010000000
        epsilonprice		   0.000001000000000
       epsilonparams		   0.000001000000000
          relaxendoK		   0.300000000000000
              relaxK		   0.050000000000000
            relaxTax		   0.200000000000000
----------------------------
R:    0.055000000000000,	 W:    1.216067257985791,	 K:    5.833124071470162	, L:    0.980661063223172, 	 TAX:    0.014747715938431

-------EQUILIBRIUM PRICES AND AGGREGATE--------
r    0.055000000000000 
w    1.216067257985791 
u    0.035602038099157 
-------MOMENTS GENERATED & STATISTICS--------
Ratio KY [3.04]    1.699459573218695
Ratio mworthVE/mworthWW [8]    3.997041814904768
Fraction E [7.55]    0.024486248843256
(UL:    0.009644563108045, US:    0.025957474991111) Unemploy. rate [4- 6]    0.035602038099157
Fraction of nonE>E (rlv to whole pop) [0.39]    0.007602647093640
Fraction of U>E (rlv to new entrant) [20]    0.078298824271772
Worker exit rate (rlv to workers) [3-6.5]    0.035072276787284
Nshare (US)    0.012269898611593, 	 Nshare(UL):    0.005521312853534, 	 Nshare [0.1]:    0.017791211465127
(U>E/pop>E) [0.2]    0.078298824271772
Wealth Gini [0.84]    0.554437241305888
Earning Gini [0.36]    0.371308567976450
Top 1 [41.8]    0.136792701538269
Zero wealth fraction [7- 13]    0.065551266269433
Fraction U>nonU (rlv to unemployed) [40- 65]    0.748301501521648

-------TRANSITION Worker to entrepreneur / ABILITY--------
very low	 middle 	 very high
   0.015579270448227	   0.006644502512505	   0.001250165717364	
-------TRANSITION Entrepreneur to Worker / ABILITY--------
very low 	 middle 	 very high
   0.266739467097864	   0.294922133197693	   0.413175944879892	
--------- TRANSITION MATRIX BTW CLASSES ------
  	  U     	 W     	 E 
U 	 0.2517 	 0.7316 	 0.0167 
W 	 0.0276 	 0.9649 	 0.0075 
E 	 0.0226 	 0.2953 	 0.6822 
---------------
--------- WEALTH DISTRIBUTION STATISTICS ------
Top 0.1 [22]    0.034906053606476
Top 1 [41.8]    0.136792701538269
Top 5 [?]    0.282728929518636
Top 10 [77.2]    0.394984763505691
Top 20 [?]    0.566258242284380
Bot 20 [?]    0.012807517259019
Bot 40 [?]    0.073246337208460
Bot 60 [?]    0.194328886228517
Bot 80 [?]    0.433741757715620
mworthVE    5.992580000558724
mworthWW    1.499253767677059
mworthUS    1.324911857004206
mworthUL    1.868246736131173
---------------
--------- PRODUCTION & CAPITAL -----
CapitalVE    0.384621739666005
ProductionVE    0.128685947470688
Totalcapital    2.562870216939380
Totallabor    1.066750668903295
Corproduction    1.379364174654563
Corcapital    2.178248477273375
Totalproduction    1.508050122125251
CapitalVE/Totalcapital    0.150074606635886
---------------
--------- TAXATION -----
Corporate revenu    0.000000000000000
Expenditure    0.018257950394179
Revenue Basis    1.297240560887738
Optimal tax    0.014074452298720
-------MASS--------
WW    0.939911713057589 
U    0.035602038099157 
VE    0.024486248843256 
R:    0.058681390895478,	 W:    1.194702858318849,	 K:    5.650380291760323	, L:    0.997878984359197, 	 TAX:    0.014613063210489

-------EQUILIBRIUM PRICES AND AGGREGATE--------
r    0.058681390895478 
w    1.194702858318849 
u    0.036065708885980 
-------MOMENTS GENERATED & STATISTICS--------
Ratio KY [3.04]    1.798339053989425
Ratio mworthVE/mworthWW [8]    4.012870349604605
Fraction E [7.55]    0.029828809373744
(UL:    0.010319235630109, US:    0.025746473255871) Unemploy. rate [4- 6]    0.036065708885980
Fraction of nonE>E (rlv to whole pop) [0.39]    0.009107531042023
Fraction of U>E (rlv to new entrant) [20]    0.078431459289594
Worker exit rate (rlv to workers) [3-6.5]    0.036548000215285
Nshare (US)    0.010399859384919, 	 Nshare(UL):    0.004803787441695, 	 Nshare [0.1]:    0.015203646826614
(U>E/pop>E) [0.2]    0.078431459289594
Wealth Gini [0.84]    0.566328188530503
Earning Gini [0.36]    0.375018268471003
Top 1 [41.8]    0.147881853097227
Zero wealth fraction [7- 13]    0.060825867222628
Fraction U>nonU (rlv to unemployed) [40- 65]    0.737377987903726

-------TRANSITION Worker to entrepreneur / ABILITY--------
very low	 middle 	 very high
   0.018042278449739	   0.008236651391519	   0.001798031086616	
-------TRANSITION Entrepreneur to Worker / ABILITY--------
very low 	 middle 	 very high
   0.266299430926559	   0.285219643936236	   0.384996081269246	
--------- TRANSITION MATRIX BTW CLASSES ------
  	  U     	 W     	 E 
U 	 0.2626 	 0.7176 	 0.0198 
W 	 0.0276 	 0.9635 	 0.0090 
E 	 0.0243 	 0.2888 	 0.6869 
---------------
--------- WEALTH DISTRIBUTION STATISTICS ------
Top 0.1 [22]    0.036476916806570
Top 1 [41.8]    0.147881853097227
Top 5 [?]    0.306219699228261
Top 10 [77.2]    0.405428845525955
Top 20 [?]    0.590562340592451
Bot 20 [?]    0.013489894770486
Bot 40 [?]    0.070155510128443
Bot 60 [?]    0.184521483645135
Bot 80 [?]    0.409437659407549
mworthVE    6.427256307917891
mworthWW    1.601660594031197
mworthUS    1.419995189166690
mworthUL    2.149535244116006
---------------
--------- PRODUCTION & CAPITAL -----
CapitalVE    0.499576034619225
ProductionVE    0.165461547515651
Totalcapital    2.831277600715613
Totallabor    1.061256594761533
Corproduction    1.408923212930230
Corcapital    2.331701566096388
Totalproduction    1.574384760445881
CapitalVE/Totalcapital    0.176448976424267
---------------
--------- TAXATION -----
Corporate revenu    0.000000000000000
Expenditure    0.017817509785291
Revenue Basis    1.267886287171332
Optimal tax    0.014052924119119
-------MASS--------
WW    0.934105481740281 
U    0.036065708885980 
VE    0.029828809373744 
R:    0.061948299550853,	 W:    1.176593031544246,	 K:    5.484446355477126	, L:    1.010554506439664, 	 TAX:    0.014501035392215

-------EQUILIBRIUM PRICES AND AGGREGATE--------
r    0.061948299550853 
w    1.176593031544246 
u    0.036570760846862 
-------MOMENTS GENERATED & STATISTICS--------
Ratio KY [3.04]    1.892609770147254
Ratio mworthVE/mworthWW [8]    4.065099778253238
Fraction E [7.55]    0.034751042927913
(UL:    0.011021380748987, US:    0.025549380097875) Unemploy. rate [4- 6]    0.036570760846862
Fraction of nonE>E (rlv to whole pop) [0.39]    0.010459247493062
Fraction of U>E (rlv to new entrant) [20]    0.079725047579784
Worker exit rate (rlv to workers) [3-6.5]    0.037876159610378
Nshare (US)    0.009389605104406, 	 Nshare(UL):    0.004409449669954, 	 Nshare [0.1]:    0.013799054774360
(U>E/pop>E) [0.2]    0.079725047579784
Wealth Gini [0.84]    0.576644369833864
Earning Gini [0.36]    0.378477398905361
Top 1 [41.8]    0.153323035169741
Zero wealth fraction [7- 13]    0.056906854500409
Fraction U>nonU (rlv to unemployed) [40- 65]    0.726429058860204

-------TRANSITION Worker to entrepreneur / ABILITY--------
very low	 middle 	 very high
   0.020332214593513	   0.009595074286819	   0.002382689411776	
-------TRANSITION Entrepreneur to Worker / ABILITY--------
very low 	 middle 	 very high
   0.265415334171964	   0.278333750143459	   0.359699804047095	
--------- TRANSITION MATRIX BTW CLASSES ------
  	  U     	 W     	 E 
U 	 0.2736 	 0.7036 	 0.0228 
W 	 0.0275 	 0.9621 	 0.0104 
E 	 0.0258 	 0.2831 	 0.6911 
---------------
--------- WEALTH DISTRIBUTION STATISTICS ------
Top 0.1 [22]    0.035272960584815
Top 1 [41.8]    0.153323035169741
Top 5 [?]    0.316842524778329
Top 10 [77.2]    0.435384702748525
Top 20 [?]    0.589133319397322
Bot 20 [?]    0.011628869265791
Bot 40 [?]    0.067835008175717
Bot 60 [?]    0.189613205407178
Bot 80 [?]    0.410866680602678
mworthVE    6.919734754413984
mworthWW    1.702229989884129
mworthUS    1.513190546516666
mworthUL    2.465765039333319
---------------
--------- PRODUCTION & CAPITAL -----
CapitalVE    0.616168464292566
ProductionVE    0.202296509755105
Totalcapital    3.103532119312411
Totallabor    1.056010430658232
Corproduction    1.437519668025137
Corcapital    2.487363655019845
Totalproduction    1.639816177780241
CapitalVE/Totalcapital    0.198537808085930
---------------
--------- TAXATION -----
Corporate revenu    0.000000000000000
Expenditure    0.017436363974695
Revenue Basis    1.242494513950516
Optimal tax    0.014033352887214
-------MASS--------
WW    0.928678196225224 
U    0.036570760846862 
VE    0.034751042927913 
R:    0.064843305735953,	 W:    1.161166965694280,	 K:    5.334592220454262	, L:    1.019645691283378, 	 TAX:    0.014407498891215

-------EQUILIBRIUM PRICES AND AGGREGATE--------
r    0.064843305735953 
w    1.161166965694280 
u    0.037090415366921 
-------MOMENTS GENERATED & STATISTICS--------
Ratio KY [3.04]    1.979217701006589
Ratio mworthVE/mworthWW [8]    4.122339763919657
Fraction E [7.55]    0.039219706183692
(UL:    0.011720434240014, US:    0.025369981126908) Unemploy. rate [4- 6]    0.037090415366921
Fraction of nonE>E (rlv to whole pop) [0.39]    0.011680104396326
Fraction of U>E (rlv to new entrant) [20]    0.081207862311295
Worker exit rate (rlv to workers) [3-6.5]    0.039084080118145
Nshare (US)    0.008630989329797, 	 Nshare(UL):    0.004147836076154, 	 Nshare [0.1]:    0.012778825405952
(U>E/pop>E) [0.2]    0.081207862311295
Wealth Gini [0.84]    0.585484242535776
Earning Gini [0.36]    0.381657481179218
Top 1 [41.8]    0.155305439340033
Zero wealth fraction [7- 13]    0.053798411287848
Fraction U>nonU (rlv to unemployed) [40- 65]    0.715840582213018

-------TRANSITION Worker to entrepreneur / ABILITY--------
very low	 middle 	 very high
   0.022403708570060	   0.010803635465776	   0.002977579505428	
-------TRANSITION Entrepreneur to Worker / ABILITY--------
very low 	 middle 	 very high
   0.264469847415087	   0.273999051272487	   0.339244758361482	
--------- TRANSITION MATRIX BTW CLASSES ------
  	  U     	 W     	 E 
U 	 0.2842 	 0.6903 	 0.0256 
W 	 0.0275 	 0.9609 	 0.0116 
E 	 0.0273 	 0.2787 	 0.6940 
---------------
--------- WEALTH DISTRIBUTION STATISTICS ------
Top 0.1 [22]    0.034321141998794
Top 1 [41.8]    0.155305439340033
Top 5 [?]    0.330250045696289
Top 10 [77.2]    0.440245201851204
Top 20 [?]    0.605792149016260
Bot 20 [?]    0.013031765298575
Bot 40 [?]    0.066237311634716
Bot 60 [?]    0.183296708477862
Bot 80 [?]    0.394207850983740
mworthVE    7.373108450143588
mworthWW    1.788573691735927
mworthUS    1.599885453832173
mworthUL    2.794306559164645
---------------
--------- PRODUCTION & CAPITAL -----
CapitalVE    0.729894091254777
ProductionVE    0.237891418870163
Totalcapital    3.368419193653466
Totallabor    1.051098812140260
Corproduction    1.464002815372163
Corcapital    2.638525102398689
Totalproduction    1.701894234242326
CapitalVE/Totalcapital    0.216687427927614
---------------
--------- TAXATION -----
Corporate revenu    0.000000000000000
Expenditure    0.017107161320943
Revenue Basis    1.220501218337770
Optimal tax    0.014016504911189
-------MASS--------
WW    0.923689878449388 
U    0.037090415366921 
VE    0.039219706183692 
R:    0.067405654876270,	 W:    1.147972499573709,	 K:    5.199788864551483	, L:    1.025936315454754, 	 TAX:    0.014329300095209

-------EQUILIBRIUM PRICES AND AGGREGATE--------
r    0.067405654876270 
w    1.147972499573709 
u    0.037640139101401 
-------MOMENTS GENERATED & STATISTICS--------
Ratio KY [3.04]    2.057864745824570
Ratio mworthVE/mworthWW [8]    4.121362803170796
Fraction E [7.55]    0.043348026260872
(UL:    0.012436637075233, US:    0.025203502026168) Unemploy. rate [4- 6]    0.037640139101401
Fraction of nonE>E (rlv to whole pop) [0.39]    0.012800147733414
Fraction of U>E (rlv to new entrant) [20]    0.082851937515514
Worker exit rate (rlv to workers) [3-6.5]    0.040198756236851
Nshare (US)    0.008016818672963, 	 Nshare(UL):    0.003933368002618, 	 Nshare [0.1]:    0.011950186675580
(U>E/pop>E) [0.2]    0.082851937515514
Wealth Gini [0.84]    0.592077337422929
Earning Gini [0.36]    0.384649349563431
Top 1 [41.8]    0.155654636309183
Zero wealth fraction [7- 13]    0.050987072996778
Fraction U>nonU (rlv to unemployed) [40- 65]    0.705460965581734

-------TRANSITION Worker to entrepreneur / ABILITY--------
very low	 middle 	 very high
   0.024281590043049	   0.011920889685174	   0.003555227332541	
-------TRANSITION Entrepreneur to Worker / ABILITY--------
very low 	 middle 	 very high
   0.263405896801929	   0.269807436713658	   0.325388694231708	
--------- TRANSITION MATRIX BTW CLASSES ------
  	  U     	 W     	 E 
U 	 0.2945 	 0.6773 	 0.0282 
W 	 0.0274 	 0.9598 	 0.0128 
E 	 0.0287 	 0.2748 	 0.6964 
---------------
--------- WEALTH DISTRIBUTION STATISTICS ------
Top 0.1 [22]    0.031884105628707
Top 1 [41.8]    0.155654636309183
Top 5 [?]    0.341781861858644
Top 10 [77.2]    0.460206598541586
Top 20 [?]    0.616278732753616
Bot 20 [?]    0.011659222307110
Bot 40 [?]    0.065611151268931
Bot 60 [?]    0.178495655682711
Bot 80 [?]    0.383721267246384
mworthVE    7.744788614632360
mworthWW    1.879181470913907
mworthUS    1.684640362040034
mworthUL    3.157122820503973
---------------
--------- PRODUCTION & CAPITAL -----
CapitalVE    0.837655340261973
ProductionVE    0.271558125608350
Totalcapital    3.621651068491653
Totallabor    1.046466196497276
Corproduction    1.488349116031326
Corcapital    2.783995728229680
Totalproduction    1.759907241639676
CapitalVE/Totalcapital    0.231291011867369
---------------
--------- TAXATION -----
Corporate revenu    0.000000000000000
Expenditure    0.016820370944258
Revenue Basis    1.201314415312370
Optimal tax    0.014001639146138
-------MASS--------
WW    0.919011834637731 
U    0.037640139101401 
VE    0.043348026260872 
R:    0.069667675059502,	 W:    1.136664472433405,	 K:    5.078999207735392	, L:    1.030042291663259, 	 TAX:    0.014263767905395

-------EQUILIBRIUM PRICES AND AGGREGATE--------
r    0.069667675059502 
w    1.136664472433405 
u    0.038158335838183 
-------MOMENTS GENERATED & STATISTICS--------
Ratio KY [3.04]    2.127678522056111
Ratio mworthVE/mworthWW [8]    4.064141841291471
Fraction E [7.55]    0.047396764935588
(UL:    0.013114530072274, US:    0.025043805765909) Unemploy. rate [4- 6]    0.038158335838183
Fraction of nonE>E (rlv to whole pop) [0.39]    0.013917571911975
Fraction of U>E (rlv to new entrant) [20]    0.083720150617730
Worker exit rate (rlv to workers) [3-6.5]    0.041332393557187
Nshare (US)    0.007261665675754, 	 Nshare(UL):    0.003636234531162, 	 Nshare [0.1]:    0.010897900206916
(U>E/pop>E) [0.2]    0.083720150617730
Wealth Gini [0.84]    0.596523199063680
Earning Gini [0.36]    0.387615072271984
Top 1 [41.8]    0.150211182424167
Zero wealth fraction [7- 13]    0.048538223500371
Fraction U>nonU (rlv to unemployed) [40- 65]    0.695908013688052

-------TRANSITION Worker to entrepreneur / ABILITY--------
very low	 middle 	 very high
   0.025957518092862	   0.013195997453467	   0.004077173146023	
-------TRANSITION Entrepreneur to Worker / ABILITY--------
very low 	 middle 	 very high
   0.262669954567900	   0.265978550502356	   0.319837129586552	
--------- TRANSITION MATRIX BTW CLASSES ------
  	  U     	 W     	 E 
U 	 0.3041 	 0.6654 	 0.0305 
W 	 0.0274 	 0.9587 	 0.0139 
E 	 0.0298 	 0.2722 	 0.6980 
---------------
--------- WEALTH DISTRIBUTION STATISTICS ------
Top 0.1 [22]    0.030970932610905
Top 1 [41.8]    0.150211182424167
Top 5 [?]    0.348539692839354
Top 10 [77.2]    0.457433374417509
Top 20 [?]    0.622574268224769
Bot 20 [?]    0.012417342725719
Bot 40 [?]    0.065231805352752
Bot 60 [?]    0.175261833259783
Bot 80 [?]    0.377425731775231
mworthVE    7.997450833034988
mworthWW    1.967808001133548
mworthUS    1.763861336101241
mworthUL    3.501775162677333
---------------
--------- PRODUCTION & CAPITAL -----
CapitalVE    0.938174127879863
ProductionVE    0.303194566097178
Totalcapital    3.857548016246346
Totallabor    1.041963949087976
Corproduction    1.509836855829548
Corcapital    2.919373888366483
Totalproduction    1.813031421926726
CapitalVE/Totalcapital    0.243204782916162
---------------
--------- TAXATION -----
Corporate revenu    0.000000000000000
Expenditure    0.016566518837300
Revenue Basis    1.184363402484710
Optimal tax    0.013987699047898
-------MASS--------
WW    0.914444899226232 
U    0.038158335838183 
VE    0.047396764935588 
R:    0.071658036550680,	 W:    1.126966438437859,	 K:    4.971017941766946	, L:    1.032426623148202, 	 TAX:    0.014208554133896

-------EQUILIBRIUM PRICES AND AGGREGATE--------
r    0.071658036550680 
w    1.126966438437859 
u    0.038622710717782 
-------MOMENTS GENERATED & STATISTICS--------
Ratio KY [3.04]    2.185731391529853
Ratio mworthVE/mworthWW [8]    3.995021858864134
Fraction E [7.55]    0.050745856265823
(UL:    0.013714175761791, US:    0.024908534955991) Unemploy. rate [4- 6]    0.038622710717782
Fraction of nonE>E (rlv to whole pop) [0.39]    0.014830584356915
Fraction of U>E (rlv to new entrant) [20]    0.084747084325679
Worker exit rate (rlv to workers) [3-6.5]    0.042258886674208
Nshare (US)    0.006883514360057, 	 Nshare(UL):    0.003500878766166, 	 Nshare [0.1]:    0.010384393126223
(U>E/pop>E) [0.2]    0.084747084325679
Wealth Gini [0.84]    0.598611647909215
Earning Gini [0.36]    0.390061701477223
Top 1 [41.8]    0.152087569435492
Zero wealth fraction [7- 13]    0.046377362214030
Fraction U>nonU (rlv to unemployed) [40- 65]    0.687668734705832

-------TRANSITION Worker to entrepreneur / ABILITY--------
very low	 middle 	 very high
   0.027481706236089	   0.014168133655746	   0.004511728247552	
-------TRANSITION Entrepreneur to Worker / ABILITY--------
very low 	 middle 	 very high
   0.261935165993819	   0.263460846879734	   0.313580542088728	
--------- TRANSITION MATRIX BTW CLASSES ------
  	  U     	 W     	 E 
U 	 0.3123 	 0.6551 	 0.0325 
W 	 0.0274 	 0.9577 	 0.0149 
E 	 0.0308 	 0.2699 	 0.6993 
---------------
--------- WEALTH DISTRIBUTION STATISTICS ------
Top 0.1 [22]    0.032044491665301
Top 1 [41.8]    0.152087569435492
Top 5 [?]    0.347347548872355
Top 10 [77.2]    0.465403462484985
Top 20 [?]    0.624781263705111
Bot 20 [?]    0.011421722727265
Bot 40 [?]    0.065612092426427
Bot 60 [?]    0.174507940482208
Bot 80 [?]    0.375218736294889
mworthVE    8.203028341178650
mworthWW    2.053312505156339
mworthUS    1.843452822501924
mworthUL    3.835536467647201
---------------
--------- PRODUCTION & CAPITAL -----
CapitalVE    1.022101707946856
ProductionVE    0.329681870986216
Totalcapital    4.060997631303737
Totallabor    1.038216219507224
Corproduction    1.528276360771317
Corcapital    3.038895923356881
Totalproduction    1.857958231757532
CapitalVE/Totalcapital    0.251687344032930
---------------
--------- TAXATION -----
Corporate revenu    0.000000000000000
Expenditure    0.016351904445187
Revenue Basis    1.170034835226475
Optimal tax    0.013975570600872
-------MASS--------
WW    0.910631433016399 
U    0.038622710717782 
VE    0.050745856265823 
R:    0.073417784176423,	 W:    1.118580930350521,	 K:    4.874411840846443	, L:    1.033584542420007, 	 TAX:    0.014161957427291

-------EQUILIBRIUM PRICES AND AGGREGATE--------
r    0.073417784176423 
w    1.118580930350521 
u    0.039110191018864 
-------MOMENTS GENERATED & STATISTICS--------
Ratio KY [3.04]    2.243820050020764
Ratio mworthVE/mworthWW [8]    3.929185702219689
Fraction E [7.55]    0.054193544560017
(UL:    0.014339882965136, US:    0.024770308053728) Unemploy. rate [4- 6]    0.039110191018864
Fraction of nonE>E (rlv to whole pop) [0.39]    0.015749466371749
Fraction of U>E (rlv to new entrant) [20]    0.085761692609885
Worker exit rate (rlv to workers) [3-6.5]    0.043199773803790
Nshare (US)    0.006511819155352, 	 Nshare(UL):    0.003366965394876, 	 Nshare [0.1]:    0.009878784550228
(U>E/pop>E) [0.2]    0.085761692609885
Wealth Gini [0.84]    0.600380154088822
Earning Gini [0.36]    0.392592152448108
Top 1 [41.8]    0.147416051079998
Zero wealth fraction [7- 13]    0.044316714627128
Fraction U>nonU (rlv to unemployed) [40- 65]    0.679334787879720

-------TRANSITION Worker to entrepreneur / ABILITY--------
very low	 middle 	 very high
   0.029037011734426	   0.015144099805349	   0.004968006149176	
-------TRANSITION Entrepreneur to Worker / ABILITY--------
very low 	 middle 	 very high
   0.261194350322557	   0.260373656178129	   0.307884082995496	
--------- TRANSITION MATRIX BTW CLASSES ------
  	  U     	 W     	 E 
U 	 0.3207 	 0.6448 	 0.0345 
W 	 0.0273 	 0.9568 	 0.0159 
E 	 0.0315 	 0.2675 	 0.7010 
---------------
--------- WEALTH DISTRIBUTION STATISTICS ------
Top 0.1 [22]    0.030325660599104
Top 1 [41.8]    0.147416051079998
Top 5 [?]    0.350664036630607
Top 10 [77.2]    0.473566451092802
Top 20 [?]    0.627043720263211
Bot 20 [?]    0.012914888405702
Bot 40 [?]    0.066138275116456
Bot 60 [?]    0.174064551949885
Bot 80 [?]    0.372956279736789
mworthVE    8.406832928321393
mworthWW    2.139586562063528
mworthUS    1.924874961532860
mworthUL    4.203525734708955
---------------
--------- PRODUCTION & CAPITAL -----
CapitalVE    1.109660303556090
ProductionVE    0.357258655805422
Totalcapital    4.271958784804809
Totallabor    1.034331730707185
Corproduction    1.546618967877135
Corcapital    3.162298481248719
Totalproduction    1.903877623682558
CapitalVE/Totalcapital    0.259754449762743
---------------
--------- TAXATION -----
Corporate revenu    0.000000000000000
Expenditure    0.016155671624881
Revenue Basis    1.156983749625509
Optimal tax    0.013963611528779
-------MASS--------
WW    0.906696264421125 
U    0.039110191018864 
VE    0.054193544560017 
R:    0.074951800087373,	 W:    1.111410824151963,	 K:    4.788806172866556	, L:    1.033733980077443, 	 TAX:    0.014122288247589

-------EQUILIBRIUM PRICES AND AGGREGATE--------
r    0.074951800087373 
w    1.111410824151963 
u    0.039646969068880 
-------MOMENTS GENERATED & STATISTICS--------
Ratio KY [3.04]    2.303536710548040
Ratio mworthVE/mworthWW [8]    3.891327954554598
Fraction E [7.55]    0.057694851953293
(UL:    0.015016119681418, US:    0.024630849387463) Unemploy. rate [4- 6]    0.039646969068880
Fraction of nonE>E (rlv to whole pop) [0.39]    0.016646330077134
Fraction of U>E (rlv to new entrant) [20]    0.087003324226681
Worker exit rate (rlv to workers) [3-6.5]    0.044124004345491
Nshare (US)    0.006179354745596, 	 Nshare(UL):    0.003235303321840, 	 Nshare [0.1]:    0.009414658067436
(U>E/pop>E) [0.2]    0.087003324226681
Wealth Gini [0.84]    0.602732433164339
Earning Gini [0.36]    0.395198828772329
Top 1 [41.8]    0.148941276584281
Zero wealth fraction [7- 13]    0.042380854025512
Fraction U>nonU (rlv to unemployed) [40- 65]    0.670674910036417

-------TRANSITION Worker to entrepreneur / ABILITY--------
very low	 middle 	 very high
   0.030532443764553	   0.016093997542965	   0.005455875421618	
-------TRANSITION Entrepreneur to Worker / ABILITY--------
very low 	 middle 	 very high
   0.260291894327640	   0.258254224782443	   0.295078901944717	
--------- TRANSITION MATRIX BTW CLASSES ------
  	  U     	 W     	 E 
U 	 0.3293 	 0.6341 	 0.0365 
W 	 0.0273 	 0.9559 	 0.0168 
E 	 0.0324 	 0.2644 	 0.7032 
---------------
--------- WEALTH DISTRIBUTION STATISTICS ------
Top 0.1 [22]    0.028767573188007
Top 1 [41.8]    0.148941276584281
Top 5 [?]    0.354459511381991
Top 10 [77.2]    0.471206658227290
Top 20 [?]    0.629988304706834
Bot 20 [?]    0.011847564487392
Bot 40 [?]    0.066624340356648
Bot 60 [?]    0.173752106266089
Bot 80 [?]    0.370011695293166
mworthVE    8.653025058775468
mworthWW    2.223668927376719
mworthUS    2.004003962841670
mworthUL    4.617314457820416
---------------
--------- PRODUCTION & CAPITAL -----
CapitalVE    1.205584517801590
ProductionVE    0.387186035863894
Totalcapital    4.496914029100773
Totallabor    1.030158017188303
Corproduction    1.564992111985506
Corcapital    3.291329511299182
Totalproduction    1.952178147849400
CapitalVE/Totalcapital    0.268091520095763
---------------
--------- TAXATION -----
Corporate revenu    0.000000000000000
Expenditure    0.015975300175970
Revenue Basis    1.144928770890005
Optimal tax    0.013953095233646
-------MASS--------
WW    0.902658178977833 
U    0.039646969068880 
VE    0.057694851953293 
R:    0.076259383927752,	 W:    1.105398876499690,	 K:    4.713932339788187	, L:    1.033018787499615, 	 TAX:    0.014088449644800

-------EQUILIBRIUM PRICES AND AGGREGATE--------
r    0.076259383927752 
w    1.105398876499690 
u    0.040145547991492 
-------MOMENTS GENERATED & STATISTICS--------
Ratio KY [3.04]    2.356607221758692
Ratio mworthVE/mworthWW [8]    3.850013672139011
Fraction E [7.55]    0.060668831467611
(UL:    0.015635373682253, US:    0.024510174309239) Unemploy. rate [4- 6]    0.040145547991492
Fraction of nonE>E (rlv to whole pop) [0.39]    0.017440051211703
Fraction of U>E (rlv to new entrant) [20]    0.088065433717442
Worker exit rate (rlv to workers) [3-6.5]    0.044945513944738
Nshare (US)    0.005905968542053, 	 Nshare(UL):    0.003113697885741, 	 Nshare [0.1]:    0.009019666427794
(U>E/pop>E) [0.2]    0.088065433717442
Wealth Gini [0.84]    0.604550899040368
Earning Gini [0.36]    0.397436873204804
Top 1 [41.8]    0.142271231932739
Zero wealth fraction [7- 13]    0.040714284260141
Fraction U>nonU (rlv to unemployed) [40- 65]    0.662894618211323

-------TRANSITION Worker to entrepreneur / ABILITY--------
very low	 middle 	 very high
   0.031856088053026	   0.016940161814598	   0.005896960648633	
-------TRANSITION Entrepreneur to Worker / ABILITY--------
very low 	 middle 	 very high
   0.259570585354151	   0.256318249558865	   0.290099936875017	
--------- TRANSITION MATRIX BTW CLASSES ------
  	  U     	 W     	 E 
U 	 0.3371 	 0.6246 	 0.0383 
W 	 0.0273 	 0.9551 	 0.0177 
E 	 0.0333 	 0.2625 	 0.7041 
---------------
--------- WEALTH DISTRIBUTION STATISTICS ------
Top 0.1 [22]    0.026992694092477
Top 1 [41.8]    0.142271231932739
Top 5 [?]    0.355140921470691
Top 10 [77.2]    0.478991147221285
Top 20 [?]    0.630573209139665
Bot 20 [?]    0.012840052855032
Bot 40 [?]    0.062218045741816
Bot 60 [?]    0.174746813803804
Bot 80 [?]    0.369426790860335
mworthVE    8.859118510622952
mworthWW    2.301061571477733
mworthUS    2.077826010990311
mworthUL    5.020270691640841
---------------
--------- PRODUCTION & CAPITAL -----
CapitalVE    1.290790087156286
ProductionVE    0.413544152653984
Totalcapital    4.702510632133985
Totallabor    1.026657499076170
Corproduction    1.581913804325622
Corcapital    3.411720544977699
Totalproduction    1.995457956979606
CapitalVE/Totalcapital    0.274489562731840
---------------
--------- TAXATION -----
Corporate revenu    0.000000000000000
Expenditure    0.015824011802683
Revenue Basis    1.134866046028780
Optimal tax    0.013943506247328
-------MASS--------
WW    0.899185620540900 
U    0.040145547991492 
VE    0.060668831467611 
R:    0.077369329725667,	 W:    1.100365916738099,	 K:    4.648821750047662	, L:    1.031746529814926, 	 TAX:    0.014059460965306

-------EQUILIBRIUM PRICES AND AGGREGATE--------
r    0.077369329725667 
w    1.100365916738099 
u    0.040604013944531 
-------MOMENTS GENERATED & STATISTICS--------
Ratio KY [3.04]    2.402978848390117
Ratio mworthVE/mworthWW [8]    3.818536085015651
Fraction E [7.55]    0.063252574414577
(UL:    0.016199266258622, US:    0.024404747685910) Unemploy. rate [4- 6]    0.040604013944531
Fraction of nonE>E (rlv to whole pop) [0.39]    0.018131324262410
Fraction of U>E (rlv to new entrant) [20]    0.089034011685733
Worker exit rate (rlv to workers) [3-6.5]    0.045664306494350
Nshare (US)    0.005685047153152, 	 Nshare(UL):    0.003015729645957, 	 Nshare [0.1]:    0.008700776799109
(U>E/pop>E) [0.2]    0.089034011685733
Wealth Gini [0.84]    0.605884872931347
Earning Gini [0.36]    0.399397995122855
Top 1 [41.8]    0.140572033589789
Zero wealth fraction [7- 13]    0.039307847695394
Fraction U>nonU (rlv to unemployed) [40- 65]    0.656018925689429

-------TRANSITION Worker to entrepreneur / ABILITY--------
very low	 middle 	 very high
   0.033005082084211	   0.017679678071527	   0.006293590293127	
-------TRANSITION Entrepreneur to Worker / ABILITY--------
very low 	 middle 	 very high
   0.258882277121164	   0.254826239728709	   0.285877619944304	
--------- TRANSITION MATRIX BTW CLASSES ------
  	  U     	 W     	 E 
U 	 0.3440 	 0.6163 	 0.0398 
W 	 0.0272 	 0.9543 	 0.0184 
E 	 0.0341 	 0.2610 	 0.7049 
---------------
--------- WEALTH DISTRIBUTION STATISTICS ------
Top 0.1 [22]    0.027684432557460
Top 1 [41.8]    0.140572033589789
Top 5 [?]    0.352515655196936
Top 10 [77.2]    0.484183360777046
Top 20 [?]    0.628902061159809
Bot 20 [?]    0.011992294988385
Bot 40 [?]    0.064134503235678
Bot 60 [?]    0.177480976230927
Bot 80 [?]    0.371097938840191
mworthVE    9.050711234836365
mworthWW    2.370204453573801
mworthUS    2.144001377043944
mworthUL    5.412749760648104
---------------
--------- PRODUCTION & CAPITAL -----
CapitalVE    1.366741806816283
ProductionVE    0.436982422322020
Totalcapital    4.887127783414622
Totallabor    1.023576794534615
Corproduction    1.596796521129258
Corcapital    3.520385976598339
Totalproduction    2.033778943451278
CapitalVE/Totalcapital    0.279661565522100
---------------
--------- TAXATION -----
Corporate revenu    0.000000000000000
Expenditure    0.015695452985611
Revenue Basis    1.126309017869927
Optimal tax    0.013935299049007
-------MASS--------
WW    0.896143411640896 
U    0.040604013944531 
VE    0.063252574414577 
R:    0.078306723429497,	 W:    1.096164614696915,	 K:    4.592399961375196	, L:    1.030112582758864, 	 TAX:    0.014034628582046

-------EQUILIBRIUM PRICES AND AGGREGATE--------
r    0.078306723429497 
w    1.096164614696915 
u    0.040971911713891 
-------MOMENTS GENERATED & STATISTICS--------
Ratio KY [3.04]    2.442691224712840
Ratio mworthVE/mworthWW [8]    3.789433384611957
Fraction E [7.55]    0.065487963539826
(UL:    0.016657368760376, US:    0.024314542953515) Unemploy. rate [4- 6]    0.040971911713891
Fraction of nonE>E (rlv to whole pop) [0.39]    0.018723622910579
Fraction of U>E (rlv to new entrant) [20]    0.089644532828601
Worker exit rate (rlv to workers) [3-6.5]    0.046287451777456
Nshare (US)    0.005504766705103, 	 Nshare(UL):    0.002934348539807, 	 Nshare [0.1]:    0.008439115244909
(U>E/pop>E) [0.2]    0.089644532828601
Wealth Gini [0.84]    0.606739803901938
Earning Gini [0.36]    0.401077972944140
Top 1 [41.8]    0.144492893098872
Zero wealth fraction [7- 13]    0.038132210574921
Fraction U>nonU (rlv to unemployed) [40- 65]    0.650343586636665

-------TRANSITION Worker to entrepreneur / ABILITY--------
very low	 middle 	 very high
   0.033997213373215	   0.018321762470988	   0.006638993512333	
-------TRANSITION Entrepreneur to Worker / ABILITY--------
very low 	 middle 	 very high
   0.258481945709640	   0.253753659218632	   0.282589633586965	
--------- TRANSITION MATRIX BTW CLASSES ------
  	  U     	 W     	 E 
U 	 0.3497 	 0.6094 	 0.0410 
W 	 0.0272 	 0.9537 	 0.0191 
E 	 0.0347 	 0.2598 	 0.7055 
---------------
--------- WEALTH DISTRIBUTION STATISTICS ------
Top 0.1 [22]    0.028231810865490
Top 1 [41.8]    0.144492893098872
Top 5 [?]    0.354846186323372
Top 10 [77.2]    0.486965953265487
Top 20 [?]    0.641953194161277
Bot 20 [?]    0.013423262134584
Bot 40 [?]    0.066378888188820
Bot 60 [?]    0.169728517535700
Bot 80 [?]    0.358046805838723
mworthVE    9.212174834730957
mworthWW    2.431016434314308
mworthUS    2.203155453428589
mworthUL    5.757705933805203
---------------
--------- PRODUCTION & CAPITAL -----
CapitalVE    1.432886603110069
ProductionVE    0.457322725988441
Totalcapital    5.048863704670188
Totallabor    1.020931377189519
Corproduction    1.609603970922965
Corcapital    3.615977101560119
Totalproduction    2.066926696911406
CapitalVE/Totalcapital    0.283803779805870
---------------
--------- TAXATION -----
Corporate revenu    0.000000000000000
Expenditure    0.015587139377024
Revenue Basis    1.119108849708940
Optimal tax    0.013928170955915
-------MASS--------
WW    0.893540124746290 
U    0.040971911713891 
VE    0.065487963539826 
R:    0.079097088081736,	 W:    1.092656702416670,	 K:    4.543578818384442	, L:    1.028276341644995, 	 TAX:    0.014013337056820

-------EQUILIBRIUM PRICES AND AGGREGATE--------
r    0.079097088081736 
w    1.092656702416670 
u    0.041348769117446 
-------MOMENTS GENERATED & STATISTICS--------
Ratio KY [3.04]    2.476953345188111
Ratio mworthVE/mworthWW [8]    3.761892459475189
Fraction E [7.55]    0.067393701801843
(UL:    0.017112823056830, US:    0.024235946060616) Unemploy. rate [4- 6]    0.041348769117446
Fraction of nonE>E (rlv to whole pop) [0.39]    0.019233682361313
Fraction of U>E (rlv to new entrant) [20]    0.090445156609202
Worker exit rate (rlv to workers) [3-6.5]    0.046821523125454
Nshare (US)    0.005355229190316, 	 Nshare(UL):    0.002867111226629, 	 Nshare [0.1]:    0.008222340416944
(U>E/pop>E) [0.2]    0.090445156609202
Wealth Gini [0.84]    0.607356869215076
Earning Gini [0.36]    0.402551107865087
Top 1 [41.8]    0.140812644961195
Zero wealth fraction [7- 13]    0.037142317708706
Fraction U>nonU (rlv to unemployed) [40- 65]    0.645077948229470

-------TRANSITION Worker to entrepreneur / ABILITY--------
very low	 middle 	 very high
   0.034843806341596	   0.018873097705782	   0.006937618073062	
-------TRANSITION Entrepreneur to Worker / ABILITY--------
very low 	 middle 	 very high
   0.257896396543702	   0.252653747251961	   0.279780272110416	
--------- TRANSITION MATRIX BTW CLASSES ------
  	  U     	 W     	 E 
U 	 0.3549 	 0.6030 	 0.0421 
W 	 0.0272 	 0.9532 	 0.0196 
E 	 0.0353 	 0.2587 	 0.7060 
---------------
--------- WEALTH DISTRIBUTION STATISTICS ------
Top 0.1 [22]    0.025905313084188
Top 1 [41.8]    0.140812644961195
Top 5 [?]    0.355274428513855
Top 10 [77.2]    0.487941645142194
Top 20 [?]    0.636281328976616
Bot 20 [?]    0.012769244011492
Bot 40 [?]    0.063612318639617
Bot 60 [?]    0.174785451850305
Bot 80 [?]    0.363718671023384
mworthVE    9.347735255230191
mworthWW    2.484849143330979
mworthUS    2.254189468058859
mworthUL    6.114062191991158
---------------
--------- PRODUCTION & CAPITAL -----
CapitalVE    1.490610723514032
ProductionVE    0.475096421474272
Totalcapital    5.191192165166275
Totallabor    1.018612214856886
Corproduction    1.620700891483204
Corcapital    3.700581441652243
Totalproduction    2.095797312957476
CapitalVE/Totalcapital    0.287142274084220
---------------
--------- TAXATION -----
Corporate revenu    0.000000000000000
Expenditure    0.015495482132797
Revenue Basis    1.112993463726864
Optimal tax    0.013922347828451
-------MASS--------
WW    0.891257529080716 
U    0.041348769117446 
VE    0.067393701801843 
R:    0.079760871656315,	 W:    1.089734574921577,	 K:    4.501428949547832	, L:    1.026343516287373, 	 TAX:    0.013995139211146

-------EQUILIBRIUM PRICES AND AGGREGATE--------
r    0.079760871656315 
w    1.089734574921577 
u    0.041639747571482 
-------MOMENTS GENERATED & STATISTICS--------
Ratio KY [3.04]    2.505825796576612
Ratio mworthVE/mworthWW [8]    3.738289900404848
Fraction E [7.55]    0.069016562942073
(UL:    0.017469738000670, US:    0.024170009570813) Unemploy. rate [4- 6]    0.041639747571482
Fraction of nonE>E (rlv to whole pop) [0.39]    0.019662705040970
Fraction of U>E (rlv to new entrant) [20]    0.090922523676139
Worker exit rate (rlv to workers) [3-6.5]    0.047276359347011
Nshare (US)    0.005233129025166, 	 Nshare(UL):    0.002810770332429, 	 Nshare [0.1]:    0.008043899357596
(U>E/pop>E) [0.2]    0.090922523676139
Wealth Gini [0.84]    0.607734019253858
Earning Gini [0.36]    0.403788036683776
Top 1 [41.8]    0.136310839087267
Zero wealth fraction [7- 13]    0.036318591334108
Fraction U>nonU (rlv to unemployed) [40- 65]    0.640814407086808

-------TRANSITION Worker to entrepreneur / ABILITY--------
very low	 middle 	 very high
   0.035562239635990	   0.019343032442524	   0.007192803870267	
-------TRANSITION Entrepreneur to Worker / ABILITY--------
very low 	 middle 	 very high
   0.257599446614878	   0.251896950486201	   0.277547085264760	
--------- TRANSITION MATRIX BTW CLASSES ------
  	  U     	 W     	 E 
U 	 0.3592 	 0.5979 	 0.0429 
W 	 0.0272 	 0.9527 	 0.0201 
E 	 0.0357 	 0.2579 	 0.7064 
---------------
--------- WEALTH DISTRIBUTION STATISTICS ------
Top 0.1 [22]    0.026242276958300
Top 1 [41.8]    0.136310839087267
Top 5 [?]    0.353863724326096
Top 10 [77.2]    0.487258852047293
Top 20 [?]    0.645399268183612
Bot 20 [?]    0.012244888165237
Bot 40 [?]    0.066743257684444
Bot 60 [?]    0.169295090283422
Bot 80 [?]    0.354600731816388
mworthVE    9.462210818574425
mworthWW    2.531160255267974
mworthUS    2.299306632737759
mworthUL    6.408444105790907
---------------
--------- PRODUCTION & CAPITAL -----
CapitalVE    1.539904954865110
ProductionVE    0.490212890197690
Totalcapital    5.313046623068807
Totallabor    1.016657392697622
Corproduction    1.630064836341537
Corcapital    3.773141668203697
Totalproduction    2.120277726539228
CapitalVE/Totalcapital    0.289834639918078
---------------
--------- TAXATION -----
Corporate revenu    0.000000000000000
Expenditure    0.015418854370815
Revenue Basis    1.107886711672222
Optimal tax    0.013917356538686
-------MASS--------
WW    0.889343689486451 
U    0.041639747571482 
VE    0.069016562942073 
R:    0.080319519253635,	 W:    1.087292033771737,	 K:    4.465014585480625	, L:    1.024406291569423, 	 TAX:    0.013979582676654

-------EQUILIBRIUM PRICES AND AGGREGATE--------
r    0.080319519253635 
w    1.087292033771737 
u    0.041945649817546 
-------MOMENTS GENERATED & STATISTICS--------
Ratio KY [3.04]    2.530936740840523
Ratio mworthVE/mworthWW [8]    3.715888108247065
Fraction E [7.55]    0.070403555889734
(UL:    0.017833502944795, US:    0.024112146872750) Unemploy. rate [4- 6]    0.041945649817546
Fraction of nonE>E (rlv to whole pop) [0.39]    0.020034212090483
Fraction of U>E (rlv to new entrant) [20]    0.091597284572413
Worker exit rate (rlv to workers) [3-6.5]    0.047666582184395
Nshare (US)    0.005128589294232, 	 Nshare(UL):    0.002763410954338, 	 Nshare [0.1]:    0.007892000248570
(U>E/pop>E) [0.2]    0.091597284572413
Wealth Gini [0.84]    0.608077310941750
Earning Gini [0.36]    0.404882645503362
Top 1 [41.8]    0.138518191089781
Zero wealth fraction [7- 13]    0.035623687218737
Fraction U>nonU (rlv to unemployed) [40- 65]    0.636824095529960

-------TRANSITION Worker to entrepreneur / ABILITY--------
very low	 middle 	 very high
   0.036170925103782	   0.019747100742860	   0.007417745182095	
-------TRANSITION Entrepreneur to Worker / ABILITY--------
very low 	 middle 	 very high
   0.257090356234332	   0.251038494620013	   0.275553138098630	
--------- TRANSITION MATRIX BTW CLASSES ------
  	  U     	 W     	 E 
U 	 0.3632 	 0.5931 	 0.0437 
W 	 0.0272 	 0.9523 	 0.0205 
E 	 0.0363 	 0.2570 	 0.7068 
---------------
--------- WEALTH DISTRIBUTION STATISTICS ------
Top 0.1 [22]    0.026537368728434
Top 1 [41.8]    0.138518191089781
Top 5 [?]    0.351290650036892
Top 10 [77.2]    0.485619541886021
Top 20 [?]    0.637122766701422
Bot 20 [?]    0.013854800082705
Bot 40 [?]    0.064722734637177
Bot 60 [?]    0.175916937041317
Bot 80 [?]    0.362877233298578
mworthVE    9.560358687678351
mworthWW    2.572832768150374
mworthUS    2.337838699786455
mworthUL    6.733290724973657
---------------
--------- PRODUCTION & CAPITAL -----
CapitalVE    1.583225341975568
ProductionVE    0.503530794412033
Totalcapital    5.420638080690805
Totallabor    1.014928185089385
Corproduction    1.638220910883696
Corcapital    3.837412738715237
Totalproduction    2.141751705295729
CapitalVE/Totalcapital    0.292073611705470
---------------
--------- TAXATION -----
Corporate revenu    0.000000000000000
Expenditure    0.015353672196130
Revenue Basis    1.103523330498094
Optimal tax    0.013913319067935
-------MASS--------
WW    0.887650794292728 
U    0.041945649817546 
VE    0.070403555889734 
R:    0.080787337593353,	 W:    1.085258279641616,	 K:    4.433634493142355	, L:    1.022510670273415, 	 TAX:    0.013966329954910

-------EQUILIBRIUM PRICES AND AGGREGATE--------
r    0.080787337593353 
w    1.085258279641616 
u    0.042160391841781 
-------MOMENTS GENERATED & STATISTICS--------
Ratio KY [3.04]    2.551802984020447
Ratio mworthVE/mworthWW [8]    3.697770332682345
Fraction E [7.55]    0.071570734009528
(UL:    0.018095629037875, US:    0.024064762803906) Unemploy. rate [4- 6]    0.042160391841781
Fraction of nonE>E (rlv to whole pop) [0.39]    0.020340533895604
Fraction of U>E (rlv to new entrant) [20]    0.091936746078947
Worker exit rate (rlv to workers) [3-6.5]    0.047993622974175
Nshare (US)    0.005045184703546, 	 Nshare(UL):    0.002724583215691, 	 Nshare [0.1]:    0.007769767919237
(U>E/pop>E) [0.2]    0.091936746078947
Wealth Gini [0.84]    0.608294186537119
Earning Gini [0.36]    0.405777490871208
Top 1 [41.8]    0.133054172769390
Zero wealth fraction [7- 13]    0.035055706048439
Fraction U>nonU (rlv to unemployed) [40- 65]    0.633768320435798

-------TRANSITION Worker to entrepreneur / ABILITY--------
very low	 middle 	 very high
   0.036678875026021	   0.020085147710551	   0.007608617968877	
-------TRANSITION Entrepreneur to Worker / ABILITY--------
very low 	 middle 	 very high
   0.256867018129390	   0.250505309819677	   0.274010051808545	
--------- TRANSITION MATRIX BTW CLASSES ------
  	  U     	 W     	 E 
U 	 0.3662 	 0.5894 	 0.0444 
W 	 0.0272 	 0.9520 	 0.0208 
E 	 0.0366 	 0.2564 	 0.7070 
---------------
--------- WEALTH DISTRIBUTION STATISTICS ------
Top 0.1 [22]    0.024013719367894
Top 1 [41.8]    0.133054172769390
Top 5 [?]    0.356046342788287
Top 10 [77.2]    0.482845589993655
Top 20 [?]    0.643663379192780
Bot 20 [?]    0.013439770878331
Bot 40 [?]    0.063089601247376
Bot 60 [?]    0.171916986967583
Bot 80 [?]    0.356336620807220
mworthVE    9.645713936176653
mworthWW    2.608521640980255
mworthUS    2.370319123133428
mworthUL    6.986337289749177
---------------
--------- PRODUCTION & CAPITAL -----
CapitalVE    1.619595402003294
ProductionVE    0.514651317910098
Totalcapital    5.511036154915805
Totallabor    1.013508039541247
Corproduction    1.645012335368100
Corcapital    3.891440752912511
Totalproduction    2.159663653278198
CapitalVE/Totalcapital    0.293882195013115
---------------
--------- TAXATION -----
Corporate revenu    0.000000000000000
Expenditure    0.015299655013078
Revenue Basis    1.099917991395480
Optimal tax    0.013909814306853
-------MASS--------
WW    0.886268874148696 
U    0.042160391841781 
VE    0.071570734009528 
R:    0.081181722495904,	 W:    1.083551949360530,	 K:    4.406524806130863	, L:    1.020710144126982, 	 TAX:    0.013955026825299

-------EQUILIBRIUM PRICES AND AGGREGATE--------
r    0.081181722495904 
w    1.083551949360530 
u    0.042382177504292 
-------MOMENTS GENERATED & STATISTICS--------
Ratio KY [3.04]    2.569996920501842
Ratio mworthVE/mworthWW [8]    3.679011303926660
Fraction E [7.55]    0.072614828836999
(UL:    0.018360353003704, US:    0.024021824500588) Unemploy. rate [4- 6]    0.042382177504292
Fraction of nonE>E (rlv to whole pop) [0.39]    0.020608413402977
Fraction of U>E (rlv to new entrant) [20]    0.092377706291256
Worker exit rate (rlv to workers) [3-6.5]    0.048278345100800
Nshare (US)    0.004973421279235, 	 Nshare(UL):    0.002691420459012, 	 Nshare [0.1]:    0.007664841738247
(U>E/pop>E) [0.2]    0.092377706291256
Wealth Gini [0.84]    0.608424926763796
Earning Gini [0.36]    0.406602443839346
Top 1 [41.8]    0.134538140165262
Zero wealth fraction [7- 13]    0.034562569738712
Fraction U>nonU (rlv to unemployed) [40- 65]    0.630872101495275

-------TRANSITION Worker to entrepreneur / ABILITY--------
very low	 middle 	 very high
   0.037122955802583	   0.020379518913118	   0.007773518934506	
-------TRANSITION Entrepreneur to Worker / ABILITY--------
very low 	 middle 	 very high
   0.256634507011678	   0.249539318469484	   0.272822567851543	
--------- TRANSITION MATRIX BTW CLASSES ------
  	  U     	 W     	 E 
U 	 0.3691 	 0.5860 	 0.0449 
W 	 0.0271 	 0.9517 	 0.0211 
E 	 0.0369 	 0.2557 	 0.7074 
---------------
--------- WEALTH DISTRIBUTION STATISTICS ------
Top 0.1 [22]    0.024186799398098
Top 1 [41.8]    0.134538140165262
Top 5 [?]    0.351423927321323
Top 10 [77.2]    0.488190837410688
Top 20 [?]    0.633643425127873
Bot 20 [?]    0.013085984398553
Bot 40 [?]    0.066841595975617
Bot 60 [?]    0.168524135898425
Bot 80 [?]    0.366356574872127
mworthVE    9.712751720693300
mworthWW    2.640044000497292
mworthUS    2.399796820403215
mworthUL    7.250997069590154
---------------
--------- PRODUCTION & CAPITAL -----
CapitalVE    1.651771854932190
ProductionVE    0.524545241906710
Totalcapital    5.590827509663610
Totallabor    1.012210940543599
Corproduction    1.650876629249420
Corcapital    3.939055654731419
Totalproduction    2.175421871156130
CapitalVE/Totalcapital    0.295443179400034
---------------
--------- TAXATION -----
Corporate revenu    0.000000000000000
Expenditure    0.015252832138009
Revenue Basis    1.096783137790074
Optimal tax    0.013906880596963
-------MASS--------
WW    0.885002993658715 
U    0.042382177504292 
VE    0.072614828836999 
R:    0.081512059033174,	 W:    1.082128449645776,	 K:    4.383151348560890	, L:    1.019010303410306, 	 TAX:    0.013945397579632

-------EQUILIBRIUM PRICES AND AGGREGATE--------
r    0.081512059033174 
w    1.082128449645776 
u    0.042566302745740 
-------MOMENTS GENERATED & STATISTICS--------
Ratio KY [3.04]    2.585092923199119
Ratio mworthVE/mworthWW [8]    3.665772058337489
Fraction E [7.55]    0.073449901980397
(UL:    0.018579260133990, US:    0.023987042611750) Unemploy. rate [4- 6]    0.042566302745740
Fraction of nonE>E (rlv to whole pop) [0.39]    0.020830888205397
Fraction of U>E (rlv to new entrant) [20]    0.092758193349863
Worker exit rate (rlv to workers) [3-6.5]    0.048514119252667
Nshare (US)    0.004914759984062, 	 Nshare(UL):    0.002664273045010, 	 Nshare [0.1]:    0.007579033029072
(U>E/pop>E) [0.2]    0.092758193349863
Wealth Gini [0.84]    0.608511814595785
Earning Gini [0.36]    0.407259784167553
Top 1 [41.8]    0.135716784956576
Zero wealth fraction [7- 13]    0.034156027089602
Fraction U>nonU (rlv to unemployed) [40- 65]    0.628538812668503

-------TRANSITION Worker to entrepreneur / ABILITY--------
very low	 middle 	 very high
   0.037488708103442	   0.020623421418194	   0.007912341330708	
-------TRANSITION Entrepreneur to Worker / ABILITY--------
very low 	 middle 	 very high
   0.256268319461809	   0.249103446638072	   0.271760801554056	
--------- TRANSITION MATRIX BTW CLASSES ------
  	  U     	 W     	 E 
U 	 0.3715 	 0.5831 	 0.0454 
W 	 0.0271 	 0.9515 	 0.0214 
E 	 0.0371 	 0.2552 	 0.7077 
---------------
--------- WEALTH DISTRIBUTION STATISTICS ------
Top 0.1 [22]    0.024318919334913
Top 1 [41.8]    0.135716784956576
Top 5 [?]    0.354741680718777
Top 10 [77.2]    0.483622689093444
Top 20 [?]    0.638300753451637
Bot 20 [?]    0.012800549707073
Bot 40 [?]    0.065623857951249
Bot 60 [?]    0.165761682342221
Bot 80 [?]    0.361699246548363
mworthVE    9.772760669178739
mworthWW    2.665948813416104
mworthUS    2.424481935081449
mworthUL    7.480905027025352
---------------
--------- PRODUCTION & CAPITAL -----
CapitalVE    1.678293382534414
ProductionVE    0.532675954915439
Totalcapital    5.657462634497886
Totallabor    1.011170369986959
Corproduction    1.655818928083440
Corcapital    3.979169251963472
Totalproduction    2.188494882998879
CapitalVE/Totalcapital    0.296651253567381
---------------
--------- TAXATION -----
Corporate revenu    0.000000000000000
Expenditure    0.015214488298250
Revenue Basis    1.094216224801734
Optimal tax    0.013904462347930
-------MASS--------
WW    0.883983795273870 
U    0.042566302745740 
VE    0.073449901980397 
R:    0.081791199536301,	 W:    1.080929607268734,	 K:    4.362952243731019	, L:    1.017442316725636, 	 TAX:    0.013937210533291

-------EQUILIBRIUM PRICES AND AGGREGATE--------
r    0.081791199536301 
w    1.080929607268734 
u    0.042703312564116 
-------MOMENTS GENERATED & STATISTICS--------
Ratio KY [3.04]    2.597855473190145
Ratio mworthVE/mworthWW [8]    3.652552553937951
Fraction E [7.55]    0.074164109940234
(UL:    0.018745377449303, US:    0.023957935114813) Unemploy. rate [4- 6]    0.042703312564116
Fraction of nonE>E (rlv to whole pop) [0.39]    0.021018117722412
Fraction of U>E (rlv to new entrant) [20]    0.092966787678718
Worker exit rate (rlv to workers) [3-6.5]    0.048715297165822
Nshare (US)    0.004866022026495, 	 Nshare(UL):    0.002641577488533, 	 Nshare [0.1]:    0.007507599515028
(U>E/pop>E) [0.2]    0.092966787678718
Wealth Gini [0.84]    0.608552469363999
Earning Gini [0.36]    0.407811093277586
Top 1 [41.8]    0.136700563895883
Zero wealth fraction [7- 13]    0.033812880792364
Fraction U>nonU (rlv to unemployed) [40- 65]    0.626653676684512

-------TRANSITION Worker to entrepreneur / ABILITY--------
very low	 middle 	 very high
   0.037800886862442	   0.020831233192649	   0.008030503334690	
-------TRANSITION Entrepreneur to Worker / ABILITY--------
very low 	 middle 	 very high
   0.256129893795410	   0.248793592449151	   0.270881451019035	
--------- TRANSITION MATRIX BTW CLASSES ------
  	  U     	 W     	 E 
U 	 0.3733 	 0.5809 	 0.0458 
W 	 0.0271 	 0.9513 	 0.0216 
E 	 0.0373 	 0.2548 	 0.7079 
---------------
--------- WEALTH DISTRIBUTION STATISTICS ------
Top 0.1 [22]    0.024427330331704
Top 1 [41.8]    0.136700563895883
Top 5 [?]    0.348592655731214
Top 10 [77.2]    0.487254743444357
Top 20 [?]    0.642187699533640
Bot 20 [?]    0.012563813590803
Bot 40 [?]    0.064609976289345
Bot 60 [?]    0.174540917271159
Bot 80 [?]    0.357812300466360
mworthVE    9.823851900667549
mworthWW    2.689585366835063
mworthUS    2.445726670392261
mworthUL    7.661120818874240
---------------
--------- PRODUCTION & CAPITAL -----
CapitalVE    1.700878930621926
ProductionVE    0.539569921996160
Totalcapital    5.714143500209009
Totallabor    1.010294606944631
Corproduction    1.659991816206346
Corcapital    4.013264569587084
Totalproduction    2.199561738202506
CapitalVE/Totalcapital    0.297661220891585
---------------
--------- TAXATION -----
Corporate revenu    0.000000000000000
Expenditure    0.015182170035160
Revenue Basis    1.092057352710379
Optimal tax    0.013902355949968
-------MASS--------
WW    0.883132577495656 
U    0.042703312564116 
VE    0.074164109940234 
R:    0.082028199554881,	 W:    1.079914639236640,	 K:    4.345467860023822	, L:    1.016012774769435, 	 TAX:    0.013930239616627

