===================Program Starting: Fri Jan 20 10:52:32 2017

------ Estimated Model parameters------
             betapar		   0.870000000000000
              Etapar		   0.034000000000000	   0.027000000000000	   0.024000000000000
               Kappa		   1.350000000000000	   1.400000000000000	   1.450000000000000
                PROD		   0.250000000000000	   1.000000000000000	   1.750000000000000
              GTRANS		   0.250000000000000	   0.630000000000000
             phiparW		   1.500000000000000
             phiparE		   1.800000000000000
             costpar		   0.000000000000000
               nupar		   0.810000000000000
                fpar		   0.600000000000000
               mupar		   0.100000000000000
               xipar		   1.000000000000000

------ Fixed Model parameters------
             maxgrid		                 250
             Gridmin		   0.000000000000000
             Gridmax		5000.000000000000000
             corptax		   0.000000000000000
            alphapar		   0.360000000000000
            deltapar		   0.060000000000000
             rhostar		   0.540000000000000
            sigmapar		   1.390000000000000
              TFPpar		   1.000000000000000
              pLTpar		   1.000000000000000
          EffortMaxU		 100.000000000000000
          EffortMaxE		 100.000000000000000

------ Convergence criterions------
        epsilonValue		   0.000001000000000
        epsilonendoK		   0.000001000000000
           maxiterVF		   0.000001000000000
        maxiterendoK		   0.000001000000000
         epsilonDist		   0.000000010000000
        epsilonprice		   0.000001000000000
       epsilonparams		   0.000001000000000
          relaxendoK		   0.300000000000000
              relaxK		   0.050000000000000
            relaxTax		   0.200000000000000
----------------------------
R:    0.055000000000000,	 W:    1.216067257985791,	 K:    5.833124071470162	, L:    0.980661063223172, 	 TAX:    0.014747715938431

-------EQUILIBRIUM PRICES AND AGGREGATE--------
r    0.055000000000000 
w    1.216067257985791 
u    0.094297897526539 
-------MOMENTS GENERATED & STATISTICS--------
Ratio KY [3.04]    3.561824964728991
Ratio mworthVE/mworthWW [8]    5.188152738530119
Fraction E [7.55]    0.201201260680817
(UL:    0.076088445547852, US:    0.018209451978687) Unemploy. rate [4- 6]    0.094297897526539
Fraction of nonE>E (rlv to whole pop) [0.39]    0.057929950457482
Fraction of U>E (rlv to new entrant) [20]    0.198946472489705
Worker exit rate (rlv to workers) [3-6.5]    0.091716630141610
Nshare (US)    0.001472215742290, 	 Nshare(UL):    0.000955898918384, 	 Nshare [0.1]:    0.002428114660675
(U>E/pop>E) [0.2]    0.198946472489705
Wealth Gini [0.84]    0.662761427263440
Earning Gini [0.36]    0.489917431999918
Top 1 [41.8]    0.103553640022322
Zero wealth fraction [7- 13]    0.026003504291625
Fraction U>nonU (rlv to unemployed) [40- 65]    0.339237424613800

-------TRANSITION Worker to entrepreneur / ABILITY--------
very low	 middle 	 very high
   0.084018683437649	   0.063422091092588	   0.053812327250835	
-------TRANSITION Entrepreneur to Worker / ABILITY--------
very low 	 middle 	 very high
   0.242178168286320	   0.231234319715097	   0.200385684688467	
--------- TRANSITION MATRIX BTW CLASSES ------
  	  U     	 W     	 E 
U 	 0.6608 	 0.2170 	 0.1222 
W 	 0.0258 	 0.9083 	 0.0659 
E 	 0.0759 	 0.2266 	 0.6975 
---------------
--------- WEALTH DISTRIBUTION STATISTICS ------
Top 0.1 [22]    0.018458386243901
Top 1 [41.8]    0.103553640022322
Top 5 [?]    0.328679276991889
Top 10 [77.2]    0.495263531304760
Top 20 [?]    0.701439016262528
Bot 20 [?]    0.008407009630502
Bot 40 [?]    0.040208261650075
Bot 60 [?]    0.113339367511949
Bot 80 [?]    0.298560983737472
mworthVE   16.201157773121217
mworthWW    3.122721822124158
mworthUS    2.737499286216840
mworthUL   36.570333838655777
---------------
--------- PRODUCTION & CAPITAL -----
CapitalVE    9.500168799052382
ProductionVE    2.614221785222474
Totalcapital   14.400484085164305
Totallabor    0.714307074735674
Corproduction    1.428785444993847
Corcapital    4.900315286111923
Totalproduction    4.043007230216322
CapitalVE/Totalcapital    0.659711766831482
---------------
--------- TAXATION -----
Corporate revenu    0.000000000000000
Expenditure    0.011915269705483
Revenue Basis    0.868645445733662
Optimal tax    0.013717069218522
-------MASS--------
WW    0.704500841792661 
U    0.094297897526539 
VE    0.201201260680817 
R:    0.051533439497801,	 W:    1.237185338185149,	 K:    5.786483632202250	, L:    0.927390265525672, 	 TAX:    0.014541586594449

-------EQUILIBRIUM PRICES AND AGGREGATE--------
r    0.051533439497801 
w    1.237185338185149 
u    0.086101687688905 
-------MOMENTS GENERATED & STATISTICS--------
Ratio KY [3.04]    3.442696013196668
Ratio mworthVE/mworthWW [8]    5.896796161500589
Fraction E [7.55]    0.184514259537022
(UL:    0.067104372195504, US:    0.018997315493401) Unemploy. rate [4- 6]    0.086101687688905
Fraction of nonE>E (rlv to whole pop) [0.39]    0.053207040726839
Fraction of U>E (rlv to new entrant) [20]    0.190714412840856
Worker exit rate (rlv to workers) [3-6.5]    0.085081386757769
Nshare (US)    0.001771753356576, 	 Nshare(UL):    0.001116681319558, 	 Nshare [0.1]:    0.002888434676134
(U>E/pop>E) [0.2]    0.190714412840856
Wealth Gini [0.84]    0.684157264127617
Earning Gini [0.36]    0.472188340343522
Top 1 [41.8]    0.115496466961100
Zero wealth fraction [7- 13]    0.030979920436430
Fraction U>nonU (rlv to unemployed) [40- 65]    0.361703172684311

-------TRANSITION Worker to entrepreneur / ABILITY--------
very low	 middle 	 very high
   0.076243381501537	   0.056589028454397	   0.047763366082073	
-------TRANSITION Entrepreneur to Worker / ABILITY--------
very low 	 middle 	 very high
   0.245863205539206	   0.234697776735475	   0.202449727561040	
--------- TRANSITION MATRIX BTW CLASSES ------
  	  U     	 W     	 E 
U 	 0.6383 	 0.2439 	 0.1179 
W 	 0.0260 	 0.9149 	 0.0590 
E 	 0.0719 	 0.2299 	 0.6982 
---------------
--------- WEALTH DISTRIBUTION STATISTICS ------
Top 0.1 [22]    0.020464625533368
Top 1 [41.8]    0.115496466961100
Top 5 [?]    0.352829874407507
Top 10 [77.2]    0.527597927362875
Top 20 [?]    0.726635738064974
Bot 20 [?]    0.007149310339746
Bot 40 [?]    0.035858913148173
Bot 60 [?]    0.102547863996067
Bot 80 [?]    0.273364261935026
mworthVE   15.507256408027175
mworthWW    2.629776574145809
mworthUS    2.305124649074719
mworthUL   35.578669368249720
---------------
--------- PRODUCTION & CAPITAL -----
CapitalVE    8.530289701748263
ProductionVE    2.349694319967764
Totalcapital   12.919695555354597
Totallabor    0.738699666791026
Corproduction    1.403089982169383
Corcapital    4.389405853606333
Totalproduction    3.752784302137147
CapitalVE/Totalcapital    0.660254699129723
---------------
--------- TAXATION -----
Corporate revenu    0.000000000000000
Expenditure    0.012561126868823
Revenue Basis    0.913908397076113
Optimal tax    0.013744404700745
-------MASS--------
WW    0.729384052774089 
U    0.086101687688905 
VE    0.184514259537022 
R:    0.049454546775134,	 W:    1.250348605925556,	 K:    5.716629743272454	, L:    0.889652145778743, 	 TAX:    0.014382150215708

-------EQUILIBRIUM PRICES AND AGGREGATE--------
r    0.049454546775134 
w    1.250348605925556 
u    0.081366435851737 
-------MOMENTS GENERATED & STATISTICS--------
Ratio KY [3.04]    3.363450840752018
Ratio mworthVE/mworthWW [8]    6.365575098638914
Fraction E [7.55]    0.173209134919204
(UL:    0.061856132156459, US:    0.019510303695278) Unemploy. rate [4- 6]    0.081366435851737
Fraction of nonE>E (rlv to whole pop) [0.39]    0.050051174732362
Fraction of U>E (rlv to new entrant) [20]    0.186117055958913
Worker exit rate (rlv to workers) [3-6.5]    0.080821205714274
Nshare (US)    0.001987715414718, 	 Nshare(UL):    0.001209455423091, 	 Nshare [0.1]:    0.003197170837809
(U>E/pop>E) [0.2]    0.186117055958913
Wealth Gini [0.84]    0.697110700555876
Earning Gini [0.36]    0.460754922782606
Top 1 [41.8]    0.126125129780582
Zero wealth fraction [7- 13]    0.034457383618875
Fraction U>nonU (rlv to unemployed) [40- 65]    0.377016053594715

-------TRANSITION Worker to entrepreneur / ABILITY--------
very low	 middle 	 very high
   0.071181491377235	   0.052242082159227	   0.043879943975657	
-------TRANSITION Entrepreneur to Worker / ABILITY--------
very low 	 middle 	 very high
   0.247850232768950	   0.236753553232064	   0.204414568990187	
--------- TRANSITION MATRIX BTW CLASSES ------
  	  U     	 W     	 E 
U 	 0.6230 	 0.2625 	 0.1145 
W 	 0.0262 	 0.9192 	 0.0546 
E 	 0.0701 	 0.2320 	 0.6979 
---------------
--------- WEALTH DISTRIBUTION STATISTICS ------
Top 0.1 [22]    0.021624224914877
Top 1 [41.8]    0.126125129780582
Top 5 [?]    0.363581721109183
Top 10 [77.2]    0.546738518550235
Top 20 [?]    0.743057631655554
Bot 20 [?]    0.007295307919617
Bot 40 [?]    0.033656235038730
Bot 60 [?]    0.096759902680456
Bot 80 [?]    0.256942368344446
mworthVE   15.075838745631913
mworthWW    2.368338840092457
mworthUS    2.073702310256556
mworthUL   34.809893738015440
---------------
--------- PRODUCTION & CAPITAL -----
CapitalVE    7.902270423933595
ProductionVE    2.178264240448100
Totalcapital   11.988406837719157
Totallabor    0.754514620031894
Corproduction    1.386053302851783
Corcapital    4.086136413785564
Totalproduction    3.564317543299883
CapitalVE/Totalcapital    0.659159347101123
---------------
--------- TAXATION -----
Corporate revenu    0.000000000000000
Expenditure    0.012988523340907
Revenue Basis    0.943406303307329
Optimal tax    0.013767687681726
-------MASS--------
WW    0.745424429229075 
U    0.081366435851737 
VE    0.173209134919204 
R:    0.048305671386315,	 W:    1.257792009135204,	 K:    5.635105076798109	, L:    0.862624640629374, 	 TAX:    0.014259257708912

-------EQUILIBRIUM PRICES AND AGGREGATE--------
r    0.048305671386315 
w    1.257792009135204 
u    0.078779704918476 
-------MOMENTS GENERATED & STATISTICS--------
Ratio KY [3.04]    3.313920954514262
Ratio mworthVE/mworthWW [8]    6.650360768641234
Fraction E [7.55]    0.165830700695369
(UL:    0.058951595730460, US:    0.019828109188016) Unemploy. rate [4- 6]    0.078779704918476
Fraction of nonE>E (rlv to whole pop) [0.39]    0.048034246863120
Fraction of U>E (rlv to new entrant) [20]    0.184152801918094
Worker exit rate (rlv to workers) [3-6.5]    0.078127519020466
Nshare (US)    0.002192514626121, 	 Nshare(UL):    0.001321487443315, 	 Nshare [0.1]:    0.003514002069435
(U>E/pop>E) [0.2]    0.184152801918094
Wealth Gini [0.84]    0.704613174215855
Earning Gini [0.36]    0.453610642922061
Top 1 [41.8]    0.126782112864232
Zero wealth fraction [7- 13]    0.036586378436762
Fraction U>nonU (rlv to unemployed) [40- 65]    0.386456707810093

-------TRANSITION Worker to entrepreneur / ABILITY--------
very low	 middle 	 very high
   0.068161528174314	   0.049625868648081	   0.041034733341585	
-------TRANSITION Entrepreneur to Worker / ABILITY--------
very low 	 middle 	 very high
   0.248742289476030	   0.238261310789998	   0.205173484894905	
--------- TRANSITION MATRIX BTW CLASSES ------
  	  U     	 W     	 E 
U 	 0.6135 	 0.2742 	 0.1123 
W 	 0.0262 	 0.9219 	 0.0519 
E 	 0.0694 	 0.2332 	 0.6974 
---------------
--------- WEALTH DISTRIBUTION STATISTICS ------
Top 0.1 [22]    0.022266649668660
Top 1 [41.8]    0.126782112864232
Top 5 [?]    0.374909995261479
Top 10 [77.2]    0.554719982399405
Top 20 [?]    0.752685237979123
Bot 20 [?]    0.006911052586106
Bot 40 [?]    0.034386990464118
Bot 60 [?]    0.091555369715305
Bot 80 [?]    0.247314762020877
mworthVE   14.833888553060834
mworthWW    2.230538923994587
mworthUS    1.951882763237903
mworthUL   34.234097267860363
---------------
--------- PRODUCTION & CAPITAL -----
CapitalVE    7.513308213869797
ProductionVE    2.071840626883181
Totalcapital   11.426465746727660
Totallabor    0.764509937372453
Corproduction    1.376179378289964
Corcapital    3.913157532857863
Totalproduction    3.448020005173145
CapitalVE/Totalcapital    0.657535617784657
---------------
--------- TAXATION -----
Corporate revenu    0.000000000000000
Expenditure    0.013253540699879
Revenue Basis    0.961594490131527
Optimal tax    0.013782879203131
-------MASS--------
WW    0.755389594386170 
U    0.078779704918476 
VE    0.165830700695369 
R:    0.047779186051401,	 W:    1.261244396376169,	 K:    5.549007699601097	, L:    0.843001699977990, 	 TAX:    0.014163982007756

-------EQUILIBRIUM PRICES AND AGGREGATE--------
r    0.047779186051401 
w    1.261244396376169 
u    0.076988860098158 
-------MOMENTS GENERATED & STATISTICS--------
Ratio KY [3.04]    3.287417743183194
Ratio mworthVE/mworthWW [8]    6.818938812224165
Fraction E [7.55]    0.162014370865637
(UL:    0.056984510506258, US:    0.020004349591900) Unemploy. rate [4- 6]    0.076988860098158
Fraction of nonE>E (rlv to whole pop) [0.39]    0.046900855053727
Fraction of U>E (rlv to new entrant) [20]    0.181838872034936
Worker exit rate (rlv to workers) [3-6.5]    0.076710977550031
Nshare (US)    0.002357523895038, 	 Nshare(UL):    0.001406796876051, 	 Nshare [0.1]:    0.003764320771089
(U>E/pop>E) [0.2]    0.181838872034936
Wealth Gini [0.84]    0.708128172553860
Earning Gini [0.36]    0.449582107708402
Top 1 [41.8]    0.135990787325297
Zero wealth fraction [7- 13]    0.037694411694060
Fraction U>nonU (rlv to unemployed) [40- 65]    0.392501690530753

-------TRANSITION Worker to entrepreneur / ABILITY--------
very low	 middle 	 very high
   0.066673399076553	   0.048014613623983	   0.039901446717879	
-------TRANSITION Entrepreneur to Worker / ABILITY--------
very low 	 middle 	 very high
   0.249675771643708	   0.239414302319092	   0.205307419051649	
--------- TRANSITION MATRIX BTW CLASSES ------
  	  U     	 W     	 E 
U 	 0.6075 	 0.2817 	 0.1108 
W 	 0.0263 	 0.9233 	 0.0504 
E 	 0.0681 	 0.2341 	 0.6978 
---------------
--------- WEALTH DISTRIBUTION STATISTICS ------
Top 0.1 [22]    0.022472009099493
Top 1 [41.8]    0.135990787325297
Top 5 [?]    0.386026284815008
Top 10 [77.2]    0.563573687831449
Top 20 [?]    0.756717692855446
Bot 20 [?]    0.007295343713386
Bot 40 [?]    0.033635983369375
Bot 60 [?]    0.090900157013971
Bot 80 [?]    0.243282307144554
mworthVE   14.748027099556193
mworthWW    2.162803847589558
mworthUS    1.887917401975022
mworthUL   33.817419584559325
---------------
--------- PRODUCTION & CAPITAL -----
CapitalVE    7.307171542605928
ProductionVE    2.015401041257271
Totalcapital   11.133755600305987
Totallabor    0.769974726968837
Corproduction    1.371377418338562
Corcapital    3.826584057700058
Totalproduction    3.386778459595833
CapitalVE/Totalcapital    0.656307880730300
---------------
--------- TAXATION -----
Corporate revenu    0.000000000000000
Expenditure    0.013390785002612
Revenue Basis    0.971126309740717
Optimal tax    0.013788922067395
-------MASS--------
WW    0.760996769036222 
U    0.076988860098158 
VE    0.162014370865637 
R:    0.047652649858413,	 W:    1.262078077941271,	 K:    5.462886517506044	, L:    0.828396305376159, 	 TAX:    0.014088970019684

-------EQUILIBRIUM PRICES AND AGGREGATE--------
r    0.047652649858413 
w    1.262078077941271 
u    0.076730989386289 
-------MOMENTS GENERATED & STATISTICS--------
Ratio KY [3.04]    3.282154912758513
Ratio mworthVE/mworthWW [8]    6.846052723046625
Fraction E [7.55]    0.161284906167223
(UL:    0.056694650861372, US:    0.020036338524916) Unemploy. rate [4- 6]    0.076730989386289
Fraction of nonE>E (rlv to whole pop) [0.39]    0.046697354761536
Fraction of U>E (rlv to new entrant) [20]    0.181610586201513
Worker exit rate (rlv to workers) [3-6.5]    0.076449047918742
Nshare (US)    0.002373807234450, 	 Nshare(UL):    0.001413879493434, 	 Nshare [0.1]:    0.003787686727884
(U>E/pop>E) [0.2]    0.181610586201513
Wealth Gini [0.84]    0.708854031062887
Earning Gini [0.36]    0.448877900879629
Top 1 [41.8]    0.136040333356563
Zero wealth fraction [7- 13]    0.037922829615723
Fraction U>nonU (rlv to unemployed) [40- 65]    0.393523313057182

-------TRANSITION Worker to entrepreneur / ABILITY--------
very low	 middle 	 very high
   0.066358828643950	   0.047749777599491	   0.039661239490011	
-------TRANSITION Entrepreneur to Worker / ABILITY--------
very low 	 middle 	 very high
   0.249772138744491	   0.239535552998947	   0.205391836831796	
--------- TRANSITION MATRIX BTW CLASSES ------
  	  U     	 W     	 E 
U 	 0.6065 	 0.2830 	 0.1105 
W 	 0.0263 	 0.9236 	 0.0502 
E 	 0.0687 	 0.2342 	 0.6971 
---------------
--------- WEALTH DISTRIBUTION STATISTICS ------
Top 0.1 [22]    0.022539225086428
Top 1 [41.8]    0.136040333356563
Top 5 [?]    0.385792490605362
Top 10 [77.2]    0.563068311466055
Top 20 [?]    0.755993477374092
Bot 20 [?]    0.007373350963743
Bot 40 [?]    0.033961121059896
Bot 60 [?]    0.091577245364099
Bot 80 [?]    0.244006522625908
mworthVE   14.719555400904003
mworthWW    2.150079176479599
mworthUS    1.876747812813600
mworthUL   33.745195470536281
---------------
--------- PRODUCTION & CAPITAL -----
CapitalVE    7.268054282297411
ProductionVE    2.004727097327800
Totalcapital   11.077093857551629
Totallabor    0.770948435686065
Corproduction    1.370218373555474
Corcapital    3.809039575254218
Totalproduction    3.374945470883274
CapitalVE/Totalcapital    0.656133673304802
---------------
--------- TAXATION -----
Corporate revenu    0.000000000000000
Expenditure    0.013418356692833
Revenue Basis    0.972997119902498
Optimal tax    0.013790746568888
-------MASS--------
WW    0.761984104446505 
U    0.076730989386289 
VE    0.161284906167223 
R:    0.047741296391683,	 W:    1.261493871288886,	 K:    5.380194170393453	, L:    0.816906731438140, 	 TAX:    0.014029325329525

-------EQUILIBRIUM PRICES AND AGGREGATE--------
r    0.047741296391683 
w    1.261493871288886 
u    0.076887618964778 
-------MOMENTS GENERATED & STATISTICS--------
Ratio KY [3.04]    3.285409374619540
Ratio mworthVE/mworthWW [8]    6.828179155718670
Fraction E [7.55]    0.161726198560443
(UL:    0.056870643124279, US:    0.020016975840500) Unemploy. rate [4- 6]    0.076887618964778
Fraction of nonE>E (rlv to whole pop) [0.39]    0.046820343630156
Fraction of U>E (rlv to new entrant) [20]    0.181740978063071
Worker exit rate (rlv to workers) [3-6.5]    0.076607831569091
Nshare (US)    0.002363444145060, 	 Nshare(UL):    0.001409408163408, 	 Nshare [0.1]:    0.003772852308468
(U>E/pop>E) [0.2]    0.181740978063071
Wealth Gini [0.84]    0.708386484777321
Earning Gini [0.36]    0.449304115176288
Top 1 [41.8]    0.135983388075426
Zero wealth fraction [7- 13]    0.037777491570525
Fraction U>nonU (rlv to unemployed) [40- 65]    0.392896020966279

-------TRANSITION Worker to entrepreneur / ABILITY--------
very low	 middle 	 very high
   0.066550779695128	   0.047910019274599	   0.039806254375787	
-------TRANSITION Entrepreneur to Worker / ABILITY--------
very low 	 middle 	 very high
   0.249715924007663	   0.239463514073750	   0.205341608642031	
--------- TRANSITION MATRIX BTW CLASSES ------
  	  U     	 W     	 E 
U 	 0.6071 	 0.2822 	 0.1107 
W 	 0.0263 	 0.9234 	 0.0503 
E 	 0.0685 	 0.2341 	 0.6974 
---------------
--------- WEALTH DISTRIBUTION STATISTICS ------
Top 0.1 [22]    0.022488160443394
Top 1 [41.8]    0.135983388075426
Top 5 [?]    0.385898745811878
Top 10 [77.2]    0.563346252109935
Top 20 [?]    0.756416174761985
Bot 20 [?]    0.007323870459955
Bot 40 [?]    0.033760426325050
Bot 60 [?]    0.091166206185502
Bot 80 [?]    0.243583825238015
mworthVE   14.736986068371726
mworthWW    2.158260018123477
mworthUS    1.883960447972590
mworthUL   33.787209639904837
---------------
--------- PRODUCTION & CAPITAL -----
CapitalVE    7.291515414824215
ProductionVE    2.011148574149495
Totalcapital   11.111714298324918
Totallabor    0.770359414783634
Corproduction    1.370991375947800
Corcapital    3.820198883500702
Totalproduction    3.382139950097295
CapitalVE/Totalcapital    0.656200764262217
---------------
--------- TAXATION -----
Corporate revenu    0.000000000000000
Expenditure    0.013400860727394
Revenue Basis    0.971803680439248
Optimal tax    0.013789678920888
-------MASS--------
WW    0.761386182474793 
U    0.076887618964778 
VE    0.161726198560443 
R:    0.047958187574639,	 W:    1.260067656327948,	 K:    5.302194406048815	, L:    0.807597268107239, 	 TAX:    0.013981396047797

-------EQUILIBRIUM PRICES AND AGGREGATE--------
r    0.047958187574639 
w    1.260067656327948 
u    0.077657049230789 
-------MOMENTS GENERATED & STATISTICS--------
Ratio KY [3.04]    3.295234933808042
Ratio mworthVE/mworthWW [8]    6.777561602842705
Fraction E [7.55]    0.162925930947768
(UL:    0.057701566853201, US:    0.019955482377588) Unemploy. rate [4- 6]    0.077657049230789
Fraction of nonE>E (rlv to whole pop) [0.39]    0.047185083553580
Fraction of U>E (rlv to new entrant) [20]    0.183080934464957
Worker exit rate (rlv to workers) [3-6.5]    0.077035245740378
Nshare (US)    0.002331902876828, 	 Nshare(UL):    0.001396848748670, 	 Nshare [0.1]:    0.003728751625498
(U>E/pop>E) [0.2]    0.183080934464957
Wealth Gini [0.84]    0.707228092969198
Earning Gini [0.36]    0.450720525220182
Top 1 [41.8]    0.136189140440929
Zero wealth fraction [7- 13]    0.037375437622890
Fraction U>nonU (rlv to unemployed) [40- 65]    0.390376627134392

-------TRANSITION Worker to entrepreneur / ABILITY--------
very low	 middle 	 very high
   0.067069026809842	   0.048347125037430	   0.040183570976639	
-------TRANSITION Entrepreneur to Worker / ABILITY--------
very low 	 middle 	 very high
   0.249369398420917	   0.238873228908284	   0.204979991029327	
--------- TRANSITION MATRIX BTW CLASSES ------
  	  U     	 W     	 E 
U 	 0.6096 	 0.2791 	 0.1112 
W 	 0.0263 	 0.9230 	 0.0508 
E 	 0.0689 	 0.2337 	 0.6975 
---------------
--------- WEALTH DISTRIBUTION STATISTICS ------
Top 0.1 [22]    0.022422119696184
Top 1 [41.8]    0.136189140440929
Top 5 [?]    0.386912020255855
Top 10 [77.2]    0.564602373965450
Top 20 [?]    0.750113896983651
Bot 20 [?]    0.007182292059131
Bot 40 [?]    0.033184183425790
Bot 60 [?]    0.089982395587894
Bot 80 [?]    0.249886103016349
mworthVE   14.777257148386372
mworthWW    2.180320595269597
mworthUS    1.907291295714255
mworthUL   34.121767445880408
---------------
--------- PRODUCTION & CAPITAL -----
CapitalVE    7.365159370984164
ProductionVE    2.031153972215681
Totalcapital   11.216989810999332
Totallabor    0.768418563588709
Corproduction    1.372849091698413
Corcapital    3.851830440015168
Totalproduction    3.404003063914094
CapitalVE/Totalcapital    0.656607476255521
---------------
--------- TAXATION -----
Corporate revenu    0.000000000000000
Expenditure    0.013351086637806
Revenue Basis    0.968259378500112
Optimal tax    0.013788750136856
-------MASS--------
WW    0.759417019821458 
U    0.077657049230789 
VE    0.162925930947768 
R:    0.048236403687012,	 W:    1.258244727365867,	 K:    5.229676207747133	, L:    0.799761527203533, 	 TAX:    0.013942866865609

-------EQUILIBRIUM PRICES AND AGGREGATE--------
r    0.048236403687012 
w    1.258244727365867 
u    0.078359224252143 
-------MOMENTS GENERATED & STATISTICS--------
Ratio KY [3.04]    3.309453900167652
Ratio mworthVE/mworthWW [8]    6.667181657569927
Fraction E [7.55]    0.165281523596859
(UL:    0.058500839588101, US:    0.019858384664043) Unemploy. rate [4- 6]    0.078359224252143
Fraction of nonE>E (rlv to whole pop) [0.39]    0.047859242985459
Fraction of U>E (rlv to new entrant) [20]    0.183254311342841
Worker exit rate (rlv to workers) [3-6.5]    0.077935471625649
Nshare (US)    0.002204292357345, 	 Nshare(UL):    0.001326796553403, 	 Nshare [0.1]:    0.003531088910749
(U>E/pop>E) [0.2]    0.183254311342841
Wealth Gini [0.84]    0.705089031492359
Earning Gini [0.36]    0.452940565521487
Top 1 [41.8]    0.126688564663361
Zero wealth fraction [7- 13]    0.036749573302950
Fraction U>nonU (rlv to unemployed) [40- 65]    0.387633000734410

-------TRANSITION Worker to entrepreneur / ABILITY--------
very low	 middle 	 very high
   0.067941324121540	   0.049427883138305	   0.040847999445823	
-------TRANSITION Entrepreneur to Worker / ABILITY--------
very low 	 middle 	 very high
   0.249284406008629	   0.238526903629989	   0.205269321618826	
--------- TRANSITION MATRIX BTW CLASSES ------
  	  U     	 W     	 E 
U 	 0.6124 	 0.2757 	 0.1119 
W 	 0.0263 	 0.9221 	 0.0517 
E 	 0.0689 	 0.2335 	 0.6976 
---------------
--------- WEALTH DISTRIBUTION STATISTICS ------
Top 0.1 [22]    0.022280964746821
Top 1 [41.8]    0.126688564663361
Top 5 [?]    0.374428026985483
Top 10 [77.2]    0.553950637847188
Top 20 [?]    0.751922567373718
Bot 20 [?]    0.006968331020211
Bot 40 [?]    0.034659718694100
Bot 60 [?]    0.092135064005347
Bot 80 [?]    0.248077432626282
mworthVE   14.812914942528392
mworthWW    2.221765613017277
mworthUS    1.944174505563486
mworthUL   34.293849953772288
---------------
--------- PRODUCTION & CAPITAL -----
CapitalVE    7.477442520030714
ProductionVE    2.062070947297095
Totalcapital   11.376077700071074
Totallabor    0.765413267086288
Corproduction    1.375377660007807
Corcapital    3.898635180040360
Totalproduction    3.437448607304902
CapitalVE/Totalcapital    0.657295310138748
---------------
--------- TAXATION -----
Corporate revenu    0.000000000000000
Expenditure    0.013274509735493
Revenue Basis    0.963077207567204
Optimal tax    0.013783432554723
-------MASS--------
WW    0.756359252151011 
U    0.078359224252143 
VE    0.165281523596859 
R:    0.048526399799377,	 W:    1.256352390135586,	 K:    5.163124156361794	, L:    0.792891875180084, 	 TAX:    0.013910980003432

