===================Program Starting: Mon Jan 23 15:13:41 2017

------ Estimated Model parameters------
             betapar		   0.879000000000000
              Etapar		   0.034000000000000	   0.027000000000000	   0.024000000000000
               Kappa		   2.350000000000000	   2.400000000000000	   2.450000000000000
                PROD		   0.250000000000000	   1.000000000000000	   1.750000000000000
              GTRANS		   0.510000000000000	   0.550000000000000	   0.700000000000000
             phiparW		   1.500000000000000
             phiparE		   2.100000000000000
             costpar		   0.000000000000000
               nupar		   0.840000000000000
                fpar		   0.800000000000000
               mupar		   0.100000000000000
               xipar		   1.000000000000000

------ Fixed Model parameters------
             maxgrid		                 250
             Gridmin		   0.000000000000000
             Gridmax		5000.000000000000000
             corptax		   0.000000000000000
            alphapar		   0.360000000000000
            deltapar		   0.060000000000000
             rhostar		   0.400000000000000
            sigmapar		   1.390000000000000
              TFPpar		   1.000000000000000
              pLTpar		   1.000000000000000
          EffortMaxU		 100.000000000000000
          EffortMaxE		 100.000000000000000

------ Convergence criterions------
        epsilonValue		   0.000001000000000
        epsilonendoK		   0.000001000000000
           maxiterVF		   0.000001000000000
        maxiterendoK		   0.000001000000000
         epsilonDist		   0.000000010000000
        epsilonprice		   0.000010000000000
       epsilonparams		   0.000001000000000
          relaxendoK		   0.300000000000000
              relaxK		   0.050000000000000
            relaxTax		   0.200000000000000
----------------------------
-------EQUILIBRIUM PRICES AND AGGREGATE--------
r    0.057592403022312 
w    1.200909859754536 
u    0.151209119899701 
-------MOMENTS GENERATED & STATISTICS--------
Ratio KY [3.04]                  nan
Ratio mworthVE/mworthWW                  nan
Fraction E [7.55]    0.000000000000000
(UL:    0.126795715961820, US:    0.024413403937881) Unemploy. rate [4- 6]    0.151209119899701
Fraction of nonE>E (rlv to whole pop) [0.39]    0.000000000000000
Fraction of U>E (rlv to new entrant) [20]                  nan
Worker exit rate (rlv to workers) [3-6.5]    0.028762566269556
Nshare (US)                  nan, 	 Nshare(UL):                  nan, 	 Nshare [0.1]:                  nan
(U>E/pop>E) [0.2]                  nan
Wealth Gini [0.84]                  nan
Earning Gini [0.36]    0.387924734227359
Top 1 [41.8]                  nan
Zero wealth fraction [7- 13]    1.000000000000042
Fraction U>nonU (rlv to unemployed) [40- 65]    0.000000000000000

-------TRANSITION Worker to entrepreneur / ABILITY--------
very low	 middle 	 very high
   0.000000000000000	   0.000000000000000	   0.000000000000000	
-------TRANSITION Entrepreneur to Worker / ABILITY--------
very low 	 middle 	 very high
                 nan	                 nan	                 nan	
--------- TRANSITION MATRIX BTW CLASSES ------
  	  U     	 W     	 E 
U 	 1.0000 	 0.0000 	 0.0000 
W 	 0.0288 	 0.9712 	 0.0000 
E 	 inf 	 nan 	 -inf 
---------------
--------- WEALTH DISTRIBUTION STATISTICS ------
Top 0.1 [22]                  nan
Top 1 [41.8]                  nan
Top 5 [?]                  nan
Top 10 [77.2]                  nan
Top 20 [?]                  nan
Bot 20 [?]                  nan
Bot 40 [?]                  nan
Bot 60 [?]                  nan
Bot 80 [?]                  nan
mworthVE    0.000000000000000
mworthWW    0.000000000000000
mworthUS    0.000000000000000
mworthUL    0.000000000000000
---------------
--------- PRODUCTION & CAPITAL -----
CapitalVE    0.000000000000000
ProductionVE    0.000000000000000
Totalcapital    0.000000000000000
Totallabor    0.853548291162530
Corproduction    0.000000000000000
Corcapital    0.000000000000000
Totalproduction    0.000000000000000
CapitalVE/Totalcapital                  nan
---------------
--------- TAXATION -----
Corporate revenu    0.000000000000000
Expenditure    0.011801832658969
Revenue Basis    1.025034558633717
Optimal tax    0.011513594892546
-------MASS--------
WW    0.848790880100341 
U    0.151209119899701 
VE    0.000000000000000 
-------WELFARE--------
UL  -43.505941929559363  US  -25.651973762845348  VE                  nan  WW  -22.395260402897740  Wtot -25.151511840280008  Avg Firm:                  nan 
-------EQUILIBRIUM PRICES AND AGGREGATE--------
r    0.057592403022312 
w    1.200909859754536 
u    0.060193059654822 
-------MOMENTS GENERATED & STATISTICS--------
Ratio KY [3.04]    3.643514631074035
Ratio mworthVE/mworthWW [8]   23.431858910963388
Fraction E [7.55]    0.036939121672322
(UL:    0.036077813995568, US:    0.024115245659254) Unemploy. rate [4- 6]    0.060193059654822
Fraction of nonE>E (rlv to whole pop) [0.39]    0.009011078414455
Fraction of U>E (rlv to new entrant) [20]    0.214242505903066
Worker exit rate (rlv to workers) [3-6.5]    0.034551866184755
Nshare (US)    0.010672669775842, 	 Nshare(UL):    0.062397628332159, 	 Nshare [0.1]:    0.073070298108002
(U>E/pop>E) [0.2]    0.214242505903066
Wealth Gini [0.84]    0.801330703391505
Earning Gini [0.36]    0.348391557461382
Top 1 [41.8]    0.219804529976958
Zero wealth fraction [7- 13]    0.049553773380227
Fraction U>nonU (rlv to unemployed) [40- 65]    0.449565087589060

-------TRANSITION Worker to entrepreneur / ABILITY--------
very low	 middle 	 very high
   0.012536357269200	   0.000000000000000	   0.019489327688134	
-------TRANSITION Entrepreneur to Worker / ABILITY--------
very low 	 middle 	 very high
   0.922275040605792	   3.428126359717210	   0.211096797296228	
--------- TRANSITION MATRIX BTW CLASSES ------
  	  U     	 W     	 E 
U 	 0.5504 	 0.4175 	 0.0321 
W 	 0.0267 	 0.9654 	 0.0078 
E 	 0.3353 	 0.9753 	 -0.3106 
---------------
--------- WEALTH DISTRIBUTION STATISTICS ------
Top 0.1 [22]    0.041691775204136
Top 1 [41.8]    0.219804529976958
Top 5 [?]    0.559759013143636
Top 10 [77.2]    0.747023032220711
Top 20 [?]    0.865704324183542
Bot 20 [?]    0.005030479818391
Bot 40 [?]    0.027627732460890
Bot 60 [?]    0.063533330492217
Bot 80 [?]    0.134295675816458
mworthVE   38.554818824848617
mworthWW    1.645401629096078
mworthUS    1.462257266304560
mworthUL   47.525046902568718
---------------
--------- PRODUCTION & CAPITAL -----
CapitalVE    2.888059048863949
ProductionVE    0.732520302915312
Totalcapital    9.333893913058729
Totallabor    0.900713855353231
Corproduction    1.829262716549958
Corcapital    6.445834864194779
Totalproduction    2.561783019465270
CapitalVE/Totalcapital    0.309416313894822
---------------
--------- TAXATION -----
Corporate revenu    0.000000000000000
Expenditure    0.011208684567915
Revenue Basis    1.081676149711216
Optimal tax    0.010362329400447
-------MASS--------
WW    0.902867818672898 
U    0.060193059654822 
VE    0.036939121672322 
-------WELFARE--------
UL  -10.228660157806411  US  -19.037486632222841  VE  -11.467268776861493  WW  -17.147532916248736  Wtot -16.733667841780957  Avg Firm:   78.184291291039386 
-------EQUILIBRIUM PRICES AND AGGREGATE--------
r    0.057592403022312 
w    1.200909859754536 
u    0.057094970315687 
-------MOMENTS GENERATED & STATISTICS--------
Ratio KY [3.04]   12.566967265924289
Ratio mworthVE/mworthWW [8]    6.753966923192680
Fraction E [7.55]    0.092887465642650
(UL:    0.033886726781466, US:    0.023208243534221) Unemploy. rate [4- 6]    0.057094970315687
Fraction of nonE>E (rlv to whole pop) [0.39]    0.041646127921753
Fraction of U>E (rlv to new entrant) [20]    0.093451685120808
Worker exit rate (rlv to workers) [3-6.5]    0.071719071701370
Nshare (US)    0.002220184472211, 	 Nshare(UL):    0.002388697105345, 	 Nshare [0.1]:    0.004608881577556
(U>E/pop>E) [0.2]    0.093451685120808
Wealth Gini [0.84]    0.923220520047682
Earning Gini [0.36]    0.385577929695755
Top 1 [41.8]    0.403646195918674
Zero wealth fraction [7- 13]    0.038140350972214
Fraction U>nonU (rlv to unemployed) [40- 65]    0.459446320657100

-------TRANSITION Worker to entrepreneur / ABILITY--------
very low	 middle 	 very high
   0.061506202110329	   0.042080948509195	   0.032819692715845	
-------TRANSITION Entrepreneur to Worker / ABILITY--------
very low 	 middle 	 very high
   0.110351760896683	   0.226414010136074	   0.176822923840908	
--------- TRANSITION MATRIX BTW CLASSES ------
  	  U     	 W     	 E 
U 	 0.5406 	 0.3913 	 0.0682 
W 	 0.0273 	 0.9283 	 0.0444 
E 	 0.1042 	 0.1791 	 0.7166 
---------------
--------- WEALTH DISTRIBUTION STATISTICS ------
Top 0.1 [22]    0.068038002613715
Top 1 [41.8]    0.403646195918674
Top 5 [?]    0.850238157434139
Top 10 [77.2]    0.926168393678292
Top 20 [?]    0.961881934195896
Bot 20 [?]    0.001380536718873
Bot 40 [?]    0.006313048890710
Bot 60 [?]    0.015908342617778
Bot 80 [?]    0.038118065804104
mworthVE   23.002105381892232
mworthWW    3.405717801623296
mworthUS    3.318712711767982
mworthUL  114.697730430689560
---------------
--------- PRODUCTION & CAPITAL -----
CapitalVE   13.298515380734386
ProductionVE    2.713641255358725
Totalcapital   87.936767150754093
Totallabor    0.858408874445962
Corproduction    4.283812091177578
Corcapital   74.638251770019707
Totalproduction    6.997453346536303
CapitalVE/Totalcapital    0.151228158728375
---------------
--------- TAXATION -----
Corporate revenu    0.000000000000000
Expenditure    0.010844146239919
Revenue Basis    1.030871681022949
Optimal tax    0.010519394837928
-------MASS--------
WW    0.850017564041705 
U    0.057094970315687 
VE    0.092887465642650 
-------WELFARE--------
UL  -10.836527366666846  US  -15.163379196188639  VE  -11.000661648416729  WW  -14.259225628824518  Wtot -13.861545654369200  Avg Firm:  143.168029063204557 
-------EQUILIBRIUM PRICES AND AGGREGATE--------
r    0.057592403022312 
w    1.200909859754536 
u    0.066377007693415 
-------MOMENTS GENERATED & STATISTICS--------
Ratio KY [3.04]   16.232468093390775
Ratio mworthVE/mworthWW [8]   16.240329677165775
Fraction E [7.55]    0.068248312363615
(UL:    0.042960853259840, US:    0.023416154433575) Unemploy. rate [4- 6]    0.066377007693415
Fraction of nonE>E (rlv to whole pop) [0.39]    0.035549186437990
Fraction of U>E (rlv to new entrant) [20]    0.096681765686797
Worker exit rate (rlv to workers) [3-6.5]    0.064166867883942
Nshare (US)    0.000886957509361, 	 Nshare(UL):    0.001050521906624, 	 Nshare [0.1]:    0.001937479415986
(U>E/pop>E) [0.2]    0.096681765686797
Wealth Gini [0.84]    0.854770219482242
Earning Gini [0.36]    0.371329012952214
Top 1 [41.8]    0.269019888306150
Zero wealth fraction [7- 13]    0.017058638514219
Fraction U>nonU (rlv to unemployed) [40- 65]    0.368835272432774

-------TRANSITION Worker to entrepreneur / ABILITY--------
very low	 middle 	 very high
   0.059294919010528	   0.030978419110381	   0.028713998927312	
-------TRANSITION Entrepreneur to Worker / ABILITY--------
very low 	 middle 	 very high
   0.125810534386382	   0.973659008203371	   0.178557964420545	
--------- TRANSITION MATRIX BTW CLASSES ------
  	  U     	 W     	 E 
U 	 0.6312 	 0.3171 	 0.0518 
W 	 0.0271 	 0.9358 	 0.0371 
E 	 0.2273 	 0.4052 	 0.3675 
---------------
--------- WEALTH DISTRIBUTION STATISTICS ------
Top 0.1 [22]    0.054551712357388
Top 1 [41.8]    0.269019888306150
Top 5 [?]    0.578677218195907
Top 10 [77.2]    0.744666376755248
Top 20 [?]    0.908766698677456
Bot 20 [?]    0.000795613608567
Bot 40 [?]    0.003680617082607
Bot 60 [?]    0.010058092915408
Bot 80 [?]    0.091233301322544
mworthVE   49.700024878600864
mworthWW    3.060284234776347
mworthUS    3.007803133773826
mworthUL   88.218775623166238
---------------
--------- PRODUCTION & CAPITAL -----
CapitalVE   15.788065478286654
ProductionVE    3.067916976508999
Totalcapital  132.474144957078863
Totallabor    0.874917697450728
Corproduction    5.093142955653575
Corcapital  116.686079478792209
Totalproduction    8.161059932162575
CapitalVE/Totalcapital    0.119178466737052
---------------
--------- TAXATION -----
Corporate revenu    0.000000000000000
Expenditure    0.011001322951194
Revenue Basis    1.050697289342314
Optimal tax    0.010470497128702
-------MASS--------
WW    0.865374679943011 
U    0.066377007693415 
VE    0.068248312363615 
-------WELFARE--------
UL   -8.983515184650935  US  -13.406323458761493  VE   -8.320015813730079  WW  -12.554172691566784  Wtot -12.131754231141716  Avg Firm:  231.332686941334629 
-------EQUILIBRIUM PRICES AND AGGREGATE--------
r    0.057592403022312 
w    1.200909859754536 
u    0.065142719326124 
-------MOMENTS GENERATED & STATISTICS--------
Ratio KY [3.04]   21.855859329337012
Ratio mworthVE/mworthWW [8]    5.348130276006122
Fraction E [7.55]    0.087852717025768
(UL:    0.041892941218326, US:    0.023249778107799) Unemploy. rate [4- 6]    0.065142719326124
Fraction of nonE>E (rlv to whole pop) [0.39]    0.042680429530151
Fraction of U>E (rlv to new entrant) [20]    0.074107505877252
Worker exit rate (rlv to workers) [3-6.5]    0.074104993230917
Nshare (US)    0.000448960908680, 	 Nshare(UL):    0.000598189783394, 	 Nshare [0.1]:    0.001047150692074
(U>E/pop>E) [0.2]    0.074107505877252
Wealth Gini [0.84]    0.888711323088854
Earning Gini [0.36]    0.391476770263062
Top 1 [41.8]    0.208778291921873
Zero wealth fraction [7- 13]    0.001200081223064
Fraction U>nonU (rlv to unemployed) [40- 65]    0.368354868122802

-------TRANSITION Worker to entrepreneur / ABILITY--------
very low	 middle 	 very high
   0.036776912322224	   0.055439528093362	   0.039163464609313	
-------TRANSITION Entrepreneur to Worker / ABILITY--------
very low 	 middle 	 very high
   0.273068962444323	   0.159150288972249	   0.194137398244232	
--------- TRANSITION MATRIX BTW CLASSES ------
  	  U     	 W     	 E 
U 	 0.6316 	 0.3198 	 0.0486 
W 	 0.0274 	 0.9259 	 0.0467 
E 	 0.1692 	 0.1924 	 0.6384 
---------------
--------- WEALTH DISTRIBUTION STATISTICS ------
Top 0.1 [22]    0.036901977269421
Top 1 [41.8]    0.208778291921873
Top 5 [?]    0.618215694771346
Top 10 [77.2]    0.874897562456063
Top 20 [?]    0.967407778756165
Bot 20 [?]    0.000820994453134
Bot 40 [?]    0.003785362449747
Bot 60 [?]    0.010348114742856
Bot 80 [?]    0.032592221243835
mworthVE   26.652683754386189
mworthWW    4.983551704781934
mworthUS    4.991529669670808
mworthUL  122.702223320859588
---------------
--------- PRODUCTION & CAPITAL -----
CapitalVE   17.072164804171880
ProductionVE    3.281896882924932
Totalcapital  200.211870277788762
Totallabor    0.849537187328904
Corproduction    5.878661265847803
Corcapital  183.139705473616885
Totalproduction    9.160558148772735
CapitalVE/Totalcapital    0.085270492606081
---------------
--------- TAXATION -----
Corporate revenu    0.000000000000000
Expenditure    0.010831631064782
Revenue Basis    1.020217584491417
Optimal tax    0.010616981347349
-------MASS--------
WW    0.847004563648150 
U    0.065142719326124 
VE    0.087852717025768 
-------WELFARE--------
UL   -8.906086127390243  US  -12.769152770363283  VE   -9.805499747649717  WW  -12.030808388734632  Wtot -11.721571515416818  Avg Firm:  194.327112264091028 
-------EQUILIBRIUM PRICES AND AGGREGATE--------
r    0.057592403022312 
w    1.200909859754536 
u    0.072026206335107 
-------MOMENTS GENERATED & STATISTICS--------
Ratio KY [3.04]   31.342066969804854
Ratio mworthVE/mworthWW [8]    8.537439306247872
Fraction E [7.55]    0.065318370865997
(UL:    0.048442101650949, US:    0.023584104684158) Unemploy. rate [4- 6]    0.072026206335107
Fraction of nonE>E (rlv to whole pop) [0.39]    0.029929904123324
Fraction of U>E (rlv to new entrant) [20]    0.095482727139880
Worker exit rate (rlv to workers) [3-6.5]    0.058721267611576
Nshare (US)    0.001734576703850, 	 Nshare(UL):    0.004241612599000, 	 Nshare [0.1]:    0.005976189302850
(U>E/pop>E) [0.2]    0.095482727139880
Wealth Gini [0.84]    0.786756703016804
Earning Gini [0.36]    0.377758418383081
Top 1 [41.8]    0.129769805407085
Zero wealth fraction [7- 13]    0.000571705397873
Fraction U>nonU (rlv to unemployed) [40- 65]    0.251847618497459

-------TRANSITION Worker to entrepreneur / ABILITY--------
very low	 middle 	 very high
   0.030166068519813	   0.026006095987160	   0.043518311287533	
-------TRANSITION Entrepreneur to Worker / ABILITY--------
very low 	 middle 	 very high
   0.348535080133701	   0.557290863475127	   0.235326317895716	
--------- TRANSITION MATRIX BTW CLASSES ------
  	  U     	 W     	 E 
U 	 0.7482 	 0.2122 	 0.0397 
W 	 0.0273 	 0.9413 	 0.0314 
E 	 0.2604 	 0.3928 	 0.3469 
---------------
--------- WEALTH DISTRIBUTION STATISTICS ------
Top 0.1 [22]    0.020863169689985
Top 1 [41.8]    0.129769805407085
Top 5 [?]    0.459763516256729
Top 10 [77.2]    0.604250156500350
Top 20 [?]    0.834945863580912
Bot 20 [?]    0.000342871641813
Bot 40 [?]    0.001889931922032
Bot 60 [?]    0.018367458751002
Bot 80 [?]    0.165054136419088
mworthVE  111.371830054496229
mworthWW   13.045109436150492
mworthUS   13.582737392272396
mworthUL  123.966170870803026
---------------
--------- PRODUCTION & CAPITAL -----
CapitalVE   25.716913155368761
ProductionVE    4.735035428442555
Totalcapital  386.099982017193099
Totallabor    0.864270326545796
Corproduction    7.583870736526216
Corcapital  360.383068861824313
Totalproduction   12.318906164968771
CapitalVE/Totalcapital    0.066606874781526
---------------
--------- TAXATION -----
Corporate revenu    0.000000000000000
Expenditure    0.011004660182071
Revenue Basis    1.037910756642118
Optimal tax    0.010602703663727
-------MASS--------
WW    0.862655422798938 
U    0.072026206335107 
VE    0.065318370865997 
-------WELFARE--------
UL   -7.943373386462008  US  -11.703705857108606  VE   -7.606477740760795  WW  -11.088003190231776  Wtot -10.722783939285405  Avg Firm:  393.716389652889632 
-------EQUILIBRIUM PRICES AND AGGREGATE--------
r    0.057592403022312 
w    1.200909859754536 
u    0.068388929492704 
-------MOMENTS GENERATED & STATISTICS--------
Ratio KY [3.04]   18.365760669656254
Ratio mworthVE/mworthWW [8]    4.716460905784563
Fraction E [7.55]    0.076853762928720
(UL:    0.045069587148492, US:    0.023319342344211) Unemploy. rate [4- 6]    0.068388929492704
Fraction of nonE>E (rlv to whole pop) [0.39]    0.039943920481583
Fraction of U>E (rlv to new entrant) [20]    0.088614689194778
Worker exit rate (rlv to workers) [3-6.5]    0.069872049291145
Nshare (US)    0.001309747097022, 	 Nshare(UL):    0.001164547054711, 	 Nshare [0.1]:    0.002474294151733
(U>E/pop>E) [0.2]    0.088614689194778
Wealth Gini [0.84]    0.898032650471720
Earning Gini [0.36]    0.384704264744948
Top 1 [41.8]    0.277890021452957
Zero wealth fraction [7- 13]    0.001869075408000
Fraction U>nonU (rlv to unemployed) [40- 65]    0.327638489227613

-------TRANSITION Worker to entrepreneur / ABILITY--------
very low	 middle 	 very high
   0.033398854272670	   0.046288852882898	   0.044276449669753	
-------TRANSITION Entrepreneur to Worker / ABILITY--------
very low 	 middle 	 very high
   0.394295217200822	   0.298508628016422	   0.252313945302702	
--------- TRANSITION MATRIX BTW CLASSES ------
  	  U     	 W     	 E 
U 	 0.6724 	 0.2759 	 0.0518 
W 	 0.0273 	 0.9301 	 0.0426 
E 	 0.1906 	 0.3058 	 0.5036 
---------------
--------- WEALTH DISTRIBUTION STATISTICS ------
Top 0.1 [22]    0.037729395894559
Top 1 [41.8]    0.277890021452957
Top 5 [?]    0.743143310177650
Top 10 [77.2]    0.877307988104508
Top 20 [?]    0.955540003867274
Bot 20 [?]    0.001292617411031
Bot 40 [?]    0.005365729495894
Bot 60 [?]    0.013500847406257
Bot 80 [?]    0.044459996132726
mworthVE   22.759063886151448
mworthWW    4.825453733378412
mworthUS    5.036786460347428
mworthUL  137.639788837623087
---------------
--------- PRODUCTION & CAPITAL -----
CapitalVE   14.403977480014468
ProductionVE    2.754905504675855
Totalcapital  147.383450490143730
Totallabor    0.857432498597590
Corproduction    5.269997636616265
Corcapital  132.979473010129254
Totalproduction    8.024903141292119
CapitalVE/Totalcapital    0.097731308583916
---------------
--------- TAXATION -----
Corporate revenu    0.000000000000000
Expenditure    0.010861044039983
Revenue Basis    1.029699141639812
Optimal tax    0.010547783911606
-------MASS--------
WW    0.854757307578619 
U    0.068388929492704 
VE    0.076853762928720 
-------WELFARE--------
UL   -9.085967490096522  US  -12.849457396322549  VE   -9.076099126002124  WW  -12.228759850650295  Wtot -11.859295915100168  Avg Firm:  187.420588545206726 
-------EQUILIBRIUM PRICES AND AGGREGATE--------
r    0.057592403022312 
w    1.200909859754536 
u    0.075442813477054 
-------MOMENTS GENERATED & STATISTICS--------
Ratio KY [3.04]   32.576152099501833
Ratio mworthVE/mworthWW [8]   10.273734895612785
Fraction E [7.55]    0.058478365222147
(UL:    0.051712608374754, US:    0.023730205102299) Unemploy. rate [4- 6]    0.075442813477054
Fraction of nonE>E (rlv to whole pop) [0.39]    0.026513590614392
Fraction of U>E (rlv to new entrant) [20]    0.099201577710596
Worker exit rate (rlv to workers) [3-6.5]    0.054976065140880
Nshare (US)    0.000350108782556, 	 Nshare(UL):    0.004829970676629, 	 Nshare [0.1]:    0.005180079459185
(U>E/pop>E) [0.2]    0.099201577710596
Wealth Gini [0.84]    0.852480506105083
Earning Gini [0.36]    0.375240994212424
Top 1 [41.8]    0.160118100255005
Zero wealth fraction [7- 13]    0.001862213950132
Fraction U>nonU (rlv to unemployed) [40- 65]    0.253544595684704

-------TRANSITION Worker to entrepreneur / ABILITY--------
very low	 middle 	 very high
   0.021234963061249	   0.020803606899541	   0.047946016920702	
-------TRANSITION Entrepreneur to Worker / ABILITY--------
very low 	 middle 	 very high
   0.430890731427545	   0.695323708747731	   0.176751284483651	
--------- TRANSITION MATRIX BTW CLASSES ------
  	  U     	 W     	 E 
U 	 0.7465 	 0.2187 	 0.0349 
W 	 0.0274 	 0.9450 	 0.0276 
E 	 0.3179 	 0.4219 	 0.2601 
---------------
--------- WEALTH DISTRIBUTION STATISTICS ------
Top 0.1 [22]    0.044152132259679
Top 1 [41.8]    0.160118100255005
Top 5 [?]    0.539875144980139
Top 10 [77.2]    0.784461286104868
Top 20 [?]    0.927006805849934
Bot 20 [?]    0.000376944604235
Bot 40 [?]    0.001709436479607
Bot 60 [?]    0.012330731693033
Bot 80 [?]    0.072993194150066
mworthVE   75.666644830447510
mworthWW    7.365057167550585
mworthUS    8.407884986557853
mworthUL  125.562368620703353
---------------
--------- PRODUCTION & CAPITAL -----
CapitalVE   21.353865365625275
ProductionVE    3.851220153954383
Totalcapital  369.692315540018285
Totallabor    0.865299432410742
Corproduction    7.497336741618062
Corcapital  348.338450174393017
Totalproduction   11.348556895572445
CapitalVE/Totalcapital    0.057761182659242
---------------
--------- TAXATION -----
Corporate revenu    0.000000000000000
Expenditure    0.011058989267777
Revenue Basis    1.039146620022063
Optimal tax    0.010642376210147
-------MASS--------
WW    0.866078821300841 
U    0.075442813477054 
VE    0.058478365222147 
-------WELFARE--------
UL   -8.460213455321000  US  -11.321473145430392  VE   -7.502223556930876  WW  -10.722075327247564  Wtot -10.431040715444881  Avg Firm:  365.158384378671599 
-------EQUILIBRIUM PRICES AND AGGREGATE--------
r    0.057592403022312 
w    1.200909859754536 
u    0.066780483295107 
-------MOMENTS GENERATED & STATISTICS--------
Ratio KY [3.04]   34.518849168043182
Ratio mworthVE/mworthWW [8]    4.976052467040732
Fraction E [7.55]    0.085720100722290
(UL:    0.043538879055556, US:    0.023241604239552) Unemploy. rate [4- 6]    0.066780483295107
Fraction of nonE>E (rlv to whole pop) [0.39]    0.041939248875412
Fraction of U>E (rlv to new entrant) [20]    0.087548039526650
Worker exit rate (rlv to workers) [3-6.5]    0.072577222988862
Nshare (US)    0.001392865391120, 	 Nshare(UL):    0.003047909628540, 	 Nshare [0.1]:    0.004440775019660
(U>E/pop>E) [0.2]    0.087548039526650
Wealth Gini [0.84]    0.820640646679107
Earning Gini [0.36]    0.387407664283979
Top 1 [41.8]    0.116403911768921
Zero wealth fraction [7- 13]    0.001160143529034
Fraction U>nonU (rlv to unemployed) [40- 65]    0.312681021336357

-------TRANSITION Worker to entrepreneur / ABILITY--------
very low	 middle 	 very high
   0.057377568886346	   0.036083666012284	   0.051667704736374	
-------TRANSITION Entrepreneur to Worker / ABILITY--------
very low 	 middle 	 very high
   0.190666367850791	   0.291588638751736	   0.182390843618140	
--------- TRANSITION MATRIX BTW CLASSES ------
  	  U     	 W     	 E 
U 	 0.6873 	 0.2577 	 0.0550 
W 	 0.0274 	 0.9274 	 0.0452 
E 	 0.1573 	 0.2306 	 0.6121 
---------------
--------- WEALTH DISTRIBUTION STATISTICS ------
Top 0.1 [22]    0.027964005595704
Top 1 [41.8]    0.116403911768921
Top 5 [?]    0.405878471134115
Top 10 [77.2]    0.696000291189446
Top 20 [?]    0.911552420167124
Bot 20 [?]    0.000514725172789
Bot 40 [?]    0.002522162789324
Bot 60 [?]    0.008651930837906
Bot 80 [?]    0.088447579832876
mworthVE   46.170768682699396
mworthWW    9.278593621854883
mworthUS    9.372119957960129
mworthUL  189.315047769566519
---------------
--------- PRODUCTION & CAPITAL -----
CapitalVE   25.052668962481736
ProductionVE    4.639613280397507
Totalcapital  430.813018800506995
Totallabor    0.851716866266102
Corproduction    7.840901834786130
Corcapital  405.760349838025263
Totalproduction   12.480515115183636
CapitalVE/Totalcapital    0.058152070316340
---------------
--------- TAXATION -----
Corporate revenu    0.000000000000000
Expenditure    0.010876323579936
Revenue Basis    1.022835182418196
Optimal tax    0.010633505541159
-------MASS--------
WW    0.847499415982645 
U    0.066780483295107 
VE    0.085720100722290 
-------WELFARE--------
UL   -8.799226556806389  US  -11.049107776130139  VE   -9.313121320381091  WW  -10.606069238875255  Wtot -10.426866634412443  Avg Firm:  292.261310373931337 
