===================Program Starting: Wed Feb  1 16:46:03 2017

------ Estimated Model parameters------
             betapar		   0.879000000000000
              Etapar		   0.034000000000000	   0.027000000000000	   0.024000000000000
               Kappa		   2.350000000000000	   2.400000000000000	   2.450000000000000
                PROD		   0.250000000000000	   1.000000000000000	   1.750000000000000
              GTRANS		   0.510000000000000	   0.550000000000000	   0.700000000000000
             phiparW		   1.500000000000000
             phiparE		   2.100000000000000
             costpar		   0.000000000000000
               nupar		   0.840000000000000
                fpar		   0.800000000000000
               mupar		   0.100000000000000
               xipar		   1.000000000000000

------ Fixed Model parameters------
             maxgrid		                 250
             Gridmin		   0.000000000000000
             Gridmax		5000.000000000000000
             corptax		   0.000000000000000
            alphapar		   0.360000000000000
            deltapar		   0.060000000000000
             rhostar		   0.400000000000000
            sigmapar		   1.390000000000000
              TFPpar		   1.000000000000000
              pLTpar		   1.000000000000000
          EffortMaxU		 100.000000000000000
          EffortMaxE		 100.000000000000000

------ Convergence criterions------
        epsilonValue		   0.000001000000000
        epsilonendoK		   0.000001000000000
           maxiterVF		   0.000001000000000
        maxiterendoK		   0.000001000000000
         epsilonDist		   0.000000010000000
        epsilonprice		   0.000010000000000
       epsilonparams		   0.000001000000000
          relaxendoK		   0.300000000000000
              relaxK		   0.050000000000000
            relaxTax		   0.200000000000000
----------------------------
R:    0.070000000000000,	 W:    1.135029096946556,	 K:    4.380284646201778	, L:    0.891900000000000, 	 TAX:    0.141700000000000

-------EQUILIBRIUM PRICES AND AGGREGATE--------
r    0.070000000000000 
w    1.135029096946556 
u    0.175690055225785 
-------MOMENTS GENERATED & STATISTICS--------
Ratio KY [3.04]    5.617841813077304
Ratio mworthVE/mworthWW [8]    2.852247627901026
Fraction E [7.55]    0.310459856264396
(UL:    0.163056433516955, US:    0.012633621708831) Unemploy. rate [4- 6]    0.175690055225785
Fraction of nonE>E (rlv to whole pop) [0.39]    0.083449470909002
Fraction of U>E (rlv to new entrant) [20]    0.313717379592726
Worker exit rate (rlv to workers) [3-6.5]    0.136038788041432
Nshare (US)    0.000558458155107, 	 Nshare(UL):    0.000248085780955, 	 Nshare [0.1]:    0.000806543936062
(U>E/pop>E) [0.2]    0.313717379592726
Wealth Gini [0.84]    0.547915347470820
Earning Gini [0.36]    0.627080438100969
Top 1 [41.8]    0.069714166528598
Zero wealth fraction [7- 13]    0.008290734404728
Fraction U>nonU (rlv to unemployed) [40- 65]    0.257254543285938

-------TRANSITION Worker to entrepreneur / ABILITY--------
very low	 middle 	 very high
   0.115083409686528	   0.106711161828480	   0.117358745462071	
-------TRANSITION Entrepreneur to Worker / ABILITY--------
very low 	 middle 	 very high
   0.151441889938493	   0.170721511543657	   0.183570186093166	
--------- TRANSITION MATRIX BTW CLASSES ------
  	  U     	 W     	 E 
U 	 0.7427 	 0.1082 	 0.1490 
W 	 0.0246 	 0.8640 	 0.1115 
E 	 0.1091 	 0.1693 	 0.7215 
---------------
--------- WEALTH DISTRIBUTION STATISTICS ------
Top 0.1 [22]    0.010620310032657
Top 1 [41.8]    0.069714166528598
Top 5 [?]    0.234229643953012
Top 10 [77.2]    0.379921103879834
Top 20 [?]    0.570182811040250
Bot 20 [?]    0.009697996943321
Bot 40 [?]    0.067187397900232
Bot 60 [?]    0.198956492499904
Bot 80 [?]    0.429817188959750
mworthVE   41.047140026725494
mworthWW   14.391155811717566
mworthUS   12.105189908259723
mworthUL   73.968013039549760
---------------
--------- PRODUCTION & CAPITAL -----
CapitalVE   23.337842600398055
ProductionVE    6.097588300567414
Totalcapital   45.598669621631664
Totallabor    0.523408752567237
Corproduction    2.019170970846446
Corcapital   22.260827021233609
Totalproduction    8.116759271413860
CapitalVE/Totalcapital    0.511809725898818
---------------
--------- TAXATION -----
Corporate revenu    0.000000000000000
Expenditure    0.006334635583661
Revenue Basis    0.594084163760314
Optimal tax    0.010662858850782
-------MASS--------
WW    0.513850088509856 
U    0.175690055225785 
VE    0.310459856264396 
-------WELFARE--------
UL  -10.099052713715293  US  -17.396106861573362  VE  -10.773670238537875  WW  -16.013264744327842  Wtot -13.439700970594734  Avg Firm:   75.171852751625678 
R:    0.049231286625674,	 W:    1.251785496755273,	 K:    5.274311764953369	, L:    0.818201750513447, 	 TAX:    0.115492571770156

-------EQUILIBRIUM PRICES AND AGGREGATE--------
r    0.049231286625674 
w    1.251785496755273 
u    0.047709902050800 
-------MOMENTS GENERATED & STATISTICS--------
Ratio KY [3.04]    2.986586147650283
Ratio mworthVE/mworthWW [8]   20.108610364655036
Fraction E [7.55]    0.061145455184396
(UL:    0.023376681208310, US:    0.024333220842491) Unemploy. rate [4- 6]    0.047709902050800
Fraction of nonE>E (rlv to whole pop) [0.39]    0.016945439409087
Fraction of U>E (rlv to new entrant) [20]    0.207995465046123
Worker exit rate (rlv to workers) [3-6.5]    0.042365833658765
Nshare (US)    0.011740781698551, 	 Nshare(UL):    0.003942889533586, 	 Nshare [0.1]:    0.015683671232137
(U>E/pop>E) [0.2]    0.207995465046123
Wealth Gini [0.84]    0.816546509560523
Earning Gini [0.36]    0.357419743867188
Top 1 [41.8]    0.253762069630272
Zero wealth fraction [7- 13]    0.059891299260596
Fraction U>nonU (rlv to unemployed) [40- 65]    0.599455585207651

-------TRANSITION Worker to entrepreneur / ABILITY--------
very low	 middle 	 very high
   0.019287970430074	   0.012659888492912	   0.015730338480820	
-------TRANSITION Entrepreneur to Worker / ABILITY--------
very low 	 middle 	 very high
   0.195254645025922	   0.233556338337192	   0.211192412931512	
--------- TRANSITION MATRIX BTW CLASSES ------
  	  U     	 W     	 E 
U 	 0.4005 	 0.5256 	 0.0739 
W 	 0.0273 	 0.9576 	 0.0151 
E 	 0.0700 	 0.2170 	 0.7131 
---------------
--------- WEALTH DISTRIBUTION STATISTICS ------
Top 0.1 [22]    0.048104705056958
Top 1 [41.8]    0.253762069630272
Top 5 [?]    0.622970850408911
Top 10 [77.2]    0.789353513554813
Top 20 [?]    0.871328554362323
Bot 20 [?]    0.004609940634769
Bot 40 [?]    0.027016515702918
Bot 60 [?]    0.063870817771446
Bot 80 [?]    0.128671445637677
mworthVE   25.059927496739334
mworthWW    1.246228707120769
mworthUS    1.145385421944323
mworthUL   49.743891296805771
---------------
--------- PRODUCTION & CAPITAL -----
CapitalVE    3.403706576184237
ProductionVE    0.912430433621792
Totalcapital    7.239015369933644
Totallabor    0.895154933277962
Corproduction    1.511412379561075
Corcapital    3.835308793749407
Totalproduction    2.423842813182867
CapitalVE/Totalcapital    0.470189162786021
---------------
--------- TAXATION -----
Corporate revenu    0.000000000000000
Expenditure    0.011713678213717
Revenue Basis    1.120541962826286
Optimal tax    0.010453582821809
-------MASS--------
WW    0.891144642764813 
U    0.047709902050800 
VE    0.061145455184396 
-------WELFARE--------
UL  -14.413954954293180  US  -23.218657803279299  VE  -12.733240623229706  WW  -21.166293227690783  Wtot -20.542743768836459  Avg Firm:   55.665732897395060 
R:    0.051517891797571,	 W:    1.237282359164653,	 K:    5.202361616393171	, L:    0.833592387066351, 	 TAX:    0.094484773980487

-------EQUILIBRIUM PRICES AND AGGREGATE--------
r    0.051517891797571 
w    1.237282359164653 
u    0.050860431652949 
-------MOMENTS GENERATED & STATISTICS--------
Ratio KY [3.04]    3.191597455999284
Ratio mworthVE/mworthWW [8]   19.538296219400479
Fraction E [7.55]    0.071252273381257
(UL:    0.026954510366671, US:    0.023905921286278) Unemploy. rate [4- 6]    0.050860431652949
Fraction of nonE>E (rlv to whole pop) [0.39]    0.019647774407761
Fraction of U>E (rlv to new entrant) [20]    0.210321950770644
Worker exit rate (rlv to workers) [3-6.5]    0.044904781830602
Nshare (US)    0.009828469781473, 	 Nshare(UL):    0.003441547398865, 	 Nshare [0.1]:    0.013270017180339
(U>E/pop>E) [0.2]    0.210321950770644
Wealth Gini [0.84]    0.815290300882674
Earning Gini [0.36]    0.366844631738866
Top 1 [41.8]    0.236623811826504
Zero wealth fraction [7- 13]    0.055987236197137
Fraction U>nonU (rlv to unemployed) [40- 65]    0.569237585373704

-------TRANSITION Worker to entrepreneur / ABILITY--------
very low	 middle 	 very high
   0.022047507460154	   0.015121600883322	   0.018510191877490	
-------TRANSITION Entrepreneur to Worker / ABILITY--------
very low 	 middle 	 very high
   0.193518180849066	   0.228249988233746	   0.210290896782833	
--------- TRANSITION MATRIX BTW CLASSES ------
  	  U     	 W     	 E 
U 	 0.4308 	 0.4880 	 0.0812 
W 	 0.0272 	 0.9551 	 0.0177 
E 	 0.0713 	 0.2139 	 0.7148 
---------------
--------- WEALTH DISTRIBUTION STATISTICS ------
Top 0.1 [22]    0.044411991462108
Top 1 [41.8]    0.236623811826504
Top 5 [?]    0.595079214185882
Top 10 [77.2]    0.772724176302484
Top 20 [?]    0.877697149603050
Bot 20 [?]    0.004309233346358
Bot 40 [?]    0.024298178358074
Bot 60 [?]    0.060393060028656
Bot 80 [?]    0.122302850396950
mworthVE   26.009342997314995
mworthWW    1.331198109868409
mworthUS    1.220202843695809
mworthUL   53.692560011545083
---------------
--------- PRODUCTION & CAPITAL -----
CapitalVE    4.060647666887824
ProductionVE    1.086535004376138
Totalcapital    8.508403746854381
Totallabor    0.882143845903914
Corproduction    1.579341210953282
Corcapital    4.447756079966558
Totalproduction    2.665876215329421
CapitalVE/Totalcapital    0.477251407867084
---------------
--------- TAXATION -----
Corporate revenu    0.000000000000000
Expenditure    0.011399246519103
Revenue Basis    1.091461018782572
Optimal tax    0.010444025322881
-------MASS--------
WW    0.877887294965822 
U    0.050860431652949 
VE    0.071252273381257 
-------WELFARE--------
UL  -13.797005663294987  US  -22.918833309200252  VE  -12.548112262099684  WW  -20.893645135188255  Wtot -20.156134492267434  Avg Firm:   56.989727824683854 
R:    0.052872139992161,	 W:    1.228910001275060,	 K:    5.164631339571840	, L:    0.843302678833863, 	 TAX:    0.077676624248966

