===================Program Starting: Mon Jan 16 12:26:33 2017

------ Estimated Model parameters------
             betapar		   0.870000000000000
              Etapar		   0.034000000000000	   0.027000000000000	   0.024000000000000
               Kappa		   1.250000000000000	   1.500000000000000	   1.750000000000000
                PROD		   0.500000000000000	   1.750000000000000	   2.500000000000000
              GTRANS		   0.450000000000000	   0.650000000000000
             phiparW		   1.050000000000000
             phiparE		   2.000000000000000
             costpar		   0.000000000000000
               nupar		   0.820000000000000
                fpar		   0.750000000000000
               mupar		   0.050000000000000
               xipar		   0.040000000000000

------ Fixed Model parameters------
             maxgrid		                 250
             Gridmin		   0.000000000000000
             Gridmax		5000.000000000000000
             corptax		   0.000000000000000
            alphapar		   0.360000000000000
            deltapar		   0.060000000000000
             rhostar		   0.540000000000000
            sigmapar		   1.390000000000000
              TFPpar		   1.000000000000000
              pLTpar		   0.000000000000000
          EffortMaxU		 100.000000000000000
          EffortMaxE		 100.000000000000000

------ Convergence criterions------
        epsilonValue		   0.000001000000000
        epsilonendoK		   0.000001000000000
           maxiterVF		   0.000001000000000
        maxiterendoK		   0.000001000000000
         epsilonDist		   0.000000010000000
        epsilonprice		   0.000001000000000
       epsilonparams		   0.000001000000000
          relaxendoK		   0.300000000000000
              relaxK		   0.050000000000000
            relaxTax		   0.200000000000000
----------------------------
R:    0.045000000000000,	 W:    1.279915062232225,	 K:    6.381252389209258	, L:    0.930661063223172, 	 TAX:    0.015747715938431

-------EQUILIBRIUM PRICES AND AGGREGATE--------
r    0.045000000000000 
w    1.279915062232225 
u    0.045838742160797 
-------MOMENTS GENERATED & STATISTICS--------
Ratio KY [3.04]    0.819642602528127
Ratio mworthVE/mworthWW [8]    0.000000000000000
Fraction E [7.55]    0.000000000000000
(UL:    0.000000000000000, US:    0.045838742160797) Unemploy. rate [4- 6]    0.045838742160797
Fraction of nonE>E (rlv to whole pop) [0.39]    0.000000000000000
Fraction of U>E (rlv to new entrant) [20]                  nan
Worker exit rate (rlv to workers) [3-6.5]    0.027984307473903
Nshare (US)                  nan, 	 Nshare(UL):                  nan, 	 Nshare [0.1]:                  nan
(U>E/pop>E) [0.2]                  nan
Wealth Gini [0.84]    0.372505092523412
Earning Gini [0.36]    0.265315392757502
Top 1 [41.8]    0.039113795922077
Zero wealth fraction [7- 13]    0.124215740372112
Fraction U>nonU (rlv to unemployed) [40- 65]    0.582510375274664

-------TRANSITION Worker to entrepreneur / ABILITY--------
very low	 middle 	 very high
   0.000000000000000	   0.000000000000000	   0.000000000000000	
-------TRANSITION Entrepreneur to Worker / ABILITY--------
very low 	 middle 	 very high
                 nan	                 nan	                 nan	
--------- TRANSITION MATRIX BTW CLASSES ------
  	  U     	 W     	 E 
U 	 0.4175 	 0.5825 	 0.0000 
W 	 0.0280 	 0.9720 	 0.0000 
E 	 nan 	 nan 	 nan 
---------------
--------- WEALTH DISTRIBUTION STATISTICS ------
Top 0.1 [22]    0.014208018663952
Top 1 [41.8]    0.039113795922077
Top 5 [?]    0.120562214026291
Top 10 [77.2]    0.232693553014142
Top 20 [?]    0.426630075545676
Bot 20 [?]    0.009380708036504
Bot 40 [?]    0.121273510873962
Bot 60 [?]    0.312976261203811
Bot 80 [?]    0.573369924454324
mworthVE    0.000000000000000
mworthWW    1.204144660523312
mworthUS    0.727344693740006
mworthUL    0.000000000000000
---------------
--------- PRODUCTION & CAPITAL -----
CapitalVE    0.000000000000000
ProductionVE    0.000000000000000
Totalcapital    1.138523614619782
Totallabor    1.553473054869825
Corproduction    1.389048850203845
Corcapital    1.138523614619782
Totalproduction    1.389048850203845
CapitalVE/Totalcapital    0.000000000000000
---------------
--------- TAXATION -----
Corporate revenu    0.000000000000000
Expenditure    0.049436143790871
Revenue Basis    1.988313561699796
Optimal tax    0.024863353921204
-------MASS--------
WW    0.954161257839201 
U    0.045838742160797 
VE    0.000000000000000 
R:    0.056885915987361,	 W:    1.204991273669123,	 K:    6.119115950479784	, L:    1.055223461552503, 	 TAX:    0.017570843534986

-------EQUILIBRIUM PRICES AND AGGREGATE--------
r    0.056885915987361 
w    1.204991273669123 
u    0.045995689927555 
-------MOMENTS GENERATED & STATISTICS--------
Ratio KY [3.04]    0.896626084655462
Ratio mworthVE/mworthWW [8]    0.000000000000000
Fraction E [7.55]    0.000000000000000
(UL:    0.000000000000000, US:    0.045995689927555) Unemploy. rate [4- 6]    0.045995689927555
Fraction of nonE>E (rlv to whole pop) [0.39]    0.000000000000000
Fraction of U>E (rlv to new entrant) [20]                  nan
Worker exit rate (rlv to workers) [3-6.5]    0.027984025751729
Nshare (US)                  nan, 	 Nshare(UL):                  nan, 	 Nshare [0.1]:                  nan
(U>E/pop>E) [0.2]                  nan
Wealth Gini [0.84]    0.375348104352360
Earning Gini [0.36]    0.265422197424078
Top 1 [41.8]    0.034353274381837
Zero wealth fraction [7- 13]    0.109541019391461
Fraction U>nonU (rlv to unemployed) [40- 65]    0.580421387856605

-------TRANSITION Worker to entrepreneur / ABILITY--------
very low	 middle 	 very high
   0.000000000000000	   0.000000000000000	   0.000000000000000	
-------TRANSITION Entrepreneur to Worker / ABILITY--------
very low 	 middle 	 very high
                 nan	                 nan	                 nan	
--------- TRANSITION MATRIX BTW CLASSES ------
  	  U     	 W     	 E 
U 	 0.4196 	 0.5804 	 0.0000 
W 	 0.0280 	 0.9720 	 0.0000 
E 	 nan 	 nan 	 nan 
---------------
--------- WEALTH DISTRIBUTION STATISTICS ------
Top 0.1 [22]    0.003643750818129
Top 1 [41.8]    0.034353274381837
Top 5 [?]    0.140866707976159
Top 10 [77.2]    0.241490547766199
Top 20 [?]    0.410295271503220
Bot 20 [?]    0.008087072351550
Bot 40 [?]    0.129599555036271
Bot 60 [?]    0.311245392424452
Bot 80 [?]    0.589704728496780
mworthVE    0.000000000000000
mworthWW    1.344824556134925
mworthUS    0.872559013309495
mworthUL    0.000000000000000
---------------
--------- PRODUCTION & CAPITAL -----
CapitalVE    0.000000000000000
ProductionVE    0.000000000000000
Totalcapital    1.309791633114248
Totallabor    1.553269975430096
Corproduction    1.460800277316880
Corcapital    1.309791633114248
Totalproduction    1.460800277316880
CapitalVE/Totalcapital    0.000000000000000
---------------
--------- TAXATION -----
Corporate revenu    0.000000000000000
Expenditure    0.046674388980056
Revenue Basis    1.871676766045519
Optimal tax    0.024937205946447
-------MASS--------
WW    0.954004310072442 
U    0.045995689927555 
VE    0.000000000000000 
R:    0.067050701908492,	 W:    1.149775445130131,	 K:    5.878649734611507	, L:    1.154832764328021, 	 TAX:    0.019044116017278

