===================Program Starting: Fri Jan 20 12:51:08 2017

------ Estimated Model parameters------
             betapar		   0.879000000000000
              Etapar		   0.034000000000000	   0.027000000000000	   0.024000000000000
               Kappa		   2.350000000000000	   2.400000000000000	   2.450000000000000
                PROD		   0.250000000000000	   1.000000000000000	   1.750000000000000
              GTRANS		   0.510000000000000	   0.550000000000000	   0.700000000000000
             phiparW		   1.500000000000000
             phiparE		   1.800000000000000
             costpar		   0.000000000000000
               nupar		   0.840000000000000
                fpar		   0.770000000000000
               mupar		   0.100000000000000
               xipar		   1.000000000000000

------ Fixed Model parameters------
             maxgrid		                 250
             Gridmin		   0.000000000000000
             Gridmax		5000.000000000000000
             corptax		   0.000000000000000
            alphapar		   0.360000000000000
            deltapar		   0.060000000000000
             rhostar		   0.540000000000000
            sigmapar		   1.390000000000000
              TFPpar		   1.000000000000000
              pLTpar		   1.000000000000000
          EffortMaxU		 100.000000000000000
          EffortMaxE		 100.000000000000000

------ Convergence criterions------
        epsilonValue		   0.000000100000000
        epsilonendoK		   0.000001000000000
           maxiterVF		   0.000001000000000
        maxiterendoK		   0.000001000000000
         epsilonDist		   0.000000010000000
        epsilonprice		   0.000010000000000
       epsilonparams		   0.000001000000000
          relaxendoK		   0.300000000000000
              relaxK		   0.050000000000000
            relaxTax		   0.200000000000000
----------------------------
R:    0.070000000000000,	 W:    1.135029096946556,	 K:    4.380284646201778	, L:    0.891900000000000, 	 TAX:    0.141700000000000

-------EQUILIBRIUM PRICES AND AGGREGATE--------
r    0.070000000000000 
w    1.135029096946556 
u    0.080494324473425 
-------MOMENTS GENERATED & STATISTICS--------
Ratio KY [3.04]    4.418720472880818
Ratio mworthVE/mworthWW [8]   10.621577979554866
Fraction E [7.55]    0.157339088672412
(UL:    0.060171532845865, US:    0.020322791627560) Unemploy. rate [4- 6]    0.080494324473425
Fraction of nonE>E (rlv to whole pop) [0.39]    0.040160314945618
Fraction of U>E (rlv to new entrant) [20]    0.178717279973051
Worker exit rate (rlv to workers) [3-6.5]    0.069939781200924
Nshare (US)    0.000926995523056, 	 Nshare(UL):    0.000462544758672, 	 Nshare [0.1]:    0.001389540281728
(U>E/pop>E) [0.2]    0.178717279973051
Wealth Gini [0.84]    0.724476893631378
Earning Gini [0.36]    0.449920052935060
Top 1 [41.8]    0.125590435431907
Zero wealth fraction [7- 13]    0.028126325375655
Fraction U>nonU (rlv to unemployed) [40- 65]    0.376147937938307

-------TRANSITION Worker to entrepreneur / ABILITY--------
very low	 middle 	 very high
   0.045280631500600	   0.039973871468294	   0.047930309519889	
-------TRANSITION Entrepreneur to Worker / ABILITY--------
very low 	 middle 	 very high
   0.184868150557757	   0.203505457704036	   0.201271530281725	
--------- TRANSITION MATRIX BTW CLASSES ------
  	  U     	 W     	 E 
U 	 0.6239 	 0.2870 	 0.0892 
W 	 0.0267 	 0.9301 	 0.0433 
E 	 0.0692 	 0.1982 	 0.7326 
---------------
--------- WEALTH DISTRIBUTION STATISTICS ------
Top 0.1 [22]    0.022010666412758
Top 1 [41.8]    0.125590435431907
Top 5 [?]    0.374081586216665
Top 10 [77.2]    0.555892193830775
Top 20 [?]    0.766672356161756
Bot 20 [?]    0.004601194342511
Bot 40 [?]    0.021399386627056
Bot 60 [?]    0.067007861223545
Bot 80 [?]    0.233327643838244
mworthVE   25.269020251064543
mworthWW    2.379026948698590
mworthUS    2.116806639369386
mworthUL   61.294590889722606
---------------
--------- PRODUCTION & CAPITAL -----
CapitalVE    8.903861548923249
ProductionVE    2.398722999232789
Totalcapital   19.239931121153205
Totallabor    0.766483133234863
Corproduction    1.955463068710446
Corcapital   10.336069572229956
Totalproduction    4.354186067943235
CapitalVE/Totalcapital    0.462780323529015
---------------
--------- TAXATION -----
Corporate revenu    0.000000000000000
Expenditure    0.012161715950361
Revenue Basis    0.869980658540334
Optimal tax    0.013979294632557
-------MASS--------
WW    0.762166586854182 
U    0.080494324473425 
VE    0.157339088672412 
R:    0.062386354962150,	 W:    1.174222283845894,	 K:    4.678073892503186	, L:    0.866816626646973, 	 TAX:    0.116155858926511

-------EQUILIBRIUM PRICES AND AGGREGATE--------
r    0.062386354962150 
w    1.174222283845894 
u    0.050757149870144 
-------MOMENTS GENERATED & STATISTICS--------
Ratio KY [3.04]    3.262021509346060
Ratio mworthVE/mworthWW [8]   13.677411356568648
Fraction E [7.55]    0.075589413595829
(UL:    0.026843047437149, US:    0.023914102432995) Unemploy. rate [4- 6]    0.050757149870144
Fraction of nonE>E (rlv to whole pop) [0.39]    0.019488152458268
Fraction of U>E (rlv to new entrant) [20]    0.149516927324695
Worker exit rate (rlv to workers) [3-6.5]    0.046343829856714
Nshare (US)    0.002522677339309, 	 Nshare(UL):    0.001183075303914, 	 Nshare [0.1]:    0.003705752643223
(U>E/pop>E) [0.2]    0.149516927324695
Wealth Gini [0.84]    0.792063497222310
Earning Gini [0.36]    0.370418109168614
Top 1 [41.8]    0.216449831402958
Zero wealth fraction [7- 13]    0.048535540174736
Fraction U>nonU (rlv to unemployed) [40- 65]    0.549435765707094

-------TRANSITION Worker to entrepreneur / ABILITY--------
very low	 middle 	 very high
   0.021046626638458	   0.016698308426688	   0.021487332179724	
-------TRANSITION Entrepreneur to Worker / ABILITY--------
very low 	 middle 	 very high
   0.197394333045392	   0.222469705637303	   0.208517172489485	
--------- TRANSITION MATRIX BTW CLASSES ------
  	  U     	 W     	 E 
U 	 0.4506 	 0.4920 	 0.0574 
W 	 0.0274 	 0.9537 	 0.0190 
E 	 0.0562 	 0.2122 	 0.7316 
---------------
--------- WEALTH DISTRIBUTION STATISTICS ------
Top 0.1 [22]    0.040160759065282
Top 1 [41.8]    0.216449831402958
Top 5 [?]    0.544630887374838
Top 10 [77.2]    0.722429066964167
Top 20 [?]    0.855760836379962
Bot 20 [?]    0.004986050260689
Bot 40 [?]    0.027671890322802
Bot 60 [?]    0.067893620719717
Bot 80 [?]    0.144239163620038
mworthVE   20.586716321147481
mworthWW    1.505161743290013
mworthUS    1.374061244259725
mworthUL   45.777872439962685
---------------
--------- PRODUCTION & CAPITAL -----
CapitalVE    3.780022512887144
ProductionVE    1.030419121696662
Totalcapital    8.669251044983884
Totallabor    0.876362780993755
Corproduction    1.627212356252058
Corcapital    4.889228532096740
Totalproduction    2.657631477948720
CapitalVE/Totalcapital    0.436026421806565
---------------
--------- TAXATION -----
Corporate revenu    0.000000000000000
Expenditure    0.014545521674599
Revenue Basis    1.029044706176025
Optimal tax    0.014134975465402
-------MASS--------
WW    0.873653436534044 
U    0.050757149870144 
VE    0.075589413595829 
R:    0.062382113133498,	 W:    1.174245176952229,	 K:    4.688631624482864	, L:    0.868725857516329, 	 TAX:    0.095751682234289

-------EQUILIBRIUM PRICES AND AGGREGATE--------
r    0.062382113133498 
w    1.174245176952229 
u    0.047689757012598 
-------MOMENTS GENERATED & STATISTICS--------
Ratio KY [3.04]    3.072533690147335
Ratio mworthVE/mworthWW [8]   13.321115087824493
Fraction E [7.55]    0.064038246886470
(UL:    0.023297017366927, US:    0.024392739645672) Unemploy. rate [4- 6]    0.047689757012598
Fraction of nonE>E (rlv to whole pop) [0.39]    0.016579990001233
Fraction of U>E (rlv to new entrant) [20]    0.144368583548011
Worker exit rate (rlv to workers) [3-6.5]    0.043431629213269
Nshare (US)    0.002932446584189, 	 Nshare(UL):    0.001397716403313, 	 Nshare [0.1]:    0.004330162987502
(U>E/pop>E) [0.2]    0.144368583548011
Wealth Gini [0.84]    0.788161924554938
Earning Gini [0.36]    0.359982834031840
Top 1 [41.8]    0.227260993474753
Zero wealth fraction [7- 13]    0.050611024692082
Fraction U>nonU (rlv to unemployed) [40- 65]    0.580066997142946

-------TRANSITION Worker to entrepreneur / ABILITY--------
very low	 middle 	 very high
   0.018110888508600	   0.013901753342016	   0.018010481783565	
-------TRANSITION Entrepreneur to Worker / ABILITY--------
very low 	 middle 	 very high
   0.199431243660067	   0.226603718055117	   0.209924258530642	
--------- TRANSITION MATRIX BTW CLASSES ------
  	  U     	 W     	 E 
U 	 0.4199 	 0.5299 	 0.0502 
W 	 0.0275 	 0.9566 	 0.0160 
E 	 0.0540 	 0.2150 	 0.7311 
---------------
--------- WEALTH DISTRIBUTION STATISTICS ------
Top 0.1 [22]    0.046559403159445
Top 1 [41.8]    0.227260993474753
Top 5 [?]    0.567840950917635
Top 10 [77.2]    0.734697722573447
Top 20 [?]    0.844856890228222
Bot 20 [?]    0.005905122496916
Bot 40 [?]    0.029002752740505
Bot 60 [?]    0.075817202298721
Bot 80 [?]    0.155143109771778
mworthVE   19.813035172921708
mworthWW    1.487340589905333
mworthUS    1.362984281974281
mworthUL   39.737834213229164
---------------
--------- PRODUCTION & CAPITAL -----
CapitalVE    3.126897370399056
ProductionVE    0.854577136950101
Totalcapital    7.465770235464843
Totallabor    0.890923252026778
Corproduction    1.575264481843294
Corcapital    4.338872865065786
Totalproduction    2.429841618793395
CapitalVE/Totalcapital    0.418831181750715
---------------
--------- TAXATION -----
Corporate revenu    0.000000000000000
Expenditure    0.014816096302876
Revenue Basis    1.046162331727039
Optimal tax    0.014162330121767
-------MASS--------
WW    0.888271996100940 
U    0.047689757012598 
VE    0.064038246886470 
R:    0.063076003948985,	 W:    1.170516662800602,	 K:    4.671143686512010	, L:    0.873165336418419, 	 TAX:    0.079433811811785

-------EQUILIBRIUM PRICES AND AGGREGATE--------
r    0.063076003948985 
w    1.170516662800602 
u    0.046704421545061 
-------MOMENTS GENERATED & STATISTICS--------
Ratio KY [3.04]    3.016682176866790
Ratio mworthVE/mworthWW [8]   12.975898551398457
Fraction E [7.55]    0.060097333171249
(UL:    0.022150829043826, US:    0.024553592501236) Unemploy. rate [4- 6]    0.046704421545061
Fraction of nonE>E (rlv to whole pop) [0.39]    0.015581893582153
Fraction of U>E (rlv to new entrant) [20]    0.141804639843159
Worker exit rate (rlv to workers) [3-6.5]    0.042460787933871
Nshare (US)    0.003148764113806, 	 Nshare(UL):    0.001531678849275, 	 Nshare [0.1]:    0.004680442963081
(U>E/pop>E) [0.2]    0.141804639843159
Wealth Gini [0.84]    0.783457510521412
Earning Gini [0.36]    0.356445954519160
Top 1 [41.8]    0.231881900238919
Zero wealth fraction [7- 13]    0.050640163666078
Fraction U>nonU (rlv to unemployed) [40- 65]    0.590395069471816

-------TRANSITION Worker to entrepreneur / ABILITY--------
very low	 middle 	 very high
   0.017175205887734	   0.012904188233550	   0.016944283048098	
-------TRANSITION Entrepreneur to Worker / ABILITY--------
very low 	 middle 	 very high
   0.200128068763271	   0.228659021739335	   0.210571031582436	
--------- TRANSITION MATRIX BTW CLASSES ------
  	  U     	 W     	 E 
U 	 0.4096 	 0.5431 	 0.0473 
W 	 0.0275 	 0.9575 	 0.0150 
E 	 0.0537 	 0.2162 	 0.7301 
---------------
--------- WEALTH DISTRIBUTION STATISTICS ------
Top 0.1 [22]    0.045173342389705
Top 1 [41.8]    0.231881900238919
Top 5 [?]    0.573072834741931
Top 10 [77.2]    0.733650119653736
Top 20 [?]    0.837481355775899
Bot 20 [?]    0.006079424950607
Bot 40 [?]    0.029957384083349
Bot 60 [?]    0.079647107151484
Bot 80 [?]    0.162518644224101
mworthVE   19.623513948047069
mworthWW    1.512304821921729
mworthUS    1.388392015456001
mworthUL   36.736800754041262
---------------
--------- PRODUCTION & CAPITAL -----
CapitalVE    2.911318502925835
ProductionVE    0.796614226069003
Totalcapital    7.119850928576361
Totallabor    0.895826829122561
Corproduction    1.563545217698201
Corcapital    4.208532425650526
Totalproduction    2.360159443767204
CapitalVE/Totalcapital    0.408901609335796
---------------
--------- TAXATION -----
Corporate revenu    0.000000000000000
Expenditure    0.014860436468529
Revenue Basis    1.048580230471784
Optimal tax    0.014171959413962
-------MASS--------
WW    0.893198245283697 
U    0.046704421545061 
VE    0.060097333171249 
R:    0.063877420532184,	 W:    1.166251040654522,	 K:    4.648013123468935	, L:    0.877697634959247, 	 TAX:    0.066381441332220

-------EQUILIBRIUM PRICES AND AGGREGATE--------
r    0.063877420532184 
w    1.166251040654522 
u    0.046368765682606 
-------MOMENTS GENERATED & STATISTICS--------
Ratio KY [3.04]    3.001324312837686
Ratio mworthVE/mworthWW [8]   12.700396818321847
Fraction E [7.55]    0.058293171337067
(UL:    0.021746452392586, US:    0.024622313290020) Unemploy. rate [4- 6]    0.046368765682606
Fraction of nonE>E (rlv to whole pop) [0.39]    0.015134956980402
Fraction of U>E (rlv to new entrant) [20]    0.140825512235155
Worker exit rate (rlv to workers) [3-6.5]    0.042024218288849
Nshare (US)    0.003322209768003, 	 Nshare(UL):    0.001630598284627, 	 Nshare [0.1]:    0.004952808052629
(U>E/pop>E) [0.2]    0.140825512235155
Wealth Gini [0.84]    0.779749661161092
Earning Gini [0.36]    0.354887463679937
Top 1 [41.8]    0.238946240480241
Zero wealth fraction [7- 13]    0.050152984598538
Fraction U>nonU (rlv to unemployed) [40- 65]    0.593951959179382

-------TRANSITION Worker to entrepreneur / ABILITY--------
very low	 middle 	 very high
   0.016839347548063	   0.012445678222753	   0.016408688850278	
-------TRANSITION Entrepreneur to Worker / ABILITY--------
very low 	 middle 	 very high
   0.200342327166255	   0.229789543852545	   0.210841694135982	
--------- TRANSITION MATRIX BTW CLASSES ------
  	  U     	 W     	 E 
U 	 0.4060 	 0.5480 	 0.0460 
W 	 0.0275 	 0.9580 	 0.0145 
E 	 0.0533 	 0.2169 	 0.7298 
---------------
--------- WEALTH DISTRIBUTION STATISTICS ------
Top 0.1 [22]    0.048627663114038
Top 1 [41.8]    0.238946240480241
Top 5 [?]    0.566097512609236
Top 10 [77.2]    0.730045278490514
Top 20 [?]    0.832418456541087
Bot 20 [?]    0.005986611692260
Bot 40 [?]    0.034104494082728
Bot 60 [?]    0.080501182733099
Bot 80 [?]    0.167581543458913
mworthVE   19.613929741903938
mworthWW    1.544355662463120
mworthUS    1.419962883783216
mworthUL   35.353189558064770
---------------
--------- PRODUCTION & CAPITAL -----
CapitalVE    2.819016884998553
ProductionVE    0.771755909043594
Totalcapital    7.008792977878363
Totallabor    0.898019717595153
Corproduction    1.563477557029822
Corcapital    4.189776092879810
Totalproduction    2.335233466073416
CapitalVE/Totalcapital    0.402211464070366
---------------
--------- TAXATION -----
Corporate revenu    0.000000000000000
Expenditure    0.014846836093610
Revenue Basis    1.047316430173628
Optimal tax    0.014176074838383
-------MASS--------
WW    0.895338062980335 
U    0.046368765682606 
VE    0.058293171337067 
R:    0.064637807746927,	 W:    1.162243476598882,	 K:    4.625101271939479	, L:    0.881762051486429, 	 TAX:    0.055940368033453

-------EQUILIBRIUM PRICES AND AGGREGATE--------
r    0.064637807746927 
w    1.162243476598882 
u    0.046503737197797 
-------MOMENTS GENERATED & STATISTICS--------
Ratio KY [3.04]    3.017258254015242
Ratio mworthVE/mworthWW [8]   12.440831999587783
Fraction E [7.55]    0.058357077325571
(UL:    0.021886995650982, US:    0.024616741546815) Unemploy. rate [4- 6]    0.046503737197797
Fraction of nonE>E (rlv to whole pop) [0.39]    0.015159725295545
Fraction of U>E (rlv to new entrant) [20]    0.140539745298366
Worker exit rate (rlv to workers) [3-6.5]    0.042055943389950
Nshare (US)    0.003253760322593, 	 Nshare(UL):    0.001636554691520, 	 Nshare [0.1]:    0.004890315014113
(U>E/pop>E) [0.2]    0.140539745298366
Wealth Gini [0.84]    0.777551754892229
Earning Gini [0.36]    0.355024013871133
Top 1 [41.8]    0.237710823033158
Zero wealth fraction [7- 13]    0.049440394948050
Fraction U>nonU (rlv to unemployed) [40- 65]    0.592358350370307

-------TRANSITION Worker to entrepreneur / ABILITY--------
very low	 middle 	 very high
   0.016888837520996	   0.012472407013496	   0.016433457536959	
-------TRANSITION Entrepreneur to Worker / ABILITY--------
very low 	 middle 	 very high
   0.200349595229172	   0.229733694219157	   0.210899926492325	
--------- TRANSITION MATRIX BTW CLASSES ------
  	  U     	 W     	 E 
U 	 0.4076 	 0.5465 	 0.0458 
W 	 0.0275 	 0.9579 	 0.0146 
E 	 0.0537 	 0.2168 	 0.7295 
---------------
--------- WEALTH DISTRIBUTION STATISTICS ------
Top 0.1 [22]    0.048150867139542
Top 1 [41.8]    0.237710823033158
Top 5 [?]    0.564377159956418
Top 10 [77.2]    0.724220067193335
Top 20 [?]    0.828153271158999
Bot 20 [?]    0.007100677649514
Bot 40 [?]    0.033053660786537
Bot 60 [?]    0.085121497302441
Bot 80 [?]    0.171846728841001
mworthVE   19.635282232077831
mworthWW    1.578293335423903
mworthUS    1.451821350300043
mworthUL   35.421685615049661
---------------
--------- PRODUCTION & CAPITAL -----
CapitalVE    2.822572600267705
ProductionVE    0.772906631335236
Totalcapital    7.073577464815750
Totallabor    0.897842149635984
Corproduction    1.571465931206444
Corcapital    4.251004864548045
Totalproduction    2.344372562541680
CapitalVE/Totalcapital    0.399030421919784
---------------
--------- TAXATION -----
Corporate revenu    0.000000000000000
Expenditure    0.014794108550739
Revenue Basis    1.043511181429938
Optimal tax    0.014177240085215
-------MASS--------
WW    0.895139185476640 
U    0.046503737197797 
VE    0.058357077325571 
R:    0.065252979760230,	 W:    1.159029108623686,	 K:    4.606396451569907	, L:    0.884978071116340, 	 TAX:    0.047587742443805

-------EQUILIBRIUM PRICES AND AGGREGATE--------
r    0.065252979760230 
w    1.159029108623686 
u    0.046513215769470 
-------MOMENTS GENERATED & STATISTICS--------
Ratio KY [3.04]    3.025887511684037
Ratio mworthVE/mworthWW [8]   12.247637367195223
Fraction E [7.55]    0.058164660762189
(UL:    0.021890982918310, US:    0.024622232851160) Unemploy. rate [4- 6]    0.046513215769470
Fraction of nonE>E (rlv to whole pop) [0.39]    0.015111778598148
Fraction of U>E (rlv to new entrant) [20]    0.140040988668870
Worker exit rate (rlv to workers) [3-6.5]    0.042015875680757
Nshare (US)    0.003269276283184, 	 Nshare(UL):    0.001655186178464, 	 Nshare [0.1]:    0.004924462461648
(U>E/pop>E) [0.2]    0.140040988668870
Wealth Gini [0.84]    0.775535035426280
Earning Gini [0.36]    0.354882417108275
Top 1 [41.8]    0.236332480419428
Zero wealth fraction [7- 13]    0.048883087780498
Fraction U>nonU (rlv to unemployed) [40- 65]    0.592023157082605

-------TRANSITION Worker to entrepreneur / ABILITY--------
very low	 middle 	 very high
   0.016895121041235	   0.012459644525341	   0.016290763572915	
-------TRANSITION Entrepreneur to Worker / ABILITY--------
very low 	 middle 	 very high
   0.200479612067344	   0.229852977706473	   0.211113461510675	
--------- TRANSITION MATRIX BTW CLASSES ------
  	  U     	 W     	 E 
U 	 0.4080 	 0.5465 	 0.0455 
W 	 0.0275 	 0.9580 	 0.0145 
E 	 0.0536 	 0.2170 	 0.7294 
---------------
--------- WEALTH DISTRIBUTION STATISTICS ------
Top 0.1 [22]    0.047687926499106
Top 1 [41.8]    0.236332480419428
Top 5 [?]    0.562277058353121
Top 10 [77.2]    0.722092680550143
Top 20 [?]    0.827746910059232
Bot 20 [?]    0.006983890256602
Bot 40 [?]    0.032331274765607
Bot 60 [?]    0.084174189877265
Bot 80 [?]    0.172253089940768
mworthVE   19.660458055620062
mworthWW    1.605244951836978
mworthUS    1.478155211177276
mworthUL   35.125684463009804
---------------
--------- PRODUCTION & CAPITAL -----
CapitalVE    2.812757388458595
ProductionVE    0.770400421093192
Totalcapital    7.102682987343650
Totallabor    0.898086707654766
Corproduction    1.576905273489850
Corcapital    4.289925598885056
Totalproduction    2.347305694583042
CapitalVE/Totalcapital    0.396013364734239
---------------
--------- TAXATION -----
Corporate revenu    0.000000000000000
Expenditure    0.014757753836199
Revenue Basis    1.040908636239883
Optimal tax    0.014177760969982
-------MASS--------
WW    0.895322123468351 
U    0.046513215769470 
VE    0.058164660762189 
R:    0.065766998487679,	 W:    1.156362139525376,	 K:    4.590572908935664	, L:    0.887599798424025, 	 TAX:    0.040905746149041

-------EQUILIBRIUM PRICES AND AGGREGATE--------
r    0.065766998487679 
w    1.156362139525376 
u    0.046623244562107 
-------MOMENTS GENERATED & STATISTICS--------
Ratio KY [3.04]    3.041313676434873
Ratio mworthVE/mworthWW [8]   12.099841395746232
Fraction E [7.55]    0.058424168198729
(UL:    0.022012906715961, US:    0.024610337846146) Unemploy. rate [4- 6]    0.046623244562107
Fraction of nonE>E (rlv to whole pop) [0.39]    0.015183548675589
Fraction of U>E (rlv to new entrant) [20]    0.139672221298228
Worker exit rate (rlv to workers) [3-6.5]    0.042095153517845
Nshare (US)    0.003226299756258, 	 Nshare(UL):    0.001652467154871, 	 Nshare [0.1]:    0.004878766911129
(U>E/pop>E) [0.2]    0.139672221298228
Wealth Gini [0.84]    0.774214188985455
Earning Gini [0.36]    0.355144772699875
Top 1 [41.8]    0.235758174643463
Zero wealth fraction [7- 13]    0.048368408673683
Fraction U>nonU (rlv to unemployed) [40- 65]    0.590595506378740

-------TRANSITION Worker to entrepreneur / ABILITY--------
very low	 middle 	 very high
   0.016964565819912	   0.012539137285272	   0.016387148721739	
-------TRANSITION Entrepreneur to Worker / ABILITY--------
very low 	 middle 	 very high
   0.200500121398022	   0.230032421150072	   0.211186442874335	
--------- TRANSITION MATRIX BTW CLASSES ------
  	  U     	 W     	 E 
U 	 0.4094 	 0.5451 	 0.0455 
W 	 0.0275 	 0.9579 	 0.0146 
E 	 0.0535 	 0.2171 	 0.7294 
---------------
--------- WEALTH DISTRIBUTION STATISTICS ------
Top 0.1 [22]    0.047417686102507
Top 1 [41.8]    0.235758174643463
Top 5 [?]    0.561816970114974
Top 10 [77.2]    0.721915048206472
Top 20 [?]    0.828864367116618
Bot 20 [?]    0.006832930569500
Bot 40 [?]    0.035935989651225
Bot 60 [?]    0.082669182692952
Bot 80 [?]    0.171135632883382
mworthVE   19.719015023344603
mworthWW    1.629692024746451
mworthUS    1.501871519238765
mworthUL   35.181744482793107
---------------
--------- PRODUCTION & CAPITAL -----
CapitalVE    2.828212797595519
ProductionVE    0.774716722802019
Totalcapital    7.172582698774975
Totallabor    0.897719567885890
Corproduction    1.583666351706399
Corcapital    4.344369901179456
Totalproduction    2.358383074508418
CapitalVE/Totalcapital    0.394308844717616
---------------
--------- TAXATION -----
Corporate revenu    0.000000000000000
Expenditure    0.014717770156728
Revenue Basis    1.038088920214323
Optimal tax    0.014177754785871
-------MASS--------
WW    0.894952587239172 
U    0.046623244562107 
VE    0.058424168198729 
R:    0.066167099845693,	 W:    1.154297986358602,	 K:    4.578262758547853	, L:    0.889623752316398, 	 TAX:    0.035560147876407

-------EQUILIBRIUM PRICES AND AGGREGATE--------
r    0.066167099845693 
w    1.154297986358602 
u    0.046605296760999 
-------MOMENTS GENERATED & STATISTICS--------
Ratio KY [3.04]    3.044754205576715
Ratio mworthVE/mworthWW [8]   12.016136024542771
Fraction E [7.55]    0.058063351724000
(UL:    0.021983297353706, US:    0.024621999407293) Unemploy. rate [4- 6]    0.046605296760999
Fraction of nonE>E (rlv to whole pop) [0.39]    0.015091603785162
Fraction of U>E (rlv to new entrant) [20]    0.139609690937785
Worker exit rate (rlv to workers) [3-6.5]    0.042003074044731
Nshare (US)    0.003313970939784, 	 Nshare(UL):    0.001701268746479, 	 Nshare [0.1]:    0.005015239686263
(U>E/pop>E) [0.2]    0.139609690937785
Wealth Gini [0.84]    0.772920648912201
Earning Gini [0.36]    0.354854164708759
Top 1 [41.8]    0.234814713745130
Zero wealth fraction [7- 13]    0.048058454002544
Fraction U>nonU (rlv to unemployed) [40- 65]    0.590708265389766

-------TRANSITION Worker to entrepreneur / ABILITY--------
very low	 middle 	 very high
   0.016938680552418	   0.012387780428837	   0.016343966180042	
-------TRANSITION Entrepreneur to Worker / ABILITY--------
very low 	 middle 	 very high
   0.200420317437397	   0.230231441166569	   0.211151320123266	
--------- TRANSITION MATRIX BTW CLASSES ------
  	  U     	 W     	 E 
U 	 0.4093 	 0.5455 	 0.0452 
W 	 0.0275 	 0.9580 	 0.0145 
E 	 0.0536 	 0.2171 	 0.7292 
---------------
--------- WEALTH DISTRIBUTION STATISTICS ------
Top 0.1 [22]    0.047110088004933
Top 1 [41.8]    0.234814713745130
Top 5 [?]    0.560264672517580
Top 10 [77.2]    0.720266266191840
Top 20 [?]    0.823405099122524
Bot 20 [?]    0.006774498285362
Bot 40 [?]    0.035530245889639
Bot 60 [?]    0.082212290500698
Bot 80 [?]    0.176594900877476
mworthVE   19.787440663806187
mworthWW    1.646739070146231
mworthUS    1.518453243352047
mworthUL   34.933858770425545
---------------
--------- PRODUCTION & CAPITAL -----
CapitalVE    2.814692135577264
ProductionVE    0.771033217338575
Totalcapital    7.178614613299334
Totallabor    0.898106399785198
Corproduction    1.586666001912397
Corcapital    4.363922477722070
Totalproduction    2.357699219250972
CapitalVE/Totalcapital    0.392094058143569
---------------
--------- TAXATION -----
Corporate revenu    0.000000000000000
Expenditure    0.014698756669978
Revenue Basis    1.036682408807826
Optimal tax    0.014178649647273
-------MASS--------
WW    0.895331351515011 
U    0.046605296760999 
VE    0.058063351724000 
R:    0.066510643886538,	 W:    1.152533761005950,	 K:    4.567545744506564	, L:    0.891320281810158, 	 TAX:    0.031283848230580

-------EQUILIBRIUM PRICES AND AGGREGATE--------
r    0.066510643886538 
w    1.152533761005950 
u    0.046673969932213 
-------MOMENTS GENERATED & STATISTICS--------
Ratio KY [3.04]    3.054499436786928
Ratio mworthVE/mworthWW [8]   11.923879572471295
Fraction E [7.55]    0.058214892095999
(UL:    0.022059039077604, US:    0.024614930854609) Unemploy. rate [4- 6]    0.046673969932213
Fraction of nonE>E (rlv to whole pop) [0.39]    0.015134432395047
Fraction of U>E (rlv to new entrant) [20]    0.139367613871355
Worker exit rate (rlv to workers) [3-6.5]    0.042050771041402
Nshare (US)    0.003278769316323, 	 Nshare(UL):    0.001693143244056, 	 Nshare [0.1]:    0.004971912560380
(U>E/pop>E) [0.2]    0.139367613871355
Wealth Gini [0.84]    0.772094297906792
Earning Gini [0.36]    0.355006370696017
Top 1 [41.8]    0.234467040466611
Zero wealth fraction [7- 13]    0.047734116541412
Fraction U>nonU (rlv to unemployed) [40- 65]    0.589809012221426

-------TRANSITION Worker to entrepreneur / ABILITY--------
very low	 middle 	 very high
   0.016997151898545	   0.012432664191972	   0.016391381560504	
-------TRANSITION Entrepreneur to Worker / ABILITY--------
very low 	 middle 	 very high
   0.200435242736918	   0.230384696006077	   0.211198756480227	
--------- TRANSITION MATRIX BTW CLASSES ------
  	  U     	 W     	 E 
U 	 0.4102 	 0.5446 	 0.0452 
W 	 0.0275 	 0.9579 	 0.0146 
E 	 0.0537 	 0.2172 	 0.7291 
---------------
--------- WEALTH DISTRIBUTION STATISTICS ------
Top 0.1 [22]    0.046937811500312
Top 1 [41.8]    0.234467040466611
Top 5 [?]    0.559989036637414
Top 10 [77.2]    0.715754808243408
Top 20 [?]    0.824060646746518
Bot 20 [?]    0.006680711371248
Bot 40 [?]    0.034965690540559
Bot 60 [?]    0.087723377332135
Bot 80 [?]    0.175939353253482
mworthVE   19.821958816429046
mworthWW    1.662374959085638
mworthUS    1.533460315516481
mworthUL   34.971270052609860
---------------
--------- PRODUCTION & CAPITAL -----
CapitalVE    2.823598770666226
ProductionVE    0.773518431328963
Totalcapital    7.222350495295297
Totallabor    0.897898207121096
Corproduction    1.590977174174435
Corcapital    4.398751724629070
Totalproduction    2.364495605503398
CapitalVE/Totalcapital    0.390952886114506
---------------
--------- TAXATION -----
Corporate revenu    0.000000000000000
Expenditure    0.014672944548838
Revenue Basis    1.034857997653776
Optimal tax    0.014178703341043
-------MASS--------
WW    0.895111137971789 
U    0.046673969932213 
VE    0.058214892095999 
R:    0.066780094138598,	 W:    1.151155264159641,	 K:    4.559106043512689	, L:    0.892635866872346, 	 TAX:    0.027862819252673

-------EQUILIBRIUM PRICES AND AGGREGATE--------
r    0.066780094138598 
w    1.151155264159641 
u    0.046748917919492 
-------MOMENTS GENERATED & STATISTICS--------
Ratio KY [3.04]    3.064029206498962
Ratio mworthVE/mworthWW [8]   11.846192658042728
Fraction E [7.55]    0.058441048222526
(UL:    0.022143648859057, US:    0.024605269060434) Unemploy. rate [4- 6]    0.046748917919492
Fraction of nonE>E (rlv to whole pop) [0.39]    0.015190498294688
Fraction of U>E (rlv to new entrant) [20]    0.139191333308438
Worker exit rate (rlv to workers) [3-6.5]    0.042111040576290
Nshare (US)    0.003245914445814, 	 Nshare(UL):    0.001689610545949, 	 Nshare [0.1]:    0.004935524991763
(U>E/pop>E) [0.2]    0.139191333308438
Wealth Gini [0.84]    0.771472512448198
Earning Gini [0.36]    0.355219133395448
Top 1 [41.8]    0.234291422014217
Zero wealth fraction [7- 13]    0.047455917631624
Fraction U>nonU (rlv to unemployed) [40- 65]    0.588862400226694

-------TRANSITION Worker to entrepreneur / ABILITY--------
very low	 middle 	 very high
   0.017064500489654	   0.012489492309359	   0.016457836238985	
-------TRANSITION Entrepreneur to Worker / ABILITY--------
very low 	 middle 	 very high
   0.200453575611490	   0.230289204175090	   0.211241441862213	
--------- TRANSITION MATRIX BTW CLASSES ------
  	  U     	 W     	 E 
U 	 0.4111 	 0.5436 	 0.0452 
W 	 0.0275 	 0.9579 	 0.0146 
E 	 0.0532 	 0.2172 	 0.7296 
---------------
--------- WEALTH DISTRIBUTION STATISTICS ------
Top 0.1 [22]    0.046822207026726
Top 1 [41.8]    0.234291422014217
Top 5 [?]    0.559991133380460
Top 10 [77.2]    0.715948031995223
Top 20 [?]    0.824899067111869
Bot 20 [?]    0.006593419213433
Bot 40 [?]    0.034463124501460
Bot 60 [?]    0.086794463516185
Bot 80 [?]    0.175100932888131
mworthVE   19.847038740132678
mworthWW    1.675393885026675
mworthUS    1.545890832955864
mworthUL   35.056326692418388
---------------
--------- PRODUCTION & CAPITAL -----
CapitalVE    2.835703567346484
ProductionVE    0.776874035653615
Totalcapital    7.267164129835014
Totallabor    0.897605524489783
Corproduction    1.594893215918592
Corcapital    4.431460562488530
Totalproduction    2.371767251572207
CapitalVE/Totalcapital    0.390207722941695
---------------
--------- TAXATION -----
Corporate revenu    0.000000000000000
Expenditure    0.014650428944548
Revenue Basis    1.033283324655188
Optimal tax    0.014178520638990
-------MASS--------
WW    0.894810033857994 
U    0.046748917919492 
VE    0.058441048222526 
R:    0.066984221014455,	 W:    1.150114003005836,	 K:    4.552723769461481	, L:    0.893629798395833, 	 TAX:    0.025125959529936

-------EQUILIBRIUM PRICES AND AGGREGATE--------
r    0.066984221014455 
w    1.150114003005836 
u    0.046824063926720 
-------MOMENTS GENERATED & STATISTICS--------
Ratio KY [3.04]    3.070979346897053
Ratio mworthVE/mworthWW [8]   11.782236774209121
Fraction E [7.55]    0.058581746055809
(UL:    0.022225616302083, US:    0.024598447624638) Unemploy. rate [4- 6]    0.046824063926720
Fraction of nonE>E (rlv to whole pop) [0.39]    0.015227854859793
Fraction of U>E (rlv to new entrant) [20]    0.139241776144689
Worker exit rate (rlv to workers) [3-6.5]    0.042148662877123
Nshare (US)    0.003221690759291, 	 Nshare(UL):    0.001688736097253, 	 Nshare [0.1]:    0.004910426856544
(U>E/pop>E) [0.2]    0.139241776144689
Wealth Gini [0.84]    0.770941837432873
Earning Gini [0.36]    0.355368034553685
Top 1 [41.8]    0.223579107188670
Zero wealth fraction [7- 13]    0.047240304190397
Fraction U>nonU (rlv to unemployed) [40- 65]    0.588065792906481

-------TRANSITION Worker to entrepreneur / ABILITY--------
very low	 middle 	 very high
   0.017106881359244	   0.012524829495346	   0.016499445358745	
-------TRANSITION Entrepreneur to Worker / ABILITY--------
very low 	 middle 	 very high
   0.200217698560526	   0.230165800548457	   0.211277062825575	
--------- TRANSITION MATRIX BTW CLASSES ------
  	  U     	 W     	 E 
U 	 0.4119 	 0.5428 	 0.0453 
W 	 0.0275 	 0.9579 	 0.0147 
E 	 0.0536 	 0.2171 	 0.7293 
---------------
--------- WEALTH DISTRIBUTION STATISTICS ------
Top 0.1 [22]    0.046726667349095
Top 1 [41.8]    0.223579107188670
Top 5 [?]    0.551052025823625
Top 10 [77.2]    0.715963329283796
Top 20 [?]    0.825436728207747
Bot 20 [?]    0.006528250165090
Bot 40 [?]    0.034090123415110
Bot 60 [?]    0.086128650439884
Bot 80 [?]    0.174563271792253
mworthVE   19.859100560577993
mworthWW    1.685511922833602
mworthUS    1.555465816053387
mworthUL   35.004101573174168
---------------
--------- PRODUCTION & CAPITAL -----
CapitalVE    2.843453431269286
ProductionVE    0.779025219875705
Totalcapital    7.299197296617313
Totallabor    0.897404793843609
Corproduction    1.597805254087753
Corcapital    4.455743865348027
Totalproduction    2.376830473963458
CapitalVE/Totalcapital    0.389557004108799
---------------
--------- TAXATION -----
Corporate revenu    0.000000000000000
Expenditure    0.014633924069680
Revenue Basis    1.032117819764100
Optimal tax    0.014178540268808
-------MASS--------
WW    0.894594190017480 
U    0.046824063926720 
VE    0.058581746055809 
R:    0.067139554001718,	 W:    1.149323392556618,	 K:    4.547874774255809	, L:    0.894384797485388, 	 TAX:    0.022936475677710

-------EQUILIBRIUM PRICES AND AGGREGATE--------
r    0.067139554001718 
w    1.149323392556618 
u    0.046848031690058 
-------MOMENTS GENERATED & STATISTICS--------
Ratio KY [3.04]    3.075150493375483
Ratio mworthVE/mworthWW [8]   11.733766270569532
Fraction E [7.55]    0.058637670383697
(UL:    0.022252076708800, US:    0.024595954981259) Unemploy. rate [4- 6]    0.046848031690058
Fraction of nonE>E (rlv to whole pop) [0.39]    0.015241410318354
Fraction of U>E (rlv to new entrant) [20]    0.139098022106233
Worker exit rate (rlv to workers) [3-6.5]    0.042165134037164
Nshare (US)    0.003205906579246, 	 Nshare(UL):    0.001685859368709, 	 Nshare [0.1]:    0.004891765947955
(U>E/pop>E) [0.2]    0.139098022106233
Wealth Gini [0.84]    0.770483852196589
Earning Gini [0.36]    0.355423598985455
Top 1 [41.8]    0.223355956846687
Zero wealth fraction [7- 13]    0.047086686128382
Fraction U>nonU (rlv to unemployed) [40- 65]    0.587733021381189

-------TRANSITION Worker to entrepreneur / ABILITY--------
very low	 middle 	 very high
   0.017127986528250	   0.012540000903534	   0.016515314989314	
-------TRANSITION Entrepreneur to Worker / ABILITY--------
very low 	 middle 	 very high
   0.200241592780521	   0.230150674962670	   0.211318765951811	
--------- TRANSITION MATRIX BTW CLASSES ------
  	  U     	 W     	 E 
U 	 0.4123 	 0.5425 	 0.0453 
W 	 0.0275 	 0.9578 	 0.0147 
E 	 0.0537 	 0.2171 	 0.7292 
---------------
--------- WEALTH DISTRIBUTION STATISTICS ------
Top 0.1 [22]    0.046635831631981
Top 1 [41.8]    0.223355956846687
Top 5 [?]    0.550771077184045
Top 10 [77.2]    0.715755153166065
Top 20 [?]    0.825662816072630
Bot 20 [?]    0.006485144545522
Bot 40 [?]    0.033838185457189
Bot 60 [?]    0.085712704824335
Bot 80 [?]    0.174337183927370
mworthVE   19.866520295974034
mworthWW    1.693106871048127
mworthUS    1.562698538394481
mworthUL   34.989397889484913
---------------
--------- PRODUCTION & CAPITAL -----
CapitalVE    2.846176077925326
ProductionVE    0.779814375513752
Totalcapital    7.317424710383427
Totallabor    0.897330187255422
Corproduction    1.599719480194022
Corcapital    4.471248632458101
Totalproduction    2.379533855707774
CapitalVE/Totalcapital    0.388958710280490
---------------
--------- TAXATION -----
Corporate revenu    0.000000000000000
Expenditure    0.014622724881411
Revenue Basis    1.031322575059868
Optimal tax    0.014178614174680
-------MASS--------
WW    0.894514297926252 
U    0.046848031690058 
VE    0.058637670383697 
R:    0.067261765751791,	 W:    1.148702421932359,	 K:    4.544043467165923	, L:    0.894973875439395, 	 TAX:    0.021184903377104

-------EQUILIBRIUM PRICES AND AGGREGATE--------
r    0.067261765751791 
w    1.148702421932359 
u    0.046854596382167 
-------MOMENTS GENERATED & STATISTICS--------
Ratio KY [3.04]    3.077399738222118
Ratio mworthVE/mworthWW [8]   11.698482562693906
Fraction E [7.55]    0.058619338871517
(UL:    0.022258137974275, US:    0.024596458407892) Unemploy. rate [4- 6]    0.046854596382167
Fraction of nonE>E (rlv to whole pop) [0.39]    0.015236202385784
Fraction of U>E (rlv to new entrant) [20]    0.138991788622018
Worker exit rate (rlv to workers) [3-6.5]    0.042161939443278
Nshare (US)    0.003198623815941, 	 Nshare(UL):    0.001685299860329, 	 Nshare [0.1]:    0.004883923676270
(U>E/pop>E) [0.2]    0.138991788622018
Wealth Gini [0.84]    0.770106268503171
Earning Gini [0.36]    0.355414014012828
Top 1 [41.8]    0.223133743577919
Zero wealth fraction [7- 13]    0.046978355983113
Fraction U>nonU (rlv to unemployed) [40- 65]    0.587613991264155

-------TRANSITION Worker to entrepreneur / ABILITY--------
very low	 middle 	 very high
   0.017128067261617	   0.012535331756877	   0.016511071739982	
-------TRANSITION Entrepreneur to Worker / ABILITY--------
very low 	 middle 	 very high
   0.200257564645891	   0.230157624366104	   0.211344198128702	
--------- TRANSITION MATRIX BTW CLASSES ------
  	  U     	 W     	 E 
U 	 0.4124 	 0.5424 	 0.0452 
W 	 0.0275 	 0.9578 	 0.0147 
E 	 0.0538 	 0.2171 	 0.7291 
---------------
--------- WEALTH DISTRIBUTION STATISTICS ------
Top 0.1 [22]    0.046554618746359
Top 1 [41.8]    0.223133743577919
Top 5 [?]    0.550431602971574
Top 10 [77.2]    0.715438046518377
Top 20 [?]    0.825681032627895
Bot 20 [?]    0.007565277128776
Bot 40 [?]    0.033672591046187
Bot 60 [?]    0.085486445805740
Bot 80 [?]    0.174318967372105
mworthVE   19.873523282646527
mworthWW    1.698812061832923
mworthUS    1.568066644580804
mworthUL   34.945871206686839
---------------
--------- PRODUCTION & CAPITAL -----
CapitalVE    2.845392164568028
ProductionVE    0.779630722419174
Totalcapital    7.325951548776136
Totallabor    0.897344930848745
Corproduction    1.600934745818793
Corcapital    4.480559384208108
Totalproduction    2.380565468237967
CapitalVE/Totalcapital    0.388398987574983
---------------
--------- TAXATION -----
Corporate revenu    0.000000000000000
Expenditure    0.014615288177688
Revenue Basis    1.030782295374678
Optimal tax    0.014178831207395
-------MASS--------
WW    0.894526064746326 
U    0.046854596382167 
VE    0.058619338871517 
R:    0.067361863859189,	 W:    1.148194506731437,	 K:    4.540869263018032	, L:    0.895448086521265, 	 TAX:    0.019783688943162

-------EQUILIBRIUM PRICES AND AGGREGATE--------
r    0.067361863859189 
w    1.148194506731437 
u    0.046868279156005 
-------MOMENTS GENERATED & STATISTICS--------
Ratio KY [3.04]    3.079925220311284
Ratio mworthVE/mworthWW [8]   11.668232288222391
Fraction E [7.55]    0.058637626660131
(UL:    0.022272850725530, US:    0.024595428430475) Unemploy. rate [4- 6]    0.046868279156005
Fraction of nonE>E (rlv to whole pop) [0.39]    0.015243030917682
Fraction of U>E (rlv to new entrant) [20]    0.138896574174726
Worker exit rate (rlv to workers) [3-6.5]    0.042170490357534
Nshare (US)    0.003189710430376, 	 Nshare(UL):    0.001683629930255, 	 Nshare [0.1]:    0.004873340360631
(U>E/pop>E) [0.2]    0.138896574174726
Wealth Gini [0.84]    0.769805982178727
Earning Gini [0.36]    0.355435138991279
Top 1 [41.8]    0.222986168534565
Zero wealth fraction [7- 13]    0.046879564220404
Fraction U>nonU (rlv to unemployed) [40- 65]    0.587422110492423

-------TRANSITION Worker to entrepreneur / ABILITY--------
very low	 middle 	 very high
   0.017139461257433	   0.012543460552978	   0.016518398553001	
-------TRANSITION Entrepreneur to Worker / ABILITY--------
very low 	 middle 	 very high
   0.200267086394325	   0.230249067145591	   0.211362864075435	
--------- TRANSITION MATRIX BTW CLASSES ------
  	  U     	 W     	 E 
U 	 0.4126 	 0.5422 	 0.0452 
W 	 0.0275 	 0.9578 	 0.0147 
E 	 0.0533 	 0.2172 	 0.7295 
---------------
--------- WEALTH DISTRIBUTION STATISTICS ------
Top 0.1 [22]    0.046495066892878
Top 1 [41.8]    0.222986168534565
Top 5 [?]    0.550233616700001
Top 10 [77.2]    0.715277954874782
Top 20 [?]    0.820958514428248
Bot 20 [?]    0.007534934187365
Bot 40 [?]    0.033514492870998
Bot 60 [?]    0.085238370678667
Bot 80 [?]    0.179041485571752
mworthVE   19.881793663771848
mworthWW    1.703925082451436
mworthUS    1.572700551648122
mworthUL   34.931650958024257
---------------
--------- PRODUCTION & CAPITAL -----
CapitalVE    2.846584238962488
ProductionVE    0.779977620375158
Totalcapital    7.336724735997361
Totallabor    0.897316379307305
Corproduction    1.602133700904210
Corcapital    4.490140497034874
Totalproduction    2.382111321279368
CapitalVE/Totalcapital    0.387991146103087
---------------
--------- TAXATION -----
Corporate revenu    0.000000000000000
Expenditure    0.014608422196356
Revenue Basis    1.030293737520787
Optimal tax    0.014178890606002
-------MASS--------
WW    0.894494094183868 
U    0.046868279156005 
VE    0.058637626660131 
R:    0.067441438773249,	 W:    1.147791174585368,	 K:    4.538332824718874	, L:    0.895821745078473, 	 TAX:    0.018662729275730

