===================Program Starting: Mon Jan 23 15:52:54 2017

------ Estimated Model parameters------
             betapar		   0.879000000000000
              Etapar		   0.034000000000000	   0.027000000000000	   0.024000000000000
               Kappa		   2.350000000000000	   2.400000000000000	   2.450000000000000
                PROD		   0.250000000000000	   1.000000000000000	   1.750000000000000
              GTRANS		   0.510000000000000	   0.550000000000000	   0.700000000000000
             phiparW		   1.500000000000000
             phiparE		   2.100000000000000
             costpar		   0.000000000000000
               nupar		   0.840000000000000
                fpar		   0.800000000000000
               mupar		   0.100000000000000
               xipar		   1.000000000000000

------ Fixed Model parameters------
             maxgrid		                 250
             Gridmin		   0.000000000000000
             Gridmax		5000.000000000000000
             corptax		   0.000000000000000
            alphapar		   0.360000000000000
            deltapar		   0.060000000000000
             rhostar		   0.400000000000000
            sigmapar		   1.390000000000000
              TFPpar		   1.000000000000000
              pLTpar		   1.000000000000000
          EffortMaxU		 100.000000000000000
          EffortMaxE		 100.000000000000000

------ Convergence criterions------
        epsilonValue		   0.000001000000000
        epsilonendoK		   0.000001000000000
           maxiterVF		   0.000001000000000
        maxiterendoK		   0.000001000000000
         epsilonDist		   0.000000010000000
        epsilonprice		   0.000010000000000
       epsilonparams		   0.000001000000000
          relaxendoK		   0.300000000000000
              relaxK		   0.050000000000000
            relaxTax		   0.200000000000000
----------------------------
-------EQUILIBRIUM PRICES AND AGGREGATE--------
r    0.057688258463640 
w    1.200363390425356 
u    0.097663221344532 
-------MOMENTS GENERATED & STATISTICS--------
Ratio KY [3.04]   88.713500437795915
Ratio mworthVE/mworthWW [8]    1.051403359275523
Fraction E [7.55]    0.074859693606536
(UL:    0.073862885420559, US:    0.023800335923973) Unemploy. rate [4- 6]    0.097663221344532
Fraction of nonE>E (rlv to whole pop) [0.39]    0.023213123357371
Fraction of U>E (rlv to new entrant) [20]    0.081743371806159
Worker exit rate (rlv to workers) [3-6.5]    0.054522283605342
Nshare (US)    0.000000000000000, 	 Nshare(UL):    0.000000000000000, 	 Nshare [0.1]:    0.000000000000000
(U>E/pop>E) [0.2]    0.081743371806159
Wealth Gini [0.84]    0.010814717835185
Earning Gini [0.36]    0.403295603837330
Top 1 [41.8]    0.077442116290200
Zero wealth fraction [7- 13]    0.000000000000000
Fraction U>nonU (rlv to unemployed) [40- 65]    0.019441731404531

-------TRANSITION Worker to entrepreneur / ABILITY--------
very low	 middle 	 very high
   0.025749174008502	   0.025763882946291	   0.025761809157694	
-------TRANSITION Entrepreneur to Worker / ABILITY--------
very low 	 middle 	 very high
   0.000007681235611	   0.000007599649308	   0.000008448133111	
--------- TRANSITION MATRIX BTW CLASSES ------
  	  U     	 W     	 E 
U 	 0.9806 	 0.0000 	 0.0194 
W 	 0.0288 	 0.9455 	 0.0258 
E 	 0.3031 	 0.0000 	 0.6969 
---------------
--------- WEALTH DISTRIBUTION STATISTICS ------
Top 0.1 [22]    0.078146135529202
Top 1 [41.8]    0.077442116290200
Top 5 [?]    0.074313141894636
Top 10 [77.2]    0.429804511278985
Top 20 [?]    0.393720491747929
Bot 20 [?]    0.208004143225793
Bot 40 [?]    0.095817054265724
Bot 60 [?]    0.678447547314183
Bot 80 [?]    0.606279508252071
mworthVE 4878.119497277348273
mworthWW 4639.627079600215438
mworthUS 4639.627038218228336
mworthUL 4713.114380403927498
---------------
--------- PRODUCTION & CAPITAL -----
CapitalVE  237.805057192989409
ProductionVE   35.172059769693426
Totalcapital 4751.560054751669668
Totallabor    0.832113091200140
Corproduction   18.388672602527262
Corcapital 4513.754997558679861
Totalproduction   53.560732372220684
CapitalVE/Totalcapital    0.050047785243749
---------------
--------- TAXATION -----
Corporate revenu    0.000000000000000
Expenditure    0.011251736785494
Revenue Basis    0.998838091370323
Optimal tax    0.011264825483435
-------MASS--------
WW    0.827477085048974 
U    0.097663221344532 
VE    0.074859693606536 
-------WELFARE--------
UL   -2.153201748211468  US   -2.167002324800246  VE   -2.068707649946637  WW   -2.165058413378693  Wtot  -2.157016122993627  Avg Firm: 3176.676870238039555 
-------EQUILIBRIUM PRICES AND AGGREGATE--------
r    0.057688258463640 
w    1.200363390425356 
u    0.129591219739392 
-------MOMENTS GENERATED & STATISTICS--------
Ratio KY [3.04]   87.636864977101141
Ratio mworthVE/mworthWW [8]    1.058004025961309
Fraction E [7.55]    0.080696908907632
(UL:    0.106863472726011, US:    0.022727747013382) Unemploy. rate [4- 6]    0.129591219739392
Fraction of nonE>E (rlv to whole pop) [0.39]    0.016676326096564
Fraction of U>E (rlv to new entrant) [20]    0.122544824942607
Worker exit rate (rlv to workers) [3-6.5]    0.047308995854078
Nshare (US)    0.000000000000000, 	 Nshare(UL):    0.000000000000000, 	 Nshare [0.1]:    0.000000000000000
(U>E/pop>E) [0.2]    0.122544824942607
Wealth Gini [0.84]    0.015879962572541
Earning Gini [0.36]    0.431009766063515
Top 1 [41.8]    0.013960076943352
Zero wealth fraction [7- 13]    0.000000000000000
Fraction U>nonU (rlv to unemployed) [40- 65]    0.015783061621032

-------TRANSITION Worker to entrepreneur / ABILITY--------
very low	 middle 	 very high
   0.013630418200110	   0.017776373637743	   0.024830441521828	
-------TRANSITION Entrepreneur to Worker / ABILITY--------
very low 	 middle 	 very high
   0.000002571156940	   0.000003501388976	   0.000031270537388	
--------- TRANSITION MATRIX BTW CLASSES ------
  	  U     	 W     	 E 
U 	 0.9842 	 0.0000 	 0.0158 
W 	 0.0288 	 0.9527 	 0.0185 
E 	 0.1618 	 0.0000 	 0.8382 
---------------
--------- WEALTH DISTRIBUTION STATISTICS ------
Top 0.1 [22]    0.014086986733746
Top 1 [41.8]    0.013960076943352
Top 5 [?]    0.056816467903910
Top 10 [77.2]    0.221328134709899
Top 20 [?]    0.204258554474343
Bot 20 [?]    0.048229437995328
Bot 40 [?]    0.500241253838261
Bot 60 [?]    0.412780765272727
Bot 80 [?]    0.795741445525657
mworthVE 4654.753169817108756
mworthWW 4399.560923776042728
mworthUS 4399.625829222735774
mworthUL 4464.702387474680108
---------------
--------- PRODUCTION & CAPITAL -----
CapitalVE  229.243318293733239
ProductionVE   33.925289332738075
Totalcapital 4505.238895879907432
Totallabor    0.792718611011091
Corproduction   17.482744227762897
Corcapital 4275.995577586174477
Totalproduction   51.408033560500968
CapitalVE/Totalcapital    0.050883720839616
---------------
--------- TAXATION -----
Corporate revenu    0.000000000000000
Expenditure    0.010905711061459
Revenue Basis    0.951550399566552
Optimal tax    0.011460991521234
-------MASS--------
WW    0.789711871353018 
U    0.129591219739392 
VE    0.080696908907632 
-------WELFARE--------
UL   -2.219171017086571  US   -2.239858020821148  VE   -2.109141869588362  WW   -2.233773029666558  Wtot  -2.222293556661223  Avg Firm: 2840.794293076724898 
-------EQUILIBRIUM PRICES AND AGGREGATE--------
r    0.057688258463640 
w    1.200363390425356 
u    0.178823007245528 
-------MOMENTS GENERATED & STATISTICS--------
Ratio KY [3.04]   86.592438435297623
Ratio mworthVE/mworthWW [8]    1.067089807354820
Fraction E [7.55]    0.065601374693981
(UL:    0.157077397381504, US:    0.021745609864024) Unemploy. rate [4- 6]    0.178823007245528
Fraction of nonE>E (rlv to whole pop) [0.39]    0.014348958488674
Fraction of U>E (rlv to new entrant) [20]    0.160098259790491
Worker exit rate (rlv to workers) [3-6.5]    0.044730566022775
Nshare (US)    0.000000000000000, 	 Nshare(UL):    0.000000000000000, 	 Nshare [0.1]:    0.000000000000000
(U>E/pop>E) [0.2]    0.160098259790491
Wealth Gini [0.84]    0.034363252087870
Earning Gini [0.36]    0.454906264325450
Top 1 [41.8]    0.016577421729935
Zero wealth fraction [7- 13]    0.000000000000000
Fraction U>nonU (rlv to unemployed) [40- 65]    0.012863962718161

-------TRANSITION Worker to entrepreneur / ABILITY--------
very low	 middle 	 very high
   0.019690274197706	   0.009207946912860	   0.025892852971543	
-------TRANSITION Entrepreneur to Worker / ABILITY--------
very low 	 middle 	 very high
   0.000011738184493	   0.000019398655328	   0.000030906550910	
--------- TRANSITION MATRIX BTW CLASSES ------
  	  U     	 W     	 E 
U 	 0.9871 	 0.0000 	 0.0128 
W 	 0.0288 	 0.9553 	 0.0160 
E 	 0.4415 	 0.0000 	 0.5584 
---------------
--------- WEALTH DISTRIBUTION STATISTICS ------
Top 0.1 [22]    0.009561450887161
Top 1 [41.8]    0.016577421729935
Top 5 [?]    0.115665401208587
Top 10 [77.2]    0.111996032219888
Top 20 [?]    0.308549455070686
Bot 20 [?]    0.208186416419041
Bot 40 [?]    0.446831740973288
Bot 60 [?]    0.383397518059038
Bot 80 [?]    0.691450544929314
mworthVE 4385.919254490499043
mworthWW 4110.168820150795909
mworthUS 4095.563415806302601
mworthUL 4178.988108937163815
---------------
--------- PRODUCTION & CAPITAL -----
CapitalVE  213.728472769844871
ProductionVE   31.598608650608931
Totalcapital 4166.325574520693408
Totallabor    0.758076418849696
Corproduction   16.515587574894017
Corcapital 3952.597101750848196
Totalproduction   48.114196225502951
CapitalVE/Totalcapital    0.051299032912096
---------------
--------- TAXATION -----
Corporate revenu    0.000000000000000
Expenditure    0.010706677028353
Revenue Basis    0.909967180331933
Optimal tax    0.011766003499651
-------MASS--------
WW    0.755575618060533 
U    0.178823007245528 
VE    0.065601374693981 
-------WELFARE--------
UL   -2.391840714502915  US   -2.452557936736818  VE   -2.192623753672403  WW   -2.421197507053884  Wtot  -2.402273417712877  Avg Firm: 3257.987713929011079 
-------EQUILIBRIUM PRICES AND AGGREGATE--------
r    0.057688258463640 
w    1.200363390425356 
u    0.215984405723050 
-------MOMENTS GENERATED & STATISTICS--------
Ratio KY [3.04]   80.999244321915995
Ratio mworthVE/mworthWW [8]    1.064428422899926
Fraction E [7.55]    0.061653813391017
(UL:    0.195181520758923, US:    0.020802884964127) Unemploy. rate [4- 6]    0.215984405723050
Fraction of nonE>E (rlv to whole pop) [0.39]    0.015345084761122
Fraction of U>E (rlv to new entrant) [20]    0.211794328348158
Worker exit rate (rlv to workers) [3-6.5]    0.045542231988620
Nshare (US)    0.000000000000000, 	 Nshare(UL):    0.000000000000000, 	 Nshare [0.1]:    0.000000000000000
(U>E/pop>E) [0.2]    0.211794328348158
Wealth Gini [0.84]    0.115509571501862
Earning Gini [0.36]    0.480010506489684
Top 1 [41.8]    0.021853435964926
Zero wealth fraction [7- 13]    0.000000000000000
Fraction U>nonU (rlv to unemployed) [40- 65]    0.015096275478772

-------TRANSITION Worker to entrepreneur / ABILITY--------
very low	 middle 	 very high
   0.005570908725365	   0.016466937994966	   0.028485474274167	
-------TRANSITION Entrepreneur to Worker / ABILITY--------
very low 	 middle 	 very high
   0.000121883514449	   0.000027557661802	   0.000035547637606	
--------- TRANSITION MATRIX BTW CLASSES ------
  	  U     	 W     	 E 
U 	 0.9849 	 0.0000 	 0.0150 
W 	 0.0288 	 0.9545 	 0.0167 
E 	 0.3387 	 0.0001 	 0.6613 
---------------
--------- WEALTH DISTRIBUTION STATISTICS ------
Top 0.1 [22]    0.008188824389314
Top 1 [41.8]    0.021853435964926
Top 5 [?]    0.077519643169574
Top 10 [77.2]    0.148704180779091
Top 20 [?]    0.313769974447826
Bot 20 [?]    0.108107998225649
Bot 40 [?]    0.308603980681907
Bot 60 [?]    0.448750567395198
Bot 80 [?]    0.686230025552174
mworthVE 4028.562526411869840
mworthWW 3784.719047088638490
mworthUS 3735.377481514614374
mworthUL 3827.623487725084033
---------------
--------- PRODUCTION & CAPITAL -----
CapitalVE  192.567631262348186
ProductionVE   28.444401059757435
Totalcapital 3523.433156535027138
Totallabor    0.722263904037003
Corproduction   15.055179535486346
Corcapital 3330.865525272678951
Totalproduction   43.499580595243785
CapitalVE/Totalcapital    0.054653408396633
---------------
--------- TAXATION -----
Corporate revenu    0.000000000000000
Expenditure    0.010429552655892
Revenue Basis    0.866979148631711
Optimal tax    0.012029761814171
-------MASS--------
WW    0.722361780885976 
U    0.215984405723050 
VE    0.061653813391017 
-------WELFARE--------
UL   -3.634797433550734  US   -3.752350620651932  VE   -2.345807018157001  WW   -3.640743866624932  Wtot  -3.562067180431224  Avg Firm: 3123.369353344913179 
-------EQUILIBRIUM PRICES AND AGGREGATE--------
r    0.057688258463640 
w    1.200363390425356 
u    0.244684861562559 
-------MOMENTS GENERATED & STATISTICS--------
Ratio KY [3.04]   62.110377323686322
Ratio mworthVE/mworthWW [8]    1.106906570666718
Fraction E [7.55]    0.072914610464644
(UL:    0.225073279727063, US:    0.019611581835496) Unemploy. rate [4- 6]    0.244684861562559
Fraction of nonE>E (rlv to whole pop) [0.39]    0.028765745041608
Fraction of U>E (rlv to new entrant) [20]    0.253166651899890
Worker exit rate (rlv to workers) [3-6.5]    0.060220937456763
Nshare (US)    0.000066815216788, 	 Nshare(UL):    0.001989674403818, 	 Nshare [0.1]:    0.002056489620607
(U>E/pop>E) [0.2]    0.253166651899890
Wealth Gini [0.84]    0.339930442836394
Earning Gini [0.36]    0.508932010690224
Top 1 [41.8]    0.028998250004713
Zero wealth fraction [7- 13]    0.000000000000000
Fraction U>nonU (rlv to unemployed) [40- 65]    0.036873908676422

-------TRANSITION Worker to entrepreneur / ABILITY--------
very low	 middle 	 very high
   0.025526809790463	   0.030397974910348	   0.039678345814300	
-------TRANSITION Entrepreneur to Worker / ABILITY--------
very low 	 middle 	 very high
   0.000139870597576	   0.000038650509602	   0.000042255635339	
--------- TRANSITION MATRIX BTW CLASSES ------
  	  U     	 W     	 E 
U 	 0.9631 	 0.0071 	 0.0298 
W 	 0.0287 	 0.9398 	 0.0315 
E 	 0.3399 	 0.0001 	 0.6600 
---------------
--------- WEALTH DISTRIBUTION STATISTICS ------
Top 0.1 [22]    0.006181141440821
Top 1 [41.8]    0.028998250004713
Top 5 [?]    0.125932282993805
Top 10 [77.2]    0.246119073793233
Top 20 [?]    0.487584464866372
Bot 20 [?]    0.012478049747196
Bot 40 [?]    0.108847965035735
Bot 60 [?]    0.302470130127913
Bot 80 [?]    0.512415535133628
mworthVE 3656.154420235965972
mworthWW 3303.037959232431149
mworthUS 2980.594509823195494
mworthUL 3361.394368847062196
---------------
--------- PRODUCTION & CAPITAL -----
CapitalVE  183.135579289219208
ProductionVE   27.410062739582571
Totalcapital 2492.118806578284875
Totallabor    0.681577356814624
Corproduction   12.713969893332930
Corcapital 2308.983227289065780
Totalproduction   40.124032632915501
CapitalVE/Totalcapital    0.073485894334495
---------------
--------- TAXATION -----
Corporate revenu    0.000000000000000
Expenditure    0.010025561152063
Revenue Basis    0.818140506863155
Optimal tax    0.012254082358667
-------MASS--------
WW    0.682400527972840 
U    0.244684861562559 
VE    0.072914610464644 
-------WELFARE--------
UL   -6.642815036445024  US   -6.805259376938416  VE   -3.727607892039271  WW   -6.272172876175071  Wtot  -6.180513227707303  Avg Firm: 2511.644485545486987 
-------EQUILIBRIUM PRICES AND AGGREGATE--------
r    0.057688258463640 
w    1.200363390425356 
u    0.236769373744118 
-------MOMENTS GENERATED & STATISTICS--------
Ratio KY [3.04]   55.918055114443753
Ratio mworthVE/mworthWW [8]    1.720971125653470
Fraction E [7.55]    0.079666933208368
(UL:    0.218173391065246, US:    0.018595982678872) Unemploy. rate [4- 6]    0.236769373744118
Fraction of nonE>E (rlv to whole pop) [0.39]    0.025913854846825
Fraction of U>E (rlv to new entrant) [20]    0.304036668678951
Worker exit rate (rlv to workers) [3-6.5]    0.053588386565889
Nshare (US)    0.000254059190319, 	 Nshare(UL):    0.007406847422911, 	 Nshare [0.1]:    0.007660906613230
(U>E/pop>E) [0.2]    0.304036668678951
Wealth Gini [0.84]    0.447693111202633
Earning Gini [0.36]    0.511100821272521
Top 1 [41.8]    0.045454572431329
Zero wealth fraction [7- 13]    0.010773906497179
Fraction U>nonU (rlv to unemployed) [40- 65]    0.178881632478509

-------TRANSITION Worker to entrepreneur / ABILITY--------
very low	 middle 	 very high
   0.017745715336069	   0.020760326406956	   0.048134181549197	
-------TRANSITION Entrepreneur to Worker / ABILITY--------
very low 	 middle 	 very high
   0.107639072043486	   0.046331820373987	   0.016364151547189	
--------- TRANSITION MATRIX BTW CLASSES ------
  	  U     	 W     	 E 
U 	 0.8211 	 0.1456 	 0.0333 
W 	 0.0272 	 0.9464 	 0.0264 
E 	 0.2411 	 0.0481 	 0.7108 
---------------
--------- WEALTH DISTRIBUTION STATISTICS ------
Top 0.1 [22]    0.003989688523622
Top 1 [41.8]    0.045454572431329
Top 5 [?]    0.115455758663396
Top 10 [77.2]    0.220541563970888
Top 20 [?]    0.422534175683908
Bot 20 [?]    0.001147228564128
Bot 40 [?]    0.027474203969256
Bot 60 [?]    0.248551993893282
Bot 80 [?]    0.577465824316092
mworthVE 3386.500970682654497
mworthWW 1967.784886220427779
mworthUS 1983.930592884233874
mworthUL 3325.236439225973299
---------------
--------- PRODUCTION & CAPITAL -----
CapitalVE  170.863313109409972
ProductionVE   25.805886443789515
Totalcapital 2102.373926718660186
Totallabor    0.669901214548759
Corproduction   11.791521449168703
Corcapital 1931.510613609250413
Totalproduction   37.597407892958216
CapitalVE/Totalcapital    0.081271609649426
---------------
--------- TAXATION -----
Corporate revenu    0.000000000000000
Expenditure    0.009503733231154
Revenue Basis    0.804124893145812
Optimal tax    0.011818727802312
-------MASS--------
WW    0.683563693047555 
U    0.236769373744118 
VE    0.079666933208368 
-------WELFARE--------
UL   -4.500609605779299  US   -5.859890080655541  VE   -4.316411997529308  WW   -5.875952439518501  Wtot  -5.451346730029682  Avg Firm: 2144.720603999133345 
-------EQUILIBRIUM PRICES AND AGGREGATE--------
r    0.057688258463640 
w    1.200363390425356 
u    0.266483100174726 
-------MOMENTS GENERATED & STATISTICS--------
Ratio KY [3.04]   59.884137985734135
Ratio mworthVE/mworthWW [8]    0.889581927672525
Fraction E [7.55]    0.077539402068806
(UL:    0.248002114757760, US:    0.018480985416966) Unemploy. rate [4- 6]    0.266483100174726
Fraction of nonE>E (rlv to whole pop) [0.39]    0.034817867596013
Fraction of U>E (rlv to new entrant) [20]    0.289638417962998
Worker exit rate (rlv to workers) [3-6.5]    0.065877657501090
Nshare (US)    0.000398435704639, 	 Nshare(UL):    0.004015687712452, 	 Nshare [0.1]:    0.004414123417091
(U>E/pop>E) [0.2]    0.289638417962998
Wealth Gini [0.84]    0.430816786125166
Earning Gini [0.36]    0.530971255092687
Top 1 [41.8]    0.024242029183474
Zero wealth fraction [7- 13]    0.000441003815621
Fraction U>nonU (rlv to unemployed) [40- 65]    0.080003937331434

-------TRANSITION Worker to entrepreneur / ABILITY--------
very low	 middle 	 very high
   0.042296032270153	   0.033688850141369	   0.041193610515773	
-------TRANSITION Entrepreneur to Worker / ABILITY--------
very low 	 middle 	 very high
   0.104137092683185	   0.055155623288242	   0.058248322401291	
--------- TRANSITION MATRIX BTW CLASSES ------
  	  U     	 W     	 E 
U 	 0.9200 	 0.0422 	 0.0378 
W 	 0.0282 	 0.9341 	 0.0377 
E 	 0.3834 	 0.0662 	 0.5503 
---------------
--------- WEALTH DISTRIBUTION STATISTICS ------
Top 0.1 [22]    0.003892265656862
Top 1 [41.8]    0.024242029183474
Top 5 [?]    0.113851671126152
Top 10 [77.2]    0.216789820361989
Top 20 [?]    0.393922242942737
Bot 20 [?]    0.003081393236572
Bot 40 [?]    0.058635339090772
Bot 60 [?]    0.249496419855925
Bot 80 [?]    0.606077757057263
mworthVE 1798.088685845683131
mworthWW 2021.273847761439129
mworthUS 1931.891230266910952
mworthUL 2790.037583534365240
---------------
--------- PRODUCTION & CAPITAL -----
CapitalVE  141.187037623979251
ProductionVE   21.438295294261735
Totalcapital 1957.307376444584861
Totallabor    0.644098745036324
Corproduction   11.246609962466909
Corcapital 1816.120338820605639
Totalproduction   32.684905256728641
CapitalVE/Totalcapital    0.072133298695498
---------------
--------- TAXATION -----
Corporate revenu    0.000000000000000
Expenditure    0.009521042748312
Revenue Basis    0.773152553360518
Optimal tax    0.012314571952105
-------MASS--------
WW    0.655977497756511 
U    0.266483100174726 
VE    0.077539402068806 
-------WELFARE--------
UL   -6.293257973298011  US   -7.652014534558668  VE   -4.876544154339483  WW   -7.197554245590814  Wtot  -6.801715996996659  Avg Firm: 1820.842485975003001 
-------EQUILIBRIUM PRICES AND AGGREGATE--------
r    0.057688258463640 
w    1.200363390425356 
u    0.273194948612417 
-------MOMENTS GENERATED & STATISTICS--------
Ratio KY [3.04]   55.475282695233496
Ratio mworthVE/mworthWW [8]    3.004806776968635
Fraction E [7.55]    0.066753662283875
(UL:    0.255260309765249, US:    0.017934638847169) Unemploy. rate [4- 6]    0.273194948612417
Fraction of nonE>E (rlv to whole pop) [0.39]    0.025568829077085
Fraction of U>E (rlv to new entrant) [20]    0.326511564214412
Worker exit rate (rlv to workers) [3-6.5]    0.053260928054253
Nshare (US)    0.000815696447370, 	 Nshare(UL):    0.015464054846008, 	 Nshare [0.1]:    0.016279751293378
(U>E/pop>E) [0.2]    0.326511564214412
Wealth Gini [0.84]    0.513580299830194
Earning Gini [0.36]    0.529125857141551
Top 1 [41.8]    0.047864149564428
Zero wealth fraction [7- 13]    0.001912168660505
Fraction U>nonU (rlv to unemployed) [40- 65]    0.147435155449203

-------TRANSITION Worker to entrepreneur / ABILITY--------
very low	 middle 	 very high
   0.017000721071580	   0.023196690340199	   0.043097994647658	
-------TRANSITION Entrepreneur to Worker / ABILITY--------
very low 	 middle 	 very high
   0.230370857020793	   0.138772003576008	   0.045329581634345	
--------- TRANSITION MATRIX BTW CLASSES ------
  	  U     	 W     	 E 
U 	 0.8526 	 0.1169 	 0.0306 
W 	 0.0272 	 0.9467 	 0.0261 
E 	 0.4574 	 0.1169 	 0.4257 
---------------
--------- WEALTH DISTRIBUTION STATISTICS ------
Top 0.1 [22]    0.003572441439936
Top 1 [41.8]    0.047864149564428
Top 5 [?]    0.136856966785763
Top 10 [77.2]    0.263099330283459
Top 20 [?]    0.472839171028211
Bot 20 [?]    0.000845464286780
Bot 40 [?]    0.022382354108257
Bot 60 [?]    0.184605294210302
Bot 80 [?]    0.527160828971789
mworthVE 1863.606123245825074
mworthWW  620.208306747065762
mworthUS  654.046997808407241
mworthUL 2523.785461461115119
---------------
--------- PRODUCTION & CAPITAL -----
CapitalVE  120.507723047516208
ProductionVE   18.430737785118648
Totalcapital 1600.445445190535111
Totallabor    0.641340996352864
Corproduction   10.418965495943628
Corcapital 1479.937722143018846
Totalproduction   28.849703281062276
CapitalVE/Totalcapital    0.075296364152650
---------------
--------- TAXATION -----
Corporate revenu    0.000000000000000
Expenditure    0.009282994582720
Revenue Basis    0.769842252800900
Optimal tax    0.012058307463570
-------MASS--------
WW    0.660051389103750 
U    0.273194948612417 
VE    0.066753662283875 
-------WELFARE--------
UL   -6.041276670796123  US   -7.392833956686792  VE   -4.679340967348811  WW   -7.197233111662474  Wtot  -6.737592821137075  Avg Firm: 1805.260099963478069 
-------EQUILIBRIUM PRICES AND AGGREGATE--------
r    0.057688258463640 
w    1.200363390425356 
u    0.270752349284147 
-------MOMENTS GENERATED & STATISTICS--------
Ratio KY [3.04]   49.940138516579488
Ratio mworthVE/mworthWW [8]    0.688331551914261
Fraction E [7.55]    0.093105323234025
(UL:    0.253227900191290, US:    0.017524449092857) Unemploy. rate [4- 6]    0.270752349284147
Fraction of nonE>E (rlv to whole pop) [0.39]    0.050144727064048
Fraction of U>E (rlv to new entrant) [20]    0.294273788820002
Worker exit rate (rlv to workers) [3-6.5]    0.083177765491375
Nshare (US)    0.000563407412076, 	 Nshare(UL):    0.009545461742980, 	 Nshare [0.1]:    0.010108869155055
(U>E/pop>E) [0.2]    0.294273788820002
Wealth Gini [0.84]    0.551083548362161
Earning Gini [0.36]    0.545010318763452
Top 1 [41.8]    0.051286909065325
Zero wealth fraction [7- 13]    0.001259571329783
Fraction U>nonU (rlv to unemployed) [40- 65]    0.150837521380830

-------TRANSITION Worker to entrepreneur / ABILITY--------
very low	 middle 	 very high
   0.070374385180764	   0.047239106656394	   0.057359548358450	
-------TRANSITION Entrepreneur to Worker / ABILITY--------
very low 	 middle 	 very high
   0.033090869022000	   0.046976950970660	   0.045873384158244	
--------- TRANSITION MATRIX BTW CLASSES ------
  	  U     	 W     	 E 
U 	 0.8492 	 0.0963 	 0.0545 
W 	 0.0275 	 0.9168 	 0.0556 
E 	 0.2436 	 0.0429 	 0.7135 
---------------
--------- WEALTH DISTRIBUTION STATISTICS ------
Top 0.1 [22]    0.004547366214413
Top 1 [41.8]    0.051286909065325
Top 5 [?]    0.160274391898994
Top 10 [77.2]    0.302612176649788
Top 20 [?]    0.525689269841563
Bot 20 [?]    0.001837538111584
Bot 40 [?]    0.016964621776036
Bot 60 [?]    0.133149642336019
Bot 80 [?]    0.474310730158437
mworthVE  290.377426478142127
mworthWW  421.856917165278674
mworthUS  452.195498222588753
mworthUL 2112.274379528130339
---------------
--------- PRODUCTION & CAPITAL -----
CapitalVE  115.271929941771930
ProductionVE   18.164692324824056
Totalcapital 1389.750230060298236
Totallabor    0.620200553509832
Corproduction    9.663629168495770
Corcapital 1274.478300118526249
Totalproduction   27.828321493319827
CapitalVE/Totalcapital    0.082944350321691
---------------
--------- TAXATION -----
Corporate revenu    0.000000000000000
Expenditure    0.009093209928707
Revenue Basis    0.744466039154744
Optimal tax    0.012214405292458
-------MASS--------
WW    0.636142327481870 
U    0.270752349284147 
VE    0.093105323234025 
-------WELFARE--------
UL   -6.182890077303373  US   -8.057744888368353  VE   -6.919940106637172  WW   -7.774974565768904  Wtot  -7.297161488257659  Avg Firm: 1238.080981170432096 
-------EQUILIBRIUM PRICES AND AGGREGATE--------
r    0.057688258463640 
w    1.200363390425356 
u    0.095747443900892 
-------MOMENTS GENERATED & STATISTICS--------
Ratio KY [3.04]   75.753302656791490
Ratio mworthVE/mworthWW [8]    1.031141966789487
Fraction E [7.55]    0.098692738189976
(UL:    0.072577463114472, US:    0.023169980786420) Unemploy. rate [4- 6]    0.095747443900892
Fraction of nonE>E (rlv to whole pop) [0.39]    0.047046163614839
Fraction of U>E (rlv to new entrant) [20]    0.081067253732453
Worker exit rate (rlv to workers) [3-6.5]    0.082429932131800
Nshare (US)    0.000000000000000, 	 Nshare(UL):    0.000000000000000, 	 Nshare [0.1]:    0.000000000000000
(U>E/pop>E) [0.2]    0.081067253732453
Wealth Gini [0.84]    0.010454865047596
Earning Gini [0.36]    0.419101646093724
Top 1 [41.8]    0.076949059769004
Zero wealth fraction [7- 13]    0.000000000000000
Fraction U>nonU (rlv to unemployed) [40- 65]    0.039841043017086

-------TRANSITION Worker to entrepreneur / ABILITY--------
very low	 middle 	 very high
   0.053644717270565	   0.053676189650006	   0.053671749115066	
-------TRANSITION Entrepreneur to Worker / ABILITY--------
very low 	 middle 	 very high
   0.000004276443929	   0.000004134545032	   0.000004613017912	
--------- TRANSITION MATRIX BTW CLASSES ------
  	  U     	 W     	 E 
U 	 0.9602 	 0.0000 	 0.0398 
W 	 0.0288 	 0.9176 	 0.0537 
E 	 0.2299 	 0.0000 	 0.7701 
---------------
--------- WEALTH DISTRIBUTION STATISTICS ------
Top 0.1 [22]    0.077648596675995
Top 1 [41.8]    0.076949059769004
Top 5 [?]    0.073840006849044
Top 10 [77.2]    0.611500930054695
Top 20 [?]    0.556717594675730
Bot 20 [?]    0.068701469510096
Bot 40 [?]    0.662415746840128
Bot 60 [?]    0.552849076082199
Bot 80 [?]    0.443282405324270
mworthVE 4839.316460351917158
mworthWW 4693.162160220649639
mworthUS 4693.162270576752235
mworthUL 4755.592987915164485
---------------
--------- PRODUCTION & CAPITAL -----
CapitalVE  304.723978202719650
ProductionVE   45.103333891309425
Totalcapital 4782.006010529198647
Totallabor    0.810071065971432
Corproduction   18.022706067563298
Corcapital 4477.282032326478657
Totalproduction   63.126039958872724
CapitalVE/Totalcapital    0.063723043746028
---------------
--------- TAXATION -----
Corporate revenu    0.000000000000000
Expenditure    0.010957054613807
Revenue Basis    0.972379651234950
Optimal tax    0.011268288677052
-------MASS--------
WW    0.805559817909172 
U    0.095747443900892 
VE    0.098692738189976 
-------WELFARE--------
UL   -2.418216077628502  US   -2.431486289607510  VE   -2.246254820478184  WW   -2.429404741302953  Wtot  -2.410565358726669  Avg Firm: 3087.602834730842005 
-------EQUILIBRIUM PRICES AND AGGREGATE--------
r    0.057688258463640 
w    1.200363390425356 
u    0.128568082288608 
-------MOMENTS GENERATED & STATISTICS--------
Ratio KY [3.04]   65.468301075891702
Ratio mworthVE/mworthWW [8]    1.045383142471249
Fraction E [7.55]    0.120653532550713
(UL:    0.106952104269970, US:    0.021615978018638) Unemploy. rate [4- 6]    0.128568082288608
Fraction of nonE>E (rlv to whole pop) [0.39]    0.036762705472050
Fraction of U>E (rlv to new entrant) [20]    0.122431008077532
Worker exit rate (rlv to workers) [3-6.5]    0.071762572637937
Nshare (US)    0.000000000000000, 	 Nshare(UL):    0.000000000000000, 	 Nshare [0.1]:    0.000000000000000
(U>E/pop>E) [0.2]    0.122431008077532
Wealth Gini [0.84]    0.015358725842573
Earning Gini [0.36]    0.459313599181360
Top 1 [41.8]    0.017571038437085
Zero wealth fraction [7- 13]    0.000000000000000
Fraction U>nonU (rlv to unemployed) [40- 65]    0.035019046224863

-------TRANSITION Worker to entrepreneur / ABILITY--------
very low	 middle 	 very high
   0.034470924221154	   0.041975321452556	   0.053353061015578	
-------TRANSITION Entrepreneur to Worker / ABILITY--------
very low 	 middle 	 very high
   0.000002947385081	   0.000003477321686	   0.000031681516482	
--------- TRANSITION MATRIX BTW CLASSES ------
  	  U     	 W     	 E 
U 	 0.9650 	 0.0000 	 0.0350 
W 	 0.0288 	 0.9282 	 0.0430 
E 	 0.1227 	 0.0000 	 0.8773 
---------------
--------- WEALTH DISTRIBUTION STATISTICS ------
Top 0.1 [22]    0.017730775150149
Top 1 [41.8]    0.017571038437085
Top 5 [?]    0.062320129384743
Top 10 [77.2]    0.613567101878326
Top 20 [?]    0.562949099115496
Bot 20 [?]    0.093382598863996
Bot 40 [?]    0.639522911935821
Bot 60 [?]    0.538286906410162
Bot 80 [?]    0.437050900884504
mworthVE 4419.744050975438768
mworthWW 4227.870023355570993
mworthUS 4228.047851034360065
mworthUL 4286.125031095270970
---------------
--------- PRODUCTION & CAPITAL -----
CapitalVE  334.493689482932098
ProductionVE   49.626200505823434
Totalcapital 4329.349402135982928
Totallabor    0.752639455834852
Corproduction   16.502740233257992
Corcapital 3994.855712653050432
Totalproduction   66.128940739081429
CapitalVE/Totalcapital    0.077261883579529
---------------
--------- TAXATION -----
Corporate revenu    0.000000000000000
Expenditure    0.010384922291912
Revenue Basis    0.903440848973818
Optimal tax    0.011494855810104
-------MASS--------
WW    0.750778385160720 
U    0.128568082288608 
VE    0.120653532550713 
-------WELFARE--------
UL   -2.524606913826184  US   -2.552348844825907  VE   -2.292696943716213  WW   -2.543237000346797  Wtot  -2.511212891942825  Avg Firm: 2772.348910234669347 
-------EQUILIBRIUM PRICES AND AGGREGATE--------
r    0.057688258463640 
w    1.200363390425356 
u    0.189503051024316 
-------MOMENTS GENERATED & STATISTICS--------
Ratio KY [3.04]   57.866855936690619
Ratio mworthVE/mworthWW [8]    1.061803385329934
Fraction E [7.55]    0.108808227170684
(UL:    0.169310308531963, US:    0.020192742492353) Unemploy. rate [4- 6]    0.189503051024316
Fraction of nonE>E (rlv to whole pop) [0.39]    0.033358129136982
Fraction of U>E (rlv to new entrant) [20]    0.157978663244818
Worker exit rate (rlv to workers) [3-6.5]    0.068806861902709
Nshare (US)    0.000000000000000, 	 Nshare(UL):    0.000000000000000, 	 Nshare [0.1]:    0.000000000000000
(U>E/pop>E) [0.2]    0.157978663244818
Wealth Gini [0.84]    0.043622081428000
Earning Gini [0.36]    0.493240320389193
Top 1 [41.8]    0.014433083150926
Zero wealth fraction [7- 13]    0.000000000000000
Fraction U>nonU (rlv to unemployed) [40- 65]    0.027824150584668

-------TRANSITION Worker to entrepreneur / ABILITY--------
very low	 middle 	 very high
   0.049692374270794	   0.027526888176619	   0.056089714170304	
-------TRANSITION Entrepreneur to Worker / ABILITY--------
very low 	 middle 	 very high
   0.000011216736322	   0.000017846603689	   0.000032583977606	
--------- TRANSITION MATRIX BTW CLASSES ------
  	  U     	 W     	 E 
U 	 0.9722 	 0.0000 	 0.0278 
W 	 0.0288 	 0.9312 	 0.0400 
E 	 0.4013 	 0.0000 	 0.5987 
---------------
--------- WEALTH DISTRIBUTION STATISTICS ------
Top 0.1 [22]    0.014564292997753
Top 1 [41.8]    0.014433083150926
Top 5 [?]    0.066808481949912
Top 10 [77.2]    0.123032363167161
Top 20 [?]    0.437703221710437
Bot 20 [?]    0.092556270921533
Bot 40 [?]    0.293701004850253
Bot 60 [?]    0.631396625873505
Bot 80 [?]    0.562296778289563
mworthVE 3986.496715285109985
mworthWW 3754.458471656111669
mworthUS 3739.593197760942076
mworthUL 3823.022463954024261
---------------
--------- PRODUCTION & CAPITAL -----
CapitalVE  339.851695352748891
ProductionVE   50.542612812245920
Totalcapital 3792.341804382460396
Totallabor    0.703279345216913
Corproduction   14.993033508879279
Corcapital 3452.490109029711675
Totalproduction   65.535646321125199
CapitalVE/Totalcapital    0.089615259616107
---------------
--------- TAXATION -----
Corporate revenu    0.000000000000000
Expenditure    0.010052330557405
Revenue Basis    0.844190779240698
Optimal tax    0.011907652635635
-------MASS--------
WW    0.701688721805041 
U    0.189503051024316 
VE    0.108808227170684 
-------WELFARE--------
UL   -2.817647240181935  US   -2.919536235394784  VE   -2.439606987202804  WW   -2.867434596043311  Wtot  -2.813505994795794  Avg Firm: 3123.400722443848736 
-------EQUILIBRIUM PRICES AND AGGREGATE--------
r    0.057688258463640 
w    1.200363390425356 
u    0.231206487503497 
-------MOMENTS GENERATED & STATISTICS--------
Ratio KY [3.04]   48.289659889781966
Ratio mworthVE/mworthWW [8]    1.130534136358345
Fraction E [7.55]    0.112824266301018
(UL:    0.212312762304265, US:    0.018893725199232) Unemploy. rate [4- 6]    0.231206487503497
Fraction of nonE>E (rlv to whole pop) [0.39]    0.034069491761106
Fraction of U>E (rlv to new entrant) [20]    0.233448123426305
Worker exit rate (rlv to workers) [3-6.5]    0.068615652797243
Nshare (US)    0.000000000000000, 	 Nshare(UL):    0.000000000000000, 	 Nshare [0.1]:    0.000000000000000
(U>E/pop>E) [0.2]    0.233448123426305
Wealth Gini [0.84]    0.158855074691106
Earning Gini [0.36]    0.527579583549182
Top 1 [41.8]    0.018099958402930
Zero wealth fraction [7- 13]    0.000000000000000
Fraction U>nonU (rlv to unemployed) [40- 65]    0.034454563461850

-------TRANSITION Worker to entrepreneur / ABILITY--------
very low	 middle 	 very high
   0.025719582855205	   0.036605952357825	   0.060759466880409	
-------TRANSITION Entrepreneur to Worker / ABILITY--------
very low 	 middle 	 very high
   0.000220106220122	   0.000056569887038	   0.000043596127184	
--------- TRANSITION MATRIX BTW CLASSES ------
  	  U     	 W     	 E 
U 	 0.9655 	 0.0001 	 0.0344 
W 	 0.0288 	 0.9314 	 0.0398 
E 	 0.2849 	 0.0001 	 0.7150 
---------------
--------- WEALTH DISTRIBUTION STATISTICS ------
Top 0.1 [22]    0.015003704063254
Top 1 [41.8]    0.018099958402930
Top 5 [?]    0.079410766659137
Top 10 [77.2]    0.140561174655768
Top 20 [?]    0.418843107885769
Bot 20 [?]    0.085908077335439
Bot 40 [?]    0.179867980283638
Bot 60 [?]    0.424676410828547
Bot 80 [?]    0.581156892114231
mworthVE 3554.758936881910358
mworthWW 3144.318090502274572
mworthUS 2980.711952348056002
mworthUL 3298.529865541285290
---------------
--------- PRODUCTION & CAPITAL -----
CapitalVE  324.118930028666171
ProductionVE   48.426169432519863
Totalcapital 2966.141338178958449
Totallabor    0.654004903847966
Corproduction   12.997774015186845
Corcapital 2642.022408150292449
Totalproduction   61.423943447706705
CapitalVE/Totalcapital    0.109272921642924
---------------
--------- TAXATION -----
Corporate revenu    0.000000000000000
Expenditure    0.009624177022945
Revenue Basis    0.785043543737753
Optimal tax    0.012259418091795
-------MASS--------
WW    0.655969246195527 
U    0.231206487503497 
VE    0.112824266301018 
-------WELFARE--------
UL   -3.629245670071431  US   -3.856096194054889  VE   -2.697970889432508  WW   -3.721988480582818  Wtot  -3.589297759184007  Avg Firm: 2872.776758538005197 
-------EQUILIBRIUM PRICES AND AGGREGATE--------
r    0.057688258463640 
w    1.200363390425356 
u    0.270797294660798 
-------MOMENTS GENERATED & STATISTICS--------
Ratio KY [3.04]   39.100853126829868
Ratio mworthVE/mworthWW [8]    1.146545561089700
Fraction E [7.55]    0.123786789835059
(UL:    0.253377867924614, US:    0.017419426736183) Unemploy. rate [4- 6]    0.270797294660798
Fraction of nonE>E (rlv to whole pop) [0.39]    0.045088593729645
Fraction of U>E (rlv to new entrant) [20]    0.278129158637485
Worker exit rate (rlv to workers) [3-6.5]    0.082534281884618
Nshare (US)    0.000527990828923, 	 Nshare(UL):    0.005652023961126, 	 Nshare [0.1]:    0.006180014790048
(U>E/pop>E) [0.2]    0.278129158637485
Wealth Gini [0.84]    0.293104180634218
Earning Gini [0.36]    0.564364708036900
Top 1 [41.8]    0.023405428646037
Zero wealth fraction [7- 13]    0.000000000000000
Fraction U>nonU (rlv to unemployed) [40- 65]    0.047531705367254

-------TRANSITION Worker to entrepreneur / ABILITY--------
very low	 middle 	 very high
   0.047577720809270	   0.050212322287258	   0.067437009464089	
-------TRANSITION Entrepreneur to Worker / ABILITY--------
very low 	 middle 	 very high
   0.000840725491112	   0.000171487400312	   0.000060468169200	
--------- TRANSITION MATRIX BTW CLASSES ------
  	  U     	 W     	 E 
U 	 0.9525 	 0.0012 	 0.0463 
W 	 0.0288 	 0.9175 	 0.0538 
E 	 0.3374 	 0.0003 	 0.6623 
---------------
--------- WEALTH DISTRIBUTION STATISTICS ------
Top 0.1 [22]    0.011530944378866
Top 1 [41.8]    0.023405428646037
Top 5 [?]    0.108739282433553
Top 10 [77.2]    0.451042379389076
Top 20 [?]    0.422371381656935
Bot 20 [?]    0.024479540824181
Bot 40 [?]    0.136695641528923
Bot 60 [?]    0.344452483701225
Bot 80 [?]    0.577628618343065
mworthVE 3044.149305930567152
mworthWW 2655.061786674526047
mworthUS 2622.960274412204399
mworthUL 2862.949364818734921
---------------
--------- PRODUCTION & CAPITAL -----
CapitalVE  312.878793299262497
ProductionVE   47.316527145521988
Totalcapital 2284.205904048210868
Totallabor    0.602732485014485
Corproduction   11.101786558248715
Corcapital 1971.327110748948371
Totalproduction   58.418313703770707
CapitalVE/Totalcapital    0.136974864106935
---------------
--------- TAXATION -----
Corporate revenu    0.000000000000000
Expenditure    0.009149205359781
Revenue Basis    0.723498009231488
Optimal tax    0.012645792031273
-------MASS--------
WW    0.605415915504185 
U    0.270797294660798 
VE    0.123786789835059 
-------WELFARE--------
UL   -5.025492606535582  US   -4.924953559604619  VE   -3.340685121346910  WW   -4.697346641814550  Wtot  -4.616519574241479  Avg Firm: 2527.562058246778633 
-------EQUILIBRIUM PRICES AND AGGREGATE--------
r    0.057688258463640 
w    1.200363390425356 
u    0.290653678068926 
-------MOMENTS GENERATED & STATISTICS--------
Ratio KY [3.04]   33.964454523351257
Ratio mworthVE/mworthWW [8]    1.129095331801559
Fraction E [7.55]    0.145730717624013
(UL:    0.274745330180804, US:    0.015908347888121) Unemploy. rate [4- 6]    0.290653678068926
Fraction of nonE>E (rlv to whole pop) [0.39]    0.051537569006215
Fraction of U>E (rlv to new entrant) [20]    0.328244699887757
Worker exit rate (rlv to workers) [3-6.5]    0.089651497646286
Nshare (US)    0.001284578692962, 	 Nshare(UL):    0.014865555240052, 	 Nshare [0.1]:    0.016150133933014
(U>E/pop>E) [0.2]    0.328244699887757
Wealth Gini [0.84]    0.351845577305972
Earning Gini [0.36]    0.596142866918006
Top 1 [41.8]    0.026265478490488
Zero wealth fraction [7- 13]    0.000114771787283
Fraction U>nonU (rlv to unemployed) [40- 65]    0.088113717236590

-------TRANSITION Worker to entrepreneur / ABILITY--------
very low	 middle 	 very high
   0.047586661606362	   0.062593498268819	   0.073709416186502	
-------TRANSITION Entrepreneur to Worker / ABILITY--------
very low 	 middle 	 very high
   0.020377931573635	   0.005205926401021	   0.001120631690526	
--------- TRANSITION MATRIX BTW CLASSES ------
  	  U     	 W     	 E 
U 	 0.9119 	 0.0299 	 0.0582 
W 	 0.0282 	 0.9103 	 0.0614 
E 	 0.2583 	 0.0075 	 0.7342 
---------------
--------- WEALTH DISTRIBUTION STATISTICS ------
Top 0.1 [22]    0.008237187579307
Top 1 [41.8]    0.026265478490488
Top 5 [?]    0.117980851277394
Top 10 [77.2]    0.203099420976887
Top 20 [?]    0.418765759526956
Bot 20 [?]    0.012165159101565
Bot 40 [?]    0.112864493347135
Bot 60 [?]    0.324109663971458
Bot 80 [?]    0.581234240473044
mworthVE 2665.608579192078651
mworthWW 2360.835709894304273
mworthUS 2326.633777644814927
mworthUL 2480.662793765258812
---------------
--------- PRODUCTION & CAPITAL -----
CapitalVE  308.541557173034221
ProductionVE   47.322730460232762
Totalcapital 1942.414760113057127
Totallabor    0.557150316774918
Corproduction    9.866904626578576
Corcapital 1633.873202940023020
Totalproduction   57.189635086811336
CapitalVE/Totalcapital    0.158844322803167
---------------
--------- TAXATION -----
Corporate revenu    0.000000000000000
Expenditure    0.008577660819211
Revenue Basis    0.668782843220502
Optimal tax    0.012825778810212
-------MASS--------
WW    0.563615604307102 
U    0.290653678068926 
VE    0.145730717624013 
-------WELFARE--------
UL   -5.626371746287992  US   -6.110661693869444  VE   -4.969037157422055  WW   -5.817730117751297  Wtot  -5.646134722070064  Avg Firm: 2117.203306231394436 
-------EQUILIBRIUM PRICES AND AGGREGATE--------
r    0.057688258463640 
w    1.200363390425356 
u    0.327795382548195 
-------MOMENTS GENERATED & STATISTICS--------
Ratio KY [3.04]   35.479380191120001
Ratio mworthVE/mworthWW [8]    1.097432724056370
Fraction E [7.55]    0.133660860462275
(UL:    0.312960593137436, US:    0.014834789410759) Unemploy. rate [4- 6]    0.327795382548195
Fraction of nonE>E (rlv to whole pop) [0.39]    0.051690499588592
Fraction of U>E (rlv to new entrant) [20]    0.352161426622467
Worker exit rate (rlv to workers) [3-6.5]    0.089726950306736
Nshare (US)    0.000265644603092, 	 Nshare(UL):    0.003776878271213, 	 Nshare [0.1]:    0.004042522874305
(U>E/pop>E) [0.2]    0.352161426622467
Wealth Gini [0.84]    0.402664275485040
Earning Gini [0.36]    0.618028989326832
Top 1 [41.8]    0.040733421768842
Zero wealth fraction [7- 13]    0.000631710299236
Fraction U>nonU (rlv to unemployed) [40- 65]    0.101424901591815

-------TRANSITION Worker to entrepreneur / ABILITY--------
very low	 middle 	 very high
   0.056974708072284	   0.057029514519755	   0.079336810213001	
-------TRANSITION Entrepreneur to Worker / ABILITY--------
very low 	 middle 	 very high
   0.236745104039059	   0.047662373927196	   0.006910547676708	
--------- TRANSITION MATRIX BTW CLASSES ------
  	  U     	 W     	 E 
U 	 0.8986 	 0.0459 	 0.0555 
W 	 0.0275 	 0.9103 	 0.0622 
E 	 0.3876 	 0.0688 	 0.5436 
---------------
--------- WEALTH DISTRIBUTION STATISTICS ------
Top 0.1 [22]    0.010077415028428
Top 1 [41.8]    0.040733421768842
Top 5 [?]    0.123055808086840
Top 10 [77.2]    0.222841464170908
Top 20 [?]    0.432477275698156
Bot 20 [?]    0.006336958577427
Bot 40 [?]    0.089694712735777
Bot 60 [?]    0.298467342464868
Bot 80 [?]    0.567522724301844
mworthVE 1939.058816800888962
mworthWW 1766.904498376602987
mworthUS 1741.458797479722080
mworthUL 1960.043291251967503
---------------
--------- PRODUCTION & CAPITAL -----
CapitalVE  228.891822854214553
ProductionVE   35.315005143971291
Totalcapital 1565.401199475911199
Totallabor    0.522264646086324
Corproduction    8.806430772987307
Corcapital 1336.509376621696674
Totalproduction   44.121435916958596
CapitalVE/Totalcapital    0.146219271411601
---------------
--------- TAXATION -----
Corporate revenu    0.000000000000000
Expenditure    0.008239012131751
Revenue Basis    0.626907361275478
Optimal tax    0.013142311991661
-------MASS--------
WW    0.538543756989571 
U    0.327795382548195 
VE    0.133660860462275 
-------WELFARE--------
UL   -5.766135331758538  US   -6.611848788414546  VE   -4.764569185221910  WW   -6.579000755685931  Wtot  -6.082574719162921  Avg Firm: 1712.482038964710455 
-------EQUILIBRIUM PRICES AND AGGREGATE--------
r    0.057688258463640 
w    1.200363390425356 
u    0.355704329723152 
-------MOMENTS GENERATED & STATISTICS--------
Ratio KY [3.04]   34.963540725342192
Ratio mworthVE/mworthWW [8]    1.969284929122148
Fraction E [7.55]    0.121919743174206
(UL:    0.341285260901538, US:    0.014419068821614) Unemploy. rate [4- 6]    0.355704329723152
Fraction of nonE>E (rlv to whole pop) [0.39]    0.042861662747922
Fraction of U>E (rlv to new entrant) [20]    0.385618283482049
Worker exit rate (rlv to workers) [3-6.5]    0.078013722760020
Nshare (US)    0.000357758695170, 	 Nshare(UL):    0.016574482354342, 	 Nshare [0.1]:    0.016932241049512
(U>E/pop>E) [0.2]    0.385618283482049
Wealth Gini [0.84]    0.469931737499495
Earning Gini [0.36]    0.629392333042638
Top 1 [41.8]    0.038666327530885
Zero wealth fraction [7- 13]    0.000421581479255
Fraction U>nonU (rlv to unemployed) [40- 65]    0.093760501659502

-------TRANSITION Worker to entrepreneur / ABILITY--------
very low	 middle 	 very high
   0.041704972749869	   0.048392657831223	   0.065473338962715	
-------TRANSITION Entrepreneur to Worker / ABILITY--------
very low 	 middle 	 very high
   0.132765720303309	   0.101882412570565	   0.012844809793287	
--------- TRANSITION MATRIX BTW CLASSES ------
  	  U     	 W     	 E 
U 	 0.9062 	 0.0473 	 0.0465 
W 	 0.0276 	 0.9220 	 0.0504 
E 	 0.4669 	 0.0700 	 0.4631 
---------------
--------- WEALTH DISTRIBUTION STATISTICS ------
Top 0.1 [22]    0.005821256117219
Top 1 [41.8]    0.038666327530885
Top 5 [?]    0.161421503190727
Top 10 [77.2]    0.279776202431954
Top 20 [?]    0.505479820456654
Bot 20 [?]    0.005635486592505
Bot 40 [?]    0.052486629558932
Bot 60 [?]    0.238748699191402
Bot 80 [?]    0.494520179543346
mworthVE 1736.915148452479798
mworthWW  882.002966034350152
mworthUS  881.274433400077896
mworthUL 1644.820342105988175
---------------
--------- PRODUCTION & CAPITAL -----
CapitalVE  185.383660503932504
ProductionVE   29.028587617594450
Totalcapital 1296.328979139298781
Totallabor    0.503426175425736
Corproduction    8.048005663465803
Corcapital 1110.945318635366220
Totalproduction   37.076593281060255
CapitalVE/Totalcapital    0.143006646836684
---------------
--------- TAXATION -----
Corporate revenu    0.000000000000000
Expenditure    0.008079484567350
Revenue Basis    0.604294350762907
Optimal tax    0.013370114344358
-------MASS--------
WW    0.522375927102684 
U    0.355704329723152 
VE    0.121919743174206 
-------WELFARE--------
UL   -6.761089404646179  US   -7.935066715826570  VE   -4.666466321070386  WW   -7.732863288884490  Wtot  -7.030272439608218  Avg Firm: 1520.538476192865346 
-------EQUILIBRIUM PRICES AND AGGREGATE--------
r    0.057688258463640 
w    1.200363390425356 
u    0.358125778836191 
-------MOMENTS GENERATED & STATISTICS--------
Ratio KY [3.04]   30.459485898720551
Ratio mworthVE/mworthWW [8]    1.915021969556202
Fraction E [7.55]    0.132830911140186
(UL:    0.344441352391351, US:    0.013684426444840) Unemploy. rate [4- 6]    0.358125778836191
Fraction of nonE>E (rlv to whole pop) [0.39]    0.057490206495413
Fraction of U>E (rlv to new entrant) [20]    0.426368763462953
Worker exit rate (rlv to workers) [3-6.5]    0.091667258495955
Nshare (US)    0.001093796109436, 	 Nshare(UL):    0.013255590562958, 	 Nshare [0.1]:    0.014349386672394
(U>E/pop>E) [0.2]    0.426368763462953
Wealth Gini [0.84]    0.538557905369096
Earning Gini [0.36]    0.636186565041977
Top 1 [41.8]    0.042253382286669
Zero wealth fraction [7- 13]    0.002256420228346
Fraction U>nonU (rlv to unemployed) [40- 65]    0.148087810648395

-------TRANSITION Worker to entrepreneur / ABILITY--------
very low	 middle 	 very high
   0.095947476890418	   0.053482499121139	   0.053877971347236	
-------TRANSITION Entrepreneur to Worker / ABILITY--------
very low 	 middle 	 very high
   0.039723639040401	   0.045478543212533	   0.046850661811276	
--------- TRANSITION MATRIX BTW CLASSES ------
  	  U     	 W     	 E 
U 	 0.8519 	 0.0796 	 0.0684 
W 	 0.0269 	 0.9083 	 0.0648 
E 	 0.3613 	 0.0442 	 0.5945 
---------------
--------- WEALTH DISTRIBUTION STATISTICS ------
Top 0.1 [22]    0.005419888253240
Top 1 [41.8]    0.042253382286669
Top 5 [?]    0.177242482179632
Top 10 [77.2]    0.305981026446329
Top 20 [?]    0.540141585543472
Bot 20 [?]    0.002858613994145
Bot 40 [?]    0.034604005494158
Bot 60 [?]    0.172214142658217
Bot 80 [?]    0.459858414456528
mworthVE  679.709635757163142
mworthWW  354.935685628025965
mworthUS  418.840516352675195
mworthUL 1327.157597959015902
---------------
--------- PRODUCTION & CAPITAL -----
CapitalVE  173.634506380716118
ProductionVE   27.783440779970253
Totalcapital 1070.804539509016422
Totallabor    0.494963772990778
Corproduction    7.371602317917214
Corcapital  897.170033128300247
Totalproduction   35.155043097887464
CapitalVE/Totalcapital    0.162153315543779
---------------
--------- TAXATION -----
Corporate revenu    0.000000000000000
Expenditure    0.007833986161462
Revenue Basis    0.594136392684937
Optimal tax    0.013185501271955
-------MASS--------
WW    0.509043310023664 
U    0.358125778836191 
VE    0.132830911140186 
-------WELFARE--------
UL   -6.915647106531435  US   -8.886787428072813  VE   -6.766687901854683  WW   -8.618330211261926  Wtot  -7.789574087947758  Avg Firm: 1307.184486579833219 
