===================Program Starting: Mon Jan 16 12:21:37 2017

------ Estimated Model parameters------
             betapar		   0.870000000000000
              Etapar		   0.034000000000000	   0.027000000000000	   0.024000000000000
               Kappa		   1.250000000000000	   1.500000000000000	   1.750000000000000
                PROD		   0.500000000000000	   1.750000000000000	   2.500000000000000
              GTRANS		   0.650000000000000	   0.650000000000000
             phiparW		   1.050000000000000
             phiparE		   2.000000000000000
             costpar		   0.000000000000000
               nupar		   0.820000000000000
                fpar		   0.750000000000000
               mupar		   0.050000000000000
               xipar		   0.040000000000000

------ Fixed Model parameters------
             maxgrid		                 250
             Gridmin		   0.000000000000000
             Gridmax		5000.000000000000000
             corptax		   0.000000000000000
            alphapar		   0.360000000000000
            deltapar		   0.060000000000000
             rhostar		   0.540000000000000
            sigmapar		   1.390000000000000
              TFPpar		   1.000000000000000
              pLTpar		   0.000000000000000
          EffortMaxU		 100.000000000000000
          EffortMaxE		 100.000000000000000

------ Convergence criterions------
        epsilonValue		   0.000001000000000
        epsilonendoK		   0.000001000000000
           maxiterVF		   0.000001000000000
        maxiterendoK		   0.000001000000000
         epsilonDist		   0.000000010000000
        epsilonprice		   0.000001000000000
       epsilonparams		   0.000001000000000
          relaxendoK		   0.300000000000000
              relaxK		   0.050000000000000
            relaxTax		   0.200000000000000
----------------------------
R:    0.045000000000000,	 W:    1.279915062232225,	 K:    6.381252389209258	, L:    0.930661063223172, 	 TAX:    0.015747715938431

-------EQUILIBRIUM PRICES AND AGGREGATE--------
r    0.045000000000000 
w    1.279915062232225 
u    0.105794928664557 
-------MOMENTS GENERATED & STATISTICS--------
Ratio KY [3.04]    3.796688086499325
Ratio mworthVE/mworthWW [8]   35.643351619193780
Fraction E [7.55]    0.212965507530451
(UL:    0.069196191400143, US:    0.036598737264414) Unemploy. rate [4- 6]    0.105794928664557
Fraction of nonE>E (rlv to whole pop) [0.39]    0.010652475114643
Fraction of U>E (rlv to new entrant) [20]    0.255632071472318
Worker exit rate (rlv to workers) [3-6.5]    0.039234850943247
Nshare (US)    0.007339538272701, 	 Nshare(UL):    0.000089024690836, 	 Nshare [0.1]:    0.007428562963537
(U>E/pop>E) [0.2]    0.255632071472318
Wealth Gini [0.84]    0.811860507750532
Earning Gini [0.36]    0.474604547410165
Top 1 [41.8]    0.143710565051227
Zero wealth fraction [7- 13]    0.068409885484807
Fraction U>nonU (rlv to unemployed) [40- 65]    0.280653681222712

-------TRANSITION Worker to entrepreneur / ABILITY--------
very low	 middle 	 very high
   0.010269027764941	   0.012174619243415	   0.011910329762529	
-------TRANSITION Entrepreneur to Worker / ABILITY--------
very low 	 middle 	 very high
   0.000000409067508	   0.000000864539187	   0.000000888061441	
--------- TRANSITION MATRIX BTW CLASSES ------
  	  U     	 W     	 E 
U 	 0.7193 	 0.2549 	 0.0257 
W 	 0.0276 	 0.9608 	 0.0116 
E 	 0.0500 	 0.0000 	 0.9500 
---------------
--------- WEALTH DISTRIBUTION STATISTICS ------
Top 0.1 [22]    0.019125863256518
Top 1 [41.8]    0.143710565051227
Top 5 [?]    0.454870967076490
Top 10 [77.2]    0.681014254431638
Top 20 [?]    0.882243801028187
Bot 20 [?]    0.001442793381500
Bot 40 [?]    0.008231710100909
Bot 60 [?]    0.025100797516928
Bot 80 [?]    0.117756198971813
mworthVE   56.850088722693457
mworthWW    1.594970342016881
mworthUS    1.451768128641271
mworthUL  110.494878804929314
---------------
--------- PRODUCTION & CAPITAL -----
CapitalVE   33.205769499688081
ProductionVE    7.996694190012850
Totalcapital   36.817121265823822
Totallabor    1.113207655085744
Corproduction    1.700473559095152
Corcapital    3.611351766135738
Totalproduction    9.697167749108001
CapitalVE/Totalcapital    0.901911077184406
---------------
--------- TAXATION -----
Corporate revenu    0.000000000000000
Expenditure    0.039648330634761
Revenue Basis    1.424811245136458
Optimal tax    0.027827075881173
-------MASS--------
WW    0.681239563804983 
U    0.105794928664557 
VE    0.212965507530451 
R:    0.049139882518427,	 W:    1.252375093575330,	 K:    6.242757358055582	, L:    0.967170381595687, 	 TAX:    0.018163587926979

-------EQUILIBRIUM PRICES AND AGGREGATE--------
r    0.049139882518427 
w    1.252375093575330 
u    0.116017384592131 
-------MOMENTS GENERATED & STATISTICS--------
Ratio KY [3.04]    3.857882717517823
Ratio mworthVE/mworthWW [8]   32.136390675026696
Fraction E [7.55]    0.236350016145025
(UL:    0.080212040102217, US:    0.035805344489914) Unemploy. rate [4- 6]    0.116017384592131
Fraction of nonE>E (rlv to whole pop) [0.39]    0.011821449403767
Fraction of U>E (rlv to new entrant) [20]    0.264838984654610
Worker exit rate (rlv to workers) [3-6.5]    0.040950855533628
Nshare (US)    0.007036294535611, 	 Nshare(UL):    0.000078595248096, 	 Nshare [0.1]:    0.007114889783707
(U>E/pop>E) [0.2]    0.264838984654610
Wealth Gini [0.84]    0.789623376317383
Earning Gini [0.36]    0.500248982538310
Top 1 [41.8]    0.122094625257624
Zero wealth fraction [7- 13]    0.058972622714010
Fraction U>nonU (rlv to unemployed) [40- 65]    0.257851559346278

-------TRANSITION Worker to entrepreneur / ABILITY--------
very low	 middle 	 very high
   0.012170206092700	   0.014017136236384	   0.013444071957666	
-------TRANSITION Entrepreneur to Worker / ABILITY--------
very low 	 middle 	 very high
   0.000000359542736	   0.000000729667258	   0.000000783370395	
--------- TRANSITION MATRIX BTW CLASSES ------
  	  U     	 W     	 E 
U 	 0.7421 	 0.2309 	 0.0270 
W 	 0.0275 	 0.9590 	 0.0134 
E 	 0.0500 	 0.0000 	 0.9500 
---------------
--------- WEALTH DISTRIBUTION STATISTICS ------
Top 0.1 [22]    0.015136046487308
Top 1 [41.8]    0.122094625257624
Top 5 [?]    0.423915460948265
Top 10 [77.2]    0.641469895766565
Top 20 [?]    0.853757399099247
Bot 20 [?]    0.001823760988974
Bot 40 [?]    0.009486146864314
Bot 60 [?]    0.030300077508237
Bot 80 [?]    0.146242600900753
mworthVE   58.058421324793620
mworthWW    1.806625451871639
mworthUS    1.789808456095521
mworthUL  109.445876229189196
---------------
--------- PRODUCTION & CAPITAL -----
CapitalVE   36.475928753207178
ProductionVE    8.820987624853085
Totalcapital   40.827824894505149
Totallabor    1.059540488643029
Corproduction    1.761974036763714
Corcapital    4.351896141297968
Totalproduction   10.582961661616800
CapitalVE/Totalcapital    0.893408572400249
---------------
--------- TAXATION -----
Corporate revenu    0.000000000000000
Expenditure    0.037998059059594
Revenue Basis    1.326942118611165
Optimal tax    0.028635807490506
-------MASS--------
WW    0.647632599262835 
U    0.116017384592131 
VE    0.236350016145025 
R:    0.051553733387209,	 W:    1.237058731757400,	 K:    6.148214297217701	, L:    0.985644403005155, 	 TAX:    0.020258031839685

