===================Program Starting: Mon Feb 13 16:49:27 2017

------ Estimated Model parameters------
             betapar		   0.869000000000000
              Etapar		   0.050000000000000	   0.031000000000000	   0.021000000000000
               Kappa		   1.400000000000000	   1.600000000000000	   1.800000000000000
                PROD		   0.250000000000000	   1.000000000000000	   1.750000000000000
              GTRANS		   0.481418000000000	   0.526987000000000	   0.714549000000000
             phiparW		   1.853593000000000
             phiparE		   2.064395000000000
             costpar		   0.000000000000000
               nupar		   0.860410000000000
                fpar		   0.847430000000000
               mupar		   0.025000000000000
               xipar		   1.000000000000000

------ Fixed Model parameters------
             maxgrid		                 250
             Gridmin		   0.000000000000000
             Gridmax		5000.000000000000000
             corptax		   0.000000000000000
            alphapar		   0.360000000000000
            deltapar		   0.060000000000000
             rhostar		   0.400000000000000
            sigmapar		   1.390000000000000
              TFPpar		   1.000000000000000
              pLTpar		   1.000000000000000
          EffortMaxU		 100.000000000000000
          EffortMaxE		 100.000000000000000

------ Convergence criterions------
        epsilonValue		   0.000001000000000
        epsilonendoK		   0.000001000000000
           maxiterVF		   0.000001000000000
        maxiterendoK		   0.000001000000000
         epsilonDist		   0.000000010000000
        epsilonprice		   0.000010000000000
       epsilonparams		   0.000001000000000
          relaxendoK		   0.300000000000000
              relaxK		   0.050000000000000
            relaxTax		   0.200000000000000
----------------------------
R:    0.062000000000000,	 W:    1.176312537561059,	 K:    4.674576836636728	, L:    0.861900000000000, 	 TAX:    0.111700000000000

