===================Program Starting: Mon Jan 23 19:23:43 2017

------ Estimated Model parameters------
             betapar		   0.879000000000000
              Etapar		   0.034000000000000	   0.027000000000000	   0.024000000000000
               Kappa		   2.350000000000000	   2.400000000000000	   2.450000000000000
                PROD		   0.250000000000000	   1.000000000000000	   1.750000000000000
              GTRANS		   0.510000000000000	   0.550000000000000	   0.700000000000000
             phiparW		   1.500000000000000
             phiparE		   2.100000000000000
             costpar		   0.000000000000000
               nupar		   0.840000000000000
                fpar		   0.800000000000000
               mupar		   0.100000000000000
               xipar		   1.000000000000000

------ Fixed Model parameters------
             maxgrid		                 250
             Gridmin		   0.000000000000000
             Gridmax		5000.000000000000000
             corptax		   0.000000000000000
            alphapar		   0.360000000000000
            deltapar		   0.060000000000000
             rhostar		   0.400000000000000
            sigmapar		   1.390000000000000
              TFPpar		   1.000000000000000
              pLTpar		   0.250000000000000
          EffortMaxU		 100.000000000000000
          EffortMaxE		 100.000000000000000

------ Convergence criterions------
        epsilonValue		   0.000001000000000
        epsilonendoK		   0.000001000000000
           maxiterVF		   0.000001000000000
        maxiterendoK		   0.000001000000000
         epsilonDist		   0.000000010000000
        epsilonprice		   0.000010000000000
       epsilonparams		   0.000001000000000
          relaxendoK		   0.300000000000000
              relaxK		   0.050000000000000
            relaxTax		   0.200000000000000
----------------------------
-------EQUILIBRIUM PRICES AND AGGREGATE--------
r    0.057688258463640 
w    1.200363390425356 
u    0.053839117593573 
-------MOMENTS GENERATED & STATISTICS--------
Ratio KY [3.04]    3.339861694823848
Ratio mworthVE/mworthWW [8]   16.984120868658788
Fraction E [7.55]    0.074169217966316
(UL:    0.024484448880915, US:    0.029354668712658) Unemploy. rate [4- 6]    0.053839117593573
Fraction of nonE>E (rlv to whole pop) [0.39]    0.020501843385678
Fraction of U>E (rlv to new entrant) [20]    0.212423201056140
Worker exit rate (rlv to workers) [3-6.5]    0.045789567885025
Nshare (US)    0.010760640454924, 	 Nshare(UL):    0.001557059625477, 	 Nshare [0.1]:    0.012317700080401
(U>E/pop>E) [0.2]    0.212423201056140
Wealth Gini [0.84]    0.801675636842732
Earning Gini [0.36]    0.370930309559578
Top 1 [41.8]    0.219874208585898
Zero wealth fraction [7- 13]    0.051108167439992
Fraction U>nonU (rlv to unemployed) [40- 65]    0.515243219861708

-------TRANSITION Worker to entrepreneur / ABILITY--------
very low	 middle 	 very high
   0.023128120254906	   0.015825220386908	   0.019410675318782	
-------TRANSITION Entrepreneur to Worker / ABILITY--------
very low 	 middle 	 very high
   0.194514833251523	   0.229755734124004	   0.211587234966393	
--------- TRANSITION MATRIX BTW CLASSES ------
  	  U     	 W     	 E 
U 	 0.4848 	 0.4344 	 0.0809 
W 	 0.0273 	 0.9542 	 0.0185 
E 	 0.0720 	 0.2152 	 0.7128 
---------------
--------- WEALTH DISTRIBUTION STATISTICS ------
Top 0.1 [22]    0.041704635692725
Top 1 [41.8]    0.219874208585898
Top 5 [?]    0.559929345908087
Top 10 [77.2]    0.747250052006652
Top 20 [?]    0.865934985004165
Bot 20 [?]    0.005061549081735
Bot 40 [?]    0.027636092550503
Bot 60 [?]    0.063348313278244
Bot 80 [?]    0.134065014995835
mworthVE   26.726679391966350
mworthWW    1.573627484086370
mworthUS    1.420842358564789
mworthUL   65.746519722358926
---------------
--------- PRODUCTION & CAPITAL -----
CapitalVE    4.294875676226594
ProductionVE    1.148965267325329
Totalcapital    9.331139110838670
Totallabor    0.876564524518573
Corproduction    1.644904648096668
Corcapital    5.036263434612075
Totalproduction    2.793869915421997
CapitalVE/Totalcapital    0.460273459136178
---------------
--------- TAXATION -----
Corporate revenu    0.000000000000000
Expenditure    0.013651152794379
Revenue Basis    1.052195964577705
Optimal tax    0.012973964217642
-------MASS--------
WW    0.871991664440152 
U    0.053839117593573 
VE    0.074169217966316 
-------WELFARE--------
UL  -12.042271553167526  US  -21.804088140279600  VE  -12.302880912540305  WW  -20.192823002631940  Wtot -19.455368562019384  Avg Firm:   57.906444128575217 
-------EQUILIBRIUM PRICES AND AGGREGATE--------
r    0.057688258463640 
w    1.200363390425356 
u    0.054515314406275 
-------MOMENTS GENERATED & STATISTICS--------
Ratio KY [3.04]    3.340825355811974
Ratio mworthVE/mworthWW [8]   17.022835167636782
Fraction E [7.55]    0.074106232211052
(UL:    0.023800274485280, US:    0.030715039920995) Unemploy. rate [4- 6]    0.054515314406275
Fraction of nonE>E (rlv to whole pop) [0.39]    0.020516271308972
Fraction of U>E (rlv to new entrant) [20]    0.212898715971132
Worker exit rate (rlv to workers) [3-6.5]    0.045785427566041
Nshare (US)    0.011237463691425, 	 Nshare(UL):    0.001375084330760, 	 Nshare [0.1]:    0.012612548022185
(U>E/pop>E) [0.2]    0.212898715971132
Wealth Gini [0.84]    0.801882022702356
Earning Gini [0.36]    0.371399642216454
Top 1 [41.8]    0.219895650443112
Zero wealth fraction [7- 13]    0.051617093716322
Fraction U>nonU (rlv to unemployed) [40- 65]    0.520911515403140

-------TRANSITION Worker to entrepreneur / ABILITY--------
very low	 middle 	 very high
   0.023130057979462	   0.015839463508532	   0.019438034408044	
-------TRANSITION Entrepreneur to Worker / ABILITY--------
very low 	 middle 	 very high
   0.193447003998880	   0.228769203054192	   0.211138716633052	
--------- TRANSITION MATRIX BTW CLASSES ------
  	  U     	 W     	 E 
U 	 0.4791 	 0.4408 	 0.0801 
W 	 0.0273 	 0.9542 	 0.0185 
E 	 0.0723 	 0.2144 	 0.7134 
---------------
--------- WEALTH DISTRIBUTION STATISTICS ------
Top 0.1 [22]    0.041704810029121
Top 1 [41.8]    0.219895650443112
Top 5 [?]    0.560006801661859
Top 10 [77.2]    0.747379020477800
Top 20 [?]    0.866124537794294
Bot 20 [?]    0.005136311112613
Bot 40 [?]    0.027670174111053
Bot 60 [?]    0.063298616319568
Bot 80 [?]    0.133875462205706
mworthVE   26.746604904290614
mworthWW    1.571219167717745
mworthUS    1.417287445181950
mworthUL   67.470079943782750
---------------
--------- PRODUCTION & CAPITAL -----
CapitalVE    4.293226621809886
ProductionVE    1.148510660987638
Totalcapital    9.329695271933339
Totallabor    0.875892182453825
Corproduction    1.644121182428731
Corcapital    5.036468650123453
Totalproduction    2.792631843416369
CapitalVE/Totalcapital    0.460167936537570
---------------
--------- TAXATION -----
Corporate revenu    0.000000000000000
Expenditure    0.014295394198231
Revenue Basis    1.051388909777339
Optimal tax    0.013596675849718
-------MASS--------
WW    0.871378453382717 
U    0.054515314406275 
VE    0.074106232211052 
-------WELFARE--------
UL  -11.831994743960124  US  -21.736366713231654  VE  -12.297447943135335  WW  -20.197931660683270  Wtot -19.460598078842242  Avg Firm:   57.933408482878221 
-------EQUILIBRIUM PRICES AND AGGREGATE--------
r    0.057688258463640 
w    1.200363390425356 
u    0.054753414622338 
-------MOMENTS GENERATED & STATISTICS--------
Ratio KY [3.04]    3.341108582306527
Ratio mworthVE/mworthWW [8]   17.056982244693458
Fraction E [7.55]    0.074076410175521
(UL:    0.023679952304420, US:    0.031073462317919) Unemploy. rate [4- 6]    0.054753414622338
Fraction of nonE>E (rlv to whole pop) [0.39]    0.020527208008252
Fraction of U>E (rlv to new entrant) [20]    0.213282085877735
Worker exit rate (rlv to workers) [3-6.5]    0.045778281157592
Nshare (US)    0.011309462994599, 	 Nshare(UL):    0.001374669910959, 	 Nshare [0.1]:    0.012684132905558
(U>E/pop>E) [0.2]    0.213282085877735
Wealth Gini [0.84]    0.802065392882087
Earning Gini [0.36]    0.371564342949213
Top 1 [41.8]    0.219905655493967
Zero wealth fraction [7- 13]    0.051959531873115
Fraction U>nonU (rlv to unemployed) [40- 65]    0.526261208593171

-------TRANSITION Worker to entrepreneur / ABILITY--------
very low	 middle 	 very high
   0.023123823744884	   0.015844288818123	   0.019454713112191	
-------TRANSITION Entrepreneur to Worker / ABILITY--------
very low 	 middle 	 very high
   0.193338940779367	   0.228505142712940	   0.211104248827399	
--------- TRANSITION MATRIX BTW CLASSES ------
  	  U     	 W     	 E 
U 	 0.4737 	 0.4463 	 0.0800 
W 	 0.0272 	 0.9542 	 0.0185 
E 	 0.0723 	 0.2142 	 0.7135 
---------------
--------- WEALTH DISTRIBUTION STATISTICS ------
Top 0.1 [22]    0.041703343404755
Top 1 [41.8]    0.219905655493967
Top 5 [?]    0.560082689218208
Top 10 [77.2]    0.747506194782034
Top 20 [?]    0.866314193300840
Bot 20 [?]    0.005173701406486
Bot 40 [?]    0.024220441094884
Bot 60 [?]    0.063246497651653
Bot 80 [?]    0.133685806699160
mworthVE   26.752535922731898
mworthWW    1.568421397111719
mworthUS    1.418808318662748
mworthUL   67.718741376019366
---------------
--------- PRODUCTION & CAPITAL -----
CapitalVE    4.292011798958618
ProductionVE    1.148198849234832
Totalcapital    9.328465073313071
Totallabor    0.875649701808335
Corproduction    1.643828061447964
Corcapital    5.036453274354453
Totalproduction    2.792026910682797
CapitalVE/Totalcapital    0.460098394025962
---------------
--------- TAXATION -----
Corporate revenu    0.000000000000000
Expenditure    0.014461897182281
Revenue Basis    1.051097844887606
Optimal tax    0.013758849618636
-------MASS--------
WW    0.871170175202183 
U    0.054753414622338 
VE    0.074076410175521 
-------WELFARE--------
UL  -11.822300996711190  US  -21.702330985467682  VE  -12.294756079211398  WW  -20.202818839674809  Wtot -19.465162710287643  Avg Firm:   57.940332000280506 
-------EQUILIBRIUM PRICES AND AGGREGATE--------
r    0.057688258463640 
w    1.200363390425356 
u    0.054838692225614 
-------MOMENTS GENERATED & STATISTICS--------
Ratio KY [3.04]    3.341272802654346
Ratio mworthVE/mworthWW [8]   17.081645700993743
Fraction E [7.55]    0.074060813509204
(UL:    0.023653985424793, US:    0.031184706800821) Unemploy. rate [4- 6]    0.054838692225614
Fraction of nonE>E (rlv to whole pop) [0.39]    0.020535491496949
Fraction of U>E (rlv to new entrant) [20]    0.213533897645345
Worker exit rate (rlv to workers) [3-6.5]    0.045777226516422
Nshare (US)    0.011312901413764, 	 Nshare(UL):    0.001377927490895, 	 Nshare [0.1]:    0.012690828904659
(U>E/pop>E) [0.2]    0.213533897645345
Wealth Gini [0.84]    0.802223731749993
Earning Gini [0.36]    0.371622167678427
Top 1 [41.8]    0.219904477215302
Zero wealth fraction [7- 13]    0.052213999965662
Fraction U>nonU (rlv to unemployed) [40- 65]    0.528204773068284

-------TRANSITION Worker to entrepreneur / ABILITY--------
very low	 middle 	 very high
   0.023117354008620	   0.015846794194278	   0.019467660532614	
-------TRANSITION Entrepreneur to Worker / ABILITY--------
very low 	 middle 	 very high
   0.193227130693899	   0.228338536649808	   0.211148311649051	
--------- TRANSITION MATRIX BTW CLASSES ------
  	  U     	 W     	 E 
U 	 0.4718 	 0.4482 	 0.0800 
W 	 0.0272 	 0.9542 	 0.0185 
E 	 0.0722 	 0.2141 	 0.7137 
---------------
--------- WEALTH DISTRIBUTION STATISTICS ------
Top 0.1 [22]    0.041700860577227
Top 1 [41.8]    0.219904477215302
Top 5 [?]    0.560151639911197
Top 10 [77.2]    0.747626437217757
Top 20 [?]    0.866492176186237
Bot 20 [?]    0.005188039170709
Bot 40 [?]    0.024250194242263
Bot 60 [?]    0.063216986874274
Bot 80 [?]    0.133507823813763
mworthVE   26.747096025747712
mworthWW    1.565838356206608
mworthUS    1.420289536099412
mworthUL   67.795561066919760
---------------
--------- PRODUCTION & CAPITAL -----
CapitalVE    4.290141458490790
ProductionVE    1.147766408595082
Totalcapital    9.327468886589784
Totallabor    0.875561784229432
Corproduction    1.643825130766784
Corcapital    5.037327428098995
Totalproduction    2.791591539361867
CapitalVE/Totalcapital    0.459947013563216
---------------
--------- TAXATION -----
Corporate revenu    0.000000000000000
Expenditure    0.014512152269950
Revenue Basis    1.050992311844517
Optimal tax    0.013808047981322
-------MASS--------
WW    0.871100494265224 
U    0.054838692225614 
VE    0.074060813509204 
-------WELFARE--------
UL  -11.824611346717870  US  -21.686531215801381  VE  -12.294186799957151  WW  -20.207259507153520  Wtot -19.469058522206748  Avg Firm:   57.927279693702559 
-------EQUILIBRIUM PRICES AND AGGREGATE--------
r    0.057688258463640 
w    1.200363390425356 
u    0.054877020923026 
-------MOMENTS GENERATED & STATISTICS--------
Ratio KY [3.04]    3.341297490058460
Ratio mworthVE/mworthWW [8]   17.100841559570519
Fraction E [7.55]    0.074063042816605
(UL:    0.023650424664808, US:    0.031226596258217) Unemploy. rate [4- 6]    0.054877020923026
Fraction of nonE>E (rlv to whole pop) [0.39]    0.020542481242180
Fraction of U>E (rlv to new entrant) [20]    0.213733234677577
Worker exit rate (rlv to workers) [3-6.5]    0.045779003848988
Nshare (US)    0.011303105236749, 	 Nshare(UL):    0.001377840755621, 	 Nshare [0.1]:    0.012680945992369
(U>E/pop>E) [0.2]    0.213733234677577
Wealth Gini [0.84]    0.802357663942188
Earning Gini [0.36]    0.371656597740014
Top 1 [41.8]    0.219888520371199
Zero wealth fraction [7- 13]    0.052292297839328
Fraction U>nonU (rlv to unemployed) [40- 65]    0.528636821907158

-------TRANSITION Worker to entrepreneur / ABILITY--------
very low	 middle 	 very high
   0.023111594616144	   0.015849010678227	   0.019478408420838	
-------TRANSITION Entrepreneur to Worker / ABILITY--------
very low 	 middle 	 very high
   0.193147452161393	   0.228112229378883	   0.211095340441704	
--------- TRANSITION MATRIX BTW CLASSES ------
  	  U     	 W     	 E 
U 	 0.4714 	 0.4486 	 0.0800 
W 	 0.0272 	 0.9542 	 0.0185 
E 	 0.0722 	 0.2140 	 0.7138 
---------------
--------- WEALTH DISTRIBUTION STATISTICS ------
Top 0.1 [22]    0.041695927319856
Top 1 [41.8]    0.219888520371199
Top 5 [?]    0.560213872970988
Top 10 [77.2]    0.747738688729438
Top 20 [?]    0.866658159004831
Bot 20 [?]    0.005202131552443
Bot 40 [?]    0.024285152697979
Bot 60 [?]    0.063206060903499
Bot 80 [?]    0.133341840995169
mworthVE   26.737378648300744
mworthWW    1.563512447920267
mworthUS    1.420436654243484
mworthUL   67.832577376117399
---------------
--------- PRODUCTION & CAPITAL -----
CapitalVE    4.289100501333383
ProductionVE    1.147539915963303
Totalcapital    9.326658883023214
Totallabor    0.875508782699632
Corproduction    1.643788575670058
Corcapital    5.037558381689831
Totalproduction    2.791328491633361
CapitalVE/Totalcapital    0.459875348195760
---------------
--------- TAXATION -----
Corporate revenu    0.000000000000000
Expenditure    0.014530640764132
Revenue Basis    1.050928690748507
Optimal tax    0.013826476422280
-------MASS--------
WW    0.871059936260411 
U    0.054877020923026 
VE    0.074063042816605 
-------WELFARE--------
UL  -11.824364618041630  US  -21.680247014829952  VE  -12.294560985266376  WW  -20.211226912658727  Wtot -19.472414187867098  Avg Firm:   57.911481060183760 
-------EQUILIBRIUM PRICES AND AGGREGATE--------
r    0.057688258463640 
w    1.200363390425356 
u    0.054901801427877 
-------MOMENTS GENERATED & STATISTICS--------
Ratio KY [3.04]    3.341280681498541
Ratio mworthVE/mworthWW [8]   17.118058638258493
Fraction E [7.55]    0.074070920871473
(UL:    0.023657404305037, US:    0.031244397122840) Unemploy. rate [4- 6]    0.054901801427877
Fraction of nonE>E (rlv to whole pop) [0.39]    0.020546381598742
Fraction of U>E (rlv to new entrant) [20]    0.213875447324606
Worker exit rate (rlv to workers) [3-6.5]    0.045779853332921
Nshare (US)    0.011294275115446, 	 Nshare(UL):    0.001377854878714, 	 Nshare [0.1]:    0.012672129994159
(U>E/pop>E) [0.2]    0.213875447324606
Wealth Gini [0.84]    0.802476124338006
Earning Gini [0.36]    0.371683686247421
Top 1 [41.8]    0.219860763691050
Zero wealth fraction [7- 13]    0.052434612002020
Fraction U>nonU (rlv to unemployed) [40- 65]    0.528629024367978

-------TRANSITION Worker to entrepreneur / ABILITY--------
very low	 middle 	 very high
   0.023104824667537	   0.015850373044474	   0.019485531790635	
-------TRANSITION Entrepreneur to Worker / ABILITY--------
very low 	 middle 	 very high
   0.193100946554609	   0.228040943784196	   0.211074798983424	
--------- TRANSITION MATRIX BTW CLASSES ------
  	  U     	 W     	 E 
U 	 0.4714 	 0.4486 	 0.0800 
W 	 0.0272 	 0.9542 	 0.0185 
E 	 0.0723 	 0.2139 	 0.7138 
---------------
--------- WEALTH DISTRIBUTION STATISTICS ------
Top 0.1 [22]    0.041690463950007
Top 1 [41.8]    0.219860763691050
Top 5 [?]    0.560275759491115
Top 10 [77.2]    0.747850526968576
Top 20 [?]    0.866807720475198
Bot 20 [?]    0.005215294510400
Bot 40 [?]    0.024321350202713
Bot 60 [?]    0.063205364774452
Bot 80 [?]    0.133192279524802
mworthVE   26.727646619232324
mworthWW    1.561371367165235
mworthUS    1.419709350509356
mworthUL   67.852575721571981
---------------
--------- PRODUCTION & CAPITAL -----
CapitalVE    4.288445743130628
ProductionVE    1.147407991481423
Totalcapital    9.326001939877269
Totallabor    0.875466846966159
Corproduction    1.643737927961246
Corcapital    5.037556196746642
Totalproduction    2.791145919442668
CapitalVE/Totalcapital    0.459837534967000
---------------
--------- TAXATION -----
Corporate revenu    0.000000000000000
Expenditure    0.014538426349407
Revenue Basis    1.050878352629295
Optimal tax    0.013834547369857
-------MASS--------
WW    0.871027277700692 
U    0.054901801427877 
VE    0.074070920871473 
-------WELFARE--------
UL  -11.823111632391782  US  -21.678574314794304  VE  -12.295142642293813  WW  -20.214735050413225  Wtot -19.475336295142526  Avg Firm:   57.896482083324976 
-------EQUILIBRIUM PRICES AND AGGREGATE--------
r    0.057688258463640 
w    1.200363390425356 
u    0.054921853608096 
-------MOMENTS GENERATED & STATISTICS--------
Ratio KY [3.04]    3.341248186283146
Ratio mworthVE/mworthWW [8]   17.135475898342349
Fraction E [7.55]    0.074078597776860
(UL:    0.023669277738828, US:    0.031252575869268) Unemploy. rate [4- 6]    0.054921853608096
Fraction of nonE>E (rlv to whole pop) [0.39]    0.020546740876832
Fraction of U>E (rlv to new entrant) [20]    0.213999448347955
Worker exit rate (rlv to workers) [3-6.5]    0.045777994603115
Nshare (US)    0.011285821557899, 	 Nshare(UL):    0.001377760474369, 	 Nshare [0.1]:    0.012663582032269
(U>E/pop>E) [0.2]    0.213999448347955
Wealth Gini [0.84]    0.802589335631550
Earning Gini [0.36]    0.371706402904003
Top 1 [41.8]    0.219829297799123
Zero wealth fraction [7- 13]    0.052523472346924
Fraction U>nonU (rlv to unemployed) [40- 65]    0.528515969391795

-------TRANSITION Worker to entrepreneur / ABILITY--------
very low	 middle 	 very high
   0.023095169894646	   0.015850128958178	   0.019487304025730	
-------TRANSITION Entrepreneur to Worker / ABILITY--------
very low 	 middle 	 very high
   0.193079737520738	   0.227999325510355	   0.211080945659078	
--------- TRANSITION MATRIX BTW CLASSES ------
  	  U     	 W     	 E 
U 	 0.4715 	 0.4485 	 0.0801 
W 	 0.0272 	 0.9542 	 0.0185 
E 	 0.0723 	 0.2139 	 0.7138 
---------------
--------- WEALTH DISTRIBUTION STATISTICS ------
Top 0.1 [22]    0.041692307515229
Top 1 [41.8]    0.219829297799123
Top 5 [?]    0.560343944047219
Top 10 [77.2]    0.747968674853190
Top 20 [?]    0.866949239924209
Bot 20 [?]    0.005226946572909
Bot 40 [?]    0.024355873743532
Bot 60 [?]    0.063212477437840
Bot 80 [?]    0.133050760075791
mworthVE   26.719627816989792
mworthWW    1.559316354883064
mworthUS    1.418457065109372
mworthUL   67.864817402901437
---------------
--------- PRODUCTION & CAPITAL -----
CapitalVE    4.287956159133345
ProductionVE    1.147314864061778
Totalcapital    9.325427835522223
Totallabor    0.875432208971129
Corproduction    1.643686377272518
Corcapital    5.037471676388877
Totalproduction    2.791001241334295
CapitalVE/Totalcapital    0.459813344198510
---------------
--------- TAXATION -----
Corporate revenu    0.000000000000000
Expenditure    0.014541991630621
Revenue Basis    1.050836774448145
Optimal tax    0.013838487559838
-------MASS--------
WW    0.870999548615086 
U    0.054921853608096 
VE    0.074078597776860 
-------WELFARE--------
UL  -11.821706963925791  US  -21.678977014320090  VE  -12.295601810490860  WW  -20.217819110811345  Wtot -19.477887399826276  Avg Firm:   57.883873180881878 
-------EQUILIBRIUM PRICES AND AGGREGATE--------
r    0.057688258463640 
w    1.200363390425356 
u    0.054939130094145 
-------MOMENTS GENERATED & STATISTICS--------
Ratio KY [3.04]    3.341194174539784
Ratio mworthVE/mworthWW [8]   17.155925547712176
Fraction E [7.55]    0.074081927555008
(UL:    0.023682581426706, US:    0.031256548667439) Unemploy. rate [4- 6]    0.054939130094145
Fraction of nonE>E (rlv to whole pop) [0.39]    0.020543370096392
Fraction of U>E (rlv to new entrant) [20]    0.214128998186961
Worker exit rate (rlv to workers) [3-6.5]    0.045772532557823
Nshare (US)    0.011277505917627, 	 Nshare(UL):    0.001377682365679, 	 Nshare [0.1]:    0.012655188283306
(U>E/pop>E) [0.2]    0.214128998186961
Wealth Gini [0.84]    0.802707799381157
Earning Gini [0.36]    0.371723665351581
Top 1 [41.8]    0.219798358985880
Zero wealth fraction [7- 13]    0.052578767174094
Fraction U>nonU (rlv to unemployed) [40- 65]    0.528394199575307

-------TRANSITION Worker to entrepreneur / ABILITY--------
very low	 middle 	 very high
   0.023081532762684	   0.015847831004415	   0.019482575197225	
-------TRANSITION Entrepreneur to Worker / ABILITY--------
very low 	 middle 	 very high
   0.193077442023534	   0.227976686567528	   0.211110036243128	
--------- TRANSITION MATRIX BTW CLASSES ------
  	  U     	 W     	 E 
U 	 0.4716 	 0.4483 	 0.0801 
W 	 0.0272 	 0.9542 	 0.0185 
E 	 0.0725 	 0.2139 	 0.7136 
---------------
--------- WEALTH DISTRIBUTION STATISTICS ------
Top 0.1 [22]    0.041693415534101
Top 1 [41.8]    0.219798358985880
Top 5 [?]    0.560428906899820
Top 10 [77.2]    0.748101421968663
Top 20 [?]    0.867086083652244
Bot 20 [?]    0.005238598009666
Bot 40 [?]    0.024392434087512
Bot 60 [?]    0.063226371230199
Bot 80 [?]    0.132913916347756
mworthVE   26.714981887901406
mworthWW    1.557186863139772
mworthUS    1.416815875659261
mworthUL   67.874363948602152
---------------
--------- PRODUCTION & CAPITAL -----
CapitalVE    4.287532678073522
ProductionVE    1.147233745640559
Totalcapital    9.324837478308584
Totallabor    0.875406533945716
Corproduction    1.643635922864412
Corcapital    5.037304800235062
Totalproduction    2.790869668504970
CapitalVE/Totalcapital    0.459797040757780
---------------
--------- TAXATION -----
Corporate revenu    0.000000000000000
Expenditure    0.014543741209599
Revenue Basis    1.050805955087592
Optimal tax    0.013840558420119
-------MASS--------
WW    0.870978942350889 
U    0.054939130094145 
VE    0.074081927555008 
-------WELFARE--------
UL  -11.820356981795126  US  -21.680251122314473  VE  -12.295668304834795  WW  -20.220537583648436  Wtot -19.480135638012715  Avg Firm:   57.875555072320715 
-------EQUILIBRIUM PRICES AND AGGREGATE--------
r    0.057688258463640 
w    1.200363390425356 
u    0.054952747776093 
-------MOMENTS GENERATED & STATISTICS--------
Ratio KY [3.04]    3.341109820285315
Ratio mworthVE/mworthWW [8]   17.165480559301084
Fraction E [7.55]    0.074129033125480
(UL:    0.023694452609542, US:    0.031258295166550) Unemploy. rate [4- 6]    0.054952747776093
Fraction of nonE>E (rlv to whole pop) [0.39]    0.020586893576360
Fraction of U>E (rlv to new entrant) [20]    0.213784004694727
Worker exit rate (rlv to workers) [3-6.5]    0.045823032980232
Nshare (US)    0.011164716456404, 	 Nshare(UL):    0.001368558813280, 	 Nshare [0.1]:    0.012533275269684
(U>E/pop>E) [0.2]    0.213784004694727
Wealth Gini [0.84]    0.802841690536107
Earning Gini [0.36]    0.371770927500856
Top 1 [41.8]    0.219771787644241
Zero wealth fraction [7- 13]    0.052615390966297
Fraction U>nonU (rlv to unemployed) [40- 65]    0.528311072874431

-------TRANSITION Worker to entrepreneur / ABILITY--------
very low	 middle 	 very high
   0.023064450677753	   0.015843831496937	   0.019700770681830	
-------TRANSITION Entrepreneur to Worker / ABILITY--------
very low 	 middle 	 very high
   0.193089526230400	   0.227964957523357	   0.210604754144954	
--------- TRANSITION MATRIX BTW CLASSES ------
  	  U     	 W     	 E 
U 	 0.4717 	 0.4482 	 0.0801 
W 	 0.0272 	 0.9542 	 0.0186 
E 	 0.0721 	 0.2138 	 0.7142 
---------------
--------- WEALTH DISTRIBUTION STATISTICS ------
Top 0.1 [22]    0.041699326475603
Top 1 [41.8]    0.219771787644241
Top 5 [?]    0.560533425425467
Top 10 [77.2]    0.748257530631113
Top 20 [?]    0.867224302560527
Bot 20 [?]    0.005251927290924
Bot 40 [?]    0.024433502710494
Bot 60 [?]    0.063259525399184
Bot 80 [?]    0.132775697439473
mworthVE   26.687712796788194
mworthWW    1.554731468460258
mworthUS    1.414782449446947
mworthUL   67.884449070580573
---------------
--------- PRODUCTION & CAPITAL -----
CapitalVE    4.287501259547017
ProductionVE    1.147293014365125
Totalcapital    9.324123709513348
Totallabor    0.875304768170439
Corproduction    1.643433484028486
Corcapital    5.036622449966330
Totalproduction    2.790726498393612
CapitalVE/Totalcapital    0.459828868976985
---------------
--------- TAXATION -----
Corporate revenu    0.000000000000000
Expenditure    0.014544523274607
Revenue Basis    1.050683799176549
Optimal tax    0.013842911907470
-------MASS--------
WW    0.870918219098469 
U    0.054952747776093 
VE    0.074129033125480 
-------WELFARE--------
UL  -11.819079277527273  US  -21.681885296155148  VE  -12.298528639343361  WW  -20.223111709265588  Wtot -19.482139855547828  Avg Firm:   57.838353999430240 
-------EQUILIBRIUM PRICES AND AGGREGATE--------
r    0.057688258463640 
w    1.200363390425356 
u    0.086716696979605 
-------MOMENTS GENERATED & STATISTICS--------
Ratio KY [3.04]                  nan
Ratio mworthVE/mworthWW                  nan
Fraction E [7.55]    0.066716129812932
(UL:    0.038921929713728, US:    0.047794767265877) Unemploy. rate [4- 6]    0.086716696979605
Fraction of nonE>E (rlv to whole pop) [0.39]    0.000000000000000
Fraction of U>E (rlv to new entrant) [20]                  nan
Worker exit rate (rlv to workers) [3-6.5]    0.028764457991800
Nshare (US)                  nan, 	 Nshare(UL):                  nan, 	 Nshare [0.1]:                  nan
(U>E/pop>E) [0.2]                  nan
Wealth Gini [0.84]                  nan
Earning Gini [0.36]    0.389590484466670
Top 1 [41.8]                  nan
Zero wealth fraction [7- 13]    1.000000000000041
Fraction U>nonU (rlv to unemployed) [40- 65]    0.000000000000000

-------TRANSITION Worker to entrepreneur / ABILITY--------
very low	 middle 	 very high
   0.000000000000000	   0.000000000000000	   0.000000000000000	
-------TRANSITION Entrepreneur to Worker / ABILITY--------
very low 	 middle 	 very high
   0.000000000000000	   0.000000000000000	   0.000000000000000	
--------- TRANSITION MATRIX BTW CLASSES ------
  	  U     	 W     	 E 
U 	 1.0000 	 0.0000 	 0.0000 
W 	 0.0288 	 0.9712 	 0.0000 
E 	 0.1111 	 0.0000 	 0.8889 
---------------
--------- WEALTH DISTRIBUTION STATISTICS ------
Top 0.1 [22]                  nan
Top 1 [41.8]                  nan
Top 5 [?]                  nan
Top 10 [77.2]                  nan
Top 20 [?]                  nan
Bot 20 [?]                  nan
Bot 40 [?]                  nan
Bot 60 [?]                  nan
Bot 80 [?]                  nan
mworthVE    0.000000000000000
mworthWW    0.000000000000000
mworthUS    0.000000000000000
mworthUL    0.000000000000000
---------------
--------- PRODUCTION & CAPITAL -----
CapitalVE    0.000000000000000
ProductionVE    0.000000000000000
Totalcapital    0.000000000000000
Totallabor    0.851155248035970
Corproduction    0.000000000000000
Corcapital    0.000000000000000
Totalproduction    0.000000000000000
CapitalVE/Totalcapital                  nan
---------------
--------- TAXATION -----
Corporate revenu    0.000000000000000
Expenditure    0.022242176248892
Revenue Basis    1.021695599310791
Optimal tax    0.021769865959975
-------MASS--------
WW    0.846567173207504 
U    0.086716696979605 
VE    0.066716129812932 
-------WELFARE--------
UL   -2.933825426820239  US   -2.955354607618750  VE   -1.933904899400419  WW   -3.083788733009262  Wtot  -2.995097593501386  Avg Firm:    0.000000000000000 
