===================Program Starting: Mon Jan 30 18:53:22 2017

------ Estimated Model parameters------
             betapar		   0.865396000000000
              Etapar		   0.034000000000000	   0.027000000000000	   0.024000000000000
               Kappa		   1.905863000000000	   1.955863000000000	   2.005863000000000
                PROD		   0.250000000000000	   1.000000000000000	   1.750000000000000
              GTRANS		   0.467619000000000	   0.512354000000000	   0.727289000000000
             phiparW		   1.881663000000000
             phiparE		   2.646747000000000
             costpar		   0.000000000000000
               nupar		   0.876906000000000
                fpar		   0.830166000000000
               mupar		   0.100000000000000
               xipar		   1.000000000000000

------ Fixed Model parameters------
             maxgrid		                 250
             Gridmin		   0.000000000000000
             Gridmax		5000.000000000000000
             corptax		   0.000000000000000
            alphapar		   0.360000000000000
            deltapar		   0.060000000000000
             rhostar		   0.400000000000000
            sigmapar		   1.390000000000000
              TFPpar		   1.000000000000000
              pLTpar		   0.250000000000000
          EffortMaxU		 100.000000000000000
          EffortMaxE		 100.000000000000000

------ Convergence criterions------
        epsilonValue		   0.000001000000000
        epsilonendoK		   0.000001000000000
           maxiterVF		   0.000001000000000
        maxiterendoK		   0.000001000000000
         epsilonDist		   0.000000010000000
        epsilonprice		   0.000010000000000
       epsilonparams		   0.000001000000000
          relaxendoK		   0.300000000000000
              relaxK		   0.050000000000000
            relaxTax		   0.200000000000000
----------------------------
R:    0.070000000000000,	 W:    1.135029096946556,	 K:    4.380284646201778	, L:    0.891900000000000, 	 TAX:    0.141700000000000

-------EQUILIBRIUM PRICES AND AGGREGATE--------
r    0.070000000000000 
w    1.135029096946556 
u    0.038480631162415 
-------MOMENTS GENERATED & STATISTICS--------
Ratio KY [3.04]    1.143180469340631
Ratio mworthVE/mworthWW [8]    1.919823873277334
Fraction E [7.55]    0.001343116250001
(UL:    0.003507179986175, US:    0.034973451176240) Unemploy. rate [4- 6]    0.038480631162415
Fraction of nonE>E (rlv to whole pop) [0.39]    0.000936654368797
Fraction of U>E (rlv to new entrant) [20]    0.739790868893805
Worker exit rate (rlv to workers) [3-6.5]    0.027957599226314
Nshare (US)    0.558982589517975, 	 Nshare(UL):    0.161452460971261, 	 Nshare [0.1]:    0.720435050489236
(U>E/pop>E) [0.2]    0.739790868893805
Wealth Gini [0.84]    0.414529533041216
Earning Gini [0.36]    0.309216451406848
Top 1 [41.8]    0.049562227196858
Zero wealth fraction [7- 13]    0.070988021821738
Fraction U>nonU (rlv to unemployed) [40- 65]    0.698924627293458

-------TRANSITION Worker to entrepreneur / ABILITY--------
very low	 middle 	 very high
   0.000994702636570	   0.000007377701801	   0.000011560678566	
-------TRANSITION Entrepreneur to Worker / ABILITY--------
very low 	 middle 	 very high
   0.424338625499354	   1.082444310389812	   0.791984577781513	
--------- TRANSITION MATRIX BTW CLASSES ------
  	  U     	 W     	 E 
U 	 0.3011 	 0.6809 	 0.0180 
W 	 0.0277 	 0.9720 	 0.0003 
E 	 0.0187 	 0.6805 	 0.3008 
---------------
--------- WEALTH DISTRIBUTION STATISTICS ------
Top 0.1 [22]    0.005683900880755
Top 1 [41.8]    0.049562227196858
Top 5 [?]    0.159539135618067
Top 10 [77.2]    0.273258140570373
Top 20 [?]    0.436033761621598
Bot 20 [?]    0.016849724866810
Bot 40 [?]    0.121019531094774
Bot 60 [?]    0.278190767373556
Bot 80 [?]    0.563966238378402
mworthVE    1.944813524179335
mworthWW    1.013016637228987
mworthUS    0.875673645391388
mworthUL    0.617922579098088
---------------
--------- PRODUCTION & CAPITAL -----
CapitalVE    0.004115379108617
ProductionVE    0.001690579007556
Totalcapital    1.186325152020158
Totallabor    0.961926543752192
Corproduction    1.036050341027941
Corcapital    1.182209772911541
Totalproduction    1.037740920035497
CapitalVE/Totalcapital    0.003469014461684
---------------
--------- TAXATION -----
Corporate revenu    0.000000000000000
Expenditure    0.015278829837100
Revenue Basis    1.091814616283973
Optimal tax    0.013993978106926
-------MASS--------
WW    0.960176252587584 
U    0.038480631162415 
VE    0.001343116250001 
-------WELFARE--------
UL  -24.388051411963563  US  -22.281944111769853  VE  -20.655457277740449  WW  -20.337080803473071  Wtot -20.419734485089137  Avg Firm:    3.064052801545802 
R:    0.074465366622621,	 W:    1.113670608204797,	 K:    4.220380902537266	, L:    0.905905308750438, 	 TAX:    0.116158795621385

-------EQUILIBRIUM PRICES AND AGGREGATE--------
r    0.074465366622621 
w    1.113670608204797 
u    0.038797565191960 
-------MOMENTS GENERATED & STATISTICS--------
Ratio KY [3.04]    1.204921160739073
Ratio mworthVE/mworthWW [8]    1.971353736190817
Fraction E [7.55]    0.001601362929159
(UL:    0.003660705388386, US:    0.035136859803574) Unemploy. rate [4- 6]    0.038797565191960
Fraction of nonE>E (rlv to whole pop) [0.39]    0.001061370360988
Fraction of U>E (rlv to new entrant) [20]    0.700241144389763
Worker exit rate (rlv to workers) [3-6.5]    0.028021994231272
Nshare (US)    0.523324025844351, 	 Nshare(UL):    0.150774247948013, 	 Nshare [0.1]:    0.674098273792364
(U>E/pop>E) [0.2]    0.700241144389763
Wealth Gini [0.84]    0.415273125120029
Earning Gini [0.36]    0.309567544295969
Top 1 [41.8]    0.049943774673095
Zero wealth fraction [7- 13]    0.066345994625332
Fraction U>nonU (rlv to unemployed) [40- 65]    0.693052858281336

-------TRANSITION Worker to entrepreneur / ABILITY--------
very low	 middle 	 very high
   0.001246643054042	   0.000021259565938	   0.000044618244556	
-------TRANSITION Entrepreneur to Worker / ABILITY--------
very low 	 middle 	 very high
   0.401108658986584	   1.050234191031939	   0.724831445861908	
--------- TRANSITION MATRIX BTW CLASSES ------
  	  U     	 W     	 E 
U 	 0.3069 	 0.6739 	 0.0192 
W 	 0.0277 	 0.9720 	 0.0003 
E 	 0.0244 	 0.6419 	 0.3337 
---------------
--------- WEALTH DISTRIBUTION STATISTICS ------
Top 0.1 [22]    0.010554189073947
Top 1 [41.8]    0.049943774673095
Top 5 [?]    0.150605385332974
Top 10 [77.2]    0.258314344067218
Top 20 [?]    0.456926039860409
Bot 20 [?]    0.019388323113131
Bot 40 [?]    0.121283130735987
Bot 60 [?]    0.300248392865524
Bot 80 [?]    0.543073960139591
mworthVE    2.156239830365853
mworthWW    1.093786361514340
mworthUS    0.951679904509072
mworthUL    0.695499791562756
---------------
--------- PRODUCTION & CAPITAL -----
CapitalVE    0.007319795912669
ProductionVE    0.002771904825571
Totalcapital    1.287670697907159
Totallabor    0.961473251425025
Corproduction    1.065904403520885
Corcapital    1.280350901994490
Totalproduction    1.068676308346456
CapitalVE/Totalcapital    0.005684524719376
---------------
--------- TAXATION -----
Corporate revenu    0.000000000000000
Expenditure    0.015055788716206
Revenue Basis    1.070764500687151
Optimal tax    0.014060784333571
-------MASS--------
WW    0.959601071878883 
U    0.038797565191960 
VE    0.001601362929159 
-------WELFARE--------
UL  -23.938914500123623  US  -22.041352821238256  VE  -20.021114789913479  WW  -20.137567638706720  Wtot -20.218189799425144  Avg Firm:    4.570978745282821 
R:    0.078628808678842,	 W:    1.094731316469155,	 K:    4.073379402510127	, L:    0.917018897285356, 	 TAX:    0.095739193363822

-------EQUILIBRIUM PRICES AND AGGREGATE--------
r    0.078628808678842 
w    1.094731316469155 
u    0.039187401065554 
-------MOMENTS GENERATED & STATISTICS--------
Ratio KY [3.04]    1.275358669048241
Ratio mworthVE/mworthWW [8]    2.109885320846500
Fraction E [7.55]    0.002068865945752
(UL:    0.003892609655231, US:    0.035294791410322) Unemploy. rate [4- 6]    0.039187401065554
Fraction of nonE>E (rlv to whole pop) [0.39]    0.001259770939870
Fraction of U>E (rlv to new entrant) [20]    0.635581167525566
Worker exit rate (rlv to workers) [3-6.5]    0.028155916168162
Nshare (US)    0.460301046187123, 	 Nshare(UL):    0.134340207065055, 	 Nshare [0.1]:    0.594641253252178
(U>E/pop>E) [0.2]    0.635581167525566
Wealth Gini [0.84]    0.422759840213252
Earning Gini [0.36]    0.310118266630379
Top 1 [41.8]    0.061959186607029
Zero wealth fraction [7- 13]    0.061945391825480
Fraction U>nonU (rlv to unemployed) [40- 65]    0.686393288512379

-------TRANSITION Worker to entrepreneur / ABILITY--------
very low	 middle 	 very high
   0.001568308562309	   0.000077568056059	   0.000201477128260	
-------TRANSITION Entrepreneur to Worker / ABILITY--------
very low 	 middle 	 very high
   0.377950840619968	   0.917723642231472	   0.592154666914805	
--------- TRANSITION MATRIX BTW CLASSES ------
  	  U     	 W     	 E 
U 	 0.3136 	 0.6660 	 0.0204 
W 	 0.0277 	 0.9718 	 0.0005 
E 	 0.0389 	 0.5762 	 0.3849 
---------------
--------- WEALTH DISTRIBUTION STATISTICS ------
Top 0.1 [22]    0.023641647186259
Top 1 [41.8]    0.061959186607029
Top 5 [?]    0.182476855966802
Top 10 [77.2]    0.288237862028564
Top 20 [?]    0.440825318183452
Bot 20 [?]    0.022651335121043
Bot 40 [?]    0.120461647776899
Bot 60 [?]    0.289218848890571
Bot 80 [?]    0.559174681816548
mworthVE    2.479562761566627
mworthWW    1.175212101372320
mworthUS    1.028669692993415
mworthUL    0.796566934452400
---------------
--------- PRODUCTION & CAPITAL -----
CapitalVE    0.018243088623226
ProductionVE    0.006233140673782
Totalcapital    1.407039884080596
Totallabor    0.960725287798540
Corproduction    1.097017198409751
Corcapital    1.388796795457369
Totalproduction    1.103250339083534
CapitalVE/Totalcapital    0.012965580314837
---------------
--------- TAXATION -----
Corporate revenu    0.000000000000000
Expenditure    0.014860400221272
Revenue Basis    1.051736059076904
Optimal tax    0.014129400711348
-------MASS--------
WW    0.958743732988697 
U    0.039187401065554 
VE    0.002068865945752 
-------WELFARE--------
UL  -23.289574155595417  US  -21.835495818566923  VE  -18.776660794173299  WW  -19.970742885964398  Wtot -20.047007470620549  Avg Firm:    8.817917207580177 
R:    0.082496404373128,	 W:    1.077917278728611,	 K:    3.939150272157489	, L:    0.925760175387993, 	 TAX:    0.079417234833328

-------EQUILIBRIUM PRICES AND AGGREGATE--------
r    0.082496404373128 
w    1.077917278728611 
u    0.039762948823474 
-------MOMENTS GENERATED & STATISTICS--------
Ratio KY [3.04]    1.372874470059312
Ratio mworthVE/mworthWW [8]    2.462691616443995
Fraction E [7.55]    0.003169218179574
(UL:    0.004351091208153, US:    0.035411857615321) Unemploy. rate [4- 6]    0.039762948823474
Fraction of nonE>E (rlv to whole pop) [0.39]    0.001700708013864
Fraction of U>E (rlv to new entrant) [20]    0.530594963103169
Worker exit rate (rlv to workers) [3-6.5]    0.028491782424662
Nshare (US)    0.355041334996769, 	 Nshare(UL):    0.104588103218824, 	 Nshare [0.1]:    0.459629438215593
(U>E/pop>E) [0.2]    0.530594963103169
Wealth Gini [0.84]    0.447695801060935
Earning Gini [0.36]    0.311223068280084
Top 1 [41.8]    0.095510699915389
Zero wealth fraction [7- 13]    0.057830132321259
Fraction U>nonU (rlv to unemployed) [40- 65]    0.677783982264958

-------TRANSITION Worker to entrepreneur / ABILITY--------
very low	 middle 	 very high
   0.002192837660756	   0.000247393150980	   0.000661708354054	
-------TRANSITION Entrepreneur to Worker / ABILITY--------
very low 	 middle 	 very high
   0.345914168464316	   0.719282590443028	   0.440699884902834	
--------- TRANSITION MATRIX BTW CLASSES ------
  	  U     	 W     	 E 
U 	 0.3222 	 0.6551 	 0.0227 
W 	 0.0277 	 0.9715 	 0.0008 
E 	 0.0616 	 0.4835 	 0.4549 
---------------
--------- WEALTH DISTRIBUTION STATISTICS ------
Top 0.1 [22]    0.049632841556938
Top 1 [41.8]    0.095510699915389
Top 5 [?]    0.207483729477638
Top 10 [77.2]    0.302174685717670
Top 20 [?]    0.479866545549826
Bot 20 [?]    0.018870420984792
Bot 40 [?]    0.116256900230219
Bot 60 [?]    0.271059688193912
Bot 80 [?]    0.520133454450174
mworthVE    3.094216595090331
mworthWW    1.256436889795494
mworthUS    1.105455274695622
mworthUL    0.974314357435162
---------------
--------- PRODUCTION & CAPITAL -----
CapitalVE    0.051129359641258
ProductionVE    0.016420335856979
Totalcapital    1.580004170915202
Totallabor    0.959167631323528
Corproduction    1.134452672107792
Corcapital    1.528874811273945
Totalproduction    1.150873007964772
CapitalVE/Totalcapital    0.032360268778051
---------------
--------- TAXATION -----
Corporate revenu    0.000000000000000
Expenditure    0.014676272450614
Revenue Basis    1.033903363000824
Optimal tax    0.014195013746756
-------MASS--------
WW    0.957067832996953 
U    0.039762948823474 
VE    0.003169218179574 
-------WELFARE--------
UL  -22.074909689015890  US  -21.649178007779533  VE  -16.982682574711834  WW  -19.823090815724470  Wtot -19.888551951229822  Avg Firm:   16.133114460467596 
R:    0.086028978231921,	 W:    1.063171110513360,	 K:    3.818636499113311	, L:    0.932441666575100, 	 TAX:    0.066372790616013

-------EQUILIBRIUM PRICES AND AGGREGATE--------
r    0.086028978231921 
w    1.063171110513360 
u    0.040641597539416 
-------MOMENTS GENERATED & STATISTICS--------
Ratio KY [3.04]    1.506492515746981
Ratio mworthVE/mworthWW [8]    4.552095412548712
Fraction E [7.55]    0.004863323280607
(UL:    0.005148399020610, US:    0.035493198518806) Unemploy. rate [4- 6]    0.040641597539416
Fraction of nonE>E (rlv to whole pop) [0.39]    0.002348987987057
Fraction of U>E (rlv to new entrant) [20]    0.450725202113712
Worker exit rate (rlv to workers) [3-6.5]    0.028986037492017
Nshare (US)    0.267903589453275, 	 Nshare(UL):    0.079271096860854, 	 Nshare [0.1]:    0.347174686314129
(U>E/pop>E) [0.2]    0.450725202113712
Wealth Gini [0.84]    0.489698713168760
Earning Gini [0.36]    0.313007376783036
Top 1 [41.8]    0.163199062044875
Zero wealth fraction [7- 13]    0.053949635146993
Fraction U>nonU (rlv to unemployed) [40- 65]    0.666136200294624

-------TRANSITION Worker to entrepreneur / ABILITY--------
very low	 middle 	 very high
   0.002810362919868	   0.000581688735729	   0.001447429299718	
-------TRANSITION Entrepreneur to Worker / ABILITY--------
very low 	 middle 	 very high
   0.320806582456585	   0.546877569588582	   0.357935046037748	
--------- TRANSITION MATRIX BTW CLASSES ------
  	  U     	 W     	 E 
U 	 0.3339 	 0.6401 	 0.0261 
W 	 0.0276 	 0.9710 	 0.0014 
E 	 0.0836 	 0.4084 	 0.5081 
---------------
--------- WEALTH DISTRIBUTION STATISTICS ------
Top 0.1 [22]    0.069706396499242
Top 1 [41.8]    0.163199062044875
Top 5 [?]    0.261998122855855
Top 10 [77.2]    0.372774266596222
Top 20 [?]    0.532025770019652
Bot 20 [?]    0.018720872414981
Bot 40 [?]    0.108689188389445
Bot 60 [?]    0.245594994946650
Bot 80 [?]    0.467974229980348
mworthVE    6.090229880737084
mworthWW    1.337895920183969
mworthUS    1.183174965190758
mworthUL    1.297183059701564
---------------
--------- PRODUCTION & CAPITAL -----
CapitalVE    0.115268568758889
ProductionVE    0.035956608959854
Totalcapital    1.833552704303502
Totallabor    0.956603965608352
Corproduction    1.181143831392717
Corcapital    1.718284135544613
Totalproduction    1.217100440352571
CapitalVE/Totalcapital    0.062866242398347
---------------
--------- TAXATION -----
Corporate revenu    0.000000000000000
Expenditure    0.014503669019766
Revenue Basis    1.017033700437315
Optimal tax    0.014260755581186
-------MASS--------
WW    0.954495079179981 
U    0.040641597539416 
VE    0.004863323280607 
-------WELFARE--------
UL  -20.335725730251227  US  -21.471436458129048  VE  -15.317699655079025  WW  -19.685292851634838  Wtot -19.730796471565530  Avg Firm:   23.701605282655485 
R:    0.089151234055170,	 W:    1.050594267992874,	 K:    3.713618880934876	, L:    0.937274126381750, 	 TAX:    0.055950383609048

-------EQUILIBRIUM PRICES AND AGGREGATE--------
r    0.089151234055170 
w    1.050594267992874 
u    0.041814314959339 
-------MOMENTS GENERATED & STATISTICS--------
Ratio KY [3.04]    1.666714355988746
Ratio mworthVE/mworthWW [8]    6.476687257173134
Fraction E [7.55]    0.007082550956814
(UL:    0.006273214336448, US:    0.035541100622890) Unemploy. rate [4- 6]    0.041814314959339
Fraction of nonE>E (rlv to whole pop) [0.39]    0.003200912400578
Fraction of U>E (rlv to new entrant) [20]    0.395191421151243
Worker exit rate (rlv to workers) [3-6.5]    0.029642504275090
Nshare (US)    0.202884279550875, 	 Nshare(UL):    0.060382781750520, 	 Nshare [0.1]:    0.263267061301394
(U>E/pop>E) [0.2]    0.395191421151243
Wealth Gini [0.84]    0.537314369683699
Earning Gini [0.36]    0.315344288137365
Top 1 [41.8]    0.228029170222867
Zero wealth fraction [7- 13]    0.050447250019690
Fraction U>nonU (rlv to unemployed) [40- 65]    0.651855978347216

-------TRANSITION Worker to entrepreneur / ABILITY--------
very low	 middle 	 very high
   0.003724888500245	   0.001025194002614	   0.002384703398116	
-------TRANSITION Entrepreneur to Worker / ABILITY--------
very low 	 middle 	 very high
   0.298576468563770	   0.456375223057912	   0.317595951802326	
--------- TRANSITION MATRIX BTW CLASSES ------
  	  U     	 W     	 E 
U 	 0.3481 	 0.6216 	 0.0303 
W 	 0.0276 	 0.9704 	 0.0020 
E 	 0.1003 	 0.3612 	 0.5385 
---------------
--------- WEALTH DISTRIBUTION STATISTICS ------
Top 0.1 [22]    0.082096860085714
Top 1 [41.8]    0.228029170222867
Top 5 [?]    0.330761949525703
Top 10 [77.2]    0.420414356497297
Top 20 [?]    0.557794242516435
Bot 20 [?]    0.017860751841674
Bot 40 [?]    0.099449392836583
Bot 60 [?]    0.219177994913055
Bot 80 [?]    0.442205757483565
mworthVE    9.211642232375633
mworthWW    1.422276831751209
mworthUS    1.261143850720805
mworthUL    1.859484773144615
---------------
--------- PRODUCTION & CAPITAL -----
CapitalVE    0.207792483949653
ProductionVE    0.063831826997777
Totalcapital    2.164833610426626
Totallabor    0.953282843228770
Corproduction    1.235031174120600
Corcapital    1.957041126476973
Totalproduction    1.298863001118377
CapitalVE/Totalcapital    0.095985429526246
---------------
--------- TAXATION -----
Corporate revenu    0.000000000000000
Expenditure    0.014349013169666
Revenue Basis    1.001513490872097
Optimal tax    0.014327328888172
-------MASS--------
WW    0.951103134083849 
U    0.041814314959339 
VE    0.007082550956814 
-------WELFARE--------
UL  -18.541514136665629  US  -21.297916536785930  VE  -14.260770684134547  WW  -19.552703186788460  Wtot -19.570906202813013  Avg Firm:   29.338650045255179 
R:    0.091784459294184,	 W:    1.040302806194507,	 K:    3.625789993211981	, L:    0.940475869751154, 	 TAX:    0.047625772664873

-------EQUILIBRIUM PRICES AND AGGREGATE--------
r    0.091784459294184 
w    1.040302806194507 
u    0.043503758240076 
-------MOMENTS GENERATED & STATISTICS--------
Ratio KY [3.04]    1.869215082289510
Ratio mworthVE/mworthWW [8]    8.360486134593787
Fraction E [7.55]    0.010077343975741
(UL:    0.007963634427310, US:    0.035540123812765) Unemploy. rate [4- 6]    0.043503758240076
Fraction of nonE>E (rlv to whole pop) [0.39]    0.004333422031736
Fraction of U>E (rlv to new entrant) [20]    0.357932332519710
Worker exit rate (rlv to workers) [3-6.5]    0.030516383773629
Nshare (US)    0.153561196226724, 	 Nshare(UL):    0.045984351237060, 	 Nshare [0.1]:    0.199545547463783
(U>E/pop>E) [0.2]    0.357932332519710
Wealth Gini [0.84]    0.592645609472687
Earning Gini [0.36]    0.318664891611563
Top 1 [41.8]    0.278580063754775
Zero wealth fraction [7- 13]    0.047344317674545
Fraction U>nonU (rlv to unemployed) [40- 65]    0.633315850499793

-------TRANSITION Worker to entrepreneur / ABILITY--------
very low	 middle 	 very high
   0.004599611489043	   0.001715880942862	   0.003747155039127	
-------TRANSITION Entrepreneur to Worker / ABILITY--------
very low 	 middle 	 very high
   0.280159680145951	   0.386209308078019	   0.290036608470263	
--------- TRANSITION MATRIX BTW CLASSES ------
  	  U     	 W     	 E 
U 	 0.3667 	 0.5977 	 0.0357 
W 	 0.0276 	 0.9695 	 0.0029 
E 	 0.1138 	 0.3240 	 0.5623 
---------------
--------- WEALTH DISTRIBUTION STATISTICS ------
Top 0.1 [22]    0.085410601705402
Top 1 [41.8]    0.278580063754775
Top 5 [?]    0.417141064704150
Top 10 [77.2]    0.506119392216608
Top 20 [?]    0.620829792769280
Bot 20 [?]    0.017864722715947
Bot 40 [?]    0.077321636146772
Bot 60 [?]    0.190153280356701
Bot 80 [?]    0.379170207230720
mworthVE   12.572537866421955
mworthWW    1.503804642938125
mworthUS    1.336696671243773
mworthUL    3.518334043130125
---------------
--------- PRODUCTION & CAPITAL -----
CapitalVE    0.350889240307860
ProductionVE    0.106533687077392
Totalcapital    2.630018395232790
Totallabor    0.948514504769505
Corproduction    1.300483846726910
Corcapital    2.279129154924930
Totalproduction    1.407017533804301
CapitalVE/Totalcapital    0.133417028924165
---------------
--------- TAXATION -----
Corporate revenu    0.000000000000000
Expenditure    0.014206970940410
Revenue Basis    0.986742301027909
Optimal tax    0.014397853345915
-------MASS--------
WW    0.946418897784187 
U    0.043503758240076 
VE    0.010077343975741 
-------WELFARE--------
UL  -16.689132370467497  US  -21.122570333086227  VE  -13.307969380095619  WW  -19.421059931986466  Wtot -19.398172033682247  Avg Firm:   34.819615282810695 
R:    0.093784386797021,	 W:    1.032671027560992,	 K:    3.558456951297628	, L:    0.942083596754825, 	 TAX:    0.040980188801081

-------EQUILIBRIUM PRICES AND AGGREGATE--------
r    0.093784386797021 
w    1.032671027560992 
u    0.045307448295414 
-------MOMENTS GENERATED & STATISTICS--------
Ratio KY [3.04]    2.062115037473380
Ratio mworthVE/mworthWW [8]    9.384347215195927
Fraction E [7.55]    0.013185939108773
(UL:    0.009798690900914, US:    0.035508757394499) Unemploy. rate [4- 6]    0.045307448295414
Fraction of nonE>E (rlv to whole pop) [0.39]    0.005508589450912
Fraction of U>E (rlv to new entrant) [20]    0.335836964068079
Worker exit rate (rlv to workers) [3-6.5]    0.031433380458623
Nshare (US)    0.122124876721497, 	 Nshare(UL):    0.036813353243086, 	 Nshare [0.1]:    0.158938229964583
(U>E/pop>E) [0.2]    0.335836964068079
Wealth Gini [0.84]    0.635566512837599
Earning Gini [0.36]    0.322129472526101
Top 1 [41.8]    0.303250227150279
Zero wealth fraction [7- 13]    0.044880775624174
Fraction U>nonU (rlv to unemployed) [40- 65]    0.615146992867262

-------TRANSITION Worker to entrepreneur / ABILITY--------
very low	 middle 	 very high
   0.005618752589672	   0.002437174313936	   0.005072760868061	
-------TRANSITION Entrepreneur to Worker / ABILITY--------
very low 	 middle 	 very high
   0.266943653809108	   0.349146179228021	   0.274858458054432	
--------- TRANSITION MATRIX BTW CLASSES ------
  	  U     	 W     	 E 
U 	 0.3849 	 0.5743 	 0.0408 
W 	 0.0275 	 0.9686 	 0.0039 
E 	 0.1227 	 0.3021 	 0.5753 
---------------
--------- WEALTH DISTRIBUTION STATISTICS ------
Top 0.1 [22]    0.082266188010847
Top 1 [41.8]    0.303250227150279
Top 5 [?]    0.478240142378493
Top 10 [77.2]    0.552218596108758
Top 20 [?]    0.667252725804440
Bot 20 [?]    0.014276950685976
Bot 40 [?]    0.070996763338592
Bot 60 [?]    0.169466856400667
Bot 80 [?]    0.332747274195560
mworthVE   14.727024169008441
mworthWW    1.569317911123451
mworthUS    1.403985445451100
mworthUL   15.389351470054612
---------------
--------- PRODUCTION & CAPITAL -----
CapitalVE    0.506609292150172
ProductionVE    0.152704004357854
Totalcapital    3.124375363067481
Totallabor    0.943579662360796
Corproduction    1.362427453533866
Corcapital    2.617766070917309
Totalproduction    1.515131457891720
CapitalVE/Totalcapital    0.162147384126339
---------------
--------- TAXATION -----
Corporate revenu    0.000000000000000
Expenditure    0.014092220708599
Revenue Basis    0.974407379515778
Optimal tax    0.014462350147227
-------MASS--------
WW    0.941506612595820 
U    0.045307448295414 
VE    0.013185939108773 
-------WELFARE--------
UL  -15.345397787002350  US  -20.962644642098041  VE  -12.762913009932298  WW  -19.301357732299625  Wtot -19.235369203446858  Avg Firm:   38.420417990033592 
R:    0.095131088411976,	 W:    1.027618782151216,	 K:    3.511422407278612	, L:    0.942382809876019, 	 TAX:    0.035676621070310

-------EQUILIBRIUM PRICES AND AGGREGATE--------
r    0.095131088411976 
w    1.027618782151216 
u    0.046645314121038 
-------MOMENTS GENERATED & STATISTICS--------
Ratio KY [3.04]    2.194853410453621
Ratio mworthVE/mworthWW [8]    9.905558938632430
Fraction E [7.55]    0.015260502661584
(UL:    0.011146313716282, US:    0.035499000404757) Unemploy. rate [4- 6]    0.046645314121038
Fraction of nonE>E (rlv to whole pop) [0.39]    0.006290603360617
Fraction of U>E (rlv to new entrant) [20]    0.327128222573583
Worker exit rate (rlv to workers) [3-6.5]    0.032041363471151
Nshare (US)    0.106977292611351, 	 Nshare(UL):    0.032687732123976, 	 Nshare [0.1]:    0.139665024735326
(U>E/pop>E) [0.2]    0.327128222573583
Wealth Gini [0.84]    0.659132056767592
Earning Gini [0.36]    0.324529300423604
Top 1 [41.8]    0.308033132005942
Zero wealth fraction [7- 13]    0.043182128102852
Fraction U>nonU (rlv to unemployed) [40- 65]    0.602408409112485

-------TRANSITION Worker to entrepreneur / ABILITY--------
very low	 middle 	 very high
   0.006326799291268	   0.002881933415457	   0.005983309928715	
-------TRANSITION Entrepreneur to Worker / ABILITY--------
very low 	 middle 	 very high
   0.259628762208367	   0.331967338279498	   0.267100733545027	
--------- TRANSITION MATRIX BTW CLASSES ------
  	  U     	 W     	 E 
U 	 0.3976 	 0.5583 	 0.0441 
W 	 0.0275 	 0.9680 	 0.0045 
E 	 0.1285 	 0.2910 	 0.5806 
---------------
--------- WEALTH DISTRIBUTION STATISTICS ------
Top 0.1 [22]    0.079854195119069
Top 1 [41.8]    0.308033132005942
Top 5 [?]    0.511901455353646
Top 10 [77.2]    0.585914047948623
Top 20 [?]    0.688155909092139
Bot 20 [?]    0.014792525648013
Bot 40 [?]    0.069922111960852
Bot 60 [?]    0.161940574421077
Bot 80 [?]    0.311844090907861
mworthVE   16.051264024801085
mworthWW    1.620429914580584
mworthUS    1.453386704358810
mworthUL   21.853130613129149
---------------
--------- PRODUCTION & CAPITAL -----
CapitalVE    0.620517063649919
ProductionVE    0.186195191518622
Totalcapital    3.493763537673830
Totallabor    0.940157577198016
Corproduction    1.405602930867947
Corcapital    2.873246474023911
Totalproduction    1.591798122386569
CapitalVE/Totalcapital    0.177607058107620
---------------
--------- TAXATION -----
Corporate revenu    0.000000000000000
Expenditure    0.014021421356412
Revenue Basis    0.966123584510464
Optimal tax    0.014513072221000
-------MASS--------
WW    0.938094183217384 
U    0.046645314121038 
VE    0.015260502661584 
-------WELFARE--------
UL  -14.606360378136738  US  -20.842303755670454  VE  -12.462362929336432  WW  -19.210077398027337  Wtot -19.113731813384334  Avg Firm:   40.661639882413148 
R:    0.095992906093064,	 W:    1.024421425769443,	 K:    3.479513610615877	, L:    0.941937763340418, 	 TAX:    0.031443911300448

-------EQUILIBRIUM PRICES AND AGGREGATE--------
r    0.095992906093064 
w    1.024421425769443 
u    0.047639657202993 
-------MOMENTS GENERATED & STATISTICS--------
Ratio KY [3.04]    2.287919976276529
Ratio mworthVE/mworthWW [8]   10.197957493558720
Fraction E [7.55]    0.016772823572768
(UL:    0.012158042425313, US:    0.035481614777680) Unemploy. rate [4- 6]    0.047639657202993
Fraction of nonE>E (rlv to whole pop) [0.39]    0.006863543544072
Fraction of U>E (rlv to new entrant) [20]    0.322602401744954
Worker exit rate (rlv to workers) [3-6.5]    0.032485444478473
Nshare (US)    0.098298729635576, 	 Nshare(UL):    0.030159090129036, 	 Nshare [0.1]:    0.128457819764612
(U>E/pop>E) [0.2]    0.322602401744954
Wealth Gini [0.84]    0.673778918311179
Earning Gini [0.36]    0.326301222874759
Top 1 [41.8]    0.311868318350080
Zero wealth fraction [7- 13]    0.042088255338022
Fraction U>nonU (rlv to unemployed) [40- 65]    0.593502687147574

-------TRANSITION Worker to entrepreneur / ABILITY--------
very low	 middle 	 very high
   0.006815352814502	   0.003246718453279	   0.006596438349319	
-------TRANSITION Entrepreneur to Worker / ABILITY--------
very low 	 middle 	 very high
   0.255005786476553	   0.321434627175403	   0.262540872232740	
--------- TRANSITION MATRIX BTW CLASSES ------
  	  U     	 W     	 E 
U 	 0.4065 	 0.5470 	 0.0465 
W 	 0.0275 	 0.9675 	 0.0050 
E 	 0.1315 	 0.2843 	 0.5842 
---------------
--------- WEALTH DISTRIBUTION STATISTICS ------
Top 0.1 [22]    0.077099296597475
Top 1 [41.8]    0.311868318350080
Top 5 [?]    0.530980814066801
Top 10 [77.2]    0.603352207882902
Top 20 [?]    0.696617921038539
Bot 20 [?]    0.013406212050987
Bot 40 [?]    0.063394189935902
Bot 60 [?]    0.161188813421421
Bot 80 [?]    0.303382078961461
mworthVE   16.859848463683935
mworthWW    1.653257377698723
mworthUS    1.487123730339215
mworthUL   25.631233366984421
---------------
--------- PRODUCTION & CAPITAL -----
CapitalVE    0.705328890143249
ProductionVE    0.211070877274783
Totalcapital    3.767953032241977
Totallabor    0.937649938801335
Corproduction    1.435819342362236
Corcapital    3.062624142098728
Totalproduction    1.646890219637019
CapitalVE/Totalcapital    0.187191529222319
---------------
--------- TAXATION -----
Corporate revenu    0.000000000000000
Expenditure    0.013972947528817
Revenue Basis    0.960548687179494
Optimal tax    0.014546839442201
-------MASS--------
WW    0.935587519224244 
U    0.047639657202993 
VE    0.016772823572768 
-------WELFARE--------
UL  -14.151720128093661  US  -20.753956274336268  VE  -12.282976618171425  WW  -19.142221242530589  Wtot -19.023684579853178  Avg Firm:   42.051887512153037 
R:    0.096502678770873,	 W:    1.022543122214796,	 K:    3.458669137190019	, L:    0.941080198432602, 	 TAX:    0.028064496928799

-------EQUILIBRIUM PRICES AND AGGREGATE--------
r    0.096502678770873 
w    1.022543122214796 
u    0.048192719582770 
-------MOMENTS GENERATED & STATISTICS--------
Ratio KY [3.04]    2.339665709520928
Ratio mworthVE/mworthWW [8]   10.408812957501102
Fraction E [7.55]    0.017480705310456
(UL:    0.012711096519021, US:    0.035481623063749) Unemploy. rate [4- 6]    0.048192719582770
Fraction of nonE>E (rlv to whole pop) [0.39]    0.007122288391877
Fraction of U>E (rlv to new entrant) [20]    0.322405748841066
Worker exit rate (rlv to workers) [3-6.5]    0.032674896435476
Nshare (US)    0.095390037087599, 	 Nshare(UL):    0.029288789328305, 	 Nshare [0.1]:    0.124678826415904
(U>E/pop>E) [0.2]    0.322405748841066
Wealth Gini [0.84]    0.680835754246597
Earning Gini [0.36]    0.327230145329943
Top 1 [41.8]    0.309533472730586
Zero wealth fraction [7- 13]    0.041460869648179
Fraction U>nonU (rlv to unemployed) [40- 65]    0.588638348286760

-------TRANSITION Worker to entrepreneur / ABILITY--------
very low	 middle 	 very high
   0.006868885252944	   0.003445017936812	   0.006927745323156	
-------TRANSITION Entrepreneur to Worker / ABILITY--------
very low 	 middle 	 very high
   0.252379644219447	   0.313801223664483	   0.260987837763717	
--------- TRANSITION MATRIX BTW CLASSES ------
  	  U     	 W     	 E 
U 	 0.4114 	 0.5410 	 0.0476 
W 	 0.0275 	 0.9673 	 0.0052 
E 	 0.1336 	 0.2802 	 0.5861 
---------------
--------- WEALTH DISTRIBUTION STATISTICS ------
Top 0.1 [22]    0.080195705902369
Top 1 [41.8]    0.309533472730586
Top 5 [?]    0.540229609474787
Top 10 [77.2]    0.619605892941406
Top 20 [?]    0.710191795410973
Bot 20 [?]    0.012692600545565
Bot 40 [?]    0.060015612097627
Bot 60 [?]    0.153139290310719
Bot 80 [?]    0.289808204589027
mworthVE   17.464940841911371
mworthWW    1.677899383264955
mworthUS    1.507976834349420
mworthUL   27.436150059459408
---------------
--------- PRODUCTION & CAPITAL -----
CapitalVE    0.752273056012946
ProductionVE    0.224739890960710
Totalcapital    3.925083162302784
Totallabor    0.936320135686592
Corproduction    1.452885740055820
Corcapital    3.172810106289838
Totalproduction    1.677625631016530
CapitalVE/Totalcapital    0.191657864281173
---------------
--------- TAXATION -----
Corporate revenu    0.000000000000000
Expenditure    0.013947500578859
Revenue Basis    0.957427714937550
Optimal tax    0.014567680004718
-------MASS--------
WW    0.934326575106780 
U    0.048192719582770 
VE    0.017480705310456 
-------WELFARE--------
UL  -13.918480020017093  US  -20.696375922345794  VE  -12.143586626465700  WW  -19.096751246392010  Wtot -18.966140799131654  Avg Firm:   43.034479596368243 
R:    0.096816392160338,	 W:    1.021391961529011,	 K:    3.444376185645010	, L:    0.940128185883400, 	 TAX:    0.025365133543983

-------EQUILIBRIUM PRICES AND AGGREGATE--------
r    0.096816392160338 
w    1.021391961529011 
u    0.048536758470400 
-------MOMENTS GENERATED & STATISTICS--------
Ratio KY [3.04]    2.371862662057691
Ratio mworthVE/mworthWW [8]   10.446724301423080
Fraction E [7.55]    0.017983627285173
(UL:    0.013056304749710, US:    0.035480453720691) Unemploy. rate [4- 6]    0.048536758470400
Fraction of nonE>E (rlv to whole pop) [0.39]    0.007311831571191
Fraction of U>E (rlv to new entrant) [20]    0.321143656704935
Worker exit rate (rlv to workers) [3-6.5]    0.032823013846100
Nshare (US)    0.092956727057780, 	 Nshare(UL):    0.028590085094165, 	 Nshare [0.1]:    0.121546812151945
(U>E/pop>E) [0.2]    0.321143656704935
Wealth Gini [0.84]    0.684782904808299
Earning Gini [0.36]    0.327828826743054
Top 1 [41.8]    0.308902402716085
Zero wealth fraction [7- 13]    0.041057208536570
Fraction U>nonU (rlv to unemployed) [40- 65]    0.585629147780137

-------TRANSITION Worker to entrepreneur / ABILITY--------
very low	 middle 	 very high
   0.007032856775979	   0.003567581673423	   0.007127920708660	
-------TRANSITION Entrepreneur to Worker / ABILITY--------
very low 	 middle 	 very high
   0.251185327354500	   0.311091383491744	   0.259767972846107	
--------- TRANSITION MATRIX BTW CLASSES ------
  	  U     	 W     	 E 
U 	 0.4144 	 0.5373 	 0.0484 
W 	 0.0275 	 0.9672 	 0.0053 
E 	 0.1345 	 0.2785 	 0.5871 
---------------
--------- WEALTH DISTRIBUTION STATISTICS ------
Top 0.1 [22]    0.077306586164473
Top 1 [41.8]    0.308902402716085
Top 5 [?]    0.547306689514292
Top 10 [77.2]    0.616611582028515
Top 20 [?]    0.718154429158471
Bot 20 [?]    0.012262238072088
Bot 40 [?]    0.065634635368335
Bot 60 [?]    0.148324855802465
Bot 80 [?]    0.281845570841529
mworthVE   17.717618159556647
mworthWW    1.695997486709122
mworthUS    1.522286171895173
mworthUL   28.445942898983468
---------------
--------- PRODUCTION & CAPITAL -----
CapitalVE    0.781729469231080
ProductionVE    0.233338338991990
Totalcapital    4.024744755567722
Totallabor    0.935475521687720
Corproduction    1.463532571769802
Corcapital    3.243015286336642
Totalproduction    1.696870910761792
CapitalVE/Totalcapital    0.194230818774199
---------------
--------- TAXATION -----
Corporate revenu    0.000000000000000
Expenditure    0.013932022781115
Revenue Basis    0.955487178058997
Optimal tax    0.014581067230454
-------MASS--------
WW    0.933479614244434 
U    0.048536758470400 
VE    0.017983627285173 
-------WELFARE--------
UL  -13.783101388756409  US  -20.655447172498086  VE  -12.090476318918000  WW  -19.063644116395778  Wtot -18.925774785297680  Avg Firm:   43.468954112254117 
R:    0.097010918410459,	 W:    1.020679959750388,	 K:    3.434308140679592	, L:    0.939197653044264, 	 TAX:    0.023208320281277

-------EQUILIBRIUM PRICES AND AGGREGATE--------
r    0.097010918410459 
w    1.020679959750388 
u    0.048396243407287 
-------MOMENTS GENERATED & STATISTICS--------
Ratio KY [3.04]    2.362885038457513
Ratio mworthVE/mworthWW [8]   10.382844397062186
Fraction E [7.55]    0.017596847534936
(UL:    0.012887476582542, US:    0.035508766824745) Unemploy. rate [4- 6]    0.048396243407287
Fraction of nonE>E (rlv to whole pop) [0.39]    0.007170390408791
Fraction of U>E (rlv to new entrant) [20]    0.323820399213833
Worker exit rate (rlv to workers) [3-6.5]    0.032697698008649
Nshare (US)    0.095385739811401, 	 Nshare(UL):    0.029296358498117, 	 Nshare [0.1]:    0.124682098309518
(U>E/pop>E) [0.2]    0.323820399213833
Wealth Gini [0.84]    0.681591418960073
Earning Gini [0.36]    0.327436663456104
Top 1 [41.8]    0.305995316562489
Zero wealth fraction [7- 13]    0.040894126636247
Fraction U>nonU (rlv to unemployed) [40- 65]    0.586593313511296

-------TRANSITION Worker to entrepreneur / ABILITY--------
very low	 middle 	 very high
   0.006991862902507	   0.003490017019323	   0.006818956928946	
-------TRANSITION Entrepreneur to Worker / ABILITY--------
very low 	 middle 	 very high
   0.251835500649037	   0.312665065236541	   0.260109398679440	
--------- TRANSITION MATRIX BTW CLASSES ------
  	  U     	 W     	 E 
U 	 0.4134 	 0.5386 	 0.0480 
W 	 0.0275 	 0.9673 	 0.0052 
E 	 0.1346 	 0.2794 	 0.5860 
---------------
--------- WEALTH DISTRIBUTION STATISTICS ------
Top 0.1 [22]    0.076686454148449
Top 1 [41.8]    0.305995316562489
Top 5 [?]    0.542941271999491
Top 10 [77.2]    0.612577605289712
Top 20 [?]    0.715844544504284
Bot 20 [?]    0.012310237986604
Bot 40 [?]    0.065875169775352
Bot 60 [?]    0.149142419281883
Bot 80 [?]    0.284155455495716
mworthVE   17.697176070972365
mworthWW    1.704463188909945
mworthUS    1.529613345421709
mworthUL   28.002188075074677
---------------
--------- PRODUCTION & CAPITAL -----
CapitalVE    0.765366596817716
ProductionVE    0.228380489260343
Totalcapital    3.993555504143525
Totallabor    0.936093459585820
Corproduction    1.461737920711270
Corcapital    3.228188907325809
Totalproduction    1.690118409971613
CapitalVE/Totalcapital    0.191650421791711
---------------
--------- TAXATION -----
Corporate revenu    0.000000000000000
Expenditure    0.013933240050030
Revenue Basis    0.955451834652657
Optimal tax    0.014582880627463
-------MASS--------
WW    0.934006909057785 
U    0.048396243407287 
VE    0.017596847534936 
-------WELFARE--------
UL  -13.834011296732129  US  -20.639886062272197  VE  -12.106804672293359  WW  -19.048770773390871  Wtot -18.915907505462474  Avg Firm:   43.494529079609066 
R:    0.097246651423145,	 W:    1.019818978657604,	 K:    3.424002179011902	, L:    0.938576814352575, 	 TAX:    0.021483232350514

-------EQUILIBRIUM PRICES AND AGGREGATE--------
r    0.097246651423145 
w    1.019818978657604 
u    0.048640948012359 
-------MOMENTS GENERATED & STATISTICS--------
Ratio KY [3.04]    2.385733593991689
Ratio mworthVE/mworthWW [8]   10.455364267394176
Fraction E [7.55]    0.017925375879187
(UL:    0.013132130239794, US:    0.035508817772565) Unemploy. rate [4- 6]    0.048640948012359
Fraction of nonE>E (rlv to whole pop) [0.39]    0.007305160259617
Fraction of U>E (rlv to new entrant) [20]    0.322896965305058
Worker exit rate (rlv to workers) [3-6.5]    0.032802702651532
Nshare (US)    0.093684822939828, 	 Nshare(UL):    0.028788402357931, 	 Nshare [0.1]:    0.122473225297759
(U>E/pop>E) [0.2]    0.322896965305058
Wealth Gini [0.84]    0.684394953011497
Earning Gini [0.36]    0.327838276166801
Top 1 [41.8]    0.310538139490353
Zero wealth fraction [7- 13]    0.040604193768901
Fraction U>nonU (rlv to unemployed) [40- 65]    0.584453623867470

-------TRANSITION Worker to entrepreneur / ABILITY--------
very low	 middle 	 very high
   0.007109369816583	   0.003574205956193	   0.006965849366051	
-------TRANSITION Entrepreneur to Worker / ABILITY--------
very low 	 middle 	 very high
   0.250901393612467	   0.312289342114342	   0.259145639164855	
--------- TRANSITION MATRIX BTW CLASSES ------
  	  U     	 W     	 E 
U 	 0.4155 	 0.5360 	 0.0485 
W 	 0.0275 	 0.9672 	 0.0053 
E 	 0.1356 	 0.2787 	 0.5857 
---------------
--------- WEALTH DISTRIBUTION STATISTICS ------
Top 0.1 [22]    0.077960601199840
Top 1 [41.8]    0.310538139490353
Top 5 [?]    0.545399989251243
Top 10 [77.2]    0.619320604710359
Top 20 [?]    0.721470677378037
Bot 20 [?]    0.014389452426635
Bot 40 [?]    0.064311685780770
Bot 60 [?]    0.145811115437765
Bot 80 [?]    0.278529322621962
mworthVE   17.910425933276990
mworthWW    1.713037009062609
mworthUS    1.540191733006754
mworthUL   28.740809584793897
---------------
--------- PRODUCTION & CAPITAL -----
CapitalVE    0.786098287363070
ProductionVE    0.234398735367666
Totalcapital    4.064642806556732
Totallabor    0.935520596550394
Corproduction    1.469329969628258
Corcapital    3.278544519193662
Totalproduction    1.703728704995924
CapitalVE/Totalcapital    0.193399106582011
---------------
--------- TAXATION -----
Corporate revenu    0.000000000000000
Expenditure    0.013921945546551
Revenue Basis    0.954061659287175
Optimal tax    0.014592291191067
-------MASS--------
WW    0.933433676108465 
U    0.048640948012359 
VE    0.017925375879187 
-------WELFARE--------
UL  -13.737977062497183  US  -20.612351407903930  VE  -12.065263087816220  WW  -19.026754823382376  Wtot -18.888817209158027  Avg Firm:   43.853936043583801 
R:    0.097395151279685,	 W:    1.019277638848442,	 K:    3.416729296020990	, L:    0.937965570792139, 	 TAX:    0.020105044118625

-------EQUILIBRIUM PRICES AND AGGREGATE--------
r    0.097395151279685 
w    1.019277638848442 
u    0.048798080310565 
-------MOMENTS GENERATED & STATISTICS--------
Ratio KY [3.04]    2.399627314776658
Ratio mworthVE/mworthWW [8]   10.477108527078846
Fraction E [7.55]    0.018122081147172
(UL:    0.013288615571771, US:    0.035509464738794) Unemploy. rate [4- 6]    0.048798080310565
Fraction of nonE>E (rlv to whole pop) [0.39]    0.007381828595769
Fraction of U>E (rlv to new entrant) [20]    0.322687351358749
Worker exit rate (rlv to workers) [3-6.5]    0.032860394750088
Nshare (US)    0.092739201954888, 	 Nshare(UL):    0.028518651322576, 	 Nshare [0.1]:    0.121257853277464
(U>E/pop>E) [0.2]    0.322687351358749
Wealth Gini [0.84]    0.685949659827301
Earning Gini [0.36]    0.328087903136745
Top 1 [41.8]    0.306085916732346
Zero wealth fraction [7- 13]    0.040422283590017
Fraction U>nonU (rlv to unemployed) [40- 65]    0.583141949636535

-------TRANSITION Worker to entrepreneur / ABILITY--------
very low	 middle 	 very high
   0.007176710841578	   0.003617508785095	   0.007049492742391	
-------TRANSITION Entrepreneur to Worker / ABILITY--------
very low 	 middle 	 very high
   0.250387529217913	   0.311126011304087	   0.258227019912941	
--------- TRANSITION MATRIX BTW CLASSES ------
  	  U     	 W     	 E 
U 	 0.4169 	 0.5343 	 0.0488 
W 	 0.0275 	 0.9671 	 0.0054 
E 	 0.1359 	 0.2778 	 0.5864 
---------------
--------- WEALTH DISTRIBUTION STATISTICS ------
Top 0.1 [22]    0.078721193948279
Top 1 [41.8]    0.306085916732346
Top 5 [?]    0.548984619299856
Top 10 [77.2]    0.623276298488252
Top 20 [?]    0.724817141337077
Bot 20 [?]    0.014162216080852
Bot 40 [?]    0.063364051251813
Bot 60 [?]    0.143799314008210
Bot 80 [?]    0.275182858662923
mworthVE   18.009354059342201
mworthWW    1.718924072686249
mworthUS    1.547243826736406
mworthUL   29.119964037801395
---------------
--------- PRODUCTION & CAPITAL -----
CapitalVE    0.798342825334587
ProductionVE    0.237950824629677
Totalcapital    4.107972962742562
Totallabor    0.935163933958368
Corproduction    1.473970413075065
Corcapital    3.309630137407975
Totalproduction    1.711921237704742
CapitalVE/Totalcapital    0.194339844145809
---------------
--------- TAXATION -----
Corporate revenu    0.000000000000000
Expenditure    0.013915083001449
Revenue Basis    0.953191686541304
Optimal tax    0.014598409950406
-------MASS--------
WW    0.933079838542272 
U    0.048798080310565 
VE    0.018122081147172 
-------WELFARE--------
UL  -13.679825241653186  US  -20.593239521252766  VE  -12.043209477063392  WW  -19.011098738448517  Wtot -18.870161812161260  Avg Firm:   44.053595105943813 
R:    0.097492987386950,	 W:    1.018921424018004,	 K:    3.411374338090339	, L:    0.937405243425385, 	 TAX:    0.019003717284981

-------EQUILIBRIUM PRICES AND AGGREGATE--------
r    0.097492987386950 
w    1.018921424018004 
u    0.048909778218361 
-------MOMENTS GENERATED & STATISTICS--------
Ratio KY [3.04]    2.410113847832581
Ratio mworthVE/mworthWW [8]   10.498590005698906
Fraction E [7.55]    0.018281711709666
(UL:    0.013400301908392, US:    0.035509476309969) Unemploy. rate [4- 6]    0.048909778218361
Fraction of nonE>E (rlv to whole pop) [0.39]    0.007443419338005
Fraction of U>E (rlv to new entrant) [20]    0.322239856599666
Worker exit rate (rlv to workers) [3-6.5]    0.032908996688630
Nshare (US)    0.091969865489840, 	 Nshare(UL):    0.028311276847049, 	 Nshare [0.1]:    0.120281142336889
(U>E/pop>E) [0.2]    0.322239856599666
Wealth Gini [0.84]    0.687139138094761
Earning Gini [0.36]    0.328279674613171
Top 1 [41.8]    0.307986979380354
Zero wealth fraction [7- 13]    0.040295968392783
Fraction U>nonU (rlv to unemployed) [40- 65]    0.582182390695424

-------TRANSITION Worker to entrepreneur / ABILITY--------
very low	 middle 	 very high
   0.007228160715179	   0.003657271172952	   0.007118125756133	
-------TRANSITION Entrepreneur to Worker / ABILITY--------
very low 	 middle 	 very high
   0.250004646296407	   0.310499625754700	   0.257839893318302	
--------- TRANSITION MATRIX BTW CLASSES ------
  	  U     	 W     	 E 
U 	 0.4178 	 0.5331 	 0.0490 
W 	 0.0275 	 0.9671 	 0.0054 
E 	 0.1368 	 0.2773 	 0.5859 
---------------
--------- WEALTH DISTRIBUTION STATISTICS ------
Top 0.1 [22]    0.074605086053573
Top 1 [41.8]    0.307986979380354
Top 5 [?]    0.549855815403751
Top 10 [77.2]    0.626286284110104
Top 20 [?]    0.711627574753204
Bot 20 [?]    0.013994695336840
Bot 40 [?]    0.062661818183462
Bot 60 [?]    0.142302402923728
Bot 80 [?]    0.288372425246796
mworthVE   18.093171725190714
mworthWW    1.723390637730331
mworthUS    1.552392427709183
mworthUL   29.431233882833201
---------------
--------- PRODUCTION & CAPITAL -----
CapitalVE    0.807938639243821
ProductionVE    0.240745983840733
Totalcapital    4.141050371783846
Totallabor    0.934891367103072
Corproduction    1.477451011503657
Corcapital    3.333111732540025
Totalproduction    1.718196995344390
CapitalVE/Totalcapital    0.195104760074624
---------------
--------- TAXATION -----
Corporate revenu    0.000000000000000
Expenditure    0.013910424202127
Revenue Basis    0.952580843070801
Optimal tax    0.014602880483387
-------MASS--------
WW    0.932808510071980 
U    0.048909778218361 
VE    0.018281711709666 
-------WELFARE--------
UL  -13.637943335718475  US  -20.578350149001281  VE  -12.025820389548487  WW  -18.998793735245656  Wtot -18.855568053995693  Avg Firm:   44.193817957245351 
R:    0.097554610687931,	 W:    1.018697235056564,	 K:    3.407461207812823	, L:    0.936902468160922, 	 TAX:    0.018123549924662

-------EQUILIBRIUM PRICES AND AGGREGATE--------
r    0.097554610687931 
w    1.018697235056564 
u    0.048815320538275 
-------MOMENTS GENERATED & STATISTICS--------
Ratio KY [3.04]    2.403744404225173
Ratio mworthVE/mworthWW [8]   10.505517249273490
Fraction E [7.55]    0.018037741942431
(UL:    0.013291496721636, US:    0.035523823816639) Unemploy. rate [4- 6]    0.048815320538275
Fraction of nonE>E (rlv to whole pop) [0.39]    0.007353565798617
Fraction of U>E (rlv to new entrant) [20]    0.323846916559762
Worker exit rate (rlv to workers) [3-6.5]    0.032830155859056
Nshare (US)    0.093435398912807, 	 Nshare(UL):    0.028768017921254, 	 Nshare [0.1]:    0.122203416834061
(U>E/pop>E) [0.2]    0.323846916559762
Wealth Gini [0.84]    0.685487008666742
Earning Gini [0.36]    0.328024948518118
Top 1 [41.8]    0.306349687015855
Zero wealth fraction [7- 13]    0.040260862719872
Fraction U>nonU (rlv to unemployed) [40- 65]    0.582860504211052

-------TRANSITION Worker to entrepreneur / ABILITY--------
very low	 middle 	 very high
   0.007193961825726	   0.003533725536645	   0.007081054530653	
-------TRANSITION Entrepreneur to Worker / ABILITY--------
very low 	 middle 	 very high
   0.250049674907753	   0.312173309735692	   0.257746250401307	
--------- TRANSITION MATRIX BTW CLASSES ------
  	  U     	 W     	 E 
U 	 0.4171 	 0.5341 	 0.0488 
W 	 0.0275 	 0.9672 	 0.0053 
E 	 0.1362 	 0.2778 	 0.5860 
---------------
--------- WEALTH DISTRIBUTION STATISTICS ------
Top 0.1 [22]    0.078879823665716
Top 1 [41.8]    0.306349687015855
Top 5 [?]    0.548315280824472
Top 10 [77.2]    0.623833614762575
Top 20 [?]    0.709926591497907
Bot 20 [?]    0.014048682850064
Bot 40 [?]    0.062936266027892
Bot 60 [?]    0.142994585878900
Bot 80 [?]    0.290073408502093
mworthVE   18.125890459138265
mworthWW    1.725368682859643
mworthUS    1.554585499722102
mworthUL   29.203771184609490
---------------
--------- PRODUCTION & CAPITAL -----
CapitalVE    0.797963137321180
ProductionVE    0.237721394992113
Totalcapital    4.119022949202008
Totallabor    0.935227088793339
Corproduction    1.475864684277302
Corcapital    3.321059811880828
Totalproduction    1.713586079269414
CapitalVE/Totalcapital    0.193726314993164
---------------
--------- TAXATION -----
Corporate revenu    0.000000000000000
Expenditure    0.013912392771129
Revenue Basis    0.952713249503774
Optimal tax    0.014602917276920
-------MASS--------
WW    0.933146937519302 
U    0.048815320538275 
VE    0.018037741942431 
-------WELFARE--------
UL  -13.667638412177830  US  -20.573983385023798  VE  -12.029374757919323  WW  -18.994122579870311  Wtot -18.853820006008355  Avg Firm:   44.238527187491904 
R:    0.097646490519399,	 W:    1.018363225480532,	 K:    3.403141138016224	, L:    0.936567392287406, 	 TAX:    0.017419423395114

-------EQUILIBRIUM PRICES AND AGGREGATE--------
r    0.097646490519399 
w    1.018363225480532 
u    0.048931394169925 
-------MOMENTS GENERATED & STATISTICS--------
Ratio KY [3.04]    2.414275161027306
Ratio mworthVE/mworthWW [8]   10.529520135687223
Fraction E [7.55]    0.018207841626638
(UL:    0.013409100652220, US:    0.035522293517705) Unemploy. rate [4- 6]    0.048931394169925
Fraction of nonE>E (rlv to whole pop) [0.39]    0.007417553229736
Fraction of U>E (rlv to new entrant) [20]    0.323424331830818
Worker exit rate (rlv to workers) [3-6.5]    0.032880129919317
Nshare (US)    0.092637731075011, 	 Nshare(UL):    0.028548144164201, 	 Nshare [0.1]:    0.121185875239212
(U>E/pop>E) [0.2]    0.323424331830818
Wealth Gini [0.84]    0.686816384369470
Earning Gini [0.36]    0.328227510504916
Top 1 [41.8]    0.308389856856592
Zero wealth fraction [7- 13]    0.040142544505008
Fraction U>nonU (rlv to unemployed) [40- 65]    0.581873573163294

-------TRANSITION Worker to entrepreneur / ABILITY--------
very low	 middle 	 very high
   0.007248036391871	   0.003574430044271	   0.007151285921145	
-------TRANSITION Entrepreneur to Worker / ABILITY--------
very low 	 middle 	 very high
   0.249647310368789	   0.311263031549396	   0.257352678875234	
--------- TRANSITION MATRIX BTW CLASSES ------
  	  U     	 W     	 E 
U 	 0.4181 	 0.5328 	 0.0490 
W 	 0.0275 	 0.9671 	 0.0054 
E 	 0.1366 	 0.2772 	 0.5862 
---------------
--------- WEALTH DISTRIBUTION STATISTICS ------
Top 0.1 [22]    0.074787731788486
Top 1 [41.8]    0.308389856856592
Top 5 [?]    0.549450125845536
Top 10 [77.2]    0.626932935921609
Top 20 [?]    0.712526026651751
Bot 20 [?]    0.013889873925114
Bot 40 [?]    0.062262132259814
Bot 60 [?]    0.141539201695573
Bot 80 [?]    0.287473973348249
mworthVE   18.209015247305956
mworthWW    1.729330018144984
mworthUS    1.559027485565033
mworthUL   29.534581242028938
---------------
--------- PRODUCTION & CAPITAL -----
CapitalVE    0.808033140573714
ProductionVE    0.240657533321995
Totalcapital    4.152461069955961
Totallabor    0.934940185009571
Corproduction    1.479304274257980
Corcapital    3.344427929382247
Totalproduction    1.719961807579975
CapitalVE/Totalcapital    0.194591382546612
---------------
--------- TAXATION -----
Corporate revenu    0.000000000000000
Expenditure    0.013907478142712
Revenue Basis    0.952108702437712
Optimal tax    0.014607027650419
-------MASS--------
WW    0.932860764203442 
U    0.048931394169925 
VE    0.018207841626638 
-------WELFARE--------
UL  -13.624673371695703  US  -20.562150870062297  VE  -12.012433464109769  WW  -18.984714082008676  Wtot -18.841924747947878  Avg Firm:   44.378304531799316 
R:    0.097698505919893,	 W:    1.018174269369487,	 K:    3.400205477584525	, L:    0.936241950831839, 	 TAX:    0.016856944246175

-------EQUILIBRIUM PRICES AND AGGREGATE--------
r    0.097698505919893 
w    1.018174269369487 
u    0.048990146921011 
-------MOMENTS GENERATED & STATISTICS--------
Ratio KY [3.04]    2.419771891210363
Ratio mworthVE/mworthWW [8]   10.538385533134493
Fraction E [7.55]    0.018292001450171
(UL:    0.013467886793353, US:    0.035522260127657) Unemploy. rate [4- 6]    0.048990146921011
Fraction of nonE>E (rlv to whole pop) [0.39]    0.007449254769536
Fraction of U>E (rlv to new entrant) [20]    0.323183158431805
Worker exit rate (rlv to workers) [3-6.5]    0.032905220520354
Nshare (US)    0.092266582061933, 	 Nshare(UL):    0.028443028718751, 	 Nshare [0.1]:    0.120709610780684
(U>E/pop>E) [0.2]    0.323183158431805
Wealth Gini [0.84]    0.687432435457806
Earning Gini [0.36]    0.328328591203346
Top 1 [41.8]    0.309386224413447
Zero wealth fraction [7- 13]    0.040076170635264
Fraction U>nonU (rlv to unemployed) [40- 65]    0.581371899943228

-------TRANSITION Worker to entrepreneur / ABILITY--------
very low	 middle 	 very high
   0.007275018056607	   0.003594675262004	   0.007186907381428	
-------TRANSITION Entrepreneur to Worker / ABILITY--------
very low 	 middle 	 very high
   0.249450654680705	   0.310818552174840	   0.257156887427832	
--------- TRANSITION MATRIX BTW CLASSES ------
  	  U     	 W     	 E 
U 	 0.4186 	 0.5322 	 0.0491 
W 	 0.0275 	 0.9671 	 0.0054 
E 	 0.1369 	 0.2770 	 0.5861 
---------------
--------- WEALTH DISTRIBUTION STATISTICS ------
Top 0.1 [22]    0.075058478396412
Top 1 [41.8]    0.309386224413447
Top 5 [?]    0.550876947590442
Top 10 [77.2]    0.628495475600150
Top 20 [?]    0.713869698507125
Bot 20 [?]    0.013803879894911
Bot 40 [?]    0.061900275323926
Bot 60 [?]    0.153738011576081
Bot 80 [?]    0.286130301492875
mworthVE   18.250658969077278
mworthWW    1.731826844984374
mworthUS    1.561766749656001
mworthUL   29.697954753186178
---------------
--------- PRODUCTION & CAPITAL -----
CapitalVE    0.813076173770445
ProductionVE    0.242126004384545
Totalcapital    4.169881313400142
Totallabor    0.934797240673696
Corproduction    1.481127881052723
Corcapital    3.356805139629697
Totalproduction    1.723253885437267
CapitalVE/Totalcapital    0.194987845615073
---------------
--------- TAXATION -----
Corporate revenu    0.000000000000000
Expenditure    0.013904989522549
Revenue Basis    0.951786497531552
Optimal tax    0.014609357832467
-------MASS--------
WW    0.932717851628827 
U    0.048990146921011 
VE    0.018292001450171 
-------WELFARE--------
UL  -13.602963501920700  US  -20.554461471072454  VE  -12.003676719372271  WW  -18.978365987702883  Wtot -18.834376123091303  Avg Firm:   44.449820102264745 
R:    0.097731788996399,	 W:    1.018053413171806,	 K:    3.398035460686783	, L:    0.935953008800210, 	 TAX:    0.016407426963433

-------EQUILIBRIUM PRICES AND AGGREGATE--------
r    0.097731788996399 
w    1.018053413171806 
u    0.049028424147109 
-------MOMENTS GENERATED & STATISTICS--------
Ratio KY [3.04]    2.423402570393149
Ratio mworthVE/mworthWW [8]   10.542753599855850
Fraction E [7.55]    0.018347423588718
(UL:    0.013506002836874, US:    0.035522421310235) Unemploy. rate [4- 6]    0.049028424147109
Fraction of nonE>E (rlv to whole pop) [0.39]    0.007470023649884
Fraction of U>E (rlv to new entrant) [20]    0.323032342832569
Worker exit rate (rlv to workers) [3-6.5]    0.032921645506482
Nshare (US)    0.092006646999272, 	 Nshare(UL):    0.028357333131120, 	 Nshare [0.1]:    0.120363980130392
(U>E/pop>E) [0.2]    0.323032342832569
Wealth Gini [0.84]    0.687817795896305
Earning Gini [0.36]    0.328394982896542
Top 1 [41.8]    0.310013734563270
Zero wealth fraction [7- 13]    0.040032589583089
Fraction U>nonU (rlv to unemployed) [40- 65]    0.581044503953029

-------TRANSITION Worker to entrepreneur / ABILITY--------
very low	 middle 	 very high
   0.007292305744430	   0.003608031097227	   0.007210268515541	
-------TRANSITION Entrepreneur to Worker / ABILITY--------
very low 	 middle 	 very high
   0.249325072563688	   0.310528046474170	   0.257031987696526	
--------- TRANSITION MATRIX BTW CLASSES ------
  	  U     	 W     	 E 
U 	 0.4190 	 0.5318 	 0.0492 
W 	 0.0275 	 0.9671 	 0.0054 
E 	 0.1372 	 0.2768 	 0.5860 
---------------
--------- WEALTH DISTRIBUTION STATISTICS ------
Top 0.1 [22]    0.075229260805522
Top 1 [41.8]    0.310013734563270
Top 5 [?]    0.551785516272299
Top 10 [77.2]    0.617822764619363
Top 20 [?]    0.714756312828189
Bot 20 [?]    0.013746364880414
Bot 40 [?]    0.061658611629643
Bot 60 [?]    0.153176327257552
Bot 80 [?]    0.285243687171811
mworthVE   18.276968344950749
mworthWW    1.733604809392553
mworthUS    1.563680545376054
mworthUL   29.801497585894911
---------------
--------- PRODUCTION & CAPITAL -----
CapitalVE    0.816367357099918
ProductionVE    0.243085389449307
Totalcapital    4.181393286930613
Totallabor    0.934703068394833
Corproduction    1.482337096280031
Corcapital    3.365025929830694
Totalproduction    1.725422485729338
CapitalVE/Totalcapital    0.195238118273055
---------------
--------- TAXATION -----
Corporate revenu    0.000000000000000
Expenditure    0.013903469362236
Revenue Basis    0.951577649081518
Optimal tax    0.014610966720011
-------MASS--------
WW    0.932624152264187 
U    0.049028424147109 
VE    0.018347423588718 
-------WELFARE--------
UL  -13.588883951332575  US  -20.548788934537896  VE  -11.997884280572586  WW  -18.973610674929979  Wtot -18.828852079305779  Avg Firm:   44.494931571859937 
R:    0.097753868202559,	 W:    1.017973262009307,	 K:    3.396384984143979	, L:    0.935703020719135, 	 TAX:    0.016048134914749

-------EQUILIBRIUM PRICES AND AGGREGATE--------
r    0.097753868202559 
w    1.017973262009307 
u    0.049052529867842 
-------MOMENTS GENERATED & STATISTICS--------
Ratio KY [3.04]    2.425743987965906
Ratio mworthVE/mworthWW [8]   10.547226418148348
Fraction E [7.55]    0.018379130503065
(UL:    0.013529655856338, US:    0.035522874011504) Unemploy. rate [4- 6]    0.049052529867842
Fraction of nonE>E (rlv to whole pop) [0.39]    0.007482967045566
Fraction of U>E (rlv to new entrant) [20]    0.322932959535441
Worker exit rate (rlv to workers) [3-6.5]    0.032931953754259
Nshare (US)    0.091843204851319, 	 Nshare(UL):    0.028276460882487, 	 Nshare [0.1]:    0.120119665733806
(U>E/pop>E) [0.2]    0.322932959535441
Wealth Gini [0.84]    0.688045373960340
Earning Gini [0.36]    0.328435608336852
Top 1 [41.8]    0.310395436649569
Zero wealth fraction [7- 13]    0.040004147494747
Fraction U>nonU (rlv to unemployed) [40- 65]    0.580838026640994

-------TRANSITION Worker to entrepreneur / ABILITY--------
very low	 middle 	 very high
   0.007302889546076	   0.003616405440988	   0.007225025367105	
-------TRANSITION Entrepreneur to Worker / ABILITY--------
very low 	 middle 	 very high
   0.249495460904683	   0.310275760663291	   0.256952326663672	
--------- TRANSITION MATRIX BTW CLASSES ------
  	  U     	 W     	 E 
U 	 0.4192 	 0.5316 	 0.0493 
W 	 0.0275 	 0.9671 	 0.0054 
E 	 0.1374 	 0.2767 	 0.5859 
---------------
--------- WEALTH DISTRIBUTION STATISTICS ------
Top 0.1 [22]    0.075334245527253
Top 1 [41.8]    0.310395436649569
Top 5 [?]    0.550474745162781
Top 10 [77.2]    0.618465289278604
Top 20 [?]    0.715328497365272
Bot 20 [?]    0.013708418609659
Bot 40 [?]    0.061500262255006
Bot 60 [?]    0.152806874645039
Bot 80 [?]    0.284671502634728
mworthVE   18.297982375461721
mworthWW    1.734862005425127
mworthUS    1.565024041114473
mworthUL   29.865132594609708
---------------
--------- PRODUCTION & CAPITAL -----
CapitalVE    0.818420011177058
ProductionVE    0.243682534647719
Totalcapital    4.188794796656283
Totallabor    0.934644806149476
Corproduction    1.483125742498120
Corcapital    3.370374785479224
Totalproduction    1.726808277145839
CapitalVE/Totalcapital    0.195383171271690
---------------
--------- TAXATION -----
Corporate revenu    0.000000000000000
Expenditure    0.013902564474618
Revenue Basis    0.951443422136038
Optimal tax    0.014612076925611
-------MASS--------
WW    0.932568339629098 
U    0.049052529867842 
VE    0.018379130503065 
-------WELFARE--------
UL  -13.579916681875600  US  -20.544619740013264  VE  -11.992713190609631  WW  -18.970058228585572  Wtot -18.824826883617675  Avg Firm:   44.529854719762312 
R:    0.097769697065857,	 W:    1.017915811409616,	 K:    3.395084474210741	, L:    0.935491377805203, 	 TAX:    0.015760923316921

-------EQUILIBRIUM PRICES AND AGGREGATE--------
r    0.097769697065857 
w    1.017915811409616 
u    0.049069129216238 
-------MOMENTS GENERATED & STATISTICS--------
Ratio KY [3.04]    2.427390371641481
Ratio mworthVE/mworthWW [8]   10.547647866403757
Fraction E [7.55]    0.018402938315913
(UL:    0.013545899580872, US:    0.035523229635365) Unemploy. rate [4- 6]    0.049069129216238
Fraction of nonE>E (rlv to whole pop) [0.39]    0.007491843708092
Fraction of U>E (rlv to new entrant) [20]    0.322861864474503
Worker exit rate (rlv to workers) [3-6.5]    0.032939058412660
Nshare (US)    0.091730495650749, 	 Nshare(UL):    0.028245733856994, 	 Nshare [0.1]:    0.119976229507743
(U>E/pop>E) [0.2]    0.322861864474503
Wealth Gini [0.84]    0.688192034199738
Earning Gini [0.36]    0.328464257179100
Top 1 [41.8]    0.303378559129195
Zero wealth fraction [7- 13]    0.039983140620087
Fraction U>nonU (rlv to unemployed) [40- 65]    0.580694748469223

-------TRANSITION Worker to entrepreneur / ABILITY--------
very low	 middle 	 very high
   0.007310160432126	   0.003622171233150	   0.007235256149479	
-------TRANSITION Entrepreneur to Worker / ABILITY--------
very low 	 middle 	 very high
   0.249440633276521	   0.310152965033064	   0.256899618068965	
--------- TRANSITION MATRIX BTW CLASSES ------
  	  U     	 W     	 E 
U 	 0.4193 	 0.5314 	 0.0493 
W 	 0.0275 	 0.9671 	 0.0054 
E 	 0.1373 	 0.2766 	 0.5861 
---------------
--------- WEALTH DISTRIBUTION STATISTICS ------
Top 0.1 [22]    0.075404986125815
Top 1 [41.8]    0.303378559129195
Top 5 [?]    0.550839971882047
Top 10 [77.2]    0.618907587816589
Top 20 [?]    0.715729158747780
Bot 20 [?]    0.013681050211793
Bot 40 [?]    0.061385786885046
Bot 60 [?]    0.152544975718098
Bot 80 [?]    0.284270841252220
mworthVE   18.308992233511542
mworthWW    1.735836507381814
mworthUS    1.566043028400886
mworthUL   29.907707471834790
---------------
--------- PRODUCTION & CAPITAL -----
CapitalVE    0.819834198659833
ProductionVE    0.244094748612711
Totalcapital    4.193992383650590
Totallabor    0.934604114697462
Corproduction    1.483683540634797
Corcapital    3.374158184990757
Totalproduction    1.727778289247508
CapitalVE/Totalcapital    0.195478227823157
---------------
--------- TAXATION -----
Corporate revenu    0.000000000000000
Expenditure    0.013901942182505
Revenue Basis    0.951348305759033
Optimal tax    0.014612883733906
-------MASS--------
WW    0.932527932467857 
U    0.049069129216238 
VE    0.018402938315913 
-------WELFARE--------
UL  -13.573784420635256  US  -20.541407039033778  VE  -11.990106103705884  WW  -18.967294292382519  Wtot -18.821751153988046  Avg Firm:   44.549092356134075 
R:    0.097781665338121,	 W:    1.017872378740607,	 K:    3.394038159749742	, L:    0.935313925183655, 	 TAX:    0.015531315400318

-------EQUILIBRIUM PRICES AND AGGREGATE--------
r    0.097781665338121 
w    1.017872378740607 
u    0.049081689924144 
-------MOMENTS GENERATED & STATISTICS--------
Ratio KY [3.04]    2.428639577350910
Ratio mworthVE/mworthWW [8]   10.547830007843592
Fraction E [7.55]    0.018420669969606
(UL:    0.013558154817798, US:    0.035523535106346) Unemploy. rate [4- 6]    0.049081689924144
Fraction of nonE>E (rlv to whole pop) [0.39]    0.007498466099919
Fraction of U>E (rlv to new entrant) [20]    0.322810420314308
Worker exit rate (rlv to workers) [3-6.5]    0.032944352965436
Nshare (US)    0.091646051535812, 	 Nshare(UL):    0.028270948247190, 	 Nshare [0.1]:    0.119916999783002
(U>E/pop>E) [0.2]    0.322810420314308
Wealth Gini [0.84]    0.688300119328003
Earning Gini [0.36]    0.328485745332529
Top 1 [41.8]    0.303565875767028
Zero wealth fraction [7- 13]    0.039967184011737
Fraction U>nonU (rlv to unemployed) [40- 65]    0.580586618373512

-------TRANSITION Worker to entrepreneur / ABILITY--------
very low	 middle 	 very high
   0.007315545001755	   0.003626476958031	   0.007242877123316	
-------TRANSITION Entrepreneur to Worker / ABILITY--------
very low 	 middle 	 very high
   0.249399469721802	   0.310059554519278	   0.256857038662383	
--------- TRANSITION MATRIX BTW CLASSES ------
  	  U     	 W     	 E 
U 	 0.4194 	 0.5313 	 0.0493 
W 	 0.0275 	 0.9671 	 0.0054 
E 	 0.1374 	 0.2766 	 0.5860 
---------------
--------- WEALTH DISTRIBUTION STATISTICS ------
Top 0.1 [22]    0.075458066127690
Top 1 [41.8]    0.303565875767028
Top 5 [?]    0.551111478702317
Top 10 [77.2]    0.619240244064706
Top 20 [?]    0.716032739883063
Bot 20 [?]    0.013660170757204
Bot 40 [?]    0.061298451909818
Bot 60 [?]    0.152345618327632
Bot 80 [?]    0.283967260116937
mworthVE   18.317341081550122
mworthWW    1.736598055517481
mworthUS    1.566831982057362
mworthUL   29.939267863766187
---------------
--------- PRODUCTION & CAPITAL -----
CapitalVE    0.820896217647899
ProductionVE    0.244404116339966
Totalcapital    4.197933132220116
Totallabor    0.934573577449273
Corproduction    1.484108080928556
Corcapital    3.377036914572217
Totalproduction    1.728512197268522
CapitalVE/Totalcapital    0.195547711645840
---------------
--------- TAXATION -----
Corporate revenu    0.000000000000000
Expenditure    0.013901485694128
Revenue Basis    0.951276630386410
Optimal tax    0.014613504894451
-------MASS--------
WW    0.932497640106264 
U    0.049081689924144 
VE    0.018420669969606 
-------WELFARE--------
UL  -13.569143535954206  US  -20.538884539994207  VE  -11.988112000357036  WW  -18.965115463364302  Wtot -18.819340803454327  Avg Firm:   44.563863258089256 
R:    0.097790972592340,	 W:    1.017838606421568,	 K:    3.393188097490865	, L:    0.935165855636779, 	 TAX:    0.015347753299145

-------EQUILIBRIUM PRICES AND AGGREGATE--------
r    0.097790972592340 
w    1.017838606421568 
u    0.049091102700549 
-------MOMENTS GENERATED & STATISTICS--------
Ratio KY [3.04]    2.429589219925063
Ratio mworthVE/mworthWW [8]   10.547729860024647
Fraction E [7.55]    0.018434105387702
(UL:    0.013567300504551, US:    0.035523802195998) Unemploy. rate [4- 6]    0.049091102700549
Fraction of nonE>E (rlv to whole pop) [0.39]    0.007503466629662
Fraction of U>E (rlv to new entrant) [20]    0.322768941722187
Worker exit rate (rlv to workers) [3-6.5]    0.032948374501784
Nshare (US)    0.091582193154754, 	 Nshare(UL):    0.028205721584851, 	 Nshare [0.1]:    0.119787914739605
(U>E/pop>E) [0.2]    0.322768941722187
Wealth Gini [0.84]    0.688378598644718
Earning Gini [0.36]    0.328501950792789
Top 1 [41.8]    0.303704108577329
Zero wealth fraction [7- 13]    0.039954799246259
Fraction U>nonU (rlv to unemployed) [40- 65]    0.580505093133221

-------TRANSITION Worker to entrepreneur / ABILITY--------
very low	 middle 	 very high
   0.007319613543705	   0.003629741515524	   0.007248689202896	
-------TRANSITION Entrepreneur to Worker / ABILITY--------
very low 	 middle 	 very high
   0.249368755848607	   0.309990476130638	   0.256827483711012	
--------- TRANSITION MATRIX BTW CLASSES ------
  	  U     	 W     	 E 
U 	 0.4195 	 0.5312 	 0.0493 
W 	 0.0275 	 0.9671 	 0.0054 
E 	 0.1368 	 0.2765 	 0.5866 
---------------
--------- WEALTH DISTRIBUTION STATISTICS ------
Top 0.1 [22]    0.075497412823904
Top 1 [41.8]    0.303704108577329
Top 5 [?]    0.551312205291007
Top 10 [77.2]    0.619490940455304
Top 20 [?]    0.716263451512660
Bot 20 [?]    0.013644130770510
Bot 40 [?]    0.061231500086159
Bot 60 [?]    0.152193065121748
Bot 80 [?]    0.283736548487340
mworthVE   18.323511111470705
mworthWW    1.737199506873594
mworthUS    1.567452553138871
mworthUL   29.962861174609717
---------------
--------- PRODUCTION & CAPITAL -----
CapitalVE    0.821695007240544
ProductionVE    0.244636938964250
Totalcapital    4.200926946817737
Totallabor    0.934550549969185
Corproduction    1.484431873313123
Corcapital    3.379231939577193
Totalproduction    1.729068812277373
CapitalVE/Totalcapital    0.195598499484260
---------------
--------- TAXATION -----
Corporate revenu    0.000000000000000
Expenditure    0.013901140730211
Revenue Basis    0.951221629411145
Optimal tax    0.014613987214332
-------MASS--------
WW    0.932474791911757 
U    0.049091102700549 
VE    0.018434105387702 
-------WELFARE--------
UL  -13.565662675740530  US  -20.536894391952330  VE  -11.986609087012891  WW  -18.963391220485654  Wtot -18.817444693579741  Avg Firm:   44.574715721692066 
R:    0.097798452746661,	 W:    1.017811466176363,	 K:    3.392490289595181	, L:    0.935042794503260, 	 TAX:    0.015201000082182

-------EQUILIBRIUM PRICES AND AGGREGATE--------
r    0.097798452746661 
w    1.017811466176363 
u    0.049095360487391 
-------MOMENTS GENERATED & STATISTICS--------
Ratio KY [3.04]    2.430083016124045
Ratio mworthVE/mworthWW [8]   10.547372961957340
Fraction E [7.55]    0.018438111038167
(UL:    0.013571082370894, US:    0.035524278116498) Unemploy. rate [4- 6]    0.049095360487391
Fraction of nonE>E (rlv to whole pop) [0.39]    0.007505563976609
Fraction of U>E (rlv to new entrant) [20]    0.322747313778480
Worker exit rate (rlv to workers) [3-6.5]    0.032950092522513
Nshare (US)    0.091556494698575, 	 Nshare(UL):    0.028247663242027, 	 Nshare [0.1]:    0.119804157940602
(U>E/pop>E) [0.2]    0.322747313778480
Wealth Gini [0.84]    0.688394774094557
Earning Gini [0.36]    0.328507652974429
Top 1 [41.8]    0.303760901074864
Zero wealth fraction [7- 13]    0.039945810308477
Fraction U>nonU (rlv to unemployed) [40- 65]    0.580465349178085

-------TRANSITION Worker to entrepreneur / ABILITY--------
very low	 middle 	 very high
   0.007321474067551	   0.003630938894260	   0.007251421539852	
-------TRANSITION Entrepreneur to Worker / ABILITY--------
very low 	 middle 	 very high
   0.249355587517555	   0.309965232468703	   0.256916000952175	
--------- TRANSITION MATRIX BTW CLASSES ------
  	  U     	 W     	 E 
U 	 0.4195 	 0.5311 	 0.0493 
W 	 0.0275 	 0.9670 	 0.0055 
E 	 0.1367 	 0.2765 	 0.5868 
---------------
--------- WEALTH DISTRIBUTION STATISTICS ------
Top 0.1 [22]    0.075515566524155
Top 1 [41.8]    0.303760901074864
Top 5 [?]    0.551373757637557
Top 10 [77.2]    0.619600968633380
Top 20 [?]    0.716381482054978
Bot 20 [?]    0.013634502402098
Bot 40 [?]    0.061192288308146
Bot 60 [?]    0.152106777729275
Bot 80 [?]    0.283618517945022
mworthVE   18.327698032106596
mworthWW    1.737655252944181
mworthUS    1.567919798939664
mworthUL   29.973033570305297
---------------
--------- PRODUCTION & CAPITAL -----
CapitalVE    0.822014595905977
ProductionVE    0.244728078306456
Totalcapital    4.202443667354880
Totallabor    0.934543036173660
Corproduction    1.484613528326280
Corcapital    3.380429071448903
Totalproduction    1.729341606632735
CapitalVE/Totalcapital    0.195603953550048
---------------
--------- TAXATION -----
Corporate revenu    0.000000000000000
Expenditure    0.013900961373141
Revenue Basis    0.951188617852823
Optimal tax    0.014614305840329
-------MASS--------
WW    0.932466528474451 
U    0.049095360487391 
VE    0.018438111038167 
-------WELFARE--------
UL  -13.563993548490521  US  -20.535437184983998  VE  -11.985727131174269  WW  -18.962104982700975  Wtot -18.816107029033109  Avg Firm:   44.582364983288471 
R:    0.097805610979225,	 W:    1.017785495842161,	 K:    3.391887228687867	, L:    0.934942842837340, 	 TAX:    0.015083661233811

-------EQUILIBRIUM PRICES AND AGGREGATE--------
r    0.097805610979225 
w    1.017785495842161 
u    0.049103108523352 
-------MOMENTS GENERATED & STATISTICS--------
Ratio KY [3.04]    2.430837317362329
Ratio mworthVE/mworthWW [8]   10.547767451177142
Fraction E [7.55]    0.018449220718019
(UL:    0.013578712820654, US:    0.035524395702698) Unemploy. rate [4- 6]    0.049103108523352
Fraction of nonE>E (rlv to whole pop) [0.39]    0.007509712724890
Fraction of U>E (rlv to new entrant) [20]    0.322715929364391
Worker exit rate (rlv to workers) [3-6.5]    0.032953396332432
Nshare (US)    0.091504509906273, 	 Nshare(UL):    0.028172832974338, 	 Nshare [0.1]:    0.119677342880611
(U>E/pop>E) [0.2]    0.322715929364391
Wealth Gini [0.84]    0.688466130440393
Earning Gini [0.36]    0.328521021014785
Top 1 [41.8]    0.303880108610505
Zero wealth fraction [7- 13]    0.039936384414331
Fraction U>nonU (rlv to unemployed) [40- 65]    0.580398826895508

-------TRANSITION Worker to entrepreneur / ABILITY--------
very low	 middle 	 very high
   0.007324883066195	   0.003633629205733	   0.007256150009541	
-------TRANSITION Entrepreneur to Worker / ABILITY--------
very low 	 middle 	 very high
   0.249329834783326	   0.309907752383369	   0.256891342547965	
--------- TRANSITION MATRIX BTW CLASSES ------
  	  U     	 W     	 E 
U 	 0.4196 	 0.5310 	 0.0494 
W 	 0.0275 	 0.9670 	 0.0055 
E 	 0.1374 	 0.2765 	 0.5861 
---------------
--------- WEALTH DISTRIBUTION STATISTICS ------
Top 0.1 [22]    0.075549060617733
Top 1 [41.8]    0.303880108610505
Top 5 [?]    0.551547900806651
Top 10 [77.2]    0.619806026449275
Top 20 [?]    0.716564055659998
Bot 20 [?]    0.013622291089245
Bot 40 [?]    0.061140961565501
Bot 60 [?]    0.151988754182563
Bot 80 [?]    0.283435944340002
mworthVE   18.332906023102606
mworthWW    1.738084017111757
mworthUS    1.568360727796843
mworthUL   29.993162443834244
---------------
--------- PRODUCTION & CAPITAL -----
CapitalVE    0.822676651386599
ProductionVE    0.244921007220965
Totalcapital    4.204834500270734
Totallabor    0.934524064498317
Corproduction    1.484867518830357
Corcapital    3.382157848884136
Totalproduction    1.729788526051322
CapitalVE/Totalcapital    0.195650185835763
---------------
--------- TAXATION -----
Corporate revenu    0.000000000000000
Expenditure    0.013900664654496
Revenue Basis    0.951145038361850
Optimal tax    0.014614663478071
-------MASS--------
WW    0.932447670758643 
U    0.049103108523352 
VE    0.018449220718019 
-------WELFARE--------
UL  -13.561156274298556  US  -20.534075216718751  VE  -11.984532547055451  WW  -18.960943245364625  Wtot -18.814796310642372  Avg Firm:   44.591403830032256 
R:    0.097811049067007,	 W:    1.017765767487580,	 K:    3.391400759697680	, L:    0.934859087169535, 	 TAX:    0.014989861682663

-------EQUILIBRIUM PRICES AND AGGREGATE--------
r    0.097811049067007 
w    1.017765767487580 
u    0.049108917806386 
-------MOMENTS GENERATED & STATISTICS--------
Ratio KY [3.04]    2.431407704047206
Ratio mworthVE/mworthWW [8]   10.547959930137250
Fraction E [7.55]    0.018457545816926
(UL:    0.013584416426699, US:    0.035524501379687) Unemploy. rate [4- 6]    0.049108917806386
Fraction of nonE>E (rlv to whole pop) [0.39]    0.007512819490071
Fraction of U>E (rlv to new entrant) [20]    0.322691879480985
Worker exit rate (rlv to workers) [3-6.5]    0.032955876530942
Nshare (US)    0.091465461044610, 	 Nshare(UL):    0.028222624800283, 	 Nshare [0.1]:    0.119688085844894
(U>E/pop>E) [0.2]    0.322691879480985
Wealth Gini [0.84]    0.688518420277769
Earning Gini [0.36]    0.328531040720408
Top 1 [41.8]    0.303968685458286
Zero wealth fraction [7- 13]    0.039929202665353
Fraction U>nonU (rlv to unemployed) [40- 65]    0.580348865961676

-------TRANSITION Worker to entrepreneur / ABILITY--------
very low	 middle 	 very high
   0.007327435753227	   0.003635645852199	   0.007259706024172	
-------TRANSITION Entrepreneur to Worker / ABILITY--------
very low 	 middle 	 very high
   0.249310638423469	   0.309864903589659	   0.256872958592321	
--------- TRANSITION MATRIX BTW CLASSES ------
  	  U     	 W     	 E 
U 	 0.4197 	 0.5310 	 0.0494 
W 	 0.0275 	 0.9670 	 0.0055 
E 	 0.1369 	 0.2765 	 0.5866 
---------------
--------- WEALTH DISTRIBUTION STATISTICS ------
Top 0.1 [22]    0.075574077587510
Top 1 [41.8]    0.303968685458286
Top 5 [?]    0.551676774281946
Top 10 [77.2]    0.619959804040232
Top 20 [?]    0.716702250272491
Bot 20 [?]    0.013612980856613
Bot 40 [?]    0.061101875264781
Bot 60 [?]    0.151899021386958
Bot 80 [?]    0.283297749727509
mworthVE   18.336763879060307
mworthWW    1.738418044864692
mworthUS    1.568703452133613
mworthUL   30.008103306554162
---------------
--------- PRODUCTION & CAPITAL -----
CapitalVE    0.823172415822485
ProductionVE    0.245065474805287
Totalcapital    4.206640789914935
Totallabor    0.934509841262519
Corproduction    1.485060156907058
Corcapital    3.383468374092450
Totalproduction    1.730125631712345
CapitalVE/Totalcapital    0.195684028404795
---------------
--------- TAXATION -----
Corporate revenu    0.000000000000000
Expenditure    0.013900445163163
Revenue Basis    0.951112125817243
Optimal tax    0.014614938434539
-------MASS--------
WW    0.932433536376699 
U    0.049108917806386 
VE    0.018457545816926 
-------WELFARE--------
UL  -13.559026921903422  US  -20.533006402670718  VE  -11.983632342486061  WW  -18.960027763938459  Wtot -18.813770463072913  Avg Firm:   44.598151021119548 
R:    0.097815314951203,	 W:    1.017750292409484,	 K:    3.391004140417419	, L:    0.934789237988132, 	 TAX:    0.014914877033039

-------EQUILIBRIUM PRICES AND AGGREGATE--------
r    0.097815314951203 
w    1.017750292409484 
u    0.049113492792677 
-------MOMENTS GENERATED & STATISTICS--------
Ratio KY [3.04]    2.431858089165051
Ratio mworthVE/mworthWW [8]   10.548103678077879
Fraction E [7.55]    0.018464088898596
(UL:    0.013588903570374, US:    0.035524589222303) Unemploy. rate [4- 6]    0.049113492792677
Fraction of nonE>E (rlv to whole pop) [0.39]    0.007515262180153
Fraction of U>E (rlv to new entrant) [20]    0.322673030460895
Worker exit rate (rlv to workers) [3-6.5]    0.032957826246684
Nshare (US)    0.091434804130510, 	 Nshare(UL):    0.028214233035556, 	 Nshare [0.1]:    0.119649037166066
(U>E/pop>E) [0.2]    0.322673030460895
Wealth Gini [0.84]    0.688559243226494
Earning Gini [0.36]    0.328538917495985
Top 1 [41.8]    0.304038079054434
Zero wealth fraction [7- 13]    0.039923526035814
Fraction U>nonU (rlv to unemployed) [40- 65]    0.580309494563112

-------TRANSITION Worker to entrepreneur / ABILITY--------
very low	 middle 	 very high
   0.007329461587716	   0.003637228339981	   0.007262488484850	
-------TRANSITION Entrepreneur to Worker / ABILITY--------
very low 	 middle 	 very high
   0.249295562332972	   0.309831514655584	   0.256858469683469	
--------- TRANSITION MATRIX BTW CLASSES ------
  	  U     	 W     	 E 
U 	 0.4197 	 0.5309 	 0.0494 
W 	 0.0275 	 0.9670 	 0.0055 
E 	 0.1370 	 0.2764 	 0.5865 
---------------
--------- WEALTH DISTRIBUTION STATISTICS ------
Top 0.1 [22]    0.075593654455916
Top 1 [41.8]    0.304038079054434
Top 5 [?]    0.551777674244030
Top 10 [77.2]    0.620080662716532
Top 20 [?]    0.716812573185156
Bot 20 [?]    0.013605616545072
Bot 40 [?]    0.061071016991981
Bot 60 [?]    0.151828090976180
Bot 80 [?]    0.283187426814844
mworthVE   18.339813647078859
mworthWW    1.738683483477176
mworthUS    1.568976328984774
mworthUL   30.019866101613321
---------------
--------- PRODUCTION & CAPITAL -----
CapitalVE    0.823562540909915
ProductionVE    0.245179139778340
Totalcapital    4.208066789016775
Totallabor    0.934498665401033
Corproduction    1.485212451641192
Corcapital    3.384504248106860
Totalproduction    1.730391591419532
CapitalVE/Totalcapital    0.195710425285893
---------------
--------- TAXATION -----
Corporate revenu    0.000000000000000
Expenditure    0.013900275038541
Revenue Basis    0.951086289968174
Optimal tax    0.014615156569029
-------MASS--------
WW    0.932422418308734 
U    0.049113492792677 
VE    0.018464088898596 
-------WELFARE--------
UL  -13.557349796824649  US  -20.532153715246878  VE  -11.982925006333931  WW  -18.959296692829163  Wtot -18.812952909984915  Avg Firm:   44.603475721596048 
R:    0.097818716154064,	 W:    1.017737954549435,	 K:    3.390679145801891	, L:    0.934731123470713, 	 TAX:    0.014854932940237

