===================Program Starting: Mon Jan 23 17:29:04 2017

------ Estimated Model parameters------
             betapar		   0.879000000000000
              Etapar		   0.034000000000000	   0.027000000000000	   0.024000000000000
               Kappa		   2.350000000000000	   2.400000000000000	   2.450000000000000
                PROD		   0.250000000000000	   1.000000000000000	   1.750000000000000
              GTRANS		   0.510000000000000	   0.550000000000000	   0.700000000000000
             phiparW		   1.500000000000000
             phiparE		   2.100000000000000
             costpar		   0.000000000000000
               nupar		   0.840000000000000
                fpar		   0.800000000000000
               mupar		   0.100000000000000
               xipar		   1.000000000000000

------ Fixed Model parameters------
             maxgrid		                 250
             Gridmin		   0.000000000000000
             Gridmax		5000.000000000000000
             corptax		   0.000000000000000
            alphapar		   0.360000000000000
            deltapar		   0.060000000000000
             rhostar		   0.400000000000000
            sigmapar		   1.390000000000000
              TFPpar		   1.000000000000000
              pLTpar		   0.250000000000000
          EffortMaxU		 100.000000000000000
          EffortMaxE		 100.000000000000000

------ Convergence criterions------
        epsilonValue		   0.000001000000000
        epsilonendoK		   0.000001000000000
           maxiterVF		   0.000001000000000
        maxiterendoK		   0.000001000000000
         epsilonDist		   0.000000010000000
        epsilonprice		   0.000010000000000
       epsilonparams		   0.000001000000000
          relaxendoK		   0.300000000000000
              relaxK		   0.050000000000000
            relaxTax		   0.200000000000000
----------------------------
-------EQUILIBRIUM PRICES AND AGGREGATE--------
r    0.057688258463640 
w    1.200363390425356 
u    0.084303728309243 
-------MOMENTS GENERATED & STATISTICS--------
Ratio KY [3.04]  106.666490689944467
Ratio mworthVE/mworthWW [8]    1.057840389444934
Fraction E [7.55]    0.066903721635055
(UL:    0.042077101234613, US:    0.042226627074631) Unemploy. rate [4- 6]    0.084303728309243
Fraction of nonE>E (rlv to whole pop) [0.39]    0.000000000000000
Fraction of U>E (rlv to new entrant) [20]                  nan
Worker exit rate (rlv to workers) [3-6.5]    0.028762509680696
Nshare (US)                  nan, 	 Nshare(UL):                  nan, 	 Nshare [0.1]:                  nan
(U>E/pop>E) [0.2]                  nan
Wealth Gini [0.84]    0.010922244709052
Earning Gini [0.36]    0.387923554910537
Top 1 [41.8]    0.077358039804978
Zero wealth fraction [7- 13]    0.000000000000000
Fraction U>nonU (rlv to unemployed) [40- 65]    0.000018377541066

-------TRANSITION Worker to entrepreneur / ABILITY--------
very low	 middle 	 very high
   0.000000000000000	   0.000000000000000	   0.000000000000000	
-------TRANSITION Entrepreneur to Worker / ABILITY--------
very low 	 middle 	 very high
   0.000002135455035	   0.000002183370719	   0.000000723702997	
--------- TRANSITION MATRIX BTW CLASSES ------
  	  U     	 W     	 E 
U 	 1.0000 	 0.0000 	 0.0000 
W 	 0.0288 	 0.9712 	 0.0000 
E 	 0.3392 	 0.0000 	 0.6608 
---------------
--------- WEALTH DISTRIBUTION STATISTICS ------
Top 0.1 [22]    0.078061294712296
Top 1 [41.8]    0.077358039804978
Top 5 [?]    0.074232462439120
Top 10 [77.2]    0.460787564156997
Top 20 [?]    0.421514918809306
Bot 20 [?]    0.179397755391465
Bot 40 [?]    0.073570932916137
Bot 60 [?]    0.657030371886076
Bot 80 [?]    0.578485081190694
mworthVE 4915.913252336007645
mworthWW 4647.121911194436507
mworthUS 4647.200460990914507
mworthUL 4678.150878841662234
---------------
--------- PRODUCTION & CAPITAL -----
CapitalVE  174.060807199454644
ProductionVE   25.801673048161849
Totalcapital 4756.724281633981263
Totallabor    0.853549872879530
Corproduction   18.792690663125047
Corcapital 4582.663474434526506
Totalproduction   44.594363711286896
CapitalVE/Totalcapital    0.036592578609510
---------------
--------- TAXATION -----
Corporate revenu    0.000000000000000
Expenditure    0.019609805028052
Revenue Basis    1.024570019306804
Optimal tax    0.019139546012989
-------MASS--------
WW    0.848792550055743 
U    0.084303728309243 
VE    0.066903721635055 
-------WELFARE--------
UL   -2.162552715694327  US   -2.170140793229070  VE   -2.069642325802913  WW   -2.168257287443251  Wtot  -2.161499081754135  Avg Firm: 2601.661057794629414 
