===================Program Starting: Sun Jan 22 12:24:36 2017

------ Estimated Model parameters------
             betapar		   0.879492187500000
              Etapar		   0.034000000000000	   0.027000000000000	   0.024000000000000
               Kappa		   2.003125000000000	   2.053125000000000	   2.103125000000000
                PROD		   0.250000000000000	   1.000000000000000	   1.750000000000000
              GTRANS		   0.480468750000000	   0.352343750000000	   0.737109375000000
             phiparW		   1.332031250000000
             phiparE		   1.678906250000000
             costpar		   0.000000000000000
               nupar		   0.869531250000000
                fpar		   0.761718750000000
               mupar		   0.100000000000000
               xipar		   1.000000000000000

------ Fixed Model parameters------
             maxgrid		                 250
             Gridmin		   0.000000000000000
             Gridmax		5000.000000000000000
             corptax		   0.000000000000000
            alphapar		   0.360000000000000
            deltapar		   0.060000000000000
             rhostar		   0.540000000000000
            sigmapar		   1.390000000000000
              TFPpar		   1.000000000000000
              pLTpar		   1.000000000000000
          EffortMaxU		 100.000000000000000
          EffortMaxE		 100.000000000000000

------ Convergence criterions------
        epsilonValue		   0.000001000000000
        epsilonendoK		   0.000001000000000
           maxiterVF		   0.000001000000000
        maxiterendoK		   0.000001000000000
         epsilonDist		   0.000000010000000
        epsilonprice		   0.000010000000000
       epsilonparams		   0.000001000000000
          relaxendoK		   0.300000000000000
              relaxK		   0.050000000000000
            relaxTax		   0.200000000000000
----------------------------
R:    0.070000000000000,	 W:    1.135029096946556,	 K:    4.380284646201778	, L:    0.891900000000000, 	 TAX:    0.141700000000000

