===================Program Starting: Tue Jan 31 23:30:43 2017

------ Estimated Model parameters------
             betapar		   0.879492187500000
              Etapar		   0.034000000000000	   0.027000000000000	   0.024000000000000
               Kappa		   2.003125000000000	   2.053125000000000	   2.103125000000000
                PROD		   0.250000000000000	   1.000000000000000	   1.750000000000000
              GTRANS		   0.480468750000000	   0.352343750000000	   0.737109375000000
             phiparW		   1.332031250000000
             phiparE		   1.678906250000000
             costpar		   0.000000000000000
               nupar		   0.869531250000000
                fpar		   0.761718750000000
               mupar		   0.042187500000000
               xipar		   1.000000000000000

------ Fixed Model parameters------
             maxgrid		                 250
             Gridmin		   0.000000000000000
             Gridmax		5000.000000000000000
             corptax		   0.000000000000000
            alphapar		   0.360000000000000
            deltapar		   0.060000000000000
             rhostar		   0.400000000000000
            sigmapar		   1.390000000000000
              TFPpar		   1.000000000000000
              pLTpar		   1.000000000000000
          EffortMaxU		 100.000000000000000
          EffortMaxE		 100.000000000000000

------ Convergence criterions------
        epsilonValue		   0.000001000000000
        epsilonendoK		   0.000001000000000
           maxiterVF		   0.000001000000000
        maxiterendoK		   0.000001000000000
         epsilonDist		   0.000000010000000
        epsilonprice		   0.000010000000000
       epsilonparams		   0.000001000000000
          relaxendoK		   0.300000000000000
              relaxK		   0.050000000000000
            relaxTax		   0.200000000000000
----------------------------
R:    0.070000000000000,	 W:    1.135029096946556,	 K:    4.380284646201778	, L:    0.891900000000000, 	 TAX:    0.141700000000000

-------EQUILIBRIUM PRICES AND AGGREGATE--------
r    0.070000000000000 
w    1.135029096946556 
u    0.212556360426705 
-------MOMENTS GENERATED & STATISTICS--------
Ratio KY [3.04]    4.946483236026971
Ratio mworthVE/mworthWW [8]    4.178264453596653
Fraction E [7.55]    0.721349685009965
(UL:    0.210926104661038, US:    0.001630255765667) Unemploy. rate [4- 6]    0.212556360426705
Fraction of nonE>E (rlv to whole pop) [0.39]    0.030791943815835
Fraction of U>E (rlv to new entrant) [20]    0.764788653194976
Worker exit rate (rlv to workers) [3-6.5]    0.134246322526126
Nshare (US)    0.000080501929126, 	 Nshare(UL):    0.000041167466032, 	 Nshare [0.1]:    0.000121669395158
(U>E/pop>E) [0.2]    0.764788653194976
Wealth Gini [0.84]    0.457860735053447
Earning Gini [0.36]    0.951279652428004
Top 1 [41.8]    0.076034697648417
Zero wealth fraction [7- 13]    0.000726256481012
Fraction U>nonU (rlv to unemployed) [40- 65]    0.143818443568500

-------TRANSITION Worker to entrepreneur / ABILITY--------
very low	 middle 	 very high
   0.114836818906234	   0.092351863475324	   0.142631398826318	
-------TRANSITION Entrepreneur to Worker / ABILITY--------
very low 	 middle 	 very high
   0.001722883710522	   0.003832618425427	   0.002064716450427	
--------- TRANSITION MATRIX BTW CLASSES ------
  	  U     	 W     	 E 
U 	 0.8562 	 0.0330 	 0.1108 
W 	 0.0247 	 0.8658 	 0.1096 
E 	 0.0399 	 0.0029 	 0.9573 
---------------
--------- WEALTH DISTRIBUTION STATISTICS ------
Top 0.1 [22]    0.013948455725940
Top 1 [41.8]    0.076034697648417
Top 5 [?]    0.232753679481201
Top 10 [77.2]    0.347611465276269
Top 20 [?]    0.522070343051405
Bot 20 [?]    0.042368223176024
Bot 40 [?]    0.132720216515370
Bot 60 [?]    0.263031705286065
Bot 80 [?]    0.477929656948595
mworthVE   83.901484051087181
mworthWW   20.080462829217218
mworthUS   18.056668389509529
mworthUL   83.249324307991486
---------------
--------- PRODUCTION & CAPITAL -----
CapitalVE  100.743052301604365
ProductionVE   23.228750358007712
Totalcapital  117.315642758929485
Totallabor    0.067230723055833
Corproduction    0.488229395300364
Corcapital   16.572590457325123
Totalproduction   23.716979753308078
CapitalVE/Totalcapital    0.858735032536284
---------------
--------- TAXATION -----
Corporate revenu    0.000000000000000
Expenditure    0.001765276443068
Revenue Basis    0.076308826877126
Optimal tax    0.023133319110126
-------MASS--------
WW    0.066093954563320 
U    0.212556360426705 
VE    0.721349685009965 
-------WELFARE--------
UL   -9.176001554640990  US  -16.483499667601890  VE   -8.070467857045264  WW  -15.172474632231683  Wtot  -8.786768880174034  Avg Firm:  139.659106249159436 
R:    0.044928340480451,	 W:    1.280406671317711,	 K:    4.989899936757945	, L:    0.726966144611167, 	 TAX:    0.117986663822025

