===================Program Starting: Mon Jan 16 11:51:40 2017

------ Estimated Model parameters------
             betapar		   0.870000000000000
              Etapar		   0.034000000000000	   0.027000000000000	   0.024000000000000
               Kappa		 100.250000000000000	 100.500000000000000	 100.750000000000000
                PROD		   0.500000000000000	   1.750000000000000	   2.500000000000000
              GTRANS		   0.490000000000000	   0.550000000000000
             phiparW		   1.050000000000000
             phiparE		   2.000000000000000
             costpar		   0.000000000000000
               nupar		   0.820000000000000
                fpar		   0.750000000000000
               mupar		   0.100000000000000
               xipar		   0.040000000000000

------ Fixed Model parameters------
             maxgrid		                 250
             Gridmin		   0.000000000000000
             Gridmax		5000.000000000000000
             corptax		   0.000000000000000
            alphapar		   0.360000000000000
            deltapar		   0.060000000000000
             rhostar		   0.540000000000000
            sigmapar		   1.390000000000000
              TFPpar		   1.000000000000000
              pLTpar		   0.000000000000000
          EffortMaxU		 100.000000000000000
          EffortMaxE		 100.000000000000000

------ Convergence criterions------
        epsilonValue		   0.000001000000000
        epsilonendoK		   0.000001000000000
           maxiterVF		   0.000001000000000
        maxiterendoK		   0.000001000000000
         epsilonDist		   0.000000010000000
        epsilonprice		   0.000001000000000
       epsilonparams		   0.000001000000000
          relaxendoK		   0.300000000000000
              relaxK		   0.050000000000000
            relaxTax		   0.200000000000000
----------------------------
R:    0.045000000000000,	 W:    1.279915062232225,	 K:    6.381252389209258	, L:    0.930661063223172, 	 TAX:    0.015747715938431

-------EQUILIBRIUM PRICES AND AGGREGATE--------
r    0.045000000000000 
w    1.279915062232225 
u    0.027591620990165 
-------MOMENTS GENERATED & STATISTICS--------
Ratio KY [3.04]    0.778716459074486
Ratio mworthVE/mworthWW [8]    1.459292587578010
Fraction E [7.55]    0.000123933858733
(UL:    0.000000443874088, US:    0.027591177116077) Unemploy. rate [4- 6]    0.027591620990165
Fraction of nonE>E (rlv to whole pop) [0.39]    0.000087835066236
Fraction of U>E (rlv to new entrant) [20]    0.046575215721047
Worker exit rate (rlv to workers) [3-6.5]    0.028071194162103
Nshare (US)    0.019688257791880, 	 Nshare(UL):    0.000000000001591, 	 Nshare [0.1]:    0.019688257793471
(U>E/pop>E) [0.2]    0.046575215721047
Wealth Gini [0.84]    0.365003330472603
Earning Gini [0.36]    0.251548512525499
Top 1 [41.8]    0.050974024076996
Zero wealth fraction [7- 13]    0.126142782769206
Fraction U>nonU (rlv to unemployed) [40- 65]    0.986312109823339

-------TRANSITION Worker to entrepreneur / ABILITY--------
very low	 middle 	 very high
   0.000346151130565	   0.000000000000000	   0.000000000000000	
-------TRANSITION Entrepreneur to Worker / ABILITY--------
very low 	 middle 	 very high
   0.491728693157892	  29.440118038132809	 156.943790345092566	
--------- TRANSITION MATRIX BTW CLASSES ------
  	  U     	 W     	 E 
U 	 0.0137 	 0.9862 	 0.0001 
W 	 0.0280 	 0.9719 	 0.0001 
E 	 0.0036 	 0.7052 	 0.2913 
---------------
--------- WEALTH DISTRIBUTION STATISTICS ------
Top 0.1 [22]    0.003235953528561
Top 1 [41.8]    0.050974024076996
Top 5 [?]    0.143353915829731
Top 10 [77.2]    0.200375474814949
Top 20 [?]    0.398487570790905
Bot 20 [?]    0.010238196178974
Bot 40 [?]    0.114730721558670
Bot 60 [?]    0.321255630087138
Bot 80 [?]    0.601512429209095
mworthVE    1.640843386182780
mworthWW    1.124410142386929
mworthUS    1.048296516983273
mworthUL    1.251096368496719
---------------
--------- PRODUCTION & CAPITAL -----
CapitalVE    0.000315384600109
ProductionVE    0.000133468296450
Totalcapital    1.070242348318622
Totallabor    1.582005495731528
Corproduction    1.374233717406314
Corcapital    1.069926963718513
Totalproduction    1.374367185702763
CapitalVE/Totalcapital    0.000294685218357
---------------
--------- TAXATION -----
Corporate revenu    0.000000000000000
Expenditure    0.029671977265815
Revenue Basis    2.024832662520940
Optimal tax    0.014654039227554
-------MASS--------
WW    0.972284445151100 
U    0.027591620990165 
VE    0.000123933858733 
R:    0.057332162453755,	 W:    1.202411236447038,	 K:    6.115686117934720	, L:    1.060929949724843, 	 TAX:    0.015528980596256

-------EQUILIBRIUM PRICES AND AGGREGATE--------
r    0.057332162453755 
w    1.202411236447038 
u    0.027563387792736 
-------MOMENTS GENERATED & STATISTICS--------
Ratio KY [3.04]    0.863525268181130
Ratio mworthVE/mworthWW [8]    1.411315922984094
Fraction E [7.55]    0.000694860968378
(UL:    0.000002878801662, US:    0.027560508991074) Unemploy. rate [4- 6]    0.027563387792736
Fraction of nonE>E (rlv to whole pop) [0.39]    0.000379610412894
Fraction of U>E (rlv to new entrant) [20]    0.065289081265880
Worker exit rate (rlv to workers) [3-6.5]    0.028327851540929
Nshare (US)    0.030874558447960, 	 Nshare(UL):    0.000000000021730, 	 Nshare [0.1]:    0.030874558469690
(U>E/pop>E) [0.2]    0.065289081265880
Wealth Gini [0.84]    0.371329255248488
Earning Gini [0.36]    0.251756440766636
Top 1 [41.8]    0.036789695078761
Zero wealth fraction [7- 13]    0.110761578296691
Fraction U>nonU (rlv to unemployed) [40- 65]    0.986742259309911

-------TRANSITION Worker to entrepreneur / ABILITY--------
very low	 middle 	 very high
   0.001469907671590	   0.000000003087441	   0.000000002340937	
-------TRANSITION Entrepreneur to Worker / ABILITY--------
very low 	 middle 	 very high
   0.323959032719505	  10.142878983448105	  42.079512275003992	
--------- TRANSITION MATRIX BTW CLASSES ------
  	  U     	 W     	 E 
U 	 0.0133 	 0.9858 	 0.0009 
W 	 0.0280 	 0.9717 	 0.0004 
E 	 0.0041 	 0.5422 	 0.4537 
---------------
--------- WEALTH DISTRIBUTION STATISTICS ------
Top 0.1 [22]    0.005856185570600
Top 1 [41.8]    0.036789695078761
Top 5 [?]    0.141952620677624
Top 10 [77.2]    0.241637881275385
Top 20 [?]    0.410479645705428
Bot 20 [?]    0.009216724019789
Bot 40 [?]    0.121317389404239
Bot 60 [?]    0.303426445298094
Bot 80 [?]    0.589520354294572
mworthVE    1.804340228595267
mworthWW    1.278480742129063
mworthUS    1.190001590898986
mworthUL    1.604991146793752
---------------
--------- PRODUCTION & CAPITAL -----
CapitalVE    0.001956720764535
ProductionVE    0.000812942759055
Totalcapital    1.257649687851735
Totallabor    1.581726602177708
Corproduction    1.455600360004814
Corcapital    1.255692967087200
Totalproduction    1.456413302763869
CapitalVE/Totalcapital    0.001555855166535
---------------
--------- TAXATION -----
Corporate revenu    0.000000000000000
Expenditure    0.027858018589186
Revenue Basis    1.901885839445669
Optimal tax    0.014647576637568
-------MASS--------
WW    0.971741751238883 
U    0.027563387792736 
VE    0.000694860968378 
R:    0.067854739427090,	 W:    1.145702637757053,	 K:    5.872686460392344	, L:    1.165089280215416, 	 TAX:    0.015352699804518

-------EQUILIBRIUM PRICES AND AGGREGATE--------
r    0.067854739427090 
w    1.145702637757053 
u    0.027458798575039 
-------MOMENTS GENERATED & STATISTICS--------
Ratio KY [3.04]    0.960119550377266
Ratio mworthVE/mworthWW [8]    1.416990083496252
Fraction E [7.55]    0.002588629005513
(UL:    0.000012965183217, US:    0.027445833391823) Unemploy. rate [4- 6]    0.027458798575039
Fraction of nonE>E (rlv to whole pop) [0.39]    0.001126452465121
Fraction of U>E (rlv to new entrant) [20]    0.086936852798551
Worker exit rate (rlv to workers) [3-6.5]    0.028949854017495
Nshare (US)    0.044870069127629, 	 Nshare(UL):    0.000000000240495, 	 Nshare [0.1]:    0.044870069368124
(U>E/pop>E) [0.2]    0.086936852798551
Wealth Gini [0.84]    0.376662320912278
Earning Gini [0.36]    0.252470308511071
Top 1 [41.8]    0.032110070061963
Zero wealth fraction [7- 13]    0.095912377450747
Fraction U>nonU (rlv to unemployed) [40- 65]    0.988669774335272

-------TRANSITION Worker to entrepreneur / ABILITY--------
very low	 middle 	 very high
   0.004259081174459	   0.000013646892531	   0.000004474692759	
-------TRANSITION Entrepreneur to Worker / ABILITY--------
very low 	 middle 	 very high
   0.217453017360767	   4.804424170034998	   0.724826140648542	
--------- TRANSITION MATRIX BTW CLASSES ------
  	  U     	 W     	 E 
U 	 0.0113 	 0.9851 	 0.0036 
W 	 0.0279 	 0.9711 	 0.0011 
E 	 0.0050 	 0.4302 	 0.5649 
---------------
--------- WEALTH DISTRIBUTION STATISTICS ------
Top 0.1 [22]    0.004598677674124
Top 1 [41.8]    0.032110070061963
Top 5 [?]    0.146514208249734
Top 10 [77.2]    0.233803962106119
Top 20 [?]    0.433130432443438
Bot 20 [?]    0.015694198480927
Bot 40 [?]    0.122009939817405
Bot 60 [?]    0.323903889287446
Bot 80 [?]    0.566869567556562
mworthVE    2.067647204904937
mworthWW    1.459182551089749
mworthUS    1.360522077010261
mworthUL    2.082775408846362
---------------
--------- PRODUCTION & CAPITAL -----
CapitalVE    0.009847897280113
ProductionVE    0.003799295678415
Totalcapital    1.483490410900929
Totallabor    1.580730712596345
Corproduction    1.541310800577839
Corcapital    1.473642513620816
Totalproduction    1.545110096256254
CapitalVE/Totalcapital    0.006638328908464
---------------
--------- TAXATION -----
Corporate revenu    0.000000000000000
Expenditure    0.026470953370325
Revenue Basis    1.811047347005219
Optimal tax    0.014616378425499
-------MASS--------
WW    0.969952572419445 
U    0.027458798575039 
VE    0.002588629005513 
R:    0.076925016522745,	 W:    1.102372966624271,	 K:    5.652734263053767	, L:    1.248217566691602, 	 TAX:    0.015205435528714

-------EQUILIBRIUM PRICES AND AGGREGATE--------
r    0.076925016522745 
w    1.102372966624271 
u    0.027116508323687 
-------MOMENTS GENERATED & STATISTICS--------
Ratio KY [3.04]    1.195536812956590
Ratio mworthVE/mworthWW [8]    4.149488663459492
Fraction E [7.55]    0.015711070405158
(UL:    0.000165471268700, US:    0.026951037054987) Unemploy. rate [4- 6]    0.027116508323687
Fraction of nonE>E (rlv to whole pop) [0.39]    0.003474900664177
Fraction of U>E (rlv to new entrant) [20]    0.075494662711306
Worker exit rate (rlv to workers) [3-6.5]    0.031099807359055
Nshare (US)    0.029578134768339, 	 Nshare(UL):    0.000000004468252, 	 Nshare [0.1]:    0.029578139236591
(U>E/pop>E) [0.2]    0.075494662711306
Wealth Gini [0.84]    0.452653656957285
Earning Gini [0.36]    0.261156649325034
Top 1 [41.8]    0.111799715305663
Zero wealth fraction [7- 13]    0.080130008499254
Fraction U>nonU (rlv to unemployed) [40- 65]    0.992756219619941

-------TRANSITION Worker to entrepreneur / ABILITY--------
very low	 middle 	 very high
   0.009396653814072	   0.001759044536444	   0.000686228314952	
-------TRANSITION Entrepreneur to Worker / ABILITY--------
very low 	 middle 	 very high
   0.135262616720984	   0.328448287365978	   0.182703975317128	
--------- TRANSITION MATRIX BTW CLASSES ------
  	  U     	 W     	 E 
U 	 0.0072 	 0.9831 	 0.0097 
W 	 0.0277 	 0.9689 	 0.0034 
E 	 0.0104 	 0.2108 	 0.7788 
---------------
--------- WEALTH DISTRIBUTION STATISTICS ------
Top 0.1 [22]    0.028331347684074
Top 1 [41.8]    0.111799715305663
Top 5 [?]    0.228989760556820
Top 10 [77.2]    0.330033774647387
Top 20 [?]    0.475331844108711
Bot 20 [?]    0.015570883413417
Bot 40 [?]    0.112440364740849
Bot 60 [?]    0.272054503771672
Bot 80 [?]    0.524668155891289
mworthVE    7.097141938260103
mworthWW    1.710365424240757
mworthUS    1.594008374769643
mworthUL   11.792802859957026
---------------
--------- PRODUCTION & CAPITAL -----
CapitalVE    0.252505479096482
ProductionVE    0.077198618185823
Totalcapital    2.063232578668190
Totallabor    1.563840110305823
Corproduction    1.648580593552348
Corcapital    1.810727099571708
Totalproduction    1.725779211738171
CapitalVE/Totalcapital    0.122383429627441
---------------
--------- TAXATION -----
Corporate revenu    0.000000000000000
Expenditure    0.025074883441098
Revenue Basis    1.723935061723857
Optimal tax    0.014545143838553
-------MASS--------
WW    0.957172421271148 
U    0.027116508323687 
VE    0.015711070405158 
R:    0.084479150372864,	 W:    1.069571242220073,	 K:    5.460633904879664	, L:    1.311342075414446, 	 TAX:    0.015073377190682

-------EQUILIBRIUM PRICES AND AGGREGATE--------
r    0.084479150372864 
w    1.069571242220073 
u    0.026573977132042 
-------MOMENTS GENERATED & STATISTICS--------
Ratio KY [3.04]    1.559301814791071
Ratio mworthVE/mworthWW [8]    4.765240361411151
Fraction E [7.55]    0.042434556900090
(UL:    0.000519512225465, US:    0.026054464906577) Unemploy. rate [4- 6]    0.026573977132042
Fraction of nonE>E (rlv to whole pop) [0.39]    0.007225762342504
Fraction of U>E (rlv to new entrant) [20]    0.066838735087120
Worker exit rate (rlv to workers) [3-6.5]    0.034809086809949
Nshare (US)    0.019533456271072, 	 Nshare(UL):    0.000000005732042, 	 Nshare [0.1]:    0.019533462003115
(U>E/pop>E) [0.2]    0.066838735087120
Wealth Gini [0.84]    0.535454662002062
Earning Gini [0.36]    0.280476899654358
Top 1 [41.8]    0.130326552984608
Zero wealth fraction [7- 13]    0.063925419248858
Fraction U>nonU (rlv to unemployed) [40- 65]    0.997900778107690

-------TRANSITION Worker to entrepreneur / ABILITY--------
very low	 middle 	 very high
   0.014801071955724	   0.005919078058616	   0.002656599478437	
-------TRANSITION Entrepreneur to Worker / ABILITY--------
very low 	 middle 	 very high
   0.107007012502780	   0.201053006005678	   0.164574521673958	
--------- TRANSITION MATRIX BTW CLASSES ------
  	  U     	 W     	 E 
U 	 0.0021 	 0.9797 	 0.0182 
W 	 0.0276 	 0.9652 	 0.0072 
E 	 0.0121 	 0.1582 	 0.8297 
---------------
--------- WEALTH DISTRIBUTION STATISTICS ------
Top 0.1 [22]    0.025867583914820
Top 1 [41.8]    0.130326552984608
Top 5 [?]    0.314651931885469
Top 10 [77.2]    0.427972730504807
Top 20 [?]    0.564085500478406
Bot 20 [?]    0.018117175907228
Bot 40 [?]    0.099646461709106
Bot 60 [?]    0.238938291821476
Bot 80 [?]    0.435914499521594
mworthVE    9.740489978072890
mworthWW    2.044071072878346
mworthUS    1.906341549792647
mworthUL   14.033397780000314
---------------
--------- PRODUCTION & CAPITAL -----
CapitalVE    0.855235444654630
ProductionVE    0.256348115600561
Totalcapital    3.157510327398222
Totallabor    1.524786770226765
Corproduction    1.768603242402760
Corcapital    2.302274882743592
Totalproduction    2.024951358003320
CapitalVE/Totalcapital    0.270857528868113
---------------
--------- TAXATION -----
Corporate revenu    0.000000000000000
Expenditure    0.023570171220894
Revenue Basis    1.630868079952175
Optimal tax    0.014452530839640
-------MASS--------
WW    0.930991465967861 
U    0.026573977132042 
VE    0.042434556900090 
R:    0.090267776202409,	 W:    1.046196071166116,	 K:    5.302715953772861	, L:    1.354031014376910, 	 TAX:    0.014949207920474

-------EQUILIBRIUM PRICES AND AGGREGATE--------
r    0.090267776202409 
w    1.046196071166116 
u    0.026168363899870 
-------MOMENTS GENERATED & STATISTICS--------
Ratio KY [3.04]    1.831414419186498
Ratio mworthVE/mworthWW [8]    4.486445123284545
Fraction E [7.55]    0.064623310812430
(UL:    0.000831628758631, US:    0.025336735141239) Unemploy. rate [4- 6]    0.026168363899870
Fraction of nonE>E (rlv to whole pop) [0.39]    0.010097400031577
Fraction of U>E (rlv to new entrant) [20]    0.063816881330096
Worker exit rate (rlv to workers) [3-6.5]    0.037838481538302
Nshare (US)    0.015470763176386, 	 Nshare(UL):    0.000000006327747, 	 Nshare [0.1]:    0.015470769504134
(U>E/pop>E) [0.2]    0.063816881330096
Wealth Gini [0.84]    0.558743400094075
Earning Gini [0.36]    0.296746794743290
Top 1 [41.8]    0.120309687995724
Zero wealth fraction [7- 13]    0.053064274588057
Fraction U>nonU (rlv to unemployed) [40- 65]    1.001385212459361

-------TRANSITION Worker to entrepreneur / ABILITY--------
very low	 middle 	 very high
   0.018832538301294	   0.009369415299039	   0.004467422503553	
-------TRANSITION Entrepreneur to Worker / ABILITY--------
very low 	 middle 	 very high
   0.097863273920830	   0.174966910224758	   0.154632051731906	
--------- TRANSITION MATRIX BTW CLASSES ------
  	  U     	 W     	 E 
U 	 -0.0014 	 0.9768 	 0.0246 
W 	 0.0274 	 0.9622 	 0.0104 
E 	 0.0127 	 0.1436 	 0.8438 
---------------
--------- WEALTH DISTRIBUTION STATISTICS ------
Top 0.1 [22]    0.020161054832181
Top 1 [41.8]    0.120309687995724
Top 5 [?]    0.323248837238767
Top 10 [77.2]    0.451935671016006
Top 20 [?]    0.595779459544684
Bot 20 [?]    0.016584484086936
Bot 40 [?]    0.088235422602792
Bot 60 [?]    0.217071385365655
Bot 80 [?]    0.404220540455316
mworthVE   10.769534106330683
mworthWW    2.400460455971489
mworthUS    2.245258254731746
mworthUL   15.140481760232309
---------------
--------- PRODUCTION & CAPITAL -----
CapitalVE    1.406518223793864
ProductionVE    0.418209637427846
Totalcapital    4.181853274068661
Totallabor    1.491558644833611
Corproduction    1.865191230370395
Corcapital    2.775335050274796
Totalproduction    2.283400867798241
CapitalVE/Totalcapital    0.336338491958953
---------------
--------- TAXATION -----
Corporate revenu    0.000000000000000
Expenditure    0.022452385585878
Revenue Basis    1.560462794138778
Optimal tax    0.014388286391839
-------MASS--------
WW    0.909208325287697 
U    0.026168363899870 
VE    0.064623310812430 
R:    0.094582192224131,	 W:    1.029669700726404,	 K:    5.176346908597957	, L:    1.381536540468250, 	 TAX:    0.014837023614747

-------EQUILIBRIUM PRICES AND AGGREGATE--------
r    0.094582192224131 
w    1.029669700726404 
u    0.025864506559022 
-------MOMENTS GENERATED & STATISTICS--------
Ratio KY [3.04]    2.038542995096036
Ratio mworthVE/mworthWW [8]    4.180413755294607
Fraction E [7.55]    0.083024513946713
(UL:    0.001101731021107, US:    0.024762775537914) Unemploy. rate [4- 6]    0.025864506559022
Fraction of nonE>E (rlv to whole pop) [0.39]    0.012354506935756
Fraction of U>E (rlv to new entrant) [20]    0.061447087167899
Worker exit rate (rlv to workers) [3-6.5]    0.040369316073841
Nshare (US)    0.012533106942572, 	 Nshare(UL):    0.000000007201994, 	 Nshare [0.1]:    0.012533114144566
(U>E/pop>E) [0.2]    0.061447087167899
Wealth Gini [0.84]    0.562189417184699
Earning Gini [0.36]    0.310478581908961
Top 1 [41.8]    0.106773995426252
Zero wealth fraction [7- 13]    0.045093265070990
Fraction U>nonU (rlv to unemployed) [40- 65]    1.003631579709407

-------TRANSITION Worker to entrepreneur / ABILITY--------
very low	 middle 	 very high
   0.021586395518744	   0.012353827310104	   0.006271987079575	
-------TRANSITION Entrepreneur to Worker / ABILITY--------
very low 	 middle 	 very high
   0.093193493278660	   0.161419436464808	   0.148729986019551	
--------- TRANSITION MATRIX BTW CLASSES ------
  	  U     	 W     	 E 
U 	 -0.0036 	 0.9743 	 0.0294 
W 	 0.0274 	 0.9596 	 0.0130 
E 	 0.0131 	 0.1357 	 0.8512 
---------------
--------- WEALTH DISTRIBUTION STATISTICS ------
Top 0.1 [22]    0.018607432651482
Top 1 [41.8]    0.106773995426252
Top 5 [?]    0.307521268431792
Top 10 [77.2]    0.441634266238502
Top 20 [?]    0.614781577465939
Bot 20 [?]    0.018024878013789
Bot 40 [?]    0.085491165017516
Bot 60 [?]    0.199557278730470
Bot 80 [?]    0.385218422534061
mworthVE   11.481815805063979
mworthWW    2.746574018067458
mworthUS    2.583288436423556
mworthUL   15.925345167972838
---------------
--------- PRODUCTION & CAPITAL -----
CapitalVE    1.894116604426226
ProductionVE    0.560428032455298
Totalcapital    5.097223165857510
Totallabor    1.463204797795032
Corproduction    1.939996622859553
Corcapital    3.203106561431283
Totalproduction    2.500424655314851
CapitalVE/Totalcapital    0.371597739159921
---------------
--------- TAXATION -----
Corporate revenu    0.000000000000000
Expenditure    0.021614269696408
Revenue Basis    1.506617646247050
Optimal tax    0.014346220987288
-------MASS--------
WW    0.891110979494262 
U    0.025864506559022 
VE    0.083024513946713 
R:    0.097679488876427,	 W:    1.018243341202725,	 K:    5.077684891239623	, L:    1.397870191933607, 	 TAX:    0.014738863089255

-------EQUILIBRIUM PRICES AND AGGREGATE--------
r    0.097679488876427 
w    1.018243341202725 
u    0.025666146099792 
-------MOMENTS GENERATED & STATISTICS--------
Ratio KY [3.04]    2.183250945137855
Ratio mworthVE/mworthWW [8]    3.939358470649642
Fraction E [7.55]    0.095834858973864
(UL:    0.001298672727166, US:    0.024367473372625) Unemploy. rate [4- 6]    0.025666146099792
Fraction of nonE>E (rlv to whole pop) [0.39]    0.013959377222620
Fraction of U>E (rlv to new entrant) [20]    0.060105162743042
Worker exit rate (rlv to workers) [3-6.5]    0.042234871416435
Nshare (US)    0.010785628247095, 	 Nshare(UL):    0.000000006675997, 	 Nshare [0.1]:    0.010785634923091
(U>E/pop>E) [0.2]    0.060105162743042
Wealth Gini [0.84]    0.558212204436595
Earning Gini [0.36]    0.320096180974294
Top 1 [41.8]    0.098630199731373
Zero wealth fraction [7- 13]    0.039440147372916
Fraction U>nonU (rlv to unemployed) [40- 65]    1.005059246574527

-------TRANSITION Worker to entrepreneur / ABILITY--------
very low	 middle 	 very high
   0.023428978398564	   0.014514895533545	   0.007832180537536	
-------TRANSITION Entrepreneur to Worker / ABILITY--------
very low 	 middle 	 very high
   0.090906726007243	   0.154300772785884	   0.149483429718756	
--------- TRANSITION MATRIX BTW CLASSES ------
  	  U     	 W     	 E 
U 	 -0.0051 	 0.9724 	 0.0327 
W 	 0.0273 	 0.9578 	 0.0149 
E 	 0.0133 	 0.1323 	 0.8543 
---------------
--------- WEALTH DISTRIBUTION STATISTICS ------
Top 0.1 [22]    0.015924843973997
Top 1 [41.8]    0.098630199731373
Top 5 [?]    0.291722638267813
Top 10 [77.2]    0.438353278198244
Top 20 [?]    0.600632607769424
Bot 20 [?]    0.018084938921335
Bot 40 [?]    0.091289161921721
Bot 60 [?]    0.198866940205454
Bot 80 [?]    0.399367392230576
mworthVE   12.021155303246074
mworthWW    3.051551513478706
mworthUS    2.872326375971530
mworthUL   16.521490897681069
---------------
--------- PRODUCTION & CAPITAL -----
CapitalVE    2.258565052864128
ProductionVE    0.665815291149013
Totalcapital    5.812111544091934
Totallabor    1.443319837659991
Corproduction    1.996320986421656
Corcapital    3.553546491227806
Totalproduction    2.662136277570669
CapitalVE/Totalcapital    0.388596302003182
---------------
--------- TAXATION -----
Corporate revenu    0.000000000000000
Expenditure    0.021043141076758
Revenue Basis    1.469650813923083
Optimal tax    0.014318463186902
-------MASS--------
WW    0.878498994926340 
U    0.025666146099792 
VE    0.095834858973864 
R:    0.099874755920860,	 W:    1.010354872075065,	 K:    5.001477971239032	, L:    1.406960121078884, 	 TAX:    0.014654783108784

-------EQUILIBRIUM PRICES AND AGGREGATE--------
r    0.099874755920860 
w    1.010354872075065 
u    0.025532385553435 
-------MOMENTS GENERATED & STATISTICS--------
Ratio KY [3.04]    2.286407630184502
Ratio mworthVE/mworthWW [8]    3.754583601496356
Fraction E [7.55]    0.105190711177831
(UL:    0.001446025608740, US:    0.024086359944696) Unemploy. rate [4- 6]    0.025532385553435
Fraction of nonE>E (rlv to whole pop) [0.39]    0.015022018159549
Fraction of U>E (rlv to new entrant) [20]    0.059244920223140
Worker exit rate (rlv to workers) [3-6.5]    0.043522854291083
Nshare (US)    0.009606663714153, 	 Nshare(UL):    0.000000006257088, 	 Nshare [0.1]:    0.009606669971241
(U>E/pop>E) [0.2]    0.059244920223140
Wealth Gini [0.84]    0.553040453123753
Earning Gini [0.36]    0.327191679472888
Top 1 [41.8]    0.095106685394269
Zero wealth fraction [7- 13]    0.035541558076707
Fraction U>nonU (rlv to unemployed) [40- 65]    1.005853920784031

-------TRANSITION Worker to entrepreneur / ABILITY--------
very low	 middle 	 very high
   0.024606758646193	   0.016020638000953	   0.008943325007812	
-------TRANSITION Entrepreneur to Worker / ABILITY--------
very low 	 middle 	 very high
   0.089598334113191	   0.149156456759205	   0.146571977259532	
--------- TRANSITION MATRIX BTW CLASSES ------
  	  U     	 W     	 E 
U 	 -0.0059 	 0.9710 	 0.0349 
W 	 0.0273 	 0.9565 	 0.0163 
E 	 0.0135 	 0.1293 	 0.8572 
---------------
--------- WEALTH DISTRIBUTION STATISTICS ------
Top 0.1 [22]    0.015680704643682
Top 1 [41.8]    0.095106685394269
Top 5 [?]    0.285416302662443
Top 10 [77.2]    0.428550047118987
Top 20 [?]    0.595781048610014
Bot 20 [?]    0.019587452560970
Bot 40 [?]    0.084313332706728
Bot 60 [?]    0.204106607241815
Bot 80 [?]    0.404218951389986
mworthVE   12.394070184573430
mworthWW    3.301050529180888
mworthUS    3.116420149140227
mworthUL   16.935723212990201
---------------
--------- PRODUCTION & CAPITAL -----
CapitalVE    2.534615158661940
ProductionVE    0.745260178704159
Totalcapital    6.360468479048164
Totallabor    1.428501998368154
Corproduction    2.036600936120281
Corcapital    3.825853320386223
Totalproduction    2.781861114824440
CapitalVE/Totalcapital    0.398495042780440
---------------
--------- TAXATION -----
Corporate revenu    0.000000000000000
Expenditure    0.020643723170743
Revenue Basis    1.443293953820231
Optimal tax    0.014303200755537
-------MASS--------
WW    0.869276903268729 
U    0.025532385553435 
VE    0.105190711177831 
R:    0.101404536592915,	 W:    1.004957113041805,	 K:    4.942696738696391	, L:    1.411268496536738, 	 TAX:    0.014584466638135

