===================Program Starting: Tue Jan 31 23:27:35 2017

------ Estimated Model parameters------
             betapar		   0.879492187500000
              Etapar		   0.034000000000000	   0.027000000000000	   0.024000000000000
               Kappa		   2.003125000000000	   2.053125000000000	   2.103125000000000
                PROD		   0.250000000000000	   1.000000000000000	   1.750000000000000
              GTRANS		   0.480468750000000	   0.352343750000000	   0.737109375000000
             phiparW		   1.332031250000000
             phiparE		   1.678906250000000
             costpar		   0.000000000000000
               nupar		   0.869531250000000
                fpar		   0.761718750000000
               mupar		   0.042187500000000
               xipar		   1.000000000000000

------ Fixed Model parameters------
             maxgrid		                 250
             Gridmin		   0.000000000000000
             Gridmax		5000.000000000000000
             corptax		   0.000000000000000
            alphapar		   0.360000000000000
            deltapar		   0.060000000000000
             rhostar		   0.400000000000000
            sigmapar		   1.390000000000000
              TFPpar		   1.000000000000000
              pLTpar		   1.000000000000000
          EffortMaxU		 100.000000000000000
          EffortMaxE		 100.000000000000000

------ Convergence criterions------
        epsilonValue		   0.000001000000000
        epsilonendoK		   0.000001000000000
           maxiterVF		   0.000001000000000
        maxiterendoK		   0.000001000000000
         epsilonDist		   0.000000010000000
        epsilonprice		   0.000010000000000
       epsilonparams		   0.000001000000000
          relaxendoK		   0.300000000000000
              relaxK		   0.050000000000000
            relaxTax		   0.200000000000000
----------------------------
R:    0.070000000000000,	 W:    1.135029096946556,	 K:    4.380284646201778	, L:    0.891900000000000, 	 TAX:    0.141700000000000

-------EQUILIBRIUM PRICES AND AGGREGATE--------
r    0.070000000000000 
w    1.135029096946556 
u    0.212556360264501 
-------MOMENTS GENERATED & STATISTICS--------
Ratio KY [3.04]    4.946483235420644
Ratio mworthVE/mworthWW [8]    4.178264500382609
Fraction E [7.55]    0.721349684604409
(UL:    0.210926104483367, US:    0.001630255781135) Unemploy. rate [4- 6]    0.212556360264501
Fraction of nonE>E (rlv to whole pop) [0.39]    0.030791943809415
Fraction of U>E (rlv to new entrant) [20]    0.764788652653453
Worker exit rate (rlv to workers) [3-6.5]    0.134246321836378
Nshare (US)    0.000080501931557, 	 Nshare(UL):    0.000041167469488, 	 Nshare [0.1]:    0.000121669401045
(U>E/pop>E) [0.2]    0.764788652653453
Wealth Gini [0.84]    0.457860735462127
Earning Gini [0.36]    0.951279652018273
Top 1 [41.8]    0.076034697647213
Zero wealth fraction [7- 13]    0.000726256505430
Fraction U>nonU (rlv to unemployed) [40- 65]    0.143818443652513

-------TRANSITION Worker to entrepreneur / ABILITY--------
very low	 middle 	 very high
   0.114836818106046	   0.092351862796815	   0.142631398144757	
-------TRANSITION Entrepreneur to Worker / ABILITY--------
very low 	 middle 	 very high
   0.001722883720075	   0.003832618462095	   0.002064716457948	
--------- TRANSITION MATRIX BTW CLASSES ------
  	  U     	 W     	 E 
U 	 0.8562 	 0.0330 	 0.1108 
W 	 0.0247 	 0.8658 	 0.1096 
E 	 0.0399 	 0.0029 	 0.9573 
---------------
--------- WEALTH DISTRIBUTION STATISTICS ------
Top 0.1 [22]    0.013948455725718
Top 1 [41.8]    0.076034697647213
Top 5 [?]    0.232753679477326
Top 10 [77.2]    0.347611465270229
Top 20 [?]    0.522070343041790
Bot 20 [?]    0.042368223194300
Bot 40 [?]    0.132720216531851
Bot 60 [?]    0.263031705300154
Bot 80 [?]    0.477929656958210
mworthVE   83.901484033325445
mworthWW   20.080462600116025
mworthUS   18.056668143789217
mworthUL   83.249324311899855
---------------
--------- PRODUCTION & CAPITAL -----
CapitalVE  100.743052222782296
ProductionVE   23.228750340013914
Totalcapital  117.315642667545774
Totallabor    0.067230723606582
Corproduction    0.488229397726843
Corcapital   16.572590444763474
Totalproduction   23.716979737740758
CapitalVE/Totalcapital    0.858735032533320
---------------
--------- TAXATION -----
Corporate revenu    0.000000000000000
Expenditure    0.001765276448676
Revenue Basis    0.076308827502242
Optimal tax    0.023133318994112
-------MASS--------
WW    0.066093955131081 
U    0.212556360264501 
VE    0.721349684604409 
-------WELFARE--------
UL   -9.176001555296539  US  -16.483499739145945  VE   -8.070467859094723  WW  -15.172474691092376  Wtot  -8.786768889763607  Avg Firm:  139.659106218408027 
R:    0.044928340499079,	 W:    1.280406671189849,	 K:    4.989899936129863	, L:    0.726966144721316, 	 TAX:    0.117986663798822

