===================Program Starting: Mon Jan 23 18:55:32 2017

------ Estimated Model parameters------
             betapar		   0.879000000000000
              Etapar		   0.034000000000000	   0.027000000000000	   0.024000000000000
               Kappa		   2.350000000000000	   2.400000000000000	   2.450000000000000
                PROD		   0.250000000000000	   1.000000000000000	   1.750000000000000
              GTRANS		   0.510000000000000	   0.550000000000000	   0.700000000000000
             phiparW		   1.500000000000000
             phiparE		   2.100000000000000
             costpar		   0.000000000000000
               nupar		   0.840000000000000
                fpar		   0.800000000000000
               mupar		   0.100000000000000
               xipar		   1.000000000000000

------ Fixed Model parameters------
             maxgrid		                 250
             Gridmin		   0.000000000000000
             Gridmax		5000.000000000000000
             corptax		   0.000000000000000
            alphapar		   0.360000000000000
            deltapar		   0.060000000000000
             rhostar		   0.400000000000000
            sigmapar		   1.390000000000000
              TFPpar		   1.000000000000000
              pLTpar		   0.250000000000000
          EffortMaxU		 100.000000000000000
          EffortMaxE		 100.000000000000000

------ Convergence criterions------
        epsilonValue		   0.000001000000000
        epsilonendoK		   0.000001000000000
           maxiterVF		   0.000001000000000
        maxiterendoK		   0.000001000000000
         epsilonDist		   0.000000010000000
        epsilonprice		   0.000010000000000
       epsilonparams		   0.000001000000000
          relaxendoK		   0.300000000000000
              relaxK		   0.050000000000000
            relaxTax		   0.200000000000000
----------------------------
-------EQUILIBRIUM PRICES AND AGGREGATE--------
r    0.057688258463640 
w    1.200363390425356 
u    0.053839117585045 
-------MOMENTS GENERATED & STATISTICS--------
Ratio KY [3.04]    3.339861695555093
Ratio mworthVE/mworthWW [8]   16.984120867504142
Fraction E [7.55]    0.074169217966876
(UL:    0.024484448878753, US:    0.029354668706292) Unemploy. rate [4- 6]    0.053839117585045
Fraction of nonE>E (rlv to whole pop) [0.39]    0.020501843385834
Fraction of U>E (rlv to new entrant) [20]    0.212423201128874
Worker exit rate (rlv to workers) [3-6.5]    0.045789567883077
Nshare (US)    0.010760640415050, 	 Nshare(UL):    0.001557059609960, 	 Nshare [0.1]:    0.012317700025011
(U>E/pop>E) [0.2]    0.212423201128874
Wealth Gini [0.84]    0.801675636911059
Earning Gini [0.36]    0.370930309554805
Top 1 [41.8]    0.219874208497144
Zero wealth fraction [7- 13]    0.051108167439992
Fraction U>nonU (rlv to unemployed) [40- 65]    0.515243220094232

-------TRANSITION Worker to entrepreneur / ABILITY--------
very low	 middle 	 very high
   0.023128120254517	   0.015825220386139	   0.019410675313742	
-------TRANSITION Entrepreneur to Worker / ABILITY--------
very low 	 middle 	 very high
   0.194514833250555	   0.229755734112599	   0.211587234980215	
--------- TRANSITION MATRIX BTW CLASSES ------
  	  U     	 W     	 E 
U 	 0.4848 	 0.4344 	 0.0809 
W 	 0.0273 	 0.9542 	 0.0185 
E 	 0.0720 	 0.2152 	 0.7128 
---------------
--------- WEALTH DISTRIBUTION STATISTICS ------
Top 0.1 [22]    0.041704635675891
Top 1 [41.8]    0.219874208497144
Top 5 [?]    0.559929346110388
Top 10 [77.2]    0.747250052133655
Top 20 [?]    0.865934985081399
Bot 20 [?]    0.005061549118698
Bot 40 [?]    0.027636092535749
Bot 60 [?]    0.063348313249073
Bot 80 [?]    0.134065014918601
mworthVE   26.726679390117951
mworthWW    1.573627484084521
mworthUS    1.420842358561001
mworthUL   65.746519728434308
---------------
--------- PRODUCTION & CAPITAL -----
CapitalVE    4.294875676900783
ProductionVE    1.148965267469589
Totalcapital    9.331139114605289
Totallabor    0.876564524525405
Corproduction    1.644904648468481
Corcapital    5.036263437704507
Totalproduction    2.793869915938070
CapitalVE/Totalcapital    0.460273459022635
---------------
--------- TAXATION -----
Corporate revenu    0.000000000000000
Expenditure    0.013651152792005
Revenue Basis    1.052195964585904
Optimal tax    0.012973964215285
-------MASS--------
WW    0.871991664448121 
U    0.053839117585045 
VE    0.074169217966876 
-------WELFARE--------
UL  -12.042271552995704  US  -21.804088141782135  VE  -12.302880912452110  WW  -20.192823002577363  Wtot -19.455368562008104  Avg Firm:   57.906444137227879 
-------EQUILIBRIUM PRICES AND AGGREGATE--------
r    0.057688258463640 
w    1.200363390425356 
u    0.054515314413487 
-------MOMENTS GENERATED & STATISTICS--------
Ratio KY [3.04]    3.340825356545519
Ratio mworthVE/mworthWW [8]   17.022835165799336
Fraction E [7.55]    0.074106232215759
(UL:    0.023800274485364, US:    0.030715039928123) Unemploy. rate [4- 6]    0.054515314413487
Fraction of nonE>E (rlv to whole pop) [0.39]    0.020516271313387
Fraction of U>E (rlv to new entrant) [20]    0.212898716115973
Worker exit rate (rlv to workers) [3-6.5]    0.045785427567522
Nshare (US)    0.011237463762892, 	 Nshare(UL):    0.001375084353047, 	 Nshare [0.1]:    0.012612548115939
(U>E/pop>E) [0.2]    0.212898716115973
Wealth Gini [0.84]    0.801882022746620
Earning Gini [0.36]    0.371399642227476
Top 1 [41.8]    0.219895650351346
Zero wealth fraction [7- 13]    0.051617093716322
Fraction U>nonU (rlv to unemployed) [40- 65]    0.520911515054972

-------TRANSITION Worker to entrepreneur / ABILITY--------
very low	 middle 	 very high
   0.023130057979587	   0.015839463511627	   0.019438034404894	
-------TRANSITION Entrepreneur to Worker / ABILITY--------
very low 	 middle 	 very high
   0.193447003998172	   0.228769203048842	   0.211138716587194	
--------- TRANSITION MATRIX BTW CLASSES ------
  	  U     	 W     	 E 
U 	 0.4791 	 0.4408 	 0.0801 
W 	 0.0273 	 0.9542 	 0.0185 
E 	 0.0723 	 0.2144 	 0.7134 
---------------
--------- WEALTH DISTRIBUTION STATISTICS ------
Top 0.1 [22]    0.041704810011716
Top 1 [41.8]    0.219895650351346
Top 5 [?]    0.560006801836381
Top 10 [77.2]    0.747379020515231
Top 20 [?]    0.866124537819604
Bot 20 [?]    0.005136311108727
Bot 40 [?]    0.027670174097373
Bot 60 [?]    0.063298616288083
Bot 80 [?]    0.133875462180396
mworthVE   26.746604900786757
mworthWW    1.571219167681509
mworthUS    1.417287445725774
mworthUL   67.470079972086012
---------------
--------- PRODUCTION & CAPITAL -----
CapitalVE    4.293226622905095
ProductionVE    1.148510661227029
Totalcapital    9.329695275826762
Totallabor    0.875892182440502
Corproduction    1.644121182741570
Corcapital    5.036468652921667
Totalproduction    2.792631843968598
CapitalVE/Totalcapital    0.460167936462924
---------------
--------- TAXATION -----
Corporate revenu    0.000000000000000
Expenditure    0.014295394202395
Revenue Basis    1.051388909761345
Optimal tax    0.013596675853886
-------MASS--------
WW    0.871378453370797 
U    0.054515314413487 
VE    0.074106232215759 
-------WELFARE--------
UL  -11.831994743305081  US  -21.736366709289321  VE  -12.297447943233639  WW  -20.197931660537158  Wtot -19.460598078558597  Avg Firm:   57.933408493977396 
-------EQUILIBRIUM PRICES AND AGGREGATE--------
r    0.057688258463640 
w    1.200363390425356 
u    0.054753414628123 
-------MOMENTS GENERATED & STATISTICS--------
Ratio KY [3.04]    3.341108582938696
Ratio mworthVE/mworthWW [8]   17.056982242168285
Fraction E [7.55]    0.074076410181841
(UL:    0.023679952307111, US:    0.031073462321012) Unemploy. rate [4- 6]    0.054753414628123
Fraction of nonE>E (rlv to whole pop) [0.39]    0.020527208011492
Fraction of U>E (rlv to new entrant) [20]    0.213282085870805
Worker exit rate (rlv to workers) [3-6.5]    0.045778281160915
Nshare (US)    0.011309463011892, 	 Nshare(UL):    0.001374669924726, 	 Nshare [0.1]:    0.012684132936619
(U>E/pop>E) [0.2]    0.213282085870805
Wealth Gini [0.84]    0.802065392921289
Earning Gini [0.36]    0.371564342958932
Top 1 [41.8]    0.219905655411560
Zero wealth fraction [7- 13]    0.051959531873118
Fraction U>nonU (rlv to unemployed) [40- 65]    0.526261208572046

-------TRANSITION Worker to entrepreneur / ABILITY--------
very low	 middle 	 very high
   0.023123823744918	   0.015844288822311	   0.019454713117018	
-------TRANSITION Entrepreneur to Worker / ABILITY--------
very low 	 middle 	 very high
   0.193338940774413	   0.228505142713422	   0.211104248803907	
--------- TRANSITION MATRIX BTW CLASSES ------
  	  U     	 W     	 E 
U 	 0.4737 	 0.4463 	 0.0800 
W 	 0.0272 	 0.9542 	 0.0185 
E 	 0.0723 	 0.2142 	 0.7135 
---------------
--------- WEALTH DISTRIBUTION STATISTICS ------
Top 0.1 [22]    0.041703343389127
Top 1 [41.8]    0.219905655411560
Top 5 [?]    0.560082689401997
Top 10 [77.2]    0.747506194839718
Top 20 [?]    0.866314193381232
Bot 20 [?]    0.005173701403294
Bot 40 [?]    0.024220441084083
Bot 60 [?]    0.063246497643616
Bot 80 [?]    0.133685806618768
mworthVE   26.752535917953619
mworthWW    1.568421397063777
mworthUS    1.418808318879319
mworthUL   67.718741392352442
---------------
--------- PRODUCTION & CAPITAL -----
CapitalVE    4.292011800216473
ProductionVE    1.148198849505630
Totalcapital    9.328465076808804
Totallabor    0.875649701795230
Corproduction    1.643828061695168
Corcapital    5.036453276592331
Totalproduction    2.792026911200798
CapitalVE/Totalcapital    0.460098393988386
---------------
--------- TAXATION -----
Corporate revenu    0.000000000000000
Expenditure    0.014461897184089
Revenue Basis    1.051097844871874
Optimal tax    0.013758849620562
-------MASS--------
WW    0.871170175190078 
U    0.054753414628123 
VE    0.074076410181841 
-------WELFARE--------
UL  -11.822300997115237  US  -21.702330985055855  VE  -12.294756079528648  WW  -20.202818839464342  Wtot -19.465162710056674  Avg Firm:   57.940332012317334 
-------EQUILIBRIUM PRICES AND AGGREGATE--------
r    0.057688258463640 
w    1.200363390425356 
u    0.054838692227234 
-------MOMENTS GENERATED & STATISTICS--------
Ratio KY [3.04]    3.341272802430546
Ratio mworthVE/mworthWW [8]   17.081645693360723
Fraction E [7.55]    0.074060813517662
(UL:    0.023653985426410, US:    0.031184706800825) Unemploy. rate [4- 6]    0.054838692227234
Fraction of nonE>E (rlv to whole pop) [0.39]    0.020535491500050
Fraction of U>E (rlv to new entrant) [20]    0.213533897507197
Worker exit rate (rlv to workers) [3-6.5]    0.045777226522559
Nshare (US)    0.011312901406777, 	 Nshare(UL):    0.001377927495078, 	 Nshare [0.1]:    0.012690828901855
(U>E/pop>E) [0.2]    0.213533897507197
Wealth Gini [0.84]    0.802223731803952
Earning Gini [0.36]    0.371622167685789
Top 1 [41.8]    0.219904477245505
Zero wealth fraction [7- 13]    0.052213999968941
Fraction U>nonU (rlv to unemployed) [40- 65]    0.528204773143159

-------TRANSITION Worker to entrepreneur / ABILITY--------
very low	 middle 	 very high
   0.023117354010074	   0.015846794196676	   0.019467660551315	
-------TRANSITION Entrepreneur to Worker / ABILITY--------
very low 	 middle 	 very high
   0.193227130691093	   0.228338536633022	   0.211148311579037	
--------- TRANSITION MATRIX BTW CLASSES ------
  	  U     	 W     	 E 
U 	 0.4718 	 0.4482 	 0.0800 
W 	 0.0272 	 0.9542 	 0.0185 
E 	 0.0722 	 0.2141 	 0.7137 
---------------
--------- WEALTH DISTRIBUTION STATISTICS ------
Top 0.1 [22]    0.041700860582955
Top 1 [41.8]    0.219904477245505
Top 5 [?]    0.560151640370219
Top 10 [77.2]    0.747626437659458
Top 20 [?]    0.866492176204419
Bot 20 [?]    0.005188039171257
Bot 40 [?]    0.024250194247150
Bot 60 [?]    0.063216986827697
Bot 80 [?]    0.133507823795581
mworthVE   26.747096013639542
mworthWW    1.565838356197470
mworthUS    1.420289536034834
mworthUL   67.795561107393326
---------------
--------- PRODUCTION & CAPITAL -----
CapitalVE    4.290141458818615
ProductionVE    1.147766408601613
Totalcapital    9.327468885308713
Totallabor    0.875561784217826
Corproduction    1.643825130563828
Corcapital    5.037327426490098
Totalproduction    2.791591539165441
CapitalVE/Totalcapital    0.459947013661534
---------------
--------- TAXATION -----
Corporate revenu    0.000000000000000
Expenditure    0.014512152269860
Revenue Basis    1.050992311830584
Optimal tax    0.013808047981420
-------MASS--------
WW    0.871100494255146 
U    0.054838692227234 
VE    0.074060813517662 
-------WELFARE--------
UL  -11.824611347438784  US  -21.686531216712439  VE  -12.294186802749492  WW  -20.207259507763290  Wtot -19.469058522909719  Avg Firm:   57.927279691512979 
-------EQUILIBRIUM PRICES AND AGGREGATE--------
r    0.057688258463640 
w    1.200363390425356 
u    0.054877020920759 
-------MOMENTS GENERATED & STATISTICS--------
Ratio KY [3.04]    3.341297489924382
Ratio mworthVE/mworthWW [8]   17.100841553265195
Fraction E [7.55]    0.074063042820783
(UL:    0.023650424665502, US:    0.031226596255258) Unemploy. rate [4- 6]    0.054877020920759
Fraction of nonE>E (rlv to whole pop) [0.39]    0.020542481241217
Fraction of U>E (rlv to new entrant) [20]    0.213733234568543
Worker exit rate (rlv to workers) [3-6.5]    0.045779003850389
Nshare (US)    0.011303105255848, 	 Nshare(UL):    0.001377840724991, 	 Nshare [0.1]:    0.012680945980839
(U>E/pop>E) [0.2]    0.213733234568543
Wealth Gini [0.84]    0.802357663996104
Earning Gini [0.36]    0.371656597740034
Top 1 [41.8]    0.219888520576281
Zero wealth fraction [7- 13]    0.052292297890661
Fraction U>nonU (rlv to unemployed) [40- 65]    0.528636822006828

-------TRANSITION Worker to entrepreneur / ABILITY--------
very low	 middle 	 very high
   0.023111594624718	   0.015849010676461	   0.019478408423039	
-------TRANSITION Entrepreneur to Worker / ABILITY--------
very low 	 middle 	 very high
   0.193147452165314	   0.228112229421727	   0.211095340456628	
--------- TRANSITION MATRIX BTW CLASSES ------
  	  U     	 W     	 E 
U 	 0.4714 	 0.4486 	 0.0800 
W 	 0.0272 	 0.9542 	 0.0185 
E 	 0.0722 	 0.2140 	 0.7138 
---------------
--------- WEALTH DISTRIBUTION STATISTICS ------
Top 0.1 [22]    0.041695927326262
Top 1 [41.8]    0.219888520576281
Top 5 [?]    0.560213873414550
Top 10 [77.2]    0.747738688982062
Top 20 [?]    0.866658158954396
Bot 20 [?]    0.005202131552618
Bot 40 [?]    0.024285152697619
Bot 60 [?]    0.063206060879415
Bot 80 [?]    0.133341841045604
mworthVE   26.737378639250455
mworthWW    1.563512447967526
mworthUS    1.420436654317749
mworthUL   67.832577432498923
---------------
--------- PRODUCTION & CAPITAL -----
CapitalVE    4.289100500990725
ProductionVE    1.147539915777648
Totalcapital    9.326658881590483
Totallabor    0.875508782697068
Corproduction    1.643788575538926
Corcapital    5.037558380599759
Totalproduction    2.791328491316574
CapitalVE/Totalcapital    0.459875348229665
---------------
--------- TAXATION -----
Corporate revenu    0.000000000000000
Expenditure    0.014530640762933
Revenue Basis    1.050928690745430
Optimal tax    0.013826476421180
-------MASS--------
WW    0.871059936258501 
U    0.054877020920759 
VE    0.074063042820783 
-------WELFARE--------
UL  -11.824364618301626  US  -21.680247017028094  VE  -12.294560989197960  WW  -20.211226913151219  Wtot -19.472414188618838  Avg Firm:   57.911481052290462 
-------EQUILIBRIUM PRICES AND AGGREGATE--------
r    0.057688258463640 
w    1.200363390425356 
u    0.054901801424670 
-------MOMENTS GENERATED & STATISTICS--------
Ratio KY [3.04]    3.341280681441154
Ratio mworthVE/mworthWW [8]   17.118058620435043
Fraction E [7.55]    0.074070920868836
(UL:    0.023657404304639, US:    0.031244397120032) Unemploy. rate [4- 6]    0.054901801424670
Fraction of nonE>E (rlv to whole pop) [0.39]    0.020546381594224
Fraction of U>E (rlv to new entrant) [20]    0.213875447269955
Worker exit rate (rlv to workers) [3-6.5]    0.045779853329692
Nshare (US)    0.011294275122674, 	 Nshare(UL):    0.001377854880573, 	 Nshare [0.1]:    0.012672130003246
(U>E/pop>E) [0.2]    0.213875447269955
Wealth Gini [0.84]    0.802476124390899
Earning Gini [0.36]    0.371683686241059
Top 1 [41.8]    0.219860763917447
Zero wealth fraction [7- 13]    0.052434612002375
Fraction U>nonU (rlv to unemployed) [40- 65]    0.528629024419890

-------TRANSITION Worker to entrepreneur / ABILITY--------
very low	 middle 	 very high
   0.023104824675218	   0.015850373034172	   0.019485531792315	
-------TRANSITION Entrepreneur to Worker / ABILITY--------
very low 	 middle 	 very high
   0.193100946570977	   0.228040943846109	   0.211074798997310	
--------- TRANSITION MATRIX BTW CLASSES ------
  	  U     	 W     	 E 
U 	 0.4714 	 0.4486 	 0.0800 
W 	 0.0272 	 0.9542 	 0.0185 
E 	 0.0723 	 0.2139 	 0.7138 
---------------
--------- WEALTH DISTRIBUTION STATISTICS ------
Top 0.1 [22]    0.041690463956360
Top 1 [41.8]    0.219860763917447
Top 5 [?]    0.560275760154609
Top 10 [77.2]    0.747850526587908
Top 20 [?]    0.866807720467156
Bot 20 [?]    0.005215294511400
Bot 40 [?]    0.024321350199651
Bot 60 [?]    0.063205364789418
Bot 80 [?]    0.133192279532844
mworthVE   26.727646595376864
mworthWW    1.561371367397362
mworthUS    1.419709350588928
mworthUL   67.852575794045137
---------------
--------- PRODUCTION & CAPITAL -----
CapitalVE    4.288445742359901
ProductionVE    1.147407991172800
Totalcapital    9.326001938456006
Totallabor    0.875466846972494
Corproduction    1.643737927892442
Corcapital    5.037556196096106
Totalproduction    2.791145919065242
CapitalVE/Totalcapital    0.459837534954436
---------------
--------- TAXATION -----
Corporate revenu    0.000000000000000
Expenditure    0.014538426348212
Revenue Basis    1.050878352636901
Optimal tax    0.013834547368620
-------MASS--------
WW    0.871027277706535 
U    0.054901801424670 
VE    0.074070920868836 
-------WELFARE--------
UL  -11.823111632039728  US  -21.678574316281757  VE  -12.295142646456448  WW  -20.214735050848120  Wtot -19.475336295887921  Avg Firm:   57.896482074980646 
-------EQUILIBRIUM PRICES AND AGGREGATE--------
r    0.057688258463640 
w    1.200363390425356 
u    0.054921853604819 
-------MOMENTS GENERATED & STATISTICS--------
Ratio KY [3.04]    3.341248186259739
Ratio mworthVE/mworthWW [8]   17.135475853011858
Fraction E [7.55]    0.074078597778037
(UL:    0.023669277737475, US:    0.031252575867344) Unemploy. rate [4- 6]    0.054921853604819
Fraction of nonE>E (rlv to whole pop) [0.39]    0.020546740879539
Fraction of U>E (rlv to new entrant) [20]    0.213999448250931
Worker exit rate (rlv to workers) [3-6.5]    0.045777994607794
Nshare (US)    0.011285821556155, 	 Nshare(UL):    0.001377760474507, 	 Nshare [0.1]:    0.012663582030662
(U>E/pop>E) [0.2]    0.213999448250931
Wealth Gini [0.84]    0.802589335683026
Earning Gini [0.36]    0.371706402901251
Top 1 [41.8]    0.219829297960963
Zero wealth fraction [7- 13]    0.052523472348067
Fraction U>nonU (rlv to unemployed) [40- 65]    0.528515969414382

-------TRANSITION Worker to entrepreneur / ABILITY--------
very low	 middle 	 very high
   0.023095169902171	   0.015850128958372	   0.019487304036721	
-------TRANSITION Entrepreneur to Worker / ABILITY--------
very low 	 middle 	 very high
   0.193079737522342	   0.227999325515770	   0.211080945620866	
--------- TRANSITION MATRIX BTW CLASSES ------
  	  U     	 W     	 E 
U 	 0.4715 	 0.4485 	 0.0801 
W 	 0.0272 	 0.9542 	 0.0185 
E 	 0.0723 	 0.2139 	 0.7138 
---------------
--------- WEALTH DISTRIBUTION STATISTICS ------
Top 0.1 [22]    0.041692307521812
Top 1 [41.8]    0.219829297960963
Top 5 [?]    0.560343945326478
Top 10 [77.2]    0.747968674985435
Top 20 [?]    0.866949239917600
Bot 20 [?]    0.005226946572845
Bot 40 [?]    0.024355873742562
Bot 60 [?]    0.063212477436068
Bot 80 [?]    0.133050760082400
mworthVE   26.719627751013611
mworthWW    1.559316355157839
mworthUS    1.418457065263861
mworthUL   67.864817466866754
---------------
--------- PRODUCTION & CAPITAL -----
CapitalVE    4.287956158120680
ProductionVE    1.147314863693495
Totalcapital    9.325427834050110
Totallabor    0.875432208972141
Corproduction    1.643686377219765
Corcapital    5.037471675929430
Totalproduction    2.791001240913260
CapitalVE/Totalcapital    0.459813344162504
---------------
--------- TAXATION -----
Corporate revenu    0.000000000000000
Expenditure    0.014541991629791
Revenue Basis    1.050836774449359
Optimal tax    0.013838487559032
-------MASS--------
WW    0.870999548617186 
U    0.054921853604819 
VE    0.074078597778037 
-------WELFARE--------
UL  -11.821706963032151  US  -21.678977015361461  VE  -12.295601815359708  WW  -20.217819111244690  Wtot -19.477887400575010  Avg Firm:   57.883873166292190 
-------EQUILIBRIUM PRICES AND AGGREGATE--------
r    0.057688258463640 
w    1.200363390425356 
u    0.054939130090056 
-------MOMENTS GENERATED & STATISTICS--------
Ratio KY [3.04]    3.341194174494782
Ratio mworthVE/mworthWW [8]   17.155925508740850
Fraction E [7.55]    0.074081927552185
(UL:    0.023682581425373, US:    0.031256548664683) Unemploy. rate [4- 6]    0.054939130090056
Fraction of nonE>E (rlv to whole pop) [0.39]    0.020543370094421
Fraction of U>E (rlv to new entrant) [20]    0.214128998055685
Worker exit rate (rlv to workers) [3-6.5]    0.045772532558780
Nshare (US)    0.011277505879400, 	 Nshare(UL):    0.001377682352209, 	 Nshare [0.1]:    0.012655188231609
(U>E/pop>E) [0.2]    0.214128998055685
Wealth Gini [0.84]    0.802707799434248
Earning Gini [0.36]    0.371723665345621
Top 1 [41.8]    0.219798359194506
Zero wealth fraction [7- 13]    0.052578767175087
Fraction U>nonU (rlv to unemployed) [40- 65]    0.528394199624142

-------TRANSITION Worker to entrepreneur / ABILITY--------
very low	 middle 	 very high
   0.023081532767887	   0.015847831002732	   0.019482575200231	
-------TRANSITION Entrepreneur to Worker / ABILITY--------
very low 	 middle 	 very high
   0.193077442074728	   0.227976686612604	   0.211110036268512	
--------- TRANSITION MATRIX BTW CLASSES ------
  	  U     	 W     	 E 
U 	 0.4716 	 0.4483 	 0.0801 
W 	 0.0272 	 0.9542 	 0.0185 
E 	 0.0725 	 0.2139 	 0.7136 
---------------
--------- WEALTH DISTRIBUTION STATISTICS ------
Top 0.1 [22]    0.041693415541646
Top 1 [41.8]    0.219798359194506
Top 5 [?]    0.560428907515284
Top 10 [77.2]    0.748101422034427
Top 20 [?]    0.867086083636855
Bot 20 [?]    0.005238598009188
Bot 40 [?]    0.024392434089402
Bot 60 [?]    0.063226371220574
Bot 80 [?]    0.132913916363145
mworthVE   26.714981831128117
mworthWW    1.557186863367819
mworthUS    1.416815875749508
mworthUL   67.874364010605632
---------------
--------- PRODUCTION & CAPITAL -----
CapitalVE    4.287532676861411
ProductionVE    1.147233745219743
Totalcapital    9.324837476621294
Totallabor    0.875406533953393
Corproduction    1.643635922817820
Corcapital    5.037304799759884
Totalproduction    2.790869668037563
CapitalVE/Totalcapital    0.459797040710990
---------------
--------- TAXATION -----
Corporate revenu    0.000000000000000
Expenditure    0.014543741207928
Revenue Basis    1.050805955096805
Optimal tax    0.013840558418408
-------MASS--------
WW    0.870978942357802 
U    0.054939130090056 
VE    0.074081927552185 
-------WELFARE--------
UL  -11.820356980766631  US  -21.680251123893896  VE  -12.295668309581130  WW  -20.220537584108772  Wtot -19.480135638819846  Avg Firm:   57.875555058164345 
-------EQUILIBRIUM PRICES AND AGGREGATE--------
r    0.057688258463640 
w    1.200363390425356 
u    0.054952747772698 
-------MOMENTS GENERATED & STATISTICS--------
Ratio KY [3.04]    3.341109820237415
Ratio mworthVE/mworthWW [8]   17.165480502655061
Fraction E [7.55]    0.074129033115737
(UL:    0.023694452607886, US:    0.031258295164812) Unemploy. rate [4- 6]    0.054952747772698
Fraction of nonE>E (rlv to whole pop) [0.39]    0.020586893568982
Fraction of U>E (rlv to new entrant) [20]    0.213784004708633
Worker exit rate (rlv to workers) [3-6.5]    0.045823032972818
Nshare (US)    0.011164716461156, 	 Nshare(UL):    0.001368558811363, 	 Nshare [0.1]:    0.012533275272520
(U>E/pop>E) [0.2]    0.213784004708633
Wealth Gini [0.84]    0.802841690587530
Earning Gini [0.36]    0.371770927490364
Top 1 [41.8]    0.219771787906973
Zero wealth fraction [7- 13]    0.052615390966821
Fraction U>nonU (rlv to unemployed) [40- 65]    0.528311072876521

-------TRANSITION Worker to entrepreneur / ABILITY--------
very low	 middle 	 very high
   0.023064450681753	   0.015843831492399	   0.019700770658168	
-------TRANSITION Entrepreneur to Worker / ABILITY--------
very low 	 middle 	 very high
   0.193089526254338	   0.227964957559843	   0.210604754205601	
--------- TRANSITION MATRIX BTW CLASSES ------
  	  U     	 W     	 E 
U 	 0.4717 	 0.4482 	 0.0801 
W 	 0.0272 	 0.9542 	 0.0186 
E 	 0.0721 	 0.2138 	 0.7142 
---------------
--------- WEALTH DISTRIBUTION STATISTICS ------
Top 0.1 [22]    0.041699326483518
Top 1 [41.8]    0.219771787906973
Top 5 [?]    0.560533426008237
Top 10 [77.2]    0.748257530475806
Top 20 [?]    0.867224302461522
Bot 20 [?]    0.005251927291137
Bot 40 [?]    0.024433502712192
Bot 60 [?]    0.063259525404881
Bot 80 [?]    0.132775697538478
mworthVE   26.687712712286469
mworthWW    1.554731468668096
mworthUS    1.414782449542113
mworthUL   67.884449140926705
---------------
--------- PRODUCTION & CAPITAL -----
CapitalVE    4.287501258176019
ProductionVE    1.147293013901325
Totalcapital    9.324123707743711
Totallabor    0.875304768187900
Corproduction    1.643433484002641
Corcapital    5.036622449567692
Totalproduction    2.790726497903966
CapitalVE/Totalcapital    0.459828868917219
---------------
--------- TAXATION -----
Corporate revenu    0.000000000000000
Expenditure    0.014544523273630
Revenue Basis    1.050683799197508
Optimal tax    0.013842911906264
-------MASS--------
WW    0.870918219111607 
U    0.054952747772698 
VE    0.074129033115737 
-------WELFARE--------
UL  -11.819079276037304  US  -21.681885297118704  VE  -12.298528643627183  WW  -20.223111709729920  Wtot -19.482139856353196  Avg Firm:   57.838353988537222 
-------EQUILIBRIUM PRICES AND AGGREGATE--------
r    0.057688258463640 
w    1.200363390425356 
u    0.086716696975576 
-------MOMENTS GENERATED & STATISTICS--------
Ratio KY [3.04]                  nan
Ratio mworthVE/mworthWW                  nan
Fraction E [7.55]    0.066716129804164
(UL:    0.038921929710663, US:    0.047794767264913) Unemploy. rate [4- 6]    0.086716696975576
Fraction of nonE>E (rlv to whole pop) [0.39]    0.000000000000000
Fraction of U>E (rlv to new entrant) [20]                  nan
Worker exit rate (rlv to workers) [3-6.5]    0.028764457991767
Nshare (US)                  nan, 	 Nshare(UL):                  nan, 	 Nshare [0.1]:                  nan
(U>E/pop>E) [0.2]                  nan
Wealth Gini [0.84]                  nan
Earning Gini [0.36]    0.389590484456633
Top 1 [41.8]                  nan
Zero wealth fraction [7- 13]    1.000000000000041
Fraction U>nonU (rlv to unemployed) [40- 65]    0.000000000000000

-------TRANSITION Worker to entrepreneur / ABILITY--------
very low	 middle 	 very high
   0.000000000000000	   0.000000000000000	   0.000000000000000	
-------TRANSITION Entrepreneur to Worker / ABILITY--------
very low 	 middle 	 very high
   0.000000000000000	   0.000000000000000	   0.000000000000000	
--------- TRANSITION MATRIX BTW CLASSES ------
  	  U     	 W     	 E 
U 	 1.0000 	 0.0000 	 0.0000 
W 	 0.0288 	 0.9712 	 0.0000 
E 	 0.1111 	 0.0000 	 0.8889 
---------------
--------- WEALTH DISTRIBUTION STATISTICS ------
Top 0.1 [22]                  nan
Top 1 [41.8]                  nan
Top 5 [?]                  nan
Top 10 [77.2]                  nan
Top 20 [?]                  nan
Bot 20 [?]                  nan
Bot 40 [?]                  nan
Bot 60 [?]                  nan
Bot 80 [?]                  nan
mworthVE    0.000000000000000
mworthWW    0.000000000000000
mworthUS    0.000000000000000
mworthUL    0.000000000000000
---------------
--------- PRODUCTION & CAPITAL -----
CapitalVE    0.000000000000000
ProductionVE    0.000000000000000
Totalcapital    0.000000000000000
Totallabor    0.851155248052061
Corproduction    0.000000000000000
Corcapital    0.000000000000000
Totalproduction    0.000000000000000
CapitalVE/Totalcapital                  nan
---------------
--------- TAXATION -----
Corporate revenu    0.000000000000000
Expenditure    0.022242176248372
Revenue Basis    1.021695599330107
Optimal tax    0.021769865959054
-------MASS--------
WW    0.846567173220301 
U    0.086716696975576 
VE    0.066716129804164 
-------WELFARE--------
UL   -2.933825426914345  US   -2.955354607613920  VE   -1.933904899272118  WW   -3.083788733018920  Wtot  -2.995097593515100  Avg Firm:    0.000000000000000 
