===================Program Starting: Mon Jan 16 12:49:11 2017

------ Estimated Model parameters------
             betapar		   0.870000000000000
              Etapar		   0.034000000000000	   0.027000000000000	   0.024000000000000
               Kappa		   1.250000000000000	   1.500000000000000	   1.750000000000000
                PROD		   0.500000000000000	   1.750000000000000	   2.500000000000000
              GTRANS		   0.450000000000000	   0.650000000000000
             phiparW		   1.050000000000000
             phiparE		   2.000000000000000
             costpar		   0.000000000000000
               nupar		   0.870000000000000
                fpar		   0.750000000000000
               mupar		   0.050000000000000
               xipar		   0.040000000000000

------ Fixed Model parameters------
             maxgrid		                 250
             Gridmin		   0.000000000000000
             Gridmax		5000.000000000000000
             corptax		   0.000000000000000
            alphapar		   0.360000000000000
            deltapar		   0.060000000000000
             rhostar		   0.540000000000000
            sigmapar		   1.390000000000000
              TFPpar		   1.000000000000000
              pLTpar		   0.000000000000000
          EffortMaxU		 100.000000000000000
          EffortMaxE		 100.000000000000000

------ Convergence criterions------
        epsilonValue		   0.000001000000000
        epsilonendoK		   0.000001000000000
           maxiterVF		   0.000001000000000
        maxiterendoK		   0.000001000000000
         epsilonDist		   0.000000010000000
        epsilonprice		   0.000001000000000
       epsilonparams		   0.000001000000000
          relaxendoK		   0.300000000000000
              relaxK		   0.050000000000000
            relaxTax		   0.200000000000000
----------------------------
R:    0.045000000000000,	 W:    1.279915062232225,	 K:    6.381252389209258	, L:    0.930661063223172, 	 TAX:    0.015747715938431

-------EQUILIBRIUM PRICES AND AGGREGATE--------
r    0.045000000000000 
w    1.279915062232225 
u    0.102855197886751 
-------MOMENTS GENERATED & STATISTICS--------
Ratio KY [3.04]    4.204632546248612
Ratio mworthVE/mworthWW [8]   77.960111609175428
Fraction E [7.55]    0.117319243994085
(UL:    0.062962484414479, US:    0.039892713472272) Unemploy. rate [4- 6]    0.102855197886751
Fraction of nonE>E (rlv to whole pop) [0.39]    0.005910529230879
Fraction of U>E (rlv to new entrant) [20]    0.336223086716657
Worker exit rate (rlv to workers) [3-6.5]    0.032898276885122
Nshare (US)    0.010355282417753, 	 Nshare(UL):    0.000148081476899, 	 Nshare [0.1]:    0.010503363894652
(U>E/pop>E) [0.2]    0.336223086716657
Wealth Gini [0.84]    0.927522336582144
Earning Gini [0.36]    0.400218591245245
Top 1 [41.8]    0.412175455651997
Zero wealth fraction [7- 13]    0.091808802353484
Fraction U>nonU (rlv to unemployed) [40- 65]    0.269498661805891

-------TRANSITION Worker to entrepreneur / ABILITY--------
very low	 middle 	 very high
   0.001592943204666	   0.001730119001162	   0.015371973375185	
-------TRANSITION Entrepreneur to Worker / ABILITY--------
very low 	 middle 	 very high
   0.000003774200971	   0.000011347936990	   0.000022868792972	
--------- TRANSITION MATRIX BTW CLASSES ------
  	  U     	 W     	 E 
U 	 0.7305 	 0.2502 	 0.0193 
W 	 0.0279 	 0.9671 	 0.0050 
E 	 0.0500 	 0.0004 	 0.9496 
---------------
--------- WEALTH DISTRIBUTION STATISTICS ------
Top 0.1 [22]    0.078665184701889
Top 1 [41.8]    0.412175455651997
Top 5 [?]    0.788259199013664
Top 10 [77.2]    0.917820786853575
Top 20 [?]    0.982052343310655
Bot 20 [?]    0.000408311325686
Bot 40 [?]    0.002810451111980
Bot 60 [?]    0.007220024970864
Bot 80 [?]    0.017947656689345
mworthVE  105.480401862339548
mworthWW    1.353004756985560
mworthUS    0.998024104592027
mworthUL  186.981030413977038
---------------
--------- PRODUCTION & CAPITAL -----
CapitalVE   66.371111556696818
ProductionVE   15.563246438479334
Totalcapital   76.784413451425579
Totallabor    1.262594766989597
Corproduction    2.698614165708995
Corcapital   10.413301894728765
Totalproduction   18.261860604188328
CapitalVE/Totalcapital    0.864382608049532
---------------
--------- TAXATION -----
Corporate revenu    0.000000000000000
Expenditure    0.042955347812568
Revenue Basis    1.616014059765570
Optimal tax    0.026581048322562
-------MASS--------
WW    0.779825558119154 
U    0.102855197886751 
VE    0.117319243994085 
R:    0.047571095016333,	 W:    1.262616212528588,	 K:    6.582854864485233	, L:    0.997047803976457, 	 TAX:    0.017914382415257

-------EQUILIBRIUM PRICES AND AGGREGATE--------
r    0.047571095016333 
w    1.262616212528588 
u    0.109657448563701 
-------MOMENTS GENERATED & STATISTICS--------
Ratio KY [3.04]    4.251341393712467
Ratio mworthVE/mworthWW [8]   74.644631985620705
Fraction E [7.55]    0.128647234962487
(UL:    0.070289018155025, US:    0.039368430408676) Unemploy. rate [4- 6]    0.109657448563701
Fraction of nonE>E (rlv to whole pop) [0.39]    0.006480883859932
Fraction of U>E (rlv to new entrant) [20]    0.341671398863069
Worker exit rate (rlv to workers) [3-6.5]    0.033453868219689
Nshare (US)    0.010393770638136, 	 Nshare(UL):    0.000146692302236, 	 Nshare [0.1]:    0.010540462940372
(U>E/pop>E) [0.2]    0.341671398863069
Wealth Gini [0.84]    0.921042141452230
Earning Gini [0.36]    0.414184125889397
Top 1 [41.8]    0.382324164249388
Zero wealth fraction [7- 13]    0.086588166636621
Fraction U>nonU (rlv to unemployed) [40- 65]    0.253329305058721

-------TRANSITION Worker to entrepreneur / ABILITY--------
very low	 middle 	 very high
   0.001857658470377	   0.002004349067018	   0.016898795136620	
-------TRANSITION Entrepreneur to Worker / ABILITY--------
very low 	 middle 	 very high
   0.000003660403834	   0.000011193220870	   0.000022829320568	
--------- TRANSITION MATRIX BTW CLASSES ------
  	  U     	 W     	 E 
U 	 0.7467 	 0.2331 	 0.0202 
W 	 0.0279 	 0.9665 	 0.0056 
E 	 0.0500 	 0.0004 	 0.9496 
---------------
--------- WEALTH DISTRIBUTION STATISTICS ------
Top 0.1 [22]    0.072794982210577
Top 1 [41.8]    0.382324164249388
Top 5 [?]    0.763125889058806
Top 10 [77.2]    0.901203892103368
Top 20 [?]    0.978407733924615
Bot 20 [?]    0.000359203199281
Bot 40 [?]    0.002809181829388
Bot 60 [?]    0.007229184468292
Bot 80 [?]    0.021592266075385
mworthVE  104.776585185978405
mworthWW    1.403672071236981
mworthUS    1.074227591199099
mworthUL  183.790060703083810
---------------
--------- PRODUCTION & CAPITAL -----
CapitalVE   71.102937071359676
ProductionVE   16.707916091658699
Totalcapital   82.819757876921074
Totallabor    1.232787696225513
Corproduction    2.772937174890909
Corcapital   11.716820805561401
Totalproduction   19.480853266549609
CapitalVE/Totalcapital    0.858526261052660
---------------
--------- TAXATION -----
Corporate revenu    0.000000000000000
Expenditure    0.041823339452647
Revenue Basis    1.556537731860100
Optimal tax    0.026869467149162
-------MASS--------
WW    0.761695316473796 
U    0.109657448563701 
VE    0.128647234962487 
R:    0.048119789651527,	 W:    1.259007914171932,	 K:    6.839553161539041	, L:    1.044195782426268, 	 TAX:    0.019705399362038

-------EQUILIBRIUM PRICES AND AGGREGATE--------
r    0.048119789651527 
w    1.259007914171932 
u    0.111207698916017 
-------MOMENTS GENERATED & STATISTICS--------
Ratio KY [3.04]    4.260118599730194
Ratio mworthVE/mworthWW [8]   74.013041750875743
Fraction E [7.55]    0.131141131758784
(UL:    0.071959717715456, US:    0.039247981200561) Unemploy. rate [4- 6]    0.111207698916017
Fraction of nonE>E (rlv to whole pop) [0.39]    0.006606374740823
Fraction of U>E (rlv to new entrant) [20]    0.343471233978024
Worker exit rate (rlv to workers) [3-6.5]    0.033573771268729
Nshare (US)    0.010151186866681, 	 Nshare(UL):    0.000160575760237, 	 Nshare [0.1]:    0.010311762626918
(U>E/pop>E) [0.2]    0.343471233978024
Wealth Gini [0.84]    0.919565878102666
Earning Gini [0.36]    0.417298035145234
Top 1 [41.8]    0.380119341551651
Zero wealth fraction [7- 13]    0.085356615199455
Fraction U>nonU (rlv to unemployed) [40- 65]    0.249903631119816

-------TRANSITION Worker to entrepreneur / ABILITY--------
very low	 middle 	 very high
   0.001918782634392	   0.002058492394524	   0.017236468039351	
-------TRANSITION Entrepreneur to Worker / ABILITY--------
very low 	 middle 	 very high
   0.000003663311452	   0.000011140264592	   0.000022781274833	
--------- TRANSITION MATRIX BTW CLASSES ------
  	  U     	 W     	 E 
U 	 0.7501 	 0.2295 	 0.0204 
W 	 0.0278 	 0.9664 	 0.0057 
E 	 0.0500 	 0.0004 	 0.9496 
---------------
--------- WEALTH DISTRIBUTION STATISTICS ------
Top 0.1 [22]    0.071574140518869
Top 1 [41.8]    0.380119341551651
Top 5 [?]    0.754890579808231
Top 10 [77.2]    0.897358771852223
Top 20 [?]    0.977648316671504
Bot 20 [?]    0.000349768872030
Bot 40 [?]    0.002726310650308
Bot 60 [?]    0.007023273481846
Bot 80 [?]    0.022351683328496
mworthVE  104.709283944304204
mworthWW    1.414740989794076
mworthUS    1.091041991504041
mworthUL  183.001580251227267
---------------
--------- PRODUCTION & CAPITAL -----
CapitalVE   72.133274197590353
ProductionVE   16.958285678572757
Totalcapital   84.109825886933990
Totallabor    1.226139627228580
Corproduction    2.785255238870463
Corcapital   11.976551689343639
Totalproduction   19.743540917443219
CapitalVE/Totalcapital    0.857608174038509
---------------
--------- TAXATION -----
Corporate revenu    0.000000000000000
Expenditure    0.041577650728289
Revenue Basis    1.543719494560605
Optimal tax    0.026933423380861
-------MASS--------
WW    0.757651169325192 
U    0.111207698916017 
VE    0.131141131758784 
R:    0.047939302359797,	 W:    1.260191662155043,	 K:    7.096403087929271	, L:    1.080584551386731, 	 TAX:    0.021151004165803

-------EQUILIBRIUM PRICES AND AGGREGATE--------
r    0.047939302359797 
w    1.260191662155043 
u    0.110933475836078 
-------MOMENTS GENERATED & STATISTICS--------
Ratio KY [3.04]    4.258767726222906
Ratio mworthVE/mworthWW [8]   74.310826413313762
Fraction E [7.55]    0.130765705002265
(UL:    0.071681514646680, US:    0.039251961189398) Unemploy. rate [4- 6]    0.110933475836078
Fraction of nonE>E (rlv to whole pop) [0.39]    0.006587364364204
Fraction of U>E (rlv to new entrant) [20]    0.343137216290563
Worker exit rate (rlv to workers) [3-6.5]    0.033555858747544
Nshare (US)    0.010156683659729, 	 Nshare(UL):    0.000161050525235, 	 Nshare [0.1]:    0.010317734184964
(U>E/pop>E) [0.2]    0.343137216290563
Wealth Gini [0.84]    0.919869774698282
Earning Gini [0.36]    0.416798947468074
Top 1 [41.8]    0.380840404205623
Zero wealth fraction [7- 13]    0.085628998064615
Fraction U>nonU (rlv to unemployed) [40- 65]    0.250516220721131

-------TRANSITION Worker to entrepreneur / ABILITY--------
very low	 middle 	 very high
   0.001909476700210	   0.002046825973220	   0.017193932847185	
-------TRANSITION Entrepreneur to Worker / ABILITY--------
very low 	 middle 	 very high
   0.000003658830438	   0.000011107198265	   0.000022747203105	
--------- TRANSITION MATRIX BTW CLASSES ------
  	  U     	 W     	 E 
U 	 0.7495 	 0.2301 	 0.0204 
W 	 0.0278 	 0.9664 	 0.0057 
E 	 0.0500 	 0.0004 	 0.9496 
---------------
--------- WEALTH DISTRIBUTION STATISTICS ------
Top 0.1 [22]    0.071974445506342
Top 1 [41.8]    0.380840404205623
Top 5 [?]    0.762156099422951
Top 10 [77.2]    0.897571761208478
Top 20 [?]    0.977668160843515
Bot 20 [?]    0.000351660673458
Bot 40 [?]    0.002747575706605
Bot 60 [?]    0.007056891004782
Bot 80 [?]    0.022331839156485
mworthVE  104.720572929940275
mworthWW    1.409223635160357
mworthUS    1.085155960039705
mworthUL  183.126121265798048
---------------
--------- PRODUCTION & CAPITAL -----
CapitalVE   72.027187644094965
ProductionVE   16.930461679188507
Totalcapital   83.953122318718670
Totallabor    1.227196952416068
Corproduction    2.782546335262792
Corcapital   11.925934674623701
Totalproduction   19.713008014451297
CapitalVE/Totalcapital    0.857945311082675
---------------
--------- TAXATION -----
Corporate revenu    0.000000000000000
Expenditure    0.041620593120415
Revenue Basis    1.546503367256808
Optimal tax    0.026912707726102
-------MASS--------
WW    0.758300819161647 
U    0.110933475836078 
VE    0.130765705002265 
R:    0.047478290913451,	 W:    1.263229350635207,	 K:    7.337879667263992	, L:    1.109907031592598, 	 TAX:    0.022303344877863

-------EQUILIBRIUM PRICES AND AGGREGATE--------
r    0.047478290913451 
w    1.263229350635207 
u    0.109942841800807 
-------MOMENTS GENERATED & STATISTICS--------
Ratio KY [3.04]    4.253235362990186
Ratio mworthVE/mworthWW [8]   74.945338375375400
Fraction E [7.55]    0.129261896311160
(UL:    0.070635876740327, US:    0.039306965060480) Unemploy. rate [4- 6]    0.109942841800807
Fraction of nonE>E (rlv to whole pop) [0.39]    0.006511506227179
Fraction of U>E (rlv to new entrant) [20]    0.342100480878088
Worker exit rate (rlv to workers) [3-6.5]    0.033482638332712
Nshare (US)    0.010127245699473, 	 Nshare(UL):    0.000150109357812, 	 Nshare [0.1]:    0.010277355057285
(U>E/pop>E) [0.2]    0.342100480878088
Wealth Gini [0.84]    0.920865003135237
Earning Gini [0.36]    0.414879766895997
Top 1 [41.8]    0.382697883563600
Zero wealth fraction [7- 13]    0.086486702382058
Fraction U>nonU (rlv to unemployed) [40- 65]    0.252723841466261

-------TRANSITION Worker to entrepreneur / ABILITY--------
very low	 middle 	 very high
   0.001872597184689	   0.002009878167890	   0.016995768945783	
-------TRANSITION Entrepreneur to Worker / ABILITY--------
very low 	 middle 	 very high
   0.000003655205127	   0.000011088983133	   0.000022752429905	
--------- TRANSITION MATRIX BTW CLASSES ------
  	  U     	 W     	 E 
U 	 0.7473 	 0.2325 	 0.0203 
W 	 0.0279 	 0.9665 	 0.0056 
E 	 0.0500 	 0.0004 	 0.9496 
---------------
--------- WEALTH DISTRIBUTION STATISTICS ------
Top 0.1 [22]    0.073002522046949
Top 1 [41.8]    0.382697883563600
Top 5 [?]    0.763382864891252
Top 10 [77.2]    0.901385670203781
Top 20 [?]    0.978544403362370
Bot 20 [?]    0.000357984842223
Bot 40 [?]    0.002810135567174
Bot 60 [?]    0.007185452117333
Bot 80 [?]    0.021455596637630
mworthVE  104.755052484922658
mworthWW    1.397752745610950
mworthUS    1.070579915175588
mworthUL  183.596211008512483
---------------
--------- PRODUCTION & CAPITAL -----
CapitalVE   71.465512335914340
ProductionVE   16.791448658100229
Totalcapital   83.214286662828769
Totallabor    1.231283671599813
Corproduction    2.773489456287585
Corcapital   11.748774326914424
Totalproduction   19.564938114387814
CapitalVE/Totalcapital    0.858813013989790
---------------
--------- TAXATION -----
Corporate revenu    0.000000000000000
Expenditure    0.041778339657195
Revenue Basis    1.555393672922764
Optimal tax    0.026860299347039
-------MASS--------
WW    0.760795261888021 
U    0.109942841800807 
VE    0.129261896311160 
R:    0.046930976818850,	 W:    1.266862242692343,	 K:    7.558424400246513	, L:    1.134182359594041, 	 TAX:    0.023214735771698

