===================Program Starting: Tue Jan 17 18:10:32 2017

------ Estimated Model parameters------
             betapar		   0.890000000000000
              Etapar		   0.034000000000000	   0.027000000000000	   0.024000000000000
               Kappa		   1.350000000000000	   1.400000000000000	   1.450000000000000
                PROD		   0.250000000000000	   1.000000000000000	   1.750000000000000
              GTRANS		   0.450000000000000	   0.650000000000000
             phiparW		   1.500000000000000
             phiparE		   1.850000000000000
             costpar		   0.000000000000000
               nupar		   0.840000000000000
                fpar		   0.800000000000000
               mupar		   0.226000000000000
               xipar		   1.000000000000000

------ Fixed Model parameters------
             maxgrid		                 500
             Gridmin		   0.000000000000000
             Gridmax		5000.000000000000000
             corptax		   0.000000000000000
            alphapar		   0.360000000000000
            deltapar		   0.060000000000000
             rhostar		   0.540000000000000
            sigmapar		   1.390000000000000
              TFPpar		   1.000000000000000
              pLTpar		   0.000000000000000
          EffortMaxU		 100.000000000000000
          EffortMaxE		 100.000000000000000

------ Convergence criterions------
        epsilonValue		   0.000001000000000
        epsilonendoK		   0.000001000000000
           maxiterVF		   0.000001000000000
        maxiterendoK		   0.000001000000000
         epsilonDist		   0.000000010000000
        epsilonprice		   0.000001000000000
       epsilonparams		   0.000001000000000
          relaxendoK		   0.300000000000000
              relaxK		   0.050000000000000
            relaxTax		   0.200000000000000
----------------------------
R:    0.045000000000000,	 W:    1.279915062232225,	 K:    6.381252389209258	, L:    0.930661063223172, 	 TAX:    0.015747715938431

-------EQUILIBRIUM PRICES AND AGGREGATE--------
r    0.045000000000000 
w    1.279915062232225 
u    0.077197420511794 
-------MOMENTS GENERATED & STATISTICS--------
Ratio KY [3.04]    3.675743328179063
Ratio mworthVE/mworthWW [8]   14.956106397856042
Fraction E [7.55]    0.086493207081565
(UL:    0.022127919475977, US:    0.055069501035816) Unemploy. rate [4- 6]    0.077197420511794
Fraction of nonE>E (rlv to whole pop) [0.39]    0.020293924508770
Fraction of U>E (rlv to new entrant) [20]    0.217593781698373
Worker exit rate (rlv to workers) [3-6.5]    0.046316426784761
Nshare (US)    0.005237056406864, 	 Nshare(UL):    0.000012562585833, 	 Nshare [0.1]:    0.005249618992697
(U>E/pop>E) [0.2]    0.217593781698373
Wealth Gini [0.84]    0.801182646017926
Earning Gini [0.36]    0.396840146989247
Top 1 [41.8]    0.203510950534143
Zero wealth fraction [7- 13]    0.054770404280484
Fraction U>nonU (rlv to unemployed) [40- 65]    0.352041232889018

-------TRANSITION Worker to entrepreneur / ABILITY--------
very low	 middle 	 very high
   0.023055974230497	   0.018121172841766	   0.016770163168586	
-------TRANSITION Entrepreneur to Worker / ABILITY--------
very low 	 middle 	 very high
   0.177263628823781	   0.196216528505016	   0.195192835865492	
--------- TRANSITION MATRIX BTW CLASSES ------
  	  U     	 W     	 E 
U 	 0.6480 	 0.2948 	 0.0572 
W 	 0.0273 	 0.9537 	 0.0190 
E 	 0.0439 	 0.1907 	 0.7654 
---------------
--------- WEALTH DISTRIBUTION STATISTICS ------
Top 0.1 [22]    0.037206680703118
Top 1 [41.8]    0.203510950534143
Top 5 [?]    0.526741128830348
Top 10 [77.2]    0.717058343148319
Top 20 [?]    0.866482993384027
Bot 20 [?]    0.004021241380858
Bot 40 [?]    0.022218286590663
Bot 60 [?]    0.057657378562516
Bot 80 [?]    0.133517006615973
mworthVE   26.011321696474909
mworthWW    1.739177363715708
mworthUS    1.537243874880010
mworthUL   84.785244070561816
---------------
--------- PRODUCTION & CAPITAL -----
CapitalVE    5.294162733747906
ProductionVE    1.456462464801865
Totalcapital   11.823771895229338
Totallabor    0.842038506966420
Corproduction    1.760239801807907
Corcapital    6.529609161481433
Totalproduction    3.216702266609772
CapitalVE/Totalcapital    0.447755824508421
---------------
--------- TAXATION -----
Corporate revenu    0.000000000000000
Expenditure    0.037031910107221
Revenue Basis    1.077737768045856
Optimal tax    0.034360779778895
-------MASS--------
WW    0.836309372406668 
U    0.077197420511794 
VE    0.086493207081565 
R:    0.043638657921387,	 W:    1.289344966603880,	 K:    6.388670227822866	, L:    0.912936551971822, 	 TAX:    0.019470328706524

-------EQUILIBRIUM PRICES AND AGGREGATE--------
r    0.043638657921387 
w    1.289344966603880 
u    0.073324810232499 
-------MOMENTS GENERATED & STATISTICS--------
Ratio KY [3.04]    3.464382377180632
Ratio mworthVE/mworthWW [8]   15.201713713831362
Fraction E [7.55]    0.074415668196070
(UL:    0.018285681375222, US:    0.055039128857277) Unemploy. rate [4- 6]    0.073324810232499
Fraction of nonE>E (rlv to whole pop) [0.39]    0.017558657844264
Fraction of U>E (rlv to new entrant) [20]    0.212316368436816
Worker exit rate (rlv to workers) [3-6.5]    0.043641462361700
Nshare (US)    0.006122246169113, 	 Nshare(UL):    0.000012689573339, 	 Nshare [0.1]:    0.006134935742452
(U>E/pop>E) [0.2]    0.212316368436816
Wealth Gini [0.84]    0.806106214448989
Earning Gini [0.36]    0.385472731790023
Top 1 [41.8]    0.219485189030497
Zero wealth fraction [7- 13]    0.058776028236397
Fraction U>nonU (rlv to unemployed) [40- 65]    0.368313388397509

-------TRANSITION Worker to entrepreneur / ABILITY--------
very low	 middle 	 very high
   0.020107073018375	   0.015389875327760	   0.014136657564757	
-------TRANSITION Entrepreneur to Worker / ABILITY--------
very low 	 middle 	 very high
   0.178772472956908	   0.199619243679524	   0.197315070188651	
--------- TRANSITION MATRIX BTW CLASSES ------
  	  U     	 W     	 E 
U 	 0.6317 	 0.3175 	 0.0508 
W 	 0.0274 	 0.9564 	 0.0162 
E 	 0.0428 	 0.1932 	 0.7640 
---------------
--------- WEALTH DISTRIBUTION STATISTICS ------
Top 0.1 [22]    0.042652294782519
Top 1 [41.8]    0.219485189030497
Top 5 [?]    0.558783667255741
Top 10 [77.2]    0.740740180312986
Top 20 [?]    0.867109707452976
Bot 20 [?]    0.004407136566140
Bot 40 [?]    0.023574759415257
Bot 60 [?]    0.060648324477734
Bot 80 [?]    0.132890292547024
mworthVE   24.901640212802622
mworthWW    1.638081119113941
mworthUS    1.385646901842536
mworthUL   84.094913742201356
---------------
--------- PRODUCTION & CAPITAL -----
CapitalVE    4.441131110622803
ProductionVE    1.224303308881485
Totalcapital   10.103136132557733
Totallabor    0.857676642795209
Corproduction    1.691984511742930
Corcapital    5.662005021934931
Totalproduction    2.916287820624415
CapitalVE/Totalcapital    0.439579458531801
---------------
--------- TAXATION -----
Corporate revenu    0.000000000000000
Expenditure    0.037276248910976
Revenue Basis    1.105841062361716
Optimal tax    0.033708504937741
-------MASS--------
WW    0.852259521571440 
U    0.073324810232499 
VE    0.074415668196070 
R:    0.043209970859195,	 W:    1.292354619334580,	 K:    6.352336967528469	, L:    0.901884570136499, 	 TAX:    0.022317963952767

-------EQUILIBRIUM PRICES AND AGGREGATE--------
r    0.043209970859195 
w    1.292354619334580 
u    0.072440640734126 
-------MOMENTS GENERATED & STATISTICS--------
Ratio KY [3.04]    3.410380908944342
Ratio mworthVE/mworthWW [8]   15.297685163404395
Fraction E [7.55]    0.071621303207817
(UL:    0.017432731214389, US:    0.055007909519736) Unemploy. rate [4- 6]    0.072440640734126
Fraction of nonE>E (rlv to whole pop) [0.39]    0.016925658371056
Fraction of U>E (rlv to new entrant) [20]    0.211164972530416
Worker exit rate (rlv to workers) [3-6.5]    0.043030720418807
Nshare (US)    0.006371248705348, 	 Nshare(UL):    0.000012957601831, 	 Nshare [0.1]:    0.006384206307179
(U>E/pop>E) [0.2]    0.211164972530416
Wealth Gini [0.84]    0.807012562513280
Earning Gini [0.36]    0.382852728237956
Top 1 [41.8]    0.228963088695418
Zero wealth fraction [7- 13]    0.059820201653093
Fraction U>nonU (rlv to unemployed) [40- 65]    0.372329343932702

-------TRANSITION Worker to entrepreneur / ABILITY--------
very low	 middle 	 very high
   0.019430730435574	   0.014766284587645	   0.013538855609486	
-------TRANSITION Entrepreneur to Worker / ABILITY--------
very low 	 middle 	 very high
   0.179128312697579	   0.200503696866185	   0.197823999041409	
--------- TRANSITION MATRIX BTW CLASSES ------
  	  U     	 W     	 E 
U 	 0.6277 	 0.3230 	 0.0493 
W 	 0.0274 	 0.9570 	 0.0156 
E 	 0.0425 	 0.1938 	 0.7637 
---------------
--------- WEALTH DISTRIBUTION STATISTICS ------
Top 0.1 [22]    0.042498710438530
Top 1 [41.8]    0.228963088695418
Top 5 [?]    0.569503499787383
Top 10 [77.2]    0.748811475689470
Top 20 [?]    0.866296770684333
Bot 20 [?]    0.004134804444570
Bot 40 [?]    0.025019184952778
Bot 60 [?]    0.061888932945133
Bot 80 [?]    0.133703229315667
mworthVE   24.625647779986434
mworthWW    1.609763014269419
mworthUS    1.349722867520326
mworthUL   83.880401474385039
---------------
--------- PRODUCTION & CAPITAL -----
CapitalVE    4.247263667886139
ProductionVE    1.171440709140062
Totalcapital    9.704734702743146
Totallabor    0.861277648025121
Corproduction    1.674204678239020
Corcapital    5.457471034857007
Totalproduction    2.845645387379082
CapitalVE/Totalcapital    0.437648611526249
---------------
--------- TAXATION -----
Corporate revenu    0.000000000000000
Expenditure    0.037340993838113
Revenue Basis    1.113076146954888
Optimal tax    0.033547564504252
-------MASS--------
WW    0.855938056058073 
U    0.072440640734126 
VE    0.071621303207817 
R:    0.043079452432423,	 W:    1.293274822492370,	 K:    6.307593670894896	, L:    0.893763185714224, 	 TAX:    0.024563884063064

-------EQUILIBRIUM PRICES AND AGGREGATE--------
r    0.043079452432423 
w    1.293274822492370 
u    0.072405149639156 
-------MOMENTS GENERATED & STATISTICS--------
Ratio KY [3.04]    3.407393028436729
Ratio mworthVE/mworthWW [8]   15.358323853882741
Fraction E [7.55]    0.071581073676534
(UL:    0.017430217309506, US:    0.054974932329650) Unemploy. rate [4- 6]    0.072405149639156
Fraction of nonE>E (rlv to whole pop) [0.39]    0.016911924149734
Fraction of U>E (rlv to new entrant) [20]    0.211351669395155
Worker exit rate (rlv to workers) [3-6.5]    0.043013402965866
Nshare (US)    0.006371519373796, 	 Nshare(UL):    0.000012515631253, 	 Nshare [0.1]:    0.006384035005049
(U>E/pop>E) [0.2]    0.211351669395155
Wealth Gini [0.84]    0.807384900397079
Earning Gini [0.36]    0.382801073376123
Top 1 [41.8]    0.229165339766370
Zero wealth fraction [7- 13]    0.059957078908604
Fraction U>nonU (rlv to unemployed) [40- 65]    0.372547274850467

-------TRANSITION Worker to entrepreneur / ABILITY--------
very low	 middle 	 very high
   0.019409189371577	   0.014749102032398	   0.013523497965186	
-------TRANSITION Entrepreneur to Worker / ABILITY--------
very low 	 middle 	 very high
   0.179108322638415	   0.200512338324185	   0.197442251469588	
--------- TRANSITION MATRIX BTW CLASSES ------
  	  U     	 W     	 E 
U 	 0.6275 	 0.3232 	 0.0494 
W 	 0.0274 	 0.9570 	 0.0156 
E 	 0.0425 	 0.1937 	 0.7637 
---------------
--------- WEALTH DISTRIBUTION STATISTICS ------
Top 0.1 [22]    0.042583120818775
Top 1 [41.8]    0.229165339766370
Top 5 [?]    0.569737085624385
Top 10 [77.2]    0.749058861319387
Top 20 [?]    0.866356873013053
Bot 20 [?]    0.004154780238556
Bot 40 [?]    0.023637949289375
Bot 60 [?]    0.062091967071886
Bot 80 [?]    0.133643126986947
mworthVE   24.622037867033779
mworthWW    1.603172201685868
mworthUS    1.342980385983821
mworthUL   83.833711942320889
---------------
--------- PRODUCTION & CAPITAL -----
CapitalVE    4.244956404744639
ProductionVE    1.170768610241590
Totalcapital    9.689226797783702
Totallabor    0.861338089485107
Corproduction    1.672820819249320
Corcapital    5.444270393039063
Totalproduction    2.843589429490910
CapitalVE/Totalcapital    0.438110954912896
---------------
--------- TAXATION -----
Corporate revenu    0.000000000000000
Expenditure    0.037345485331667
Revenue Basis    1.113946864784766
Optimal tax    0.033525374066099
-------MASS--------
WW    0.856013776684319 
U    0.072405149639156 
VE    0.071581073676534 
R:    0.043052060834130,	 W:    1.293468174547700,	 K:    6.264427507002104	, L:    0.887278166468400, 	 TAX:    0.026356182063671

-------EQUILIBRIUM PRICES AND AGGREGATE--------
r    0.043052060834130 
w    1.293468174547700 
u    0.072597225470859 
-------MOMENTS GENERATED & STATISTICS--------
Ratio KY [3.04]    3.418410475988398
Ratio mworthVE/mworthWW [8]   15.398457484432281
Fraction E [7.55]    0.072267737033506
(UL:    0.017651421446892, US:    0.054945804023967) Unemploy. rate [4- 6]    0.072597225470859
Fraction of nonE>E (rlv to whole pop) [0.39]    0.017067820664526
Fraction of U>E (rlv to new entrant) [20]    0.211803801777851
Worker exit rate (rlv to workers) [3-6.5]    0.043159424155340
Nshare (US)    0.006325801420753, 	 Nshare(UL):    0.000012994893427, 	 Nshare [0.1]:    0.006338796314181
(U>E/pop>E) [0.2]    0.211803801777851
Wealth Gini [0.84]    0.807568539690329
Earning Gini [0.36]    0.383425925875753
Top 1 [41.8]    0.224272647483943
Zero wealth fraction [7- 13]    0.059825449511626
Fraction U>nonU (rlv to unemployed) [40- 65]    0.371725589233290

-------TRANSITION Worker to entrepreneur / ABILITY--------
very low	 middle 	 very high
   0.019569027741042	   0.014898971103589	   0.013667737004717	
-------TRANSITION Entrepreneur to Worker / ABILITY--------
very low 	 middle 	 very high
   0.178890144582166	   0.200302733522328	   0.197308279937677	
--------- TRANSITION MATRIX BTW CLASSES ------
  	  U     	 W     	 E 
U 	 0.6283 	 0.3219 	 0.0498 
W 	 0.0274 	 0.9568 	 0.0157 
E 	 0.0426 	 0.1935 	 0.7638 
---------------
--------- WEALTH DISTRIBUTION STATISTICS ------
Top 0.1 [22]    0.042716997830813
Top 1 [41.8]    0.224272647483943
Top 5 [?]    0.566198785303741
Top 10 [77.2]    0.748191565776114
Top 20 [?]    0.866709948960950
Bot 20 [?]    0.004113992135194
Bot 40 [?]    0.023416973354481
Bot 60 [?]    0.061423577179517
Bot 80 [?]    0.133290051039050
mworthVE   24.689704918611248
mworthWW    1.603388192848040
mworthUS    1.344705303559760
mworthUL   83.841210624214924
---------------
--------- PRODUCTION & CAPITAL -----
CapitalVE    4.292863157857643
ProductionVE    1.183775244099864
Totalcapital    9.776032848050903
Totallabor    0.860478963783813
Corproduction    1.676043059383501
Corcapital    5.483169690193260
Totalproduction    2.859818303483365
CapitalVE/Totalcapital    0.439121187968751
---------------
--------- TAXATION -----
Corporate revenu    0.000000000000000
Expenditure    0.037332223316689
Revenue Basis    1.113002154522142
Optimal tax    0.033541914689929
-------MASS--------
WW    0.855135037495653 
U    0.072597225470859 
VE    0.072267737033506 
R:    0.043064995421050,	 W:    1.293376861766054,	 K:    6.225364616161661	, L:    0.881918325931483, 	 TAX:    0.027793328588923

-------EQUILIBRIUM PRICES AND AGGREGATE--------
r    0.043064995421050 
w    1.293376861766054 
u    0.072941326153147 
-------MOMENTS GENERATED & STATISTICS--------
Ratio KY [3.04]    3.438881866390550
Ratio mworthVE/mworthWW [8]   15.398467394949348
Fraction E [7.55]    0.073572589308853
(UL:    0.018028752230734, US:    0.054912573922413) Unemploy. rate [4- 6]    0.072941326153147
Fraction of nonE>E (rlv to whole pop) [0.39]    0.017363197936325
Fraction of U>E (rlv to new entrant) [20]    0.212186811728935
Worker exit rate (rlv to workers) [3-6.5]    0.043446756325190
Nshare (US)    0.006142040709865, 	 Nshare(UL):    0.000012566297535, 	 Nshare [0.1]:    0.006154607007401
(U>E/pop>E) [0.2]    0.212186811728935
Wealth Gini [0.84]    0.807587013180903
Earning Gini [0.36]    0.384612033368914
Top 1 [41.8]    0.225223145293242
Zero wealth fraction [7- 13]    0.059530398086261
Fraction U>nonU (rlv to unemployed) [40- 65]    0.370203776391815

-------TRANSITION Worker to entrepreneur / ABILITY--------
very low	 middle 	 very high
   0.019849030933862	   0.015223946662086	   0.013920066077781	
-------TRANSITION Entrepreneur to Worker / ABILITY--------
very low 	 middle 	 very high
   0.178806123624070	   0.199742328124008	   0.197334407268160	
--------- TRANSITION MATRIX BTW CLASSES ------
  	  U     	 W     	 E 
U 	 0.6298 	 0.3197 	 0.0505 
W 	 0.0274 	 0.9566 	 0.0160 
E 	 0.0427 	 0.1933 	 0.7640 
---------------
--------- WEALTH DISTRIBUTION STATISTICS ------
Top 0.1 [22]    0.042890614748581
Top 1 [41.8]    0.225223145293242
Top 5 [?]    0.563356430056624
Top 10 [77.2]    0.745509841933306
Top 20 [?]    0.868137454169308
Bot 20 [?]    0.004032989774091
Bot 40 [?]    0.022960587689544
Bot 60 [?]    0.060168011011471
Bot 80 [?]    0.131862545830692
mworthVE   24.757009641583796
mworthWW    1.607758032445750
mworthUS    1.352159468187284
mworthUL   83.864509069963901
---------------
--------- PRODUCTION & CAPITAL -----
CapitalVE    4.377705073445478
ProductionVE    1.206953130427538
Totalcapital    9.935400060676306
Totallabor    0.858863058101569
Corproduction    1.682183643294933
Corcapital    5.557694987230828
Totalproduction    2.889136773722472
CapitalVE/Totalcapital    0.440616889779020
---------------
--------- TAXATION -----
Corporate revenu    0.000000000000000
Expenditure    0.037308241099138
Revenue Basis    1.110833606774204
Optimal tax    0.033585805175160
-------MASS--------
WW    0.853486084538011 
U    0.072941326153147 
VE    0.073572589308853 
R:    0.043073885567628,	 W:    1.293314111426260,	 K:    6.191981134715119	, L:    0.877307272365500, 	 TAX:    0.028951823906170

-------EQUILIBRIUM PRICES AND AGGREGATE--------
r    0.043073885567628 
w    1.293314111426260 
u    0.073182310576872 
-------MOMENTS GENERATED & STATISTICS--------
Ratio KY [3.04]    3.452751022650155
Ratio mworthVE/mworthWW [8]   15.422868480211438
Fraction E [7.55]    0.074411031997438
(UL:    0.018291675120636, US:    0.054890635456236) Unemploy. rate [4- 6]    0.073182310576872
Fraction of nonE>E (rlv to whole pop) [0.39]    0.017549113668034
Fraction of U>E (rlv to new entrant) [20]    0.212672715694169
Worker exit rate (rlv to workers) [3-6.5]    0.043623370094248
Nshare (US)    0.006082234298400, 	 Nshare(UL):    0.000012624745461, 	 Nshare [0.1]:    0.006094859043861
(U>E/pop>E) [0.2]    0.212672715694169
Wealth Gini [0.84]    0.807614910897488
Earning Gini [0.36]    0.385383334456092
Top 1 [41.8]    0.220328400164766
Zero wealth fraction [7- 13]    0.059335838183673
Fraction U>nonU (rlv to unemployed) [40- 65]    0.369164953413604

-------TRANSITION Worker to entrepreneur / ABILITY--------
very low	 middle 	 very high
   0.020040889380793	   0.015404362076525	   0.014096489385563	
-------TRANSITION Entrepreneur to Worker / ABILITY--------
very low 	 middle 	 very high
   0.178690282039546	   0.199466707639008	   0.196884833697202	
--------- TRANSITION MATRIX BTW CLASSES ------
  	  U     	 W     	 E 
U 	 0.6308 	 0.3182 	 0.0510 
W 	 0.0274 	 0.9564 	 0.0162 
E 	 0.0428 	 0.1930 	 0.7642 
---------------
--------- WEALTH DISTRIBUTION STATISTICS ------
Top 0.1 [22]    0.043013171797662
Top 1 [41.8]    0.220328400164766
Top 5 [?]    0.564954153875116
Top 10 [77.2]    0.744632905623300
Top 20 [?]    0.868771725691286
Bot 20 [?]    0.003980204220040
Bot 40 [?]    0.024177725470335
Bot 60 [?]    0.061407159592298
Bot 80 [?]    0.131228274308714
mworthVE   24.834538459861101
mworthWW    1.610241213670820
mworthUS    1.357133081267833
mworthUL   83.885970945236792
---------------
--------- PRODUCTION & CAPITAL -----
CapitalVE    4.435931671972081
ProductionVE    1.222800651176700
Totalcapital   10.044700860986222
Totallabor    0.857793429182262
Corproduction    1.686387064674419
Corcapital    5.608769189014140
Totalproduction    2.909187715851119
CapitalVE/Totalcapital    0.441619091833915
---------------
--------- TAXATION -----
Corporate revenu    0.000000000000000
Expenditure    0.037292112770086
Revenue Basis    1.109396346650144
Optimal tax    0.033614778778288
-------MASS--------
WW    0.852406657425704 
U    0.073182310576872 
VE    0.074411031997438 
R:    0.043091172844905,	 W:    1.293192114864211,	 K:    6.162820537430070	, L:    0.873404503728853, 	 TAX:    0.029884414880594

