===================Program Starting: Mon Jan 23 18:23:07 2017

------ Estimated Model parameters------
             betapar		   0.879000000000000
              Etapar		   0.034000000000000	   0.027000000000000	   0.024000000000000
               Kappa		   2.350000000000000	   2.400000000000000	   2.450000000000000
                PROD		   0.250000000000000	   1.000000000000000	   1.750000000000000
              GTRANS		   0.510000000000000	   0.550000000000000	   0.700000000000000
             phiparW		   1.500000000000000
             phiparE		   2.100000000000000
             costpar		   0.000000000000000
               nupar		   0.840000000000000
                fpar		   0.800000000000000
               mupar		   0.100000000000000
               xipar		   1.000000000000000

------ Fixed Model parameters------
             maxgrid		                 250
             Gridmin		   0.000000000000000
             Gridmax		5000.000000000000000
             corptax		   0.000000000000000
            alphapar		   0.360000000000000
            deltapar		   0.060000000000000
             rhostar		   0.400000000000000
            sigmapar		   1.390000000000000
              TFPpar		   1.000000000000000
              pLTpar		   0.250000000000000
          EffortMaxU		 100.000000000000000
          EffortMaxE		 100.000000000000000

------ Convergence criterions------
        epsilonValue		   0.000001000000000
        epsilonendoK		   0.000001000000000
           maxiterVF		   0.000001000000000
        maxiterendoK		   0.000001000000000
         epsilonDist		   0.000000010000000
        epsilonprice		   0.000010000000000
       epsilonparams		   0.000001000000000
          relaxendoK		   0.300000000000000
              relaxK		   0.050000000000000
            relaxTax		   0.200000000000000
----------------------------
-------EQUILIBRIUM PRICES AND AGGREGATE--------
r    0.057688258463640 
w    1.200363390425356 
u    0.053839117585045 
-------MOMENTS GENERATED & STATISTICS--------
Ratio KY [3.04]    3.339861695555093
Ratio mworthVE/mworthWW [8]   16.984120867504142
Fraction E [7.55]    0.074169217966876
(UL:    0.024484448878753, US:    0.029354668706292) Unemploy. rate [4- 6]    0.053839117585045
Fraction of nonE>E (rlv to whole pop) [0.39]    0.020501843385834
Fraction of U>E (rlv to new entrant) [20]    0.212423201128874
Worker exit rate (rlv to workers) [3-6.5]    0.045789567883077
Nshare (US)    0.010760640415050, 	 Nshare(UL):    0.001557059609960, 	 Nshare [0.1]:    0.012317700025011
(U>E/pop>E) [0.2]    0.212423201128874
Wealth Gini [0.84]    0.801675636911059
Earning Gini [0.36]    0.370930309554805
Top 1 [41.8]    0.219874208497144
Zero wealth fraction [7- 13]    0.051108167439992
Fraction U>nonU (rlv to unemployed) [40- 65]    0.515243220094232

-------TRANSITION Worker to entrepreneur / ABILITY--------
very low	 middle 	 very high
   0.023128120254517	   0.015825220386139	   0.019410675313742	
-------TRANSITION Entrepreneur to Worker / ABILITY--------
very low 	 middle 	 very high
   0.194514833250555	   0.229755734112599	   0.211587234980215	
--------- TRANSITION MATRIX BTW CLASSES ------
  	  U     	 W     	 E 
U 	 0.4848 	 0.4344 	 0.0809 
W 	 0.0273 	 0.9542 	 0.0185 
E 	 0.0722 	 0.2152 	 0.7126 
---------------
--------- WEALTH DISTRIBUTION STATISTICS ------
Top 0.1 [22]    0.041704635675891
Top 1 [41.8]    0.219874208497144
Top 5 [?]    0.559929346110388
Top 10 [77.2]    0.747250052133655
Top 20 [?]    0.865934985081399
Bot 20 [?]    0.005061549118698
Bot 40 [?]    0.027636092535749
Bot 60 [?]    0.063348313249073
Bot 80 [?]    0.134065014918601
mworthVE   26.726679390117951
mworthWW    1.573627484084521
mworthUS    1.420842358561001
mworthUL   65.746519728434308
---------------
--------- PRODUCTION & CAPITAL -----
CapitalVE    4.294875676900783
ProductionVE    1.148965267469589
Totalcapital    9.331139114605289
Totallabor    0.876564524525405
Corproduction    1.644904648468481
Corcapital    5.036263437704507
Totalproduction    2.793869915938070
CapitalVE/Totalcapital    0.460273459022635
---------------
--------- TAXATION -----
Corporate revenu    0.000000000000000
Expenditure    0.013651152792005
Revenue Basis    1.052195964585904
Optimal tax    0.012973964215285
-------MASS--------
WW    0.871991664448121 
U    0.053839117585045 
VE    0.074169217966876 
-------WELFARE--------
UL  -12.041434681275707  US  -21.807405256576043  VE  -12.302660688078461  WW  -20.196033308970332  Wtot -19.458228471016515  Avg Firm:   57.906444137227879 
-------EQUILIBRIUM PRICES AND AGGREGATE--------
r    0.057688258463640 
w    1.200363390425356 
u    0.054515314413487 
-------MOMENTS GENERATED & STATISTICS--------
Ratio KY [3.04]    3.340825356545519
Ratio mworthVE/mworthWW [8]   17.022835165799336
Fraction E [7.55]    0.074106232215759
(UL:    0.023800274485364, US:    0.030715039928123) Unemploy. rate [4- 6]    0.054515314413487
Fraction of nonE>E (rlv to whole pop) [0.39]    0.020516271313387
Fraction of U>E (rlv to new entrant) [20]    0.212898716115973
Worker exit rate (rlv to workers) [3-6.5]    0.045785427567522
Nshare (US)    0.011237463762892, 	 Nshare(UL):    0.001375084353047, 	 Nshare [0.1]:    0.012612548115939
(U>E/pop>E) [0.2]    0.212898716115973
Wealth Gini [0.84]    0.801882022746620
Earning Gini [0.36]    0.371399642227476
Top 1 [41.8]    0.219895650351346
Zero wealth fraction [7- 13]    0.051617093716322
Fraction U>nonU (rlv to unemployed) [40- 65]    0.520911515054972

-------TRANSITION Worker to entrepreneur / ABILITY--------
very low	 middle 	 very high
   0.023130057979587	   0.015839463511627	   0.019438034404894	
-------TRANSITION Entrepreneur to Worker / ABILITY--------
very low 	 middle 	 very high
   0.193447003998172	   0.228769203048842	   0.211138716587194	
--------- TRANSITION MATRIX BTW CLASSES ------
  	  U     	 W     	 E 
U 	 0.4791 	 0.4408 	 0.0801 
W 	 0.0273 	 0.9542 	 0.0185 
E 	 0.0723 	 0.2144 	 0.7134 
---------------
--------- WEALTH DISTRIBUTION STATISTICS ------
Top 0.1 [22]    0.041704810011716
Top 1 [41.8]    0.219895650351346
Top 5 [?]    0.560006801836381
Top 10 [77.2]    0.747379020515231
Top 20 [?]    0.866124537819604
Bot 20 [?]    0.005136311108727
Bot 40 [?]    0.027670174097373
Bot 60 [?]    0.063298616288083
Bot 80 [?]    0.133875462180396
mworthVE   26.746604900786757
mworthWW    1.571219167681509
mworthUS    1.417287445725774
mworthUL   67.470079972086012
---------------
--------- PRODUCTION & CAPITAL -----
CapitalVE    4.293226622905095
ProductionVE    1.148510661227029
Totalcapital    9.329695275826762
Totallabor    0.875892182440502
Corproduction    1.644121182741570
Corcapital    5.036468652921667
Totalproduction    2.792631843968598
CapitalVE/Totalcapital    0.460167936462924
---------------
--------- TAXATION -----
Corporate revenu    0.000000000000000
Expenditure    0.014295394202395
Revenue Basis    1.051388909761345
Optimal tax    0.013596675853886
-------MASS--------
WW    0.871378453370797 
U    0.054515314413487 
VE    0.074106232215759 
-------WELFARE--------
UL  -11.831114224935373  US  -21.739430931604335  VE  -12.297257216567864  WW  -20.200943449516000  Wtot -19.463281513678144  Avg Firm:   57.933408493977396 
-------EQUILIBRIUM PRICES AND AGGREGATE--------
r    0.057688258463640 
w    1.200363390425356 
u    0.054758918697471 
-------MOMENTS GENERATED & STATISTICS--------
Ratio KY [3.04]    3.341225315208836
Ratio mworthVE/mworthWW [8]   17.055053097226111
Fraction E [7.55]    0.074070906112493
(UL:    0.023685456376459, US:    0.031073462321012) Unemploy. rate [4- 6]    0.054758918697471
Fraction of nonE>E (rlv to whole pop) [0.39]    0.020527208011492
Fraction of U>E (rlv to new entrant) [20]    0.213282085870805
Worker exit rate (rlv to workers) [3-6.5]    0.045778281160915
Nshare (US)    0.011309463011892, 	 Nshare(UL):    0.001374669924726, 	 Nshare [0.1]:    0.012684132936619
(U>E/pop>E) [0.2]    0.213282085870805
Wealth Gini [0.84]    0.802065392921289
Earning Gini [0.36]    0.371564342958932
Top 1 [41.8]    0.219905655411560
Zero wealth fraction [7- 13]    0.051959531873118
Fraction U>nonU (rlv to unemployed) [40- 65]    0.526208311651219

-------TRANSITION Worker to entrepreneur / ABILITY--------
very low	 middle 	 very high
   0.023123823744918	   0.015844288822311	   0.019454713117018	
-------TRANSITION Entrepreneur to Worker / ABILITY--------
very low 	 middle 	 very high
   0.193338940774413	   0.228505142713422	   0.211165127888914	
--------- TRANSITION MATRIX BTW CLASSES ------
  	  U     	 W     	 E 
U 	 0.4738 	 0.4463 	 0.0800 
W 	 0.0272 	 0.9542 	 0.0185 
E 	 0.0724 	 0.2142 	 0.7134 
---------------
--------- WEALTH DISTRIBUTION STATISTICS ------
Top 0.1 [22]    0.041703343389127
Top 1 [41.8]    0.219905655411560
Top 5 [?]    0.560082689401997
Top 10 [77.2]    0.747506194839718
Top 20 [?]    0.866314193381232
Bot 20 [?]    0.005173701403294
Bot 40 [?]    0.024220441084083
Bot 60 [?]    0.063246497643616
Bot 80 [?]    0.133685806618768
mworthVE   26.749510205748276
mworthWW    1.568421397063777
mworthUS    1.418808318879319
mworthUL   67.734704326638180
---------------
--------- PRODUCTION & CAPITAL -----
CapitalVE    4.291108756530867
ProductionVE    1.147995203939794
Totalcapital    9.328465076808806
Totallabor    0.875649701795230
Corproduction    1.643934162315994
Corcapital    5.037356320277939
Totalproduction    2.791929366255789
CapitalVE/Totalcapital    0.460001588814311
---------------
--------- TAXATION -----
Corporate revenu    0.000000000000000
Expenditure    0.014461924704436
Revenue Basis    1.051097844871874
Optimal tax    0.013758875803041
-------MASS--------
WW    0.871170175190078 
U    0.054758918697471 
VE    0.074070906112493 
-------WELFARE--------
UL  -11.820189368348929  US  -21.705123358298650  VE  -12.295038823458892  WW  -20.205604033031367  Wtot -19.467644184111691  Avg Firm:   57.932445837962938 
-------EQUILIBRIUM PRICES AND AGGREGATE--------
r    0.057688258463640 
w    1.200363390425356 
u    0.054842203519867 
-------MOMENTS GENERATED & STATISTICS--------
Ratio KY [3.04]    3.341302400987055
Ratio mworthVE/mworthWW [8]   17.080978208074665
Fraction E [7.55]    0.074058810488952
(UL:    0.023657496719042, US:    0.031184706800825) Unemploy. rate [4- 6]    0.054842203519867
Fraction of nonE>E (rlv to whole pop) [0.39]    0.020536229300449
Fraction of U>E (rlv to new entrant) [20]    0.213562152694423
Worker exit rate (rlv to workers) [3-6.5]    0.045777305783516
Nshare (US)    0.011312494970764, 	 Nshare(UL):    0.001377877990593, 	 Nshare [0.1]:    0.012690372961356
(U>E/pop>E) [0.2]    0.213562152694423
Wealth Gini [0.84]    0.802223058340856
Earning Gini [0.36]    0.371623343795009
Top 1 [41.8]    0.219901769132610
Zero wealth fraction [7- 13]    0.052213999968941
Fraction U>nonU (rlv to unemployed) [40- 65]    0.528186076033839

-------TRANSITION Worker to entrepreneur / ABILITY--------
very low	 middle 	 very high
   0.023117354010074	   0.015846806194945	   0.019467764940089	
-------TRANSITION Entrepreneur to Worker / ABILITY--------
very low 	 middle 	 very high
   0.193227130691093	   0.228327197359431	   0.211106895611247	
--------- TRANSITION MATRIX BTW CLASSES ------
  	  U     	 W     	 E 
U 	 0.4718 	 0.4482 	 0.0800 
W 	 0.0272 	 0.9542 	 0.0185 
E 	 0.0722 	 0.2141 	 0.7137 
---------------
--------- WEALTH DISTRIBUTION STATISTICS ------
Top 0.1 [22]    0.041701005348096
Top 1 [41.8]    0.219901769132610
Top 5 [?]    0.560150113430274
Top 10 [77.2]    0.747625561540985
Top 20 [?]    0.866491712730077
Bot 20 [?]    0.005188057181610
Bot 40 [?]    0.024250278432050
Bot 60 [?]    0.063217206286382
Bot 80 [?]    0.133508287269923
mworthVE   26.745994848692536
mworthWW    1.565835078230411
mworthUS    1.420289536034834
mworthUL   67.805761310237486
---------------
--------- PRODUCTION & CAPITAL -----
CapitalVE    4.289891298175630
ProductionVE    1.147709277058765
Totalcapital    9.327436504977914
Totallabor    0.875559393619508
Corproduction    1.643847842171896
Corcapital    5.037545206802284
Totalproduction    2.791557119230661
CapitalVE/Totalcapital    0.459921790503337
---------------
--------- TAXATION -----
Corporate revenu    0.000000000000000
Expenditure    0.014512169826323
Revenue Basis    1.050989442243882
Optimal tax    0.013808102387156
-------MASS--------
WW    0.871098985991223 
U    0.054842203519867 
VE    0.074058810488952 
-------WELFARE--------
UL  -11.823011431949840  US  -21.689020941062729  VE  -12.294224889584310  WW  -20.209809885402453  Wtot -19.471309182460306  Avg Firm:   57.925468554690966 
