===================Program Starting: Wed Jan 18 11:21:15 2017

------ Estimated Model parameters------
             betapar		   0.890000000000000
              Etapar		   0.034000000000000	   0.027000000000000	   0.024000000000000
               Kappa		   1.350000000000000	   1.400000000000000	   1.450000000000000
                PROD		   0.450000000000000	   1.250000000000000	   2.250000000000000
              GTRANS		   0.250000000000000	   0.550000000000000
             phiparW		   1.500000000000000
             phiparE		   1.800000000000000
             costpar		   0.000000000000000
               nupar		   0.830000000000000
                fpar		   0.800000000000000
               mupar		   0.100000000000000
               xipar		   1.000000000000000

------ Fixed Model parameters------
             maxgrid		                 250
             Gridmin		   0.000000000000000
             Gridmax		5000.000000000000000
             corptax		   0.000000000000000
            alphapar		   0.360000000000000
            deltapar		   0.060000000000000
             rhostar		   0.540000000000000
            sigmapar		   1.390000000000000
              TFPpar		   1.000000000000000
              pLTpar		   1.000000000000000
          EffortMaxU		 100.000000000000000
          EffortMaxE		 100.000000000000000

------ Convergence criterions------
        epsilonValue		   0.000001000000000
        epsilonendoK		   0.000001000000000
           maxiterVF		   0.000001000000000
        maxiterendoK		   0.000001000000000
         epsilonDist		   0.000000010000000
        epsilonprice		   0.000001000000000
       epsilonparams		   0.000001000000000
          relaxendoK		   0.300000000000000
              relaxK		   0.050000000000000
            relaxTax		   0.200000000000000
----------------------------
R:    0.055000000000000,	 W:    1.216067257985791,	 K:    5.535716318158419	, L:    0.930661063223172, 	 TAX:    0.018747715938431

-------EQUILIBRIUM PRICES AND AGGREGATE--------
r    0.055000000000000 
w    1.216067257985791 
u    0.039789981168524 
-------MOMENTS GENERATED & STATISTICS--------
Ratio KY [3.04]    1.332329726724740
Ratio mworthVE/mworthWW [8]    2.861809045307218
Fraction E [7.55]    0.002319150728145
(UL:    0.013064389138451, US:    0.026725592030073) Unemploy. rate [4- 6]    0.039789981168524
Fraction of nonE>E (rlv to whole pop) [0.39]    0.000950580109189
Fraction of U>E (rlv to new entrant) [20]    0.107391989811478
Worker exit rate (rlv to workers) [3-6.5]    0.028786251511572
Nshare (US)    0.053792615132915, 	 Nshare(UL):    0.008796021403383, 	 Nshare [0.1]:    0.062588636536298
(U>E/pop>E) [0.2]    0.107391989811478
Wealth Gini [0.84]    0.461278920010842
Earning Gini [0.36]    0.290145469684860
Top 1 [41.8]    0.050792589345225
Zero wealth fraction [7- 13]    0.069360649640046
Fraction U>nonU (rlv to unemployed) [40- 65]    0.673909682066521

-------TRANSITION Worker to entrepreneur / ABILITY--------
very low	 middle 	 very high
   0.002564626188441	   0.000490488760666	   0.000016442197636	
-------TRANSITION Entrepreneur to Worker / ABILITY--------
very low 	 middle 	 very high
   0.263828568405148	   0.600920499157561	   1.651861776099199	
--------- TRANSITION MATRIX BTW CLASSES ------
  	  U     	 W     	 E 
U 	 0.3261 	 0.6713 	 0.0026 
W 	 0.0279 	 0.9712 	 0.0009 
E 	 0.0083 	 0.4052 	 0.5865 
---------------
--------- WEALTH DISTRIBUTION STATISTICS ------
Top 0.1 [22]    0.008095587917924
Top 1 [41.8]    0.050792589345225
Top 5 [?]    0.177795886863412
Top 10 [77.2]    0.296236049027029
Top 20 [?]    0.482495048130728
Bot 20 [?]    0.017097743960174
Bot 40 [?]    0.090594090712186
Bot 60 [?]    0.244447353504309
Bot 80 [?]    0.517504951869272
mworthVE    4.248229218064149
mworthWW    1.484455863688871
mworthUS    1.351489717585816
mworthUL    1.272864426081864
---------------
--------- PRODUCTION & CAPITAL -----
CapitalVE    0.016621385244549
ProductionVE    0.006262454092368
Totalcapital    1.957725688929251
Totallabor    1.248046305830170
Corproduction    1.463137837487044
Corcapital    1.941104303684702
Totalproduction    1.469400291579412
CapitalVE/Totalcapital    0.008490150248598
---------------
--------- TAXATION -----
Corporate revenu    0.000000000000000
Expenditure    0.021847582764351
Revenue Basis    1.517708248970191
Optimal tax    0.014395113671666
-------MASS--------
WW    0.957890868103332 
U    0.039789981168524 
VE    0.002319150728145 
R:    0.062521182928122,	 W:    1.173495264055021,	 K:    5.355985717434733	, L:    0.994138111744572, 	 TAX:    0.017877195485078

-------EQUILIBRIUM PRICES AND AGGREGATE--------
r    0.062521182928122 
w    1.173495264055021 
u    0.040525670905615 
-------MOMENTS GENERATED & STATISTICS--------
Ratio KY [3.04]    1.457797702319733
Ratio mworthVE/mworthWW [8]    3.346258752850436
Fraction E [7.55]    0.004983447236201
(UL:    0.013933022757620, US:    0.026592648147995) Unemploy. rate [4- 6]    0.040525670905615
Fraction of nonE>E (rlv to whole pop) [0.39]    0.001857474839843
Fraction of U>E (rlv to new entrant) [20]    0.087757154805135
Worker exit rate (rlv to workers) [3-6.5]    0.029635816138655
Nshare (US)    0.030758859093284, 	 Nshare(UL):    0.006763156727874, 	 Nshare [0.1]:    0.037522015821158
(U>E/pop>E) [0.2]    0.087757154805135
Wealth Gini [0.84]    0.464232026083485
Earning Gini [0.36]    0.292491670951408
Top 1 [41.8]    0.053801165129178
Zero wealth fraction [7- 13]    0.059449421866152
Fraction U>nonU (rlv to unemployed) [40- 65]    0.659644419273443

-------TRANSITION Worker to entrepreneur / ABILITY--------
very low	 middle 	 very high
   0.004315623409196	   0.001338047341482	   0.000148934452702	
-------TRANSITION Entrepreneur to Worker / ABILITY--------
very low 	 middle 	 very high
   0.265296535477725	   0.433378055691113	   0.940508928589740	
--------- TRANSITION MATRIX BTW CLASSES ------
  	  U     	 W     	 E 
U 	 0.3404 	 0.6556 	 0.0040 
W 	 0.0279 	 0.9704 	 0.0018 
E 	 0.0094 	 0.3668 	 0.6238 
---------------
--------- WEALTH DISTRIBUTION STATISTICS ------
Top 0.1 [22]    0.013206093785073
Top 1 [41.8]    0.053801165129178
Top 5 [?]    0.169065208327698
Top 10 [77.2]    0.300911001014974
Top 20 [?]    0.477171095542365
Bot 20 [?]    0.018656074221756
Bot 40 [?]    0.091162544325167
Bot 60 [?]    0.253133528710856
Bot 80 [?]    0.522828904457635
mworthVE    5.680545402099006
mworthWW    1.697581036511346
mworthUS    1.558644794182191
mworthUL    1.496690644131560
---------------
--------- PRODUCTION & CAPITAL -----
CapitalVE    0.049461026727511
ProductionVE    0.017450580478408
Totalcapital    2.254706257483104
Totallabor    1.244605570798609
Corproduction    1.529201780061936
Corcapital    2.205245230755593
Totalproduction    1.546652360540344
CapitalVE/Totalcapital    0.021936794011795
---------------
--------- TAXATION -----
Corporate revenu    0.000000000000000
Expenditure    0.021003189459606
Revenue Basis    1.460538742948664
Optimal tax    0.014380439793883
-------MASS--------
WW    0.954490881858185 
U    0.040525670905615 
VE    0.004983447236201 
R:    0.068876361442967,	 W:    1.140585033152019,	 K:    5.198448693100776	, L:    1.044231603555379, 	 TAX:    0.017177844346839

-------EQUILIBRIUM PRICES AND AGGREGATE--------
r    0.068876361442967 
w    1.140585033152019 
u    0.041429642634018 
-------MOMENTS GENERATED & STATISTICS--------
Ratio KY [3.04]    1.636248638251050
Ratio mworthVE/mworthWW [8]    3.598170419799151
Fraction E [7.55]    0.010052841407029
(UL:    0.015062841286271, US:    0.026366801347748) Unemploy. rate [4- 6]    0.041429642634018
Fraction of nonE>E (rlv to whole pop) [0.39]    0.003467482734472
Fraction of U>E (rlv to new entrant) [20]    0.080795170406311
Worker exit rate (rlv to workers) [3-6.5]    0.031158231373226
Nshare (US)    0.018150765460541, 	 Nshare(UL):    0.005157161176606, 	 Nshare [0.1]:    0.023307926637147
(U>E/pop>E) [0.2]    0.080795170406311
Wealth Gini [0.84]    0.481778961828476
Earning Gini [0.36]    0.296698610221897
Top 1 [41.8]    0.077855901793986
Zero wealth fraction [7- 13]    0.050586765925430
Fraction U>nonU (rlv to unemployed) [40- 65]    0.642123257033596

-------TRANSITION Worker to entrepreneur / ABILITY--------
very low	 middle 	 very high
   0.007030151182454	   0.002902964143859	   0.000684280904455	
-------TRANSITION Entrepreneur to Worker / ABILITY--------
very low 	 middle 	 very high
   0.265746202748741	   0.363558526161554	   0.587779857523759	
--------- TRANSITION MATRIX BTW CLASSES ------
  	  U     	 W     	 E 
U 	 0.3579 	 0.6354 	 0.0068 
W 	 0.0278 	 0.9688 	 0.0034 
E 	 0.0109 	 0.3375 	 0.6516 
---------------
--------- WEALTH DISTRIBUTION STATISTICS ------
Top 0.1 [22]    0.019486717763835
Top 1 [41.8]    0.077855901793986
Top 5 [?]    0.205786915579450
Top 10 [77.2]    0.321139567381910
Top 20 [?]    0.504156569950623
Bot 20 [?]    0.017321342663087
Bot 40 [?]    0.095825364373505
Bot 60 [?]    0.245913769608994
Bot 80 [?]    0.495843430049377
mworthVE    7.037595352713177
mworthWW    1.955881609717089
mworthUS    1.800371236469686
mworthUL    1.820689096522012
---------------
--------- PRODUCTION & CAPITAL -----
CapitalVE    0.135678189721367
ProductionVE    0.045173130906046
Totalcapital    2.710972846959939
Totallabor    1.238140484259126
Corproduction    1.611648933653554
Corcapital    2.575294657238572
Totalproduction    1.656822064559601
CapitalVE/Totalcapital    0.050047786304284
---------------
--------- TAXATION -----
Corporate revenu    0.000000000000000
Expenditure    0.020273130171327
Revenue Basis    1.412204505285552
Optimal tax    0.014355661729905
-------MASS--------
WW    0.948517515958956 
U    0.041429642634018 
VE    0.010052841407029 
R:    0.074094697939939,	 W:    1.115401186425604,	 K:    5.067290991307665	, L:    1.083013379696129, 	 TAX:    0.016613407823452

-------EQUILIBRIUM PRICES AND AGGREGATE--------
r    0.074094697939939 
w    1.115401186425604 
u    0.042573429745574 
-------MOMENTS GENERATED & STATISTICS--------
Ratio KY [3.04]    1.878863045538686
Ratio mworthVE/mworthWW [8]    3.914887683174907
Fraction E [7.55]    0.018101393339701
(UL:    0.016543649661145, US:    0.026029780084429) Unemploy. rate [4- 6]    0.042573429745574
Fraction of nonE>E (rlv to whole pop) [0.39]    0.005920060198758
Fraction of U>E (rlv to new entrant) [20]    0.080386323560148
Worker exit rate (rlv to workers) [3-6.5]    0.033506978394780
Nshare (US)    0.011189308485936, 	 Nshare(UL):    0.003823273516516, 	 Nshare [0.1]:    0.015012582002452
(U>E/pop>E) [0.2]    0.080386323560148
Wealth Gini [0.84]    0.512660343977009
Earning Gini [0.36]    0.303270515867957
Top 1 [41.8]    0.105011301976236
Zero wealth fraction [7- 13]    0.042634311237047
Fraction U>nonU (rlv to unemployed) [40- 65]    0.620676366660642

-------TRANSITION Worker to entrepreneur / ABILITY--------
very low	 middle 	 very high
   0.010802719020736	   0.005337701428121	   0.001848166059587	
-------TRANSITION Entrepreneur to Worker / ABILITY--------
very low 	 middle 	 very high
   0.268013941389486	   0.328110384820085	   0.452627985918636	
--------- TRANSITION MATRIX BTW CLASSES ------
  	  U     	 W     	 E 
U 	 0.3793 	 0.6095 	 0.0112 
W 	 0.0277 	 0.9665 	 0.0058 
E 	 0.0126 	 0.3181 	 0.6693 
---------------
--------- WEALTH DISTRIBUTION STATISTICS ------
Top 0.1 [22]    0.022090422352106
Top 1 [41.8]    0.105011301976236
Top 5 [?]    0.249805613382249
Top 10 [77.2]    0.357496751839705
Top 20 [?]    0.537580122648069
Bot 20 [?]    0.017065390082176
Bot 40 [?]    0.091955617172875
Bot 60 [?]    0.224479558358031
Bot 80 [?]    0.462419877351931
mworthVE    8.891256630768511
mworthWW    2.271139646989273
mworthUS    2.102353762809845
mworthUL    2.290436071260910
---------------
--------- PRODUCTION & CAPITAL -----
CapitalVE    0.308722047466848
ProductionVE    0.098667378978155
Totalcapital    3.402706488601782
Totallabor    1.227673960724862
Corproduction    1.712378134254661
Corcapital    3.093984441134934
Totalproduction    1.811045513232816
CapitalVE/Totalcapital    0.090728380041296
---------------
--------- TAXATION -----
Corporate revenu    0.000000000000000
Expenditure    0.019610037530331
Revenue Basis    1.369348992336330
Optimal tax    0.014320701033907
-------MASS--------
WW    0.939325176914726 
U    0.042573429745574 
VE    0.018101393339701 
R:    0.078103511931895,	 W:    1.097071603958290,	 K:    4.968625663799028	, L:    1.111945495901875, 	 TAX:    0.016154866465543

-------EQUILIBRIUM PRICES AND AGGREGATE--------
r    0.078103511931895 
w    1.097071603958290 
u    0.043892421530845 
-------MOMENTS GENERATED & STATISTICS--------
Ratio KY [3.04]    2.139755401594818
Ratio mworthVE/mworthWW [8]    4.010980213307533
Fraction E [7.55]    0.027360571588620
(UL:    0.018240739118443, US:    0.025651682412402) Unemploy. rate [4- 6]    0.043892421530845
Fraction of nonE>E (rlv to whole pop) [0.39]    0.008661951420965
Fraction of U>E (rlv to new entrant) [20]    0.082607656544691
Worker exit rate (rlv to workers) [3-6.5]    0.036175718550337
Nshare (US)    0.007576944229699, 	 Nshare(UL):    0.002944945377403, 	 Nshare [0.1]:    0.010521889607102
(U>E/pop>E) [0.2]    0.082607656544691
Wealth Gini [0.84]    0.539658951687471
Earning Gini [0.36]    0.310909115005532
Top 1 [41.8]    0.111934323708791
Zero wealth fraction [7- 13]    0.035952798993142
Fraction U>nonU (rlv to unemployed) [40- 65]    0.597720135666862

-------TRANSITION Worker to entrepreneur / ABILITY--------
very low	 middle 	 very high
   0.014741104800867	   0.008169800755171	   0.003363042386352	
-------TRANSITION Entrepreneur to Worker / ABILITY--------
very low 	 middle 	 very high
   0.268976410126236	   0.309074350204964	   0.401565618676373	
--------- TRANSITION MATRIX BTW CLASSES ------
  	  U     	 W     	 E 
U 	 0.4023 	 0.5814 	 0.0163 
W 	 0.0276 	 0.9638 	 0.0086 
E 	 0.0141 	 0.3065 	 0.6794 
---------------
--------- WEALTH DISTRIBUTION STATISTICS ------
Top 0.1 [22]    0.022406008202780
Top 1 [41.8]    0.111934323708791
Top 5 [?]    0.283453682607744
Top 10 [77.2]    0.397113340635278
Top 20 [?]    0.569009382048091
Bot 20 [?]    0.016492104380597
Bot 40 [?]    0.086494553439038
Bot 60 [?]    0.206433397246575
Bot 80 [?]    0.430990617951909
mworthVE   10.439187319755682
mworthWW    2.602652410281357
mworthUS    2.415200438919804
mworthUL    2.886935576989166
---------------
--------- PRODUCTION & CAPITAL -----
CapitalVE    0.541382940559232
ProductionVE    0.168703528375752
Totalcapital    4.244788352582547
Totallabor    1.215296893853861
Corproduction    1.815069172662316
Corcapital    3.703405412023315
Totalproduction    1.983772701038068
CapitalVE/Totalcapital    0.127540620542330
---------------
--------- TAXATION -----
Corporate revenu    0.000000000000000
Expenditure    0.019044788889825
Revenue Basis    1.333267712625781
Optimal tax    0.014284294676511
-------MASS--------
WW    0.928747006880543 
U    0.043892421530845 
VE    0.027360571588620 
R:    0.080891806825140,	 W:    1.084805560602675,	 K:    4.905364651210243	, L:    1.132615775492273, 	 TAX:    0.015780752107737

-------EQUILIBRIUM PRICES AND AGGREGATE--------
r    0.080891806825140 
w    1.084805560602675 
u    0.045000777730625 
-------MOMENTS GENERATED & STATISTICS--------
Ratio KY [3.04]    2.334045051533895
Ratio mworthVE/mworthWW [8]    3.981856582916556
Fraction E [7.55]    0.034174310800082
(UL:    0.019630436693123, US:    0.025370341037502) Unemploy. rate [4- 6]    0.045000777730625
Fraction of nonE>E (rlv to whole pop) [0.39]    0.010659375043924
Fraction of U>E (rlv to new entrant) [20]    0.085346145343826
Worker exit rate (rlv to workers) [3-6.5]    0.038139693086294
Nshare (US)    0.006182162197526, 	 Nshare(UL):    0.002681971895919, 	 Nshare [0.1]:    0.008864134093445
(U>E/pop>E) [0.2]    0.085346145343826
Wealth Gini [0.84]    0.553439112198148
Earning Gini [0.36]    0.316616577880366
Top 1 [41.8]    0.117092153861973
Zero wealth fraction [7- 13]    0.031630068532370
Fraction U>nonU (rlv to unemployed) [40- 65]    0.580037345987413

-------TRANSITION Worker to entrepreneur / ABILITY--------
very low	 middle 	 very high
   0.017695260785693	   0.010172858926511	   0.004594912862992	
-------TRANSITION Entrepreneur to Worker / ABILITY--------
very low 	 middle 	 very high
   0.268800665512312	   0.302645961016939	   0.376677468613449	
--------- TRANSITION MATRIX BTW CLASSES ------
  	  U     	 W     	 E 
U 	 0.4200 	 0.5598 	 0.0202 
W 	 0.0276 	 0.9619 	 0.0106 
E 	 0.0154 	 0.3011 	 0.6835 
---------------
--------- WEALTH DISTRIBUTION STATISTICS ------
Top 0.1 [22]    0.022506867890824
Top 1 [41.8]    0.117092153861973
Top 5 [?]    0.300268757530636
Top 10 [77.2]    0.418518899093437
Top 20 [?]    0.585253971839346
Bot 20 [?]    0.017348229537364
Bot 40 [?]    0.081912447547362
Bot 60 [?]    0.205535418361152
Bot 80 [?]    0.414746028160654
mworthVE   11.432559889383590
mworthWW    2.871163149982083
mworthUS    2.674683093733520
mworthUL    3.433399787813763
---------------
--------- PRODUCTION & CAPITAL -----
CapitalVE    0.733852400504555
ProductionVE    0.225561947553607
Totalcapital    4.939434842996032
Totallabor    1.205919167231852
Corproduction    1.890693194886733
Corcapital    4.205582442491478
Totalproduction    2.116255142440340
CapitalVE/Totalcapital    0.148570114563842
---------------
--------- TAXATION -----
Corporate revenu    0.000000000000000
Expenditure    0.018652497020533
Revenue Basis    1.308187818250460
Optimal tax    0.014258271450256
-------MASS--------
WW    0.920824911469297 
U    0.045000777730625 
VE    0.034174310800082 
R:    0.082708586453465,	 W:    1.077015483594447,	 K:    4.870375540774305	, L:    1.147276453840189, 	 TAX:    0.015476255976241

-------EQUILIBRIUM PRICES AND AGGREGATE--------
r    0.082708586453465 
w    1.077015483594447 
u    0.046008522034969 
-------MOMENTS GENERATED & STATISTICS--------
Ratio KY [3.04]    2.502226857542027
Ratio mworthVE/mworthWW [8]    3.905257018603748
Fraction E [7.55]    0.040682518987980
(UL:    0.020903064156666, US:    0.025105457878304) Unemploy. rate [4- 6]    0.046008522034969
Fraction of nonE>E (rlv to whole pop) [0.39]    0.012546089866593
Fraction of U>E (rlv to new entrant) [20]    0.087225093666951
Worker exit rate (rlv to workers) [3-6.5]    0.040027214801523
Nshare (US)    0.005185174039648, 	 Nshare(UL):    0.002417529145188, 	 Nshare [0.1]:    0.007602703184836
(U>E/pop>E) [0.2]    0.087225093666951
Wealth Gini [0.84]    0.560637101789722
Earning Gini [0.36]    0.322054568151931
Top 1 [41.8]    0.110404980275470
Zero wealth fraction [7- 13]    0.028463557844637
Fraction U>nonU (rlv to unemployed) [40- 65]    0.564644384348118

-------TRANSITION Worker to entrepreneur / ABILITY--------
very low	 middle 	 very high
   0.020423915342869	   0.012136169210211	   0.005806362250266	
-------TRANSITION Entrepreneur to Worker / ABILITY--------
very low 	 middle 	 very high
   0.268568306161463	   0.297754504342831	   0.361011889871480	
--------- TRANSITION MATRIX BTW CLASSES ------
  	  U     	 W     	 E 
U 	 0.4354 	 0.5409 	 0.0238 
W 	 0.0275 	 0.9600 	 0.0125 
E 	 0.0162 	 0.2971 	 0.6867 
---------------
--------- WEALTH DISTRIBUTION STATISTICS ------
Top 0.1 [22]    0.021369909776414
Top 1 [41.8]    0.110404980275470
Top 5 [?]    0.303227222025488
Top 10 [77.2]    0.428212466927445
Top 20 [?]    0.592531228014808
Bot 20 [?]    0.016201240360555
Bot 40 [?]    0.080563884879778
Bot 60 [?]    0.195940447192633
Bot 80 [?]    0.407468771985192
mworthVE   12.228882397462829
mworthWW    3.131389903201567
mworthUS    2.916634426715840
mworthUL    4.022613761890644
---------------
--------- PRODUCTION & CAPITAL -----
CapitalVE    0.920199577314708
ProductionVE    0.280659494988605
Totalcapital    5.592429673468213
Totallabor    1.196944237277793
Corproduction    1.954321580612885
Corcapital    4.672230096153505
Totalproduction    2.234981075601489
CapitalVE/Totalcapital    0.164543790631887
---------------
--------- TAXATION -----
Corporate revenu    0.000000000000000
Expenditure    0.018349211358023
Revenue Basis    1.289127476547330
Optimal tax    0.014233822249424
-------MASS--------
WW    0.913308958977057 
U    0.046008522034969 
VE    0.040682518987980 
R:    0.083685288848342,	 W:    1.072891263566456,	 K:    4.860468268543264	, L:    1.157210010527709, 	 TAX:    0.015227769230877

