 TYPE	 PROD	               ASSET	              VEtoWW
    0	    0	   0.000000000000000	   0.000004109419643
    1	    0	   0.000000000000000	   0.000007148845952
    0	    0	   0.028895878633786	   0.000002995539884
    1	    0	   0.028895878633786	   0.000005254421619
    0	    0	   0.058626729069591	   0.000001690425040
    1	    0	   0.058626729069591	   0.000001882450350
    0	    0	   0.089216678551268	   0.000001957300987
    1	    0	   0.089216678551268	   0.000002829243020
    0	    0	   0.120690551500581	   0.000001181024251
    1	    0	   0.120690551500581	   0.000001198005751
    0	    0	   0.153073889662773	   0.000001385126091
    1	    0	   0.153073889662773	   0.000001750020326
    0	    0	   0.186392972834257	   0.000001438198950
    1	    0	   0.186392972834257	   0.000001543503374
    0	    0	   0.220674840189252	   0.000001906967084
    1	    0	   0.220674840189252	   0.000001341462523
    0	    0	   0.255947312222677	   0.000001962286991
    1	    0	   0.255947312222677	   0.000001313956165
    0	    0	   0.292239013327094	   0.000002430919682
    1	    0	   0.292239013327094	   0.000001651906458
    0	    0	   0.329579395022038	   0.000002603031694
    1	    0	   0.329579395022038	   0.000001845967686
    0	    0	   0.367998759854577	   0.000002504152781
    1	    0	   0.367998759854577	   0.000001635961528
    0	    0	   0.407528285990505	   0.000002583352948
    1	    0	   0.407528285990505	   0.000001639287328
    0	    0	   0.448200052516108	   0.000003529863955
    1	    0	   0.448200052516108	   0.000002104618288
    0	    0	   0.490047065471057	   0.000003616684922
    1	    0	   0.490047065471057	   0.000002306085817
    0	    0	   0.533103284633538	   0.000008772522020
    1	    0	   0.533103284633538	   0.000002548693720
    0	    0	   0.577403651079368	   0.000010066886144
    1	    0	   0.577403651079368	   0.000002577645947
    0	    0	   0.622984115537448	   0.000012431331610
    1	    0	   0.622984115537448	   0.000007681581569
    0	    0	   0.669881667564581	   0.000016340033142
    1	    0	   0.669881667564581	   0.000018718595549
    0	    0	   0.718134365563312	   0.000017084875623
    1	    0	   0.718134365563312	   0.000017219753366
    0	    0	   0.767781367667167	   0.000016949028503
    1	    0	   0.767781367667167	   0.000011086989609
    0	    0	   0.818862963518346	   0.000017062803890
    1	    0	   0.818862963518346	   0.000000246281991
    0	    0	   0.871420606963662	   0.000023233869983
    1	    0	   0.871420606963662	   0.000000860972468
    0	    0	   0.925496949695250	   0.000023399451695
    1	    0	   0.925496949695250	   0.000000870970617
    0	    0	   0.981135875863370	   0.000025548268549
    1	    0	   0.981135875863370	   0.000001082620822
    0	    0	   1.038382537689358	   0.000024294939994
    1	    0	   1.038382537689358	   0.000000933249771
    0	    0	   1.097283392107659	   0.000032715104916
    1	    0	   1.097283392107659	   0.000001759151106
    0	    0	   1.157886238466658	   0.000033210657093
    1	    0	   1.157886238466658	   0.000001603312383
    0	    0	   1.220240257318908	   0.000032940646619
    1	    0	   1.220240257318908	   0.000001611152481
    0	    0	   1.284396050332241	   0.000034252956436
    1	    0	   1.284396050332241	   0.000001792171793
    0	    0	   1.350405681354142	   0.000033267876668
    1	    0	   1.350405681354142	   0.000001938739099
    0	    0	   1.418322718662713	   0.000033044507541
    1	    0	   1.418322718662713	   0.000002027490701
    0	    0	   1.488202278438519	   0.000032903042076
    1	    0	   1.488202278438519	   0.000002052306954
    0	    0	   1.560101069492589	   0.000032660154237
    1	    0	   1.560101069492589	   0.000002065692690
    0	    0	   1.634077439286873	   0.000032376797951
    1	    0	   1.634077439286873	   0.000002072864790
    0	    0	   1.710191421284502	   0.000037100907661
    1	    0	   1.710191421284502	   0.000002619571406
    0	    0	   1.788504783668267	   0.000036014127681
    1	    0	   1.788504783668267	   0.000002556109089
    0	    0	   1.869081079466878	   0.000034820887646
    1	    0	   1.869081079466878	   0.000002480320710
    0	    0	   1.951985698129646	   0.000034778556010
    1	    0	   1.951985698129646	   0.000002386293154
    0	    0	   2.037285918591472	   0.000029322405634
    1	    0	   2.037285918591472	   0.000001770971687
    0	    0	   2.125050963871200	   0.000028967279928
    1	    0	   2.125050963871200	   0.000001701264812
    0	    0	   2.215352057247619	   0.000026864137053
    1	    0	   2.215352057247619	   0.000001625717534
    0	    0	   2.308262480058741	   0.000028022226074
    1	    0	   2.308262480058741	   0.000001507008118
    0	    0	   2.403857631171228	   0.000026287609811
    1	    0	   2.403857631171228	   0.000001360030360
    0	    0	   2.502215088168239	   0.000025529969600
    1	    0	   2.502215088168239	   0.000001197630153
    0	    0	   2.603414670305364	   0.000026636529013
    1	    0	   2.603414670305364	   0.000001233177026
    0	    0	   2.707538503285713	   0.000026563822226
    1	    0	   2.707538503285713	   0.000001128624810
    0	    0	   2.814671085906746	   0.000026640821367
    1	    0	   2.814671085906746	   0.000001027135656
    0	    0	   2.924899358632921	   0.000024093727132
    1	    0	   2.924899358632921	   0.000000673051851
    0	    0	   3.038312774149804	   0.000030414062982
    1	    0	   3.038312774149804	   0.000001189097494
    0	    0	   3.155003369956905	   0.000028775051078
    1	    0	   3.155003369956905	   0.000001021180594
    0	    0	   3.275065843058154	   0.000033684388780
    1	    0	   3.275065843058154	   0.000001380156594
    0	    0	   3.398597626810607	   0.000032290551786
    1	    0	   3.398597626810607	   0.000001230161397
    0	    0	   3.525698969993787	   0.000034670356754
    1	    0	   3.525698969993787	   0.000001555373788
    0	    0	   3.656473018163779	   0.000034738888418
    1	    0	   3.656473018163779	   0.000001546474712
    0	    0	   3.791025897358140	   0.000038531506266
    1	    0	   3.791025897358140	   0.000001847860213
    0	    0	   3.929466800219529	   0.000037736691180
    1	    0	   3.929466800219529	   0.000001855123120
    0	    0	   4.071908074607951	   0.000040320891935
    1	    0	   4.071908074607951	   0.000002061814406
    0	    0	   4.218465314773542	   0.000041181362809
    1	    0	   4.218465314773542	   0.000002101500780
    0	    0	   4.369257455163862	   0.000042904395835
    1	    0	   4.369257455163862	   0.000002258528981
    0	    0	   4.524406866941830	   0.000043504833076
    1	    0	   4.524406866941830	   0.000002340034782
    0	    0	   4.684039457292635	   0.000045667971788
    1	    0	   4.684039457292635	   0.000002463382794
    0	    0	   4.848284771600217	   0.000047956109652
    1	    0	   4.848284771600217	   0.000002557012248
    0	    0	   5.017276098576197	   0.000049209732633
    1	    0	   5.017276098576197	   0.000002671367508
    0	    0	   5.191150578426639	   0.000050329877760
    1	    0	   5.191150578426639	   0.000002776056261
    0	    0	   5.370049314144351	   0.000050142645859
    1	    0	   5.370049314144351	   0.000002863377025
    0	    0	   5.554117486017097	   0.000050904090841
    1	    0	   5.554117486017097	   0.000002953396396
    0	    0	   5.743504469444626	   0.000051865104662
    1	    0	   5.743504469444626	   0.000003031188843
    0	    0	   5.938363956160092	   0.000052543125719
    1	    0	   5.938363956160092	   0.000003093856713
    0	    0	   6.138854078954332	   0.000053008317893
    1	    0	   6.138854078954332	   0.000003134123178
    0	    0	   6.345137540004107	   0.000053990641600
    1	    0	   6.345137540004107	   0.000003188791360
    0	    0	   6.557381742908535	   0.000054713576368
    1	    0	   6.557381742908535	   0.000003217613445
    0	    0	   6.775758928540808	   0.000055020804122
    1	    0	   6.775758928540808	   0.000003235770535
    0	    0	   7.000446314825505	   0.000054799991840
    1	    0	   7.000446314825505	   0.000003264035858
    0	    0	   7.231626240554826	   0.000055066069321
    1	    0	   7.231626240554826	   0.000003279785726
    0	    0	   7.469486313360592	   0.000055230622754
    1	    0	   7.469486313360592	   0.000003283616807
    0	    0	   7.714219561961972	   0.000055447675205
    1	    0	   7.714219561961972	   0.000003292274297
    0	    0	   7.966024592812593	   0.000055570984348
    1	    0	   7.966024592812593	   0.000003297364660
    0	    0	   8.225105751274045	   0.000055778871114
    1	    0	   8.225105751274045	   0.000003301205036
    0	    0	   8.491673287446705	   0.000055932716455
    1	    0	   8.491673287446705	   0.000003296606429
    0	    0	   8.765943526792318	   0.000055963721183
    1	    0	   8.765943526792318	   0.000003289218515
    0	    0	   9.048139045686920	   0.000055958226243
    1	    0	   9.048139045686920	   0.000003280688200
    0	    0	   9.338488852046499	   0.000056202489176
    1	    0	   9.338488852046499	   0.000003270057078
    0	    0	   9.637228571171983	   0.000056655279266
    1	    0	   9.637228571171983	   0.000003252798716
    0	    0	   9.944600636964415	   0.000056485155526
    1	    0	   9.944600636964415	   0.000003236556567
    0	    0	  10.260854488665400	   0.000056355531046
    1	    0	  10.260854488665400	   0.000003222526897
    0	    0	  10.586246773282603	   0.000056263490302
    1	    0	  10.586246773282603	   0.000003204151946
    0	    0	  10.921041553864477	   0.000055853612299
    1	    0	  10.921041553864477	   0.000003185093101
    0	    0	  11.265510523793269	   0.000055342689064
    1	    0	  11.265510523793269	   0.000003163862812
    0	    0	  11.619933227270224	   0.000055077935209
    1	    0	  11.619933227270224	   0.000003140991893
    0	    0	  11.984597286171908	   0.000054886595778
    1	    0	  11.984597286171908	   0.000003118654619
    0	    0	  12.359798633461725	   0.000054581694122
    1	    0	  12.359798633461725	   0.000003091187270
    0	    0	  12.745841753346063	   0.000054221269761
    1	    0	  12.745841753346063	   0.000003064862983
    0	    0	  13.143039928369985	   0.000053772067394
    1	    0	  13.143039928369985	   0.000003037003184
    0	    0	  13.551715493652951	   0.000053462840132
    1	    0	  13.551715493652951	   0.000003006575637
    0	    0	  13.972200098470935	   0.000053104074527
    1	    0	  13.972200098470935	   0.000002975119784
    0	    0	  14.404834975397117	   0.000052742195589
    1	    0	  14.404834975397117	   0.000002943065806
    0	    0	  14.849971217219700	   0.000052351006050
    1	    0	  14.849971217219700	   0.000002908417408
    0	    0	  15.307970061861486	   0.000051961817367
    1	    0	  15.307970061861486	   0.000002874099942
    0	    0	  15.779203185532456	   0.000051535723860
    1	    0	  15.779203185532456	   0.000002838026686
    0	    0	  16.264053004353240	   0.000051085501089
    1	    0	  16.264053004353240	   0.000002799984048
    0	    0	  16.762912984694282	   0.000050628530638
    1	    0	  16.762912984694282	   0.000002761697687
    0	    0	  17.276187962482517	   0.000050152576114
    1	    0	  17.276187962482517	   0.000002722172128
    0	    0	  17.804294471734682	   0.000049652903378
    1	    0	  17.804294471734682	   0.000002681214214
    0	    0	  18.347661082583901	   0.000049139196529
    1	    0	  18.347661082583901	   0.000002639564133
    0	    0	  18.906728749073878	   0.000048622891960
    1	    0	  18.906728749073878	   0.000002598029659
    0	    0	  19.481951167002819	   0.000048079979373
    1	    0	  19.481951167002819	   0.000002554821090
    0	    0	  20.073795142107674	   0.000047512797285
    1	    0	  20.073795142107674	   0.000002510623881
    0	    0	  20.682740968887291	   0.000046943434541
    1	    0	  20.682740968887291	   0.000002466211852
    0	    0	  21.309282820372090	   0.000046365327740
    1	    0	  21.309282820372090	   0.000002421225378
    0	    0	  21.953929149156366	   0.000045757866650
    1	    0	  21.953929149156366	   0.000002375324497
    0	    0	  22.617203100018923	   0.000045139592703
    1	    0	  22.617203100018923	   0.000002329004223
    0	    0	  23.299642934466547	   0.000044534022883
    1	    0	  23.299642934466547	   0.000002282973733
    0	    0	  24.001802467545247	   0.000043895015228
    1	    0	  24.001802467545247	   0.000002235675125
    0	    0	  24.724251517273323	   0.000043228743342
    1	    0	  24.724251517273323	   0.000002188158865
    0	    0	  25.467576367061440	   0.000042590615592
    1	    0	  25.467576367061440	   0.000002140758324
    0	    0	  26.232380241494525	   0.000041924491941
    1	    0	  26.232380241494525	   0.000002092651139
    0	    0	  27.019283795861874	   0.000041198053276
    1	    0	  27.019283795861874	   0.000002044434961
    0	    0	  27.828925619832713	   0.000040529405564
    1	    0	  27.828925619832713	   0.000001996505462
    0	    0	  28.661962755685852	   0.000039828677862
    1	    0	  28.661962755685852	   0.000001948074880
    0	    0	  29.519071231514047	   0.000038971924213
    1	    0	  29.519071231514047	   0.000001899365685
    0	    0	  30.400946609835739	   0.000038283515993
    1	    0	  30.400946609835739	   0.000001851580881
    0	    0	  31.308304552059560	   0.000037526457927
    1	    0	  31.308304552059560	   0.000001802864092
    0	    0	  32.241881399259285	   0.000036209961882
    1	    0	  32.241881399259285	   0.000001754249084
    0	    0	  33.202434769730999	   0.000035541838655
    1	    0	  33.202434769730999	   0.000001707145145
    0	    0	  34.190744173817144	   0.000034772731800
    1	    0	  34.190744173817144	   0.000001656684516
    0	    0	  35.207611646496368	   0.000031640362301
    1	    0	  35.207611646496368	   0.000001602446586
    0	    0	  36.253862398252807	   0.000031135798120
    1	    0	  36.253862398252807	   0.000001555007953
    0	    0	  37.330345484752499	   0.000030456011583
    1	    0	  37.330345484752499	   0.000001506195108
    0	    0	  38.437934495871005	   0.000020054663287
    1	    0	  38.437934495871005	   0.000001453287605
    0	    0	  39.577528264630907	   0.000019502395420
    1	    0	  39.577528264630907	   0.000001409155958
    0	    0	  40.750051596624701	   0.000019057956099
    1	    0	  40.750051596624701	   0.000001370547814
    0	    0	  41.956456020515084	   0.000018503320353
    1	    0	  41.956456020515084	   0.000001322910154
    0	    0	  43.197720560221484	   0.000018026543299
    1	    0	  43.197720560221484	   0.000001289242896
    0	    0	  44.474852529419636	   0.000017427827073
    1	    0	  44.474852529419636	   0.000001242607488
    0	    0	  45.788888348999080	   0.000016934146550
    1	    0	  45.788888348999080	   0.000001206081009
    0	    0	  47.140894388141525	   0.000016357242327
    1	    0	  47.140894388141525	   0.000001162325304
    0	    0	  48.531967829703191	   0.000015826042759
    1	    0	  48.531967829703191	   0.000001123402139
    0	    0	  49.963237560602892	   0.000015138165827
    1	    0	  49.963237560602892	   0.000001062671571
    0	    0	  51.435865087938907	   0.000014615891081
    1	    0	  51.435865087938907	   0.000001023413521
    0	    0	  52.951045481577594	   0.000013946095363
    1	    0	  52.951045481577594	   0.000000972798051
    0	    0	  54.510008343979123	   0.000013448222037
    1	    0	  54.510008343979123	   0.000000934111477
    0	    0	  56.114018808047234	   0.000012883297496
    1	    0	  56.114018808047234	   0.000000889184988
    0	    0	  57.764378563812329	   0.000012497391858
    1	    0	  57.764378563812329	   0.000000863210926
    0	    0	  59.462426914782107	   0.000012024979755
    1	    0	  59.462426914782107	   0.000000826230701
    0	    0	  61.209541864815861	   0.000011587990467
    1	    0	  61.209541864815861	   0.000000795729594
    0	    0	  63.007141236405005	   0.000011123651758
    1	    0	  63.007141236405005	   0.000000760714169
    0	    0	  64.856683821267822	   0.000010634136609
    1	    0	  64.856683821267822	   0.000000728430244
    0	    0	  66.759670564190785	   0.000010145427260
    1	    0	  66.759670564190785	   0.000000694486796
    0	    0	  68.717645781079014	   0.000009726466300
    1	    0	  68.717645781079014	   0.000000663364778
    0	    0	  70.732198412202351	   0.000009010014916
    1	    0	  70.732198412202351	   0.000000631366703
    0	    0	  72.804963311656010	   0.000008491941638
    1	    0	  72.804963311656010	   0.000000600750327
    0	    0	  74.937622574080706	   0.000008102467422
    1	    0	  74.937622574080706	   0.000000571426585
    0	    0	  77.131906899719596	   0.000006358060800
    1	    0	  77.131906899719596	   0.000000541751555
    0	    0	  79.389596998920211	   0.000005726324024
    1	    0	  79.389596998920211	   0.000000514569735
    0	    0	  81.712525037219976	   0.000005434625288
    1	    0	  81.712525037219976	   0.000000488802593
    0	    0	  84.102576122189461	   0.000005138963737
    1	    0	  84.102576122189461	   0.000000463415400
    0	    0	  86.561689833238859	   0.000004878055123
    1	    0	  86.561689833238859	   0.000000439626995
    0	    0	  89.091861795629356	   0.000004605998207
    1	    0	  89.091861795629356	   0.000000415458208
    0	    0	  91.695145299967734	   0.000004349654094
    1	    0	  91.695145299967734	   0.000000392785420
    0	    0	  94.373652968496771	   0.000004100020352
    1	    0	  94.373652968496771	   0.000000370605665
    0	    0	  97.129558469535269	   0.000003861399916
    1	    0	  97.129558469535269	   0.000000349427485
    0	    0	  99.965098281458040	   0.000003631146658
    1	    0	  99.965098281458040	   0.000000328933896
    0	    0	 102.882573507647322	   0.000003409845488
    1	    0	 102.882573507647322	   0.000000309179555
    0	    0	 105.884351743889738	   0.000003197908011
    1	    0	 105.884351743889738	   0.000000290252648
    0	    0	 108.972868999732071	   0.000002994711635
    1	    0	 108.972868999732071	   0.000000272076647
    0	    0	 112.150631675357559	   0.000002802064615
    1	    0	 112.150631675357559	   0.000000254802801
    0	    0	 115.420218595584998	   0.000002617634437
    1	    0	 115.420218595584998	   0.000000238224833
    0	    0	 118.784283102641851	   0.000002442533508
    1	    0	 118.784283102641851	   0.000000222432318
    0	    0	 122.245555209410981	   0.000002274004663
    1	    0	 122.245555209410981	   0.000000207164202
    0	    0	 125.806843814895657	   0.000002100066122
    1	    0	 125.806843814895657	   0.000000191148984
    0	    0	 129.471038983704346	   0.000001945638288
    1	    0	 129.471038983704346	   0.000000177086142
    0	    0	 133.241114291401544	   0.000001792571638
    1	    0	 133.241114291401544	   0.000000163020620
    0	    0	 137.120129237630067	   0.000001655176706
    1	    0	 137.120129237630067	   0.000000150508946
    0	    0	 141.111231728963531	   0.000001533940599
    1	    0	 141.111231728963531	   0.000000139601850
    0	    0	 145.217660633501509	   0.000001416327944
    1	    0	 145.217660633501509	   0.000000128953475
    0	    0	 149.442748409283439	   0.000001309780745
    1	    0	 149.442748409283439	   0.000000119375793
    0	    0	 153.789923808651281	   0.000001207812380
    1	    0	 153.789923808651281	   0.000000110157141
    0	    0	 158.262714660759030	   0.000001115010259
    1	    0	 158.262714660759030	   0.000000101797129
    0	    0	 162.864750734483721	   0.000001026964802
    1	    0	 162.864750734483721	   0.000000093830994
    0	    0	 167.599766684062956	   0.000000943085851
    1	    0	 167.599766684062956	   0.000000086200820
    0	    0	 172.471605079850434	   0.000000853052424
    1	    0	 172.471605079850434	   0.000000077805055
    0	    0	 177.484219526645859	   0.000000775357307
    1	    0	 177.484219526645859	   0.000000070656184
    0	    0	 182.641677872133812	   0.000000706270006
    1	    0	 182.641677872133812	   0.000000064351167
    0	    0	 187.948165508031963	   0.000000643822553
    1	    0	 187.948165508031963	   0.000000058681357
    0	    0	 193.407988766628506	   0.000000593703599
    1	    0	 193.407988766628506	   0.000000054265107
    0	    0	 199.025578415467606	   0.000000545937375
    1	    0	 199.025578415467606	   0.000000050024419
    0	    0	 204.805493253013822	   0.000000499938501
    1	    0	 204.805493253013822	   0.000000045904140
    0	    0	 210.752423808219334	   0.000000456325846
    1	    0	 210.752423808219334	   0.000000041971584
    0	    0	 216.871196146991878	   0.000000415308941
    1	    0	 216.871196146991878	   0.000000038251351
    0	    0	 223.166775788653098	   0.000000376986187
    1	    0	 223.166775788653098	   0.000000034766951
    0	    0	 229.644271735569305	   0.000000341580891
    1	    0	 229.644271735569305	   0.000000031532418
    0	    0	 236.308940619218248	   0.000000308985763
    1	    0	 236.308940619218248	   0.000000028548335
    0	    0	 243.166190966063510	   0.000000278946401
    1	    0	 243.166190966063510	   0.000000025794931
    0	    0	 250.221587586692891	   0.000000251533954
    1	    0	 250.221587586692891	   0.000000023259777
    0	    0	 257.480856091785029	   0.000000226406449
    1	    0	 257.480856091785029	   0.000000020941283
    0	    0	 264.949887538570579	   0.000000203371471
    1	    0	 264.949887538570579	   0.000000018824620
    0	    0	 272.634743211554110	   0.000000182423203
    1	    0	 272.634743211554110	   0.000000016899043
    0	    0	 280.541659541382273	   0.000000163457839
    1	    0	 280.541659541382273	   0.000000015155698
    0	    0	 288.677053165845052	   0.000000146156818
    1	    0	 288.677053165845052	   0.000000013565026
    0	    0	 297.047526137118098	   0.000000130510104
    1	    0	 297.047526137118098	   0.000000012120618
    0	    0	 305.659871279476704	   0.000000116385869
    1	    0	 305.659871279476704	   0.000000010818728
    0	    0	 314.521077701820843	   0.000000103650423
    1	    0	 314.521077701820843	   0.000000009644520
    0	    0	 323.638336469493936	   0.000000091970260
    1	    0	 323.638336469493936	   0.000000008563415
    0	    0	 333.019046439990916	   0.000000081367875
    1	    0	 333.019046439990916	   0.000000007579661
    0	    0	 342.670820267293834	   0.000000071960117
    1	    0	 342.670820267293834	   0.000000006706132
    0	    0	 352.601490579711538	   0.000000063777074
    1	    0	 352.601490579711538	   0.000000005948672
    0	    0	 362.819116336228660	   0.000000056352355
    1	    0	 362.819116336228660	   0.000000005258658
    0	    0	 373.331989366531559	   0.000000049003896
    1	    0	 373.331989366531559	   0.000000004563972
    0	    0	 384.148641100010821	   0.000000042556602
    1	    0	 384.148641100010821	   0.000000003956543
    0	    0	 395.277849489204300	   0.000000037098007
    1	    0	 395.277849489204300	   0.000000003446719
    0	    0	 406.728646133302504	   0.000000032352902
    1	    0	 406.728646133302504	   0.000000003005320
    0	    0	 418.510323607488203	   0.000000028638011
    1	    0	 418.510323607488203	   0.000000002667290
    0	    0	 430.632443004070865	   0.000000025393741
    1	    0	 430.632443004070865	   0.000000002372879
    0	    0	 443.104841691520960	   0.000000022453938
    1	    0	 443.104841691520960	   0.000000002104796
    0	    0	 455.937641297715857	   0.000000019736590
    1	    0	 455.937641297715857	   0.000000001854754
    0	    0	 469.141255923863469	   0.000000017282973
    1	    0	 469.141255923863469	   0.000000001627871
    0	    0	 482.726400595775146	   0.000000015100703
    1	    0	 482.726400595775146	   0.000000001425529
    0	    0	 496.704099959349207	   0.000000013146323
    1	    0	 496.704099959349207	   0.000000001243550
    0	    0	 511.085697227312266	   0.000000011405106
    1	    0	 511.085697227312266	   0.000000001080733
    0	    0	 525.882863384490292	   0.000000009880106
    1	    0	 525.882863384490292	   0.000000000937715
    0	    0	 541.107606659070711	   0.000000008540697
    1	    0	 541.107606659070711	   0.000000000811832
    0	    0	 556.772282267543233	   0.000000007271019
    1	    0	 556.772282267543233	   0.000000000690987
    0	    0	 572.889602441236434	   0.000000006121049
    1	    0	 572.889602441236434	   0.000000000580792
    0	    0	 589.472646742570191	   0.000000005263366
    1	    0	 589.472646742570191	   0.000000000500441
    0	    0	 606.534872679413866	   0.000000004520649
    1	    0	 606.534872679413866	   0.000000000430796
    0	    0	 624.090126626151346	   0.000000003885231
    1	    0	 624.090126626151346	   0.000000000371204
    0	    0	 642.152655060318466	   0.000000003426936
    1	    0	 642.152655060318466	   0.000000000329450
    0	    0	 660.737116123939131	   0.000000002924679
    1	    0	 660.737116123939131	   0.000000000281729
    0	    0	 679.858591518928051	   0.000000002487789
    1	    0	 679.858591518928051	   0.000000000240062
    0	    0	 699.532598746229382	   0.000000002106747
    1	    0	 699.532598746229382	   0.000000000203590
    0	    0	 719.775103698611815	   0.000000001769117
    1	    0	 719.775103698611815	   0.000000000171086
    0	    0	 740.602533617341351	   0.000000001481344
    1	    0	 740.602533617341351	   0.000000000143350
    0	    0	 762.031790423256780	   0.000000001244625
    1	    0	 762.031790423256780	   0.000000000120609
    0	    0	 784.080264433047546	   0.000000001045156
    1	    0	 784.080264433047546	   0.000000000101443
    0	    0	 806.765848471885533	   0.000000000876386
    1	    0	 806.765848471885533	   0.000000000085207
    0	    0	 830.106952393847109	   0.000000000734163
    1	    0	 830.106952393847109	   0.000000000071516
    0	    0	 854.122518021915312	   0.000000000613192
    1	    0	 854.122518021915312	   0.000000000059843
    0	    0	 878.832034519694730	   0.000000000510967
    1	    0	 878.832034519694730	   0.000000000049961
    0	    0	 904.255554207292789	   0.000000000424963
    1	    0	 904.255554207292789	   0.000000000041633
    0	    0	 930.413708834228146	   0.000000000352239
    1	    0	 930.413708834228146	   0.000000000034574
    0	    0	 957.327726322546596	   0.000000000291311
    1	    0	 957.327726322546596	   0.000000000028648
    0	    0	 985.019447993754852	   0.000000000240255
    1	    0	 985.019447993754852	   0.000000000023674
    0	    0	1013.511346293535780	   0.000000000197523
    1	    0	1013.511346293535780	   0.000000000019497
    0	    0	1042.826543028632614	   0.000000000161893
    1	    0	1042.826543028632614	   0.000000000016010
    0	    0	1072.988828130713273	   0.000000000132220
    1	    0	1072.988828130713273	   0.000000000013092
    0	    0	1104.022678962420287	   0.000000000107398
    1	    0	1104.022678962420287	   0.000000000010643
    0	    0	1135.953280181299306	   0.000000000086490
    1	    0	1135.953280181299306	   0.000000000008575
    0	    0	1168.806544177704154	   0.000000000067863
    1	    0	1168.806544177704154	   0.000000000006717
    0	    0	1202.609132103271577	   0.000000000055093
    1	    0	1202.609132103271577	   0.000000000005465
    0	    0	1237.388475507045314	   0.000000000045036
    1	    0	1237.388475507045314	   0.000000000004482
    0	    0	1273.172798596775920	   0.000000000036883
    1	    0	1273.172798596775920	   0.000000000003684
    0	    0	1309.991141143499590	   0.000000000030584
    1	    0	1309.991141143499590	   0.000000000003069
    0	    0	1347.873382047951964	   0.000000000024706
    1	    0	1347.873382047951964	   0.000000000002486
    0	    0	1386.850263587954032	   0.000000000019680
    1	    0	1386.850263587954032	   0.000000000001984
    0	    0	1426.953416366460715	   0.000000000015618
    1	    0	1426.953416366460715	   0.000000000001578
    0	    0	1468.215384980486078	   0.000000000012346
    1	    0	1468.215384980486078	   0.000000000001250
    0	    0	1510.669654431772869	   0.000000000009720
    1	    0	1510.669654431772869	   0.000000000000985
    0	    0	1554.350677300611778	   0.000000000007614
    1	    0	1554.350677300611778	   0.000000000000773
    0	    0	1599.293901704867267	   0.000000000005934
    1	    0	1599.293901704867267	   0.000000000000603
    0	    0	1645.535800066920501	   0.000000000004591
    1	    0	1645.535800066920501	   0.000000000000467
    0	    0	1693.113898711837692	   0.000000000003527
    1	    0	1693.113898711837692	   0.000000000000359
    0	    0	1742.066808320824975	   0.000000000002704
    1	    0	1742.066808320824975	   0.000000000000276
    0	    0	1792.434255264645572	   0.000000000002080
    1	    0	1792.434255264645572	   0.000000000000212
    0	    0	1844.257113842446870	   0.000000000001600
    1	    0	1844.257113842446870	   0.000000000000164
    0	    0	1897.577439452170211	   0.000000000001229
    1	    0	1897.577439452170211	   0.000000000000126
    0	    0	1952.438502719424378	   0.000000000000937
    1	    0	1952.438502719424378	   0.000000000000096
    0	    0	2008.884824612568991	   0.000000000000712
    1	    0	2008.884824612568991	   0.000000000000073
    0	    0	2066.962212572464068	   0.000000000000536
    1	    0	2066.962212572464068	   0.000000000000055
    0	    0	2126.717797686213089	   0.000000000000405
    1	    0	2126.717797686213089	   0.000000000000042
    0	    0	2188.200072935102071	   0.000000000000306
    1	    0	2188.200072935102071	   0.000000000000032
    0	    0	2251.458932547709992	   0.000000000000230
    1	    0	2251.458932547709992	   0.000000000000024
    0	    0	2316.545712490196365	   0.000000000000172
    1	    0	2316.545712490196365	   0.000000000000018
    0	    0	2383.513232126565981	   0.000000000000128
    1	    0	2383.513232126565981	   0.000000000000013
    0	    0	2452.415837082751750	   0.000000000000094
    1	    0	2452.415837082751750	   0.000000000000010
    0	    0	2523.309443349305639	   0.000000000000069
    1	    0	2523.309443349305639	   0.000000000000007
    0	    0	2596.251582658446296	   0.000000000000050
    1	    0	2596.251582658446296	   0.000000000000005
    0	    0	2671.301449172356115	   0.000000000000036
    1	    0	2671.301449172356115	   0.000000000000004
    0	    0	2748.519947520530422	   0.000000000000026
    1	    0	2748.519947520530422	   0.000000000000003
    0	    0	2827.969742225257505	   0.000000000000019
    1	    0	2827.969742225257505	   0.000000000000002
    0	    0	2909.715308555253614	   0.000000000000013
    1	    0	2909.715308555253614	   0.000000000000001
    0	    0	2993.822984848768556	   0.000000000000009
    1	    0	2993.822984848768556	   0.000000000000001
    0	    0	3080.361026348630730	   0.000000000000006
    1	    0	3080.361026348630730	   0.000000000000001
    0	    0	3169.399660592879627	   0.000000000000004
    1	    0	3169.399660592879627	   0.000000000000000
    0	    0	3261.011144405973482	   0.000000000000003
    1	    0	3261.011144405973482	   0.000000000000000
    0	    0	3355.269822536785341	   0.000000000000002
    1	    0	3355.269822536785341	   0.000000000000000
    0	    0	3452.252187991046867	   0.000000000000001
    1	    0	3452.252187991046867	   0.000000000000000
    0	    0	3552.036944107091585	   0.000000000000001
    1	    0	3552.036944107091585	   0.000000000000000
    0	    0	3654.705068425367699	   0.000000000000001
    1	    0	3654.705068425367699	   0.000000000000000
    0	    0	3760.339878403509374	   0.000000000000000
    1	    0	3760.339878403509374	   0.000000000000000
    0	    0	3869.027099030277441	   0.000000000000000
    1	    0	3869.027099030277441	   0.000000000000000
    0	    0	3980.854932393318904	   0.000000000000000
    1	    0	3980.854932393318904	   0.000000000000000
    0	    0	4095.914129257097557	   0.000000000000000
    1	    0	4095.914129257097557	   0.000000000000000
    0	    0	4214.298062709161059	   0.000000000000000
    1	    0	4214.298062709161059	   0.000000000000000
    0	    0	4336.102803934437361	   0.000000000000000
    1	    0	4336.102803934437361	   0.000000000000000
    0	    0	4461.427200179180545	   0.000000000000000
    1	    0	4461.427200179180545	   0.000000000000000
    0	    0	4590.372954967662736	   0.000000000000000
    1	    0	4590.372954967662736	   0.000000000000000
    0	    0	4723.044710636855598	   0.000000000000000
    1	    0	4723.044710636855598	   0.000000000000000
    0	    0	4859.550133256005211	   0.000000000000000
    1	    0	4859.550133256005211	   0.000000000000000
    0	    0	5000.000000000002728	   0.000000000000000
    1	    0	5000.000000000002728	   0.000000000000000
    0	    1	   0.000000000000000	   0.000001906561781
    1	    1	   0.000000000000000	   0.000002569799805
    0	    1	   0.028895878633786	   0.000001791525495
    1	    1	   0.028895878633786	   0.000002028966560
    0	    1	   0.058626729069591	   0.000002372222076
    1	    1	   0.058626729069591	   0.000003347659559
    0	    1	   0.089216678551268	   0.000002137880043
    1	    1	   0.089216678551268	   0.000002375553458
    0	    1	   0.120690551500581	   0.000002479587518
    1	    1	   0.120690551500581	   0.000002590796197
    0	    1	   0.153073889662773	   0.000001678114546
    1	    1	   0.153073889662773	   0.000001157671363
    0	    1	   0.186392972834257	   0.000001898801416
    1	    1	   0.186392972834257	   0.000002389903009
    0	    1	   0.220674840189252	   0.000001763181263
    1	    1	   0.220674840189252	   0.000002070977426
    0	    1	   0.255947312222677	   0.000002308966130
    1	    1	   0.255947312222677	   0.000001867895891
    0	    1	   0.292239013327094	   0.000002421624894
    1	    1	   0.292239013327094	   0.000001905245583
    0	    1	   0.329579395022038	   0.000002783985283
    1	    1	   0.329579395022038	   0.000002700193500
    0	    1	   0.367998759854577	   0.000002516058146
    1	    1	   0.367998759854577	   0.000002150624196
    0	    1	   0.407528285990505	   0.000002969116711
    1	    1	   0.407528285990505	   0.000001979506070
    0	    1	   0.448200052516108	   0.000003350705602
    1	    1	   0.448200052516108	   0.000002623164760
    0	    1	   0.490047065471057	   0.000003179926516
    1	    1	   0.490047065471057	   0.000002409509554
    0	    1	   0.533103284633538	   0.000004635219276
    1	    1	   0.533103284633538	   0.000003055426862
    0	    1	   0.577403651079368	   0.000005329565251
    1	    1	   0.577403651079368	   0.000003623755501
    0	    1	   0.622984115537448	   0.000005889350940
    1	    1	   0.622984115537448	   0.000004617127818
    0	    1	   0.669881667564581	   0.000007161253729
    1	    1	   0.669881667564581	   0.000007397087330
    0	    1	   0.718134365563312	   0.000008049410445
    1	    1	   0.718134365563312	   0.000008127640733
    0	    1	   0.767781367667167	   0.000008403954868
    1	    1	   0.767781367667167	   0.000007790824530
    0	    1	   0.818862963518346	   0.000006967697380
    1	    1	   0.818862963518346	   0.000003477962205
    0	    1	   0.871420606963662	   0.000009804660099
    1	    1	   0.871420606963662	   0.000014014634744
    0	    1	   0.925496949695250	   0.000009977994094
    1	    1	   0.925496949695250	   0.000014155082273
    0	    1	   0.981135875863370	   0.000010689571640
    1	    1	   0.981135875863370	   0.000015580861315
    0	    1	   1.038382537689358	   0.000010775879853
    1	    1	   1.038382537689358	   0.000014580976101
    0	    1	   1.097283392107659	   0.000013524469740
    1	    1	   1.097283392107659	   0.000026382748987
    0	    1	   1.157886238466658	   0.000012497312656
    1	    1	   1.157886238466658	   0.000022047634577
    0	    1	   1.220240257318908	   0.000012416141513
    1	    1	   1.220240257318908	   0.000022165131632
    0	    1	   1.284396050332241	   0.000013048652156
    1	    1	   1.284396050332241	   0.000025308822724
    0	    1	   1.350405681354142	   0.000013808892785
    1	    1	   1.350405681354142	   0.000028543827933
    0	    1	   1.418322718662713	   0.000014829834471
    1	    1	   1.418322718662713	   0.000029304200222
    0	    1	   1.488202278438519	   0.000013924707421
    1	    1	   1.488202278438519	   0.000028682032610
    0	    1	   1.560101069492589	   0.000013681239086
    1	    1	   1.560101069492589	   0.000028505543004
    0	    1	   1.634077439286873	   0.000013957002698
    1	    1	   1.634077439286873	   0.000029092896417
    0	    1	   1.710191421284502	   0.000015640077187
    1	    1	   1.710191421284502	   0.000036890080431
    0	    1	   1.788504783668267	   0.000015978735763
    1	    1	   1.788504783668267	   0.000034469188444
    0	    1	   1.869081079466878	   0.000015328348067
    1	    1	   1.869081079466878	   0.000032382090179
    0	    1	   1.951985698129646	   0.000014978630914
    1	    1	   1.951985698129646	   0.000031459270307
    0	    1	   2.037285918591472	   0.000013787162927
    1	    1	   2.037285918591472	   0.000024421208988
    0	    1	   2.125050963871200	   0.000014272459603
    1	    1	   2.125050963871200	   0.000024482256827
    0	    1	   2.215352057247619	   0.000013827863000
    1	    1	   2.215352057247619	   0.000023672478156
    0	    1	   2.308262480058741	   0.000027103540863
    1	    1	   2.308262480058741	   0.000020808435526
    0	    1	   2.403857631171228	   0.000028430795180
    1	    1	   2.403857631171228	   0.000018874340438
    0	    1	   2.502215088168239	   0.000028320335180
    1	    1	   2.502215088168239	   0.000016811303632
    0	    1	   2.603414670305364	   0.000031661312177
    1	    1	   2.603414670305364	   0.000017380417514
    0	    1	   2.707538503285713	   0.000034024244989
    1	    1	   2.707538503285713	   0.000012867746173
    0	    1	   2.814671085906746	   0.000034520755602
    1	    1	   2.814671085906746	   0.000011612616188
    0	    1	   2.924899358632921	   0.000037560752046
    1	    1	   2.924899358632921	   0.000000189835137
    0	    1	   3.038312774149804	   0.000047966809006
    1	    1	   3.038312774149804	   0.000000411678541
    0	    1	   3.155003369956905	   0.000046669694272
    1	    1	   3.155003369956905	   0.000000427551444
    0	    1	   3.275065843058154	   0.000046074444107
    1	    1	   3.275065843058154	   0.000000634054728
    0	    1	   3.398597626810607	   0.000044320147864
    1	    1	   3.398597626810607	   0.000000632300410
    0	    1	   3.525698969993787	   0.000054299027206
    1	    1	   3.525698969993787	   0.000001217718529
    0	    1	   3.656473018163779	   0.000060991728546
    1	    1	   3.656473018163779	   0.000001649473633
    0	    1	   3.791025897358140	   0.000071965999348
    1	    1	   3.791025897358140	   0.000002045646755
    0	    1	   3.929466800219529	   0.000068377195714
    1	    1	   3.929466800219529	   0.000002503988360
    0	    1	   4.071908074607951	   0.000073416158301
    1	    1	   4.071908074607951	   0.000002910119416
    0	    1	   4.218465314773542	   0.000080330447864
    1	    1	   4.218465314773542	   0.000003388085241
    0	    1	   4.369257455163862	   0.000083217337907
    1	    1	   4.369257455163862	   0.000003855212138
    0	    1	   4.524406866941830	   0.000087333366661
    1	    1	   4.524406866941830	   0.000004244298755
    0	    1	   4.684039457292635	   0.000098081012273
    1	    1	   4.684039457292635	   0.000004661952893
    0	    1	   4.848284771600217	   0.000102459844624
    1	    1	   4.848284771600217	   0.000005045770763
    0	    1	   5.017276098576197	   0.000101655670296
    1	    1	   5.017276098576197	   0.000005508776612
    0	    1	   5.191150578426639	   0.000106550520317
    1	    1	   5.191150578426639	   0.000005932810015
    0	    1	   5.370049314144351	   0.000107887748698
    1	    1	   5.370049314144351	   0.000006265151458
    0	    1	   5.554117486017097	   0.000111158804234
    1	    1	   5.554117486017097	   0.000006614546362
    0	    1	   5.743504469444626	   0.000113842080184
    1	    1	   5.743504469444626	   0.000006900630905
    0	    1	   5.938363956160092	   0.000115493066114
    1	    1	   5.938363956160092	   0.000007096577413
    0	    1	   6.138854078954332	   0.000115736276842
    1	    1	   6.138854078954332	   0.000007126673140
    0	    1	   6.345137540004107	   0.000119212650259
    1	    1	   6.345137540004107	   0.000007308493413
    0	    1	   6.557381742908535	   0.000123395774251
    1	    1	   6.557381742908535	   0.000007426225345
    0	    1	   6.775758928540808	   0.000123870446012
    1	    1	   6.775758928540808	   0.000007456169744
    0	    1	   7.000446314825505	   0.000120001744227
    1	    1	   7.000446314825505	   0.000007535131194
    0	    1	   7.231626240554826	   0.000120239525109
    1	    1	   7.231626240554826	   0.000007585649134
    0	    1	   7.469486313360592	   0.000120296365165
    1	    1	   7.469486313360592	   0.000007580238877
    0	    1	   7.714219561961972	   0.000120803669136
    1	    1	   7.714219561961972	   0.000007596688471
    0	    1	   7.966024592812593	   0.000121198610743
    1	    1	   7.966024592812593	   0.000007590192070
    0	    1	   8.225105751274045	   0.000121599584160
    1	    1	   8.225105751274045	   0.000007578522791
    0	    1	   8.491673287446705	   0.000121772751419
    1	    1	   8.491673287446705	   0.000007560620058
    0	    1	   8.765943526792318	   0.000122000515236
    1	    1	   8.765943526792318	   0.000007549401390
    0	    1	   9.048139045686920	   0.000121756874336
    1	    1	   9.048139045686920	   0.000007516355575
    0	    1	   9.338488852046499	   0.000121601050157
    1	    1	   9.338488852046499	   0.000007478788797
    0	    1	   9.637228571171983	   0.000121870499742
    1	    1	   9.637228571171983	   0.000007433778593
    0	    1	   9.944600636964415	   0.000121833220097
    1	    1	   9.944600636964415	   0.000007403942857
    0	    1	  10.260854488665400	   0.000121621055623
    1	    1	  10.260854488665400	   0.000007375894719
    0	    1	  10.586246773282603	   0.000121317207549
    1	    1	  10.586246773282603	   0.000007343447577
    0	    1	  10.921041553864477	   0.000121263164250
    1	    1	  10.921041553864477	   0.000007284137520
    0	    1	  11.265510523793269	   0.000121833206173
    1	    1	  11.265510523793269	   0.000007269030545
    0	    1	  11.619933227270224	   0.000121067744941
    1	    1	  11.619933227270224	   0.000007215432868
    0	    1	  11.984597286171908	   0.000120498098696
    1	    1	  11.984597286171908	   0.000007163448718
    0	    1	  12.359798633461725	   0.000119872368186
    1	    1	  12.359798633461725	   0.000007096697143
    0	    1	  12.745841753346063	   0.000118776403749
    1	    1	  12.745841753346063	   0.000007039676830
    0	    1	  13.143039928369985	   0.000117093617603
    1	    1	  13.143039928369985	   0.000006977305231
    0	    1	  13.551715493652951	   0.000116297469727
    1	    1	  13.551715493652951	   0.000006896593780
    0	    1	  13.972200098470935	   0.000115668073993
    1	    1	  13.972200098470935	   0.000006845250033
    0	    1	  14.404834975397117	   0.000114824501720
    1	    1	  14.404834975397117	   0.000006771272722
    0	    1	  14.849971217219700	   0.000113917332749
    1	    1	  14.849971217219700	   0.000006690943362
    0	    1	  15.307970061861486	   0.000113108522082
    1	    1	  15.307970061861486	   0.000006616821460
    0	    1	  15.779203185532456	   0.000112215221338
    1	    1	  15.779203185532456	   0.000006539523772
    0	    1	  16.264053004353240	   0.000111250929681
    1	    1	  16.264053004353240	   0.000006452928351
    0	    1	  16.762912984694282	   0.000110237255395
    1	    1	  16.762912984694282	   0.000006365453171
    0	    1	  17.276187962482517	   0.000109416644521
    1	    1	  17.276187962482517	   0.000006298755670
    0	    1	  17.804294471734682	   0.000108356774312
    1	    1	  17.804294471734682	   0.000006206867096
    0	    1	  18.347661082583901	   0.000107273405695
    1	    1	  18.347661082583901	   0.000006113242683
    0	    1	  18.906728749073878	   0.000106260459495
    1	    1	  18.906728749073878	   0.000006025497540
    0	    1	  19.481951167002819	   0.000105215899130
    1	    1	  19.481951167002819	   0.000005940991646
    0	    1	  20.073795142107674	   0.000104218460619
    1	    1	  20.073795142107674	   0.000005845774080
    0	    1	  20.682740968887291	   0.000103028795684
    1	    1	  20.682740968887291	   0.000005748548592
    0	    1	  21.309282820372090	   0.000101942011315
    1	    1	  21.309282820372090	   0.000005664952903
    0	    1	  21.953929149156366	   0.000100669136245
    1	    1	  21.953929149156366	   0.000005565228635
    0	    1	  22.617203100018923	   0.000099368906294
    1	    1	  22.617203100018923	   0.000005463140455
    0	    1	  23.299642934466547	   0.000098119774454
    1	    1	  23.299642934466547	   0.000005366853513
    0	    1	  24.001802467545247	   0.000096853494745
    1	    1	  24.001802467545247	   0.000005269885878
    0	    1	  24.724251517273323	   0.000095403440295
    1	    1	  24.724251517273323	   0.000005166113279
    0	    1	  25.467576367061440	   0.000094063684890
    1	    1	  25.467576367061440	   0.000005064501644
    0	    1	  26.232380241494525	   0.000092778890786
    1	    1	  26.232380241494525	   0.000004967543212
    0	    1	  27.019283795861874	   0.000091348925220
    1	    1	  27.019283795861874	   0.000004861084501
    0	    1	  27.828925619832713	   0.000089963937399
    1	    1	  27.828925619832713	   0.000004755373833
    0	    1	  28.661962755685852	   0.000088582099228
    1	    1	  28.661962755685852	   0.000004653845030
    0	    1	  29.519071231514047	   0.000087018299498
    1	    1	  29.519071231514047	   0.000004548023817
    0	    1	  30.400946609835739	   0.000085552756560
    1	    1	  30.400946609835739	   0.000004441442034
    0	    1	  31.308304552059560	   0.000084002724169
    1	    1	  31.308304552059560	   0.000004339733734
    0	    1	  32.241881399259285	   0.000081956757729
    1	    1	  32.241881399259285	   0.000004234291514
    0	    1	  33.202434769730999	   0.000080461636537
    1	    1	  33.202434769730999	   0.000004126531010
    0	    1	  34.190744173817144	   0.000078793426425
    1	    1	  34.190744173817144	   0.000004009368833
    0	    1	  35.207611646496368	   0.000075556691262
    1	    1	  35.207611646496368	   0.000003858233660
    0	    1	  36.253862398252807	   0.000074128489661
    1	    1	  36.253862398252807	   0.000003753167148
    0	    1	  37.330345484752499	   0.000072697386213
    1	    1	  37.330345484752499	   0.000003645086774
    0	    1	  38.437934495871005	   0.000068438259566
    1	    1	  38.437934495871005	   0.000003516483273
    0	    1	  39.577528264630907	   0.000067053791455
    1	    1	  39.577528264630907	   0.000003414431610
    0	    1	  40.750051596624701	   0.000066016219958
    1	    1	  40.750051596624701	   0.000003313172446
    0	    1	  41.956456020515084	   0.000065023645896
    1	    1	  41.956456020515084	   0.000003241575617
    0	    1	  43.197720560221484	   0.000063676173342
    1	    1	  43.197720560221484	   0.000003155731381
    0	    1	  44.474852529419636	   0.000062134901292
    1	    1	  44.474852529419636	   0.000003056003964
    0	    1	  45.788888348999080	   0.000060852431697
    1	    1	  45.788888348999080	   0.000002975910826
    0	    1	  47.140894388141525	   0.000059398474560
    1	    1	  47.140894388141525	   0.000002885085181
    0	    1	  48.531967829703191	   0.000057783951853
    1	    1	  48.531967829703191	   0.000002789787282
    0	    1	  49.963237560602892	   0.000056371456443
    1	    1	  49.963237560602892	   0.000002699235542
    0	    1	  51.435865087938907	   0.000054850043867
    1	    1	  51.435865087938907	   0.000002608077822
    0	    1	  52.951045481577594	   0.000052994018633
    1	    1	  52.951045481577594	   0.000002512820995
    0	    1	  54.510008343979123	   0.000051462605353
    1	    1	  54.510008343979123	   0.000002424437198
    0	    1	  56.114018808047234	   0.000049912874971
    1	    1	  56.114018808047234	   0.000002331961208
    0	    1	  57.764378563812329	   0.000048424320109
    1	    1	  57.764378563812329	   0.000002242601334
    0	    1	  59.462426914782107	   0.000046905668091
    1	    1	  59.462426914782107	   0.000002149781266
    0	    1	  61.209541864815861	   0.000045392274321
    1	    1	  61.209541864815861	   0.000002064135789
    0	    1	  63.007141236405005	   0.000043946098979
    1	    1	  63.007141236405005	   0.000001979918982
    0	    1	  64.856683821267822	   0.000042090690073
    1	    1	  64.856683821267822	   0.000001904608081
    0	    1	  66.759670564190785	   0.000040355303940
    1	    1	  66.759670564190785	   0.000001825430572
    0	    1	  68.717645781079014	   0.000038931023900
    1	    1	  68.717645781079014	   0.000001747473461
    0	    1	  70.732198412202351	   0.000035324196631
    1	    1	  70.732198412202351	   0.000001669470502
    0	    1	  72.804963311656010	   0.000033081975886
    1	    1	  72.804963311656010	   0.000001594117876
    0	    1	  74.937622574080706	   0.000031792893462
    1	    1	  74.937622574080706	   0.000001525274671
    0	    1	  77.131906899719596	   0.000020928189210
    1	    1	  77.131906899719596	   0.000001455736473
    0	    1	  79.389596998920211	   0.000017831856688
    1	    1	  79.389596998920211	   0.000001391518252
    0	    1	  81.712525037219976	   0.000017094810238
    1	    1	  81.712525037219976	   0.000001330638358
    0	    1	  84.102576122189461	   0.000016244912270
    1	    1	  84.102576122189461	   0.000001262802152
    0	    1	  86.561689833238859	   0.000015633575531
    1	    1	  86.561689833238859	   0.000001208931228
    0	    1	  89.091861795629356	   0.000014894422036
    1	    1	  89.091861795629356	   0.000001147815869
    0	    1	  91.695145299967734	   0.000014210832187
    1	    1	  91.695145299967734	   0.000001092912868
    0	    1	  94.373652968496771	   0.000013520863388
    1	    1	  94.373652968496771	   0.000001036290455
    0	    1	  97.129558469535269	   0.000012855841133
    1	    1	  97.129558469535269	   0.000000981494010
    0	    1	  99.965098281458040	   0.000012219783244
    1	    1	  99.965098281458040	   0.000000928564072
    0	    1	 102.882573507647322	   0.000011600743274
    1	    1	 102.882573507647322	   0.000000877670599
    0	    1	 105.884351743889738	   0.000011017028912
    1	    1	 105.884351743889738	   0.000000829822966
    0	    1	 108.972868999732071	   0.000010400824050
    1	    1	 108.972868999732071	   0.000000782066038
    0	    1	 112.150631675357559	   0.000009834887253
    1	    1	 112.150631675357559	   0.000000736733333
    0	    1	 115.420218595584998	   0.000009282500922
    1	    1	 115.420218595584998	   0.000000692520927
    0	    1	 118.784283102641851	   0.000008755775487
    1	    1	 118.784283102641851	   0.000000650985349
    0	    1	 122.245555209410981	   0.000008236343625
    1	    1	 122.245555209410981	   0.000000610055250
    0	    1	 125.806843814895657	   0.000007639057320
    1	    1	 125.806843814895657	   0.000000560053561
    0	    1	 129.471038983704346	   0.000007163396961
    1	    1	 129.471038983704346	   0.000000523709197
    0	    1	 133.241114291401544	   0.000006659966476
    1	    1	 133.241114291401544	   0.000000482858739
    0	    1	 137.120129237630067	   0.000006230155398
    1	    1	 137.120129237630067	   0.000000449185553
    0	    1	 141.111231728963531	   0.000005895601496
    1	    1	 141.111231728963531	   0.000000422962032
    0	    1	 145.217660633501509	   0.000005521474972
    1	    1	 145.217660633501509	   0.000000393033295
    0	    1	 149.442748409283439	   0.000005196501560
    1	    1	 149.442748409283439	   0.000000369519778
    0	    1	 153.789923808651281	   0.000004861456436
    1	    1	 153.789923808651281	   0.000000343638076
    0	    1	 158.262714660759030	   0.000004553213174
    1	    1	 158.262714660759030	   0.000000320026253
    0	    1	 162.864750734483721	   0.000004256194322
    1	    1	 162.864750734483721	   0.000000296574505
    0	    1	 167.599766684062956	   0.000003974977298
    1	    1	 167.599766684062956	   0.000000275166085
    0	    1	 172.471605079850434	   0.000003702323996
    1	    1	 172.471605079850434	   0.000000254931830
    0	    1	 177.484219526645859	   0.000003446177310
    1	    1	 177.484219526645859	   0.000000235639875
    0	    1	 182.641677872133812	   0.000003200290101
    1	    1	 182.641677872133812	   0.000000216951327
    0	    1	 187.948165508031963	   0.000002972678691
    1	    1	 187.948165508031963	   0.000000199643430
    0	    1	 193.407988766628506	   0.000002756211339
    1	    1	 193.407988766628506	   0.000000183856285
    0	    1	 199.025578415467606	   0.000002556683583
    1	    1	 199.025578415467606	   0.000000169375555
    0	    1	 204.805493253013822	   0.000002364508489
    1	    1	 204.805493253013822	   0.000000155660010
    0	    1	 210.752423808219334	   0.000002189749966
    1	    1	 210.752423808219334	   0.000000142776278
    0	    1	 216.871196146991878	   0.000002015558997
    1	    1	 216.871196146991878	   0.000000130842561
    0	    1	 223.166775788653098	   0.000001858378709
    1	    1	 223.166775788653098	   0.000000119842987
    0	    1	 229.644271735569305	   0.000001692704884
    1	    1	 229.644271735569305	   0.000000109591601
    0	    1	 236.308940619218248	   0.000001555297682
    1	    1	 236.308940619218248	   0.000000099988684
    0	    1	 243.166190966063510	   0.000001383790682
    1	    1	 243.166190966063510	   0.000000091073758
    0	    1	 250.221587586692891	   0.000001265296857
    1	    1	 250.221587586692891	   0.000000082848746
    0	    1	 257.480856091785029	   0.000001058862264
    1	    1	 257.480856091785029	   0.000000075316579
    0	    1	 264.949887538570579	   0.000000958793916
    1	    1	 264.949887538570579	   0.000000068369983
    0	    1	 272.634743211554110	   0.000000650281985
    1	    1	 272.634743211554110	   0.000000061947463
    0	    1	 280.541659541382273	   0.000000588284378
    1	    1	 280.541659541382273	   0.000000056134884
    0	    1	 288.677053165845052	   0.000000530032746
    1	    1	 288.677053165845052	   0.000000050600055
    0	    1	 297.047526137118098	   0.000000478596885
    1	    1	 297.047526137118098	   0.000000045729615
    0	    1	 305.659871279476704	   0.000000430522560
    1	    1	 305.659871279476704	   0.000000041178795
    0	    1	 314.521077701820843	   0.000000383806876
    1	    1	 314.521077701820843	   0.000000036719985
    0	    1	 323.638336469493936	   0.000000342066621
    1	    1	 323.638336469493936	   0.000000032738260
    0	    1	 333.019046439990916	   0.000000305977130
    1	    1	 333.019046439990916	   0.000000029312412
    0	    1	 342.670820267293834	   0.000000275233984
    1	    1	 342.670820267293834	   0.000000026412969
    0	    1	 352.601490579711538	   0.000000244874964
    1	    1	 352.601490579711538	   0.000000023512209
    0	    1	 362.819116336228660	   0.000000217594713
    1	    1	 362.819116336228660	   0.000000020901333
    0	    1	 373.331989366531559	   0.000000190615508
    1	    1	 373.331989366531559	   0.000000018285643
    0	    1	 384.148641100010821	   0.000000168231902
    1	    1	 384.148641100010821	   0.000000016138630
    0	    1	 395.277849489204300	   0.000000147832189
    1	    1	 395.277849489204300	   0.000000014179599
    0	    1	 406.728646133302504	   0.000000130254151
    1	    1	 406.728646133302504	   0.000000012498954
    0	    1	 418.510323607488203	   0.000000117042747
    1	    1	 418.510323607488203	   0.000000011266699
    0	    1	 430.632443004070865	   0.000000104682062
    1	    1	 430.632443004070865	   0.000000010105441
    0	    1	 443.104841691520960	   0.000000092797709
    1	    1	 443.104841691520960	   0.000000008976017
    0	    1	 455.937641297715857	   0.000000082100051
    1	    1	 455.937641297715857	   0.000000007956670
    0	    1	 469.141255923863469	   0.000000072590516
    1	    1	 469.141255923863469	   0.000000007049838
    0	    1	 482.726400595775146	   0.000000063904169
    1	    1	 482.726400595775146	   0.000000006217690
    0	    1	 496.704099959349207	   0.000000056024829
    1	    1	 496.704099959349207	   0.000000005459673
    0	    1	 511.085697227312266	   0.000000049098068
    1	    1	 511.085697227312266	   0.000000004792962
    0	    1	 525.882863384490292	   0.000000042947149
    1	    1	 525.882863384490292	   0.000000004199709
    0	    1	 541.107606659070711	   0.000000037430431
    1	    1	 541.107606659070711	   0.000000003665800
    0	    1	 556.772282267543233	   0.000000032538428
    1	    1	 556.772282267543233	   0.000000003191402
    0	    1	 572.889602441236434	   0.000000028207042
    1	    1	 572.889602441236434	   0.000000002770455
    0	    1	 589.472646742570191	   0.000000024401366
    1	    1	 589.472646742570191	   0.000000002400236
    0	    1	 606.534872679413866	   0.000000021084716
    1	    1	 606.534872679413866	   0.000000002077382
    0	    1	 624.090126626151346	   0.000000018210566
    1	    1	 624.090126626151346	   0.000000001797357
    0	    1	 642.152655060318466	   0.000000015735032
    1	    1	 642.152655060318466	   0.000000001556257
    0	    1	 660.737116123939131	   0.000000013554833
    1	    1	 660.737116123939131	   0.000000001342882
    0	    1	 679.858591518928051	   0.000000011646713
    1	    1	 679.858591518928051	   0.000000001155635
    0	    1	 699.532598746229382	   0.000000009954539
    1	    1	 699.532598746229382	   0.000000000989015
    0	    1	 719.775103698611815	   0.000000008379804
    1	    1	 719.775103698611815	   0.000000000832666
    0	    1	 740.602533617341351	   0.000000007109253
    1	    1	 740.602533617341351	   0.000000000707124
    0	    1	 762.031790423256780	   0.000000006050899
    1	    1	 762.031790423256780	   0.000000000602780
    0	    1	 784.080264433047546	   0.000000005130533
    1	    1	 784.080264433047546	   0.000000000511803
    0	    1	 806.765848471885533	   0.000000004351401
    1	    1	 806.765848471885533	   0.000000000434769
    0	    1	 830.106952393847109	   0.000000003690127
    1	    1	 830.106952393847109	   0.000000000369364
    0	    1	 854.122518021915312	   0.000000003113847
    1	    1	 854.122518021915312	   0.000000000312168
    0	    1	 878.832034519694730	   0.000000002625362
    1	    1	 878.832034519694730	   0.000000000263643
    0	    1	 904.255554207292789	   0.000000002210472
    1	    1	 904.255554207292789	   0.000000000222373
    0	    1	 930.413708834228146	   0.000000001852618
    1	    1	 930.413708834228146	   0.000000000186675
    0	    1	 957.327726322546596	   0.000000001551219
    1	    1	 957.327726322546596	   0.000000000156570
    0	    1	 985.019447993754852	   0.000000001295547
    1	    1	 985.019447993754852	   0.000000000130995
    0	    1	1013.511346293535780	   0.000000001078151
    1	    1	1013.511346293535780	   0.000000000109183
    0	    1	1042.826543028632614	   0.000000000895649
    1	    1	1042.826543028632614	   0.000000000090861
    0	    1	1072.988828130713273	   0.000000000741869
    1	    1	1072.988828130713273	   0.000000000075367
    0	    1	1104.022678962420287	   0.000000000612425
    1	    1	1104.022678962420287	   0.000000000062296
    0	    1	1135.953280181299306	   0.000000000504172
    1	    1	1135.953280181299306	   0.000000000051353
    0	    1	1168.806544177704154	   0.000000000400931
    1	    1	1168.806544177704154	   0.000000000040808
    0	    1	1202.609132103271577	   0.000000000328276
    1	    1	1202.609132103271577	   0.000000000033464
    0	    1	1237.388475507045314	   0.000000000269822
    1	    1	1237.388475507045314	   0.000000000027561
    0	    1	1273.172798596775920	   0.000000000221310
    1	    1	1273.172798596775920	   0.000000000022651
    0	    1	1309.991141143499590	   0.000000000185131
    1	    1	1309.991141143499590	   0.000000000019010
    0	    1	1347.873382047951964	   0.000000000151496
    1	    1	1347.873382047951964	   0.000000000015589
    0	    1	1386.850263587954032	   0.000000000122458
    1	    1	1386.850263587954032	   0.000000000012622
    0	    1	1426.953416366460715	   0.000000000098613
    1	    1	1426.953416366460715	   0.000000000010181
    0	    1	1468.215384980486078	   0.000000000079143
    1	    1	1468.215384980486078	   0.000000000008184
    0	    1	1510.669654431772869	   0.000000000063292
    1	    1	1510.669654431772869	   0.000000000006555
    0	    1	1554.350677300611778	   0.000000000050411
    1	    1	1554.350677300611778	   0.000000000005229
    0	    1	1599.293901704867267	   0.000000000040003
    1	    1	1599.293901704867267	   0.000000000004154
    0	    1	1645.535800066920501	   0.000000000031547
    1	    1	1645.535800066920501	   0.000000000003280
    0	    1	1693.113898711837692	   0.000000000024582
    1	    1	1693.113898711837692	   0.000000000002557
    0	    1	1742.066808320824975	   0.000000000018957
    1	    1	1742.066808320824975	   0.000000000001973
    0	    1	1792.434255264645572	   0.000000000014776
    1	    1	1792.434255264645572	   0.000000000001539
    0	    1	1844.257113842446870	   0.000000000011471
    1	    1	1844.257113842446870	   0.000000000001196
    0	    1	1897.577439452170211	   0.000000000009029
    1	    1	1897.577439452170211	   0.000000000000943
    0	    1	1952.438502719424378	   0.000000000006967
    1	    1	1952.438502719424378	   0.000000000000728
    0	    1	2008.884824612568991	   0.000000000005432
    1	    1	2008.884824612568991	   0.000000000000569
    0	    1	2066.962212572464068	   0.000000000004165
    1	    1	2066.962212572464068	   0.000000000000437
    0	    1	2126.717797686213089	   0.000000000003215
    1	    1	2126.717797686213089	   0.000000000000337
    0	    1	2188.200072935102071	   0.000000000002450
    1	    1	2188.200072935102071	   0.000000000000257
    0	    1	2251.458932547709992	   0.000000000001872
    1	    1	2251.458932547709992	   0.000000000000197
    0	    1	2316.545712490196365	   0.000000000001415
    1	    1	2316.545712490196365	   0.000000000000149
    0	    1	2383.513232126565981	   0.000000000001069
    1	    1	2383.513232126565981	   0.000000000000113
    0	    1	2452.415837082751750	   0.000000000000801
    1	    1	2452.415837082751750	   0.000000000000085
    0	    1	2523.309443349305639	   0.000000000000598
    1	    1	2523.309443349305639	   0.000000000000063
    0	    1	2596.251582658446296	   0.000000000000443
    1	    1	2596.251582658446296	   0.000000000000047
    0	    1	2671.301449172356115	   0.000000000000327
    1	    1	2671.301449172356115	   0.000000000000035
    0	    1	2748.519947520530422	   0.000000000000240
    1	    1	2748.519947520530422	   0.000000000000025
    0	    1	2827.969742225257505	   0.000000000000175
    1	    1	2827.969742225257505	   0.000000000000019
    0	    1	2909.715308555253614	   0.000000000000126
    1	    1	2909.715308555253614	   0.000000000000013
    0	    1	2993.822984848768556	   0.000000000000091
    1	    1	2993.822984848768556	   0.000000000000010
    0	    1	3080.361026348630730	   0.000000000000065
    1	    1	3080.361026348630730	   0.000000000000007
    0	    1	3169.399660592879627	   0.000000000000046
    1	    1	3169.399660592879627	   0.000000000000005
    0	    1	3261.011144405973482	   0.000000000000032
    1	    1	3261.011144405973482	   0.000000000000003
    0	    1	3355.269822536785341	   0.000000000000023
    1	    1	3355.269822536785341	   0.000000000000002
    0	    1	3452.252187991046867	   0.000000000000016
    1	    1	3452.252187991046867	   0.000000000000002
    0	    1	3552.036944107091585	   0.000000000000011
    1	    1	3552.036944107091585	   0.000000000000001
    0	    1	3654.705068425367699	   0.000000000000007
    1	    1	3654.705068425367699	   0.000000000000001
    0	    1	3760.339878403509374	   0.000000000000005
    1	    1	3760.339878403509374	   0.000000000000001
    0	    1	3869.027099030277441	   0.000000000000003
    1	    1	3869.027099030277441	   0.000000000000000
    0	    1	3980.854932393318904	   0.000000000000002
    1	    1	3980.854932393318904	   0.000000000000000
    0	    1	4095.914129257097557	   0.000000000000001
    1	    1	4095.914129257097557	   0.000000000000000
    0	    1	4214.298062709161059	   0.000000000000001
    1	    1	4214.298062709161059	   0.000000000000000
    0	    1	4336.102803934437361	   0.000000000000001
    1	    1	4336.102803934437361	   0.000000000000000
    0	    1	4461.427200179180545	   0.000000000000000
    1	    1	4461.427200179180545	   0.000000000000000
    0	    1	4590.372954967662736	   0.000000000000000
    1	    1	4590.372954967662736	   0.000000000000000
    0	    1	4723.044710636855598	   0.000000000000000
    1	    1	4723.044710636855598	   0.000000000000000
    0	    1	4859.550133256005211	   0.000000000000000
    1	    1	4859.550133256005211	   0.000000000000000
    0	    1	5000.000000000002728	   0.000000000000000
    1	    1	5000.000000000002728	   0.000000000000000
    0	    2	   0.000000000000000	   0.000000256913108
    1	    2	   0.000000000000000	   0.000000162685587
    0	    2	   0.028895878633786	   0.000000340680465
    1	    2	   0.028895878633786	   0.000000218600677
    0	    2	   0.058626729069591	   0.000000456335188
    1	    2	   0.058626729069591	   0.000000563615481
    0	    2	   0.089216678551268	   0.000000442709975
    1	    2	   0.089216678551268	   0.000000359760087
    0	    2	   0.120690551500581	   0.000000468364954
    1	    2	   0.120690551500581	   0.000000412654295
    0	    2	   0.153073889662773	   0.000000330622340
    1	    2	   0.153073889662773	   0.000000176524329
    0	    2	   0.186392972834257	   0.000000495250483
    1	    2	   0.186392972834257	   0.000000622753845
    0	    2	   0.220674840189252	   0.000000302535519
    1	    2	   0.220674840189252	   0.000000413951710
    0	    2	   0.255947312222677	   0.000000317160391
    1	    2	   0.255947312222677	   0.000000416527328
    0	    2	   0.292239013327094	   0.000000575906323
    1	    2	   0.292239013327094	   0.000000419569664
    0	    2	   0.329579395022038	   0.000000512242990
    1	    2	   0.329579395022038	   0.000000555175282
    0	    2	   0.367998759854577	   0.000000451671809
    1	    2	   0.367998759854577	   0.000000471947128
    0	    2	   0.407528285990505	   0.000000532889449
    1	    2	   0.407528285990505	   0.000000460509348
    0	    2	   0.448200052516108	   0.000000540847079
    1	    2	   0.448200052516108	   0.000000504997031
    0	    2	   0.490047065471057	   0.000000602718606
    1	    2	   0.490047065471057	   0.000000538745896
    0	    2	   0.533103284633538	   0.000000593091534
    1	    2	   0.533103284633538	   0.000000619314928
    0	    2	   0.577403651079368	   0.000000601004457
    1	    2	   0.577403651079368	   0.000000594264662
    0	    2	   0.622984115537448	   0.000000606449612
    1	    2	   0.622984115537448	   0.000000761832498
    0	    2	   0.669881667564581	   0.000000691198507
    1	    2	   0.669881667564581	   0.000000662392794
    0	    2	   0.718134365563312	   0.000000776687706
    1	    2	   0.718134365563312	   0.000000569410869
    0	    2	   0.767781367667167	   0.000000884732537
    1	    2	   0.767781367667167	   0.000001088059030
    0	    2	   0.818862963518346	   0.000000577640452
    1	    2	   0.818862963518346	   0.000000482928771
    0	    2	   0.871420606963662	   0.000000758579734
    1	    2	   0.871420606963662	   0.000000758196470
    0	    2	   0.925496949695250	   0.000001009898160
    1	    2	   0.925496949695250	   0.000001163754247
    0	    2	   0.981135875863370	   0.000000860479415
    1	    2	   0.981135875863370	   0.000000865676471
    0	    2	   1.038382537689358	   0.000000824221507
    1	    2	   1.038382537689358	   0.000000808436867
    0	    2	   1.097283392107659	   0.000001095632069
    1	    2	   1.097283392107659	   0.000001534819292
    0	    2	   1.157886238466658	   0.000000922249928
    1	    2	   1.157886238466658	   0.000000892234505
    0	    2	   1.220240257318908	   0.000001061667661
    1	    2	   1.220240257318908	   0.000000864983813
    0	    2	   1.284396050332241	   0.000001208409101
    1	    2	   1.284396050332241	   0.000001360669414
    0	    2	   1.350405681354142	   0.000001748072075
    1	    2	   1.350405681354142	   0.000001260999740
    0	    2	   1.418322718662713	   0.000001772293700
    1	    2	   1.418322718662713	   0.000001333698017
    0	    2	   1.488202278438519	   0.000001603829670
    1	    2	   1.488202278438519	   0.000001465777008
    0	    2	   1.560101069492589	   0.000001726608587
    1	    2	   1.560101069492589	   0.000001051344771
    0	    2	   1.634077439286873	   0.000002603041436
    1	    2	   1.634077439286873	   0.000001170389231
    0	    2	   1.710191421284502	   0.000001907410208
    1	    2	   1.710191421284502	   0.000001739322441
    0	    2	   1.788504783668267	   0.000001879417862
    1	    2	   1.788504783668267	   0.000001184642114
    0	    2	   1.869081079466878	   0.000002158727652
    1	    2	   1.869081079466878	   0.000000936110615
    0	    2	   1.951985698129646	   0.000003148715149
    1	    2	   1.951985698129646	   0.000001315308549
    0	    2	   2.037285918591472	   0.000002318735768
    1	    2	   2.037285918591472	   0.000001125955204
    0	    2	   2.125050963871200	   0.000002358434250
    1	    2	   2.125050963871200	   0.000001111520551
    0	    2	   2.215352057247619	   0.000002750534124
    1	    2	   2.215352057247619	   0.000001307384078
    0	    2	   2.308262480058741	   0.000010444946636
    1	    2	   2.308262480058741	   0.000001105352328
    0	    2	   2.403857631171228	   0.000010793398622
    1	    2	   2.403857631171228	   0.000000830185245
    0	    2	   2.502215088168239	   0.000011404063198
    1	    2	   2.502215088168239	   0.000000830306698
    0	    2	   2.603414670305364	   0.000015754682183
    1	    2	   2.603414670305364	   0.000000509285281
    0	    2	   2.707538503285713	   0.000020023733133
    1	    2	   2.707538503285713	   0.000000477016770
    0	    2	   2.814671085906746	   0.000015893242059
    1	    2	   2.814671085906746	   0.000000086576627
    0	    2	   2.924899358632921	   0.000017194024765
    1	    2	   2.924899358632921	   0.000000000000000
    0	    2	   3.038312774149804	   0.000024089232571
    1	    2	   3.038312774149804	   0.000000448193051
    0	    2	   3.155003369956905	   0.000025075630819
    1	    2	   3.155003369956905	   0.000000020491858
    0	    2	   3.275065843058154	   0.000021512771147
    1	    2	   3.275065843058154	   0.000000040004597
    0	    2	   3.398597626810607	   0.000021628638998
    1	    2	   3.398597626810607	   0.000000052848492
    0	    2	   3.525698969993787	   0.000032361676151
    1	    2	   3.525698969993787	   0.000000124462090
    0	    2	   3.656473018163779	   0.000029435256513
    1	    2	   3.656473018163779	   0.000000188107025
    0	    2	   3.791025897358140	   0.000028800017968
    1	    2	   3.791025897358140	   0.000000235220261
    0	    2	   3.929466800219529	   0.000029137388968
    1	    2	   3.929466800219529	   0.000000312412673
    0	    2	   4.071908074607951	   0.000033824516623
    1	    2	   4.071908074607951	   0.000000378312064
    0	    2	   4.218465314773542	   0.000044466203249
    1	    2	   4.218465314773542	   0.000000884029994
    0	    2	   4.369257455163862	   0.000040223216317
    1	    2	   4.369257455163862	   0.000001236142183
    0	    2	   4.524406866941830	   0.000043010163739
    1	    2	   4.524406866941830	   0.000001485968680
    0	    2	   4.684039457292635	   0.000046082188294
    1	    2	   4.684039457292635	   0.000001703776874
    0	    2	   4.848284771600217	   0.000048707188144
    1	    2	   4.848284771600217	   0.000001960254114
    0	    2	   5.017276098576197	   0.000053383100830
    1	    2	   5.017276098576197	   0.000002160883430
    0	    2	   5.191150578426639	   0.000058510835917
    1	    2	   5.191150578426639	   0.000002501983730
    0	    2	   5.370049314144351	   0.000055503612158
    1	    2	   5.370049314144351	   0.000002843380594
    0	    2	   5.554117486017097	   0.000057833079706
    1	    2	   5.554117486017097	   0.000003110597888
    0	    2	   5.743504469444626	   0.000059794456295
    1	    2	   5.743504469444626	   0.000003322405773
    0	    2	   5.938363956160092	   0.000061168009307
    1	    2	   5.938363956160092	   0.000003493825019
    0	    2	   6.138854078954332	   0.000062211854716
    1	    2	   6.138854078954332	   0.000003639911107
    0	    2	   6.345137540004107	   0.000063451948004
    1	    2	   6.345137540004107	   0.000003803510591
    0	    2	   6.557381742908535	   0.000067499037465
    1	    2	   6.557381742908535	   0.000003978320699
    0	    2	   6.775758928540808	   0.000069505440065
    1	    2	   6.775758928540808	   0.000004137348633
    0	    2	   7.000446314825505	   0.000067686499643
    1	    2	   7.000446314825505	   0.000004253111307
    0	    2	   7.231626240554826	   0.000067073121040
    1	    2	   7.231626240554826	   0.000004328320676
    0	    2	   7.469486313360592	   0.000067496625945
    1	    2	   7.469486313360592	   0.000004366403942
    0	    2	   7.714219561961972	   0.000067230995767
    1	    2	   7.714219561961972	   0.000004391684463
    0	    2	   7.966024592812593	   0.000067495437402
    1	    2	   7.966024592812593	   0.000004376645283
    0	    2	   8.225105751274045	   0.000068438411741
    1	    2	   8.225105751274045	   0.000004405737317
    0	    2	   8.491673287446705	   0.000068749639722
    1	    2	   8.491673287446705	   0.000004426108156
    0	    2	   8.765943526792318	   0.000069450991172
    1	    2	   8.765943526792318	   0.000004459413513
    0	    2	   9.048139045686920	   0.000069339416202
    1	    2	   9.048139045686920	   0.000004468970245
    0	    2	   9.338488852046499	   0.000068861665600
    1	    2	   9.338488852046499	   0.000004426366648
    0	    2	   9.637228571171983	   0.000069798592154
    1	    2	   9.637228571171983	   0.000004380453399
    0	    2	   9.944600636964415	   0.000069425691255
    1	    2	   9.944600636964415	   0.000004322253877
    0	    2	  10.260854488665400	   0.000069373057039
    1	    2	  10.260854488665400	   0.000004295633104
    0	    2	  10.586246773282603	   0.000067775266175
    1	    2	  10.586246773282603	   0.000004280689859
    0	    2	  10.921041553864477	   0.000066516590293
    1	    2	  10.921041553864477	   0.000004183627740
    0	    2	  11.265510523793269	   0.000067314187480
    1	    2	  11.265510523793269	   0.000004271327732
    0	    2	  11.619933227270224	   0.000066705571667
    1	    2	  11.619933227270224	   0.000004220195078
    0	    2	  11.984597286171908	   0.000066196071103
    1	    2	  11.984597286171908	   0.000004174573525
    0	    2	  12.359798633461725	   0.000065559424500
    1	    2	  12.359798633461725	   0.000004112852401
    0	    2	  12.745841753346063	   0.000065339953288
    1	    2	  12.745841753346063	   0.000004069932493
    0	    2	  13.143039928369985	   0.000064977107764
    1	    2	  13.143039928369985	   0.000004033941658
    0	    2	  13.551715493652951	   0.000064153666801
    1	    2	  13.551715493652951	   0.000003950267910
    0	    2	  13.972200098470935	   0.000064310128253
    1	    2	  13.972200098470935	   0.000003977127078
    0	    2	  14.404834975397117	   0.000063654882498
    1	    2	  14.404834975397117	   0.000003920007076
    0	    2	  14.849971217219700	   0.000063031475925
    1	    2	  14.849971217219700	   0.000003864460513
    0	    2	  15.307970061861486	   0.000062334952634
    1	    2	  15.307970061861486	   0.000003799393282
    0	    2	  15.779203185532456	   0.000061744474347
    1	    2	  15.779203185532456	   0.000003743456463
    0	    2	  16.264053004353240	   0.000061261134323
    1	    2	  16.264053004353240	   0.000003687551519
    0	    2	  16.762912984694282	   0.000060564784177
    1	    2	  16.762912984694282	   0.000003624893674
    0	    2	  17.276187962482517	   0.000060581893552
    1	    2	  17.276187962482517	   0.000003638369606
    0	    2	  17.804294471734682	   0.000059920733259
    1	    2	  17.804294471734682	   0.000003578121818
    0	    2	  18.347661082583901	   0.000059341148569
    1	    2	  18.347661082583901	   0.000003519084187
    0	    2	  18.906728749073878	   0.000058762181908
    1	    2	  18.906728749073878	   0.000003456263777
    0	    2	  19.481951167002819	   0.000058373574143
    1	    2	  19.481951167002819	   0.000003428972110
    0	    2	  20.073795142107674	   0.000058448646810
    1	    2	  20.073795142107674	   0.000003381891083
    0	    2	  20.682740968887291	   0.000057789646806
    1	    2	  20.682740968887291	   0.000003322988872
    0	    2	  21.309282820372090	   0.000057434203072
    1	    2	  21.309282820372090	   0.000003305928376
    0	    2	  21.953929149156366	   0.000056666094306
    1	    2	  21.953929149156366	   0.000003246110362
    0	    2	  22.617203100018923	   0.000055952522814
    1	    2	  22.617203100018923	   0.000003186336160
    0	    2	  23.299642934466547	   0.000055160679655
    1	    2	  23.299642934466547	   0.000003127962223
    0	    2	  24.001802467545247	   0.000054548975236
    1	    2	  24.001802467545247	   0.000003086179960
    0	    2	  24.724251517273323	   0.000053541760132
    1	    2	  24.724251517273323	   0.000003032067420
    0	    2	  25.467576367061440	   0.000052752987585
    1	    2	  25.467576367061440	   0.000002976551997
    0	    2	  26.232380241494525	   0.000052190839423
    1	    2	  26.232380241494525	   0.000002937034687
    0	    2	  27.019283795861874	   0.000051470996377
    1	    2	  27.019283795861874	   0.000002876190154
    0	    2	  27.828925619832713	   0.000050773481446
    1	    2	  27.828925619832713	   0.000002815287536
    0	    2	  28.661962755685852	   0.000050080783828
    1	    2	  28.661962755685852	   0.000002758277638
    0	    2	  29.519071231514047	   0.000049420958700
    1	    2	  29.519071231514047	   0.000002705575265
    0	    2	  30.400946609835739	   0.000048702097038
    1	    2	  30.400946609835739	   0.000002647399771
    0	    2	  31.308304552059560	   0.000047937526688
    1	    2	  31.308304552059560	   0.000002592452341
    0	    2	  32.241881399259285	   0.000047141394798
    1	    2	  32.241881399259285	   0.000002538617820
    0	    2	  33.202434769730999	   0.000046301393183
    1	    2	  33.202434769730999	   0.000002476195272
    0	    2	  34.190744173817144	   0.000045492607510
    1	    2	  34.190744173817144	   0.000002415209967
    0	    2	  35.207611646496368	   0.000044595247613
    1	    2	  35.207611646496368	   0.000002353719424
    0	    2	  36.253862398252807	   0.000043845360579
    1	    2	  36.253862398252807	   0.000002298860277
    0	    2	  37.330345484752499	   0.000043091084978
    1	    2	  37.330345484752499	   0.000002243110735
    0	    2	  38.437934495871005	   0.000042332014888
    1	    2	  38.437934495871005	   0.000002186029913
    0	    2	  39.577528264630907	   0.000041559549940
    1	    2	  39.577528264630907	   0.000002128672704
    0	    2	  40.750051596624701	   0.000040803207450
    1	    2	  40.750051596624701	   0.000002069005931
    0	    2	  41.956456020515084	   0.000040049715319
    1	    2	  41.956456020515084	   0.000002014317494
    0	    2	  43.197720560221484	   0.000039266267106
    1	    2	  43.197720560221484	   0.000001959560711
    0	    2	  44.474852529419636	   0.000038457017474
    1	    2	  44.474852529419636	   0.000001904584712
    0	    2	  45.788888348999080	   0.000037658077335
    1	    2	  45.788888348999080	   0.000001851177350
    0	    2	  47.140894388141525	   0.000036847888277
    1	    2	  47.140894388141525	   0.000001796378040
    0	    2	  48.531967829703191	   0.000035998365622
    1	    2	  48.531967829703191	   0.000001740589997
    0	    2	  49.963237560602892	   0.000035179035750
    1	    2	  49.963237560602892	   0.000001688138350
    0	    2	  51.435865087938907	   0.000034351426774
    1	    2	  51.435865087938907	   0.000001635635078
    0	    2	  52.951045481577594	   0.000033450006273
    1	    2	  52.951045481577594	   0.000001583045754
    0	    2	  54.510008343979123	   0.000032561210926
    1	    2	  54.510008343979123	   0.000001531699354
    0	    2	  56.114018808047234	   0.000031609264906
    1	    2	  56.114018808047234	   0.000001479182954
    0	    2	  57.764378563812329	   0.000030668611998
    1	    2	  57.764378563812329	   0.000001416768327
    0	    2	  59.462426914782107	   0.000029608424143
    1	    2	  59.462426914782107	   0.000001339704310
    0	    2	  61.209541864815861	   0.000028903025971
    1	    2	  61.209541864815861	   0.000001291689763
    0	    2	  63.007141236405005	   0.000028129788266
    1	    2	  63.007141236405005	   0.000001244307750
    0	    2	  64.856683821267822	   0.000027421755860
    1	    2	  64.856683821267822	   0.000001222443147
    0	    2	  66.759670564190785	   0.000026519528784
    1	    2	  66.759670564190785	   0.000001185122276
    0	    2	  68.717645781079014	   0.000025526747909
    1	    2	  68.717645781079014	   0.000001131109636
    0	    2	  70.732198412202351	   0.000024260424408
    1	    2	  70.732198412202351	   0.000001072004416
    0	    2	  72.804963311656010	   0.000023143079222
    1	    2	  72.804963311656010	   0.000001028462035
    0	    2	  74.937622574080706	   0.000022300760107
    1	    2	  74.937622574080706	   0.000000989213165
    0	    2	  77.131906899719596	   0.000020281795719
    1	    2	  77.131906899719596	   0.000000960364994
    0	    2	  79.389596998920211	   0.000019282022713
    1	    2	  79.389596998920211	   0.000000922592251
    0	    2	  81.712525037219976	   0.000018594173801
    1	    2	  81.712525037219976	   0.000000875911939
    0	    2	  84.102576122189461	   0.000017880851940
    1	    2	  84.102576122189461	   0.000000833051901
    0	    2	  86.561689833238859	   0.000017357287915
    1	    2	  86.561689833238859	   0.000000796099410
    0	    2	  89.091861795629356	   0.000016776384861
    1	    2	  89.091861795629356	   0.000000763871426
    0	    2	  91.695145299967734	   0.000016201033103
    1	    2	  91.695145299967734	   0.000000734242860
    0	    2	  94.373652968496771	   0.000015580617064
    1	    2	  94.373652968496771	   0.000000697552479
    0	    2	  97.129558469535269	   0.000014972111188
    1	    2	  97.129558469535269	   0.000000660262727
    0	    2	  99.965098281458040	   0.000014424185145
    1	    2	  99.965098281458040	   0.000000626539631
    0	    2	 102.882573507647322	   0.000013891684786
    1	    2	 102.882573507647322	   0.000000596709159
    0	    2	 105.884351743889738	   0.000013409419414
    1	    2	 105.884351743889738	   0.000000570978627
    0	    2	 108.972868999732071	   0.000012762030583
    1	    2	 108.972868999732071	   0.000000541035513
    0	    2	 112.150631675357559	   0.000012197343676
    1	    2	 112.150631675357559	   0.000000511308394
    0	    2	 115.420218595584998	   0.000011645116195
    1	    2	 115.420218595584998	   0.000000482984608
    0	    2	 118.784283102641851	   0.000011111060800
    1	    2	 118.784283102641851	   0.000000457961133
    0	    2	 122.245555209410981	   0.000010592683964
    1	    2	 122.245555209410981	   0.000000435244174
    0	    2	 125.806843814895657	   0.000010058510256
    1	    2	 125.806843814895657	   0.000000409567199
    0	    2	 129.471038983704346	   0.000009512913373
    1	    2	 129.471038983704346	   0.000000385464536
    0	    2	 133.241114291401544	   0.000009007783012
    1	    2	 133.241114291401544	   0.000000361389738
    0	    2	 137.120129237630067	   0.000008493682404
    1	    2	 137.120129237630067	   0.000000334516397
    0	    2	 141.111231728963531	   0.000008107289164
    1	    2	 141.111231728963531	   0.000000312294937
    0	    2	 145.217660633501509	   0.000007718248634
    1	    2	 145.217660633501509	   0.000000292739431
    0	    2	 149.442748409283439	   0.000007351501596
    1	    2	 149.442748409283439	   0.000000280365150
    0	    2	 153.789923808651281	   0.000006987979311
    1	    2	 153.789923808651281	   0.000000264682503
    0	    2	 158.262714660759030	   0.000006600171689
    1	    2	 158.262714660759030	   0.000000244994986
    0	    2	 162.864750734483721	   0.000006264920128
    1	    2	 162.864750734483721	   0.000000228058743
    0	    2	 167.599766684062956	   0.000005932813655
    1	    2	 167.599766684062956	   0.000000213422127
    0	    2	 172.471605079850434	   0.000005617523548
    1	    2	 172.471605079850434	   0.000000202186751
    0	    2	 177.484219526645859	   0.000005305693638
    1	    2	 177.484219526645859	   0.000000188992490
    0	    2	 182.641677872133812	   0.000004993546602
    1	    2	 182.641677872133812	   0.000000174606506
    0	    2	 187.948165508031963	   0.000004711905438
    1	    2	 187.948165508031963	   0.000000162000772
    0	    2	 193.407988766628506	   0.000004431415923
    1	    2	 193.407988766628506	   0.000000151213452
    0	    2	 199.025578415467606	   0.000004172877984
    1	    2	 199.025578415467606	   0.000000141510475
    0	    2	 204.805493253013822	   0.000003903574175
    1	    2	 204.805493253013822	   0.000000131026401
    0	    2	 210.752423808219334	   0.000003666129297
    1	    2	 210.752423808219334	   0.000000120791596
    0	    2	 216.871196146991878	   0.000003406068704
    1	    2	 216.871196146991878	   0.000000111766261
    0	    2	 223.166775788653098	   0.000003181525147
    1	    2	 223.166775788653098	   0.000000103745314
    0	    2	 229.644271735569305	   0.000002899367976
    1	    2	 229.644271735569305	   0.000000095980217
    0	    2	 236.308940619218248	   0.000002693427295
    1	    2	 236.308940619218248	   0.000000088291542
    0	    2	 243.166190966063510	   0.000002346122102
    1	    2	 243.166190966063510	   0.000000081167230
    0	    2	 250.221587586692891	   0.000002163370721
    1	    2	 250.221587586692891	   0.000000074705359
    0	    2	 257.480856091785029	   0.000001650669008
    1	    2	 257.480856091785029	   0.000000068788385
    0	    2	 264.949887538570579	   0.000001499241566
    1	    2	 264.949887538570579	   0.000000063190966
    0	    2	 272.634743211554110	   0.000000591350372
    1	    2	 272.634743211554110	   0.000000057821139
    0	    2	 280.541659541382273	   0.000000540540603
    1	    2	 280.541659541382273	   0.000000053027759
    0	    2	 288.677053165845052	   0.000000490881602
    1	    2	 288.677053165845052	   0.000000048077861
    0	    2	 297.047526137118098	   0.000000450444084
    1	    2	 297.047526137118098	   0.000000044200882
    0	    2	 305.659871279476704	   0.000000408778644
    1	    2	 305.659871279476704	   0.000000040154371
    0	    2	 314.521077701820843	   0.000000360149658
    1	    2	 314.521077701820843	   0.000000035328153
    0	    2	 323.638336469493936	   0.000000322168374
    1	    2	 323.638336469493936	   0.000000031605704
    0	    2	 333.019046439990916	   0.000000294151730
    1	    2	 333.019046439990916	   0.000000028919780
    0	    2	 342.670820267293834	   0.000000272761370
    1	    2	 342.670820267293834	   0.000000026917947
    0	    2	 352.601490579711538	   0.000000240293280
    1	    2	 352.601490579711538	   0.000000023693689
    0	    2	 362.819116336228660	   0.000000214369692
    1	    2	 362.819116336228660	   0.000000021144563
    0	    2	 373.331989366531559	   0.000000194124229
    1	    2	 373.331989366531559	   0.000000019181803
    0	    2	 384.148641100010821	   0.000000176758450
    1	    2	 384.148641100010821	   0.000000017510482
    0	    2	 395.277849489204300	   0.000000155447447
    1	    2	 395.277849489204300	   0.000000015393808
    0	    2	 406.728646133302504	   0.000000138279980
    1	    2	 406.728646133302504	   0.000000013704007
    0	    2	 418.510323607488203	   0.000000124613631
    1	    2	 418.510323607488203	   0.000000012375057
    0	    2	 430.632443004070865	   0.000000111609521
    1	    2	 430.632443004070865	   0.000000011103078
    0	    2	 443.104841691520960	   0.000000098182253
    1	    2	 443.104841691520960	   0.000000009770772
    0	    2	 455.937641297715857	   0.000000087284978
    1	    2	 455.937641297715857	   0.000000008698133
    0	    2	 469.141255923863469	   0.000000077974090
    1	    2	 469.141255923863469	   0.000000007785445
    0	    2	 482.726400595775146	   0.000000068918918
    1	    2	 482.726400595775146	   0.000000006889940
    0	    2	 496.704099959349207	   0.000000060629095
    1	    2	 496.704099959349207	   0.000000006067196
    0	    2	 511.085697227312266	   0.000000053687836
    1	    2	 511.085697227312266	   0.000000005381515
    0	    2	 525.882863384490292	   0.000000047379831
    1	    2	 525.882863384490292	   0.000000004756677
    0	    2	 541.107606659070711	   0.000000041525092
    1	    2	 541.107606659070711	   0.000000004173781
    0	    2	 556.772282267543233	   0.000000036449913
    1	    2	 556.772282267543233	   0.000000003668935
    0	    2	 572.889602441236434	   0.000000031987966
    1	    2	 572.889602441236434	   0.000000003224919
    0	    2	 589.472646742570191	   0.000000027917555
    1	    2	 589.472646742570191	   0.000000002818356
    0	    2	 606.534872679413866	   0.000000024336615
    1	    2	 606.534872679413866	   0.000000002460395
    0	    2	 624.090126626151346	   0.000000021215952
    1	    2	 624.090126626151346	   0.000000002148210
    0	    2	 642.152655060318466	   0.000000018423834
    1	    2	 642.152655060318466	   0.000000001868379
    0	    2	 660.737116123939131	   0.000000015968107
    1	    2	 660.737116123939131	   0.000000001621226
    0	    2	 679.858591518928051	   0.000000013832702
    1	    2	 679.858591518928051	   0.000000001406124
    0	    2	 699.532598746229382	   0.000000011888540
    1	    2	 699.532598746229382	   0.000000001209600
    0	    2	 719.775103698611815	   0.000000009947439
    1	    2	 719.775103698611815	   0.000000001011424
    0	    2	 740.602533617341351	   0.000000008584222
    1	    2	 740.602533617341351	   0.000000000874042
    0	    2	 762.031790423256780	   0.000000007414029
    1	    2	 762.031790423256780	   0.000000000756128
    0	    2	 784.080264433047546	   0.000000006334790
    1	    2	 784.080264433047546	   0.000000000646755
    0	    2	 806.765848471885533	   0.000000005431756
    1	    2	 806.765848471885533	   0.000000000555333
    0	    2	 830.106952393847109	   0.000000004658028
    1	    2	 830.106952393847109	   0.000000000476973
    0	    2	 854.122518021915312	   0.000000003960770
    1	    2	 854.122518021915312	   0.000000000406049
    0	    2	 878.832034519694730	   0.000000003374121
    1	    2	 878.832034519694730	   0.000000000346392
    0	    2	 904.255554207292789	   0.000000002870099
    1	    2	 904.255554207292789	   0.000000000295073
    0	    2	 930.413708834228146	   0.000000002426105
    1	    2	 930.413708834228146	   0.000000000249732
    0	    2	 957.327726322546596	   0.000000002052438
    1	    2	 957.327726322546596	   0.000000000211557
    0	    2	 985.019447993754852	   0.000000001731309
    1	    2	 985.019447993754852	   0.000000000178701
    0	    2	1013.511346293535780	   0.000000001454343
    1	    2	1013.511346293535780	   0.000000000150296
    0	    2	1042.826543028632614	   0.000000001220853
    1	    2	1042.826543028632614	   0.000000000126337
    0	    2	1072.988828130713273	   0.000000001021386
    1	    2	1072.988828130713273	   0.000000000105824
    0	    2	1104.022678962420287	   0.000000000851996
    1	    2	1104.022678962420287	   0.000000000088375
    0	    2	1135.953280181299306	   0.000000000709246
    1	    2	1135.953280181299306	   0.000000000073657
    0	    2	1168.806544177704154	   0.000000000586640
    1	    2	1168.806544177704154	   0.000000000060985
    0	    2	1202.609132103271577	   0.000000000485363
    1	    2	1202.609132103271577	   0.000000000050517
    0	    2	1237.388475507045314	   0.000000000399858
    1	    2	1237.388475507045314	   0.000000000041664
    0	    2	1273.172798596775920	   0.000000000328530
    1	    2	1273.172798596775920	   0.000000000034271
    0	    2	1309.991141143499590	   0.000000000269943
    1	    2	1309.991141143499590	   0.000000000028195
    0	    2	1347.873382047951964	   0.000000000220658
    1	    2	1347.873382047951964	   0.000000000023074
    0	    2	1386.850263587954032	   0.000000000180102
    1	    2	1386.850263587954032	   0.000000000018856
    0	    2	1426.953416366460715	   0.000000000146429
    1	    2	1426.953416366460715	   0.000000000015349
    0	    2	1468.215384980486078	   0.000000000118668
    1	    2	1468.215384980486078	   0.000000000012454
    0	    2	1510.669654431772869	   0.000000000095836
    1	    2	1510.669654431772869	   0.000000000010069
    0	    2	1554.350677300611778	   0.000000000077103
    1	    2	1554.350677300611778	   0.000000000008111
    0	    2	1599.293901704867267	   0.000000000061833
    1	    2	1599.293901704867267	   0.000000000006510
    0	    2	1645.535800066920501	   0.000000000049360
    1	    2	1645.535800066920501	   0.000000000005202
    0	    2	1693.113898711837692	   0.000000000038872
    1	    2	1693.113898711837692	   0.000000000004098
    0	    2	1742.066808320824975	   0.000000000030103
    1	    2	1742.066808320824975	   0.000000000003175
    0	    2	1792.434255264645572	   0.000000000023680
    1	    2	1792.434255264645572	   0.000000000002499
    0	    2	1844.257113842446870	   0.000000000018451
    1	    2	1844.257113842446870	   0.000000000001948
    0	    2	1897.577439452170211	   0.000000000014756
    1	    2	1897.577439452170211	   0.000000000001560
    0	    2	1952.438502719424378	   0.000000000011440
    1	    2	1952.438502719424378	   0.000000000001210
    0	    2	2008.884824612568991	   0.000000000009062
    1	    2	2008.884824612568991	   0.000000000000960
    0	    2	2066.962212572464068	   0.000000000006991
    1	    2	2066.962212572464068	   0.000000000000741
    0	    2	2126.717797686213089	   0.000000000005474
    1	    2	2126.717797686213089	   0.000000000000581
    0	    2	2188.200072935102071	   0.000000000004200
    1	    2	2188.200072935102071	   0.000000000000446
    0	    2	2251.458932547709992	   0.000000000003249
    1	    2	2251.458932547709992	   0.000000000000345
    0	    2	2316.545712490196365	   0.000000000002478
    1	    2	2316.545712490196365	   0.000000000000264
    0	    2	2383.513232126565981	   0.000000000001894
    1	    2	2383.513232126565981	   0.000000000000202
    0	    2	2452.415837082751750	   0.000000000001433
    1	    2	2452.415837082751750	   0.000000000000153
    0	    2	2523.309443349305639	   0.000000000001083
    1	    2	2523.309443349305639	   0.000000000000115
    0	    2	2596.251582658446296	   0.000000000000812
    1	    2	2596.251582658446296	   0.000000000000087
    0	    2	2671.301449172356115	   0.000000000000606
    1	    2	2671.301449172356115	   0.000000000000065
    0	    2	2748.519947520530422	   0.000000000000449
    1	    2	2748.519947520530422	   0.000000000000048
    0	    2	2827.969742225257505	   0.000000000000331
    1	    2	2827.969742225257505	   0.000000000000035
    0	    2	2909.715308555253614	   0.000000000000243
    1	    2	2909.715308555253614	   0.000000000000026
    0	    2	2993.822984848768556	   0.000000000000177
    1	    2	2993.822984848768556	   0.000000000000019
    0	    2	3080.361026348630730	   0.000000000000128
    1	    2	3080.361026348630730	   0.000000000000014
    0	    2	3169.399660592879627	   0.000000000000092
    1	    2	3169.399660592879627	   0.000000000000010
    0	    2	3261.011144405973482	   0.000000000000065
    1	    2	3261.011144405973482	   0.000000000000007
    0	    2	3355.269822536785341	   0.000000000000046
    1	    2	3355.269822536785341	   0.000000000000005
    0	    2	3452.252187991046867	   0.000000000000032
    1	    2	3452.252187991046867	   0.000000000000003
    0	    2	3552.036944107091585	   0.000000000000023
    1	    2	3552.036944107091585	   0.000000000000002
    0	    2	3654.705068425367699	   0.000000000000016
    1	    2	3654.705068425367699	   0.000000000000002
    0	    2	3760.339878403509374	   0.000000000000011
    1	    2	3760.339878403509374	   0.000000000000001
    0	    2	3869.027099030277441	   0.000000000000007
    1	    2	3869.027099030277441	   0.000000000000001
    0	    2	3980.854932393318904	   0.000000000000005
    1	    2	3980.854932393318904	   0.000000000000001
    0	    2	4095.914129257097557	   0.000000000000003
    1	    2	4095.914129257097557	   0.000000000000000
    0	    2	4214.298062709161059	   0.000000000000002
    1	    2	4214.298062709161059	   0.000000000000000
    0	    2	4336.102803934437361	   0.000000000000001
    1	    2	4336.102803934437361	   0.000000000000000
    0	    2	4461.427200179180545	   0.000000000000001
    1	    2	4461.427200179180545	   0.000000000000000
    0	    2	4590.372954967662736	   0.000000000000000
    1	    2	4590.372954967662736	   0.000000000000000
    0	    2	4723.044710636855598	   0.000000000000000
    1	    2	4723.044710636855598	   0.000000000000000
    0	    2	4859.550133256005211	   0.000000000000000
    1	    2	4859.550133256005211	   0.000000000000000
    0	    2	5000.000000000002728	   0.000000000000000
    1	    2	5000.000000000002728	   0.000000000000000
