ASSET	                 all	                  VE	                  WW	                  US	                  UL
   0.000000000000000	   0.035921312134978	   0.000000000000000	   0.034091014474615	   0.001761297880411	   0.000068999779952
   0.028895878633786	   0.011742487821022	   0.000006307582198	   0.010813269309868	   0.000444969098737	   0.000477941830219
   0.058626729069591	   0.005455873684062	   0.000004960648457	   0.005084893502970	   0.000233871956014	   0.000132147576621
   0.089216678551268	   0.007669069696901	   0.000006929055614	   0.007168727988001	   0.000342561283427	   0.000150851369859
   0.120690551500581	   0.005022061825545	   0.000004140714402	   0.004555611496993	   0.000188259153932	   0.000274050460218
   0.153073889662773	   0.006333954614012	   0.000005184735122	   0.005809471033754	   0.000257056810250	   0.000262242034886
   0.186392972834257	   0.006638205964202	   0.000005645569411	   0.006143148883822	   0.000286623666740	   0.000202787844230
   0.220674840189252	   0.004312567460973	   0.000003809101227	   0.003983478209583	   0.000186276315524	   0.000139003834638
   0.255947312222677	   0.007606897528630	   0.000004904014704	   0.007079320689049	   0.000277812328976	   0.000244860495902
   0.292239013327094	   0.012632816722870	   0.000006644706736	   0.011970608560230	   0.000449888566582	   0.000205674889322
   0.329579395022038	   0.008379170978628	   0.000006089796549	   0.007809456002770	   0.000327777120876	   0.000235848058432
   0.367998759854577	   0.006484929994293	   0.000004668032320	   0.006028207967005	   0.000243109572393	   0.000208944422576
   0.407528285990505	   0.006740813055432	   0.000004920447793	   0.006232192025596	   0.000247900679457	   0.000255799902586
   0.448200052516108	   0.007710540443860	   0.000005637591213	   0.007197361787802	   0.000293482379242	   0.000214058685602
   0.490047065471057	   0.012683522005139	   0.000006831534648	   0.011977353180895	   0.000435922578859	   0.000263414710736
   0.533103284633538	   0.009930587910734	   0.000007221144021	   0.009296744640210	   0.000357249680266	   0.000269372446237
   0.577403651079368	   0.008704755613833	   0.000006983058848	   0.008149123210480	   0.000315553928244	   0.000233095416261
   0.622984115537448	   0.010403131555556	   0.000008799544184	   0.009784086541055	   0.000362271121140	   0.000247974349178
   0.669881667564581	   0.012769840542645	   0.000012755208169	   0.012028140468427	   0.000428656776584	   0.000300288089465
   0.718134365563312	   0.010329279016412	   0.000012268269769	   0.009703105697593	   0.000357688220955	   0.000256216828096
   0.767781367667167	   0.012913760492440	   0.000011531770306	   0.012223307633124	   0.000431836086844	   0.000247085002166
   0.818862963518346	   0.013400191267010	   0.000020597440849	   0.012683617514708	   0.000443002792206	   0.000252973519247
   0.871420606963662	   0.013227676156771	   0.000052701873929	   0.012460246518059	   0.000431675228651	   0.000283052536132
   0.925496949695250	   0.013996232290133	   0.000053885405732	   0.013206615836611	   0.000454333742627	   0.000281397305163
   0.981135875863370	   0.014881558160759	   0.000101625715331	   0.014063640146959	   0.000474971956096	   0.000241320342373
   1.038382537689358	   0.015486956352448	   0.000107561680836	   0.014615070189795	   0.000493912883565	   0.000270411598252
   1.097283392107659	   0.016061855719716	   0.000160269807521	   0.015129396219935	   0.000498822132885	   0.000273367559375
   1.157886238466658	   0.016514556676913	   0.000164629060182	   0.015571860957639	   0.000511419954015	   0.000266646705076
   1.220240257318908	   0.017560337986402	   0.000174692055188	   0.016599307967248	   0.000533911588592	   0.000252426375373
   1.284396050332241	   0.017625168731728	   0.000193234560588	   0.016656475250069	   0.000534265432813	   0.000241193488257
   1.350405681354142	   0.017633053521301	   0.000207093256338	   0.016655307507250	   0.000528552661242	   0.000242100096472
   1.418322718662713	   0.018749907425299	   0.000217951255170	   0.017751752545806	   0.000556256336400	   0.000223947287923
   1.488202278438519	   0.016700673998949	   0.000218191713735	   0.015785240406102	   0.000490920007248	   0.000206321871864
   1.560101069492589	   0.017439452361132	   0.000221107598063	   0.016506182055772	   0.000505205340271	   0.000206957367026
   1.634077439286873	   0.017031690964628	   0.000223203956074	   0.016114561512761	   0.000487233737337	   0.000206691758455
   1.710191421284502	   0.016591138151943	   0.000254904794768	   0.015663512357290	   0.000469979094692	   0.000202741905193
   1.788504783668267	   0.016811376493432	   0.000250166472783	   0.015897581819329	   0.000466853073540	   0.000196775127780
   1.869081079466878	   0.015911550519404	   0.000244561075690	   0.015035597992592	   0.000441075485015	   0.000190315966106
   1.951985698129646	   0.015789638223786	   0.000237447444789	   0.014936690855204	   0.000431488758586	   0.000184011165206
   2.037285918591472	   0.015205412957226	   0.000199147720716	   0.014418928915412	   0.000413094709790	   0.000174241611309
   2.125050963871200	   0.015810562807849	   0.000193385361513	   0.015039680456848	   0.000423576477937	   0.000153920511551
   2.215352057247619	   0.015100435743781	   0.000188066726638	   0.014345672567146	   0.000404277090366	   0.000162419359631
   2.308262480058741	   0.014758281903749	   0.000181928835194	   0.014032747305086	   0.000390502646027	   0.000153103117443
   2.403857631171228	   0.014409819567381	   0.000170525570604	   0.013723057399066	   0.000377278084510	   0.000138958513200
   2.502215088168239	   0.013676262101260	   0.000156664888332	   0.013031371048790	   0.000355350054617	   0.000132876109522
   2.603414670305364	   0.013226420121322	   0.000156511249457	   0.012605722490435	   0.000339132644703	   0.000125053736727
   2.707538503285713	   0.012555692537831	   0.000149304325761	   0.011964366873184	   0.000319404368170	   0.000122616970716
   2.814671085906746	   0.011785068145966	   0.000145590725706	   0.011222934436599	   0.000298912173190	   0.000117630810471
   2.924899358632921	   0.011301472520399	   0.000134296992050	   0.010767077087341	   0.000285004182768	   0.000115094258240
   3.038312774149804	   0.010292110310641	   0.000177647746879	   0.009746932468164	   0.000257157049825	   0.000110373045773
   3.155003369956905	   0.009528279311601	   0.000163434210400	   0.009049625763437	   0.000237273897515	   0.000077945440249
   3.275065843058154	   0.009104783828158	   0.000285258258702	   0.008485268604825	   0.000221011187415	   0.000113245777215
   3.398597626810607	   0.007895155859732	   0.000340870885500	   0.007272783871256	   0.000196070976737	   0.000085430126238
   3.525698969993787	   0.008448283104838	   0.000463569871115	   0.007675537211605	   0.000204873853676	   0.000104302168442
   3.656473018163779	   0.007997693335826	   0.000527165172813	   0.007177467843412	   0.000192368134295	   0.000100692185306
   3.791025897358140	   0.007607163638974	   0.000602907234971	   0.006724263536072	   0.000181119435303	   0.000098873432628
   3.929466800219529	   0.007535992151496	   0.000662795729005	   0.006601589830213	   0.000176342875022	   0.000095263717256
   4.071908074607951	   0.007252990837790	   0.000723561528656	   0.006267488550258	   0.000168034346847	   0.000093906412028
   4.218465314773542	   0.007137397311665	   0.000803525560697	   0.006080623991694	   0.000162645881541	   0.000090601877733
   4.369257455163862	   0.006948704828418	   0.000871653729059	   0.005832261349205	   0.000156043890293	   0.000088745859861
   4.524406866941830	   0.006736876367418	   0.000921482557935	   0.005579597078092	   0.000148833560727	   0.000086963170663
   4.684039457292635	   0.006508567323146	   0.000969965041084	   0.005314678018498	   0.000141433772726	   0.000082490490838
   4.848284771600217	   0.006249918520811	   0.001013742270153	   0.005019826664852	   0.000133772356037	   0.000082577229769
   5.017276098576197	   0.006079986957354	   0.001060164688732	   0.004809646775178	   0.000127850870951	   0.000082324622492
   5.191150578426639	   0.005845449789563	   0.001103211435376	   0.004541546532867	   0.000120569051997	   0.000080122769323
   5.370049314144351	   0.005635563523443	   0.001139299903879	   0.004304080495359	   0.000114219575113	   0.000077963549093
   5.554117486017097	   0.005423613675510	   0.001171423382567	   0.004066686912109	   0.000107866902650	   0.000077636478185
   5.743504469444626	   0.005223530357425	   0.001196328050742	   0.003846669596589	   0.000102031211451	   0.000078501498643
   5.938363956160092	   0.005005668922391	   0.001210116396022	   0.003622647584981	   0.000096096615672	   0.000076808325717
   6.138854078954332	   0.004789931452552	   0.001211733095413	   0.003412412126644	   0.000090581760322	   0.000075204470172
   6.345137540004107	   0.004536696055077	   0.001217589734536	   0.003159908206967	   0.000084195894937	   0.000075002218637
   6.557381742908535	   0.004366486485460	   0.001227125389894	   0.002985625582561	   0.000079705340375	   0.000074030172629
   6.775758928540808	   0.004195347875715	   0.001228363228737	   0.002819018866563	   0.000075423415782	   0.000072542364632
   7.000446314825505	   0.004040555703439	   0.001230888893692	   0.002665222055479	   0.000071619185465	   0.000072825568803
   7.231626240554826	   0.003896823462111	   0.001230100397841	   0.002525819838523	   0.000068036607331	   0.000072866618416
   7.469486313360592	   0.003790601410074	   0.001228180952116	   0.002423105372086	   0.000065700301544	   0.000073614784327
   7.714219561961972	   0.003676542591662	   0.001225032027528	   0.002315164124261	   0.000062929044039	   0.000073417395834
   7.966024592812593	   0.003585323835449	   0.001220620818108	   0.002231218839410	   0.000060693529805	   0.000072790648127
   8.225105751274045	   0.003492098787821	   0.001217566401039	   0.002142746990841	   0.000058256606747	   0.000073528789194
   8.491673287446705	   0.003448857463908	   0.001218957809649	   0.002097990152098	   0.000057063134045	   0.000074846368116
   8.765943526792318	   0.003304643036341	   0.001208200877805	   0.001966747777713	   0.000053928515851	   0.000075765864972
   9.048139045686920	   0.003378528342516	   0.001222359078981	   0.002025382558606	   0.000054792627065	   0.000075994077864
   9.338488852046499	   0.003339914164220	   0.001219396570468	   0.001990812320143	   0.000053915257815	   0.000075790015795
   9.637228571171983	   0.003315094595988	   0.001217228610898	   0.001968859712273	   0.000053289344647	   0.000075716928170
   9.944600636964415	   0.003267728012697	   0.001212069382470	   0.001927479786528	   0.000052150434662	   0.000076028409037
  10.260854488665400	   0.003222592277671	   0.001208798510345	   0.001886311751692	   0.000051007208987	   0.000076474806648
  10.586246773282603	   0.003179877920184	   0.001205774906165	   0.001847198844346	   0.000049972718369	   0.000076931451304
  10.921041553864477	   0.003132733140996	   0.001196594299655	   0.001809941337212	   0.000048959986717	   0.000077237517412
  11.265510523793269	   0.003104039835026	   0.001201032934931	   0.001777437120286	   0.000048007837082	   0.000077561942726
  11.619933227270224	   0.003061299199449	   0.001194545985722	   0.001741545689174	   0.000047031241071	   0.000078176283482
  11.984597286171908	   0.003021489161499	   0.001188724912571	   0.001707958023755	   0.000046121529780	   0.000078684695393
  12.359798633461725	   0.002977632529629	   0.001180310543940	   0.001672646112943	   0.000045165664736	   0.000079510208011
  12.745841753346063	   0.002937030454244	   0.001173692572317	   0.001639395924399	   0.000044300500503	   0.000079641457025
  13.143039928369985	   0.002893591377728	   0.001166480482682	   0.001603611443066	   0.000043395914357	   0.000080103537623
  13.551715493652951	   0.002867685112424	   0.001158221713461	   0.001586130648868	   0.000042852120170	   0.000080480629924
  13.972200098470935	   0.002862498921604	   0.001159993637728	   0.001579153540587	   0.000042505190649	   0.000080846552640
  14.404834975397117	   0.002825185963199	   0.001151599697700	   0.001550940729638	   0.000041732734673	   0.000080912801187
  14.849971217219700	   0.002789035180769	   0.001142892222143	   0.001523673201349	   0.000040980219408	   0.000081489537869
  15.307970061861486	   0.002753570018810	   0.001134090933067	   0.001497423196292	   0.000040253740978	   0.000081802148473
  15.779203185532456	   0.002719179806155	   0.001125552368845	   0.001471866271499	   0.000039540884714	   0.000082220281097
  16.264053004353240	   0.002685076367629	   0.001116360862762	   0.001446951453478	   0.000038839277532	   0.000082924773856
  16.762912984694282	   0.002650837243606	   0.001106666015370	   0.001422272189112	   0.000038148971168	   0.000083750067956
  17.276187962482517	   0.002622900173604	   0.001102936032137	   0.001398422790094	   0.000037460795183	   0.000084080556189
  17.804294471734682	   0.002587982164816	   0.001092743979344	   0.001373939015544	   0.000036777852371	   0.000084521317557
  18.347661082583901	   0.002553471884529	   0.001082464823997	   0.001349888960907	   0.000036103314613	   0.000085014785012
  18.906728749073878	   0.002518791852233	   0.001072232409090	   0.001326112539145	   0.000035438730503	   0.000085008173496
  19.481951167002819	   0.002486767218858	   0.001064341041228	   0.001302412483361	   0.000034768612418	   0.000085245081851
  20.073795142107674	   0.002453642230332	   0.001054541893745	   0.001279213027294	   0.000034093589569	   0.000085793719724
  20.682740968887291	   0.002418372310316	   0.001043513040365	   0.001255050423898	   0.000033418620030	   0.000086390226023
  21.309282820372090	   0.002387415155982	   0.001036128135617	   0.001231491677096	   0.000032749459065	   0.000087045884205
  21.953929149156366	   0.002351714979505	   0.001024589675042	   0.001207233581871	   0.000032071019878	   0.000087820702715
  22.617203100018923	   0.002315551210915	   0.001012732505611	   0.001182919511373	   0.000031390298869	   0.000088508895062
  23.299642934466547	   0.002280437875905	   0.001001387648142	   0.001158947650304	   0.000030725940743	   0.000089376636717
  24.001802467545247	   0.002245980274600	   0.000990878402118	   0.001134931623084	   0.000030049826343	   0.000090120423055
  24.724251517273323	   0.002208946712767	   0.000978722611059	   0.001110145214249	   0.000029356241218	   0.000090722646241
  25.467576367061440	   0.002173243822260	   0.000966775617728	   0.001085938339350	   0.000028688944573	   0.000091840920610
  26.232380241494525	   0.002140282169009	   0.000956324949624	   0.001062756783791	   0.000028030350242	   0.000093170085351
  27.019283795861874	   0.002100897613956	   0.000942989000179	   0.001036606359173	   0.000027274402889	   0.000094027851716
  27.828925619832713	   0.002064860910686	   0.000930106634682	   0.001012735278422	   0.000026612367935	   0.000095406629647
  28.661962755685852	   0.002034559264984	   0.000918388931263	   0.000992436187945	   0.000026022198327	   0.000097711947450
  29.519071231514047	   0.001998986548278	   0.000905763218268	   0.000968657760831	   0.000025265696825	   0.000099299872354
  30.400946609835739	   0.001964939113749	   0.000892934852189	   0.000947235623151	   0.000024656254462	   0.000100112383947
  31.308304552059560	   0.001937196696051	   0.000881266598404	   0.000928596146048	   0.000024117027047	   0.000103216924553
  32.241881399259285	   0.001899204156396	   0.000867728611236	   0.000901234710865	   0.000023228786451	   0.000107012047844
  33.202434769730999	   0.001861576225925	   0.000853687399172	   0.000878098074698	   0.000022589765772	   0.000107200986283
  34.190744173817144	   0.001829073248163	   0.000839320356434	   0.000857595955078	   0.000022044148496	   0.000110112788155
  35.207611646496368	   0.001783852775569	   0.000819593771280	   0.000825276830570	   0.000021074928125	   0.000117907245596
  36.253862398252807	   0.001747581680881	   0.000805935015774	   0.000803409552550	   0.000020460985543	   0.000117776127013
  37.330345484752499	   0.001715607491722	   0.000792199768449	   0.000784085765877	   0.000019960684569	   0.000119361272827
  38.437934495871005	   0.001676058649762	   0.000771831590186	   0.000752429158337	   0.000019403718775	   0.000132394182464
  39.577528264630907	   0.001640163772488	   0.000757866432509	   0.000731313871452	   0.000018809947240	   0.000132173521287
  40.750051596624701	   0.001605573471051	   0.000744415071279	   0.000710596517200	   0.000018214363353	   0.000132347519219
  41.956456020515084	   0.001574206500581	   0.000714564633330	   0.000690443792156	   0.000017640244059	   0.000151557831037
  43.197720560221484	   0.001540432717881	   0.000703104715925	   0.000669228064810	   0.000017034740661	   0.000151065196485
  44.474852529419636	   0.001504172980742	   0.000688972759700	   0.000647895665370	   0.000016443938890	   0.000150860616781
  45.788888348999080	   0.001473608617219	   0.000677931938004	   0.000627714102078	   0.000015871590566	   0.000152090986571
  47.140894388141525	   0.001436481847344	   0.000664278008429	   0.000606237085781	   0.000015263890327	   0.000150702862808
  48.531967829703191	   0.001399557767827	   0.000650402498212	   0.000585020652818	   0.000014683431991	   0.000149451184806
  49.963237560602892	   0.001366307098069	   0.000635495459699	   0.000565070108280	   0.000014127367242	   0.000151614162847
  51.435865087938907	   0.001328757140136	   0.000621638559603	   0.000543541929472	   0.000013513354285	   0.000150063296775
  52.951045481577594	   0.001289524197606	   0.000605789452827	   0.000522587281789	   0.000012964757536	   0.000148182705455
  54.510008343979123	   0.001260950140665	   0.000592912699492	   0.000503286198569	   0.000012422001750	   0.000152329240854
  56.114018808047234	   0.001222440892150	   0.000577420519944	   0.000482658594958	   0.000011865443465	   0.000150496333783
  57.764378563812329	   0.001185639997166	   0.000563267331147	   0.000462768351643	   0.000011332501420	   0.000148271812956
  59.462426914782107	   0.001154449313363	   0.000546879481750	   0.000443426941853	   0.000010785943067	   0.000153356946693
  61.209541864815861	   0.001118529760897	   0.000533324794218	   0.000423135948952	   0.000010224554841	   0.000151844462885
  63.007141236405005	   0.001082449727699	   0.000519148788582	   0.000403920023673	   0.000009714777270	   0.000149666138174
  64.856683821267822	   0.001060491770945	   0.000509718410153	   0.000384480933601	   0.000009153171411	   0.000157139255779
  66.759670564190785	   0.001023763606428	   0.000496241372822	   0.000363547288625	   0.000008592974570	   0.000155381970411
  68.717645781079014	   0.000988492363928	   0.000481582387920	   0.000345970260802	   0.000008143722701	   0.000152795992505
  70.732198412202351	   0.000961463456469	   0.000466180970723	   0.000324645847001	   0.000007594402163	   0.000163042236582
  72.804963311656010	   0.000924453316506	   0.000451520615723	   0.000304703181728	   0.000007095821843	   0.000161133697212
  74.937622574080706	   0.000894474004154	   0.000438945747377	   0.000290530901681	   0.000006742619146	   0.000158254735950
  77.131906899719596	   0.000869979922896	   0.000423339884074	   0.000267380643898	   0.000006424104101	   0.000172835290824
  79.389596998920211	   0.000839350888171	   0.000409992566486	   0.000252641143105	   0.000006120432805	   0.000170596745774
  81.712525037219976	   0.000811283878101	   0.000397278672427	   0.000241044935967	   0.000005824964347	   0.000167135305360
  84.102576122189461	   0.000782821864321	   0.000359020176955	   0.000229525263999	   0.000005536216553	   0.000188740206815
  86.561689833238859	   0.000757791879789	   0.000348915458673	   0.000218779384654	   0.000005257420033	   0.000184839616429
  89.091861795629356	   0.000731693347219	   0.000338170418056	   0.000208031601701	   0.000004985275243	   0.000180506052219
  91.695145299967734	   0.000707198538582	   0.000328394187578	   0.000197736370659	   0.000004723721271	   0.000176344259074
  94.373652968496771	   0.000681419628177	   0.000317255698843	   0.000187656190710	   0.000004470612666	   0.000172037125958
  97.129558469535269	   0.000655785955840	   0.000306054678236	   0.000177917015557	   0.000004226580118	   0.000167587681929
  99.965098281458040	   0.000630924292825	   0.000295308173531	   0.000168537920134	   0.000003990772830	   0.000163087426330
 102.882573507647322	   0.000606842213357	   0.000285083787756	   0.000159424686932	   0.000003762534099	   0.000158571204569
 105.884351743889738	   0.000583813426338	   0.000275584057551	   0.000150758227391	   0.000003544474689	   0.000153926666708
 108.972868999732071	   0.000559789766198	   0.000265087236771	   0.000142147496686	   0.000003334335029	   0.000149220697711
 112.150631675357559	   0.000536499675981	   0.000254763385711	   0.000134036673798	   0.000003134822190	   0.000144564794282
 115.420218595584998	   0.000513317368178	   0.000244503936924	   0.000126175109696	   0.000002941999629	   0.000139696321929
 118.784283102641851	   0.000491379603749	   0.000234905058950	   0.000118683819648	   0.000002758656836	   0.000135032068316
 122.245555209410981	   0.000469996531250	   0.000225493733061	   0.000111562484435	   0.000002585521699	   0.000130354792056
 125.806843814895657	   0.000446207354919	   0.000213826703710	   0.000104602489304	   0.000002420460715	   0.000125357701190
 129.471038983704346	   0.000425653456998	   0.000204338774357	   0.000098125907593	   0.000002265469740	   0.000120923305308
 133.241114291401544	   0.000404172182372	   0.000193820597914	   0.000091950984796	   0.000002118950570	   0.000116281649092
 137.120129237630067	   0.000383813124006	   0.000183906870694	   0.000086058130132	   0.000001978470542	   0.000111869652638
 141.111231728963531	   0.000366360507211	   0.000176073472428	   0.000080647247561	   0.000001844955664	   0.000107794831558
 145.217660633501509	   0.000348361791202	   0.000167728724500	   0.000075380158610	   0.000001717187537	   0.000103535720555
 149.442748409283439	   0.000333145354012	   0.000161629024402	   0.000070403896146	   0.000001595439578	   0.000099516993886
 153.789923808651281	   0.000316923460731	   0.000154368859363	   0.000065636584962	   0.000001480114382	   0.000095437902024
 158.262714660759030	   0.000300541313764	   0.000146662527782	   0.000061060114426	   0.000001370206852	   0.000091448464705
 162.864750734483721	   0.000284815436504	   0.000139301089115	   0.000056740402365	   0.000001265902508	   0.000087508042516
 167.599766684062956	   0.000270010215962	   0.000132508325357	   0.000052625698475	   0.000001167176665	   0.000083709015466
 172.471605079850434	   0.000255744831918	   0.000126050328184	   0.000048704190061	   0.000001073693701	   0.000079916619973
 177.484219526645859	   0.000241721654730	   0.000119462421530	   0.000044988168917	   0.000000985467055	   0.000076285597228
 182.641677872133812	   0.000227851878505	   0.000112715357818	   0.000041449284071	   0.000000902094743	   0.000072785141873
 187.948165508031963	   0.000214845611428	   0.000106518248315	   0.000038115049169	   0.000000823157289	   0.000069389156654
 193.407988766628506	   0.000203016924780	   0.000101146374538	   0.000034941997041	   0.000000748296542	   0.000066180256658
 199.025578415467606	   0.000191795197783	   0.000096091118901	   0.000031955007640	   0.000000677795771	   0.000063071275471
 204.805493253013822	   0.000180517639327	   0.000090809212329	   0.000029087322926	   0.000000611126017	   0.000060009978055
 210.752423808219334	   0.000169678673100	   0.000085621117311	   0.000026398707961	   0.000000548309806	   0.000057110538022
 216.871196146991878	   0.000159301417801	   0.000080709567810	   0.000023824571027	   0.000000489703826	   0.000054277575139
 223.166775788653098	   0.000149519878510	   0.000076132617145	   0.000021413444306	   0.000000434428714	   0.000051539388344
 229.644271735569305	   0.000140115367139	   0.000071603153334	   0.000019080580381	   0.000000383377040	   0.000049048256384
 236.308940619218248	   0.000131070612458	   0.000067211898012	   0.000017010285384	   0.000000337028614	   0.000046511400447
 243.166190966063510	   0.000122064372429	   0.000062818462495	   0.000014801808976	   0.000000292111851	   0.000044151989107
 250.221587586692891	   0.000114645864165	   0.000058924671889	   0.000013226053020	   0.000000257634600	   0.000042237504656
 257.480856091785029	   0.000105647706332	   0.000054694534316	   0.000011032020867	   0.000000219489274	   0.000039701661876
 264.949887538570579	   0.000099760493777	   0.000051249064620	   0.000010021576876	   0.000000197715251	   0.000038292137029
 272.634743211554110	   0.000091606757234	   0.000046784335679	   0.000008105026679	   0.000000177734195	   0.000036539660681
 280.541659541382273	   0.000085293513647	   0.000043691617260	   0.000007306147205	   0.000000159607788	   0.000034136141394
 288.677053165845052	   0.000079128561350	   0.000037966824487	   0.000006568269147	   0.000000143052321	   0.000034450415395
 297.047526137118098	   0.000073653236454	   0.000035501376929	   0.000005899783114	   0.000000127947828	   0.000032124128584
 305.659871279476704	   0.000068349996279	   0.000033036161819	   0.000005292072018	   0.000000114374637	   0.000029907387804
 314.521077701820843	   0.000062904842781	   0.000030320036350	   0.000004730214285	   0.000000102166717	   0.000027752425429
 323.638336469493936	   0.000058020264988	   0.000027945622758	   0.000004230142875	   0.000000091182610	   0.000025753316745
 333.019046439990916	   0.000053708906490	   0.000025973715267	   0.000003776845399	   0.000000081086105	   0.000023877259720
 342.670820267293834	   0.000049990519684	   0.000024359340148	   0.000003378132065	   0.000000072069034	   0.000022180978437
 352.601490579711538	   0.000045855070273	   0.000022323862429	   0.000003001795557	   0.000000063940199	   0.000020465472088
 362.819116336228660	   0.000042155676578	   0.000020530353194	   0.000002669504976	   0.000000056722211	   0.000018899096196
 373.331989366531559	   0.000038623582201	   0.000018799881776	   0.000002367960945	   0.000000050212735	   0.000017405526745
 384.148641100010821	   0.000035516080505	   0.000017314460575	   0.000002102657546	   0.000000044427582	   0.000016054534802
 395.277849489204300	   0.000032402507577	   0.000015734091211	   0.000001860722087	   0.000000039305934	   0.000014768388345
 406.728646133302504	   0.000029640570766	   0.000014383591600	   0.000001645452445	   0.000000034691366	   0.000013576835356
 418.510323607488203	   0.000027382679125	   0.000013387924993	   0.000001456015899	   0.000000030524304	   0.000012508213929
 430.632443004070865	   0.000025219030382	   0.000012407797920	   0.000001285888555	   0.000000026811964	   0.000011498531943
 443.104841691520960	   0.000023053767061	   0.000011372559208	   0.000001131226252	   0.000000023507702	   0.000010526473899
 455.937641297715857	   0.000021082519729	   0.000010445800617	   0.000000993789741	   0.000000020559474	   0.000009622369898
 469.141255923863469	   0.000019278775991	   0.000009605126954	   0.000000871816216	   0.000000017940260	   0.000008783892561
 482.726400595775146	   0.000017553047959	   0.000008777612474	   0.000000762829621	   0.000000015628725	   0.000007996977139
 496.704099959349207	   0.000015929614368	   0.000007988944024	   0.000000665742645	   0.000000013586515	   0.000007261341183
 511.085697227312266	   0.000014462830011	   0.000007285386158	   0.000000580251173	   0.000000011783996	   0.000006585408684
 525.882863384490292	   0.000013104966106	   0.000006629163925	   0.000000504737353	   0.000000010200078	   0.000005960864752
 541.107606659070711	   0.000011833732062	   0.000006005231464	   0.000000437929907	   0.000000008812144	   0.000005381758546
 556.772282267543233	   0.000010661014499	   0.000005423912529	   0.000000379257388	   0.000000007601398	   0.000004850243184
 572.889602441236434	   0.000009581369233	   0.000004884266194	   0.000000327812731	   0.000000006545009	   0.000004362745300
 589.472646742570191	   0.000008610132509	   0.000004402671223	   0.000000282815353	   0.000000005623902	   0.000003919022029
 606.534872679413866	   0.000007729808838	   0.000003965392852	   0.000000243540762	   0.000000004823514	   0.000003516051711
 624.090126626151346	   0.000006932017015	   0.000003572112759	   0.000000209306328	   0.000000004125282	   0.000003146472645
 642.152655060318466	   0.000006225577984	   0.000003229280982	   0.000000179510082	   0.000000003517820	   0.000002813269100
 660.737116123939131	   0.000005559186291	   0.000002896080101	   0.000000153622958	   0.000000002995860	   0.000002506487371
 679.858591518928051	   0.000004951447633	   0.000002592603676	   0.000000130983125	   0.000000002541447	   0.000002225319386
 699.532598746229382	   0.000004396042606	   0.000002307303786	   0.000000111668121	   0.000000002157692	   0.000001974913007
 719.775103698611815	   0.000003853879300	   0.000002015342953	   0.000000094657039	   0.000000001829594	   0.000001742049714
 740.602533617341351	   0.000003410283196	   0.000001787768087	   0.000000080408507	   0.000000001547336	   0.000001540559266
 762.031790423256780	   0.000003022198855	   0.000001590695592	   0.000000068247515	   0.000000001306104	   0.000001361949644
 784.080264433047546	   0.000002666515710	   0.000001407143647	   0.000000057749410	   0.000000001100356	   0.000001200522297
 806.765848471885533	   0.000002352165139	   0.000001246145710	   0.000000048774539	   0.000000000924324	   0.000001056320566
 830.106952393847109	   0.000002073843118	   0.000001103772583	   0.000000041128305	   0.000000000774657	   0.000000928167574
 854.122518021915312	   0.000001819882583	   0.000000971736112	   0.000000034571110	   0.000000000647832	   0.000000812927529
 878.832034519694730	   0.000001595818397	   0.000000855785925	   0.000000028993266	   0.000000000540077	   0.000000710499129
 904.255554207292789	   0.000001397320939	   0.000000752708047	   0.000000024270012	   0.000000000449276	   0.000000619893604
 930.413708834228146	   0.000001218344714	   0.000000658736738	   0.000000020246814	   0.000000000372662	   0.000000538988501
 957.327726322546596	   0.000001061351441	   0.000000576401039	   0.000000016857789	   0.000000000308340	   0.000000467784273
 985.019447993754852	   0.000000922194498	   0.000000503092138	   0.000000013995295	   0.000000000254302	   0.000000404852764
1013.511346293535780	   0.000000798803446	   0.000000437482475	   0.000000011590570	   0.000000000209344	   0.000000349521057
1042.826543028632614	   0.000000690474555	   0.000000379976423	   0.000000009566954	   0.000000000171597	   0.000000300759581
1072.988828130713273	   0.000000595448047	   0.000000328963713	   0.000000007884532	   0.000000000140538	   0.000000258459264
1104.022678962420287	   0.000000511360319	   0.000000283828393	   0.000000006467288	   0.000000000114483	   0.000000220950155
1135.953280181299306	   0.000000438609829	   0.000000244193333	   0.000000005303230	   0.000000000093338	   0.000000189019928
1168.806544177704154	   0.000000370627007	   0.000000205730895	   0.000000004322534	   0.000000000076006	   0.000000160497572
1202.609132103271577	   0.000000316639694	   0.000000176397016	   0.000000003525093	   0.000000000061610	   0.000000136655974
1237.388475507045314	   0.000000270625377	   0.000000151356741	   0.000000002871761	   0.000000000049872	   0.000000116347004
1273.172798596775920	   0.000000230539404	   0.000000129637598	   0.000000002328276	   0.000000000040123	   0.000000098533407
1309.991141143499590	   0.000000197605482	   0.000000112206422	   0.000000001885968	   0.000000000032120	   0.000000083480971
1347.873382047951964	   0.000000167402623	   0.000000095648775	   0.000000001518734	   0.000000000025632	   0.000000070209481
1386.850263587954032	   0.000000140891732	   0.000000080915043	   0.000000001217120	   0.000000000020364	   0.000000058739205
1426.953416366460715	   0.000000118163795	   0.000000068194587	   0.000000000972446	   0.000000000016136	   0.000000048980626
1468.215384980486078	   0.000000098751519	   0.000000057293651	   0.000000000773349	   0.000000000012716	   0.000000040671802
1510.669654431772869	   0.000000082264033	   0.000000047965085	   0.000000000613593	   0.000000000010005	   0.000000033675349
1554.350677300611778	   0.000000068230241	   0.000000040003534	   0.000000000483939	   0.000000000007817	   0.000000027734950
1599.293901704867267	   0.000000056419068	   0.000000033236321	   0.000000000381299	   0.000000000006110	   0.000000022795337
1645.535800066920501	   0.000000046373160	   0.000000027467533	   0.000000000298014	   0.000000000004733	   0.000000018602880
1693.113898711837692	   0.000000037841754	   0.000000022423991	   0.000000000233288	   0.000000000003693	   0.000000015180783
1742.066808320824975	   0.000000030531112	   0.000000018087569	   0.000000000180526	   0.000000000002852	   0.000000012260166
1792.434255264645572	   0.000000024905487	   0.000000014764739	   0.000000000141116	   0.000000000002218	   0.000000009997414
1844.257113842446870	   0.000000020148965	   0.000000011980223	   0.000000000108910	   0.000000000001701	   0.000000008058132
1897.577439452170211	   0.000000016562381	   0.000000009908934	   0.000000000084961	   0.000000000001311	   0.000000006567176
1952.438502719424378	   0.000000013317125	   0.000000007992072	   0.000000000065145	   0.000000000000998	   0.000000005258909
2008.884824612568991	   0.000000010839606	   0.000000006543882	   0.000000000050332	   0.000000000000761	   0.000000004244631
2066.962212572464068	   0.000000008662361	   0.000000005246816	   0.000000000038330	   0.000000000000575	   0.000000003376640
2126.717797686213089	   0.000000006980462	   0.000000004252648	   0.000000000029308	   0.000000000000434	   0.000000002698072
2188.200072935102071	   0.000000005547616	   0.000000003393575	   0.000000000022157	   0.000000000000325	   0.000000002131560
2251.458932547709992	   0.000000004423565	   0.000000002721328	   0.000000000016759	   0.000000000000243	   0.000000001685236
2316.545712490196365	   0.000000003489663	   0.000000002156674	   0.000000000012561	   0.000000000000180	   0.000000001320248
2383.513232126565981	   0.000000002752092	   0.000000001710299	   0.000000000009395	   0.000000000000133	   0.000000001032265
2452.415837082751750	   0.000000002151424	   0.000000001343435	   0.000000000006974	   0.000000000000097	   0.000000000800918
2523.309443349305639	   0.000000001676606	   0.000000001052423	   0.000000000005156	   0.000000000000071	   0.000000000618957
2596.251582658446296	   0.000000001297623	   0.000000000818606	   0.000000000003786	   0.000000000000051	   0.000000000475180
2671.301449172356115	   0.000000000999678	   0.000000000633938	   0.000000000002766	   0.000000000000037	   0.000000000362938
2748.519947520530422	   0.000000000765217	   0.000000000487776	   0.000000000002007	   0.000000000000026	   0.000000000275408
2827.969742225257505	   0.000000000582437	   0.000000000373217	   0.000000000001448	   0.000000000000019	   0.000000000207754
2909.715308555253614	   0.000000000440406	   0.000000000283719	   0.000000000001037	   0.000000000000013	   0.000000000155638
2993.822984848768556	   0.000000000330901	   0.000000000214310	   0.000000000000738	   0.000000000000009	   0.000000000115844
3080.361026348630730	   0.000000000246862	   0.000000000160771	   0.000000000000521	   0.000000000000006	   0.000000000085564
3169.399660592879627	   0.000000000182895	   0.000000000119758	   0.000000000000365	   0.000000000000004	   0.000000000062767
3261.011144405973482	   0.000000000134436	   0.000000000088546	   0.000000000000254	   0.000000000000003	   0.000000000045633
3355.269822536785341	   0.000000000098086	   0.000000000064961	   0.000000000000175	   0.000000000000002	   0.000000000032948
3452.252187991046867	   0.000000000070878	   0.000000000047234	   0.000000000000119	   0.000000000000001	   0.000000000023523
3552.036944107091585	   0.000000000050797	   0.000000000034026	   0.000000000000081	   0.000000000000001	   0.000000000016689
3654.705068425367699	   0.000000000036007	   0.000000000024284	   0.000000000000054	   0.000000000000001	   0.000000000011668
3760.339878403509374	   0.000000000025331	   0.000000000017162	   0.000000000000036	   0.000000000000000	   0.000000000008132
3869.027099030277441	   0.000000000017567	   0.000000000012001	   0.000000000000023	   0.000000000000000	   0.000000000005542
3980.854932393318904	   0.000000000012112	   0.000000000008299	   0.000000000000015	   0.000000000000000	   0.000000000003798
4095.914129257097557	   0.000000000008176	   0.000000000005667	   0.000000000000010	   0.000000000000000	   0.000000000002499
4214.298062709161059	   0.000000000005526	   0.000000000003825	   0.000000000000006	   0.000000000000000	   0.000000000001694
4336.102803934437361	   0.000000000003613	   0.000000000002554	   0.000000000000004	   0.000000000000000	   0.000000000001055
4461.427200179180545	   0.000000000002356	   0.000000000001631	   0.000000000000002	   0.000000000000000	   0.000000000000722
4590.372954967662736	   0.000000000001447	   0.000000000001047	   0.000000000000001	   0.000000000000000	   0.000000000000399
4723.044710636855598	   0.000000000001017	   0.000000000000708	   0.000000000000001	   0.000000000000000	   0.000000000000309
4859.550133256005211	   0.000000000000612	   0.000000000000485	   0.000000000000000	   0.000000000000000	   0.000000000000127
5000.000000000002728	   0.000000000000630	   0.000000000000499	   0.000000000000000	   0.000000000000000	   0.000000000000131
